#! /c/Source/iverilog-install/bin/vvp
:ivl_version "12.0 (devel)" "(s20150603-1110-g18392a46)";
:ivl_delay_selection "TYPICAL";
:vpi_time_precision - 11;
:vpi_module "D:\iVerilog\lib\ivl\system.vpi";
:vpi_module "D:\iVerilog\lib\ivl\vhdl_sys.vpi";
:vpi_module "D:\iVerilog\lib\ivl\vhdl_textio.vpi";
:vpi_module "D:\iVerilog\lib\ivl\v2005_math.vpi";
:vpi_module "D:\iVerilog\lib\ivl\va_math.vpi";
S_0000020f957bb820 .scope module, "pro_tb1" "pro_tb1" 2 2;
 .timescale -9 -11;
v0000020f95c08ac0_0 .var "addr", 31 0;
v0000020f95c09920_0 .net "cc", 2 0, L_0000020f95c64690;  1 drivers
v0000020f95c099c0_0 .var "clock", 0 0;
v0000020f95c09560_0 .var "flg", 0 0;
v0000020f95c09d80_0 .net "r0", 31 0, v0000020f95bfe0d0_0;  1 drivers
v0000020f95c09600_0 .net "r1", 31 0, v0000020f95bfe530_0;  1 drivers
v0000020f95c09f60_0 .net "r2", 31 0, v0000020f95bfe5d0_0;  1 drivers
v0000020f95c08ca0_0 .net "r3", 31 0, v0000020f95bfe670_0;  1 drivers
v0000020f95c091a0_0 .net "r4", 31 0, v0000020f95bfd6d0_0;  1 drivers
v0000020f95c096a0_0 .net "r5", 31 0, v0000020f95bfe710_0;  1 drivers
v0000020f95c08de0_0 .net "r6", 31 0, v0000020f95bfd8b0_0;  1 drivers
v0000020f95c08f20_0 .net "r7", 31 0, v0000020f95bfe8f0_0;  1 drivers
v0000020f95c08d40_0 .var "rID", 3 0;
v0000020f95c09a60_0 .net "rdata", 31 0, L_0000020f95c71b30;  1 drivers
v0000020f95c09060_0 .net "valE", 31 0, L_0000020f95c789f0;  1 drivers
v0000020f95c088e0_0 .var "wdata", 31 0;
v0000020f95c09100_0 .var "working", 0 0;
v0000020f95c08e80_0 .var "wr", 0 0;
S_0000020f957bb9b0 .scope module, "processor" "processor" 2 21, 3 3 0, S_0000020f957bb820;
 .timescale -9 -11;
    .port_info 0 /INPUT 1 "clock";
    .port_info 1 /INPUT 32 "addr";
    .port_info 2 /INPUT 1 "wr";
    .port_info 3 /INPUT 32 "wdata";
    .port_info 4 /INPUT 1 "working";
    .port_info 5 /INPUT 4 "rID";
    .port_info 6 /OUTPUT 32 "valE";
    .port_info 7 /OUTPUT 32 "r0";
    .port_info 8 /OUTPUT 32 "r1";
    .port_info 9 /OUTPUT 32 "r2";
    .port_info 10 /OUTPUT 32 "r3";
    .port_info 11 /OUTPUT 32 "r4";
    .port_info 12 /OUTPUT 32 "r5";
    .port_info 13 /OUTPUT 32 "r6";
    .port_info 14 /OUTPUT 32 "r7";
    .port_info 15 /OUTPUT 32 "rdata";
    .port_info 16 /OUTPUT 3 "cc";
P_0000020f957baec0 .param/l "ADD" 0 3 33, C4<00100000>;
P_0000020f957baef8 .param/l "AND" 0 3 35, C4<00100010>;
P_0000020f957baf30 .param/l "CMOVE" 0 3 40, C4<00110011>;
P_0000020f957baf68 .param/l "CMOVG" 0 3 43, C4<00110110>;
P_0000020f957bafa0 .param/l "CMOVGE" 0 3 42, C4<00110101>;
P_0000020f957bafd8 .param/l "CMOVL" 0 3 39, C4<00110010>;
P_0000020f957bb010 .param/l "CMOVLE" 0 3 38, C4<00110001>;
P_0000020f957bb048 .param/l "CMOVNE" 0 3 41, C4<00110100>;
P_0000020f957bb080 .param/l "HALT" 0 3 31, C4<00010001>;
P_0000020f957bb0b8 .param/l "IRMOV" 0 3 30, C4<00010000>;
P_0000020f957bb0f0 .param/l "JE" 0 3 47, C4<01110011>;
P_0000020f957bb128 .param/l "JG" 0 3 50, C4<01110110>;
P_0000020f957bb160 .param/l "JGE" 0 3 49, C4<01110101>;
P_0000020f957bb198 .param/l "JL" 0 3 46, C4<01110010>;
P_0000020f957bb1d0 .param/l "JLE" 0 3 45, C4<01110001>;
P_0000020f957bb208 .param/l "JMP" 0 3 44, C4<01110000>;
P_0000020f957bb240 .param/l "JNE" 0 3 48, C4<01110100>;
P_0000020f957bb278 .param/l "NOP" 0 3 32, C4<00010010>;
P_0000020f957bb2b0 .param/l "RRMOV" 0 3 37, C4<00110000>;
P_0000020f957bb2e8 .param/l "SUB" 0 3 34, C4<00100001>;
P_0000020f957bb320 .param/l "XOR" 0 3 36, C4<00100011>;
L_0000020f95c6a740 .functor AND 1, L_0000020f95c6fd30, v0000020f95c09100_0, C4<1>, C4<1>;
L_0000020f95c6a350 .functor AND 1, L_0000020f95c6e4d0, v0000020f95c09100_0, C4<1>, C4<1>;
L_0000020f95c6aa50 .functor XOR 1, L_0000020f95c6f510, L_0000020f95c6f5b0, C4<0>, C4<0>;
L_0000020f95c6acf0 .functor OR 1, L_0000020f95c6aa50, L_0000020f95c6ea70, C4<0>, C4<0>;
L_0000020f95c6ad60 .functor AND 1, L_0000020f95c6a350, L_0000020f95c6acf0, C4<1>, C4<1>;
L_0000020f95c6a430 .functor AND 1, L_0000020f95c6df30, v0000020f95c09100_0, C4<1>, C4<1>;
L_0000020f95c6a4a0 .functor XOR 1, L_0000020f95c6f510, L_0000020f95c6f5b0, C4<0>, C4<0>;
L_0000020f95c6a970 .functor AND 1, L_0000020f95c6a430, L_0000020f95c6a4a0, C4<1>, C4<1>;
L_0000020f95c6a9e0 .functor AND 1, L_0000020f95c704b0, v0000020f95c09100_0, C4<1>, C4<1>;
L_0000020f95c6a580 .functor AND 1, L_0000020f95c6a9e0, L_0000020f95c6ea70, C4<1>, C4<1>;
L_0000020f95c6aeb0 .functor AND 1, L_0000020f95c6f830, v0000020f95c09100_0, C4<1>, C4<1>;
L_0000020f95c6add0 .functor NOT 1, L_0000020f95c6ea70, C4<0>, C4<0>, C4<0>;
L_0000020f95c6a5f0 .functor AND 1, L_0000020f95c6aeb0, L_0000020f95c6add0, C4<1>, C4<1>;
L_0000020f95c6aba0 .functor AND 1, L_0000020f95c6f150, v0000020f95c09100_0, C4<1>, C4<1>;
L_0000020f95c6a660 .functor XOR 1, L_0000020f95c6f510, L_0000020f95c6f5b0, C4<0>, C4<0>;
L_0000020f95c6a6d0 .functor NOT 1, L_0000020f95c6a660, C4<0>, C4<0>, C4<0>;
L_0000020f95c6a820 .functor AND 1, L_0000020f95c6aba0, L_0000020f95c6a6d0, C4<1>, C4<1>;
L_0000020f95c6a190 .functor AND 1, L_0000020f95c6fdd0, v0000020f95c09100_0, C4<1>, C4<1>;
L_0000020f95c6a900 .functor XOR 1, L_0000020f95c6f510, L_0000020f95c6f5b0, C4<0>, C4<0>;
L_0000020f95c6aac0 .functor NOT 1, L_0000020f95c6a900, C4<0>, C4<0>, C4<0>;
L_0000020f95c6ab30 .functor NOT 1, L_0000020f95c6ea70, C4<0>, C4<0>, C4<0>;
L_0000020f95c6ac10 .functor AND 1, L_0000020f95c6aac0, L_0000020f95c6ab30, C4<1>, C4<1>;
L_0000020f95c6ac80 .functor AND 1, L_0000020f95c6a190, L_0000020f95c6ac10, C4<1>, C4<1>;
L_0000020f95c789f0 .functor BUFZ 32, L_0000020f95c63b50, C4<00000000000000000000000000000000>, C4<00000000000000000000000000000000>, C4<00000000000000000000000000000000>;
L_0000020f95c77bf0 .functor BUFZ 1, v0000020f95bffd90_0, C4<0>, C4<0>, C4<0>;
v0000020f95bffd90_0 .var "D_halt", 0 0;
v0000020f95bffed0_0 .var "D_icode", 3 0;
v0000020f95bffa70_0 .var "D_ifun", 3 0;
v0000020f95bffc50_0 .var "D_jflg", 0 0;
v0000020f95c001f0_0 .var "D_rA", 3 0;
v0000020f95bffcf0_0 .var "D_rB", 3 0;
v0000020f95c00330_0 .var "D_valA", 31 0;
v0000020f95c00470_0 .var "D_valB", 31 0;
v0000020f95c00150_0 .var "D_valC", 15 0;
v0000020f95c00bf0_0 .var "E_dstE", 3 0;
v0000020f95c00970_0 .var "E_dstM", 3 0;
v0000020f95c00a10_0 .var "E_halt", 0 0;
v0000020f95bff9d0_0 .var "E_valE", 31 0;
v0000020f95c00790_0 .var "E_valM", 31 0;
v0000020f95c00f10_0 .var "F_read", 31 0;
v0000020f95c00c90_0 .var "PC", 31 0;
L_0000020f95c0b4d8 .functor BUFT 1, C4<01110000>, C4<0>, C4<0>, C4<0>;
v0000020f95bff890_0 .net/2u *"_ivl_100", 7 0, L_0000020f95c0b4d8;  1 drivers
v0000020f95c00510_0 .net *"_ivl_102", 0 0, L_0000020f95c6fd30;  1 drivers
v0000020f95bff930_0 .net *"_ivl_105", 0 0, L_0000020f95c6a740;  1 drivers
L_0000020f95c0b520 .functor BUFT 1, C4<01>, C4<0>, C4<0>, C4<0>;
v0000020f95bffe30_0 .net/2s *"_ivl_106", 1 0, L_0000020f95c0b520;  1 drivers
v0000020f95c00290_0 .net *"_ivl_108", 7 0, L_0000020f95c6fbf0;  1 drivers
L_0000020f95c0b568 .functor BUFT 1, C4<01110001>, C4<0>, C4<0>, C4<0>;
v0000020f95c005b0_0 .net/2u *"_ivl_110", 7 0, L_0000020f95c0b568;  1 drivers
v0000020f95bffb10_0 .net *"_ivl_112", 0 0, L_0000020f95c6e4d0;  1 drivers
v0000020f95bffbb0_0 .net *"_ivl_115", 0 0, L_0000020f95c6a350;  1 drivers
v0000020f95c00d30_0 .net *"_ivl_116", 0 0, L_0000020f95c6aa50;  1 drivers
v0000020f95bfff70_0 .net *"_ivl_118", 0 0, L_0000020f95c6acf0;  1 drivers
v0000020f95c00650_0 .net *"_ivl_121", 0 0, L_0000020f95c6ad60;  1 drivers
L_0000020f95c0b5b0 .functor BUFT 1, C4<01>, C4<0>, C4<0>, C4<0>;
v0000020f95c00010_0 .net/2s *"_ivl_122", 1 0, L_0000020f95c0b5b0;  1 drivers
v0000020f95c003d0_0 .net *"_ivl_124", 7 0, L_0000020f95c6f8d0;  1 drivers
L_0000020f95c0b5f8 .functor BUFT 1, C4<01110010>, C4<0>, C4<0>, C4<0>;
v0000020f95c006f0_0 .net/2u *"_ivl_126", 7 0, L_0000020f95c0b5f8;  1 drivers
v0000020f95c00830_0 .net *"_ivl_128", 0 0, L_0000020f95c6df30;  1 drivers
v0000020f95c008d0_0 .net *"_ivl_131", 0 0, L_0000020f95c6a430;  1 drivers
v0000020f95c00dd0_0 .net *"_ivl_132", 0 0, L_0000020f95c6a4a0;  1 drivers
v0000020f95c00ab0_0 .net *"_ivl_135", 0 0, L_0000020f95c6a970;  1 drivers
L_0000020f95c0b640 .functor BUFT 1, C4<01>, C4<0>, C4<0>, C4<0>;
v0000020f95c00b50_0 .net/2s *"_ivl_136", 1 0, L_0000020f95c0b640;  1 drivers
v0000020f95bfb930_0 .net *"_ivl_138", 7 0, L_0000020f95c70050;  1 drivers
L_0000020f95c0b688 .functor BUFT 1, C4<01110011>, C4<0>, C4<0>, C4<0>;
v0000020f95c02ef0_0 .net/2u *"_ivl_140", 7 0, L_0000020f95c0b688;  1 drivers
v0000020f95c01c30_0 .net *"_ivl_142", 0 0, L_0000020f95c704b0;  1 drivers
v0000020f95c03a30_0 .net *"_ivl_145", 0 0, L_0000020f95c6a9e0;  1 drivers
v0000020f95c02630_0 .net *"_ivl_147", 0 0, L_0000020f95c6a580;  1 drivers
L_0000020f95c0b6d0 .functor BUFT 1, C4<01>, C4<0>, C4<0>, C4<0>;
v0000020f95c01690_0 .net/2s *"_ivl_148", 1 0, L_0000020f95c0b6d0;  1 drivers
v0000020f95c01e10_0 .net *"_ivl_150", 7 0, L_0000020f95c70190;  1 drivers
L_0000020f95c0b718 .functor BUFT 1, C4<01110100>, C4<0>, C4<0>, C4<0>;
v0000020f95c01730_0 .net/2u *"_ivl_152", 7 0, L_0000020f95c0b718;  1 drivers
v0000020f95c03b70_0 .net *"_ivl_154", 0 0, L_0000020f95c6f830;  1 drivers
v0000020f95c03c10_0 .net *"_ivl_157", 0 0, L_0000020f95c6aeb0;  1 drivers
v0000020f95c033f0_0 .net *"_ivl_158", 0 0, L_0000020f95c6add0;  1 drivers
v0000020f95c02770_0 .net *"_ivl_161", 0 0, L_0000020f95c6a5f0;  1 drivers
L_0000020f95c0b760 .functor BUFT 1, C4<01>, C4<0>, C4<0>, C4<0>;
v0000020f95c03490_0 .net/2s *"_ivl_162", 1 0, L_0000020f95c0b760;  1 drivers
v0000020f95c014b0_0 .net *"_ivl_164", 7 0, L_0000020f95c70410;  1 drivers
L_0000020f95c0b7a8 .functor BUFT 1, C4<01110101>, C4<0>, C4<0>, C4<0>;
v0000020f95c032b0_0 .net/2u *"_ivl_166", 7 0, L_0000020f95c0b7a8;  1 drivers
v0000020f95c03210_0 .net *"_ivl_168", 0 0, L_0000020f95c6f150;  1 drivers
v0000020f95c03ad0_0 .net *"_ivl_171", 0 0, L_0000020f95c6aba0;  1 drivers
v0000020f95c03670_0 .net *"_ivl_172", 0 0, L_0000020f95c6a660;  1 drivers
v0000020f95c02f90_0 .net *"_ivl_174", 0 0, L_0000020f95c6a6d0;  1 drivers
v0000020f95c01910_0 .net *"_ivl_177", 0 0, L_0000020f95c6a820;  1 drivers
L_0000020f95c0b7f0 .functor BUFT 1, C4<01>, C4<0>, C4<0>, C4<0>;
v0000020f95c03030_0 .net/2s *"_ivl_178", 1 0, L_0000020f95c0b7f0;  1 drivers
v0000020f95c01ff0_0 .net *"_ivl_180", 7 0, L_0000020f95c6f790;  1 drivers
L_0000020f95c0b838 .functor BUFT 1, C4<01110110>, C4<0>, C4<0>, C4<0>;
v0000020f95c01550_0 .net/2u *"_ivl_182", 7 0, L_0000020f95c0b838;  1 drivers
v0000020f95c01b90_0 .net *"_ivl_184", 0 0, L_0000020f95c6fdd0;  1 drivers
v0000020f95c02270_0 .net *"_ivl_187", 0 0, L_0000020f95c6a190;  1 drivers
v0000020f95c017d0_0 .net *"_ivl_188", 0 0, L_0000020f95c6a900;  1 drivers
v0000020f95c023b0_0 .net *"_ivl_190", 0 0, L_0000020f95c6aac0;  1 drivers
v0000020f95c01af0_0 .net *"_ivl_192", 0 0, L_0000020f95c6ab30;  1 drivers
v0000020f95c01cd0_0 .net *"_ivl_194", 0 0, L_0000020f95c6ac10;  1 drivers
v0000020f95c02c70_0 .net *"_ivl_197", 0 0, L_0000020f95c6ac80;  1 drivers
L_0000020f95c0b880 .functor BUFT 1, C4<01>, C4<0>, C4<0>, C4<0>;
v0000020f95c03710_0 .net/2s *"_ivl_198", 1 0, L_0000020f95c0b880;  1 drivers
L_0000020f95c0b2e0 .functor BUFT 1, C4<01>, C4<0>, C4<0>, C4<0>;
v0000020f95c037b0_0 .net/2s *"_ivl_2", 1 0, L_0000020f95c0b2e0;  1 drivers
L_0000020f95c0b8c8 .functor BUFT 1, C4<00>, C4<0>, C4<0>, C4<0>;
v0000020f95c038f0_0 .net/2s *"_ivl_200", 1 0, L_0000020f95c0b8c8;  1 drivers
v0000020f95c03850_0 .net *"_ivl_202", 1 0, L_0000020f95c6e250;  1 drivers
v0000020f95c03990_0 .net *"_ivl_204", 1 0, L_0000020f95c6e110;  1 drivers
v0000020f95c015f0_0 .net *"_ivl_206", 1 0, L_0000020f95c6dd50;  1 drivers
v0000020f95c01d70_0 .net *"_ivl_208", 1 0, L_0000020f95c6f330;  1 drivers
v0000020f95c02bd0_0 .net *"_ivl_210", 1 0, L_0000020f95c6f0b0;  1 drivers
v0000020f95c02130_0 .net *"_ivl_212", 1 0, L_0000020f95c6dfd0;  1 drivers
v0000020f95c029f0_0 .net *"_ivl_214", 1 0, L_0000020f95c70230;  1 drivers
L_0000020f95c0b910 .functor BUFT 1, C4<00000000>, C4<0>, C4<0>, C4<0>;
v0000020f95c01870_0 .net/2u *"_ivl_218", 7 0, L_0000020f95c0b910;  1 drivers
L_0000020f95c0b958 .functor BUFT 1, C4<0000000000000000>, C4<0>, C4<0>, C4<0>;
v0000020f95c01eb0_0 .net *"_ivl_247", 15 0, L_0000020f95c0b958;  1 drivers
v0000020f95c019b0_0 .net *"_ivl_252", 7 0, L_0000020f95c6e2f0;  1 drivers
L_0000020f95c0b9a0 .functor BUFT 1, C4<00010000>, C4<0>, C4<0>, C4<0>;
v0000020f95c02310_0 .net/2u *"_ivl_254", 7 0, L_0000020f95c0b9a0;  1 drivers
v0000020f95c03530_0 .net *"_ivl_256", 0 0, L_0000020f95c6ee30;  1 drivers
L_0000020f95c0b9e8 .functor BUFT 1, C4<1111>, C4<0>, C4<0>, C4<0>;
v0000020f95c01a50_0 .net/2u *"_ivl_258", 3 0, L_0000020f95c0b9e8;  1 drivers
v0000020f95c02590_0 .net *"_ivl_262", 7 0, L_0000020f95c6e390;  1 drivers
L_0000020f95c0ba30 .functor BUFT 1, C4<00100000>, C4<0>, C4<0>, C4<0>;
v0000020f95c01f50_0 .net/2u *"_ivl_264", 7 0, L_0000020f95c0ba30;  1 drivers
v0000020f95c035d0_0 .net *"_ivl_266", 0 0, L_0000020f95c6e430;  1 drivers
L_0000020f95c0ba78 .functor BUFT 1, C4<0000>, C4<0>, C4<0>, C4<0>;
v0000020f95c02090_0 .net/2u *"_ivl_268", 3 0, L_0000020f95c0ba78;  1 drivers
v0000020f95c021d0_0 .net *"_ivl_270", 7 0, L_0000020f95c6e570;  1 drivers
L_0000020f95c0bac0 .functor BUFT 1, C4<00100001>, C4<0>, C4<0>, C4<0>;
v0000020f95c02450_0 .net/2u *"_ivl_272", 7 0, L_0000020f95c0bac0;  1 drivers
v0000020f95c024f0_0 .net *"_ivl_274", 0 0, L_0000020f95c6e6b0;  1 drivers
L_0000020f95c0bb08 .functor BUFT 1, C4<0001>, C4<0>, C4<0>, C4<0>;
v0000020f95c02a90_0 .net/2u *"_ivl_276", 3 0, L_0000020f95c0bb08;  1 drivers
v0000020f95c026d0_0 .net *"_ivl_278", 7 0, L_0000020f95c6ec50;  1 drivers
L_0000020f95c0bb50 .functor BUFT 1, C4<00100010>, C4<0>, C4<0>, C4<0>;
v0000020f95c02810_0 .net/2u *"_ivl_280", 7 0, L_0000020f95c0bb50;  1 drivers
v0000020f95c028b0_0 .net *"_ivl_282", 0 0, L_0000020f95c6fa10;  1 drivers
L_0000020f95c0bb98 .functor BUFT 1, C4<0010>, C4<0>, C4<0>, C4<0>;
v0000020f95c02950_0 .net/2u *"_ivl_284", 3 0, L_0000020f95c0bb98;  1 drivers
v0000020f95c02b30_0 .net *"_ivl_286", 7 0, L_0000020f95c6e750;  1 drivers
L_0000020f95c0bbe0 .functor BUFT 1, C4<00100011>, C4<0>, C4<0>, C4<0>;
v0000020f95c02d10_0 .net/2u *"_ivl_288", 7 0, L_0000020f95c0bbe0;  1 drivers
v0000020f95c02db0_0 .net *"_ivl_290", 0 0, L_0000020f95c6f3d0;  1 drivers
L_0000020f95c0bc28 .functor BUFT 1, C4<0011>, C4<0>, C4<0>, C4<0>;
v0000020f95c02e50_0 .net/2u *"_ivl_292", 3 0, L_0000020f95c0bc28;  1 drivers
o0000020f95ba1698 .functor BUFZ 4, C4<zzzz>; HiZ drive
; Elide local net with no drivers, v0000020f95c03350_0 name=_ivl_294
v0000020f95c030d0_0 .net *"_ivl_296", 3 0, L_0000020f95c6f010;  1 drivers
v0000020f95c03170_0 .net *"_ivl_298", 3 0, L_0000020f95c6e7f0;  1 drivers
v0000020f95c04110_0 .net *"_ivl_300", 3 0, L_0000020f95c6e930;  1 drivers
v0000020f95c04750_0 .net *"_ivl_318", 31 0, L_0000020f95c6f650;  1 drivers
L_0000020f95c0bc70 .functor BUFT 1, C4<0000000000000000000000000000>, C4<0>, C4<0>, C4<0>;
v0000020f95c03fd0_0 .net *"_ivl_321", 27 0, L_0000020f95c0bc70;  1 drivers
L_0000020f95c0bcb8 .functor BUFT 1, C4<00000000000000000000000000000000>, C4<0>, C4<0>, C4<0>;
v0000020f95c049d0_0 .net/2u *"_ivl_322", 31 0, L_0000020f95c0bcb8;  1 drivers
v0000020f95c04890_0 .net *"_ivl_324", 0 0, L_0000020f95c6f6f0;  1 drivers
v0000020f95c05330_0 .net *"_ivl_326", 31 0, L_0000020f95c6f970;  1 drivers
L_0000020f95c0bd00 .functor BUFT 1, C4<0000000000000000000000000000>, C4<0>, C4<0>, C4<0>;
v0000020f95c04b10_0 .net *"_ivl_329", 27 0, L_0000020f95c0bd00;  1 drivers
L_0000020f95c0bd48 .functor BUFT 1, C4<00000000000000000000000000000001>, C4<0>, C4<0>, C4<0>;
v0000020f95c03f30_0 .net/2u *"_ivl_330", 31 0, L_0000020f95c0bd48;  1 drivers
v0000020f95c04570_0 .net *"_ivl_332", 0 0, L_0000020f95c6fab0;  1 drivers
v0000020f95c05290_0 .net *"_ivl_334", 31 0, L_0000020f95c6fb50;  1 drivers
L_0000020f95c0bd90 .functor BUFT 1, C4<0000000000000000000000000000>, C4<0>, C4<0>, C4<0>;
v0000020f95c04c50_0 .net *"_ivl_337", 27 0, L_0000020f95c0bd90;  1 drivers
L_0000020f95c0bdd8 .functor BUFT 1, C4<00000000000000000000000000000010>, C4<0>, C4<0>, C4<0>;
v0000020f95c04070_0 .net/2u *"_ivl_338", 31 0, L_0000020f95c0bdd8;  1 drivers
v0000020f95c041b0_0 .net *"_ivl_340", 0 0, L_0000020f95c705f0;  1 drivers
v0000020f95c03e90_0 .net *"_ivl_342", 31 0, L_0000020f95c707d0;  1 drivers
L_0000020f95c0be20 .functor BUFT 1, C4<0000000000000000000000000000>, C4<0>, C4<0>, C4<0>;
v0000020f95c04bb0_0 .net *"_ivl_345", 27 0, L_0000020f95c0be20;  1 drivers
L_0000020f95c0be68 .functor BUFT 1, C4<00000000000000000000000000000011>, C4<0>, C4<0>, C4<0>;
v0000020f95c04cf0_0 .net/2u *"_ivl_346", 31 0, L_0000020f95c0be68;  1 drivers
v0000020f95c04250_0 .net *"_ivl_348", 0 0, L_0000020f95c72c10;  1 drivers
L_0000020f95c0b370 .functor BUFT 1, C4<00010010>, C4<0>, C4<0>, C4<0>;
v0000020f95c04930_0 .net/2u *"_ivl_35", 7 0, L_0000020f95c0b370;  1 drivers
v0000020f95c03df0_0 .net *"_ivl_350", 31 0, L_0000020f95c70af0;  1 drivers
L_0000020f95c0beb0 .functor BUFT 1, C4<0000000000000000000000000000>, C4<0>, C4<0>, C4<0>;
v0000020f95c04a70_0 .net *"_ivl_353", 27 0, L_0000020f95c0beb0;  1 drivers
L_0000020f95c0bef8 .functor BUFT 1, C4<00000000000000000000000000000100>, C4<0>, C4<0>, C4<0>;
v0000020f95c042f0_0 .net/2u *"_ivl_354", 31 0, L_0000020f95c0bef8;  1 drivers
v0000020f95c03cb0_0 .net *"_ivl_356", 0 0, L_0000020f95c71a90;  1 drivers
v0000020f95c04390_0 .net *"_ivl_358", 31 0, L_0000020f95c70870;  1 drivers
L_0000020f95c0bf40 .functor BUFT 1, C4<0000000000000000000000000000>, C4<0>, C4<0>, C4<0>;
v0000020f95c04d90_0 .net *"_ivl_361", 27 0, L_0000020f95c0bf40;  1 drivers
L_0000020f95c0bf88 .functor BUFT 1, C4<00000000000000000000000000000101>, C4<0>, C4<0>, C4<0>;
v0000020f95c03d50_0 .net/2u *"_ivl_362", 31 0, L_0000020f95c0bf88;  1 drivers
v0000020f95c05010_0 .net *"_ivl_364", 0 0, L_0000020f95c71770;  1 drivers
v0000020f95c04430_0 .net *"_ivl_366", 31 0, L_0000020f95c70730;  1 drivers
L_0000020f95c0bfd0 .functor BUFT 1, C4<0000000000000000000000000000>, C4<0>, C4<0>, C4<0>;
v0000020f95c044d0_0 .net *"_ivl_369", 27 0, L_0000020f95c0bfd0;  1 drivers
L_0000020f95c0c018 .functor BUFT 1, C4<00000000000000000000000000000110>, C4<0>, C4<0>, C4<0>;
v0000020f95c04610_0 .net/2u *"_ivl_370", 31 0, L_0000020f95c0c018;  1 drivers
v0000020f95c046b0_0 .net *"_ivl_372", 0 0, L_0000020f95c72b70;  1 drivers
v0000020f95c047f0_0 .net *"_ivl_374", 31 0, L_0000020f95c72670;  1 drivers
L_0000020f95c0c060 .functor BUFT 1, C4<0000000000000000000000000000>, C4<0>, C4<0>, C4<0>;
v0000020f95c04e30_0 .net *"_ivl_377", 27 0, L_0000020f95c0c060;  1 drivers
L_0000020f95c0c0a8 .functor BUFT 1, C4<00000000000000000000000000000111>, C4<0>, C4<0>, C4<0>;
v0000020f95c04ed0_0 .net/2u *"_ivl_378", 31 0, L_0000020f95c0c0a8;  1 drivers
v0000020f95c04f70_0 .net *"_ivl_38", 7 0, L_0000020f95c65950;  1 drivers
v0000020f95c050b0_0 .net *"_ivl_380", 0 0, L_0000020f95c719f0;  1 drivers
o0000020f95ba1db8 .functor BUFZ 32, C4<zzzzzzzzzzzzzzzzzzzzzzzzzzzzzzzz>; HiZ drive
; Elide local net with no drivers, v0000020f95c05150_0 name=_ivl_382
v0000020f95c051f0_0 .net *"_ivl_384", 31 0, L_0000020f95c72850;  1 drivers
v0000020f95c06ea0_0 .net *"_ivl_386", 31 0, L_0000020f95c71590;  1 drivers
v0000020f95c07ee0_0 .net *"_ivl_388", 31 0, L_0000020f95c71630;  1 drivers
v0000020f95c07bc0_0 .net *"_ivl_39", 7 0, L_0000020f95c64b90;  1 drivers
v0000020f95c06c20_0 .net *"_ivl_390", 31 0, L_0000020f95c70910;  1 drivers
v0000020f95c08840_0 .net *"_ivl_392", 31 0, L_0000020f95c70c30;  1 drivers
v0000020f95c067c0_0 .net *"_ivl_394", 31 0, L_0000020f95c72a30;  1 drivers
v0000020f95c078a0_0 .net *"_ivl_396", 31 0, L_0000020f95c716d0;  1 drivers
L_0000020f95c0b328 .functor BUFT 1, C4<00>, C4<0>, C4<0>, C4<0>;
v0000020f95c07080_0 .net/2s *"_ivl_4", 1 0, L_0000020f95c0b328;  1 drivers
L_0000020f95c0b3b8 .functor BUFT 1, C4<00000000>, C4<0>, C4<0>, C4<0>;
v0000020f95c073a0_0 .net/2u *"_ivl_44", 7 0, L_0000020f95c0b3b8;  1 drivers
v0000020f95c07b20_0 .net *"_ivl_47", 7 0, L_0000020f95c65db0;  1 drivers
v0000020f95c06220_0 .net *"_ivl_48", 7 0, L_0000020f95c64e10;  1 drivers
v0000020f95c08020_0 .net *"_ivl_52", 0 0, L_0000020f95c64f50;  1 drivers
v0000020f95c08520_0 .net *"_ivl_54", 0 0, L_0000020f95c65130;  1 drivers
v0000020f95c060e0_0 .net *"_ivl_56", 0 0, L_0000020f95c65270;  1 drivers
v0000020f95c07120_0 .net *"_ivl_58", 0 0, L_0000020f95c6ddf0;  1 drivers
v0000020f95c069a0_0 .net *"_ivl_6", 1 0, L_0000020f95c65770;  1 drivers
v0000020f95c071c0_0 .net *"_ivl_60", 31 0, L_0000020f95c6eed0;  1 drivers
v0000020f95c085c0_0 .net *"_ivl_62", 31 0, L_0000020f95c700f0;  1 drivers
v0000020f95c08160_0 .net *"_ivl_64", 31 0, L_0000020f95c6f1f0;  1 drivers
v0000020f95c06a40_0 .net *"_ivl_68", 0 0, L_0000020f95c6f470;  1 drivers
v0000020f95c06860_0 .net *"_ivl_70", 0 0, L_0000020f95c6ff10;  1 drivers
v0000020f95c06cc0_0 .net *"_ivl_72", 0 0, L_0000020f95c702d0;  1 drivers
v0000020f95c06900_0 .net *"_ivl_74", 0 0, L_0000020f95c6ecf0;  1 drivers
v0000020f95c08200_0 .net *"_ivl_76", 31 0, L_0000020f95c6eb10;  1 drivers
v0000020f95c082a0_0 .net *"_ivl_78", 31 0, L_0000020f95c6fe70;  1 drivers
v0000020f95c08340_0 .net *"_ivl_80", 31 0, L_0000020f95c6e890;  1 drivers
v0000020f95c08660_0 .net *"_ivl_84", 7 0, L_0000020f95c6e070;  1 drivers
L_0000020f95c0b400 .functor BUFT 1, C4<00010001>, C4<0>, C4<0>, C4<0>;
v0000020f95c083e0_0 .net/2u *"_ivl_86", 7 0, L_0000020f95c0b400;  1 drivers
v0000020f95c08480_0 .net *"_ivl_88", 0 0, L_0000020f95c6ebb0;  1 drivers
L_0000020f95c0b448 .functor BUFT 1, C4<01>, C4<0>, C4<0>, C4<0>;
v0000020f95c065e0_0 .net/2s *"_ivl_90", 1 0, L_0000020f95c0b448;  1 drivers
L_0000020f95c0b490 .functor BUFT 1, C4<00>, C4<0>, C4<0>, C4<0>;
v0000020f95c06f40_0 .net/2s *"_ivl_92", 1 0, L_0000020f95c0b490;  1 drivers
v0000020f95c064a0_0 .net *"_ivl_94", 1 0, L_0000020f95c70370;  1 drivers
v0000020f95c07da0_0 .net *"_ivl_98", 7 0, L_0000020f95c6f290;  1 drivers
v0000020f95c06b80_0 .net "addr", 31 0, v0000020f95c08ac0_0;  1 drivers
v0000020f95c062c0_0 .net "cc", 2 0, L_0000020f95c64690;  alias, 1 drivers
v0000020f95c08700_0 .net "clock", 0 0, v0000020f95c099c0_0;  1 drivers
v0000020f95c06360_0 .net "d_halt", 0 0, L_0000020f95c6ffb0;  1 drivers
v0000020f95c087a0_0 .net "d_icode", 3 0, L_0000020f95c65f90;  1 drivers
v0000020f95c06fe0_0 .net "d_ifun", 3 0, L_0000020f95c658b0;  1 drivers
v0000020f95c080c0_0 .net "d_jflg", 0 0, L_0000020f95c6e610;  1 drivers
v0000020f95c06180_0 .net "d_jpc", 31 0, L_0000020f95c6e1b0;  1 drivers
v0000020f95c07260_0 .net "d_rA", 3 0, L_0000020f95c64a50;  1 drivers
v0000020f95c06400_0 .net "d_rB", 3 0, L_0000020f95c659f0;  1 drivers
v0000020f95c06540_0 .net "d_valA", 31 0, L_0000020f95c6fc90;  1 drivers
v0000020f95c06ae0_0 .net "d_valA_reg", 31 0, L_0000020f95c63470;  1 drivers
v0000020f95c06680_0 .net "d_valB", 31 0, L_0000020f95c6de90;  1 drivers
v0000020f95c07300_0 .net "d_valB_reg", 31 0, L_0000020f95c63790;  1 drivers
v0000020f95c06720_0 .net "d_valC", 15 0, L_0000020f95c64eb0;  1 drivers
v0000020f95c06d60_0 .net "e_OF", 0 0, L_0000020f95c6f5b0;  1 drivers
v0000020f95c06e00_0 .net "e_SF", 0 0, L_0000020f95c6f510;  1 drivers
v0000020f95c07440_0 .net "e_ZF", 0 0, L_0000020f95c6ea70;  1 drivers
v0000020f95c074e0_0 .net "e_alufun", 3 0, L_0000020f95c6e9d0;  1 drivers
v0000020f95c07580_0 .net "e_dstE", 3 0, v0000020f95c001f0_0;  1 drivers
v0000020f95c07620_0 .net "e_dstM", 3 0, L_0000020f95c6ef70;  1 drivers
v0000020f95c076c0_0 .net "e_halt", 0 0, L_0000020f95c77bf0;  1 drivers
v0000020f95c07760_0 .var "e_reg_rst", 0 0;
v0000020f95c07800_0 .net "e_valA", 31 0, v0000020f95c00330_0;  1 drivers
v0000020f95c07940_0 .net "e_valB", 31 0, v0000020f95c00470_0;  1 drivers
v0000020f95c07e40_0 .net "e_valE", 31 0, L_0000020f95c63b50;  1 drivers
v0000020f95c079e0_0 .net "e_valM", 31 0, L_0000020f95c6ed90;  1 drivers
v0000020f95c07c60_0 .net "f_addr", 31 0, L_0000020f95c65d10;  1 drivers
v0000020f95c07a80_0 .net "f_rd", 0 0, L_0000020f95c65810;  1 drivers
v0000020f95c07d00_0 .net "f_rdata", 31 0, v0000020f95bfcf10_0;  1 drivers
v0000020f95c07f80_0 .net "r0", 31 0, v0000020f95bfe0d0_0;  alias, 1 drivers
v0000020f95c09b00_0 .net "r1", 31 0, v0000020f95bfe530_0;  alias, 1 drivers
v0000020f95c09e20_0 .net "r2", 31 0, v0000020f95bfe5d0_0;  alias, 1 drivers
v0000020f95c08a20_0 .net "r3", 31 0, v0000020f95bfe670_0;  alias, 1 drivers
v0000020f95c08fc0_0 .net "r4", 31 0, v0000020f95bfd6d0_0;  alias, 1 drivers
v0000020f95c09380_0 .net "r5", 31 0, v0000020f95bfe710_0;  alias, 1 drivers
v0000020f95c09ec0_0 .net "r6", 31 0, v0000020f95bfd8b0_0;  alias, 1 drivers
v0000020f95c09880_0 .net "r7", 31 0, v0000020f95bfe8f0_0;  alias, 1 drivers
v0000020f95c08b60_0 .net "rID", 3 0, v0000020f95c08d40_0;  1 drivers
v0000020f95c08c00_0 .net "rdata", 31 0, L_0000020f95c71b30;  alias, 1 drivers
v0000020f95c09ba0_0 .net "valE", 31 0, L_0000020f95c789f0;  alias, 1 drivers
v0000020f95c097e0_0 .net "w_dstE", 3 0, v0000020f95c00bf0_0;  1 drivers
v0000020f95c094c0_0 .net "w_dstM", 3 0, v0000020f95c00970_0;  1 drivers
v0000020f95c09240_0 .net "w_valE", 31 0, v0000020f95bff9d0_0;  1 drivers
v0000020f95c09c40_0 .net "w_valM", 31 0, v0000020f95c00790_0;  1 drivers
v0000020f95c092e0_0 .net "wdata", 31 0, v0000020f95c088e0_0;  1 drivers
v0000020f95c09ce0_0 .net "working", 0 0, v0000020f95c09100_0;  1 drivers
v0000020f95c09420_0 .net "wr", 0 0, v0000020f95c08e80_0;  1 drivers
E_0000020f9581e3f0 .event posedge, v0000020f95bfcd30_0;
L_0000020f95c65d10 .functor MUXZ 32, v0000020f95c08ac0_0, v0000020f95c00c90_0, v0000020f95c09100_0, C4<>;
L_0000020f95c65770 .functor MUXZ 2, L_0000020f95c0b328, L_0000020f95c0b2e0, v0000020f95c09100_0, C4<>;
L_0000020f95c65810 .part L_0000020f95c65770, 0, 1;
L_0000020f95c65f90 .part L_0000020f95c64b90, 4, 4;
L_0000020f95c658b0 .part L_0000020f95c64b90, 0, 4;
L_0000020f95c65950 .part v0000020f95c00f10_0, 24, 8;
L_0000020f95c64b90 .functor MUXZ 8, L_0000020f95c65950, L_0000020f95c0b370, v0000020f95bffc50_0, C4<>;
L_0000020f95c64a50 .part L_0000020f95c64e10, 4, 4;
L_0000020f95c659f0 .part L_0000020f95c64e10, 0, 4;
L_0000020f95c65db0 .part v0000020f95c00f10_0, 16, 8;
L_0000020f95c64e10 .functor MUXZ 8, L_0000020f95c65db0, L_0000020f95c0b3b8, v0000020f95bffc50_0, C4<>;
L_0000020f95c64eb0 .part v0000020f95c00f10_0, 0, 16;
L_0000020f95c64f50 .cmp/eq 4, v0000020f95c001f0_0, L_0000020f95c64a50;
L_0000020f95c65130 .cmp/eq 4, L_0000020f95c6ef70, L_0000020f95c64a50;
L_0000020f95c65270 .cmp/eq 4, v0000020f95c00bf0_0, L_0000020f95c64a50;
L_0000020f95c6ddf0 .cmp/eq 4, v0000020f95c00970_0, L_0000020f95c64a50;
L_0000020f95c6eed0 .functor MUXZ 32, L_0000020f95c63470, v0000020f95c00790_0, L_0000020f95c6ddf0, C4<>;
L_0000020f95c700f0 .functor MUXZ 32, L_0000020f95c6eed0, v0000020f95bff9d0_0, L_0000020f95c65270, C4<>;
L_0000020f95c6f1f0 .functor MUXZ 32, L_0000020f95c700f0, L_0000020f95c6ed90, L_0000020f95c65130, C4<>;
L_0000020f95c6fc90 .functor MUXZ 32, L_0000020f95c6f1f0, L_0000020f95c63b50, L_0000020f95c64f50, C4<>;
L_0000020f95c6f470 .cmp/eq 4, v0000020f95c001f0_0, L_0000020f95c659f0;
L_0000020f95c6ff10 .cmp/eq 4, L_0000020f95c6ef70, L_0000020f95c659f0;
L_0000020f95c702d0 .cmp/eq 4, v0000020f95c00bf0_0, L_0000020f95c659f0;
L_0000020f95c6ecf0 .cmp/eq 4, v0000020f95c00970_0, L_0000020f95c659f0;
L_0000020f95c6eb10 .functor MUXZ 32, L_0000020f95c63790, v0000020f95c00790_0, L_0000020f95c6ecf0, C4<>;
L_0000020f95c6fe70 .functor MUXZ 32, L_0000020f95c6eb10, v0000020f95bff9d0_0, L_0000020f95c702d0, C4<>;
L_0000020f95c6e890 .functor MUXZ 32, L_0000020f95c6fe70, L_0000020f95c6ed90, L_0000020f95c6ff10, C4<>;
L_0000020f95c6de90 .functor MUXZ 32, L_0000020f95c6e890, L_0000020f95c63b50, L_0000020f95c6f470, C4<>;
L_0000020f95c6e070 .concat [ 4 4 0 0], L_0000020f95c658b0, L_0000020f95c65f90;
L_0000020f95c6ebb0 .cmp/eq 8, L_0000020f95c6e070, L_0000020f95c0b400;
L_0000020f95c70370 .functor MUXZ 2, L_0000020f95c0b490, L_0000020f95c0b448, L_0000020f95c6ebb0, C4<>;
L_0000020f95c6ffb0 .part L_0000020f95c70370, 0, 1;
L_0000020f95c6f290 .concat [ 4 4 0 0], L_0000020f95c658b0, L_0000020f95c65f90;
L_0000020f95c6fd30 .cmp/eq 8, L_0000020f95c6f290, L_0000020f95c0b4d8;
L_0000020f95c6fbf0 .concat [ 4 4 0 0], L_0000020f95c658b0, L_0000020f95c65f90;
L_0000020f95c6e4d0 .cmp/eq 8, L_0000020f95c6fbf0, L_0000020f95c0b568;
L_0000020f95c6f8d0 .concat [ 4 4 0 0], L_0000020f95c658b0, L_0000020f95c65f90;
L_0000020f95c6df30 .cmp/eq 8, L_0000020f95c6f8d0, L_0000020f95c0b5f8;
L_0000020f95c70050 .concat [ 4 4 0 0], L_0000020f95c658b0, L_0000020f95c65f90;
L_0000020f95c704b0 .cmp/eq 8, L_0000020f95c70050, L_0000020f95c0b688;
L_0000020f95c70190 .concat [ 4 4 0 0], L_0000020f95c658b0, L_0000020f95c65f90;
L_0000020f95c6f830 .cmp/eq 8, L_0000020f95c70190, L_0000020f95c0b718;
L_0000020f95c70410 .concat [ 4 4 0 0], L_0000020f95c658b0, L_0000020f95c65f90;
L_0000020f95c6f150 .cmp/eq 8, L_0000020f95c70410, L_0000020f95c0b7a8;
L_0000020f95c6f790 .concat [ 4 4 0 0], L_0000020f95c658b0, L_0000020f95c65f90;
L_0000020f95c6fdd0 .cmp/eq 8, L_0000020f95c6f790, L_0000020f95c0b838;
L_0000020f95c6e250 .functor MUXZ 2, L_0000020f95c0b8c8, L_0000020f95c0b880, L_0000020f95c6ac80, C4<>;
L_0000020f95c6e110 .functor MUXZ 2, L_0000020f95c6e250, L_0000020f95c0b7f0, L_0000020f95c6a820, C4<>;
L_0000020f95c6dd50 .functor MUXZ 2, L_0000020f95c6e110, L_0000020f95c0b760, L_0000020f95c6a5f0, C4<>;
L_0000020f95c6f330 .functor MUXZ 2, L_0000020f95c6dd50, L_0000020f95c0b6d0, L_0000020f95c6a580, C4<>;
L_0000020f95c6f0b0 .functor MUXZ 2, L_0000020f95c6f330, L_0000020f95c0b640, L_0000020f95c6a970, C4<>;
L_0000020f95c6dfd0 .functor MUXZ 2, L_0000020f95c6f0b0, L_0000020f95c0b5b0, L_0000020f95c6ad60, C4<>;
L_0000020f95c70230 .functor MUXZ 2, L_0000020f95c6dfd0, L_0000020f95c0b520, L_0000020f95c6a740, C4<>;
L_0000020f95c6e610 .part L_0000020f95c70230, 0, 1;
L_0000020f95c6e1b0 .concat [ 16 4 4 8], L_0000020f95c64eb0, L_0000020f95c659f0, L_0000020f95c64a50, L_0000020f95c0b910;
L_0000020f95c6ed90 .concat [ 16 16 0 0], v0000020f95c00150_0, L_0000020f95c0b958;
L_0000020f95c6e2f0 .concat [ 4 4 0 0], v0000020f95bffa70_0, v0000020f95bffed0_0;
L_0000020f95c6ee30 .cmp/eq 8, L_0000020f95c6e2f0, L_0000020f95c0b9a0;
L_0000020f95c6ef70 .functor MUXZ 4, L_0000020f95c0b9e8, v0000020f95bffcf0_0, L_0000020f95c6ee30, C4<>;
L_0000020f95c6e390 .concat [ 4 4 0 0], v0000020f95bffa70_0, v0000020f95bffed0_0;
L_0000020f95c6e430 .cmp/eq 8, L_0000020f95c6e390, L_0000020f95c0ba30;
L_0000020f95c6e570 .concat [ 4 4 0 0], v0000020f95bffa70_0, v0000020f95bffed0_0;
L_0000020f95c6e6b0 .cmp/eq 8, L_0000020f95c6e570, L_0000020f95c0bac0;
L_0000020f95c6ec50 .concat [ 4 4 0 0], v0000020f95bffa70_0, v0000020f95bffed0_0;
L_0000020f95c6fa10 .cmp/eq 8, L_0000020f95c6ec50, L_0000020f95c0bb50;
L_0000020f95c6e750 .concat [ 4 4 0 0], v0000020f95bffa70_0, v0000020f95bffed0_0;
L_0000020f95c6f3d0 .cmp/eq 8, L_0000020f95c6e750, L_0000020f95c0bbe0;
L_0000020f95c6f010 .functor MUXZ 4, o0000020f95ba1698, L_0000020f95c0bc28, L_0000020f95c6f3d0, C4<>;
L_0000020f95c6e7f0 .functor MUXZ 4, L_0000020f95c6f010, L_0000020f95c0bb98, L_0000020f95c6fa10, C4<>;
L_0000020f95c6e930 .functor MUXZ 4, L_0000020f95c6e7f0, L_0000020f95c0bb08, L_0000020f95c6e6b0, C4<>;
L_0000020f95c6e9d0 .functor MUXZ 4, L_0000020f95c6e930, L_0000020f95c0ba78, L_0000020f95c6e430, C4<>;
L_0000020f95c6ea70 .part L_0000020f95c64690, 2, 1;
L_0000020f95c6f510 .part L_0000020f95c64690, 1, 1;
L_0000020f95c6f5b0 .part L_0000020f95c64690, 0, 1;
L_0000020f95c6f650 .concat [ 4 28 0 0], v0000020f95c08d40_0, L_0000020f95c0bc70;
L_0000020f95c6f6f0 .cmp/eq 32, L_0000020f95c6f650, L_0000020f95c0bcb8;
L_0000020f95c6f970 .concat [ 4 28 0 0], v0000020f95c08d40_0, L_0000020f95c0bd00;
L_0000020f95c6fab0 .cmp/eq 32, L_0000020f95c6f970, L_0000020f95c0bd48;
L_0000020f95c6fb50 .concat [ 4 28 0 0], v0000020f95c08d40_0, L_0000020f95c0bd90;
L_0000020f95c705f0 .cmp/eq 32, L_0000020f95c6fb50, L_0000020f95c0bdd8;
L_0000020f95c707d0 .concat [ 4 28 0 0], v0000020f95c08d40_0, L_0000020f95c0be20;
L_0000020f95c72c10 .cmp/eq 32, L_0000020f95c707d0, L_0000020f95c0be68;
L_0000020f95c70af0 .concat [ 4 28 0 0], v0000020f95c08d40_0, L_0000020f95c0beb0;
L_0000020f95c71a90 .cmp/eq 32, L_0000020f95c70af0, L_0000020f95c0bef8;
L_0000020f95c70870 .concat [ 4 28 0 0], v0000020f95c08d40_0, L_0000020f95c0bf40;
L_0000020f95c71770 .cmp/eq 32, L_0000020f95c70870, L_0000020f95c0bf88;
L_0000020f95c70730 .concat [ 4 28 0 0], v0000020f95c08d40_0, L_0000020f95c0bfd0;
L_0000020f95c72b70 .cmp/eq 32, L_0000020f95c70730, L_0000020f95c0c018;
L_0000020f95c72670 .concat [ 4 28 0 0], v0000020f95c08d40_0, L_0000020f95c0c060;
L_0000020f95c719f0 .cmp/eq 32, L_0000020f95c72670, L_0000020f95c0c0a8;
L_0000020f95c72850 .functor MUXZ 32, o0000020f95ba1db8, v0000020f95bfe8f0_0, L_0000020f95c719f0, C4<>;
L_0000020f95c71590 .functor MUXZ 32, L_0000020f95c72850, v0000020f95bfd8b0_0, L_0000020f95c72b70, C4<>;
L_0000020f95c71630 .functor MUXZ 32, L_0000020f95c71590, v0000020f95bfe710_0, L_0000020f95c71770, C4<>;
L_0000020f95c70910 .functor MUXZ 32, L_0000020f95c71630, v0000020f95bfd6d0_0, L_0000020f95c71a90, C4<>;
L_0000020f95c70c30 .functor MUXZ 32, L_0000020f95c70910, v0000020f95bfe670_0, L_0000020f95c72c10, C4<>;
L_0000020f95c72a30 .functor MUXZ 32, L_0000020f95c70c30, v0000020f95bfe5d0_0, L_0000020f95c705f0, C4<>;
L_0000020f95c716d0 .functor MUXZ 32, L_0000020f95c72a30, v0000020f95bfe530_0, L_0000020f95c6fab0, C4<>;
L_0000020f95c71b30 .functor MUXZ 32, L_0000020f95c716d0, v0000020f95bfe0d0_0, L_0000020f95c6f6f0, C4<>;
S_0000020f957bbb40 .scope module, "alu" "alu" 3 79, 4 2 0, S_0000020f957bb9b0;
 .timescale -9 -11;
    .port_info 0 /INPUT 32 "aluA";
    .port_info 1 /INPUT 32 "aluB";
    .port_info 2 /INPUT 4 "alufun";
    .port_info 3 /OUTPUT 32 "valE";
    .port_info 4 /OUTPUT 3 "cc";
L_0000020f9582dd40 .functor BUFZ 32, v0000020f95c00330_0, C4<00000000000000000000000000000000>, C4<00000000000000000000000000000000>, C4<00000000000000000000000000000000>;
L_0000020f9582d100 .functor BUFZ 32, v0000020f95c00470_0, C4<00000000000000000000000000000000>, C4<00000000000000000000000000000000>, C4<00000000000000000000000000000000>;
L_0000020f9582d170 .functor BUFZ 32, L_0000020f95c63b50, C4<00000000000000000000000000000000>, C4<00000000000000000000000000000000>, C4<00000000000000000000000000000000>;
L_0000020f9582d1e0 .functor AND 32, v0000020f95c00330_0, v0000020f95c00470_0, C4<11111111111111111111111111111111>, C4<11111111111111111111111111111111>;
L_0000020f9582d480 .functor NOT 32, v0000020f95c00330_0, C4<00000000000000000000000000000000>, C4<00000000000000000000000000000000>, C4<00000000000000000000000000000000>;
L_0000020f9582d5d0 .functor AND 32, L_0000020f9582d480, v0000020f95c00470_0, C4<11111111111111111111111111111111>, C4<11111111111111111111111111111111>;
L_0000020f9582d250 .functor NOT 32, v0000020f95c00470_0, C4<00000000000000000000000000000000>, C4<00000000000000000000000000000000>, C4<00000000000000000000000000000000>;
L_0000020f95c6a510 .functor AND 32, v0000020f95c00330_0, L_0000020f9582d250, C4<11111111111111111111111111111111>, C4<11111111111111111111111111111111>;
L_0000020f95c6a3c0 .functor OR 32, L_0000020f9582d5d0, L_0000020f95c6a510, C4<00000000000000000000000000000000>, C4<00000000000000000000000000000000>;
L_0000020f95c6a890 .functor AND 1, L_0000020f95c65a90, L_0000020f95c64c30, C4<1>, C4<1>;
L_0000020f95c6af20 .functor AND 1, L_0000020f95c6a890, L_0000020f95c64cd0, C4<1>, C4<1>;
L_0000020f95c6a120 .functor AND 1, L_0000020f95c65e50, L_0000020f95c65310, C4<1>, C4<1>;
L_0000020f95c6ae40 .functor AND 1, L_0000020f95c6a120, L_0000020f95c65c70, C4<1>, C4<1>;
L_0000020f95c6af90 .functor OR 1, L_0000020f95c6af20, L_0000020f95c6ae40, C4<0>, C4<0>;
L_0000020f95c6a200 .functor AND 1, L_0000020f95c656d0, L_0000020f95c649b0, C4<1>, C4<1>;
L_0000020f95c6b000 .functor AND 1, L_0000020f95c6a200, L_0000020f95c653b0, C4<1>, C4<1>;
L_0000020f95c6a270 .functor AND 1, L_0000020f95c65450, L_0000020f95c65590, C4<1>, C4<1>;
L_0000020f95c6a2e0 .functor AND 1, L_0000020f95c6a270, L_0000020f95c654f0, C4<1>, C4<1>;
L_0000020f95c6a7b0 .functor OR 1, L_0000020f95c6b000, L_0000020f95c6a2e0, C4<0>, C4<0>;
v0000020f95b7d830_0 .net/s "A", 31 0, L_0000020f9582dd40;  1 drivers
v0000020f95b7df10_0 .net/s "B", 31 0, L_0000020f9582d100;  1 drivers
v0000020f95b7ca70_0 .net/s "E", 31 0, L_0000020f9582d170;  1 drivers
v0000020f95b7d970_0 .net "OF", 0 0, L_0000020f95c65b30;  1 drivers
v0000020f95b7d150_0 .net "SF", 0 0, L_0000020f95c64ff0;  1 drivers
v0000020f95b7da10_0 .net "ZF", 0 0, L_0000020f95c63fb0;  1 drivers
L_0000020f95c0ae60 .functor BUFT 1, C4<00000000000000000000000000000000>, C4<0>, C4<0>, C4<0>;
v0000020f95b7ccf0_0 .net/2s *"_ivl_100", 31 0, L_0000020f95c0ae60;  1 drivers
v0000020f95b7c750_0 .net *"_ivl_102", 0 0, L_0000020f95c65a90;  1 drivers
L_0000020f95c0aea8 .functor BUFT 1, C4<00000000000000000000000000000000>, C4<0>, C4<0>, C4<0>;
v0000020f95b7ddd0_0 .net/2s *"_ivl_104", 31 0, L_0000020f95c0aea8;  1 drivers
v0000020f95b7d1f0_0 .net *"_ivl_106", 0 0, L_0000020f95c64c30;  1 drivers
v0000020f95b7cb10_0 .net *"_ivl_109", 0 0, L_0000020f95c6a890;  1 drivers
L_0000020f95c0a998 .functor BUFT 1, C4<0000000000000000000000000000>, C4<0>, C4<0>, C4<0>;
v0000020f95b7d290_0 .net *"_ivl_11", 27 0, L_0000020f95c0a998;  1 drivers
L_0000020f95c0aef0 .functor BUFT 1, C4<00000000000000000000000000000000>, C4<0>, C4<0>, C4<0>;
v0000020f95b7dab0_0 .net/2s *"_ivl_110", 31 0, L_0000020f95c0aef0;  1 drivers
v0000020f95b7dd30_0 .net *"_ivl_112", 0 0, L_0000020f95c64cd0;  1 drivers
v0000020f95b7dfb0_0 .net *"_ivl_115", 0 0, L_0000020f95c6af20;  1 drivers
L_0000020f95c0af38 .functor BUFT 1, C4<00000000000000000000000000000000>, C4<0>, C4<0>, C4<0>;
v0000020f95b7c430_0 .net/2s *"_ivl_116", 31 0, L_0000020f95c0af38;  1 drivers
v0000020f95b7cbb0_0 .net *"_ivl_118", 0 0, L_0000020f95c65e50;  1 drivers
L_0000020f95c0a9e0 .functor BUFT 1, C4<00000000000000000000000000000000>, C4<0>, C4<0>, C4<0>;
v0000020f95b7cc50_0 .net/2u *"_ivl_12", 31 0, L_0000020f95c0a9e0;  1 drivers
L_0000020f95c0af80 .functor BUFT 1, C4<00000000000000000000000000000000>, C4<0>, C4<0>, C4<0>;
v0000020f95b7cd90_0 .net/2s *"_ivl_120", 31 0, L_0000020f95c0af80;  1 drivers
v0000020f95b7ce30_0 .net *"_ivl_122", 0 0, L_0000020f95c65310;  1 drivers
v0000020f9582ad80_0 .net *"_ivl_125", 0 0, L_0000020f95c6a120;  1 drivers
L_0000020f95c0afc8 .functor BUFT 1, C4<00000000000000000000000000000000>, C4<0>, C4<0>, C4<0>;
v0000020f9582b780_0 .net/2s *"_ivl_126", 31 0, L_0000020f95c0afc8;  1 drivers
v0000020f9582b140_0 .net *"_ivl_128", 0 0, L_0000020f95c65c70;  1 drivers
v0000020f9582baa0_0 .net *"_ivl_131", 0 0, L_0000020f95c6ae40;  1 drivers
v0000020f9582bc80_0 .net *"_ivl_133", 0 0, L_0000020f95c6af90;  1 drivers
L_0000020f95c0b010 .functor BUFT 1, C4<01>, C4<0>, C4<0>, C4<0>;
v0000020f9582b1e0_0 .net/2s *"_ivl_134", 1 0, L_0000020f95c0b010;  1 drivers
L_0000020f95c0b058 .functor BUFT 1, C4<00>, C4<0>, C4<0>, C4<0>;
v0000020f9582b280_0 .net/2s *"_ivl_136", 1 0, L_0000020f95c0b058;  1 drivers
v0000020f9582c540_0 .net *"_ivl_138", 1 0, L_0000020f95c64d70;  1 drivers
v0000020f9582c220_0 .net *"_ivl_14", 0 0, L_0000020f95c62ed0;  1 drivers
L_0000020f95c0b0a0 .functor BUFT 1, C4<00000000000000000000000000000000>, C4<0>, C4<0>, C4<0>;
v0000020f95816390_0 .net/2s *"_ivl_140", 31 0, L_0000020f95c0b0a0;  1 drivers
v0000020f958164d0_0 .net *"_ivl_142", 0 0, L_0000020f95c656d0;  1 drivers
L_0000020f95c0b0e8 .functor BUFT 1, C4<00000000000000000000000000000000>, C4<0>, C4<0>, C4<0>;
v0000020f95814f90_0 .net/2s *"_ivl_144", 31 0, L_0000020f95c0b0e8;  1 drivers
v0000020f958150d0_0 .net *"_ivl_146", 0 0, L_0000020f95c649b0;  1 drivers
v0000020f95815210_0 .net *"_ivl_149", 0 0, L_0000020f95c6a200;  1 drivers
L_0000020f95c0b130 .functor BUFT 1, C4<00000000000000000000000000000000>, C4<0>, C4<0>, C4<0>;
v0000020f95815350_0 .net/2s *"_ivl_150", 31 0, L_0000020f95c0b130;  1 drivers
v0000020f95806c00_0 .net *"_ivl_152", 0 0, L_0000020f95c653b0;  1 drivers
v0000020f95806a20_0 .net *"_ivl_155", 0 0, L_0000020f95c6b000;  1 drivers
L_0000020f95c0b178 .functor BUFT 1, C4<00000000000000000000000000000000>, C4<0>, C4<0>, C4<0>;
v0000020f95806ac0_0 .net/2s *"_ivl_156", 31 0, L_0000020f95c0b178;  1 drivers
v0000020f95805ee0_0 .net *"_ivl_158", 0 0, L_0000020f95c65450;  1 drivers
v0000020f958060c0_0 .net *"_ivl_16", 31 0, L_0000020f95c62f70;  1 drivers
L_0000020f95c0b1c0 .functor BUFT 1, C4<00000000000000000000000000000000>, C4<0>, C4<0>, C4<0>;
v0000020f957b8fa0_0 .net/2s *"_ivl_160", 31 0, L_0000020f95c0b1c0;  1 drivers
v0000020f957b9c20_0 .net *"_ivl_162", 0 0, L_0000020f95c65590;  1 drivers
v0000020f957e8810_0 .net *"_ivl_165", 0 0, L_0000020f95c6a270;  1 drivers
L_0000020f95c0b208 .functor BUFT 1, C4<00000000000000000000000000000000>, C4<0>, C4<0>, C4<0>;
v0000020f957e8db0_0 .net/2s *"_ivl_166", 31 0, L_0000020f95c0b208;  1 drivers
v0000020f95bf9a60_0 .net *"_ivl_168", 0 0, L_0000020f95c654f0;  1 drivers
v0000020f95bfaaa0_0 .net *"_ivl_171", 0 0, L_0000020f95c6a2e0;  1 drivers
v0000020f95bf9420_0 .net *"_ivl_173", 0 0, L_0000020f95c6a7b0;  1 drivers
L_0000020f95c0b250 .functor BUFT 1, C4<01>, C4<0>, C4<0>, C4<0>;
v0000020f95bf9d80_0 .net/2s *"_ivl_174", 1 0, L_0000020f95c0b250;  1 drivers
L_0000020f95c0b298 .functor BUFT 1, C4<00>, C4<0>, C4<0>, C4<0>;
v0000020f95bf9380_0 .net/2s *"_ivl_176", 1 0, L_0000020f95c0b298;  1 drivers
v0000020f95bf96a0_0 .net *"_ivl_178", 1 0, L_0000020f95c65630;  1 drivers
v0000020f95bfa820_0 .net *"_ivl_18", 31 0, L_0000020f95c644b0;  1 drivers
v0000020f95bfa1e0_0 .net *"_ivl_180", 1 0, L_0000020f95c65090;  1 drivers
L_0000020f95c0aa28 .functor BUFT 1, C4<0000000000000000000000000000>, C4<0>, C4<0>, C4<0>;
v0000020f95bf9560_0 .net *"_ivl_21", 27 0, L_0000020f95c0aa28;  1 drivers
L_0000020f95c0aa70 .functor BUFT 1, C4<00000000000000000000000000000001>, C4<0>, C4<0>, C4<0>;
v0000020f95bf9240_0 .net/2u *"_ivl_22", 31 0, L_0000020f95c0aa70;  1 drivers
v0000020f95bf9c40_0 .net *"_ivl_24", 0 0, L_0000020f95c63290;  1 drivers
v0000020f95bf9b00_0 .net *"_ivl_26", 31 0, L_0000020f95c642d0;  1 drivers
v0000020f95bfa8c0_0 .net *"_ivl_28", 31 0, L_0000020f95c63330;  1 drivers
L_0000020f95c0aab8 .functor BUFT 1, C4<0000000000000000000000000000>, C4<0>, C4<0>, C4<0>;
v0000020f95bf9e20_0 .net *"_ivl_31", 27 0, L_0000020f95c0aab8;  1 drivers
L_0000020f95c0ab00 .functor BUFT 1, C4<00000000000000000000000000000010>, C4<0>, C4<0>, C4<0>;
v0000020f95bf9ec0_0 .net/2u *"_ivl_32", 31 0, L_0000020f95c0ab00;  1 drivers
v0000020f95bfa500_0 .net *"_ivl_34", 0 0, L_0000020f95c63970;  1 drivers
v0000020f95bfaa00_0 .net *"_ivl_36", 31 0, L_0000020f9582d1e0;  1 drivers
v0000020f95bf9740_0 .net *"_ivl_38", 31 0, L_0000020f95c63dd0;  1 drivers
L_0000020f95c0ab48 .functor BUFT 1, C4<0000000000000000000000000000>, C4<0>, C4<0>, C4<0>;
v0000020f95bfae60_0 .net *"_ivl_41", 27 0, L_0000020f95c0ab48;  1 drivers
L_0000020f95c0ab90 .functor BUFT 1, C4<00000000000000000000000000000011>, C4<0>, C4<0>, C4<0>;
v0000020f95bf9ce0_0 .net/2u *"_ivl_42", 31 0, L_0000020f95c0ab90;  1 drivers
v0000020f95bf92e0_0 .net *"_ivl_44", 0 0, L_0000020f95c64550;  1 drivers
v0000020f95bfa000_0 .net *"_ivl_46", 31 0, L_0000020f9582d480;  1 drivers
v0000020f95bfadc0_0 .net *"_ivl_48", 31 0, L_0000020f9582d5d0;  1 drivers
v0000020f95bfaf00_0 .net *"_ivl_50", 31 0, L_0000020f9582d250;  1 drivers
v0000020f95bfab40_0 .net *"_ivl_52", 31 0, L_0000020f95c6a510;  1 drivers
v0000020f95bfa0a0_0 .net *"_ivl_54", 31 0, L_0000020f95c6a3c0;  1 drivers
o0000020f95b9e578 .functor BUFZ 32, C4<zzzzzzzzzzzzzzzzzzzzzzzzzzzzzzzz>; HiZ drive
; Elide local net with no drivers, v0000020f95bfa320_0 name=_ivl_56
v0000020f95bf9880_0 .net *"_ivl_58", 31 0, L_0000020f95c63a10;  1 drivers
v0000020f95bfabe0_0 .net *"_ivl_60", 31 0, L_0000020f95c63ab0;  1 drivers
v0000020f95bfa780_0 .net *"_ivl_62", 31 0, L_0000020f95c64370;  1 drivers
L_0000020f95c0abd8 .functor BUFT 1, C4<00000000000000000000000000000000>, C4<0>, C4<0>, C4<0>;
v0000020f95bfa960_0 .net/2u *"_ivl_66", 31 0, L_0000020f95c0abd8;  1 drivers
v0000020f95bf94c0_0 .net *"_ivl_68", 0 0, L_0000020f95c63e70;  1 drivers
L_0000020f95c0ac20 .functor BUFT 1, C4<1>, C4<0>, C4<0>, C4<0>;
v0000020f95bfa460_0 .net/2u *"_ivl_70", 0 0, L_0000020f95c0ac20;  1 drivers
L_0000020f95c0ac68 .functor BUFT 1, C4<0>, C4<0>, C4<0>, C4<0>;
v0000020f95bf9060_0 .net/2u *"_ivl_72", 0 0, L_0000020f95c0ac68;  1 drivers
v0000020f95bfac80_0 .net *"_ivl_77", 0 0, L_0000020f95c645f0;  1 drivers
v0000020f95bf9100_0 .net *"_ivl_78", 31 0, L_0000020f95c651d0;  1 drivers
v0000020f95bfa5a0_0 .net *"_ivl_8", 31 0, L_0000020f95c638d0;  1 drivers
L_0000020f95c0acb0 .functor BUFT 1, C4<0000000000000000000000000000000>, C4<0>, C4<0>, C4<0>;
v0000020f95bf91a0_0 .net *"_ivl_81", 30 0, L_0000020f95c0acb0;  1 drivers
L_0000020f95c0acf8 .functor BUFT 1, C4<00000000000000000000000000000001>, C4<0>, C4<0>, C4<0>;
v0000020f95bfad20_0 .net/2u *"_ivl_82", 31 0, L_0000020f95c0acf8;  1 drivers
v0000020f95bf99c0_0 .net *"_ivl_84", 0 0, L_0000020f95c64910;  1 drivers
L_0000020f95c0ad40 .functor BUFT 1, C4<1>, C4<0>, C4<0>, C4<0>;
v0000020f95bfa640_0 .net/2u *"_ivl_86", 0 0, L_0000020f95c0ad40;  1 drivers
L_0000020f95c0ad88 .functor BUFT 1, C4<0>, C4<0>, C4<0>, C4<0>;
v0000020f95bf9600_0 .net/2u *"_ivl_88", 0 0, L_0000020f95c0ad88;  1 drivers
v0000020f95bf97e0_0 .net *"_ivl_92", 31 0, L_0000020f95c64af0;  1 drivers
L_0000020f95c0add0 .functor BUFT 1, C4<0000000000000000000000000000>, C4<0>, C4<0>, C4<0>;
v0000020f95bf9f60_0 .net *"_ivl_95", 27 0, L_0000020f95c0add0;  1 drivers
L_0000020f95c0ae18 .functor BUFT 1, C4<00000000000000000000000000000001>, C4<0>, C4<0>, C4<0>;
v0000020f95bfa140_0 .net/2u *"_ivl_96", 31 0, L_0000020f95c0ae18;  1 drivers
v0000020f95bf9920_0 .net *"_ivl_98", 0 0, L_0000020f95c65bd0;  1 drivers
v0000020f95bf9ba0_0 .net "aluA", 31 0, v0000020f95c00330_0;  alias, 1 drivers
v0000020f95bfa280_0 .net "aluB", 31 0, v0000020f95c00470_0;  alias, 1 drivers
v0000020f95bfa3c0_0 .net "alufun", 3 0, L_0000020f95c6e9d0;  alias, 1 drivers
v0000020f95bfa6e0_0 .net "cc", 2 0, L_0000020f95c64690;  alias, 1 drivers
v0000020f95bfcb50_0 .net "valE", 31 0, L_0000020f95c63b50;  alias, 1 drivers
L_0000020f95c64690 .concat [ 1 1 1 0], L_0000020f95c65b30, L_0000020f95c64ff0, L_0000020f95c63fb0;
L_0000020f95c638d0 .concat [ 4 28 0 0], L_0000020f95c6e9d0, L_0000020f95c0a998;
L_0000020f95c62ed0 .cmp/eq 32, L_0000020f95c638d0, L_0000020f95c0a9e0;
L_0000020f95c62f70 .arith/sum 32, v0000020f95c00330_0, v0000020f95c00470_0;
L_0000020f95c644b0 .concat [ 4 28 0 0], L_0000020f95c6e9d0, L_0000020f95c0aa28;
L_0000020f95c63290 .cmp/eq 32, L_0000020f95c644b0, L_0000020f95c0aa70;
L_0000020f95c642d0 .arith/sub 32, v0000020f95c00330_0, v0000020f95c00470_0;
L_0000020f95c63330 .concat [ 4 28 0 0], L_0000020f95c6e9d0, L_0000020f95c0aab8;
L_0000020f95c63970 .cmp/eq 32, L_0000020f95c63330, L_0000020f95c0ab00;
L_0000020f95c63dd0 .concat [ 4 28 0 0], L_0000020f95c6e9d0, L_0000020f95c0ab48;
L_0000020f95c64550 .cmp/eq 32, L_0000020f95c63dd0, L_0000020f95c0ab90;
L_0000020f95c63a10 .functor MUXZ 32, o0000020f95b9e578, L_0000020f95c6a3c0, L_0000020f95c64550, C4<>;
L_0000020f95c63ab0 .functor MUXZ 32, L_0000020f95c63a10, L_0000020f9582d1e0, L_0000020f95c63970, C4<>;
L_0000020f95c64370 .functor MUXZ 32, L_0000020f95c63ab0, L_0000020f95c642d0, L_0000020f95c63290, C4<>;
L_0000020f95c63b50 .functor MUXZ 32, L_0000020f95c64370, L_0000020f95c62f70, L_0000020f95c62ed0, C4<>;
L_0000020f95c63e70 .cmp/eq 32, L_0000020f95c63b50, L_0000020f95c0abd8;
L_0000020f95c63fb0 .functor MUXZ 1, L_0000020f95c0ac68, L_0000020f95c0ac20, L_0000020f95c63e70, C4<>;
L_0000020f95c645f0 .part L_0000020f95c63b50, 31, 1;
L_0000020f95c651d0 .concat [ 1 31 0 0], L_0000020f95c645f0, L_0000020f95c0acb0;
L_0000020f95c64910 .cmp/eq 32, L_0000020f95c651d0, L_0000020f95c0acf8;
L_0000020f95c64ff0 .functor MUXZ 1, L_0000020f95c0ad88, L_0000020f95c0ad40, L_0000020f95c64910, C4<>;
L_0000020f95c64af0 .concat [ 4 28 0 0], L_0000020f95c6e9d0, L_0000020f95c0add0;
L_0000020f95c65bd0 .cmp/eq 32, L_0000020f95c64af0, L_0000020f95c0ae18;
L_0000020f95c65a90 .cmp/gt.s 32, L_0000020f9582dd40, L_0000020f95c0ae60;
L_0000020f95c64c30 .cmp/gt.s 32, L_0000020f95c0aea8, L_0000020f9582d100;
L_0000020f95c64cd0 .cmp/ge.s 32, L_0000020f95c0aef0, L_0000020f9582d170;
L_0000020f95c65e50 .cmp/gt.s 32, L_0000020f95c0af38, L_0000020f9582dd40;
L_0000020f95c65310 .cmp/gt.s 32, L_0000020f9582d100, L_0000020f95c0af80;
L_0000020f95c65c70 .cmp/ge.s 32, L_0000020f9582d170, L_0000020f95c0afc8;
L_0000020f95c64d70 .functor MUXZ 2, L_0000020f95c0b058, L_0000020f95c0b010, L_0000020f95c6af90, C4<>;
L_0000020f95c656d0 .cmp/gt.s 32, L_0000020f95c0b0a0, L_0000020f9582dd40;
L_0000020f95c649b0 .cmp/gt.s 32, L_0000020f95c0b0e8, L_0000020f9582d100;
L_0000020f95c653b0 .cmp/ge.s 32, L_0000020f9582d170, L_0000020f95c0b130;
L_0000020f95c65450 .cmp/ge.s 32, L_0000020f9582dd40, L_0000020f95c0b178;
L_0000020f95c65590 .cmp/ge.s 32, L_0000020f9582d100, L_0000020f95c0b1c0;
L_0000020f95c654f0 .cmp/gt.s 32, L_0000020f95c0b208, L_0000020f9582d170;
L_0000020f95c65630 .functor MUXZ 2, L_0000020f95c0b298, L_0000020f95c0b250, L_0000020f95c6a7b0, C4<>;
L_0000020f95c65090 .functor MUXZ 2, L_0000020f95c65630, L_0000020f95c64d70, L_0000020f95c65bd0, C4<>;
L_0000020f95c65b30 .part L_0000020f95c65090, 0, 1;
S_0000020f957d5320 .scope module, "ram" "ram" 3 51, 5 3 0, S_0000020f957bb9b0;
 .timescale -9 -11;
    .port_info 0 /INPUT 1 "clock";
    .port_info 1 /INPUT 32 "addr";
    .port_info 2 /INPUT 1 "wr";
    .port_info 3 /INPUT 32 "wdata";
    .port_info 4 /INPUT 1 "rd";
    .port_info 5 /OUTPUT 32 "rdata";
v0000020f95bfc330_0 .net "addr", 31 0, L_0000020f95c65d10;  alias, 1 drivers
v0000020f95bfcd30_0 .net "clock", 0 0, v0000020f95c099c0_0;  alias, 1 drivers
v0000020f95bfcbf0 .array "ram", 0 255, 31 0;
v0000020f95bfb070_0 .net "rd", 0 0, L_0000020f95c65810;  alias, 1 drivers
v0000020f95bfcf10_0 .var "rdata", 31 0;
v0000020f95bfc970_0 .net "wdata", 31 0, v0000020f95c088e0_0;  alias, 1 drivers
v0000020f95bfbf70_0 .net "wr", 0 0, v0000020f95c08e80_0;  alias, 1 drivers
E_0000020f9581e430 .event negedge, v0000020f95bfcd30_0;
S_0000020f957d54b0 .scope module, "regfile" "regfile" 3 59, 6 3 0, S_0000020f957bb9b0;
 .timescale -9 -11;
    .port_info 0 /INPUT 4 "dstE";
    .port_info 1 /INPUT 32 "valE";
    .port_info 2 /INPUT 4 "dstM";
    .port_info 3 /INPUT 32 "valM";
    .port_info 4 /INPUT 4 "rA";
    .port_info 5 /INPUT 4 "rB";
    .port_info 6 /INPUT 1 "reset";
    .port_info 7 /INPUT 1 "clock";
    .port_info 8 /OUTPUT 32 "valA";
    .port_info 9 /OUTPUT 32 "valB";
    .port_info 10 /OUTPUT 32 "r0";
    .port_info 11 /OUTPUT 32 "r1";
    .port_info 12 /OUTPUT 32 "r2";
    .port_info 13 /OUTPUT 32 "r3";
    .port_info 14 /OUTPUT 32 "r4";
    .port_info 15 /OUTPUT 32 "r5";
    .port_info 16 /OUTPUT 32 "r6";
    .port_info 17 /OUTPUT 32 "r7";
v0000020f95bfb110_0 .net *"_ivl_0", 31 0, L_0000020f95c08980;  1 drivers
L_0000020f95c0a638 .functor BUFT 1, C4<0000000000000000000000000000>, C4<0>, C4<0>, C4<0>;
v0000020f95bfb390_0 .net *"_ivl_101", 27 0, L_0000020f95c0a638;  1 drivers
L_0000020f95c0a680 .functor BUFT 1, C4<00000000000000000000000000000010>, C4<0>, C4<0>, C4<0>;
v0000020f95bfc0b0_0 .net/2u *"_ivl_102", 31 0, L_0000020f95c0a680;  1 drivers
v0000020f95bfca10_0 .net *"_ivl_104", 0 0, L_0000020f95c622f0;  1 drivers
v0000020f95bfb1b0_0 .net *"_ivl_106", 31 0, L_0000020f95c63510;  1 drivers
L_0000020f95c0a6c8 .functor BUFT 1, C4<0000000000000000000000000000>, C4<0>, C4<0>, C4<0>;
v0000020f95bfc010_0 .net *"_ivl_109", 27 0, L_0000020f95c0a6c8;  1 drivers
L_0000020f95c0a128 .functor BUFT 1, C4<0000000000000000000000000000>, C4<0>, C4<0>, C4<0>;
v0000020f95bfc6f0_0 .net *"_ivl_11", 27 0, L_0000020f95c0a128;  1 drivers
L_0000020f95c0a710 .functor BUFT 1, C4<00000000000000000000000000000011>, C4<0>, C4<0>, C4<0>;
v0000020f95bfc3d0_0 .net/2u *"_ivl_110", 31 0, L_0000020f95c0a710;  1 drivers
v0000020f95bfb250_0 .net *"_ivl_112", 0 0, L_0000020f95c62390;  1 drivers
v0000020f95bfb430_0 .net *"_ivl_114", 31 0, L_0000020f95c62890;  1 drivers
L_0000020f95c0a758 .functor BUFT 1, C4<0000000000000000000000000000>, C4<0>, C4<0>, C4<0>;
v0000020f95bfcab0_0 .net *"_ivl_117", 27 0, L_0000020f95c0a758;  1 drivers
L_0000020f95c0a7a0 .functor BUFT 1, C4<00000000000000000000000000000100>, C4<0>, C4<0>, C4<0>;
v0000020f95bfc470_0 .net/2u *"_ivl_118", 31 0, L_0000020f95c0a7a0;  1 drivers
L_0000020f95c0a170 .functor BUFT 1, C4<00000000000000000000000000000001>, C4<0>, C4<0>, C4<0>;
v0000020f95bfb7f0_0 .net/2u *"_ivl_12", 31 0, L_0000020f95c0a170;  1 drivers
v0000020f95bfb2f0_0 .net *"_ivl_120", 0 0, L_0000020f95c62930;  1 drivers
v0000020f95bfb570_0 .net *"_ivl_122", 31 0, L_0000020f95c640f0;  1 drivers
L_0000020f95c0a7e8 .functor BUFT 1, C4<0000000000000000000000000000>, C4<0>, C4<0>, C4<0>;
v0000020f95bfb9d0_0 .net *"_ivl_125", 27 0, L_0000020f95c0a7e8;  1 drivers
L_0000020f95c0a830 .functor BUFT 1, C4<00000000000000000000000000000101>, C4<0>, C4<0>, C4<0>;
v0000020f95bfc510_0 .net/2u *"_ivl_126", 31 0, L_0000020f95c0a830;  1 drivers
v0000020f95bfc150_0 .net *"_ivl_128", 0 0, L_0000020f95c62430;  1 drivers
v0000020f95bfb610_0 .net *"_ivl_130", 31 0, L_0000020f95c62a70;  1 drivers
L_0000020f95c0a878 .functor BUFT 1, C4<0000000000000000000000000000>, C4<0>, C4<0>, C4<0>;
v0000020f95bfc1f0_0 .net *"_ivl_133", 27 0, L_0000020f95c0a878;  1 drivers
L_0000020f95c0a8c0 .functor BUFT 1, C4<00000000000000000000000000000110>, C4<0>, C4<0>, C4<0>;
v0000020f95bfb4d0_0 .net/2u *"_ivl_134", 31 0, L_0000020f95c0a8c0;  1 drivers
v0000020f95bfb6b0_0 .net *"_ivl_136", 0 0, L_0000020f95c62110;  1 drivers
v0000020f95bfba70_0 .net *"_ivl_138", 31 0, L_0000020f95c62b10;  1 drivers
v0000020f95bfbcf0_0 .net *"_ivl_14", 0 0, L_0000020f95c62570;  1 drivers
L_0000020f95c0a908 .functor BUFT 1, C4<0000000000000000000000000000>, C4<0>, C4<0>, C4<0>;
v0000020f95bfb750_0 .net *"_ivl_141", 27 0, L_0000020f95c0a908;  1 drivers
L_0000020f95c0a950 .functor BUFT 1, C4<00000000000000000000000000000111>, C4<0>, C4<0>, C4<0>;
v0000020f95bfb890_0 .net/2u *"_ivl_142", 31 0, L_0000020f95c0a950;  1 drivers
v0000020f95bfbb10_0 .net *"_ivl_144", 0 0, L_0000020f95c64230;  1 drivers
o0000020f95b9f268 .functor BUFZ 32, C4<zzzzzzzzzzzzzzzzzzzzzzzzzzzzzzzz>; HiZ drive
; Elide local net with no drivers, v0000020f95bfbbb0_0 name=_ivl_146
v0000020f95bfbc50_0 .net *"_ivl_148", 31 0, L_0000020f95c62250;  1 drivers
v0000020f95bfc290_0 .net *"_ivl_150", 31 0, L_0000020f95c636f0;  1 drivers
v0000020f95bfc790_0 .net *"_ivl_152", 31 0, L_0000020f95c63830;  1 drivers
v0000020f95bfcc90_0 .net *"_ivl_154", 31 0, L_0000020f95c64870;  1 drivers
v0000020f95bfbd90_0 .net *"_ivl_156", 31 0, L_0000020f95c62c50;  1 drivers
v0000020f95bfbe30_0 .net *"_ivl_158", 31 0, L_0000020f95c62d90;  1 drivers
v0000020f95bfc5b0_0 .net *"_ivl_16", 31 0, L_0000020f95c63650;  1 drivers
v0000020f95bfc650_0 .net *"_ivl_160", 31 0, L_0000020f95c62e30;  1 drivers
L_0000020f95c0a1b8 .functor BUFT 1, C4<0000000000000000000000000000>, C4<0>, C4<0>, C4<0>;
v0000020f95bfbed0_0 .net *"_ivl_19", 27 0, L_0000020f95c0a1b8;  1 drivers
L_0000020f95c0a200 .functor BUFT 1, C4<00000000000000000000000000000010>, C4<0>, C4<0>, C4<0>;
v0000020f95bfc830_0 .net/2u *"_ivl_20", 31 0, L_0000020f95c0a200;  1 drivers
v0000020f95bfc8d0_0 .net *"_ivl_22", 0 0, L_0000020f95c630b0;  1 drivers
v0000020f95bfcdd0_0 .net *"_ivl_24", 31 0, L_0000020f95c63f10;  1 drivers
L_0000020f95c0a248 .functor BUFT 1, C4<0000000000000000000000000000>, C4<0>, C4<0>, C4<0>;
v0000020f95bfce70_0 .net *"_ivl_27", 27 0, L_0000020f95c0a248;  1 drivers
L_0000020f95c0a290 .functor BUFT 1, C4<00000000000000000000000000000011>, C4<0>, C4<0>, C4<0>;
v0000020f95bfe210_0 .net/2u *"_ivl_28", 31 0, L_0000020f95c0a290;  1 drivers
L_0000020f95c0a098 .functor BUFT 1, C4<0000000000000000000000000000>, C4<0>, C4<0>, C4<0>;
v0000020f95bff2f0_0 .net *"_ivl_3", 27 0, L_0000020f95c0a098;  1 drivers
v0000020f95bff250_0 .net *"_ivl_30", 0 0, L_0000020f95c621b0;  1 drivers
v0000020f95bfd310_0 .net *"_ivl_32", 31 0, L_0000020f95c63150;  1 drivers
L_0000020f95c0a2d8 .functor BUFT 1, C4<0000000000000000000000000000>, C4<0>, C4<0>, C4<0>;
v0000020f95bfeb70_0 .net *"_ivl_35", 27 0, L_0000020f95c0a2d8;  1 drivers
L_0000020f95c0a320 .functor BUFT 1, C4<00000000000000000000000000000100>, C4<0>, C4<0>, C4<0>;
v0000020f95bfe2b0_0 .net/2u *"_ivl_36", 31 0, L_0000020f95c0a320;  1 drivers
v0000020f95bfe350_0 .net *"_ivl_38", 0 0, L_0000020f95c633d0;  1 drivers
L_0000020f95c0a0e0 .functor BUFT 1, C4<00000000000000000000000000000000>, C4<0>, C4<0>, C4<0>;
v0000020f95bfd270_0 .net/2u *"_ivl_4", 31 0, L_0000020f95c0a0e0;  1 drivers
v0000020f95bfd9f0_0 .net *"_ivl_40", 31 0, L_0000020f95c62cf0;  1 drivers
L_0000020f95c0a368 .functor BUFT 1, C4<0000000000000000000000000000>, C4<0>, C4<0>, C4<0>;
v0000020f95bfd3b0_0 .net *"_ivl_43", 27 0, L_0000020f95c0a368;  1 drivers
L_0000020f95c0a3b0 .functor BUFT 1, C4<00000000000000000000000000000101>, C4<0>, C4<0>, C4<0>;
v0000020f95bff750_0 .net/2u *"_ivl_44", 31 0, L_0000020f95c0a3b0;  1 drivers
v0000020f95bff7f0_0 .net *"_ivl_46", 0 0, L_0000020f95c63c90;  1 drivers
v0000020f95bfedf0_0 .net *"_ivl_48", 31 0, L_0000020f95c629d0;  1 drivers
L_0000020f95c0a3f8 .functor BUFT 1, C4<0000000000000000000000000000>, C4<0>, C4<0>, C4<0>;
v0000020f95bfd4f0_0 .net *"_ivl_51", 27 0, L_0000020f95c0a3f8;  1 drivers
L_0000020f95c0a440 .functor BUFT 1, C4<00000000000000000000000000000110>, C4<0>, C4<0>, C4<0>;
v0000020f95bfee90_0 .net/2u *"_ivl_52", 31 0, L_0000020f95c0a440;  1 drivers
v0000020f95bfe7b0_0 .net *"_ivl_54", 0 0, L_0000020f95c64190;  1 drivers
v0000020f95bfefd0_0 .net *"_ivl_56", 31 0, L_0000020f95c63d30;  1 drivers
L_0000020f95c0a488 .functor BUFT 1, C4<0000000000000000000000000000>, C4<0>, C4<0>, C4<0>;
v0000020f95bfd450_0 .net *"_ivl_59", 27 0, L_0000020f95c0a488;  1 drivers
v0000020f95bff390_0 .net *"_ivl_6", 0 0, L_0000020f95c09740;  1 drivers
L_0000020f95c0a4d0 .functor BUFT 1, C4<00000000000000000000000000000111>, C4<0>, C4<0>, C4<0>;
v0000020f95bff430_0 .net/2u *"_ivl_60", 31 0, L_0000020f95c0a4d0;  1 drivers
v0000020f95bfde50_0 .net *"_ivl_62", 0 0, L_0000020f95c64410;  1 drivers
o0000020f95b9f8f8 .functor BUFZ 32, C4<zzzzzzzzzzzzzzzzzzzzzzzzzzzzzzzz>; HiZ drive
; Elide local net with no drivers, v0000020f95bfd950_0 name=_ivl_64
v0000020f95bfdbd0_0 .net *"_ivl_66", 31 0, L_0000020f95c62610;  1 drivers
v0000020f95bfd590_0 .net *"_ivl_68", 31 0, L_0000020f95c624d0;  1 drivers
v0000020f95bfec10_0 .net *"_ivl_70", 31 0, L_0000020f95c62bb0;  1 drivers
v0000020f95bfdef0_0 .net *"_ivl_72", 31 0, L_0000020f95c64730;  1 drivers
v0000020f95bff110_0 .net *"_ivl_74", 31 0, L_0000020f95c63010;  1 drivers
v0000020f95bfdf90_0 .net *"_ivl_76", 31 0, L_0000020f95c64050;  1 drivers
v0000020f95bfda90_0 .net *"_ivl_78", 31 0, L_0000020f95c631f0;  1 drivers
v0000020f95bfdc70_0 .net *"_ivl_8", 31 0, L_0000020f95c63bf0;  1 drivers
v0000020f95bfecb0_0 .net *"_ivl_82", 31 0, L_0000020f95c647d0;  1 drivers
L_0000020f95c0a518 .functor BUFT 1, C4<0000000000000000000000000000>, C4<0>, C4<0>, C4<0>;
v0000020f95bff4d0_0 .net *"_ivl_85", 27 0, L_0000020f95c0a518;  1 drivers
L_0000020f95c0a560 .functor BUFT 1, C4<00000000000000000000000000000000>, C4<0>, C4<0>, C4<0>;
v0000020f95bff1b0_0 .net/2u *"_ivl_86", 31 0, L_0000020f95c0a560;  1 drivers
v0000020f95bfdb30_0 .net *"_ivl_88", 0 0, L_0000020f95c626b0;  1 drivers
v0000020f95bfd810_0 .net *"_ivl_90", 31 0, L_0000020f95c62750;  1 drivers
L_0000020f95c0a5a8 .functor BUFT 1, C4<0000000000000000000000000000>, C4<0>, C4<0>, C4<0>;
v0000020f95bfd090_0 .net *"_ivl_93", 27 0, L_0000020f95c0a5a8;  1 drivers
L_0000020f95c0a5f0 .functor BUFT 1, C4<00000000000000000000000000000001>, C4<0>, C4<0>, C4<0>;
v0000020f95bff570_0 .net/2u *"_ivl_94", 31 0, L_0000020f95c0a5f0;  1 drivers
v0000020f95bff610_0 .net *"_ivl_96", 0 0, L_0000020f95c627f0;  1 drivers
v0000020f95bfed50_0 .net *"_ivl_98", 31 0, L_0000020f95c635b0;  1 drivers
v0000020f95bff070_0 .net "clock", 0 0, v0000020f95c099c0_0;  alias, 1 drivers
v0000020f95bfe490_0 .net "dstE", 3 0, v0000020f95c00bf0_0;  alias, 1 drivers
v0000020f95bfddb0_0 .net "dstM", 3 0, v0000020f95c00970_0;  alias, 1 drivers
v0000020f95bfd630_0 .net "r0", 31 0, v0000020f95bfe0d0_0;  alias, 1 drivers
v0000020f95bfe170_0 .net "r1", 31 0, v0000020f95bfe530_0;  alias, 1 drivers
v0000020f95bfdd10_0 .net "r2", 31 0, v0000020f95bfe5d0_0;  alias, 1 drivers
v0000020f95bfef30_0 .net "r3", 31 0, v0000020f95bfe670_0;  alias, 1 drivers
v0000020f95bff6b0_0 .net "r4", 31 0, v0000020f95bfd6d0_0;  alias, 1 drivers
v0000020f95bfd130_0 .net "r5", 31 0, v0000020f95bfe710_0;  alias, 1 drivers
v0000020f95bfe030_0 .net "r6", 31 0, v0000020f95bfd8b0_0;  alias, 1 drivers
v0000020f95bfe3f0_0 .net "r7", 31 0, v0000020f95bfe8f0_0;  alias, 1 drivers
v0000020f95bfd770_0 .net "rA", 3 0, L_0000020f95c64a50;  alias, 1 drivers
v0000020f95bfe850_0 .net "rB", 3 0, L_0000020f95c659f0;  alias, 1 drivers
v0000020f95bfe0d0_0 .var "r_r0", 31 0;
v0000020f95bfe530_0 .var "r_r1", 31 0;
v0000020f95bfe5d0_0 .var "r_r2", 31 0;
v0000020f95bfe670_0 .var "r_r3", 31 0;
v0000020f95bfd6d0_0 .var "r_r4", 31 0;
v0000020f95bfe710_0 .var "r_r5", 31 0;
v0000020f95bfd8b0_0 .var "r_r6", 31 0;
v0000020f95bfe8f0_0 .var "r_r7", 31 0;
v0000020f95bfd1d0_0 .net "reset", 0 0, v0000020f95c07760_0;  1 drivers
v0000020f95bfe990_0 .net "valA", 31 0, L_0000020f95c63470;  alias, 1 drivers
v0000020f95bfea30_0 .net "valB", 31 0, L_0000020f95c63790;  alias, 1 drivers
v0000020f95bfead0_0 .net "valE", 31 0, v0000020f95bff9d0_0;  alias, 1 drivers
v0000020f95c00e70_0 .net "valM", 31 0, v0000020f95c00790_0;  alias, 1 drivers
E_0000020f9581e770/0 .event negedge, v0000020f95bfd1d0_0;
E_0000020f9581e770/1 .event posedge, v0000020f95bfcd30_0;
E_0000020f9581e770 .event/or E_0000020f9581e770/0, E_0000020f9581e770/1;
L_0000020f95c08980 .concat [ 4 28 0 0], L_0000020f95c64a50, L_0000020f95c0a098;
L_0000020f95c09740 .cmp/eq 32, L_0000020f95c08980, L_0000020f95c0a0e0;
L_0000020f95c63bf0 .concat [ 4 28 0 0], L_0000020f95c64a50, L_0000020f95c0a128;
L_0000020f95c62570 .cmp/eq 32, L_0000020f95c63bf0, L_0000020f95c0a170;
L_0000020f95c63650 .concat [ 4 28 0 0], L_0000020f95c64a50, L_0000020f95c0a1b8;
L_0000020f95c630b0 .cmp/eq 32, L_0000020f95c63650, L_0000020f95c0a200;
L_0000020f95c63f10 .concat [ 4 28 0 0], L_0000020f95c64a50, L_0000020f95c0a248;
L_0000020f95c621b0 .cmp/eq 32, L_0000020f95c63f10, L_0000020f95c0a290;
L_0000020f95c63150 .concat [ 4 28 0 0], L_0000020f95c64a50, L_0000020f95c0a2d8;
L_0000020f95c633d0 .cmp/eq 32, L_0000020f95c63150, L_0000020f95c0a320;
L_0000020f95c62cf0 .concat [ 4 28 0 0], L_0000020f95c64a50, L_0000020f95c0a368;
L_0000020f95c63c90 .cmp/eq 32, L_0000020f95c62cf0, L_0000020f95c0a3b0;
L_0000020f95c629d0 .concat [ 4 28 0 0], L_0000020f95c64a50, L_0000020f95c0a3f8;
L_0000020f95c64190 .cmp/eq 32, L_0000020f95c629d0, L_0000020f95c0a440;
L_0000020f95c63d30 .concat [ 4 28 0 0], L_0000020f95c64a50, L_0000020f95c0a488;
L_0000020f95c64410 .cmp/eq 32, L_0000020f95c63d30, L_0000020f95c0a4d0;
L_0000020f95c62610 .functor MUXZ 32, o0000020f95b9f8f8, v0000020f95bfe8f0_0, L_0000020f95c64410, C4<>;
L_0000020f95c624d0 .functor MUXZ 32, L_0000020f95c62610, v0000020f95bfd8b0_0, L_0000020f95c64190, C4<>;
L_0000020f95c62bb0 .functor MUXZ 32, L_0000020f95c624d0, v0000020f95bfe710_0, L_0000020f95c63c90, C4<>;
L_0000020f95c64730 .functor MUXZ 32, L_0000020f95c62bb0, v0000020f95bfd6d0_0, L_0000020f95c633d0, C4<>;
L_0000020f95c63010 .functor MUXZ 32, L_0000020f95c64730, v0000020f95bfe670_0, L_0000020f95c621b0, C4<>;
L_0000020f95c64050 .functor MUXZ 32, L_0000020f95c63010, v0000020f95bfe5d0_0, L_0000020f95c630b0, C4<>;
L_0000020f95c631f0 .functor MUXZ 32, L_0000020f95c64050, v0000020f95bfe530_0, L_0000020f95c62570, C4<>;
L_0000020f95c63470 .functor MUXZ 32, L_0000020f95c631f0, v0000020f95bfe0d0_0, L_0000020f95c09740, C4<>;
L_0000020f95c647d0 .concat [ 4 28 0 0], L_0000020f95c659f0, L_0000020f95c0a518;
L_0000020f95c626b0 .cmp/eq 32, L_0000020f95c647d0, L_0000020f95c0a560;
L_0000020f95c62750 .concat [ 4 28 0 0], L_0000020f95c659f0, L_0000020f95c0a5a8;
L_0000020f95c627f0 .cmp/eq 32, L_0000020f95c62750, L_0000020f95c0a5f0;
L_0000020f95c635b0 .concat [ 4 28 0 0], L_0000020f95c659f0, L_0000020f95c0a638;
L_0000020f95c622f0 .cmp/eq 32, L_0000020f95c635b0, L_0000020f95c0a680;
L_0000020f95c63510 .concat [ 4 28 0 0], L_0000020f95c659f0, L_0000020f95c0a6c8;
L_0000020f95c62390 .cmp/eq 32, L_0000020f95c63510, L_0000020f95c0a710;
L_0000020f95c62890 .concat [ 4 28 0 0], L_0000020f95c659f0, L_0000020f95c0a758;
L_0000020f95c62930 .cmp/eq 32, L_0000020f95c62890, L_0000020f95c0a7a0;
L_0000020f95c640f0 .concat [ 4 28 0 0], L_0000020f95c659f0, L_0000020f95c0a7e8;
L_0000020f95c62430 .cmp/eq 32, L_0000020f95c640f0, L_0000020f95c0a830;
L_0000020f95c62a70 .concat [ 4 28 0 0], L_0000020f95c659f0, L_0000020f95c0a878;
L_0000020f95c62110 .cmp/eq 32, L_0000020f95c62a70, L_0000020f95c0a8c0;
L_0000020f95c62b10 .concat [ 4 28 0 0], L_0000020f95c659f0, L_0000020f95c0a908;
L_0000020f95c64230 .cmp/eq 32, L_0000020f95c62b10, L_0000020f95c0a950;
L_0000020f95c62250 .functor MUXZ 32, o0000020f95b9f268, v0000020f95bfe8f0_0, L_0000020f95c64230, C4<>;
L_0000020f95c636f0 .functor MUXZ 32, L_0000020f95c62250, v0000020f95bfd8b0_0, L_0000020f95c62110, C4<>;
L_0000020f95c63830 .functor MUXZ 32, L_0000020f95c636f0, v0000020f95bfe710_0, L_0000020f95c62430, C4<>;
L_0000020f95c64870 .functor MUXZ 32, L_0000020f95c63830, v0000020f95bfd6d0_0, L_0000020f95c62930, C4<>;
L_0000020f95c62c50 .functor MUXZ 32, L_0000020f95c64870, v0000020f95bfe670_0, L_0000020f95c62390, C4<>;
L_0000020f95c62d90 .functor MUXZ 32, L_0000020f95c62c50, v0000020f95bfe5d0_0, L_0000020f95c622f0, C4<>;
L_0000020f95c62e30 .functor MUXZ 32, L_0000020f95c62d90, v0000020f95bfe530_0, L_0000020f95c627f0, C4<>;
L_0000020f95c63790 .functor MUXZ 32, L_0000020f95c62e30, v0000020f95bfe0d0_0, L_0000020f95c626b0, C4<>;
    .scope S_0000020f957d5320;
T_0 ;
    %pushi/vec4 0, 4294967295, 32;
    %store/vec4 v0000020f95bfcf10_0, 0, 32;
    %end;
    .thread T_0;
    .scope S_0000020f957d5320;
T_1 ;
    %wait E_0000020f9581e430;
    %load/vec4 v0000020f95bfbf70_0;
    %flag_set/vec4 8;
    %jmp/0xz  T_1.0, 8;
    %load/vec4 v0000020f95bfc970_0;
    %ix/getv 3, v0000020f95bfc330_0;
    %ix/load 4, 0, 0; Constant delay
    %assign/vec4/a/d v0000020f95bfcbf0, 0, 4;
T_1.0 ;
    %load/vec4 v0000020f95bfb070_0;
    %flag_set/vec4 8;
    %jmp/0xz  T_1.2, 8;
    %ix/getv 4, v0000020f95bfc330_0;
    %load/vec4a v0000020f95bfcbf0, 4;
    %assign/vec4 v0000020f95bfcf10_0, 0;
    %jmp T_1.3;
T_1.2 ;
    %pushi/vec4 0, 4294967295, 32;
    %assign/vec4 v0000020f95bfcf10_0, 0;
T_1.3 ;
    %jmp T_1;
    .thread T_1;
    .scope S_0000020f957d54b0;
T_2 ;
    %wait E_0000020f9581e770;
    %load/vec4 v0000020f95bfd1d0_0;
    %flag_set/vec4 8;
    %jmp/0xz  T_2.0, 8;
    %pushi/vec4 0, 0, 32;
    %assign/vec4 v0000020f95bfe0d0_0, 0;
    %pushi/vec4 0, 0, 32;
    %assign/vec4 v0000020f95bfe530_0, 0;
    %pushi/vec4 0, 0, 32;
    %assign/vec4 v0000020f95bfe5d0_0, 0;
    %pushi/vec4 0, 0, 32;
    %assign/vec4 v0000020f95bfe670_0, 0;
    %pushi/vec4 0, 0, 32;
    %assign/vec4 v0000020f95bfd6d0_0, 0;
    %pushi/vec4 0, 0, 32;
    %assign/vec4 v0000020f95bfe710_0, 0;
    %pushi/vec4 0, 0, 32;
    %assign/vec4 v0000020f95bfd8b0_0, 0;
    %pushi/vec4 0, 0, 32;
    %assign/vec4 v0000020f95bfe8f0_0, 0;
    %jmp T_2.1;
T_2.0 ;
    %load/vec4 v0000020f95bfe490_0;
    %dup/vec4;
    %pushi/vec4 0, 0, 4;
    %cmp/u;
    %jmp/1 T_2.2, 6;
    %dup/vec4;
    %pushi/vec4 1, 0, 4;
    %cmp/u;
    %jmp/1 T_2.3, 6;
    %dup/vec4;
    %pushi/vec4 2, 0, 4;
    %cmp/u;
    %jmp/1 T_2.4, 6;
    %dup/vec4;
    %pushi/vec4 3, 0, 4;
    %cmp/u;
    %jmp/1 T_2.5, 6;
    %dup/vec4;
    %pushi/vec4 4, 0, 4;
    %cmp/u;
    %jmp/1 T_2.6, 6;
    %dup/vec4;
    %pushi/vec4 5, 0, 4;
    %cmp/u;
    %jmp/1 T_2.7, 6;
    %dup/vec4;
    %pushi/vec4 6, 0, 4;
    %cmp/u;
    %jmp/1 T_2.8, 6;
    %dup/vec4;
    %pushi/vec4 7, 0, 4;
    %cmp/u;
    %jmp/1 T_2.9, 6;
    %jmp T_2.10;
T_2.2 ;
    %load/vec4 v0000020f95bfead0_0;
    %assign/vec4 v0000020f95bfe0d0_0, 0;
    %jmp T_2.10;
T_2.3 ;
    %load/vec4 v0000020f95bfead0_0;
    %assign/vec4 v0000020f95bfe530_0, 0;
    %jmp T_2.10;
T_2.4 ;
    %load/vec4 v0000020f95bfead0_0;
    %assign/vec4 v0000020f95bfe5d0_0, 0;
    %jmp T_2.10;
T_2.5 ;
    %load/vec4 v0000020f95bfead0_0;
    %assign/vec4 v0000020f95bfe670_0, 0;
    %jmp T_2.10;
T_2.6 ;
    %load/vec4 v0000020f95bfead0_0;
    %assign/vec4 v0000020f95bfd6d0_0, 0;
    %jmp T_2.10;
T_2.7 ;
    %load/vec4 v0000020f95bfead0_0;
    %assign/vec4 v0000020f95bfe710_0, 0;
    %jmp T_2.10;
T_2.8 ;
    %load/vec4 v0000020f95bfead0_0;
    %assign/vec4 v0000020f95bfd8b0_0, 0;
    %jmp T_2.10;
T_2.9 ;
    %load/vec4 v0000020f95bfead0_0;
    %assign/vec4 v0000020f95bfe8f0_0, 0;
    %jmp T_2.10;
T_2.10 ;
    %pop/vec4 1;
    %load/vec4 v0000020f95bfddb0_0;
    %dup/vec4;
    %pushi/vec4 0, 0, 4;
    %cmp/u;
    %jmp/1 T_2.11, 6;
    %dup/vec4;
    %pushi/vec4 1, 0, 4;
    %cmp/u;
    %jmp/1 T_2.12, 6;
    %dup/vec4;
    %pushi/vec4 2, 0, 4;
    %cmp/u;
    %jmp/1 T_2.13, 6;
    %dup/vec4;
    %pushi/vec4 3, 0, 4;
    %cmp/u;
    %jmp/1 T_2.14, 6;
    %dup/vec4;
    %pushi/vec4 4, 0, 4;
    %cmp/u;
    %jmp/1 T_2.15, 6;
    %dup/vec4;
    %pushi/vec4 5, 0, 4;
    %cmp/u;
    %jmp/1 T_2.16, 6;
    %dup/vec4;
    %pushi/vec4 6, 0, 4;
    %cmp/u;
    %jmp/1 T_2.17, 6;
    %dup/vec4;
    %pushi/vec4 7, 0, 4;
    %cmp/u;
    %jmp/1 T_2.18, 6;
    %jmp T_2.19;
T_2.11 ;
    %load/vec4 v0000020f95c00e70_0;
    %assign/vec4 v0000020f95bfe0d0_0, 0;
    %jmp T_2.19;
T_2.12 ;
    %load/vec4 v0000020f95c00e70_0;
    %assign/vec4 v0000020f95bfe530_0, 0;
    %jmp T_2.19;
T_2.13 ;
    %load/vec4 v0000020f95c00e70_0;
    %assign/vec4 v0000020f95bfe5d0_0, 0;
    %jmp T_2.19;
T_2.14 ;
    %load/vec4 v0000020f95c00e70_0;
    %assign/vec4 v0000020f95bfe670_0, 0;
    %jmp T_2.19;
T_2.15 ;
    %load/vec4 v0000020f95c00e70_0;
    %assign/vec4 v0000020f95bfd6d0_0, 0;
    %jmp T_2.19;
T_2.16 ;
    %load/vec4 v0000020f95c00e70_0;
    %assign/vec4 v0000020f95bfe710_0, 0;
    %jmp T_2.19;
T_2.17 ;
    %load/vec4 v0000020f95c00e70_0;
    %assign/vec4 v0000020f95bfd8b0_0, 0;
    %jmp T_2.19;
T_2.18 ;
    %load/vec4 v0000020f95c00e70_0;
    %assign/vec4 v0000020f95bfe8f0_0, 0;
    %jmp T_2.19;
T_2.19 ;
    %pop/vec4 1;
T_2.1 ;
    %jmp T_2;
    .thread T_2;
    .scope S_0000020f957bb9b0;
T_3 ;
    %pushi/vec4 0, 0, 32;
    %store/vec4 v0000020f95c00c90_0, 0, 32;
    %pushi/vec4 0, 15, 4;
    %store/vec4 v0000020f95bffed0_0, 0, 4;
    %pushi/vec4 0, 15, 4;
    %store/vec4 v0000020f95bffa70_0, 0, 4;
    %pushi/vec4 0, 15, 4;
    %store/vec4 v0000020f95c001f0_0, 0, 4;
    %pushi/vec4 0, 15, 4;
    %store/vec4 v0000020f95bffcf0_0, 0, 4;
    %pushi/vec4 0, 4294967295, 32;
    %store/vec4 v0000020f95c00330_0, 0, 32;
    %pushi/vec4 0, 4294967295, 32;
    %store/vec4 v0000020f95c00470_0, 0, 32;
    %pushi/vec4 0, 65535, 16;
    %store/vec4 v0000020f95c00150_0, 0, 16;
    %pushi/vec4 0, 1, 1;
    %store/vec4 v0000020f95bffd90_0, 0, 1;
    %pushi/vec4 0, 0, 1;
    %store/vec4 v0000020f95bffc50_0, 0, 1;
    %pushi/vec4 0, 15, 4;
    %store/vec4 v0000020f95c00970_0, 0, 4;
    %pushi/vec4 0, 4294967295, 32;
    %store/vec4 v0000020f95c00790_0, 0, 32;
    %pushi/vec4 0, 15, 4;
    %store/vec4 v0000020f95c00bf0_0, 0, 4;
    %pushi/vec4 0, 4294967295, 32;
    %store/vec4 v0000020f95bff9d0_0, 0, 32;
    %pushi/vec4 0, 1, 1;
    %store/vec4 v0000020f95c00a10_0, 0, 1;
    %end;
    .thread T_3;
    .scope S_0000020f957bb9b0;
T_4 ;
    %wait E_0000020f9581e3f0;
    %load/vec4 v0000020f95c09ce0_0;
    %flag_set/vec4 8;
    %jmp/0xz  T_4.0, 8;
    %load/vec4 v0000020f95c080c0_0;
    %dup/vec4;
    %pushi/vec4 0, 0, 1;
    %cmp/u;
    %jmp/1 T_4.2, 6;
    %dup/vec4;
    %pushi/vec4 1, 0, 1;
    %cmp/u;
    %jmp/1 T_4.3, 6;
    %load/vec4 v0000020f95c00c90_0;
    %addi 1, 0, 32;
    %assign/vec4 v0000020f95c00c90_0, 0;
    %jmp T_4.5;
T_4.2 ;
    %load/vec4 v0000020f95c00c90_0;
    %addi 1, 0, 32;
    %assign/vec4 v0000020f95c00c90_0, 0;
    %jmp T_4.5;
T_4.3 ;
    %load/vec4 v0000020f95c06180_0;
    %assign/vec4 v0000020f95c00c90_0, 0;
    %jmp T_4.5;
T_4.5 ;
    %pop/vec4 1;
T_4.0 ;
    %load/vec4 v0000020f95c07d00_0;
    %assign/vec4 v0000020f95c00f10_0, 0;
    %jmp T_4;
    .thread T_4;
    .scope S_0000020f957bb9b0;
T_5 ;
    %wait E_0000020f9581e3f0;
    %load/vec4 v0000020f95c09ce0_0;
    %flag_set/vec4 8;
    %jmp/0xz  T_5.0, 8;
    %load/vec4 v0000020f95c06360_0;
    %flag_set/vec4 8;
    %jmp/0xz  T_5.2, 8;
    %load/vec4 v0000020f95bffed0_0;
    %load/vec4 v0000020f95bffa70_0;
    %concat/vec4; draw_concat_vec4
    %split/vec4 4;
    %assign/vec4 v0000020f95bffa70_0, 0;
    %assign/vec4 v0000020f95bffed0_0, 0;
    %pushi/vec4 15, 0, 4;
    %assign/vec4 v0000020f95c001f0_0, 0;
    %pushi/vec4 15, 0, 4;
    %assign/vec4 v0000020f95bffcf0_0, 0;
    %load/vec4 v0000020f95c00150_0;
    %assign/vec4 v0000020f95c00150_0, 0;
    %load/vec4 v0000020f95c00330_0;
    %assign/vec4 v0000020f95c00330_0, 0;
    %load/vec4 v0000020f95c00470_0;
    %assign/vec4 v0000020f95c00470_0, 0;
    %load/vec4 v0000020f95c06360_0;
    %assign/vec4 v0000020f95bffd90_0, 0;
    %jmp T_5.3;
T_5.2 ;
    %load/vec4 v0000020f95c087a0_0;
    %load/vec4 v0000020f95c06fe0_0;
    %concat/vec4; draw_concat_vec4
    %dup/vec4;
    %pushi/vec4 18, 0, 8;
    %cmp/u;
    %jmp/1 T_5.4, 6;
    %dup/vec4;
    %pushi/vec4 48, 0, 8;
    %cmp/u;
    %jmp/1 T_5.5, 6;
    %dup/vec4;
    %pushi/vec4 49, 0, 8;
    %cmp/u;
    %jmp/1 T_5.6, 6;
    %dup/vec4;
    %pushi/vec4 50, 0, 8;
    %cmp/u;
    %jmp/1 T_5.7, 6;
    %dup/vec4;
    %pushi/vec4 51, 0, 8;
    %cmp/u;
    %jmp/1 T_5.8, 6;
    %dup/vec4;
    %pushi/vec4 52, 0, 8;
    %cmp/u;
    %jmp/1 T_5.9, 6;
    %dup/vec4;
    %pushi/vec4 53, 0, 8;
    %cmp/u;
    %jmp/1 T_5.10, 6;
    %dup/vec4;
    %pushi/vec4 54, 0, 8;
    %cmp/u;
    %jmp/1 T_5.11, 6;
    %dup/vec4;
    %pushi/vec4 112, 0, 8;
    %cmp/u;
    %jmp/1 T_5.12, 6;
    %dup/vec4;
    %pushi/vec4 113, 0, 8;
    %cmp/u;
    %jmp/1 T_5.13, 6;
    %dup/vec4;
    %pushi/vec4 114, 0, 8;
    %cmp/u;
    %jmp/1 T_5.14, 6;
    %dup/vec4;
    %pushi/vec4 115, 0, 8;
    %cmp/u;
    %jmp/1 T_5.15, 6;
    %dup/vec4;
    %pushi/vec4 116, 0, 8;
    %cmp/u;
    %jmp/1 T_5.16, 6;
    %dup/vec4;
    %pushi/vec4 117, 0, 8;
    %cmp/u;
    %jmp/1 T_5.17, 6;
    %dup/vec4;
    %pushi/vec4 118, 0, 8;
    %cmp/u;
    %jmp/1 T_5.18, 6;
    %load/vec4 v0000020f95c087a0_0;
    %assign/vec4 v0000020f95bffed0_0, 0;
    %load/vec4 v0000020f95c06fe0_0;
    %assign/vec4 v0000020f95bffa70_0, 0;
    %jmp T_5.20;
T_5.4 ;
    %pushi/vec4 34, 0, 8;
    %split/vec4 4;
    %assign/vec4 v0000020f95bffa70_0, 0;
    %assign/vec4 v0000020f95bffed0_0, 0;
    %jmp T_5.20;
T_5.5 ;
    %pushi/vec4 32, 0, 8;
    %split/vec4 4;
    %assign/vec4 v0000020f95bffa70_0, 0;
    %assign/vec4 v0000020f95bffed0_0, 0;
    %jmp T_5.20;
T_5.6 ;
    %pushi/vec4 32, 0, 8;
    %split/vec4 4;
    %assign/vec4 v0000020f95bffa70_0, 0;
    %assign/vec4 v0000020f95bffed0_0, 0;
    %jmp T_5.20;
T_5.7 ;
    %pushi/vec4 32, 0, 8;
    %split/vec4 4;
    %assign/vec4 v0000020f95bffa70_0, 0;
    %assign/vec4 v0000020f95bffed0_0, 0;
    %jmp T_5.20;
T_5.8 ;
    %pushi/vec4 32, 0, 8;
    %split/vec4 4;
    %assign/vec4 v0000020f95bffa70_0, 0;
    %assign/vec4 v0000020f95bffed0_0, 0;
    %jmp T_5.20;
T_5.9 ;
    %pushi/vec4 32, 0, 8;
    %split/vec4 4;
    %assign/vec4 v0000020f95bffa70_0, 0;
    %assign/vec4 v0000020f95bffed0_0, 0;
    %jmp T_5.20;
T_5.10 ;
    %pushi/vec4 32, 0, 8;
    %split/vec4 4;
    %assign/vec4 v0000020f95bffa70_0, 0;
    %assign/vec4 v0000020f95bffed0_0, 0;
    %jmp T_5.20;
T_5.11 ;
    %pushi/vec4 32, 0, 8;
    %split/vec4 4;
    %assign/vec4 v0000020f95bffa70_0, 0;
    %assign/vec4 v0000020f95bffed0_0, 0;
    %jmp T_5.20;
T_5.12 ;
    %pushi/vec4 34, 0, 8;
    %split/vec4 4;
    %assign/vec4 v0000020f95bffa70_0, 0;
    %assign/vec4 v0000020f95bffed0_0, 0;
    %jmp T_5.20;
T_5.13 ;
    %pushi/vec4 34, 0, 8;
    %split/vec4 4;
    %assign/vec4 v0000020f95bffa70_0, 0;
    %assign/vec4 v0000020f95bffed0_0, 0;
    %jmp T_5.20;
T_5.14 ;
    %pushi/vec4 34, 0, 8;
    %split/vec4 4;
    %assign/vec4 v0000020f95bffa70_0, 0;
    %assign/vec4 v0000020f95bffed0_0, 0;
    %jmp T_5.20;
T_5.15 ;
    %pushi/vec4 34, 0, 8;
    %split/vec4 4;
    %assign/vec4 v0000020f95bffa70_0, 0;
    %assign/vec4 v0000020f95bffed0_0, 0;
    %jmp T_5.20;
T_5.16 ;
    %pushi/vec4 34, 0, 8;
    %split/vec4 4;
    %assign/vec4 v0000020f95bffa70_0, 0;
    %assign/vec4 v0000020f95bffed0_0, 0;
    %jmp T_5.20;
T_5.17 ;
    %pushi/vec4 34, 0, 8;
    %split/vec4 4;
    %assign/vec4 v0000020f95bffa70_0, 0;
    %assign/vec4 v0000020f95bffed0_0, 0;
    %jmp T_5.20;
T_5.18 ;
    %pushi/vec4 34, 0, 8;
    %split/vec4 4;
    %assign/vec4 v0000020f95bffa70_0, 0;
    %assign/vec4 v0000020f95bffed0_0, 0;
    %jmp T_5.20;
T_5.20 ;
    %pop/vec4 1;
    %load/vec4 v0000020f95c087a0_0;
    %load/vec4 v0000020f95c06fe0_0;
    %concat/vec4; draw_concat_vec4
    %dup/vec4;
    %pushi/vec4 48, 0, 8;
    %cmp/u;
    %jmp/1 T_5.21, 6;
    %dup/vec4;
    %pushi/vec4 49, 0, 8;
    %cmp/u;
    %jmp/1 T_5.22, 6;
    %dup/vec4;
    %pushi/vec4 50, 0, 8;
    %cmp/u;
    %jmp/1 T_5.23, 6;
    %dup/vec4;
    %pushi/vec4 51, 0, 8;
    %cmp/u;
    %jmp/1 T_5.24, 6;
    %dup/vec4;
    %pushi/vec4 52, 0, 8;
    %cmp/u;
    %jmp/1 T_5.25, 6;
    %dup/vec4;
    %pushi/vec4 53, 0, 8;
    %cmp/u;
    %jmp/1 T_5.26, 6;
    %dup/vec4;
    %pushi/vec4 54, 0, 8;
    %cmp/u;
    %jmp/1 T_5.27, 6;
    %load/vec4 v0000020f95c06540_0;
    %assign/vec4 v0000020f95c00330_0, 0;
    %load/vec4 v0000020f95c06680_0;
    %assign/vec4 v0000020f95c00470_0, 0;
    %load/vec4 v0000020f95c07260_0;
    %assign/vec4 v0000020f95c001f0_0, 0;
    %load/vec4 v0000020f95c06400_0;
    %assign/vec4 v0000020f95bffcf0_0, 0;
    %jmp T_5.29;
T_5.21 ;
    %pushi/vec4 0, 0, 32;
    %assign/vec4 v0000020f95c00330_0, 0;
    %load/vec4 v0000020f95c06680_0;
    %assign/vec4 v0000020f95c00470_0, 0;
    %load/vec4 v0000020f95c07260_0;
    %assign/vec4 v0000020f95c001f0_0, 0;
    %load/vec4 v0000020f95c06400_0;
    %assign/vec4 v0000020f95bffcf0_0, 0;
    %jmp T_5.29;
T_5.22 ;
    %pushi/vec4 0, 0, 32;
    %assign/vec4 v0000020f95c00330_0, 0;
    %load/vec4 v0000020f95c06680_0;
    %assign/vec4 v0000020f95c00470_0, 0;
    %load/vec4 v0000020f95c06400_0;
    %assign/vec4 v0000020f95bffcf0_0, 0;
    %load/vec4 v0000020f95c06e00_0;
    %load/vec4 v0000020f95c06d60_0;
    %xor;
    %load/vec4 v0000020f95c07440_0;
    %or;
    %flag_set/vec4 8;
    %jmp/0xz  T_5.30, 8;
    %load/vec4 v0000020f95c07260_0;
    %assign/vec4 v0000020f95c001f0_0, 0;
    %jmp T_5.31;
T_5.30 ;
    %load/vec4 v0000020f95c06400_0;
    %assign/vec4 v0000020f95c001f0_0, 0;
T_5.31 ;
    %jmp T_5.29;
T_5.23 ;
    %pushi/vec4 0, 0, 32;
    %assign/vec4 v0000020f95c00330_0, 0;
    %load/vec4 v0000020f95c06680_0;
    %assign/vec4 v0000020f95c00470_0, 0;
    %load/vec4 v0000020f95c06400_0;
    %assign/vec4 v0000020f95bffcf0_0, 0;
    %load/vec4 v0000020f95c06e00_0;
    %load/vec4 v0000020f95c06d60_0;
    %xor;
    %flag_set/vec4 8;
    %jmp/0xz  T_5.32, 8;
    %load/vec4 v0000020f95c07260_0;
    %assign/vec4 v0000020f95c001f0_0, 0;
    %jmp T_5.33;
T_5.32 ;
    %load/vec4 v0000020f95c06400_0;
    %assign/vec4 v0000020f95c001f0_0, 0;
T_5.33 ;
    %jmp T_5.29;
T_5.24 ;
    %pushi/vec4 0, 0, 32;
    %assign/vec4 v0000020f95c00330_0, 0;
    %load/vec4 v0000020f95c06680_0;
    %assign/vec4 v0000020f95c00470_0, 0;
    %load/vec4 v0000020f95c06400_0;
    %assign/vec4 v0000020f95bffcf0_0, 0;
    %load/vec4 v0000020f95c07440_0;
    %flag_set/vec4 8;
    %jmp/0xz  T_5.34, 8;
    %load/vec4 v0000020f95c07260_0;
    %assign/vec4 v0000020f95c001f0_0, 0;
    %jmp T_5.35;
T_5.34 ;
    %load/vec4 v0000020f95c06400_0;
    %assign/vec4 v0000020f95c001f0_0, 0;
T_5.35 ;
    %jmp T_5.29;
T_5.25 ;
    %pushi/vec4 0, 0, 32;
    %assign/vec4 v0000020f95c00330_0, 0;
    %load/vec4 v0000020f95c06680_0;
    %assign/vec4 v0000020f95c00470_0, 0;
    %load/vec4 v0000020f95c06400_0;
    %assign/vec4 v0000020f95bffcf0_0, 0;
    %load/vec4 v0000020f95c07440_0;
    %inv;
    %flag_set/vec4 8;
    %jmp/0xz  T_5.36, 8;
    %load/vec4 v0000020f95c07260_0;
    %assign/vec4 v0000020f95c001f0_0, 0;
    %jmp T_5.37;
T_5.36 ;
    %load/vec4 v0000020f95c06400_0;
    %assign/vec4 v0000020f95c001f0_0, 0;
T_5.37 ;
    %jmp T_5.29;
T_5.26 ;
    %pushi/vec4 0, 0, 32;
    %assign/vec4 v0000020f95c00330_0, 0;
    %load/vec4 v0000020f95c06680_0;
    %assign/vec4 v0000020f95c00470_0, 0;
    %load/vec4 v0000020f95c06400_0;
    %assign/vec4 v0000020f95bffcf0_0, 0;
    %load/vec4 v0000020f95c06e00_0;
    %load/vec4 v0000020f95c06d60_0;
    %xor;
    %inv;
    %flag_set/vec4 8;
    %jmp/0xz  T_5.38, 8;
    %load/vec4 v0000020f95c07260_0;
    %assign/vec4 v0000020f95c001f0_0, 0;
    %jmp T_5.39;
T_5.38 ;
    %load/vec4 v0000020f95c06400_0;
    %assign/vec4 v0000020f95c001f0_0, 0;
T_5.39 ;
    %jmp T_5.29;
T_5.27 ;
    %pushi/vec4 0, 0, 32;
    %assign/vec4 v0000020f95c00330_0, 0;
    %load/vec4 v0000020f95c06680_0;
    %assign/vec4 v0000020f95c00470_0, 0;
    %load/vec4 v0000020f95c06400_0;
    %assign/vec4 v0000020f95bffcf0_0, 0;
    %load/vec4 v0000020f95c06e00_0;
    %load/vec4 v0000020f95c06d60_0;
    %xor;
    %inv;
    %load/vec4 v0000020f95c07440_0;
    %inv;
    %and;
    %flag_set/vec4 8;
    %jmp/0xz  T_5.40, 8;
    %load/vec4 v0000020f95c07260_0;
    %assign/vec4 v0000020f95c001f0_0, 0;
    %jmp T_5.41;
T_5.40 ;
    %load/vec4 v0000020f95c06400_0;
    %assign/vec4 v0000020f95c001f0_0, 0;
T_5.41 ;
    %jmp T_5.29;
T_5.29 ;
    %pop/vec4 1;
    %load/vec4 v0000020f95c06720_0;
    %assign/vec4 v0000020f95c00150_0, 0;
    %load/vec4 v0000020f95c06360_0;
    %assign/vec4 v0000020f95bffd90_0, 0;
    %load/vec4 v0000020f95c087a0_0;
    %load/vec4 v0000020f95c06fe0_0;
    %concat/vec4; draw_concat_vec4
    %cmpi/e 112, 0, 8;
    %jmp/0xz  T_5.42, 4;
    %pushi/vec4 1, 0, 1;
    %assign/vec4 v0000020f95bffc50_0, 0;
    %jmp T_5.43;
T_5.42 ;
    %load/vec4 v0000020f95c087a0_0;
    %load/vec4 v0000020f95c06fe0_0;
    %concat/vec4; draw_concat_vec4
    %pushi/vec4 113, 0, 8;
    %cmp/e;
    %flag_get/vec4 4;
    %load/vec4 v0000020f95c06e00_0;
    %load/vec4 v0000020f95c06d60_0;
    %xor;
    %load/vec4 v0000020f95c07440_0;
    %or;
    %and;
    %flag_set/vec4 8;
    %jmp/0xz  T_5.44, 8;
    %pushi/vec4 1, 0, 1;
    %assign/vec4 v0000020f95bffc50_0, 0;
    %jmp T_5.45;
T_5.44 ;
    %load/vec4 v0000020f95c087a0_0;
    %load/vec4 v0000020f95c06fe0_0;
    %concat/vec4; draw_concat_vec4
    %pushi/vec4 114, 0, 8;
    %cmp/e;
    %flag_get/vec4 4;
    %load/vec4 v0000020f95c06e00_0;
    %load/vec4 v0000020f95c06d60_0;
    %xor;
    %and;
    %flag_set/vec4 8;
    %jmp/0xz  T_5.46, 8;
    %pushi/vec4 1, 0, 1;
    %assign/vec4 v0000020f95bffc50_0, 0;
    %jmp T_5.47;
T_5.46 ;
    %load/vec4 v0000020f95c087a0_0;
    %load/vec4 v0000020f95c06fe0_0;
    %concat/vec4; draw_concat_vec4
    %pushi/vec4 115, 0, 8;
    %cmp/e;
    %flag_get/vec4 4;
    %load/vec4 v0000020f95c07440_0;
    %and;
    %flag_set/vec4 8;
    %jmp/0xz  T_5.48, 8;
    %pushi/vec4 1, 0, 1;
    %assign/vec4 v0000020f95bffc50_0, 0;
    %jmp T_5.49;
T_5.48 ;
    %load/vec4 v0000020f95c087a0_0;
    %load/vec4 v0000020f95c06fe0_0;
    %concat/vec4; draw_concat_vec4
    %pushi/vec4 116, 0, 8;
    %cmp/e;
    %flag_get/vec4 4;
    %load/vec4 v0000020f95c07440_0;
    %inv;
    %and;
    %flag_set/vec4 8;
    %jmp/0xz  T_5.50, 8;
    %pushi/vec4 1, 0, 1;
    %assign/vec4 v0000020f95bffc50_0, 0;
    %jmp T_5.51;
T_5.50 ;
    %load/vec4 v0000020f95c087a0_0;
    %load/vec4 v0000020f95c06fe0_0;
    %concat/vec4; draw_concat_vec4
    %pushi/vec4 117, 0, 8;
    %cmp/e;
    %flag_get/vec4 4;
    %load/vec4 v0000020f95c06e00_0;
    %load/vec4 v0000020f95c06d60_0;
    %xor;
    %inv;
    %and;
    %flag_set/vec4 8;
    %jmp/0xz  T_5.52, 8;
    %pushi/vec4 1, 0, 1;
    %assign/vec4 v0000020f95bffc50_0, 0;
    %jmp T_5.53;
T_5.52 ;
    %load/vec4 v0000020f95c087a0_0;
    %load/vec4 v0000020f95c06fe0_0;
    %concat/vec4; draw_concat_vec4
    %pushi/vec4 118, 0, 8;
    %cmp/e;
    %flag_get/vec4 4;
    %load/vec4 v0000020f95c06e00_0;
    %load/vec4 v0000020f95c06d60_0;
    %xor;
    %inv;
    %load/vec4 v0000020f95c07440_0;
    %inv;
    %and;
    %and;
    %flag_set/vec4 8;
    %jmp/0xz  T_5.54, 8;
    %pushi/vec4 1, 0, 1;
    %assign/vec4 v0000020f95bffc50_0, 0;
    %jmp T_5.55;
T_5.54 ;
    %pushi/vec4 0, 0, 1;
    %assign/vec4 v0000020f95bffc50_0, 0;
T_5.55 ;
T_5.53 ;
T_5.51 ;
T_5.49 ;
T_5.47 ;
T_5.45 ;
T_5.43 ;
T_5.3 ;
T_5.0 ;
    %jmp T_5;
    .thread T_5;
    .scope S_0000020f957bb9b0;
T_6 ;
    %pushi/vec4 1, 0, 1;
    %assign/vec4 v0000020f95c07760_0, 0;
    %delay 2000, 0;
    %pushi/vec4 0, 0, 1;
    %assign/vec4 v0000020f95c07760_0, 0;
    %end;
    .thread T_6;
    .scope S_0000020f957bb9b0;
T_7 ;
    %wait E_0000020f9581e3f0;
    %load/vec4 v0000020f95bffed0_0;
    %load/vec4 v0000020f95bffa70_0;
    %concat/vec4; draw_concat_vec4
    %cmpi/e 16, 0, 8;
    %jmp/0xz  T_7.0, 4;
    %load/vec4 v0000020f95c07620_0;
    %assign/vec4 v0000020f95c00970_0, 0;
    %load/vec4 v0000020f95c079e0_0;
    %assign/vec4 v0000020f95c00790_0, 0;
    %jmp T_7.1;
T_7.0 ;
    %pushi/vec4 15, 0, 4;
    %assign/vec4 v0000020f95c00970_0, 0;
    %pushi/vec4 0, 4294967295, 32;
    %assign/vec4 v0000020f95c00790_0, 0;
T_7.1 ;
    %load/vec4 v0000020f95c07580_0;
    %assign/vec4 v0000020f95c00bf0_0, 0;
    %load/vec4 v0000020f95c07e40_0;
    %assign/vec4 v0000020f95bff9d0_0, 0;
    %load/vec4 v0000020f95c076c0_0;
    %assign/vec4 v0000020f95c00a10_0, 0;
    %jmp T_7;
    .thread T_7;
    .scope S_0000020f957bb820;
T_8 ;
    %pushi/vec4 0, 0, 1;
    %store/vec4 v0000020f95c09560_0, 0, 1;
    %end;
    .thread T_8;
    .scope S_0000020f957bb820;
T_9 ;
    %pushi/vec4 0, 0, 1;
    %assign/vec4 v0000020f95c099c0_0, 0;
    %pushi/vec4 0, 0, 32;
    %assign/vec4 v0000020f95c08ac0_0, 0;
    %pushi/vec4 0, 0, 32;
    %assign/vec4 v0000020f95c088e0_0, 0;
    %pushi/vec4 0, 0, 1;
    %assign/vec4 v0000020f95c08e80_0, 0;
    %pushi/vec4 0, 0, 1;
    %assign/vec4 v0000020f95c09100_0, 0;
    %delay 2000, 0;
    %pushi/vec4 0, 0, 32;
    %assign/vec4 v0000020f95c08ac0_0, 0;
    %pushi/vec4 284164112, 0, 32;
    %assign/vec4 v0000020f95c088e0_0, 0;
    %pushi/vec4 1, 0, 1;
    %assign/vec4 v0000020f95c08e80_0, 0;
    %delay 2000, 0;
    %pushi/vec4 1, 0, 32;
    %assign/vec4 v0000020f95c08ac0_0, 0;
    %pushi/vec4 536936448, 0, 32;
    %assign/vec4 v0000020f95c088e0_0, 0;
    %delay 2000, 0;
    %pushi/vec4 2, 0, 32;
    %assign/vec4 v0000020f95c08ac0_0, 0;
    %pushi/vec4 555941888, 0, 32;
    %assign/vec4 v0000020f95c088e0_0, 0;
    %delay 2000, 0;
    %pushi/vec4 3, 0, 32;
    %assign/vec4 v0000020f95c08ac0_0, 0;
    %pushi/vec4 574947328, 0, 32;
    %assign/vec4 v0000020f95c088e0_0, 0;
    %delay 2000, 0;
    %pushi/vec4 4, 0, 32;
    %assign/vec4 v0000020f95c08ac0_0, 0;
    %pushi/vec4 593952768, 0, 32;
    %assign/vec4 v0000020f95c088e0_0, 0;
    %delay 2000, 0;
    %pushi/vec4 0, 0, 32;
    %assign/vec4 v0000020f95c08ac0_0, 0;
    %pushi/vec4 0, 0, 32;
    %assign/vec4 v0000020f95c088e0_0, 0;
    %pushi/vec4 0, 0, 1;
    %assign/vec4 v0000020f95c08e80_0, 0;
    %delay 1000, 0;
    %pushi/vec4 1, 0, 1;
    %assign/vec4 v0000020f95c09100_0, 0;
    %delay 15000, 0;
    %vpi_call 2 50 "$stop" {0 0 0};
    %end;
    .thread T_9;
    .scope S_0000020f957bb820;
T_10 ;
    %delay 1000, 0;
    %load/vec4 v0000020f95c099c0_0;
    %inv;
    %store/vec4 v0000020f95c099c0_0, 0, 1;
    %jmp T_10;
    .thread T_10;
    .scope S_0000020f957bb820;
T_11 ;
    %vpi_call 2 54 "$dumpfile", "pro_tb1.vcd" {0 0 0};
    %vpi_call 2 55 "$dumpvars" {0 0 0};
    %end;
    .thread T_11;
# The file index is used to find the file name in the following table.
:file_names 7;
    "N/A";
    "<interactive>";
    ".\tb\pro_tb1.v";
    ".\processor.v";
    ".\alu.v";
    ".\ram.v";
    ".\regfile.v";
