#! /c/Source/iverilog-install/bin/vvp
:ivl_version "12.0 (devel)" "(s20150603-1110-g18392a46)";
:ivl_delay_selection "TYPICAL";
:vpi_time_precision - 11;
:vpi_module "D:\iVerilog\lib\ivl\system.vpi";
:vpi_module "D:\iVerilog\lib\ivl\vhdl_sys.vpi";
:vpi_module "D:\iVerilog\lib\ivl\vhdl_textio.vpi";
:vpi_module "D:\iVerilog\lib\ivl\v2005_math.vpi";
:vpi_module "D:\iVerilog\lib\ivl\va_math.vpi";
S_0000018c0f82e440 .scope module, "pro_tb2" "pro_tb2" 2 2;
 .timescale -9 -11;
v0000018c0f8cf560_0 .var "addr", 31 0;
v0000018c0f8ce700_0 .net "cc", 2 0, L_0000018c0f9299e0;  1 drivers
v0000018c0f8cefc0_0 .var "clock", 0 0;
v0000018c0f8ce7a0_0 .var "flg", 0 0;
v0000018c0f8ce480_0 .net "r0", 31 0, v0000018c0f8c5430_0;  1 drivers
v0000018c0f8cf600_0 .net "r1", 31 0, v0000018c0f8c43f0_0;  1 drivers
v0000018c0f8cf6a0_0 .net "r2", 31 0, v0000018c0f8c4c10_0;  1 drivers
v0000018c0f8cf740_0 .net "r3", 31 0, v0000018c0f8c52f0_0;  1 drivers
v0000018c0f8ce0c0_0 .net "r4", 31 0, v0000018c0f8c3db0_0;  1 drivers
v0000018c0f8ce3e0_0 .net "r5", 31 0, v0000018c0f8c3c70_0;  1 drivers
v0000018c0f8cea20_0 .net "r6", 31 0, v0000018c0f8c3d10_0;  1 drivers
v0000018c0f8ce840_0 .net "r7", 31 0, v0000018c0f8c4030_0;  1 drivers
v0000018c0f8cf060_0 .var "rID", 3 0;
v0000018c0f8ce5c0_0 .net "rdata", 31 0, L_0000018c0f935440;  1 drivers
v0000018c0f8ce660_0 .net "valE", 31 0, L_0000018c0f93a600;  1 drivers
v0000018c0f8ceac0_0 .var "wdata", 31 0;
v0000018c0f8ce8e0_0 .var "working", 0 0;
v0000018c0f8cec00_0 .var "wr", 0 0;
S_0000018c0f7bb860 .scope module, "processor" "processor" 2 21, 3 3 0, S_0000018c0f82e440;
 .timescale -9 -11;
    .port_info 0 /INPUT 1 "clock";
    .port_info 1 /INPUT 32 "addr";
    .port_info 2 /INPUT 1 "wr";
    .port_info 3 /INPUT 32 "wdata";
    .port_info 4 /INPUT 1 "working";
    .port_info 5 /INPUT 4 "rID";
    .port_info 6 /OUTPUT 32 "valE";
    .port_info 7 /OUTPUT 32 "r0";
    .port_info 8 /OUTPUT 32 "r1";
    .port_info 9 /OUTPUT 32 "r2";
    .port_info 10 /OUTPUT 32 "r3";
    .port_info 11 /OUTPUT 32 "r4";
    .port_info 12 /OUTPUT 32 "r5";
    .port_info 13 /OUTPUT 32 "r6";
    .port_info 14 /OUTPUT 32 "r7";
    .port_info 15 /OUTPUT 32 "rdata";
    .port_info 16 /OUTPUT 3 "cc";
P_0000018c0f7baf00 .param/l "ADD" 0 3 33, C4<00100000>;
P_0000018c0f7baf38 .param/l "AND" 0 3 35, C4<00100010>;
P_0000018c0f7baf70 .param/l "CMOVE" 0 3 40, C4<00110011>;
P_0000018c0f7bafa8 .param/l "CMOVG" 0 3 43, C4<00110110>;
P_0000018c0f7bafe0 .param/l "CMOVGE" 0 3 42, C4<00110101>;
P_0000018c0f7bb018 .param/l "CMOVL" 0 3 39, C4<00110010>;
P_0000018c0f7bb050 .param/l "CMOVLE" 0 3 38, C4<00110001>;
P_0000018c0f7bb088 .param/l "CMOVNE" 0 3 41, C4<00110100>;
P_0000018c0f7bb0c0 .param/l "HALT" 0 3 31, C4<00010001>;
P_0000018c0f7bb0f8 .param/l "IRMOV" 0 3 30, C4<00010000>;
P_0000018c0f7bb130 .param/l "JE" 0 3 47, C4<01110011>;
P_0000018c0f7bb168 .param/l "JG" 0 3 50, C4<01110110>;
P_0000018c0f7bb1a0 .param/l "JGE" 0 3 49, C4<01110101>;
P_0000018c0f7bb1d8 .param/l "JL" 0 3 46, C4<01110010>;
P_0000018c0f7bb210 .param/l "JLE" 0 3 45, C4<01110001>;
P_0000018c0f7bb248 .param/l "JMP" 0 3 44, C4<01110000>;
P_0000018c0f7bb280 .param/l "JNE" 0 3 48, C4<01110100>;
P_0000018c0f7bb2b8 .param/l "NOP" 0 3 32, C4<00010010>;
P_0000018c0f7bb2f0 .param/l "RRMOV" 0 3 37, C4<00110000>;
P_0000018c0f7bb328 .param/l "SUB" 0 3 34, C4<00100001>;
P_0000018c0f7bb360 .param/l "XOR" 0 3 36, C4<00100011>;
L_0000018c0f92d770 .functor BUFZ 32, v0000018c0f8c19d0_0, C4<00000000000000000000000000000000>, C4<00000000000000000000000000000000>, C4<00000000000000000000000000000000>;
L_0000018c0f92d7e0 .functor AND 1, L_0000018c0f9324c0, v0000018c0f8ce8e0_0, C4<1>, C4<1>;
L_0000018c0f92c900 .functor AND 1, L_0000018c0f933460, v0000018c0f8ce8e0_0, C4<1>, C4<1>;
L_0000018c0f92c970 .functor XOR 1, L_0000018c0f934360, L_0000018c0f934400, C4<0>, C4<0>;
L_0000018c0f92cba0 .functor OR 1, L_0000018c0f92c970, L_0000018c0f932d80, C4<0>, C4<0>;
L_0000018c0f92cc10 .functor AND 1, L_0000018c0f92c900, L_0000018c0f92cba0, C4<1>, C4<1>;
L_0000018c0f92cd60 .functor AND 1, L_0000018c0f933000, v0000018c0f8ce8e0_0, C4<1>, C4<1>;
L_0000018c0f92cdd0 .functor XOR 1, L_0000018c0f934360, L_0000018c0f934400, C4<0>, C4<0>;
L_0000018c0f92ce40 .functor AND 1, L_0000018c0f92cd60, L_0000018c0f92cdd0, C4<1>, C4<1>;
L_0000018c0f93a590 .functor AND 1, L_0000018c0f933500, v0000018c0f8ce8e0_0, C4<1>, C4<1>;
L_0000018c0f93b470 .functor AND 1, L_0000018c0f93a590, L_0000018c0f932d80, C4<1>, C4<1>;
L_0000018c0f93a9f0 .functor AND 1, L_0000018c0f932380, v0000018c0f8ce8e0_0, C4<1>, C4<1>;
L_0000018c0f939db0 .functor NOT 1, L_0000018c0f932d80, C4<0>, C4<0>, C4<0>;
L_0000018c0f93a360 .functor AND 1, L_0000018c0f93a9f0, L_0000018c0f939db0, C4<1>, C4<1>;
L_0000018c0f93b2b0 .functor AND 1, L_0000018c0f934220, v0000018c0f8ce8e0_0, C4<1>, C4<1>;
L_0000018c0f93b780 .functor XOR 1, L_0000018c0f934360, L_0000018c0f934400, C4<0>, C4<0>;
L_0000018c0f93b710 .functor NOT 1, L_0000018c0f93b780, C4<0>, C4<0>, C4<0>;
L_0000018c0f93ad70 .functor AND 1, L_0000018c0f93b2b0, L_0000018c0f93b710, C4<1>, C4<1>;
L_0000018c0f93ac90 .functor AND 1, L_0000018c0f933960, v0000018c0f8ce8e0_0, C4<1>, C4<1>;
L_0000018c0f939fe0 .functor XOR 1, L_0000018c0f934360, L_0000018c0f934400, C4<0>, C4<0>;
L_0000018c0f93a0c0 .functor NOT 1, L_0000018c0f939fe0, C4<0>, C4<0>, C4<0>;
L_0000018c0f93a8a0 .functor NOT 1, L_0000018c0f932d80, C4<0>, C4<0>, C4<0>;
L_0000018c0f93a440 .functor AND 1, L_0000018c0f93a0c0, L_0000018c0f93a8a0, C4<1>, C4<1>;
L_0000018c0f93b7f0 .functor AND 1, L_0000018c0f93ac90, L_0000018c0f93a440, C4<1>, C4<1>;
L_0000018c0f93a600 .functor BUFZ 32, L_0000018c0f929bc0, C4<00000000000000000000000000000000>, C4<00000000000000000000000000000000>, C4<00000000000000000000000000000000>;
L_0000018c0f93b160 .functor BUFZ 1, v0000018c0f8c6e70_0, C4<0>, C4<0>, C4<0>;
v0000018c0f8c6e70_0 .var "D_halt", 0 0;
v0000018c0f8c6150_0 .var "D_icode", 3 0;
v0000018c0f8c6a10_0 .var "D_ifun", 3 0;
v0000018c0f8c5cf0_0 .var "D_jflg", 0 0;
v0000018c0f8c6650_0 .var "D_rA", 3 0;
v0000018c0f8c5bb0_0 .var "D_rB", 3 0;
v0000018c0f8c6510_0 .var "D_valA", 31 0;
v0000018c0f8c63d0_0 .var "D_valB", 31 0;
v0000018c0f8c60b0_0 .var "D_valC", 15 0;
v0000018c0f8c6bf0_0 .var "E_dstE", 3 0;
v0000018c0f8c6290_0 .var "E_dstM", 3 0;
v0000018c0f8c66f0_0 .var "E_halt", 0 0;
v0000018c0f8c5d90_0 .var "E_valE", 31 0;
v0000018c0f8c61f0_0 .var "E_valM", 31 0;
v0000018c0f8c6ab0_0 .net "F_read", 31 0, L_0000018c0f92d770;  1 drivers
v0000018c0f8c5e30_0 .var "PC", 31 0;
v0000018c0f8c6f10_0 .net *"_ivl_100", 7 0, L_0000018c0f932a60;  1 drivers
L_0000018c0f8d1cc8 .functor BUFT 1, C4<01110000>, C4<0>, C4<0>, C4<0>;
v0000018c0f8c6330_0 .net/2u *"_ivl_102", 7 0, L_0000018c0f8d1cc8;  1 drivers
v0000018c0f8c6790_0 .net *"_ivl_104", 0 0, L_0000018c0f9324c0;  1 drivers
v0000018c0f8c6c90_0 .net *"_ivl_107", 0 0, L_0000018c0f92d7e0;  1 drivers
L_0000018c0f8d1d10 .functor BUFT 1, C4<01>, C4<0>, C4<0>, C4<0>;
v0000018c0f8c5930_0 .net/2s *"_ivl_108", 1 0, L_0000018c0f8d1d10;  1 drivers
v0000018c0f8c5ed0_0 .net *"_ivl_110", 7 0, L_0000018c0f932c40;  1 drivers
L_0000018c0f8d1d58 .functor BUFT 1, C4<01110001>, C4<0>, C4<0>, C4<0>;
v0000018c0f8c6830_0 .net/2u *"_ivl_112", 7 0, L_0000018c0f8d1d58;  1 drivers
v0000018c0f8c59d0_0 .net *"_ivl_114", 0 0, L_0000018c0f933460;  1 drivers
v0000018c0f8c5f70_0 .net *"_ivl_117", 0 0, L_0000018c0f92c900;  1 drivers
v0000018c0f8c6010_0 .net *"_ivl_118", 0 0, L_0000018c0f92c970;  1 drivers
v0000018c0f8c6470_0 .net *"_ivl_120", 0 0, L_0000018c0f92cba0;  1 drivers
v0000018c0f8c68d0_0 .net *"_ivl_123", 0 0, L_0000018c0f92cc10;  1 drivers
L_0000018c0f8d1da0 .functor BUFT 1, C4<01>, C4<0>, C4<0>, C4<0>;
v0000018c0f8c65b0_0 .net/2s *"_ivl_124", 1 0, L_0000018c0f8d1da0;  1 drivers
v0000018c0f8c6970_0 .net *"_ivl_126", 7 0, L_0000018c0f931f20;  1 drivers
L_0000018c0f8d1de8 .functor BUFT 1, C4<01110010>, C4<0>, C4<0>, C4<0>;
v0000018c0f8c6b50_0 .net/2u *"_ivl_128", 7 0, L_0000018c0f8d1de8;  1 drivers
v0000018c0f8c6d30_0 .net *"_ivl_130", 0 0, L_0000018c0f933000;  1 drivers
v0000018c0f8c6dd0_0 .net *"_ivl_133", 0 0, L_0000018c0f92cd60;  1 drivers
v0000018c0f8c5a70_0 .net *"_ivl_134", 0 0, L_0000018c0f92cdd0;  1 drivers
v0000018c0f8c5b10_0 .net *"_ivl_137", 0 0, L_0000018c0f92ce40;  1 drivers
L_0000018c0f8d1e30 .functor BUFT 1, C4<01>, C4<0>, C4<0>, C4<0>;
v0000018c0f8c2330_0 .net/2s *"_ivl_138", 1 0, L_0000018c0f8d1e30;  1 drivers
v0000018c0f8c9b20_0 .net *"_ivl_140", 7 0, L_0000018c0f934040;  1 drivers
L_0000018c0f8d1e78 .functor BUFT 1, C4<01110011>, C4<0>, C4<0>, C4<0>;
v0000018c0f8ca340_0 .net/2u *"_ivl_142", 7 0, L_0000018c0f8d1e78;  1 drivers
v0000018c0f8ca480_0 .net *"_ivl_144", 0 0, L_0000018c0f933500;  1 drivers
v0000018c0f8ca520_0 .net *"_ivl_147", 0 0, L_0000018c0f93a590;  1 drivers
v0000018c0f8ca5c0_0 .net *"_ivl_149", 0 0, L_0000018c0f93b470;  1 drivers
L_0000018c0f8d1ec0 .functor BUFT 1, C4<01>, C4<0>, C4<0>, C4<0>;
v0000018c0f8c9da0_0 .net/2s *"_ivl_150", 1 0, L_0000018c0f8d1ec0;  1 drivers
v0000018c0f8ca840_0 .net *"_ivl_152", 7 0, L_0000018c0f933aa0;  1 drivers
L_0000018c0f8d1f08 .functor BUFT 1, C4<01110100>, C4<0>, C4<0>, C4<0>;
v0000018c0f8ca660_0 .net/2u *"_ivl_154", 7 0, L_0000018c0f8d1f08;  1 drivers
v0000018c0f8cade0_0 .net *"_ivl_156", 0 0, L_0000018c0f932380;  1 drivers
v0000018c0f8c9ee0_0 .net *"_ivl_159", 0 0, L_0000018c0f93a9f0;  1 drivers
v0000018c0f8ca7a0_0 .net *"_ivl_160", 0 0, L_0000018c0f939db0;  1 drivers
v0000018c0f8ca3e0_0 .net *"_ivl_163", 0 0, L_0000018c0f93a360;  1 drivers
L_0000018c0f8d1f50 .functor BUFT 1, C4<01>, C4<0>, C4<0>, C4<0>;
v0000018c0f8cac00_0 .net/2s *"_ivl_164", 1 0, L_0000018c0f8d1f50;  1 drivers
v0000018c0f8ca980_0 .net *"_ivl_166", 7 0, L_0000018c0f933c80;  1 drivers
L_0000018c0f8d1f98 .functor BUFT 1, C4<01110101>, C4<0>, C4<0>, C4<0>;
v0000018c0f8c9c60_0 .net/2u *"_ivl_168", 7 0, L_0000018c0f8d1f98;  1 drivers
v0000018c0f8cae80_0 .net *"_ivl_170", 0 0, L_0000018c0f934220;  1 drivers
v0000018c0f8c9940_0 .net *"_ivl_173", 0 0, L_0000018c0f93b2b0;  1 drivers
v0000018c0f8ca0c0_0 .net *"_ivl_174", 0 0, L_0000018c0f93b780;  1 drivers
v0000018c0f8ca700_0 .net *"_ivl_176", 0 0, L_0000018c0f93b710;  1 drivers
v0000018c0f8ca8e0_0 .net *"_ivl_179", 0 0, L_0000018c0f93ad70;  1 drivers
L_0000018c0f8d1fe0 .functor BUFT 1, C4<01>, C4<0>, C4<0>, C4<0>;
v0000018c0f8c99e0_0 .net/2s *"_ivl_180", 1 0, L_0000018c0f8d1fe0;  1 drivers
v0000018c0f8ca200_0 .net *"_ivl_182", 7 0, L_0000018c0f9331e0;  1 drivers
L_0000018c0f8d2028 .functor BUFT 1, C4<01110110>, C4<0>, C4<0>, C4<0>;
v0000018c0f8caa20_0 .net/2u *"_ivl_184", 7 0, L_0000018c0f8d2028;  1 drivers
v0000018c0f8caac0_0 .net *"_ivl_186", 0 0, L_0000018c0f933960;  1 drivers
v0000018c0f8c9a80_0 .net *"_ivl_189", 0 0, L_0000018c0f93ac90;  1 drivers
v0000018c0f8cab60_0 .net *"_ivl_190", 0 0, L_0000018c0f939fe0;  1 drivers
v0000018c0f8c9bc0_0 .net *"_ivl_192", 0 0, L_0000018c0f93a0c0;  1 drivers
v0000018c0f8caca0_0 .net *"_ivl_194", 0 0, L_0000018c0f93a8a0;  1 drivers
v0000018c0f8cad40_0 .net *"_ivl_196", 0 0, L_0000018c0f93a440;  1 drivers
v0000018c0f8c9d00_0 .net *"_ivl_199", 0 0, L_0000018c0f93b7f0;  1 drivers
L_0000018c0f8d1ad0 .functor BUFT 1, C4<01>, C4<0>, C4<0>, C4<0>;
v0000018c0f8ca2a0_0 .net/2s *"_ivl_2", 1 0, L_0000018c0f8d1ad0;  1 drivers
L_0000018c0f8d2070 .functor BUFT 1, C4<01>, C4<0>, C4<0>, C4<0>;
v0000018c0f8ca160_0 .net/2s *"_ivl_200", 1 0, L_0000018c0f8d2070;  1 drivers
L_0000018c0f8d20b8 .functor BUFT 1, C4<00>, C4<0>, C4<0>, C4<0>;
v0000018c0f8caf20_0 .net/2s *"_ivl_202", 1 0, L_0000018c0f8d20b8;  1 drivers
v0000018c0f8c98a0_0 .net *"_ivl_204", 1 0, L_0000018c0f932880;  1 drivers
v0000018c0f8c9e40_0 .net *"_ivl_206", 1 0, L_0000018c0f9329c0;  1 drivers
v0000018c0f8c9f80_0 .net *"_ivl_208", 1 0, L_0000018c0f933d20;  1 drivers
v0000018c0f8ca020_0 .net *"_ivl_210", 1 0, L_0000018c0f933dc0;  1 drivers
v0000018c0f8c8540_0 .net *"_ivl_212", 1 0, L_0000018c0f932e20;  1 drivers
v0000018c0f8c80e0_0 .net *"_ivl_214", 1 0, L_0000018c0f932560;  1 drivers
v0000018c0f8c7a00_0 .net *"_ivl_216", 1 0, L_0000018c0f933640;  1 drivers
L_0000018c0f8d2100 .functor BUFT 1, C4<00000000>, C4<0>, C4<0>, C4<0>;
v0000018c0f8c8c20_0 .net/2u *"_ivl_220", 7 0, L_0000018c0f8d2100;  1 drivers
L_0000018c0f8d2148 .functor BUFT 1, C4<0000000000000000>, C4<0>, C4<0>, C4<0>;
v0000018c0f8c8900_0 .net *"_ivl_249", 15 0, L_0000018c0f8d2148;  1 drivers
v0000018c0f8c9620_0 .net *"_ivl_254", 7 0, L_0000018c0f932f60;  1 drivers
L_0000018c0f8d2190 .functor BUFT 1, C4<00010000>, C4<0>, C4<0>, C4<0>;
v0000018c0f8c7280_0 .net/2u *"_ivl_256", 7 0, L_0000018c0f8d2190;  1 drivers
v0000018c0f8c8400_0 .net *"_ivl_258", 0 0, L_0000018c0f9330a0;  1 drivers
L_0000018c0f8d21d8 .functor BUFT 1, C4<1111>, C4<0>, C4<0>, C4<0>;
v0000018c0f8c9260_0 .net/2u *"_ivl_260", 3 0, L_0000018c0f8d21d8;  1 drivers
v0000018c0f8c8e00_0 .net *"_ivl_264", 7 0, L_0000018c0f9326a0;  1 drivers
L_0000018c0f8d2220 .functor BUFT 1, C4<00100000>, C4<0>, C4<0>, C4<0>;
v0000018c0f8c7fa0_0 .net/2u *"_ivl_266", 7 0, L_0000018c0f8d2220;  1 drivers
v0000018c0f8c7500_0 .net *"_ivl_268", 0 0, L_0000018c0f933820;  1 drivers
L_0000018c0f8d2268 .functor BUFT 1, C4<0000>, C4<0>, C4<0>, C4<0>;
v0000018c0f8c8860_0 .net/2u *"_ivl_270", 3 0, L_0000018c0f8d2268;  1 drivers
v0000018c0f8c9300_0 .net *"_ivl_272", 7 0, L_0000018c0f9327e0;  1 drivers
L_0000018c0f8d22b0 .functor BUFT 1, C4<00100001>, C4<0>, C4<0>, C4<0>;
v0000018c0f8c96c0_0 .net/2u *"_ivl_274", 7 0, L_0000018c0f8d22b0;  1 drivers
v0000018c0f8c94e0_0 .net *"_ivl_276", 0 0, L_0000018c0f9338c0;  1 drivers
L_0000018c0f8d22f8 .functor BUFT 1, C4<0001>, C4<0>, C4<0>, C4<0>;
v0000018c0f8c7c80_0 .net/2u *"_ivl_278", 3 0, L_0000018c0f8d22f8;  1 drivers
v0000018c0f8c75a0_0 .net *"_ivl_280", 7 0, L_0000018c0f932b00;  1 drivers
L_0000018c0f8d2340 .functor BUFT 1, C4<00100010>, C4<0>, C4<0>, C4<0>;
v0000018c0f8c93a0_0 .net/2u *"_ivl_282", 7 0, L_0000018c0f8d2340;  1 drivers
v0000018c0f8c8040_0 .net *"_ivl_284", 0 0, L_0000018c0f933f00;  1 drivers
L_0000018c0f8d2388 .functor BUFT 1, C4<0010>, C4<0>, C4<0>, C4<0>;
v0000018c0f8c8cc0_0 .net/2u *"_ivl_286", 3 0, L_0000018c0f8d2388;  1 drivers
v0000018c0f8c78c0_0 .net *"_ivl_288", 7 0, L_0000018c0f933fa0;  1 drivers
L_0000018c0f8d23d0 .functor BUFT 1, C4<00100011>, C4<0>, C4<0>, C4<0>;
v0000018c0f8c73c0_0 .net/2u *"_ivl_290", 7 0, L_0000018c0f8d23d0;  1 drivers
v0000018c0f8c71e0_0 .net *"_ivl_292", 0 0, L_0000018c0f932ce0;  1 drivers
L_0000018c0f8d2418 .functor BUFT 1, C4<0011>, C4<0>, C4<0>, C4<0>;
v0000018c0f8c8360_0 .net/2u *"_ivl_294", 3 0, L_0000018c0f8d2418;  1 drivers
o0000018c0f86b018 .functor BUFZ 4, C4<zzzz>; HiZ drive
; Elide local net with no drivers, v0000018c0f8c7d20_0 name=_ivl_296
v0000018c0f8c91c0_0 .net *"_ivl_298", 3 0, L_0000018c0f9340e0;  1 drivers
v0000018c0f8c7e60_0 .net *"_ivl_300", 3 0, L_0000018c0f9342c0;  1 drivers
v0000018c0f8c7960_0 .net *"_ivl_302", 3 0, L_0000018c0f934180;  1 drivers
v0000018c0f8c8ea0_0 .net *"_ivl_320", 31 0, L_0000018c0f9344a0;  1 drivers
L_0000018c0f8d2460 .functor BUFT 1, C4<0000000000000000000000000000>, C4<0>, C4<0>, C4<0>;
v0000018c0f8c7320_0 .net *"_ivl_323", 27 0, L_0000018c0f8d2460;  1 drivers
L_0000018c0f8d24a8 .functor BUFT 1, C4<00000000000000000000000000000000>, C4<0>, C4<0>, C4<0>;
v0000018c0f8c9080_0 .net/2u *"_ivl_324", 31 0, L_0000018c0f8d24a8;  1 drivers
v0000018c0f8c7be0_0 .net *"_ivl_326", 0 0, L_0000018c0f931d40;  1 drivers
v0000018c0f8c89a0_0 .net *"_ivl_328", 31 0, L_0000018c0f931de0;  1 drivers
L_0000018c0f8d24f0 .functor BUFT 1, C4<0000000000000000000000000000>, C4<0>, C4<0>, C4<0>;
v0000018c0f8c7140_0 .net *"_ivl_331", 27 0, L_0000018c0f8d24f0;  1 drivers
L_0000018c0f8d2538 .functor BUFT 1, C4<00000000000000000000000000000001>, C4<0>, C4<0>, C4<0>;
v0000018c0f8c7780_0 .net/2u *"_ivl_332", 31 0, L_0000018c0f8d2538;  1 drivers
v0000018c0f8c7460_0 .net *"_ivl_334", 0 0, L_0000018c0f931e80;  1 drivers
v0000018c0f8c7640_0 .net *"_ivl_336", 31 0, L_0000018c0f932060;  1 drivers
L_0000018c0f8d2580 .functor BUFT 1, C4<0000000000000000000000000000>, C4<0>, C4<0>, C4<0>;
v0000018c0f8c76e0_0 .net *"_ivl_339", 27 0, L_0000018c0f8d2580;  1 drivers
L_0000018c0f8d25c8 .functor BUFT 1, C4<00000000000000000000000000000010>, C4<0>, C4<0>, C4<0>;
v0000018c0f8c8d60_0 .net/2u *"_ivl_340", 31 0, L_0000018c0f8d25c8;  1 drivers
v0000018c0f8c84a0_0 .net *"_ivl_342", 0 0, L_0000018c0f936840;  1 drivers
v0000018c0f8c8fe0_0 .net *"_ivl_344", 31 0, L_0000018c0f934fe0;  1 drivers
L_0000018c0f8d2610 .functor BUFT 1, C4<0000000000000000000000000000>, C4<0>, C4<0>, C4<0>;
v0000018c0f8c82c0_0 .net *"_ivl_347", 27 0, L_0000018c0f8d2610;  1 drivers
L_0000018c0f8d2658 .functor BUFT 1, C4<00000000000000000000000000000011>, C4<0>, C4<0>, C4<0>;
v0000018c0f8c7dc0_0 .net/2u *"_ivl_348", 31 0, L_0000018c0f8d2658;  1 drivers
v0000018c0f8c7820_0 .net *"_ivl_350", 0 0, L_0000018c0f934cc0;  1 drivers
v0000018c0f8c7aa0_0 .net *"_ivl_352", 31 0, L_0000018c0f936660;  1 drivers
L_0000018c0f8d26a0 .functor BUFT 1, C4<0000000000000000000000000000>, C4<0>, C4<0>, C4<0>;
v0000018c0f8c9440_0 .net *"_ivl_355", 27 0, L_0000018c0f8d26a0;  1 drivers
L_0000018c0f8d26e8 .functor BUFT 1, C4<00000000000000000000000000000100>, C4<0>, C4<0>, C4<0>;
v0000018c0f8c85e0_0 .net/2u *"_ivl_356", 31 0, L_0000018c0f8d26e8;  1 drivers
v0000018c0f8c9120_0 .net *"_ivl_358", 0 0, L_0000018c0f936700;  1 drivers
v0000018c0f8c9760_0 .net *"_ivl_360", 31 0, L_0000018c0f935800;  1 drivers
L_0000018c0f8d2730 .functor BUFT 1, C4<0000000000000000000000000000>, C4<0>, C4<0>, C4<0>;
v0000018c0f8c8f40_0 .net *"_ivl_363", 27 0, L_0000018c0f8d2730;  1 drivers
L_0000018c0f8d2778 .functor BUFT 1, C4<00000000000000000000000000000101>, C4<0>, C4<0>, C4<0>;
v0000018c0f8c9580_0 .net/2u *"_ivl_364", 31 0, L_0000018c0f8d2778;  1 drivers
v0000018c0f8c9800_0 .net *"_ivl_366", 0 0, L_0000018c0f9351c0;  1 drivers
v0000018c0f8c70a0_0 .net *"_ivl_368", 31 0, L_0000018c0f9367a0;  1 drivers
L_0000018c0f8d1b60 .functor BUFT 1, C4<00010010>, C4<0>, C4<0>, C4<0>;
v0000018c0f8c7b40_0 .net/2u *"_ivl_37", 7 0, L_0000018c0f8d1b60;  1 drivers
L_0000018c0f8d27c0 .functor BUFT 1, C4<0000000000000000000000000000>, C4<0>, C4<0>, C4<0>;
v0000018c0f8c7f00_0 .net *"_ivl_371", 27 0, L_0000018c0f8d27c0;  1 drivers
L_0000018c0f8d2808 .functor BUFT 1, C4<00000000000000000000000000000110>, C4<0>, C4<0>, C4<0>;
v0000018c0f8c8180_0 .net/2u *"_ivl_372", 31 0, L_0000018c0f8d2808;  1 drivers
v0000018c0f8c8220_0 .net *"_ivl_374", 0 0, L_0000018c0f934ea0;  1 drivers
v0000018c0f8c8680_0 .net *"_ivl_376", 31 0, L_0000018c0f934d60;  1 drivers
L_0000018c0f8d2850 .functor BUFT 1, C4<0000000000000000000000000000>, C4<0>, C4<0>, C4<0>;
v0000018c0f8c8720_0 .net *"_ivl_379", 27 0, L_0000018c0f8d2850;  1 drivers
L_0000018c0f8d2898 .functor BUFT 1, C4<00000000000000000000000000000111>, C4<0>, C4<0>, C4<0>;
v0000018c0f8c87c0_0 .net/2u *"_ivl_380", 31 0, L_0000018c0f8d2898;  1 drivers
v0000018c0f8c8a40_0 .net *"_ivl_382", 0 0, L_0000018c0f936160;  1 drivers
o0000018c0f86b708 .functor BUFZ 32, C4<zzzzzzzzzzzzzzzzzzzzzzzzzzzzzzzz>; HiZ drive
; Elide local net with no drivers, v0000018c0f8c8ae0_0 name=_ivl_384
v0000018c0f8c8b80_0 .net *"_ivl_386", 31 0, L_0000018c0f936520;  1 drivers
v0000018c0f8cdb20_0 .net *"_ivl_388", 31 0, L_0000018c0f9353a0;  1 drivers
v0000018c0f8cc9a0_0 .net *"_ivl_390", 31 0, L_0000018c0f936a20;  1 drivers
v0000018c0f8cd300_0 .net *"_ivl_392", 31 0, L_0000018c0f935c60;  1 drivers
v0000018c0f8cc040_0 .net *"_ivl_394", 31 0, L_0000018c0f935e40;  1 drivers
v0000018c0f8ccb80_0 .net *"_ivl_396", 31 0, L_0000018c0f935940;  1 drivers
v0000018c0f8cbdc0_0 .net *"_ivl_398", 31 0, L_0000018c0f934c20;  1 drivers
L_0000018c0f8d1b18 .functor BUFT 1, C4<00>, C4<0>, C4<0>, C4<0>;
v0000018c0f8cc540_0 .net/2s *"_ivl_4", 1 0, L_0000018c0f8d1b18;  1 drivers
v0000018c0f8cd6c0_0 .net *"_ivl_40", 7 0, L_0000018c0f9296c0;  1 drivers
v0000018c0f8cb960_0 .net *"_ivl_41", 7 0, L_0000018c0f92a8e0;  1 drivers
L_0000018c0f8d1ba8 .functor BUFT 1, C4<00000000>, C4<0>, C4<0>, C4<0>;
v0000018c0f8cc180_0 .net/2u *"_ivl_46", 7 0, L_0000018c0f8d1ba8;  1 drivers
v0000018c0f8cc2c0_0 .net *"_ivl_49", 7 0, L_0000018c0f928900;  1 drivers
v0000018c0f8cc0e0_0 .net *"_ivl_50", 7 0, L_0000018c0f929760;  1 drivers
v0000018c0f8cdf80_0 .net *"_ivl_54", 0 0, L_0000018c0f929ee0;  1 drivers
v0000018c0f8cce00_0 .net *"_ivl_56", 0 0, L_0000018c0f92a660;  1 drivers
v0000018c0f8ccfe0_0 .net *"_ivl_58", 0 0, L_0000018c0f9289a0;  1 drivers
v0000018c0f8cd440_0 .net *"_ivl_6", 1 0, L_0000018c0f9293a0;  1 drivers
v0000018c0f8cdda0_0 .net *"_ivl_60", 0 0, L_0000018c0f933320;  1 drivers
v0000018c0f8cda80_0 .net *"_ivl_62", 31 0, L_0000018c0f9336e0;  1 drivers
v0000018c0f8cbe60_0 .net *"_ivl_64", 31 0, L_0000018c0f932240;  1 drivers
v0000018c0f8cde40_0 .net *"_ivl_66", 31 0, L_0000018c0f9335a0;  1 drivers
v0000018c0f8cbfa0_0 .net *"_ivl_70", 0 0, L_0000018c0f932100;  1 drivers
v0000018c0f8cd080_0 .net *"_ivl_72", 0 0, L_0000018c0f9333c0;  1 drivers
v0000018c0f8ccc20_0 .net *"_ivl_74", 0 0, L_0000018c0f933be0;  1 drivers
v0000018c0f8cbf00_0 .net *"_ivl_76", 0 0, L_0000018c0f933a00;  1 drivers
v0000018c0f8cc860_0 .net *"_ivl_78", 31 0, L_0000018c0f931fc0;  1 drivers
v0000018c0f8cbbe0_0 .net *"_ivl_80", 31 0, L_0000018c0f932420;  1 drivers
v0000018c0f8cd620_0 .net *"_ivl_82", 31 0, L_0000018c0f932ba0;  1 drivers
v0000018c0f8cc360_0 .net *"_ivl_86", 7 0, L_0000018c0f9321a0;  1 drivers
L_0000018c0f8d1bf0 .functor BUFT 1, C4<00010001>, C4<0>, C4<0>, C4<0>;
v0000018c0f8cc400_0 .net/2u *"_ivl_88", 7 0, L_0000018c0f8d1bf0;  1 drivers
v0000018c0f8cdbc0_0 .net *"_ivl_90", 0 0, L_0000018c0f9322e0;  1 drivers
L_0000018c0f8d1c38 .functor BUFT 1, C4<01>, C4<0>, C4<0>, C4<0>;
v0000018c0f8cd580_0 .net/2s *"_ivl_92", 1 0, L_0000018c0f8d1c38;  1 drivers
L_0000018c0f8d1c80 .functor BUFT 1, C4<00>, C4<0>, C4<0>, C4<0>;
v0000018c0f8cd3a0_0 .net/2s *"_ivl_94", 1 0, L_0000018c0f8d1c80;  1 drivers
v0000018c0f8cc900_0 .net *"_ivl_96", 1 0, L_0000018c0f932740;  1 drivers
v0000018c0f8cd120_0 .net "addr", 31 0, v0000018c0f8cf560_0;  1 drivers
v0000018c0f8ce020_0 .net "cc", 2 0, L_0000018c0f9299e0;  alias, 1 drivers
v0000018c0f8cdee0_0 .net "clock", 0 0, v0000018c0f8cefc0_0;  1 drivers
v0000018c0f8cc220_0 .net "d_halt", 0 0, L_0000018c0f932ec0;  1 drivers
v0000018c0f8cc4a0_0 .net "d_icode", 3 0, L_0000018c0f92a7a0;  1 drivers
v0000018c0f8cb8c0_0 .net "d_ifun", 3 0, L_0000018c0f9294e0;  1 drivers
v0000018c0f8cba00_0 .net "d_jflg", 0 0, L_0000018c0f932600;  1 drivers
v0000018c0f8cc5e0_0 .net "d_jpc", 31 0, L_0000018c0f933e60;  1 drivers
v0000018c0f8cdc60_0 .net "d_rA", 3 0, L_0000018c0f92b060;  1 drivers
v0000018c0f8cc680_0 .net "d_rB", 3 0, L_0000018c0f92a980;  1 drivers
v0000018c0f8cbc80_0 .net "d_valA", 31 0, L_0000018c0f933280;  1 drivers
v0000018c0f8ccea0_0 .net "d_valA_reg", 31 0, L_0000018c0f92b560;  1 drivers
v0000018c0f8cbd20_0 .net "d_valB", 31 0, L_0000018c0f933b40;  1 drivers
v0000018c0f8cd760_0 .net "d_valB_reg", 31 0, L_0000018c0f92ab60;  1 drivers
v0000018c0f8cd260_0 .net "d_valC", 15 0, L_0000018c0f9298a0;  1 drivers
v0000018c0f8cc720_0 .net "e_OF", 0 0, L_0000018c0f934400;  1 drivers
v0000018c0f8cca40_0 .net "e_SF", 0 0, L_0000018c0f934360;  1 drivers
v0000018c0f8cd4e0_0 .net "e_ZF", 0 0, L_0000018c0f932d80;  1 drivers
v0000018c0f8cc7c0_0 .net "e_alufun", 3 0, L_0000018c0f932920;  1 drivers
v0000018c0f8cbb40_0 .net "e_dstE", 3 0, v0000018c0f8c6650_0;  1 drivers
v0000018c0f8ccae0_0 .net "e_dstM", 3 0, L_0000018c0f933140;  1 drivers
v0000018c0f8cbaa0_0 .net "e_halt", 0 0, L_0000018c0f93b160;  1 drivers
v0000018c0f8cccc0_0 .var "e_reg_rst", 0 0;
v0000018c0f8cd940_0 .net "e_valA", 31 0, v0000018c0f8c6510_0;  1 drivers
v0000018c0f8ccd60_0 .net "e_valB", 31 0, v0000018c0f8c63d0_0;  1 drivers
v0000018c0f8ccf40_0 .net "e_valE", 31 0, L_0000018c0f929bc0;  1 drivers
v0000018c0f8cd1c0_0 .net "e_valM", 31 0, L_0000018c0f933780;  1 drivers
v0000018c0f8cd800_0 .net "f_addr", 31 0, L_0000018c0f929f80;  1 drivers
v0000018c0f8cd8a0_0 .net "f_rd", 0 0, L_0000018c0f929e40;  1 drivers
v0000018c0f8cdd00_0 .net "f_rdata", 31 0, v0000018c0f8c19d0_0;  1 drivers
v0000018c0f8cd9e0_0 .net "r0", 31 0, v0000018c0f8c5430_0;  alias, 1 drivers
v0000018c0f8cee80_0 .net "r1", 31 0, v0000018c0f8c43f0_0;  alias, 1 drivers
v0000018c0f8cf420_0 .net "r2", 31 0, v0000018c0f8c4c10_0;  alias, 1 drivers
v0000018c0f8cf1a0_0 .net "r3", 31 0, v0000018c0f8c52f0_0;  alias, 1 drivers
v0000018c0f8ce980_0 .net "r4", 31 0, v0000018c0f8c3db0_0;  alias, 1 drivers
v0000018c0f8ce340_0 .net "r5", 31 0, v0000018c0f8c3c70_0;  alias, 1 drivers
v0000018c0f8cede0_0 .net "r6", 31 0, v0000018c0f8c3d10_0;  alias, 1 drivers
v0000018c0f8ce160_0 .net "r7", 31 0, v0000018c0f8c4030_0;  alias, 1 drivers
v0000018c0f8cf380_0 .net "rID", 3 0, v0000018c0f8cf060_0;  1 drivers
v0000018c0f8cef20_0 .net "rdata", 31 0, L_0000018c0f935440;  alias, 1 drivers
v0000018c0f8cf240_0 .net "valE", 31 0, L_0000018c0f93a600;  alias, 1 drivers
v0000018c0f8cf2e0_0 .net "w_dstE", 3 0, v0000018c0f8c6bf0_0;  1 drivers
v0000018c0f8cf4c0_0 .net "w_dstM", 3 0, v0000018c0f8c6290_0;  1 drivers
v0000018c0f8cf100_0 .net "w_valE", 31 0, v0000018c0f8c5d90_0;  1 drivers
v0000018c0f8ce520_0 .net "w_valM", 31 0, v0000018c0f8c61f0_0;  1 drivers
v0000018c0f8ce200_0 .net "wdata", 31 0, v0000018c0f8ceac0_0;  1 drivers
v0000018c0f8ce2a0_0 .net "working", 0 0, v0000018c0f8ce8e0_0;  1 drivers
v0000018c0f8ceb60_0 .net "wr", 0 0, v0000018c0f8cec00_0;  1 drivers
L_0000018c0f929f80 .functor MUXZ 32, v0000018c0f8cf560_0, v0000018c0f8c5e30_0, v0000018c0f8ce8e0_0, C4<>;
L_0000018c0f9293a0 .functor MUXZ 2, L_0000018c0f8d1b18, L_0000018c0f8d1ad0, v0000018c0f8ce8e0_0, C4<>;
L_0000018c0f929e40 .part L_0000018c0f9293a0, 0, 1;
L_0000018c0f92a7a0 .part L_0000018c0f92a8e0, 4, 4;
L_0000018c0f9294e0 .part L_0000018c0f92a8e0, 0, 4;
L_0000018c0f9296c0 .part L_0000018c0f92d770, 24, 8;
L_0000018c0f92a8e0 .functor MUXZ 8, L_0000018c0f9296c0, L_0000018c0f8d1b60, v0000018c0f8c5cf0_0, C4<>;
L_0000018c0f92b060 .part L_0000018c0f929760, 4, 4;
L_0000018c0f92a980 .part L_0000018c0f929760, 0, 4;
L_0000018c0f928900 .part L_0000018c0f92d770, 16, 8;
L_0000018c0f929760 .functor MUXZ 8, L_0000018c0f928900, L_0000018c0f8d1ba8, v0000018c0f8c5cf0_0, C4<>;
L_0000018c0f9298a0 .part L_0000018c0f92d770, 0, 16;
L_0000018c0f929ee0 .cmp/eq 4, v0000018c0f8c6650_0, L_0000018c0f92b060;
L_0000018c0f92a660 .cmp/eq 4, L_0000018c0f933140, L_0000018c0f92b060;
L_0000018c0f9289a0 .cmp/eq 4, v0000018c0f8c6bf0_0, L_0000018c0f92b060;
L_0000018c0f933320 .cmp/eq 4, v0000018c0f8c6290_0, L_0000018c0f92b060;
L_0000018c0f9336e0 .functor MUXZ 32, L_0000018c0f92b560, v0000018c0f8c61f0_0, L_0000018c0f933320, C4<>;
L_0000018c0f932240 .functor MUXZ 32, L_0000018c0f9336e0, v0000018c0f8c5d90_0, L_0000018c0f9289a0, C4<>;
L_0000018c0f9335a0 .functor MUXZ 32, L_0000018c0f932240, L_0000018c0f933780, L_0000018c0f92a660, C4<>;
L_0000018c0f933280 .functor MUXZ 32, L_0000018c0f9335a0, L_0000018c0f929bc0, L_0000018c0f929ee0, C4<>;
L_0000018c0f932100 .cmp/eq 4, v0000018c0f8c6650_0, L_0000018c0f92a980;
L_0000018c0f9333c0 .cmp/eq 4, L_0000018c0f933140, L_0000018c0f92a980;
L_0000018c0f933be0 .cmp/eq 4, v0000018c0f8c6bf0_0, L_0000018c0f92a980;
L_0000018c0f933a00 .cmp/eq 4, v0000018c0f8c6290_0, L_0000018c0f92a980;
L_0000018c0f931fc0 .functor MUXZ 32, L_0000018c0f92ab60, v0000018c0f8c61f0_0, L_0000018c0f933a00, C4<>;
L_0000018c0f932420 .functor MUXZ 32, L_0000018c0f931fc0, v0000018c0f8c5d90_0, L_0000018c0f933be0, C4<>;
L_0000018c0f932ba0 .functor MUXZ 32, L_0000018c0f932420, L_0000018c0f933780, L_0000018c0f9333c0, C4<>;
L_0000018c0f933b40 .functor MUXZ 32, L_0000018c0f932ba0, L_0000018c0f929bc0, L_0000018c0f932100, C4<>;
L_0000018c0f9321a0 .concat [ 4 4 0 0], L_0000018c0f9294e0, L_0000018c0f92a7a0;
L_0000018c0f9322e0 .cmp/eq 8, L_0000018c0f9321a0, L_0000018c0f8d1bf0;
L_0000018c0f932740 .functor MUXZ 2, L_0000018c0f8d1c80, L_0000018c0f8d1c38, L_0000018c0f9322e0, C4<>;
L_0000018c0f932ec0 .part L_0000018c0f932740, 0, 1;
L_0000018c0f932a60 .concat [ 4 4 0 0], L_0000018c0f9294e0, L_0000018c0f92a7a0;
L_0000018c0f9324c0 .cmp/eq 8, L_0000018c0f932a60, L_0000018c0f8d1cc8;
L_0000018c0f932c40 .concat [ 4 4 0 0], L_0000018c0f9294e0, L_0000018c0f92a7a0;
L_0000018c0f933460 .cmp/eq 8, L_0000018c0f932c40, L_0000018c0f8d1d58;
L_0000018c0f931f20 .concat [ 4 4 0 0], L_0000018c0f9294e0, L_0000018c0f92a7a0;
L_0000018c0f933000 .cmp/eq 8, L_0000018c0f931f20, L_0000018c0f8d1de8;
L_0000018c0f934040 .concat [ 4 4 0 0], L_0000018c0f9294e0, L_0000018c0f92a7a0;
L_0000018c0f933500 .cmp/eq 8, L_0000018c0f934040, L_0000018c0f8d1e78;
L_0000018c0f933aa0 .concat [ 4 4 0 0], L_0000018c0f9294e0, L_0000018c0f92a7a0;
L_0000018c0f932380 .cmp/eq 8, L_0000018c0f933aa0, L_0000018c0f8d1f08;
L_0000018c0f933c80 .concat [ 4 4 0 0], L_0000018c0f9294e0, L_0000018c0f92a7a0;
L_0000018c0f934220 .cmp/eq 8, L_0000018c0f933c80, L_0000018c0f8d1f98;
L_0000018c0f9331e0 .concat [ 4 4 0 0], L_0000018c0f9294e0, L_0000018c0f92a7a0;
L_0000018c0f933960 .cmp/eq 8, L_0000018c0f9331e0, L_0000018c0f8d2028;
L_0000018c0f932880 .functor MUXZ 2, L_0000018c0f8d20b8, L_0000018c0f8d2070, L_0000018c0f93b7f0, C4<>;
L_0000018c0f9329c0 .functor MUXZ 2, L_0000018c0f932880, L_0000018c0f8d1fe0, L_0000018c0f93ad70, C4<>;
L_0000018c0f933d20 .functor MUXZ 2, L_0000018c0f9329c0, L_0000018c0f8d1f50, L_0000018c0f93a360, C4<>;
L_0000018c0f933dc0 .functor MUXZ 2, L_0000018c0f933d20, L_0000018c0f8d1ec0, L_0000018c0f93b470, C4<>;
L_0000018c0f932e20 .functor MUXZ 2, L_0000018c0f933dc0, L_0000018c0f8d1e30, L_0000018c0f92ce40, C4<>;
L_0000018c0f932560 .functor MUXZ 2, L_0000018c0f932e20, L_0000018c0f8d1da0, L_0000018c0f92cc10, C4<>;
L_0000018c0f933640 .functor MUXZ 2, L_0000018c0f932560, L_0000018c0f8d1d10, L_0000018c0f92d7e0, C4<>;
L_0000018c0f932600 .part L_0000018c0f933640, 0, 1;
L_0000018c0f933e60 .concat [ 16 4 4 8], L_0000018c0f9298a0, L_0000018c0f92a980, L_0000018c0f92b060, L_0000018c0f8d2100;
L_0000018c0f933780 .concat [ 16 16 0 0], v0000018c0f8c60b0_0, L_0000018c0f8d2148;
L_0000018c0f932f60 .concat [ 4 4 0 0], v0000018c0f8c6a10_0, v0000018c0f8c6150_0;
L_0000018c0f9330a0 .cmp/eq 8, L_0000018c0f932f60, L_0000018c0f8d2190;
L_0000018c0f933140 .functor MUXZ 4, L_0000018c0f8d21d8, v0000018c0f8c5bb0_0, L_0000018c0f9330a0, C4<>;
L_0000018c0f9326a0 .concat [ 4 4 0 0], v0000018c0f8c6a10_0, v0000018c0f8c6150_0;
L_0000018c0f933820 .cmp/eq 8, L_0000018c0f9326a0, L_0000018c0f8d2220;
L_0000018c0f9327e0 .concat [ 4 4 0 0], v0000018c0f8c6a10_0, v0000018c0f8c6150_0;
L_0000018c0f9338c0 .cmp/eq 8, L_0000018c0f9327e0, L_0000018c0f8d22b0;
L_0000018c0f932b00 .concat [ 4 4 0 0], v0000018c0f8c6a10_0, v0000018c0f8c6150_0;
L_0000018c0f933f00 .cmp/eq 8, L_0000018c0f932b00, L_0000018c0f8d2340;
L_0000018c0f933fa0 .concat [ 4 4 0 0], v0000018c0f8c6a10_0, v0000018c0f8c6150_0;
L_0000018c0f932ce0 .cmp/eq 8, L_0000018c0f933fa0, L_0000018c0f8d23d0;
L_0000018c0f9340e0 .functor MUXZ 4, o0000018c0f86b018, L_0000018c0f8d2418, L_0000018c0f932ce0, C4<>;
L_0000018c0f9342c0 .functor MUXZ 4, L_0000018c0f9340e0, L_0000018c0f8d2388, L_0000018c0f933f00, C4<>;
L_0000018c0f934180 .functor MUXZ 4, L_0000018c0f9342c0, L_0000018c0f8d22f8, L_0000018c0f9338c0, C4<>;
L_0000018c0f932920 .functor MUXZ 4, L_0000018c0f934180, L_0000018c0f8d2268, L_0000018c0f933820, C4<>;
L_0000018c0f932d80 .part L_0000018c0f9299e0, 2, 1;
L_0000018c0f934360 .part L_0000018c0f9299e0, 1, 1;
L_0000018c0f934400 .part L_0000018c0f9299e0, 0, 1;
L_0000018c0f9344a0 .concat [ 4 28 0 0], v0000018c0f8cf060_0, L_0000018c0f8d2460;
L_0000018c0f931d40 .cmp/eq 32, L_0000018c0f9344a0, L_0000018c0f8d24a8;
L_0000018c0f931de0 .concat [ 4 28 0 0], v0000018c0f8cf060_0, L_0000018c0f8d24f0;
L_0000018c0f931e80 .cmp/eq 32, L_0000018c0f931de0, L_0000018c0f8d2538;
L_0000018c0f932060 .concat [ 4 28 0 0], v0000018c0f8cf060_0, L_0000018c0f8d2580;
L_0000018c0f936840 .cmp/eq 32, L_0000018c0f932060, L_0000018c0f8d25c8;
L_0000018c0f934fe0 .concat [ 4 28 0 0], v0000018c0f8cf060_0, L_0000018c0f8d2610;
L_0000018c0f934cc0 .cmp/eq 32, L_0000018c0f934fe0, L_0000018c0f8d2658;
L_0000018c0f936660 .concat [ 4 28 0 0], v0000018c0f8cf060_0, L_0000018c0f8d26a0;
L_0000018c0f936700 .cmp/eq 32, L_0000018c0f936660, L_0000018c0f8d26e8;
L_0000018c0f935800 .concat [ 4 28 0 0], v0000018c0f8cf060_0, L_0000018c0f8d2730;
L_0000018c0f9351c0 .cmp/eq 32, L_0000018c0f935800, L_0000018c0f8d2778;
L_0000018c0f9367a0 .concat [ 4 28 0 0], v0000018c0f8cf060_0, L_0000018c0f8d27c0;
L_0000018c0f934ea0 .cmp/eq 32, L_0000018c0f9367a0, L_0000018c0f8d2808;
L_0000018c0f934d60 .concat [ 4 28 0 0], v0000018c0f8cf060_0, L_0000018c0f8d2850;
L_0000018c0f936160 .cmp/eq 32, L_0000018c0f934d60, L_0000018c0f8d2898;
L_0000018c0f936520 .functor MUXZ 32, o0000018c0f86b708, v0000018c0f8c4030_0, L_0000018c0f936160, C4<>;
L_0000018c0f9353a0 .functor MUXZ 32, L_0000018c0f936520, v0000018c0f8c3d10_0, L_0000018c0f934ea0, C4<>;
L_0000018c0f936a20 .functor MUXZ 32, L_0000018c0f9353a0, v0000018c0f8c3c70_0, L_0000018c0f9351c0, C4<>;
L_0000018c0f935c60 .functor MUXZ 32, L_0000018c0f936a20, v0000018c0f8c3db0_0, L_0000018c0f936700, C4<>;
L_0000018c0f935e40 .functor MUXZ 32, L_0000018c0f935c60, v0000018c0f8c52f0_0, L_0000018c0f934cc0, C4<>;
L_0000018c0f935940 .functor MUXZ 32, L_0000018c0f935e40, v0000018c0f8c4c10_0, L_0000018c0f936840, C4<>;
L_0000018c0f934c20 .functor MUXZ 32, L_0000018c0f935940, v0000018c0f8c43f0_0, L_0000018c0f931e80, C4<>;
L_0000018c0f935440 .functor MUXZ 32, L_0000018c0f934c20, v0000018c0f8c5430_0, L_0000018c0f931d40, C4<>;
S_0000018c0f7bb9f0 .scope module, "alu" "alu" 3 79, 4 2 0, S_0000018c0f7bb860;
 .timescale -9 -11;
    .port_info 0 /INPUT 32 "aluA";
    .port_info 1 /INPUT 32 "aluB";
    .port_info 2 /INPUT 4 "alufun";
    .port_info 3 /OUTPUT 32 "valE";
    .port_info 4 /OUTPUT 3 "cc";
L_0000018c0f92c9e0 .functor BUFZ 32, v0000018c0f8c6510_0, C4<00000000000000000000000000000000>, C4<00000000000000000000000000000000>, C4<00000000000000000000000000000000>;
L_0000018c0f92ceb0 .functor BUFZ 32, v0000018c0f8c63d0_0, C4<00000000000000000000000000000000>, C4<00000000000000000000000000000000>, C4<00000000000000000000000000000000>;
L_0000018c0f92d3f0 .functor BUFZ 32, L_0000018c0f929bc0, C4<00000000000000000000000000000000>, C4<00000000000000000000000000000000>, C4<00000000000000000000000000000000>;
L_0000018c0f92d310 .functor AND 32, v0000018c0f8c6510_0, v0000018c0f8c63d0_0, C4<11111111111111111111111111111111>, C4<11111111111111111111111111111111>;
L_0000018c0f92d000 .functor NOT 32, v0000018c0f8c6510_0, C4<00000000000000000000000000000000>, C4<00000000000000000000000000000000>, C4<00000000000000000000000000000000>;
L_0000018c0f92cc80 .functor AND 32, L_0000018c0f92d000, v0000018c0f8c63d0_0, C4<11111111111111111111111111111111>, C4<11111111111111111111111111111111>;
L_0000018c0f92ccf0 .functor NOT 32, v0000018c0f8c63d0_0, C4<00000000000000000000000000000000>, C4<00000000000000000000000000000000>, C4<00000000000000000000000000000000>;
L_0000018c0f92d1c0 .functor AND 32, v0000018c0f8c6510_0, L_0000018c0f92ccf0, C4<11111111111111111111111111111111>, C4<11111111111111111111111111111111>;
L_0000018c0f92d230 .functor OR 32, L_0000018c0f92cc80, L_0000018c0f92d1c0, C4<00000000000000000000000000000000>, C4<00000000000000000000000000000000>;
L_0000018c0f92cac0 .functor AND 1, L_0000018c0f929120, L_0000018c0f928e00, C4<1>, C4<1>;
L_0000018c0f92cf90 .functor AND 1, L_0000018c0f92cac0, L_0000018c0f9291c0, C4<1>, C4<1>;
L_0000018c0f92cb30 .functor AND 1, L_0000018c0f928ea0, L_0000018c0f92a340, C4<1>, C4<1>;
L_0000018c0f92cf20 .functor AND 1, L_0000018c0f92cb30, L_0000018c0f929da0, C4<1>, C4<1>;
L_0000018c0f92d460 .functor OR 1, L_0000018c0f92cf90, L_0000018c0f92cf20, C4<0>, C4<0>;
L_0000018c0f92d4d0 .functor AND 1, L_0000018c0f92ac00, L_0000018c0f929800, C4<1>, C4<1>;
L_0000018c0f92d620 .functor AND 1, L_0000018c0f92d4d0, L_0000018c0f92ae80, C4<1>, C4<1>;
L_0000018c0f92d690 .functor AND 1, L_0000018c0f92aca0, L_0000018c0f929260, C4<1>, C4<1>;
L_0000018c0f92d700 .functor AND 1, L_0000018c0f92d690, L_0000018c0f929300, C4<1>, C4<1>;
L_0000018c0f92d070 .functor OR 1, L_0000018c0f92d620, L_0000018c0f92d700, C4<0>, C4<0>;
v0000018c0f847550_0 .net/s "A", 31 0, L_0000018c0f92c9e0;  1 drivers
v0000018c0f847050_0 .net/s "B", 31 0, L_0000018c0f92ceb0;  1 drivers
v0000018c0f846650_0 .net/s "E", 31 0, L_0000018c0f92d3f0;  1 drivers
v0000018c0f847eb0_0 .net "OF", 0 0, L_0000018c0f92a5c0;  1 drivers
v0000018c0f8463d0_0 .net "SF", 0 0, L_0000018c0f928a40;  1 drivers
v0000018c0f846290_0 .net "ZF", 0 0, L_0000018c0f92a520;  1 drivers
L_0000018c0f8d1650 .functor BUFT 1, C4<00000000000000000000000000000000>, C4<0>, C4<0>, C4<0>;
v0000018c0f846830_0 .net/2s *"_ivl_100", 31 0, L_0000018c0f8d1650;  1 drivers
v0000018c0f846970_0 .net *"_ivl_102", 0 0, L_0000018c0f929120;  1 drivers
L_0000018c0f8d1698 .functor BUFT 1, C4<00000000000000000000000000000000>, C4<0>, C4<0>, C4<0>;
v0000018c0f8470f0_0 .net/2s *"_ivl_104", 31 0, L_0000018c0f8d1698;  1 drivers
v0000018c0f847690_0 .net *"_ivl_106", 0 0, L_0000018c0f928e00;  1 drivers
v0000018c0f847730_0 .net *"_ivl_109", 0 0, L_0000018c0f92cac0;  1 drivers
L_0000018c0f8d1188 .functor BUFT 1, C4<0000000000000000000000000000>, C4<0>, C4<0>, C4<0>;
v0000018c0f846a10_0 .net *"_ivl_11", 27 0, L_0000018c0f8d1188;  1 drivers
L_0000018c0f8d16e0 .functor BUFT 1, C4<00000000000000000000000000000000>, C4<0>, C4<0>, C4<0>;
v0000018c0f8477d0_0 .net/2s *"_ivl_110", 31 0, L_0000018c0f8d16e0;  1 drivers
v0000018c0f847870_0 .net *"_ivl_112", 0 0, L_0000018c0f9291c0;  1 drivers
v0000018c0f846ab0_0 .net *"_ivl_115", 0 0, L_0000018c0f92cf90;  1 drivers
L_0000018c0f8d1728 .functor BUFT 1, C4<00000000000000000000000000000000>, C4<0>, C4<0>, C4<0>;
v0000018c0f846b50_0 .net/2s *"_ivl_116", 31 0, L_0000018c0f8d1728;  1 drivers
v0000018c0f846bf0_0 .net *"_ivl_118", 0 0, L_0000018c0f928ea0;  1 drivers
L_0000018c0f8d11d0 .functor BUFT 1, C4<00000000000000000000000000000000>, C4<0>, C4<0>, C4<0>;
v0000018c0f8479b0_0 .net/2u *"_ivl_12", 31 0, L_0000018c0f8d11d0;  1 drivers
L_0000018c0f8d1770 .functor BUFT 1, C4<00000000000000000000000000000000>, C4<0>, C4<0>, C4<0>;
v0000018c0f847a50_0 .net/2s *"_ivl_120", 31 0, L_0000018c0f8d1770;  1 drivers
v0000018c0f847af0_0 .net *"_ivl_122", 0 0, L_0000018c0f92a340;  1 drivers
v0000018c0f836450_0 .net *"_ivl_125", 0 0, L_0000018c0f92cb30;  1 drivers
L_0000018c0f8d17b8 .functor BUFT 1, C4<00000000000000000000000000000000>, C4<0>, C4<0>, C4<0>;
v0000018c0f836810_0 .net/2s *"_ivl_126", 31 0, L_0000018c0f8d17b8;  1 drivers
v0000018c0f835a50_0 .net *"_ivl_128", 0 0, L_0000018c0f929da0;  1 drivers
v0000018c0f836d10_0 .net *"_ivl_131", 0 0, L_0000018c0f92cf20;  1 drivers
v0000018c0f8350f0_0 .net *"_ivl_133", 0 0, L_0000018c0f92d460;  1 drivers
L_0000018c0f8d1800 .functor BUFT 1, C4<01>, C4<0>, C4<0>, C4<0>;
v0000018c0f836310_0 .net/2s *"_ivl_134", 1 0, L_0000018c0f8d1800;  1 drivers
L_0000018c0f8d1848 .functor BUFT 1, C4<00>, C4<0>, C4<0>, C4<0>;
v0000018c0f8363b0_0 .net/2s *"_ivl_136", 1 0, L_0000018c0f8d1848;  1 drivers
v0000018c0f836630_0 .net *"_ivl_138", 1 0, L_0000018c0f928f40;  1 drivers
v0000018c0f836950_0 .net *"_ivl_14", 0 0, L_0000018c0f92af20;  1 drivers
L_0000018c0f8d1890 .functor BUFT 1, C4<00000000000000000000000000000000>, C4<0>, C4<0>, C4<0>;
v0000018c0f823770_0 .net/2s *"_ivl_140", 31 0, L_0000018c0f8d1890;  1 drivers
v0000018c0f823bd0_0 .net *"_ivl_142", 0 0, L_0000018c0f92ac00;  1 drivers
L_0000018c0f8d18d8 .functor BUFT 1, C4<00000000000000000000000000000000>, C4<0>, C4<0>, C4<0>;
v0000018c0f823db0_0 .net/2s *"_ivl_144", 31 0, L_0000018c0f8d18d8;  1 drivers
v0000018c0f824210_0 .net *"_ivl_146", 0 0, L_0000018c0f929800;  1 drivers
v0000018c0f822c30_0 .net *"_ivl_149", 0 0, L_0000018c0f92d4d0;  1 drivers
L_0000018c0f8d1920 .functor BUFT 1, C4<00000000000000000000000000000000>, C4<0>, C4<0>, C4<0>;
v0000018c0f823e50_0 .net/2s *"_ivl_150", 31 0, L_0000018c0f8d1920;  1 drivers
v0000018c0f823ef0_0 .net *"_ivl_152", 0 0, L_0000018c0f92ae80;  1 drivers
v0000018c0f80c050_0 .net *"_ivl_155", 0 0, L_0000018c0f92d620;  1 drivers
L_0000018c0f8d1968 .functor BUFT 1, C4<00000000000000000000000000000000>, C4<0>, C4<0>, C4<0>;
v0000018c0f80c190_0 .net/2s *"_ivl_156", 31 0, L_0000018c0f8d1968;  1 drivers
v0000018c0f80c410_0 .net *"_ivl_158", 0 0, L_0000018c0f92aca0;  1 drivers
v0000018c0f80c4b0_0 .net *"_ivl_16", 31 0, L_0000018c0f929620;  1 drivers
L_0000018c0f8d19b0 .functor BUFT 1, C4<00000000000000000000000000000000>, C4<0>, C4<0>, C4<0>;
v0000018c0f7b7bb0_0 .net/2s *"_ivl_160", 31 0, L_0000018c0f8d19b0;  1 drivers
v0000018c0f7b81f0_0 .net *"_ivl_162", 0 0, L_0000018c0f929260;  1 drivers
v0000018c0f7f0300_0 .net *"_ivl_165", 0 0, L_0000018c0f92d690;  1 drivers
L_0000018c0f8d19f8 .functor BUFT 1, C4<00000000000000000000000000000000>, C4<0>, C4<0>, C4<0>;
v0000018c0f7f03a0_0 .net/2s *"_ivl_166", 31 0, L_0000018c0f8d19f8;  1 drivers
v0000018c0f8c0780_0 .net *"_ivl_168", 0 0, L_0000018c0f929300;  1 drivers
v0000018c0f8bf740_0 .net *"_ivl_171", 0 0, L_0000018c0f92d700;  1 drivers
v0000018c0f8bf060_0 .net *"_ivl_173", 0 0, L_0000018c0f92d070;  1 drivers
L_0000018c0f8d1a40 .functor BUFT 1, C4<01>, C4<0>, C4<0>, C4<0>;
v0000018c0f8c0dc0_0 .net/2s *"_ivl_174", 1 0, L_0000018c0f8d1a40;  1 drivers
L_0000018c0f8d1a88 .functor BUFT 1, C4<00>, C4<0>, C4<0>, C4<0>;
v0000018c0f8bfc40_0 .net/2s *"_ivl_176", 1 0, L_0000018c0f8d1a88;  1 drivers
v0000018c0f8c0140_0 .net *"_ivl_178", 1 0, L_0000018c0f92a3e0;  1 drivers
v0000018c0f8bf2e0_0 .net *"_ivl_18", 31 0, L_0000018c0f92a480;  1 drivers
v0000018c0f8c0e60_0 .net *"_ivl_180", 1 0, L_0000018c0f92ade0;  1 drivers
L_0000018c0f8d1218 .functor BUFT 1, C4<0000000000000000000000000000>, C4<0>, C4<0>, C4<0>;
v0000018c0f8bff60_0 .net *"_ivl_21", 27 0, L_0000018c0f8d1218;  1 drivers
L_0000018c0f8d1260 .functor BUFT 1, C4<00000000000000000000000000000001>, C4<0>, C4<0>, C4<0>;
v0000018c0f8c0460_0 .net/2u *"_ivl_22", 31 0, L_0000018c0f8d1260;  1 drivers
v0000018c0f8c03c0_0 .net *"_ivl_24", 0 0, L_0000018c0f92a2a0;  1 drivers
v0000018c0f8c0000_0 .net *"_ivl_26", 31 0, L_0000018c0f928c20;  1 drivers
v0000018c0f8bfb00_0 .net *"_ivl_28", 31 0, L_0000018c0f928cc0;  1 drivers
L_0000018c0f8d12a8 .functor BUFT 1, C4<0000000000000000000000000000>, C4<0>, C4<0>, C4<0>;
v0000018c0f8bfe20_0 .net *"_ivl_31", 27 0, L_0000018c0f8d12a8;  1 drivers
L_0000018c0f8d12f0 .functor BUFT 1, C4<00000000000000000000000000000010>, C4<0>, C4<0>, C4<0>;
v0000018c0f8c0640_0 .net/2u *"_ivl_32", 31 0, L_0000018c0f8d12f0;  1 drivers
v0000018c0f8bf600_0 .net *"_ivl_34", 0 0, L_0000018c0f928d60;  1 drivers
v0000018c0f8c0f00_0 .net *"_ivl_36", 31 0, L_0000018c0f92d310;  1 drivers
v0000018c0f8c0aa0_0 .net *"_ivl_38", 31 0, L_0000018c0f929a80;  1 drivers
L_0000018c0f8d1338 .functor BUFT 1, C4<0000000000000000000000000000>, C4<0>, C4<0>, C4<0>;
v0000018c0f8bf6a0_0 .net *"_ivl_41", 27 0, L_0000018c0f8d1338;  1 drivers
L_0000018c0f8d1380 .functor BUFT 1, C4<00000000000000000000000000000011>, C4<0>, C4<0>, C4<0>;
v0000018c0f8bf880_0 .net/2u *"_ivl_42", 31 0, L_0000018c0f8d1380;  1 drivers
v0000018c0f8c0320_0 .net *"_ivl_44", 0 0, L_0000018c0f92afc0;  1 drivers
v0000018c0f8bf100_0 .net *"_ivl_46", 31 0, L_0000018c0f92d000;  1 drivers
v0000018c0f8bfce0_0 .net *"_ivl_48", 31 0, L_0000018c0f92cc80;  1 drivers
v0000018c0f8c0500_0 .net *"_ivl_50", 31 0, L_0000018c0f92ccf0;  1 drivers
v0000018c0f8c0820_0 .net *"_ivl_52", 31 0, L_0000018c0f92d1c0;  1 drivers
v0000018c0f8bf920_0 .net *"_ivl_54", 31 0, L_0000018c0f92d230;  1 drivers
o0000018c0f867ec8 .functor BUFZ 32, C4<zzzzzzzzzzzzzzzzzzzzzzzzzzzzzzzz>; HiZ drive
; Elide local net with no drivers, v0000018c0f8c0be0_0 name=_ivl_56
v0000018c0f8bf7e0_0 .net *"_ivl_58", 31 0, L_0000018c0f929c60;  1 drivers
v0000018c0f8bf380_0 .net *"_ivl_60", 31 0, L_0000018c0f929d00;  1 drivers
v0000018c0f8c01e0_0 .net *"_ivl_62", 31 0, L_0000018c0f92a160;  1 drivers
L_0000018c0f8d13c8 .functor BUFT 1, C4<00000000000000000000000000000000>, C4<0>, C4<0>, C4<0>;
v0000018c0f8bf4c0_0 .net/2u *"_ivl_66", 31 0, L_0000018c0f8d13c8;  1 drivers
v0000018c0f8c08c0_0 .net *"_ivl_68", 0 0, L_0000018c0f928b80;  1 drivers
L_0000018c0f8d1410 .functor BUFT 1, C4<1>, C4<0>, C4<0>, C4<0>;
v0000018c0f8bf420_0 .net/2u *"_ivl_70", 0 0, L_0000018c0f8d1410;  1 drivers
L_0000018c0f8d1458 .functor BUFT 1, C4<0>, C4<0>, C4<0>, C4<0>;
v0000018c0f8bf560_0 .net/2u *"_ivl_72", 0 0, L_0000018c0f8d1458;  1 drivers
v0000018c0f8c00a0_0 .net *"_ivl_77", 0 0, L_0000018c0f928ae0;  1 drivers
v0000018c0f8bfd80_0 .net *"_ivl_78", 31 0, L_0000018c0f92a700;  1 drivers
v0000018c0f8bfec0_0 .net *"_ivl_8", 31 0, L_0000018c0f929080;  1 drivers
L_0000018c0f8d14a0 .functor BUFT 1, C4<0000000000000000000000000000000>, C4<0>, C4<0>, C4<0>;
v0000018c0f8bf9c0_0 .net *"_ivl_81", 30 0, L_0000018c0f8d14a0;  1 drivers
L_0000018c0f8d14e8 .functor BUFT 1, C4<00000000000000000000000000000001>, C4<0>, C4<0>, C4<0>;
v0000018c0f8c0280_0 .net/2u *"_ivl_82", 31 0, L_0000018c0f8d14e8;  1 drivers
v0000018c0f8bfba0_0 .net *"_ivl_84", 0 0, L_0000018c0f929b20;  1 drivers
L_0000018c0f8d1530 .functor BUFT 1, C4<1>, C4<0>, C4<0>, C4<0>;
v0000018c0f8c0b40_0 .net/2u *"_ivl_86", 0 0, L_0000018c0f8d1530;  1 drivers
L_0000018c0f8d1578 .functor BUFT 1, C4<0>, C4<0>, C4<0>, C4<0>;
v0000018c0f8bfa60_0 .net/2u *"_ivl_88", 0 0, L_0000018c0f8d1578;  1 drivers
v0000018c0f8c05a0_0 .net *"_ivl_92", 31 0, L_0000018c0f929440;  1 drivers
L_0000018c0f8d15c0 .functor BUFT 1, C4<0000000000000000000000000000>, C4<0>, C4<0>, C4<0>;
v0000018c0f8c06e0_0 .net *"_ivl_95", 27 0, L_0000018c0f8d15c0;  1 drivers
L_0000018c0f8d1608 .functor BUFT 1, C4<00000000000000000000000000000001>, C4<0>, C4<0>, C4<0>;
v0000018c0f8c0960_0 .net/2u *"_ivl_96", 31 0, L_0000018c0f8d1608;  1 drivers
v0000018c0f8c0a00_0 .net *"_ivl_98", 0 0, L_0000018c0f929580;  1 drivers
v0000018c0f8c0d20_0 .net "aluA", 31 0, v0000018c0f8c6510_0;  alias, 1 drivers
v0000018c0f8c0c80_0 .net "aluB", 31 0, v0000018c0f8c63d0_0;  alias, 1 drivers
v0000018c0f8bf1a0_0 .net "alufun", 3 0, L_0000018c0f932920;  alias, 1 drivers
v0000018c0f8bf240_0 .net "cc", 2 0, L_0000018c0f9299e0;  alias, 1 drivers
v0000018c0f8c26f0_0 .net "valE", 31 0, L_0000018c0f929bc0;  alias, 1 drivers
L_0000018c0f9299e0 .concat [ 1 1 1 0], L_0000018c0f92a5c0, L_0000018c0f928a40, L_0000018c0f92a520;
L_0000018c0f929080 .concat [ 4 28 0 0], L_0000018c0f932920, L_0000018c0f8d1188;
L_0000018c0f92af20 .cmp/eq 32, L_0000018c0f929080, L_0000018c0f8d11d0;
L_0000018c0f929620 .arith/sum 32, v0000018c0f8c6510_0, v0000018c0f8c63d0_0;
L_0000018c0f92a480 .concat [ 4 28 0 0], L_0000018c0f932920, L_0000018c0f8d1218;
L_0000018c0f92a2a0 .cmp/eq 32, L_0000018c0f92a480, L_0000018c0f8d1260;
L_0000018c0f928c20 .arith/sub 32, v0000018c0f8c6510_0, v0000018c0f8c63d0_0;
L_0000018c0f928cc0 .concat [ 4 28 0 0], L_0000018c0f932920, L_0000018c0f8d12a8;
L_0000018c0f928d60 .cmp/eq 32, L_0000018c0f928cc0, L_0000018c0f8d12f0;
L_0000018c0f929a80 .concat [ 4 28 0 0], L_0000018c0f932920, L_0000018c0f8d1338;
L_0000018c0f92afc0 .cmp/eq 32, L_0000018c0f929a80, L_0000018c0f8d1380;
L_0000018c0f929c60 .functor MUXZ 32, o0000018c0f867ec8, L_0000018c0f92d230, L_0000018c0f92afc0, C4<>;
L_0000018c0f929d00 .functor MUXZ 32, L_0000018c0f929c60, L_0000018c0f92d310, L_0000018c0f928d60, C4<>;
L_0000018c0f92a160 .functor MUXZ 32, L_0000018c0f929d00, L_0000018c0f928c20, L_0000018c0f92a2a0, C4<>;
L_0000018c0f929bc0 .functor MUXZ 32, L_0000018c0f92a160, L_0000018c0f929620, L_0000018c0f92af20, C4<>;
L_0000018c0f928b80 .cmp/eq 32, L_0000018c0f929bc0, L_0000018c0f8d13c8;
L_0000018c0f92a520 .functor MUXZ 1, L_0000018c0f8d1458, L_0000018c0f8d1410, L_0000018c0f928b80, C4<>;
L_0000018c0f928ae0 .part L_0000018c0f929bc0, 31, 1;
L_0000018c0f92a700 .concat [ 1 31 0 0], L_0000018c0f928ae0, L_0000018c0f8d14a0;
L_0000018c0f929b20 .cmp/eq 32, L_0000018c0f92a700, L_0000018c0f8d14e8;
L_0000018c0f928a40 .functor MUXZ 1, L_0000018c0f8d1578, L_0000018c0f8d1530, L_0000018c0f929b20, C4<>;
L_0000018c0f929440 .concat [ 4 28 0 0], L_0000018c0f932920, L_0000018c0f8d15c0;
L_0000018c0f929580 .cmp/eq 32, L_0000018c0f929440, L_0000018c0f8d1608;
L_0000018c0f929120 .cmp/gt.s 32, L_0000018c0f92c9e0, L_0000018c0f8d1650;
L_0000018c0f928e00 .cmp/gt.s 32, L_0000018c0f8d1698, L_0000018c0f92ceb0;
L_0000018c0f9291c0 .cmp/ge.s 32, L_0000018c0f8d16e0, L_0000018c0f92d3f0;
L_0000018c0f928ea0 .cmp/gt.s 32, L_0000018c0f8d1728, L_0000018c0f92c9e0;
L_0000018c0f92a340 .cmp/gt.s 32, L_0000018c0f92ceb0, L_0000018c0f8d1770;
L_0000018c0f929da0 .cmp/ge.s 32, L_0000018c0f92d3f0, L_0000018c0f8d17b8;
L_0000018c0f928f40 .functor MUXZ 2, L_0000018c0f8d1848, L_0000018c0f8d1800, L_0000018c0f92d460, C4<>;
L_0000018c0f92ac00 .cmp/gt.s 32, L_0000018c0f8d1890, L_0000018c0f92c9e0;
L_0000018c0f929800 .cmp/gt.s 32, L_0000018c0f8d18d8, L_0000018c0f92ceb0;
L_0000018c0f92ae80 .cmp/ge.s 32, L_0000018c0f92d3f0, L_0000018c0f8d1920;
L_0000018c0f92aca0 .cmp/ge.s 32, L_0000018c0f92c9e0, L_0000018c0f8d1968;
L_0000018c0f929260 .cmp/ge.s 32, L_0000018c0f92ceb0, L_0000018c0f8d19b0;
L_0000018c0f929300 .cmp/gt.s 32, L_0000018c0f8d19f8, L_0000018c0f92d3f0;
L_0000018c0f92a3e0 .functor MUXZ 2, L_0000018c0f8d1a88, L_0000018c0f8d1a40, L_0000018c0f92d070, C4<>;
L_0000018c0f92ade0 .functor MUXZ 2, L_0000018c0f92a3e0, L_0000018c0f928f40, L_0000018c0f929580, C4<>;
L_0000018c0f92a5c0 .part L_0000018c0f92ade0, 0, 1;
S_0000018c0f7bbb80 .scope module, "ram" "ram" 3 51, 5 3 0, S_0000018c0f7bb860;
 .timescale -9 -11;
    .port_info 0 /INPUT 1 "clock";
    .port_info 1 /INPUT 32 "addr";
    .port_info 2 /INPUT 1 "wr";
    .port_info 3 /INPUT 32 "wdata";
    .port_info 4 /INPUT 1 "rd";
    .port_info 5 /OUTPUT 32 "rdata";
v0000018c0f8c1bb0_0 .net "addr", 31 0, L_0000018c0f929f80;  alias, 1 drivers
v0000018c0f8c1250_0 .net "clock", 0 0, v0000018c0f8cefc0_0;  alias, 1 drivers
v0000018c0f8c28d0 .array "ram", 0 255, 31 0;
v0000018c0f8c2470_0 .net "rd", 0 0, L_0000018c0f929e40;  alias, 1 drivers
v0000018c0f8c19d0_0 .var "rdata", 31 0;
v0000018c0f8c25b0_0 .net "wdata", 31 0, v0000018c0f8ceac0_0;  alias, 1 drivers
v0000018c0f8c17f0_0 .net "wr", 0 0, v0000018c0f8cec00_0;  alias, 1 drivers
E_0000018c0f814730 .event posedge, v0000018c0f8c1250_0;
S_0000018c0f7d5360 .scope module, "regfile" "regfile" 3 59, 6 3 0, S_0000018c0f7bb860;
 .timescale -9 -11;
    .port_info 0 /INPUT 4 "dstE";
    .port_info 1 /INPUT 32 "valE";
    .port_info 2 /INPUT 4 "dstM";
    .port_info 3 /INPUT 32 "valM";
    .port_info 4 /INPUT 4 "rA";
    .port_info 5 /INPUT 4 "rB";
    .port_info 6 /INPUT 1 "reset";
    .port_info 7 /INPUT 1 "clock";
    .port_info 8 /OUTPUT 32 "valA";
    .port_info 9 /OUTPUT 32 "valB";
    .port_info 10 /OUTPUT 32 "r0";
    .port_info 11 /OUTPUT 32 "r1";
    .port_info 12 /OUTPUT 32 "r2";
    .port_info 13 /OUTPUT 32 "r3";
    .port_info 14 /OUTPUT 32 "r4";
    .port_info 15 /OUTPUT 32 "r5";
    .port_info 16 /OUTPUT 32 "r6";
    .port_info 17 /OUTPUT 32 "r7";
v0000018c0f8c1390_0 .net *"_ivl_0", 31 0, L_0000018c0f8ceca0;  1 drivers
L_0000018c0f8d0e28 .functor BUFT 1, C4<0000000000000000000000000000>, C4<0>, C4<0>, C4<0>;
v0000018c0f8c23d0_0 .net *"_ivl_101", 27 0, L_0000018c0f8d0e28;  1 drivers
L_0000018c0f8d0e70 .functor BUFT 1, C4<00000000000000000000000000000010>, C4<0>, C4<0>, C4<0>;
v0000018c0f8c2ab0_0 .net/2u *"_ivl_102", 31 0, L_0000018c0f8d0e70;  1 drivers
v0000018c0f8c2010_0 .net *"_ivl_104", 0 0, L_0000018c0f92b7e0;  1 drivers
v0000018c0f8c1110_0 .net *"_ivl_106", 31 0, L_0000018c0f92b880;  1 drivers
L_0000018c0f8d0eb8 .functor BUFT 1, C4<0000000000000000000000000000>, C4<0>, C4<0>, C4<0>;
v0000018c0f8c2510_0 .net *"_ivl_109", 27 0, L_0000018c0f8d0eb8;  1 drivers
L_0000018c0f8d0918 .functor BUFT 1, C4<0000000000000000000000000000>, C4<0>, C4<0>, C4<0>;
v0000018c0f8c2b50_0 .net *"_ivl_11", 27 0, L_0000018c0f8d0918;  1 drivers
L_0000018c0f8d0f00 .functor BUFT 1, C4<00000000000000000000000000000011>, C4<0>, C4<0>, C4<0>;
v0000018c0f8c2d30_0 .net/2u *"_ivl_110", 31 0, L_0000018c0f8d0f00;  1 drivers
v0000018c0f8c2c90_0 .net *"_ivl_112", 0 0, L_0000018c0f92b920;  1 drivers
v0000018c0f8c2dd0_0 .net *"_ivl_114", 31 0, L_0000018c0f92bba0;  1 drivers
L_0000018c0f8d0f48 .functor BUFT 1, C4<0000000000000000000000000000>, C4<0>, C4<0>, C4<0>;
v0000018c0f8c12f0_0 .net *"_ivl_117", 27 0, L_0000018c0f8d0f48;  1 drivers
L_0000018c0f8d0f90 .functor BUFT 1, C4<00000000000000000000000000000100>, C4<0>, C4<0>, C4<0>;
v0000018c0f8c1930_0 .net/2u *"_ivl_118", 31 0, L_0000018c0f8d0f90;  1 drivers
L_0000018c0f8d0960 .functor BUFT 1, C4<00000000000000000000000000000001>, C4<0>, C4<0>, C4<0>;
v0000018c0f8c1430_0 .net/2u *"_ivl_12", 31 0, L_0000018c0f8d0960;  1 drivers
v0000018c0f8c2650_0 .net *"_ivl_120", 0 0, L_0000018c0f92b9c0;  1 drivers
v0000018c0f8c14d0_0 .net *"_ivl_122", 31 0, L_0000018c0f92c3c0;  1 drivers
L_0000018c0f8d0fd8 .functor BUFT 1, C4<0000000000000000000000000000>, C4<0>, C4<0>, C4<0>;
v0000018c0f8c11b0_0 .net *"_ivl_125", 27 0, L_0000018c0f8d0fd8;  1 drivers
L_0000018c0f8d1020 .functor BUFT 1, C4<00000000000000000000000000000101>, C4<0>, C4<0>, C4<0>;
v0000018c0f8c2790_0 .net/2u *"_ivl_126", 31 0, L_0000018c0f8d1020;  1 drivers
v0000018c0f8c1a70_0 .net *"_ivl_128", 0 0, L_0000018c0f92c640;  1 drivers
v0000018c0f8c16b0_0 .net *"_ivl_130", 31 0, L_0000018c0f92bce0;  1 drivers
L_0000018c0f8d1068 .functor BUFT 1, C4<0000000000000000000000000000>, C4<0>, C4<0>, C4<0>;
v0000018c0f8c2830_0 .net *"_ivl_133", 27 0, L_0000018c0f8d1068;  1 drivers
L_0000018c0f8d10b0 .functor BUFT 1, C4<00000000000000000000000000000110>, C4<0>, C4<0>, C4<0>;
v0000018c0f8c1ed0_0 .net/2u *"_ivl_134", 31 0, L_0000018c0f8d10b0;  1 drivers
v0000018c0f8c2bf0_0 .net *"_ivl_136", 0 0, L_0000018c0f92c280;  1 drivers
v0000018c0f8c2290_0 .net *"_ivl_138", 31 0, L_0000018c0f92c6e0;  1 drivers
v0000018c0f8c2970_0 .net *"_ivl_14", 0 0, L_0000018c0f92c460;  1 drivers
L_0000018c0f8d10f8 .functor BUFT 1, C4<0000000000000000000000000000>, C4<0>, C4<0>, C4<0>;
v0000018c0f8c2a10_0 .net *"_ivl_141", 27 0, L_0000018c0f8d10f8;  1 drivers
L_0000018c0f8d1140 .functor BUFT 1, C4<00000000000000000000000000000111>, C4<0>, C4<0>, C4<0>;
v0000018c0f8c1b10_0 .net/2u *"_ivl_142", 31 0, L_0000018c0f8d1140;  1 drivers
v0000018c0f8c1f70_0 .net *"_ivl_144", 0 0, L_0000018c0f92a020;  1 drivers
o0000018c0f868bb8 .functor BUFZ 32, C4<zzzzzzzzzzzzzzzzzzzzzzzzzzzzzzzz>; HiZ drive
; Elide local net with no drivers, v0000018c0f8c1570_0 name=_ivl_146
v0000018c0f8c1610_0 .net *"_ivl_148", 31 0, L_0000018c0f92aa20;  1 drivers
v0000018c0f8c1750_0 .net *"_ivl_150", 31 0, L_0000018c0f92a0c0;  1 drivers
v0000018c0f8c1cf0_0 .net *"_ivl_152", 31 0, L_0000018c0f928fe0;  1 drivers
v0000018c0f8c20b0_0 .net *"_ivl_154", 31 0, L_0000018c0f929940;  1 drivers
v0000018c0f8c2e70_0 .net *"_ivl_156", 31 0, L_0000018c0f92ad40;  1 drivers
v0000018c0f8c1890_0 .net *"_ivl_158", 31 0, L_0000018c0f92a840;  1 drivers
v0000018c0f8c2f10_0 .net *"_ivl_16", 31 0, L_0000018c0f92c1e0;  1 drivers
v0000018c0f8c1c50_0 .net *"_ivl_160", 31 0, L_0000018c0f92aac0;  1 drivers
L_0000018c0f8d09a8 .functor BUFT 1, C4<0000000000000000000000000000>, C4<0>, C4<0>, C4<0>;
v0000018c0f8c1070_0 .net *"_ivl_19", 27 0, L_0000018c0f8d09a8;  1 drivers
L_0000018c0f8d09f0 .functor BUFT 1, C4<00000000000000000000000000000010>, C4<0>, C4<0>, C4<0>;
v0000018c0f8c1d90_0 .net/2u *"_ivl_20", 31 0, L_0000018c0f8d09f0;  1 drivers
v0000018c0f8c1e30_0 .net *"_ivl_22", 0 0, L_0000018c0f92c500;  1 drivers
v0000018c0f8c2150_0 .net *"_ivl_24", 31 0, L_0000018c0f92bec0;  1 drivers
L_0000018c0f8d0a38 .functor BUFT 1, C4<0000000000000000000000000000>, C4<0>, C4<0>, C4<0>;
v0000018c0f8c21f0_0 .net *"_ivl_27", 27 0, L_0000018c0f8d0a38;  1 drivers
L_0000018c0f8d0a80 .functor BUFT 1, C4<00000000000000000000000000000011>, C4<0>, C4<0>, C4<0>;
v0000018c0f8c3e50_0 .net/2u *"_ivl_28", 31 0, L_0000018c0f8d0a80;  1 drivers
L_0000018c0f8d0888 .functor BUFT 1, C4<0000000000000000000000000000>, C4<0>, C4<0>, C4<0>;
v0000018c0f8c47b0_0 .net *"_ivl_3", 27 0, L_0000018c0f8d0888;  1 drivers
v0000018c0f8c3090_0 .net *"_ivl_30", 0 0, L_0000018c0f92b6a0;  1 drivers
v0000018c0f8c5570_0 .net *"_ivl_32", 31 0, L_0000018c0f92ba60;  1 drivers
L_0000018c0f8d0ac8 .functor BUFT 1, C4<0000000000000000000000000000>, C4<0>, C4<0>, C4<0>;
v0000018c0f8c3ef0_0 .net *"_ivl_35", 27 0, L_0000018c0f8d0ac8;  1 drivers
L_0000018c0f8d0b10 .functor BUFT 1, C4<00000000000000000000000000000100>, C4<0>, C4<0>, C4<0>;
v0000018c0f8c4530_0 .net/2u *"_ivl_36", 31 0, L_0000018c0f8d0b10;  1 drivers
v0000018c0f8c3310_0 .net *"_ivl_38", 0 0, L_0000018c0f92b2e0;  1 drivers
L_0000018c0f8d08d0 .functor BUFT 1, C4<00000000000000000000000000000000>, C4<0>, C4<0>, C4<0>;
v0000018c0f8c3770_0 .net/2u *"_ivl_4", 31 0, L_0000018c0f8d08d0;  1 drivers
v0000018c0f8c3450_0 .net *"_ivl_40", 31 0, L_0000018c0f92b740;  1 drivers
L_0000018c0f8d0b58 .functor BUFT 1, C4<0000000000000000000000000000>, C4<0>, C4<0>, C4<0>;
v0000018c0f8c3590_0 .net *"_ivl_43", 27 0, L_0000018c0f8d0b58;  1 drivers
L_0000018c0f8d0ba0 .functor BUFT 1, C4<00000000000000000000000000000101>, C4<0>, C4<0>, C4<0>;
v0000018c0f8c45d0_0 .net/2u *"_ivl_44", 31 0, L_0000018c0f8d0ba0;  1 drivers
v0000018c0f8c4350_0 .net *"_ivl_46", 0 0, L_0000018c0f92b420;  1 drivers
v0000018c0f8c4df0_0 .net *"_ivl_48", 31 0, L_0000018c0f92b100;  1 drivers
L_0000018c0f8d0be8 .functor BUFT 1, C4<0000000000000000000000000000>, C4<0>, C4<0>, C4<0>;
v0000018c0f8c3a90_0 .net *"_ivl_51", 27 0, L_0000018c0f8d0be8;  1 drivers
L_0000018c0f8d0c30 .functor BUFT 1, C4<00000000000000000000000000000110>, C4<0>, C4<0>, C4<0>;
v0000018c0f8c3bd0_0 .net/2u *"_ivl_52", 31 0, L_0000018c0f8d0c30;  1 drivers
v0000018c0f8c4f30_0 .net *"_ivl_54", 0 0, L_0000018c0f92c000;  1 drivers
v0000018c0f8c4850_0 .net *"_ivl_56", 31 0, L_0000018c0f92b380;  1 drivers
L_0000018c0f8d0c78 .functor BUFT 1, C4<0000000000000000000000000000>, C4<0>, C4<0>, C4<0>;
v0000018c0f8c4cb0_0 .net *"_ivl_59", 27 0, L_0000018c0f8d0c78;  1 drivers
v0000018c0f8c40d0_0 .net *"_ivl_6", 0 0, L_0000018c0f8ced40;  1 drivers
L_0000018c0f8d0cc0 .functor BUFT 1, C4<00000000000000000000000000000111>, C4<0>, C4<0>, C4<0>;
v0000018c0f8c4e90_0 .net/2u *"_ivl_60", 31 0, L_0000018c0f8d0cc0;  1 drivers
v0000018c0f8c3810_0 .net *"_ivl_62", 0 0, L_0000018c0f92c320;  1 drivers
o0000018c0f869248 .functor BUFZ 32, C4<zzzzzzzzzzzzzzzzzzzzzzzzzzzzzzzz>; HiZ drive
; Elide local net with no drivers, v0000018c0f8c48f0_0 name=_ivl_64
v0000018c0f8c31d0_0 .net *"_ivl_66", 31 0, L_0000018c0f92c0a0;  1 drivers
v0000018c0f8c3630_0 .net *"_ivl_68", 31 0, L_0000018c0f92c5a0;  1 drivers
v0000018c0f8c3130_0 .net *"_ivl_70", 31 0, L_0000018c0f92b4c0;  1 drivers
v0000018c0f8c5610_0 .net *"_ivl_72", 31 0, L_0000018c0f92c780;  1 drivers
v0000018c0f8c34f0_0 .net *"_ivl_74", 31 0, L_0000018c0f92bc40;  1 drivers
v0000018c0f8c4a30_0 .net *"_ivl_76", 31 0, L_0000018c0f92bd80;  1 drivers
v0000018c0f8c56b0_0 .net *"_ivl_78", 31 0, L_0000018c0f92be20;  1 drivers
v0000018c0f8c36d0_0 .net *"_ivl_8", 31 0, L_0000018c0f92b240;  1 drivers
v0000018c0f8c4710_0 .net *"_ivl_82", 31 0, L_0000018c0f92b600;  1 drivers
L_0000018c0f8d0d08 .functor BUFT 1, C4<0000000000000000000000000000>, C4<0>, C4<0>, C4<0>;
v0000018c0f8c3f90_0 .net *"_ivl_85", 27 0, L_0000018c0f8d0d08;  1 drivers
L_0000018c0f8d0d50 .functor BUFT 1, C4<00000000000000000000000000000000>, C4<0>, C4<0>, C4<0>;
v0000018c0f8c38b0_0 .net/2u *"_ivl_86", 31 0, L_0000018c0f8d0d50;  1 drivers
v0000018c0f8c4990_0 .net *"_ivl_88", 0 0, L_0000018c0f92bf60;  1 drivers
v0000018c0f8c5250_0 .net *"_ivl_90", 31 0, L_0000018c0f92bb00;  1 drivers
L_0000018c0f8d0d98 .functor BUFT 1, C4<0000000000000000000000000000>, C4<0>, C4<0>, C4<0>;
v0000018c0f8c5750_0 .net *"_ivl_93", 27 0, L_0000018c0f8d0d98;  1 drivers
L_0000018c0f8d0de0 .functor BUFT 1, C4<00000000000000000000000000000001>, C4<0>, C4<0>, C4<0>;
v0000018c0f8c54d0_0 .net/2u *"_ivl_94", 31 0, L_0000018c0f8d0de0;  1 drivers
v0000018c0f8c57f0_0 .net *"_ivl_96", 0 0, L_0000018c0f92c140;  1 drivers
v0000018c0f8c3950_0 .net *"_ivl_98", 31 0, L_0000018c0f92b1a0;  1 drivers
v0000018c0f8c5390_0 .net "clock", 0 0, v0000018c0f8cefc0_0;  alias, 1 drivers
v0000018c0f8c51b0_0 .net "dstE", 3 0, v0000018c0f8c6bf0_0;  alias, 1 drivers
v0000018c0f8c4d50_0 .net "dstM", 3 0, v0000018c0f8c6290_0;  alias, 1 drivers
v0000018c0f8c39f0_0 .net "r0", 31 0, v0000018c0f8c5430_0;  alias, 1 drivers
v0000018c0f8c33b0_0 .net "r1", 31 0, v0000018c0f8c43f0_0;  alias, 1 drivers
v0000018c0f8c3270_0 .net "r2", 31 0, v0000018c0f8c4c10_0;  alias, 1 drivers
v0000018c0f8c4fd0_0 .net "r3", 31 0, v0000018c0f8c52f0_0;  alias, 1 drivers
v0000018c0f8c5070_0 .net "r4", 31 0, v0000018c0f8c3db0_0;  alias, 1 drivers
v0000018c0f8c4170_0 .net "r5", 31 0, v0000018c0f8c3c70_0;  alias, 1 drivers
v0000018c0f8c3b30_0 .net "r6", 31 0, v0000018c0f8c3d10_0;  alias, 1 drivers
v0000018c0f8c4ad0_0 .net "r7", 31 0, v0000018c0f8c4030_0;  alias, 1 drivers
v0000018c0f8c4b70_0 .net "rA", 3 0, L_0000018c0f92b060;  alias, 1 drivers
v0000018c0f8c5110_0 .net "rB", 3 0, L_0000018c0f92a980;  alias, 1 drivers
v0000018c0f8c5430_0 .var "r_r0", 31 0;
v0000018c0f8c43f0_0 .var "r_r1", 31 0;
v0000018c0f8c4c10_0 .var "r_r2", 31 0;
v0000018c0f8c52f0_0 .var "r_r3", 31 0;
v0000018c0f8c3db0_0 .var "r_r4", 31 0;
v0000018c0f8c3c70_0 .var "r_r5", 31 0;
v0000018c0f8c3d10_0 .var "r_r6", 31 0;
v0000018c0f8c4030_0 .var "r_r7", 31 0;
v0000018c0f8c4490_0 .net "reset", 0 0, v0000018c0f8cccc0_0;  1 drivers
v0000018c0f8c4210_0 .net "valA", 31 0, L_0000018c0f92b560;  alias, 1 drivers
v0000018c0f8c42b0_0 .net "valB", 31 0, L_0000018c0f92ab60;  alias, 1 drivers
v0000018c0f8c4670_0 .net "valE", 31 0, v0000018c0f8c5d90_0;  alias, 1 drivers
v0000018c0f8c5890_0 .net "valM", 31 0, v0000018c0f8c61f0_0;  alias, 1 drivers
E_0000018c0f814530/0 .event negedge, v0000018c0f8c4490_0;
E_0000018c0f814530/1 .event posedge, v0000018c0f8c1250_0;
E_0000018c0f814530 .event/or E_0000018c0f814530/0, E_0000018c0f814530/1;
L_0000018c0f8ceca0 .concat [ 4 28 0 0], L_0000018c0f92b060, L_0000018c0f8d0888;
L_0000018c0f8ced40 .cmp/eq 32, L_0000018c0f8ceca0, L_0000018c0f8d08d0;
L_0000018c0f92b240 .concat [ 4 28 0 0], L_0000018c0f92b060, L_0000018c0f8d0918;
L_0000018c0f92c460 .cmp/eq 32, L_0000018c0f92b240, L_0000018c0f8d0960;
L_0000018c0f92c1e0 .concat [ 4 28 0 0], L_0000018c0f92b060, L_0000018c0f8d09a8;
L_0000018c0f92c500 .cmp/eq 32, L_0000018c0f92c1e0, L_0000018c0f8d09f0;
L_0000018c0f92bec0 .concat [ 4 28 0 0], L_0000018c0f92b060, L_0000018c0f8d0a38;
L_0000018c0f92b6a0 .cmp/eq 32, L_0000018c0f92bec0, L_0000018c0f8d0a80;
L_0000018c0f92ba60 .concat [ 4 28 0 0], L_0000018c0f92b060, L_0000018c0f8d0ac8;
L_0000018c0f92b2e0 .cmp/eq 32, L_0000018c0f92ba60, L_0000018c0f8d0b10;
L_0000018c0f92b740 .concat [ 4 28 0 0], L_0000018c0f92b060, L_0000018c0f8d0b58;
L_0000018c0f92b420 .cmp/eq 32, L_0000018c0f92b740, L_0000018c0f8d0ba0;
L_0000018c0f92b100 .concat [ 4 28 0 0], L_0000018c0f92b060, L_0000018c0f8d0be8;
L_0000018c0f92c000 .cmp/eq 32, L_0000018c0f92b100, L_0000018c0f8d0c30;
L_0000018c0f92b380 .concat [ 4 28 0 0], L_0000018c0f92b060, L_0000018c0f8d0c78;
L_0000018c0f92c320 .cmp/eq 32, L_0000018c0f92b380, L_0000018c0f8d0cc0;
L_0000018c0f92c0a0 .functor MUXZ 32, o0000018c0f869248, v0000018c0f8c4030_0, L_0000018c0f92c320, C4<>;
L_0000018c0f92c5a0 .functor MUXZ 32, L_0000018c0f92c0a0, v0000018c0f8c3d10_0, L_0000018c0f92c000, C4<>;
L_0000018c0f92b4c0 .functor MUXZ 32, L_0000018c0f92c5a0, v0000018c0f8c3c70_0, L_0000018c0f92b420, C4<>;
L_0000018c0f92c780 .functor MUXZ 32, L_0000018c0f92b4c0, v0000018c0f8c3db0_0, L_0000018c0f92b2e0, C4<>;
L_0000018c0f92bc40 .functor MUXZ 32, L_0000018c0f92c780, v0000018c0f8c52f0_0, L_0000018c0f92b6a0, C4<>;
L_0000018c0f92bd80 .functor MUXZ 32, L_0000018c0f92bc40, v0000018c0f8c4c10_0, L_0000018c0f92c500, C4<>;
L_0000018c0f92be20 .functor MUXZ 32, L_0000018c0f92bd80, v0000018c0f8c43f0_0, L_0000018c0f92c460, C4<>;
L_0000018c0f92b560 .functor MUXZ 32, L_0000018c0f92be20, v0000018c0f8c5430_0, L_0000018c0f8ced40, C4<>;
L_0000018c0f92b600 .concat [ 4 28 0 0], L_0000018c0f92a980, L_0000018c0f8d0d08;
L_0000018c0f92bf60 .cmp/eq 32, L_0000018c0f92b600, L_0000018c0f8d0d50;
L_0000018c0f92bb00 .concat [ 4 28 0 0], L_0000018c0f92a980, L_0000018c0f8d0d98;
L_0000018c0f92c140 .cmp/eq 32, L_0000018c0f92bb00, L_0000018c0f8d0de0;
L_0000018c0f92b1a0 .concat [ 4 28 0 0], L_0000018c0f92a980, L_0000018c0f8d0e28;
L_0000018c0f92b7e0 .cmp/eq 32, L_0000018c0f92b1a0, L_0000018c0f8d0e70;
L_0000018c0f92b880 .concat [ 4 28 0 0], L_0000018c0f92a980, L_0000018c0f8d0eb8;
L_0000018c0f92b920 .cmp/eq 32, L_0000018c0f92b880, L_0000018c0f8d0f00;
L_0000018c0f92bba0 .concat [ 4 28 0 0], L_0000018c0f92a980, L_0000018c0f8d0f48;
L_0000018c0f92b9c0 .cmp/eq 32, L_0000018c0f92bba0, L_0000018c0f8d0f90;
L_0000018c0f92c3c0 .concat [ 4 28 0 0], L_0000018c0f92a980, L_0000018c0f8d0fd8;
L_0000018c0f92c640 .cmp/eq 32, L_0000018c0f92c3c0, L_0000018c0f8d1020;
L_0000018c0f92bce0 .concat [ 4 28 0 0], L_0000018c0f92a980, L_0000018c0f8d1068;
L_0000018c0f92c280 .cmp/eq 32, L_0000018c0f92bce0, L_0000018c0f8d10b0;
L_0000018c0f92c6e0 .concat [ 4 28 0 0], L_0000018c0f92a980, L_0000018c0f8d10f8;
L_0000018c0f92a020 .cmp/eq 32, L_0000018c0f92c6e0, L_0000018c0f8d1140;
L_0000018c0f92aa20 .functor MUXZ 32, o0000018c0f868bb8, v0000018c0f8c4030_0, L_0000018c0f92a020, C4<>;
L_0000018c0f92a0c0 .functor MUXZ 32, L_0000018c0f92aa20, v0000018c0f8c3d10_0, L_0000018c0f92c280, C4<>;
L_0000018c0f928fe0 .functor MUXZ 32, L_0000018c0f92a0c0, v0000018c0f8c3c70_0, L_0000018c0f92c640, C4<>;
L_0000018c0f929940 .functor MUXZ 32, L_0000018c0f928fe0, v0000018c0f8c3db0_0, L_0000018c0f92b9c0, C4<>;
L_0000018c0f92ad40 .functor MUXZ 32, L_0000018c0f929940, v0000018c0f8c52f0_0, L_0000018c0f92b920, C4<>;
L_0000018c0f92a840 .functor MUXZ 32, L_0000018c0f92ad40, v0000018c0f8c4c10_0, L_0000018c0f92b7e0, C4<>;
L_0000018c0f92aac0 .functor MUXZ 32, L_0000018c0f92a840, v0000018c0f8c43f0_0, L_0000018c0f92c140, C4<>;
L_0000018c0f92ab60 .functor MUXZ 32, L_0000018c0f92aac0, v0000018c0f8c5430_0, L_0000018c0f92bf60, C4<>;
    .scope S_0000018c0f7bbb80;
T_0 ;
    %pushi/vec4 0, 4294967295, 32;
    %store/vec4 v0000018c0f8c19d0_0, 0, 32;
    %end;
    .thread T_0;
    .scope S_0000018c0f7bbb80;
T_1 ;
    %wait E_0000018c0f814730;
    %load/vec4 v0000018c0f8c17f0_0;
    %flag_set/vec4 8;
    %jmp/0xz  T_1.0, 8;
    %load/vec4 v0000018c0f8c25b0_0;
    %ix/getv 3, v0000018c0f8c1bb0_0;
    %ix/load 4, 0, 0; Constant delay
    %assign/vec4/a/d v0000018c0f8c28d0, 0, 4;
T_1.0 ;
    %load/vec4 v0000018c0f8c2470_0;
    %flag_set/vec4 8;
    %jmp/0xz  T_1.2, 8;
    %ix/getv 4, v0000018c0f8c1bb0_0;
    %load/vec4a v0000018c0f8c28d0, 4;
    %assign/vec4 v0000018c0f8c19d0_0, 0;
    %jmp T_1.3;
T_1.2 ;
    %pushi/vec4 0, 4294967295, 32;
    %assign/vec4 v0000018c0f8c19d0_0, 0;
T_1.3 ;
    %jmp T_1;
    .thread T_1;
    .scope S_0000018c0f7d5360;
T_2 ;
    %wait E_0000018c0f814530;
    %load/vec4 v0000018c0f8c4490_0;
    %flag_set/vec4 8;
    %jmp/0xz  T_2.0, 8;
    %pushi/vec4 0, 0, 32;
    %assign/vec4 v0000018c0f8c5430_0, 0;
    %pushi/vec4 0, 0, 32;
    %assign/vec4 v0000018c0f8c43f0_0, 0;
    %pushi/vec4 0, 0, 32;
    %assign/vec4 v0000018c0f8c4c10_0, 0;
    %pushi/vec4 0, 0, 32;
    %assign/vec4 v0000018c0f8c52f0_0, 0;
    %pushi/vec4 0, 0, 32;
    %assign/vec4 v0000018c0f8c3db0_0, 0;
    %pushi/vec4 0, 0, 32;
    %assign/vec4 v0000018c0f8c3c70_0, 0;
    %pushi/vec4 0, 0, 32;
    %assign/vec4 v0000018c0f8c3d10_0, 0;
    %pushi/vec4 0, 0, 32;
    %assign/vec4 v0000018c0f8c4030_0, 0;
    %jmp T_2.1;
T_2.0 ;
    %load/vec4 v0000018c0f8c51b0_0;
    %dup/vec4;
    %pushi/vec4 0, 0, 4;
    %cmp/u;
    %jmp/1 T_2.2, 6;
    %dup/vec4;
    %pushi/vec4 1, 0, 4;
    %cmp/u;
    %jmp/1 T_2.3, 6;
    %dup/vec4;
    %pushi/vec4 2, 0, 4;
    %cmp/u;
    %jmp/1 T_2.4, 6;
    %dup/vec4;
    %pushi/vec4 3, 0, 4;
    %cmp/u;
    %jmp/1 T_2.5, 6;
    %dup/vec4;
    %pushi/vec4 4, 0, 4;
    %cmp/u;
    %jmp/1 T_2.6, 6;
    %dup/vec4;
    %pushi/vec4 5, 0, 4;
    %cmp/u;
    %jmp/1 T_2.7, 6;
    %dup/vec4;
    %pushi/vec4 6, 0, 4;
    %cmp/u;
    %jmp/1 T_2.8, 6;
    %dup/vec4;
    %pushi/vec4 7, 0, 4;
    %cmp/u;
    %jmp/1 T_2.9, 6;
    %jmp T_2.10;
T_2.2 ;
    %load/vec4 v0000018c0f8c4670_0;
    %assign/vec4 v0000018c0f8c5430_0, 0;
    %jmp T_2.10;
T_2.3 ;
    %load/vec4 v0000018c0f8c4670_0;
    %assign/vec4 v0000018c0f8c43f0_0, 0;
    %jmp T_2.10;
T_2.4 ;
    %load/vec4 v0000018c0f8c4670_0;
    %assign/vec4 v0000018c0f8c4c10_0, 0;
    %jmp T_2.10;
T_2.5 ;
    %load/vec4 v0000018c0f8c4670_0;
    %assign/vec4 v0000018c0f8c52f0_0, 0;
    %jmp T_2.10;
T_2.6 ;
    %load/vec4 v0000018c0f8c4670_0;
    %assign/vec4 v0000018c0f8c3db0_0, 0;
    %jmp T_2.10;
T_2.7 ;
    %load/vec4 v0000018c0f8c4670_0;
    %assign/vec4 v0000018c0f8c3c70_0, 0;
    %jmp T_2.10;
T_2.8 ;
    %load/vec4 v0000018c0f8c4670_0;
    %assign/vec4 v0000018c0f8c3d10_0, 0;
    %jmp T_2.10;
T_2.9 ;
    %load/vec4 v0000018c0f8c4670_0;
    %assign/vec4 v0000018c0f8c4030_0, 0;
    %jmp T_2.10;
T_2.10 ;
    %pop/vec4 1;
    %load/vec4 v0000018c0f8c4d50_0;
    %dup/vec4;
    %pushi/vec4 0, 0, 4;
    %cmp/u;
    %jmp/1 T_2.11, 6;
    %dup/vec4;
    %pushi/vec4 1, 0, 4;
    %cmp/u;
    %jmp/1 T_2.12, 6;
    %dup/vec4;
    %pushi/vec4 2, 0, 4;
    %cmp/u;
    %jmp/1 T_2.13, 6;
    %dup/vec4;
    %pushi/vec4 3, 0, 4;
    %cmp/u;
    %jmp/1 T_2.14, 6;
    %dup/vec4;
    %pushi/vec4 4, 0, 4;
    %cmp/u;
    %jmp/1 T_2.15, 6;
    %dup/vec4;
    %pushi/vec4 5, 0, 4;
    %cmp/u;
    %jmp/1 T_2.16, 6;
    %dup/vec4;
    %pushi/vec4 6, 0, 4;
    %cmp/u;
    %jmp/1 T_2.17, 6;
    %dup/vec4;
    %pushi/vec4 7, 0, 4;
    %cmp/u;
    %jmp/1 T_2.18, 6;
    %jmp T_2.19;
T_2.11 ;
    %load/vec4 v0000018c0f8c5890_0;
    %assign/vec4 v0000018c0f8c5430_0, 0;
    %jmp T_2.19;
T_2.12 ;
    %load/vec4 v0000018c0f8c5890_0;
    %assign/vec4 v0000018c0f8c43f0_0, 0;
    %jmp T_2.19;
T_2.13 ;
    %load/vec4 v0000018c0f8c5890_0;
    %assign/vec4 v0000018c0f8c4c10_0, 0;
    %jmp T_2.19;
T_2.14 ;
    %load/vec4 v0000018c0f8c5890_0;
    %assign/vec4 v0000018c0f8c52f0_0, 0;
    %jmp T_2.19;
T_2.15 ;
    %load/vec4 v0000018c0f8c5890_0;
    %assign/vec4 v0000018c0f8c3db0_0, 0;
    %jmp T_2.19;
T_2.16 ;
    %load/vec4 v0000018c0f8c5890_0;
    %assign/vec4 v0000018c0f8c3c70_0, 0;
    %jmp T_2.19;
T_2.17 ;
    %load/vec4 v0000018c0f8c5890_0;
    %assign/vec4 v0000018c0f8c3d10_0, 0;
    %jmp T_2.19;
T_2.18 ;
    %load/vec4 v0000018c0f8c5890_0;
    %assign/vec4 v0000018c0f8c4030_0, 0;
    %jmp T_2.19;
T_2.19 ;
    %pop/vec4 1;
T_2.1 ;
    %jmp T_2;
    .thread T_2;
    .scope S_0000018c0f7bb860;
T_3 ;
    %pushi/vec4 0, 0, 32;
    %store/vec4 v0000018c0f8c5e30_0, 0, 32;
    %pushi/vec4 0, 15, 4;
    %store/vec4 v0000018c0f8c6150_0, 0, 4;
    %pushi/vec4 0, 15, 4;
    %store/vec4 v0000018c0f8c6a10_0, 0, 4;
    %pushi/vec4 0, 15, 4;
    %store/vec4 v0000018c0f8c6650_0, 0, 4;
    %pushi/vec4 0, 15, 4;
    %store/vec4 v0000018c0f8c5bb0_0, 0, 4;
    %pushi/vec4 0, 4294967295, 32;
    %store/vec4 v0000018c0f8c6510_0, 0, 32;
    %pushi/vec4 0, 4294967295, 32;
    %store/vec4 v0000018c0f8c63d0_0, 0, 32;
    %pushi/vec4 0, 65535, 16;
    %store/vec4 v0000018c0f8c60b0_0, 0, 16;
    %pushi/vec4 0, 1, 1;
    %store/vec4 v0000018c0f8c6e70_0, 0, 1;
    %pushi/vec4 0, 0, 1;
    %store/vec4 v0000018c0f8c5cf0_0, 0, 1;
    %pushi/vec4 0, 15, 4;
    %store/vec4 v0000018c0f8c6290_0, 0, 4;
    %pushi/vec4 0, 4294967295, 32;
    %store/vec4 v0000018c0f8c61f0_0, 0, 32;
    %pushi/vec4 0, 15, 4;
    %store/vec4 v0000018c0f8c6bf0_0, 0, 4;
    %pushi/vec4 0, 4294967295, 32;
    %store/vec4 v0000018c0f8c5d90_0, 0, 32;
    %pushi/vec4 0, 1, 1;
    %store/vec4 v0000018c0f8c66f0_0, 0, 1;
    %end;
    .thread T_3;
    .scope S_0000018c0f7bb860;
T_4 ;
    %wait E_0000018c0f814730;
    %load/vec4 v0000018c0f8ce2a0_0;
    %flag_set/vec4 8;
    %jmp/0xz  T_4.0, 8;
    %load/vec4 v0000018c0f8cba00_0;
    %dup/vec4;
    %pushi/vec4 0, 0, 1;
    %cmp/u;
    %jmp/1 T_4.2, 6;
    %dup/vec4;
    %pushi/vec4 1, 0, 1;
    %cmp/u;
    %jmp/1 T_4.3, 6;
    %load/vec4 v0000018c0f8c5e30_0;
    %addi 1, 0, 32;
    %assign/vec4 v0000018c0f8c5e30_0, 0;
    %jmp T_4.5;
T_4.2 ;
    %load/vec4 v0000018c0f8c5e30_0;
    %addi 1, 0, 32;
    %assign/vec4 v0000018c0f8c5e30_0, 0;
    %jmp T_4.5;
T_4.3 ;
    %load/vec4 v0000018c0f8cc5e0_0;
    %assign/vec4 v0000018c0f8c5e30_0, 0;
    %jmp T_4.5;
T_4.5 ;
    %pop/vec4 1;
T_4.0 ;
    %jmp T_4;
    .thread T_4;
    .scope S_0000018c0f7bb860;
T_5 ;
    %wait E_0000018c0f814730;
    %load/vec4 v0000018c0f8ce2a0_0;
    %flag_set/vec4 8;
    %jmp/0xz  T_5.0, 8;
    %load/vec4 v0000018c0f8cc220_0;
    %flag_set/vec4 8;
    %jmp/0xz  T_5.2, 8;
    %load/vec4 v0000018c0f8c6150_0;
    %load/vec4 v0000018c0f8c6a10_0;
    %concat/vec4; draw_concat_vec4
    %split/vec4 4;
    %assign/vec4 v0000018c0f8c6a10_0, 0;
    %assign/vec4 v0000018c0f8c6150_0, 0;
    %pushi/vec4 15, 0, 4;
    %assign/vec4 v0000018c0f8c6650_0, 0;
    %pushi/vec4 15, 0, 4;
    %assign/vec4 v0000018c0f8c5bb0_0, 0;
    %load/vec4 v0000018c0f8c60b0_0;
    %assign/vec4 v0000018c0f8c60b0_0, 0;
    %load/vec4 v0000018c0f8c6510_0;
    %assign/vec4 v0000018c0f8c6510_0, 0;
    %load/vec4 v0000018c0f8c63d0_0;
    %assign/vec4 v0000018c0f8c63d0_0, 0;
    %load/vec4 v0000018c0f8cc220_0;
    %assign/vec4 v0000018c0f8c6e70_0, 0;
    %jmp T_5.3;
T_5.2 ;
    %load/vec4 v0000018c0f8cc4a0_0;
    %load/vec4 v0000018c0f8cb8c0_0;
    %concat/vec4; draw_concat_vec4
    %dup/vec4;
    %pushi/vec4 18, 0, 8;
    %cmp/u;
    %jmp/1 T_5.4, 6;
    %dup/vec4;
    %pushi/vec4 48, 0, 8;
    %cmp/u;
    %jmp/1 T_5.5, 6;
    %dup/vec4;
    %pushi/vec4 49, 0, 8;
    %cmp/u;
    %jmp/1 T_5.6, 6;
    %dup/vec4;
    %pushi/vec4 50, 0, 8;
    %cmp/u;
    %jmp/1 T_5.7, 6;
    %dup/vec4;
    %pushi/vec4 51, 0, 8;
    %cmp/u;
    %jmp/1 T_5.8, 6;
    %dup/vec4;
    %pushi/vec4 52, 0, 8;
    %cmp/u;
    %jmp/1 T_5.9, 6;
    %dup/vec4;
    %pushi/vec4 53, 0, 8;
    %cmp/u;
    %jmp/1 T_5.10, 6;
    %dup/vec4;
    %pushi/vec4 54, 0, 8;
    %cmp/u;
    %jmp/1 T_5.11, 6;
    %dup/vec4;
    %pushi/vec4 112, 0, 8;
    %cmp/u;
    %jmp/1 T_5.12, 6;
    %dup/vec4;
    %pushi/vec4 113, 0, 8;
    %cmp/u;
    %jmp/1 T_5.13, 6;
    %dup/vec4;
    %pushi/vec4 114, 0, 8;
    %cmp/u;
    %jmp/1 T_5.14, 6;
    %dup/vec4;
    %pushi/vec4 115, 0, 8;
    %cmp/u;
    %jmp/1 T_5.15, 6;
    %dup/vec4;
    %pushi/vec4 116, 0, 8;
    %cmp/u;
    %jmp/1 T_5.16, 6;
    %dup/vec4;
    %pushi/vec4 117, 0, 8;
    %cmp/u;
    %jmp/1 T_5.17, 6;
    %dup/vec4;
    %pushi/vec4 118, 0, 8;
    %cmp/u;
    %jmp/1 T_5.18, 6;
    %load/vec4 v0000018c0f8cc4a0_0;
    %assign/vec4 v0000018c0f8c6150_0, 0;
    %load/vec4 v0000018c0f8cb8c0_0;
    %assign/vec4 v0000018c0f8c6a10_0, 0;
    %jmp T_5.20;
T_5.4 ;
    %pushi/vec4 34, 0, 8;
    %split/vec4 4;
    %assign/vec4 v0000018c0f8c6a10_0, 0;
    %assign/vec4 v0000018c0f8c6150_0, 0;
    %jmp T_5.20;
T_5.5 ;
    %pushi/vec4 32, 0, 8;
    %split/vec4 4;
    %assign/vec4 v0000018c0f8c6a10_0, 0;
    %assign/vec4 v0000018c0f8c6150_0, 0;
    %jmp T_5.20;
T_5.6 ;
    %pushi/vec4 32, 0, 8;
    %split/vec4 4;
    %assign/vec4 v0000018c0f8c6a10_0, 0;
    %assign/vec4 v0000018c0f8c6150_0, 0;
    %jmp T_5.20;
T_5.7 ;
    %pushi/vec4 32, 0, 8;
    %split/vec4 4;
    %assign/vec4 v0000018c0f8c6a10_0, 0;
    %assign/vec4 v0000018c0f8c6150_0, 0;
    %jmp T_5.20;
T_5.8 ;
    %pushi/vec4 32, 0, 8;
    %split/vec4 4;
    %assign/vec4 v0000018c0f8c6a10_0, 0;
    %assign/vec4 v0000018c0f8c6150_0, 0;
    %jmp T_5.20;
T_5.9 ;
    %pushi/vec4 32, 0, 8;
    %split/vec4 4;
    %assign/vec4 v0000018c0f8c6a10_0, 0;
    %assign/vec4 v0000018c0f8c6150_0, 0;
    %jmp T_5.20;
T_5.10 ;
    %pushi/vec4 32, 0, 8;
    %split/vec4 4;
    %assign/vec4 v0000018c0f8c6a10_0, 0;
    %assign/vec4 v0000018c0f8c6150_0, 0;
    %jmp T_5.20;
T_5.11 ;
    %pushi/vec4 32, 0, 8;
    %split/vec4 4;
    %assign/vec4 v0000018c0f8c6a10_0, 0;
    %assign/vec4 v0000018c0f8c6150_0, 0;
    %jmp T_5.20;
T_5.12 ;
    %pushi/vec4 34, 0, 8;
    %split/vec4 4;
    %assign/vec4 v0000018c0f8c6a10_0, 0;
    %assign/vec4 v0000018c0f8c6150_0, 0;
    %jmp T_5.20;
T_5.13 ;
    %pushi/vec4 34, 0, 8;
    %split/vec4 4;
    %assign/vec4 v0000018c0f8c6a10_0, 0;
    %assign/vec4 v0000018c0f8c6150_0, 0;
    %jmp T_5.20;
T_5.14 ;
    %pushi/vec4 34, 0, 8;
    %split/vec4 4;
    %assign/vec4 v0000018c0f8c6a10_0, 0;
    %assign/vec4 v0000018c0f8c6150_0, 0;
    %jmp T_5.20;
T_5.15 ;
    %pushi/vec4 34, 0, 8;
    %split/vec4 4;
    %assign/vec4 v0000018c0f8c6a10_0, 0;
    %assign/vec4 v0000018c0f8c6150_0, 0;
    %jmp T_5.20;
T_5.16 ;
    %pushi/vec4 34, 0, 8;
    %split/vec4 4;
    %assign/vec4 v0000018c0f8c6a10_0, 0;
    %assign/vec4 v0000018c0f8c6150_0, 0;
    %jmp T_5.20;
T_5.17 ;
    %pushi/vec4 34, 0, 8;
    %split/vec4 4;
    %assign/vec4 v0000018c0f8c6a10_0, 0;
    %assign/vec4 v0000018c0f8c6150_0, 0;
    %jmp T_5.20;
T_5.18 ;
    %pushi/vec4 34, 0, 8;
    %split/vec4 4;
    %assign/vec4 v0000018c0f8c6a10_0, 0;
    %assign/vec4 v0000018c0f8c6150_0, 0;
    %jmp T_5.20;
T_5.20 ;
    %pop/vec4 1;
    %load/vec4 v0000018c0f8cc4a0_0;
    %load/vec4 v0000018c0f8cb8c0_0;
    %concat/vec4; draw_concat_vec4
    %dup/vec4;
    %pushi/vec4 48, 0, 8;
    %cmp/u;
    %jmp/1 T_5.21, 6;
    %dup/vec4;
    %pushi/vec4 49, 0, 8;
    %cmp/u;
    %jmp/1 T_5.22, 6;
    %dup/vec4;
    %pushi/vec4 50, 0, 8;
    %cmp/u;
    %jmp/1 T_5.23, 6;
    %dup/vec4;
    %pushi/vec4 51, 0, 8;
    %cmp/u;
    %jmp/1 T_5.24, 6;
    %dup/vec4;
    %pushi/vec4 52, 0, 8;
    %cmp/u;
    %jmp/1 T_5.25, 6;
    %dup/vec4;
    %pushi/vec4 53, 0, 8;
    %cmp/u;
    %jmp/1 T_5.26, 6;
    %dup/vec4;
    %pushi/vec4 54, 0, 8;
    %cmp/u;
    %jmp/1 T_5.27, 6;
    %load/vec4 v0000018c0f8cbc80_0;
    %assign/vec4 v0000018c0f8c6510_0, 0;
    %load/vec4 v0000018c0f8cbd20_0;
    %assign/vec4 v0000018c0f8c63d0_0, 0;
    %load/vec4 v0000018c0f8cdc60_0;
    %assign/vec4 v0000018c0f8c6650_0, 0;
    %load/vec4 v0000018c0f8cc680_0;
    %assign/vec4 v0000018c0f8c5bb0_0, 0;
    %jmp T_5.29;
T_5.21 ;
    %pushi/vec4 0, 0, 32;
    %assign/vec4 v0000018c0f8c6510_0, 0;
    %load/vec4 v0000018c0f8cbd20_0;
    %assign/vec4 v0000018c0f8c63d0_0, 0;
    %load/vec4 v0000018c0f8cdc60_0;
    %assign/vec4 v0000018c0f8c6650_0, 0;
    %load/vec4 v0000018c0f8cc680_0;
    %assign/vec4 v0000018c0f8c5bb0_0, 0;
    %jmp T_5.29;
T_5.22 ;
    %pushi/vec4 0, 0, 32;
    %assign/vec4 v0000018c0f8c6510_0, 0;
    %load/vec4 v0000018c0f8cbd20_0;
    %assign/vec4 v0000018c0f8c63d0_0, 0;
    %load/vec4 v0000018c0f8cc680_0;
    %assign/vec4 v0000018c0f8c5bb0_0, 0;
    %load/vec4 v0000018c0f8cca40_0;
    %load/vec4 v0000018c0f8cc720_0;
    %xor;
    %load/vec4 v0000018c0f8cd4e0_0;
    %or;
    %flag_set/vec4 8;
    %jmp/0xz  T_5.30, 8;
    %load/vec4 v0000018c0f8cdc60_0;
    %assign/vec4 v0000018c0f8c6650_0, 0;
    %jmp T_5.31;
T_5.30 ;
    %load/vec4 v0000018c0f8cc680_0;
    %assign/vec4 v0000018c0f8c6650_0, 0;
T_5.31 ;
    %jmp T_5.29;
T_5.23 ;
    %pushi/vec4 0, 0, 32;
    %assign/vec4 v0000018c0f8c6510_0, 0;
    %load/vec4 v0000018c0f8cbd20_0;
    %assign/vec4 v0000018c0f8c63d0_0, 0;
    %load/vec4 v0000018c0f8cc680_0;
    %assign/vec4 v0000018c0f8c5bb0_0, 0;
    %load/vec4 v0000018c0f8cca40_0;
    %load/vec4 v0000018c0f8cc720_0;
    %xor;
    %flag_set/vec4 8;
    %jmp/0xz  T_5.32, 8;
    %load/vec4 v0000018c0f8cdc60_0;
    %assign/vec4 v0000018c0f8c6650_0, 0;
    %jmp T_5.33;
T_5.32 ;
    %load/vec4 v0000018c0f8cc680_0;
    %assign/vec4 v0000018c0f8c6650_0, 0;
T_5.33 ;
    %jmp T_5.29;
T_5.24 ;
    %pushi/vec4 0, 0, 32;
    %assign/vec4 v0000018c0f8c6510_0, 0;
    %load/vec4 v0000018c0f8cbd20_0;
    %assign/vec4 v0000018c0f8c63d0_0, 0;
    %load/vec4 v0000018c0f8cc680_0;
    %assign/vec4 v0000018c0f8c5bb0_0, 0;
    %load/vec4 v0000018c0f8cd4e0_0;
    %flag_set/vec4 8;
    %jmp/0xz  T_5.34, 8;
    %load/vec4 v0000018c0f8cdc60_0;
    %assign/vec4 v0000018c0f8c6650_0, 0;
    %jmp T_5.35;
T_5.34 ;
    %load/vec4 v0000018c0f8cc680_0;
    %assign/vec4 v0000018c0f8c6650_0, 0;
T_5.35 ;
    %jmp T_5.29;
T_5.25 ;
    %pushi/vec4 0, 0, 32;
    %assign/vec4 v0000018c0f8c6510_0, 0;
    %load/vec4 v0000018c0f8cbd20_0;
    %assign/vec4 v0000018c0f8c63d0_0, 0;
    %load/vec4 v0000018c0f8cc680_0;
    %assign/vec4 v0000018c0f8c5bb0_0, 0;
    %load/vec4 v0000018c0f8cd4e0_0;
    %inv;
    %flag_set/vec4 8;
    %jmp/0xz  T_5.36, 8;
    %load/vec4 v0000018c0f8cdc60_0;
    %assign/vec4 v0000018c0f8c6650_0, 0;
    %jmp T_5.37;
T_5.36 ;
    %load/vec4 v0000018c0f8cc680_0;
    %assign/vec4 v0000018c0f8c6650_0, 0;
T_5.37 ;
    %jmp T_5.29;
T_5.26 ;
    %pushi/vec4 0, 0, 32;
    %assign/vec4 v0000018c0f8c6510_0, 0;
    %load/vec4 v0000018c0f8cbd20_0;
    %assign/vec4 v0000018c0f8c63d0_0, 0;
    %load/vec4 v0000018c0f8cc680_0;
    %assign/vec4 v0000018c0f8c5bb0_0, 0;
    %load/vec4 v0000018c0f8cca40_0;
    %load/vec4 v0000018c0f8cc720_0;
    %xor;
    %inv;
    %flag_set/vec4 8;
    %jmp/0xz  T_5.38, 8;
    %load/vec4 v0000018c0f8cdc60_0;
    %assign/vec4 v0000018c0f8c6650_0, 0;
    %jmp T_5.39;
T_5.38 ;
    %load/vec4 v0000018c0f8cc680_0;
    %assign/vec4 v0000018c0f8c6650_0, 0;
T_5.39 ;
    %jmp T_5.29;
T_5.27 ;
    %pushi/vec4 0, 0, 32;
    %assign/vec4 v0000018c0f8c6510_0, 0;
    %load/vec4 v0000018c0f8cbd20_0;
    %assign/vec4 v0000018c0f8c63d0_0, 0;
    %load/vec4 v0000018c0f8cc680_0;
    %assign/vec4 v0000018c0f8c5bb0_0, 0;
    %load/vec4 v0000018c0f8cca40_0;
    %load/vec4 v0000018c0f8cc720_0;
    %xor;
    %inv;
    %load/vec4 v0000018c0f8cd4e0_0;
    %inv;
    %and;
    %flag_set/vec4 8;
    %jmp/0xz  T_5.40, 8;
    %load/vec4 v0000018c0f8cdc60_0;
    %assign/vec4 v0000018c0f8c6650_0, 0;
    %jmp T_5.41;
T_5.40 ;
    %load/vec4 v0000018c0f8cc680_0;
    %assign/vec4 v0000018c0f8c6650_0, 0;
T_5.41 ;
    %jmp T_5.29;
T_5.29 ;
    %pop/vec4 1;
    %load/vec4 v0000018c0f8cd260_0;
    %assign/vec4 v0000018c0f8c60b0_0, 0;
    %load/vec4 v0000018c0f8cc220_0;
    %assign/vec4 v0000018c0f8c6e70_0, 0;
    %load/vec4 v0000018c0f8cc4a0_0;
    %load/vec4 v0000018c0f8cb8c0_0;
    %concat/vec4; draw_concat_vec4
    %cmpi/e 112, 0, 8;
    %jmp/0xz  T_5.42, 4;
    %pushi/vec4 1, 0, 1;
    %assign/vec4 v0000018c0f8c5cf0_0, 0;
    %jmp T_5.43;
T_5.42 ;
    %load/vec4 v0000018c0f8cc4a0_0;
    %load/vec4 v0000018c0f8cb8c0_0;
    %concat/vec4; draw_concat_vec4
    %pushi/vec4 113, 0, 8;
    %cmp/e;
    %flag_get/vec4 4;
    %load/vec4 v0000018c0f8cca40_0;
    %load/vec4 v0000018c0f8cc720_0;
    %xor;
    %load/vec4 v0000018c0f8cd4e0_0;
    %or;
    %and;
    %flag_set/vec4 8;
    %jmp/0xz  T_5.44, 8;
    %pushi/vec4 1, 0, 1;
    %assign/vec4 v0000018c0f8c5cf0_0, 0;
    %jmp T_5.45;
T_5.44 ;
    %load/vec4 v0000018c0f8cc4a0_0;
    %load/vec4 v0000018c0f8cb8c0_0;
    %concat/vec4; draw_concat_vec4
    %pushi/vec4 114, 0, 8;
    %cmp/e;
    %flag_get/vec4 4;
    %load/vec4 v0000018c0f8cca40_0;
    %load/vec4 v0000018c0f8cc720_0;
    %xor;
    %and;
    %flag_set/vec4 8;
    %jmp/0xz  T_5.46, 8;
    %pushi/vec4 1, 0, 1;
    %assign/vec4 v0000018c0f8c5cf0_0, 0;
    %jmp T_5.47;
T_5.46 ;
    %load/vec4 v0000018c0f8cc4a0_0;
    %load/vec4 v0000018c0f8cb8c0_0;
    %concat/vec4; draw_concat_vec4
    %pushi/vec4 115, 0, 8;
    %cmp/e;
    %flag_get/vec4 4;
    %load/vec4 v0000018c0f8cd4e0_0;
    %and;
    %flag_set/vec4 8;
    %jmp/0xz  T_5.48, 8;
    %pushi/vec4 1, 0, 1;
    %assign/vec4 v0000018c0f8c5cf0_0, 0;
    %jmp T_5.49;
T_5.48 ;
    %load/vec4 v0000018c0f8cc4a0_0;
    %load/vec4 v0000018c0f8cb8c0_0;
    %concat/vec4; draw_concat_vec4
    %pushi/vec4 116, 0, 8;
    %cmp/e;
    %flag_get/vec4 4;
    %load/vec4 v0000018c0f8cd4e0_0;
    %inv;
    %and;
    %flag_set/vec4 8;
    %jmp/0xz  T_5.50, 8;
    %pushi/vec4 1, 0, 1;
    %assign/vec4 v0000018c0f8c5cf0_0, 0;
    %jmp T_5.51;
T_5.50 ;
    %load/vec4 v0000018c0f8cc4a0_0;
    %load/vec4 v0000018c0f8cb8c0_0;
    %concat/vec4; draw_concat_vec4
    %pushi/vec4 117, 0, 8;
    %cmp/e;
    %flag_get/vec4 4;
    %load/vec4 v0000018c0f8cca40_0;
    %load/vec4 v0000018c0f8cc720_0;
    %xor;
    %inv;
    %and;
    %flag_set/vec4 8;
    %jmp/0xz  T_5.52, 8;
    %pushi/vec4 1, 0, 1;
    %assign/vec4 v0000018c0f8c5cf0_0, 0;
    %jmp T_5.53;
T_5.52 ;
    %load/vec4 v0000018c0f8cc4a0_0;
    %load/vec4 v0000018c0f8cb8c0_0;
    %concat/vec4; draw_concat_vec4
    %pushi/vec4 118, 0, 8;
    %cmp/e;
    %flag_get/vec4 4;
    %load/vec4 v0000018c0f8cca40_0;
    %load/vec4 v0000018c0f8cc720_0;
    %xor;
    %inv;
    %load/vec4 v0000018c0f8cd4e0_0;
    %inv;
    %and;
    %and;
    %flag_set/vec4 8;
    %jmp/0xz  T_5.54, 8;
    %pushi/vec4 1, 0, 1;
    %assign/vec4 v0000018c0f8c5cf0_0, 0;
    %jmp T_5.55;
T_5.54 ;
    %pushi/vec4 0, 0, 1;
    %assign/vec4 v0000018c0f8c5cf0_0, 0;
T_5.55 ;
T_5.53 ;
T_5.51 ;
T_5.49 ;
T_5.47 ;
T_5.45 ;
T_5.43 ;
T_5.3 ;
T_5.0 ;
    %jmp T_5;
    .thread T_5;
    .scope S_0000018c0f7bb860;
T_6 ;
    %pushi/vec4 1, 0, 1;
    %assign/vec4 v0000018c0f8cccc0_0, 0;
    %delay 2000, 0;
    %pushi/vec4 0, 0, 1;
    %assign/vec4 v0000018c0f8cccc0_0, 0;
    %end;
    .thread T_6;
    .scope S_0000018c0f7bb860;
T_7 ;
    %wait E_0000018c0f814730;
    %load/vec4 v0000018c0f8c6150_0;
    %load/vec4 v0000018c0f8c6a10_0;
    %concat/vec4; draw_concat_vec4
    %cmpi/e 16, 0, 8;
    %jmp/0xz  T_7.0, 4;
    %load/vec4 v0000018c0f8ccae0_0;
    %assign/vec4 v0000018c0f8c6290_0, 0;
    %load/vec4 v0000018c0f8cd1c0_0;
    %assign/vec4 v0000018c0f8c61f0_0, 0;
    %jmp T_7.1;
T_7.0 ;
    %pushi/vec4 15, 0, 4;
    %assign/vec4 v0000018c0f8c6290_0, 0;
    %pushi/vec4 0, 4294967295, 32;
    %assign/vec4 v0000018c0f8c61f0_0, 0;
T_7.1 ;
    %load/vec4 v0000018c0f8cbb40_0;
    %assign/vec4 v0000018c0f8c6bf0_0, 0;
    %load/vec4 v0000018c0f8ccf40_0;
    %assign/vec4 v0000018c0f8c5d90_0, 0;
    %load/vec4 v0000018c0f8cbaa0_0;
    %assign/vec4 v0000018c0f8c66f0_0, 0;
    %jmp T_7;
    .thread T_7;
    .scope S_0000018c0f82e440;
T_8 ;
    %pushi/vec4 0, 0, 1;
    %store/vec4 v0000018c0f8ce7a0_0, 0, 1;
    %end;
    .thread T_8;
    .scope S_0000018c0f82e440;
T_9 ;
    %pushi/vec4 0, 0, 1;
    %assign/vec4 v0000018c0f8cefc0_0, 0;
    %pushi/vec4 0, 0, 32;
    %assign/vec4 v0000018c0f8cf560_0, 0;
    %pushi/vec4 0, 0, 1;
    %assign/vec4 v0000018c0f8cec00_0, 0;
    %pushi/vec4 0, 0, 32;
    %assign/vec4 v0000018c0f8ceac0_0, 0;
    %pushi/vec4 0, 0, 1;
    %assign/vec4 v0000018c0f8ce8e0_0, 0;
    %pushi/vec4 15, 0, 4;
    %assign/vec4 v0000018c0f8cf060_0, 0;
    %delay 2000, 0;
    %pushi/vec4 0, 0, 32;
    %assign/vec4 v0000018c0f8cf560_0, 0;
    %pushi/vec4 1, 0, 1;
    %assign/vec4 v0000018c0f8cec00_0, 0;
    %pushi/vec4 284164224, 0, 32;
    %assign/vec4 v0000018c0f8ceac0_0, 0;
    %delay 2000, 0;
    %pushi/vec4 1, 0, 32;
    %assign/vec4 v0000018c0f8cf560_0, 0;
    %pushi/vec4 1, 0, 1;
    %assign/vec4 v0000018c0f8cec00_0, 0;
    %pushi/vec4 284229761, 0, 32;
    %assign/vec4 v0000018c0f8ceac0_0, 0;
    %delay 2000, 0;
    %pushi/vec4 2, 0, 32;
    %assign/vec4 v0000018c0f8cf560_0, 0;
    %pushi/vec4 1, 0, 1;
    %assign/vec4 v0000018c0f8cec00_0, 0;
    %pushi/vec4 284295298, 0, 32;
    %assign/vec4 v0000018c0f8ceac0_0, 0;
    %delay 2000, 0;
    %pushi/vec4 3, 0, 32;
    %assign/vec4 v0000018c0f8cf560_0, 0;
    %pushi/vec4 1, 0, 1;
    %assign/vec4 v0000018c0f8cec00_0, 0;
    %pushi/vec4 284360835, 0, 32;
    %assign/vec4 v0000018c0f8ceac0_0, 0;
    %delay 2000, 0;
    %pushi/vec4 4, 0, 32;
    %assign/vec4 v0000018c0f8cf560_0, 0;
    %pushi/vec4 1, 0, 1;
    %assign/vec4 v0000018c0f8cec00_0, 0;
    %pushi/vec4 284426372, 0, 32;
    %assign/vec4 v0000018c0f8ceac0_0, 0;
    %delay 2000, 0;
    %pushi/vec4 5, 0, 32;
    %assign/vec4 v0000018c0f8cf560_0, 0;
    %pushi/vec4 1, 0, 1;
    %assign/vec4 v0000018c0f8cec00_0, 0;
    %pushi/vec4 284491909, 0, 32;
    %assign/vec4 v0000018c0f8ceac0_0, 0;
    %delay 2000, 0;
    %pushi/vec4 6, 0, 32;
    %assign/vec4 v0000018c0f8cf560_0, 0;
    %pushi/vec4 1, 0, 1;
    %assign/vec4 v0000018c0f8cec00_0, 0;
    %pushi/vec4 284557446, 0, 32;
    %assign/vec4 v0000018c0f8ceac0_0, 0;
    %delay 2000, 0;
    %pushi/vec4 7, 0, 32;
    %assign/vec4 v0000018c0f8cf560_0, 0;
    %pushi/vec4 1, 0, 1;
    %assign/vec4 v0000018c0f8cec00_0, 0;
    %pushi/vec4 284622983, 0, 32;
    %assign/vec4 v0000018c0f8ceac0_0, 0;
    %delay 2000, 0;
    %pushi/vec4 8, 0, 32;
    %assign/vec4 v0000018c0f8cf560_0, 0;
    %pushi/vec4 1, 0, 1;
    %assign/vec4 v0000018c0f8cec00_0, 0;
    %pushi/vec4 536936448, 0, 32;
    %assign/vec4 v0000018c0f8ceac0_0, 0;
    %delay 2000, 0;
    %pushi/vec4 9, 0, 32;
    %assign/vec4 v0000018c0f8cf560_0, 0;
    %pushi/vec4 1, 0, 1;
    %assign/vec4 v0000018c0f8cec00_0, 0;
    %pushi/vec4 285212672, 0, 32;
    %assign/vec4 v0000018c0f8ceac0_0, 0;
    %delay 2000, 0;
    %pushi/vec4 10, 0, 32;
    %assign/vec4 v0000018c0f8cf560_0, 0;
    %pushi/vec4 1, 0, 1;
    %assign/vec4 v0000018c0f8cec00_0, 0;
    %pushi/vec4 285212672, 0, 32;
    %assign/vec4 v0000018c0f8ceac0_0, 0;
    %delay 2000, 0;
    %pushi/vec4 11, 0, 32;
    %assign/vec4 v0000018c0f8cf560_0, 0;
    %pushi/vec4 1, 0, 1;
    %assign/vec4 v0000018c0f8cec00_0, 0;
    %pushi/vec4 555941888, 0, 32;
    %assign/vec4 v0000018c0f8ceac0_0, 0;
    %delay 2000, 0;
    %pushi/vec4 12, 0, 32;
    %assign/vec4 v0000018c0f8cf560_0, 0;
    %pushi/vec4 1, 0, 1;
    %assign/vec4 v0000018c0f8cec00_0, 0;
    %pushi/vec4 301989888, 0, 32;
    %assign/vec4 v0000018c0f8ceac0_0, 0;
    %delay 2000, 0;
    %pushi/vec4 13, 0, 32;
    %assign/vec4 v0000018c0f8cf560_0, 0;
    %pushi/vec4 1, 0, 1;
    %assign/vec4 v0000018c0f8cec00_0, 0;
    %pushi/vec4 301989888, 0, 32;
    %assign/vec4 v0000018c0f8ceac0_0, 0;
    %delay 2000, 0;
    %pushi/vec4 14, 0, 32;
    %assign/vec4 v0000018c0f8cf560_0, 0;
    %pushi/vec4 1, 0, 1;
    %assign/vec4 v0000018c0f8cec00_0, 0;
    %pushi/vec4 574947328, 0, 32;
    %assign/vec4 v0000018c0f8ceac0_0, 0;
    %delay 2000, 0;
    %pushi/vec4 15, 0, 32;
    %assign/vec4 v0000018c0f8cf560_0, 0;
    %pushi/vec4 1, 0, 1;
    %assign/vec4 v0000018c0f8cec00_0, 0;
    %pushi/vec4 285212672, 0, 32;
    %assign/vec4 v0000018c0f8ceac0_0, 0;
    %delay 2000, 0;
    %pushi/vec4 16, 0, 32;
    %assign/vec4 v0000018c0f8cf560_0, 0;
    %pushi/vec4 1, 0, 1;
    %assign/vec4 v0000018c0f8cec00_0, 0;
    %pushi/vec4 301989888, 0, 32;
    %assign/vec4 v0000018c0f8ceac0_0, 0;
    %delay 2000, 0;
    %pushi/vec4 17, 0, 32;
    %assign/vec4 v0000018c0f8cf560_0, 0;
    %pushi/vec4 1, 0, 1;
    %assign/vec4 v0000018c0f8cec00_0, 0;
    %pushi/vec4 593952768, 0, 32;
    %assign/vec4 v0000018c0f8ceac0_0, 0;
    %delay 2000, 0;
    %pushi/vec4 0, 0, 32;
    %assign/vec4 v0000018c0f8cf560_0, 0;
    %pushi/vec4 0, 0, 1;
    %assign/vec4 v0000018c0f8cec00_0, 0;
    %pushi/vec4 0, 0, 32;
    %assign/vec4 v0000018c0f8ceac0_0, 0;
    %delay 1000, 0;
    %pushi/vec4 1, 0, 1;
    %assign/vec4 v0000018c0f8ce8e0_0, 0;
    %delay 56000, 0;
    %pushi/vec4 0, 0, 1;
    %assign/vec4 v0000018c0f8ce8e0_0, 0;
    %pushi/vec4 1, 0, 1;
    %assign/vec4 v0000018c0f8ce7a0_0, 0;
    %delay 100000, 0;
    %vpi_call 2 65 "$stop" {0 0 0};
    %end;
    .thread T_9;
    .scope S_0000018c0f82e440;
T_10 ;
    %delay 1000, 0;
    %load/vec4 v0000018c0f8cefc0_0;
    %inv;
    %store/vec4 v0000018c0f8cefc0_0, 0, 1;
    %jmp T_10;
    .thread T_10;
    .scope S_0000018c0f82e440;
T_11 ;
    %wait E_0000018c0f814730;
    %load/vec4 v0000018c0f8ce7a0_0;
    %flag_set/vec4 8;
    %jmp/0xz  T_11.0, 8;
    %load/vec4 v0000018c0f8cf060_0;
    %addi 1, 0, 4;
    %assign/vec4 v0000018c0f8cf060_0, 0;
T_11.0 ;
    %jmp T_11;
    .thread T_11;
    .scope S_0000018c0f82e440;
T_12 ;
    %vpi_call 2 74 "$dumpfile", "pro_tbex2.vcd" {0 0 0};
    %vpi_call 2 75 "$dumpvars" {0 0 0};
    %end;
    .thread T_12;
# The file index is used to find the file name in the following table.
:file_names 7;
    "N/A";
    "<interactive>";
    ".\tb\pro_tbex2.v";
    ".\processor.v";
    ".\alu.v";
    ".\ram.v";
    ".\regfile.v";
