#! /c/Source/iverilog-install/bin/vvp
:ivl_version "12.0 (devel)" "(s20150603-1110-g18392a46)";
:ivl_delay_selection "TYPICAL";
:vpi_time_precision - 11;
:vpi_module "D:\iVerilog\lib\ivl\system.vpi";
:vpi_module "D:\iVerilog\lib\ivl\vhdl_sys.vpi";
:vpi_module "D:\iVerilog\lib\ivl\vhdl_textio.vpi";
:vpi_module "D:\iVerilog\lib\ivl\v2005_math.vpi";
:vpi_module "D:\iVerilog\lib\ivl\va_math.vpi";
S_000002447cb94f20 .scope module, "pro_tb2" "pro_tb2" 2 135;
 .timescale -9 -11;
v000002447cc16700_0 .var "addr", 8 0;
v000002447cc16840_0 .var "clock", 0 0;
v000002447cc168e0_0 .net "r0", 31 0, L_000002447cb95c90;  1 drivers
v000002447cc16ac0_0 .net "r1", 31 0, L_000002447cb95910;  1 drivers
v000002447cc153a0_0 .net "r2", 31 0, L_000002447cb956e0;  1 drivers
v000002447cc15260_0 .net "r3", 31 0, L_000002447cb959f0;  1 drivers
v000002447cc16b60_0 .net "r4", 31 0, L_000002447cb95a60;  1 drivers
v000002447cc162a0_0 .net "r5", 31 0, L_000002447cb95bb0;  1 drivers
v000002447cc16d40_0 .net "r6", 31 0, L_000002447cb95d70;  1 drivers
v000002447cc16e80_0 .net "r7", 31 0, L_000002447cc17a30;  1 drivers
v000002447cc156c0_0 .net "valA", 31 0, L_000002447cc17b80;  1 drivers
v000002447cc15f80_0 .net "valB", 31 0, L_000002447cc179c0;  1 drivers
v000002447cc16340_0 .var "wdata", 31 0;
v000002447cc16f20_0 .var "working", 0 0;
v000002447cc15bc0_0 .var "wr", 0 0;
S_000002447cb950b0 .scope module, "processor" "processor" 2 150, 2 3 0, S_000002447cb94f20;
 .timescale -9 -11;
    .port_info 0 /INPUT 1 "clock";
    .port_info 1 /INPUT 9 "addr";
    .port_info 2 /INPUT 1 "wr";
    .port_info 3 /INPUT 32 "wdata";
    .port_info 4 /INPUT 1 "working";
    .port_info 5 /OUTPUT 32 "valA";
    .port_info 6 /OUTPUT 32 "valB";
    .port_info 7 /OUTPUT 32 "r0";
    .port_info 8 /OUTPUT 32 "r1";
    .port_info 9 /OUTPUT 32 "r2";
    .port_info 10 /OUTPUT 32 "r3";
    .port_info 11 /OUTPUT 32 "r4";
    .port_info 12 /OUTPUT 32 "r5";
    .port_info 13 /OUTPUT 32 "r6";
    .port_info 14 /OUTPUT 32 "r7";
P_000002447cbb4ec0 .param/l "IRMOV" 0 2 25, C4<00010000>;
L_000002447cc17950 .functor BUFZ 32, v000002447cb9d430_0, C4<00000000000000000000000000000000>, C4<00000000000000000000000000000000>, C4<00000000000000000000000000000000>;
L_000002447cc17b80 .functor BUFZ 32, v000002447cc0b740_0, C4<00000000000000000000000000000000>, C4<00000000000000000000000000000000>, C4<00000000000000000000000000000000>;
L_000002447cc179c0 .functor BUFZ 32, v000002447cc0c1e0_0, C4<00000000000000000000000000000000>, C4<00000000000000000000000000000000>, C4<00000000000000000000000000000000>;
L_000002447cc178e0 .functor BUFZ 4, v000002447cc0ba60_0, C4<0000>, C4<0000>, C4<0000>;
L_000002447cc17870 .functor BUFZ 4, v000002447cc0cbe0_0, C4<0000>, C4<0000>, C4<0000>;
v000002447cc0c820_0 .var "D_icode", 3 0;
v000002447cc0c3c0_0 .var "D_ifun", 3 0;
v000002447cc0ba60_0 .var "D_rA", 3 0;
v000002447cc0cbe0_0 .var "D_rB", 3 0;
v000002447cc0cc80_0 .var "D_valA", 31 0;
v000002447cc0c500_0 .var "D_valB", 31 0;
v000002447cc0ce60_0 .var "D_valC", 15 0;
v000002447cc0bec0_0 .var "E_dstM", 3 0;
v000002447cc0cd20_0 .var "E_valM", 31 0;
v000002447cc0b420_0 .net "F_read", 31 0, L_000002447cc17950;  1 drivers
v000002447cc0b380_0 .var "PC", 8 0;
L_000002447ccf0088 .functor BUFT 1, C4<01>, C4<0>, C4<0>, C4<0>;
v000002447cc0c5a0_0 .net/2s *"_ivl_2", 1 0, L_000002447ccf0088;  1 drivers
L_000002447ccf00d0 .functor BUFT 1, C4<00>, C4<0>, C4<0>, C4<0>;
v000002447cc0c780_0 .net/2s *"_ivl_4", 1 0, L_000002447ccf00d0;  1 drivers
v000002447cc0c8c0_0 .net *"_ivl_6", 1 0, L_000002447cc15120;  1 drivers
v000002447cc0cdc0_0 .net "addr", 8 0, v000002447cc16700_0;  1 drivers
v000002447cc0bba0_0 .net "addr_w", 8 0, L_000002447cc15ee0;  1 drivers
v000002447cc0c960_0 .net "clock", 0 0, v000002447cc16840_0;  1 drivers
v000002447cc0bc40_0 .net "d_rA", 3 0, L_000002447cc178e0;  1 drivers
v000002447cc0b2e0_0 .net "d_rB", 3 0, L_000002447cc17870;  1 drivers
v000002447cc0bce0_0 .net "d_valA", 31 0, v000002447cc0b740_0;  1 drivers
v000002447cc0ca00_0 .net "d_valB", 31 0, v000002447cc0c1e0_0;  1 drivers
v000002447cc0cf00_0 .var "e_reg_rst", 0 0;
v000002447cc0b060_0 .net "r0", 31 0, L_000002447cb95c90;  alias, 1 drivers
v000002447cb9dbb0_0 .net "r1", 31 0, L_000002447cb95910;  alias, 1 drivers
v000002447cc16ca0_0 .net "r2", 31 0, L_000002447cb956e0;  alias, 1 drivers
v000002447cc15760_0 .net "r3", 31 0, L_000002447cb959f0;  alias, 1 drivers
v000002447cc15e40_0 .net "r4", 31 0, L_000002447cb95a60;  alias, 1 drivers
v000002447cc160c0_0 .net "r5", 31 0, L_000002447cb95bb0;  alias, 1 drivers
v000002447cc15080_0 .net "r6", 31 0, L_000002447cb95d70;  alias, 1 drivers
v000002447cc16160_0 .net "r7", 31 0, L_000002447cc17a30;  alias, 1 drivers
v000002447cc16520_0 .net "rd", 0 0, L_000002447cc151c0;  1 drivers
v000002447cc167a0_0 .net "rdata", 31 0, v000002447cb9d430_0;  1 drivers
v000002447cc163e0_0 .net "valA", 31 0, L_000002447cc17b80;  alias, 1 drivers
v000002447cc15620_0 .net "valB", 31 0, L_000002447cc179c0;  alias, 1 drivers
v000002447cc16980_0 .var "w_dstM", 3 0;
v000002447cc16200_0 .var "w_valM", 31 0;
v000002447cc16de0_0 .net "wdata", 31 0, v000002447cc16340_0;  1 drivers
v000002447cc16c00_0 .net "working", 0 0, v000002447cc16f20_0;  1 drivers
v000002447cc16a20_0 .net "wr", 0 0, v000002447cc15bc0_0;  1 drivers
L_000002447cc15ee0 .functor MUXZ 9, v000002447cc16700_0, v000002447cc0b380_0, v000002447cc16f20_0, C4<>;
L_000002447cc15120 .functor MUXZ 2, L_000002447ccf00d0, L_000002447ccf0088, v000002447cc16f20_0, C4<>;
L_000002447cc151c0 .part L_000002447cc15120, 0, 1;
S_000002447cb95240 .scope module, "ram" "ram" 2 26, 3 3 0, S_000002447cb950b0;
 .timescale -9 -11;
    .port_info 0 /INPUT 1 "clock";
    .port_info 1 /INPUT 9 "addr";
    .port_info 2 /INPUT 1 "wr";
    .port_info 3 /INPUT 32 "wdata";
    .port_info 4 /INPUT 1 "rd";
    .port_info 5 /OUTPUT 32 "rdata";
v000002447cb9d6b0_0 .net "addr", 8 0, L_000002447cc15ee0;  alias, 1 drivers
v000002447cb9d7f0_0 .net "clock", 0 0, v000002447cc16840_0;  alias, 1 drivers
v000002447cb9d610 .array "ram", 0 255, 31 0;
v000002447cb9d390_0 .net "rd", 0 0, L_000002447cc151c0;  alias, 1 drivers
v000002447cb9d430_0 .var "rdata", 31 0;
v000002447cb9d890_0 .net "wdata", 31 0, v000002447cc16340_0;  alias, 1 drivers
v000002447cb9d4d0_0 .net "wr", 0 0, v000002447cc15bc0_0;  alias, 1 drivers
E_000002447cbb4580 .event posedge, v000002447cb9d7f0_0;
S_000002447ccede40 .scope module, "regfile" "regfile" 2 34, 4 3 0, S_000002447cb950b0;
 .timescale -9 -11;
    .port_info 0 /INPUT 4 "dstE";
    .port_info 1 /INPUT 32 "valE";
    .port_info 2 /INPUT 4 "dstM";
    .port_info 3 /INPUT 32 "valM";
    .port_info 4 /INPUT 4 "rA";
    .port_info 5 /INPUT 4 "rB";
    .port_info 6 /INPUT 1 "reset";
    .port_info 7 /INPUT 1 "clock";
    .port_info 8 /OUTPUT 32 "valA";
    .port_info 9 /OUTPUT 32 "valB";
    .port_info 10 /OUTPUT 32 "r0";
    .port_info 11 /OUTPUT 32 "r1";
    .port_info 12 /OUTPUT 32 "r2";
    .port_info 13 /OUTPUT 32 "r3";
    .port_info 14 /OUTPUT 32 "r4";
    .port_info 15 /OUTPUT 32 "r5";
    .port_info 16 /OUTPUT 32 "r6";
    .port_info 17 /OUTPUT 32 "r7";
L_000002447cb95c90 .functor BUFZ 32, v000002447cc0caa0_0, C4<00000000000000000000000000000000>, C4<00000000000000000000000000000000>, C4<00000000000000000000000000000000>;
L_000002447cb95910 .functor BUFZ 32, v000002447cc0c640_0, C4<00000000000000000000000000000000>, C4<00000000000000000000000000000000>, C4<00000000000000000000000000000000>;
L_000002447cb956e0 .functor BUFZ 32, v000002447cc0c460_0, C4<00000000000000000000000000000000>, C4<00000000000000000000000000000000>, C4<00000000000000000000000000000000>;
L_000002447cb959f0 .functor BUFZ 32, v000002447cc0b6a0_0, C4<00000000000000000000000000000000>, C4<00000000000000000000000000000000>, C4<00000000000000000000000000000000>;
L_000002447cb95a60 .functor BUFZ 32, v000002447cc0b880_0, C4<00000000000000000000000000000000>, C4<00000000000000000000000000000000>, C4<00000000000000000000000000000000>;
L_000002447cb95bb0 .functor BUFZ 32, v000002447cc0bd80_0, C4<00000000000000000000000000000000>, C4<00000000000000000000000000000000>, C4<00000000000000000000000000000000>;
L_000002447cb95d70 .functor BUFZ 32, v000002447cc0c6e0_0, C4<00000000000000000000000000000000>, C4<00000000000000000000000000000000>, C4<00000000000000000000000000000000>;
L_000002447cc17a30 .functor BUFZ 32, v000002447cc0b560_0, C4<00000000000000000000000000000000>, C4<00000000000000000000000000000000>, C4<00000000000000000000000000000000>;
v000002447cb9d570_0 .net "clock", 0 0, v000002447cc16840_0;  alias, 1 drivers
o000002447cbba298 .functor BUFZ 4, C4<zzzz>; HiZ drive
v000002447cb9d930_0 .net "dstE", 3 0, o000002447cbba298;  0 drivers
v000002447cc0b240_0 .net "dstM", 3 0, v000002447cc16980_0;  1 drivers
v000002447cc0c140_0 .net "r0", 31 0, L_000002447cb95c90;  alias, 1 drivers
v000002447cc0cb40_0 .net "r1", 31 0, L_000002447cb95910;  alias, 1 drivers
v000002447cc0c000_0 .net "r2", 31 0, L_000002447cb956e0;  alias, 1 drivers
v000002447cc0b7e0_0 .net "r3", 31 0, L_000002447cb959f0;  alias, 1 drivers
v000002447cc0c280_0 .net "r4", 31 0, L_000002447cb95a60;  alias, 1 drivers
v000002447cc0bf60_0 .net "r5", 31 0, L_000002447cb95bb0;  alias, 1 drivers
v000002447cc0b4c0_0 .net "r6", 31 0, L_000002447cb95d70;  alias, 1 drivers
v000002447cc0c0a0_0 .net "r7", 31 0, L_000002447cc17a30;  alias, 1 drivers
v000002447cc0b100_0 .net "rA", 3 0, L_000002447cc178e0;  alias, 1 drivers
v000002447cc0b920_0 .net "rB", 3 0, L_000002447cc17870;  alias, 1 drivers
v000002447cc0caa0_0 .var "r_r0", 31 0;
v000002447cc0c640_0 .var "r_r1", 31 0;
v000002447cc0c460_0 .var "r_r2", 31 0;
v000002447cc0b6a0_0 .var "r_r3", 31 0;
v000002447cc0b880_0 .var "r_r4", 31 0;
v000002447cc0bd80_0 .var "r_r5", 31 0;
v000002447cc0c6e0_0 .var "r_r6", 31 0;
v000002447cc0b560_0 .var "r_r7", 31 0;
v000002447cc0b740_0 .var "r_valA", 31 0;
v000002447cc0c1e0_0 .var "r_valB", 31 0;
v000002447cc0be20_0 .net "reset", 0 0, v000002447cc0cf00_0;  1 drivers
v000002447cc0b600_0 .net "valA", 31 0, v000002447cc0b740_0;  alias, 1 drivers
v000002447cc0b9c0_0 .net "valB", 31 0, v000002447cc0c1e0_0;  alias, 1 drivers
o000002447cbba748 .functor BUFZ 32, C4<zzzzzzzzzzzzzzzzzzzzzzzzzzzzzzzz>; HiZ drive
v000002447cc0b1a0_0 .net "valE", 31 0, o000002447cbba748;  0 drivers
v000002447cc0c320_0 .net "valM", 31 0, v000002447cc16200_0;  1 drivers
E_000002447cbb4a40/0 .event negedge, v000002447cc0be20_0;
E_000002447cbb4a40/1 .event posedge, v000002447cb9d7f0_0;
E_000002447cbb4a40 .event/or E_000002447cbb4a40/0, E_000002447cbb4a40/1;
    .scope S_000002447cb95240;
T_0 ;
    %pushi/vec4 0, 4294967295, 32;
    %store/vec4 v000002447cb9d430_0, 0, 32;
    %end;
    .thread T_0;
    .scope S_000002447cb95240;
T_1 ;
    %wait E_000002447cbb4580;
    %load/vec4 v000002447cb9d4d0_0;
    %flag_set/vec4 8;
    %jmp/0xz  T_1.0, 8;
    %load/vec4 v000002447cb9d890_0;
    %load/vec4 v000002447cb9d6b0_0;
    %pad/u 10;
    %ix/vec4 3;
    %ix/load 4, 0, 0; Constant delay
    %assign/vec4/a/d v000002447cb9d610, 0, 4;
T_1.0 ;
    %load/vec4 v000002447cb9d390_0;
    %flag_set/vec4 8;
    %jmp/0xz  T_1.2, 8;
    %load/vec4 v000002447cb9d6b0_0;
    %pad/u 10;
    %ix/vec4 4;
    %load/vec4a v000002447cb9d610, 4;
    %assign/vec4 v000002447cb9d430_0, 0;
    %jmp T_1.3;
T_1.2 ;
    %pushi/vec4 0, 4294967295, 32;
    %assign/vec4 v000002447cb9d430_0, 0;
T_1.3 ;
    %jmp T_1;
    .thread T_1;
    .scope S_000002447ccede40;
T_2 ;
    %wait E_000002447cbb4a40;
    %load/vec4 v000002447cc0be20_0;
    %flag_set/vec4 8;
    %jmp/0xz  T_2.0, 8;
    %pushi/vec4 0, 0, 32;
    %assign/vec4 v000002447cc0b740_0, 0;
    %pushi/vec4 0, 0, 32;
    %assign/vec4 v000002447cc0c1e0_0, 0;
    %pushi/vec4 0, 0, 32;
    %assign/vec4 v000002447cc0caa0_0, 0;
    %pushi/vec4 0, 0, 32;
    %assign/vec4 v000002447cc0c640_0, 0;
    %pushi/vec4 0, 0, 32;
    %assign/vec4 v000002447cc0c460_0, 0;
    %pushi/vec4 0, 0, 32;
    %assign/vec4 v000002447cc0b6a0_0, 0;
    %pushi/vec4 0, 0, 32;
    %assign/vec4 v000002447cc0b880_0, 0;
    %pushi/vec4 0, 0, 32;
    %assign/vec4 v000002447cc0bd80_0, 0;
    %pushi/vec4 0, 0, 32;
    %assign/vec4 v000002447cc0c6e0_0, 0;
    %pushi/vec4 0, 0, 32;
    %assign/vec4 v000002447cc0b560_0, 0;
    %jmp T_2.1;
T_2.0 ;
    %load/vec4 v000002447cb9d930_0;
    %dup/vec4;
    %pushi/vec4 0, 0, 4;
    %cmp/u;
    %jmp/1 T_2.2, 6;
    %dup/vec4;
    %pushi/vec4 1, 0, 4;
    %cmp/u;
    %jmp/1 T_2.3, 6;
    %dup/vec4;
    %pushi/vec4 2, 0, 4;
    %cmp/u;
    %jmp/1 T_2.4, 6;
    %dup/vec4;
    %pushi/vec4 3, 0, 4;
    %cmp/u;
    %jmp/1 T_2.5, 6;
    %dup/vec4;
    %pushi/vec4 4, 0, 4;
    %cmp/u;
    %jmp/1 T_2.6, 6;
    %dup/vec4;
    %pushi/vec4 5, 0, 4;
    %cmp/u;
    %jmp/1 T_2.7, 6;
    %dup/vec4;
    %pushi/vec4 6, 0, 4;
    %cmp/u;
    %jmp/1 T_2.8, 6;
    %dup/vec4;
    %pushi/vec4 7, 0, 4;
    %cmp/u;
    %jmp/1 T_2.9, 6;
    %jmp T_2.10;
T_2.2 ;
    %load/vec4 v000002447cc0b1a0_0;
    %assign/vec4 v000002447cc0caa0_0, 0;
    %jmp T_2.10;
T_2.3 ;
    %load/vec4 v000002447cc0b1a0_0;
    %assign/vec4 v000002447cc0c640_0, 0;
    %jmp T_2.10;
T_2.4 ;
    %load/vec4 v000002447cc0b1a0_0;
    %assign/vec4 v000002447cc0c460_0, 0;
    %jmp T_2.10;
T_2.5 ;
    %load/vec4 v000002447cc0b1a0_0;
    %assign/vec4 v000002447cc0b6a0_0, 0;
    %jmp T_2.10;
T_2.6 ;
    %load/vec4 v000002447cc0b1a0_0;
    %assign/vec4 v000002447cc0b880_0, 0;
    %jmp T_2.10;
T_2.7 ;
    %load/vec4 v000002447cc0b1a0_0;
    %assign/vec4 v000002447cc0bd80_0, 0;
    %jmp T_2.10;
T_2.8 ;
    %load/vec4 v000002447cc0b1a0_0;
    %assign/vec4 v000002447cc0c6e0_0, 0;
    %jmp T_2.10;
T_2.9 ;
    %load/vec4 v000002447cc0b1a0_0;
    %assign/vec4 v000002447cc0b560_0, 0;
    %jmp T_2.10;
T_2.10 ;
    %pop/vec4 1;
    %load/vec4 v000002447cc0b240_0;
    %dup/vec4;
    %pushi/vec4 0, 0, 4;
    %cmp/u;
    %jmp/1 T_2.11, 6;
    %dup/vec4;
    %pushi/vec4 1, 0, 4;
    %cmp/u;
    %jmp/1 T_2.12, 6;
    %dup/vec4;
    %pushi/vec4 2, 0, 4;
    %cmp/u;
    %jmp/1 T_2.13, 6;
    %dup/vec4;
    %pushi/vec4 3, 0, 4;
    %cmp/u;
    %jmp/1 T_2.14, 6;
    %dup/vec4;
    %pushi/vec4 4, 0, 4;
    %cmp/u;
    %jmp/1 T_2.15, 6;
    %dup/vec4;
    %pushi/vec4 5, 0, 4;
    %cmp/u;
    %jmp/1 T_2.16, 6;
    %dup/vec4;
    %pushi/vec4 6, 0, 4;
    %cmp/u;
    %jmp/1 T_2.17, 6;
    %dup/vec4;
    %pushi/vec4 7, 0, 4;
    %cmp/u;
    %jmp/1 T_2.18, 6;
    %jmp T_2.19;
T_2.11 ;
    %load/vec4 v000002447cc0c320_0;
    %assign/vec4 v000002447cc0caa0_0, 0;
    %jmp T_2.19;
T_2.12 ;
    %load/vec4 v000002447cc0c320_0;
    %assign/vec4 v000002447cc0c640_0, 0;
    %jmp T_2.19;
T_2.13 ;
    %load/vec4 v000002447cc0c320_0;
    %assign/vec4 v000002447cc0c460_0, 0;
    %jmp T_2.19;
T_2.14 ;
    %load/vec4 v000002447cc0c320_0;
    %assign/vec4 v000002447cc0b6a0_0, 0;
    %jmp T_2.19;
T_2.15 ;
    %load/vec4 v000002447cc0c320_0;
    %assign/vec4 v000002447cc0b880_0, 0;
    %jmp T_2.19;
T_2.16 ;
    %load/vec4 v000002447cc0c320_0;
    %assign/vec4 v000002447cc0bd80_0, 0;
    %jmp T_2.19;
T_2.17 ;
    %load/vec4 v000002447cc0c320_0;
    %assign/vec4 v000002447cc0c6e0_0, 0;
    %jmp T_2.19;
T_2.18 ;
    %load/vec4 v000002447cc0c320_0;
    %assign/vec4 v000002447cc0b560_0, 0;
    %jmp T_2.19;
T_2.19 ;
    %pop/vec4 1;
    %load/vec4 v000002447cc0b100_0;
    %dup/vec4;
    %pushi/vec4 0, 0, 4;
    %cmp/u;
    %jmp/1 T_2.20, 6;
    %dup/vec4;
    %pushi/vec4 1, 0, 4;
    %cmp/u;
    %jmp/1 T_2.21, 6;
    %dup/vec4;
    %pushi/vec4 2, 0, 4;
    %cmp/u;
    %jmp/1 T_2.22, 6;
    %dup/vec4;
    %pushi/vec4 3, 0, 4;
    %cmp/u;
    %jmp/1 T_2.23, 6;
    %dup/vec4;
    %pushi/vec4 4, 0, 4;
    %cmp/u;
    %jmp/1 T_2.24, 6;
    %dup/vec4;
    %pushi/vec4 5, 0, 4;
    %cmp/u;
    %jmp/1 T_2.25, 6;
    %dup/vec4;
    %pushi/vec4 6, 0, 4;
    %cmp/u;
    %jmp/1 T_2.26, 6;
    %dup/vec4;
    %pushi/vec4 7, 0, 4;
    %cmp/u;
    %jmp/1 T_2.27, 6;
    %pushi/vec4 0, 4294967295, 32;
    %assign/vec4 v000002447cc0b740_0, 0;
    %jmp T_2.29;
T_2.20 ;
    %load/vec4 v000002447cc0c140_0;
    %assign/vec4 v000002447cc0b740_0, 0;
    %jmp T_2.29;
T_2.21 ;
    %load/vec4 v000002447cc0cb40_0;
    %assign/vec4 v000002447cc0b740_0, 0;
    %jmp T_2.29;
T_2.22 ;
    %load/vec4 v000002447cc0c000_0;
    %assign/vec4 v000002447cc0b740_0, 0;
    %jmp T_2.29;
T_2.23 ;
    %load/vec4 v000002447cc0b7e0_0;
    %assign/vec4 v000002447cc0b740_0, 0;
    %jmp T_2.29;
T_2.24 ;
    %load/vec4 v000002447cc0c280_0;
    %assign/vec4 v000002447cc0b740_0, 0;
    %jmp T_2.29;
T_2.25 ;
    %load/vec4 v000002447cc0bf60_0;
    %assign/vec4 v000002447cc0b740_0, 0;
    %jmp T_2.29;
T_2.26 ;
    %load/vec4 v000002447cc0b4c0_0;
    %assign/vec4 v000002447cc0b740_0, 0;
    %jmp T_2.29;
T_2.27 ;
    %load/vec4 v000002447cc0c0a0_0;
    %assign/vec4 v000002447cc0b740_0, 0;
    %jmp T_2.29;
T_2.29 ;
    %pop/vec4 1;
    %load/vec4 v000002447cc0b920_0;
    %dup/vec4;
    %pushi/vec4 0, 0, 4;
    %cmp/u;
    %jmp/1 T_2.30, 6;
    %dup/vec4;
    %pushi/vec4 1, 0, 4;
    %cmp/u;
    %jmp/1 T_2.31, 6;
    %dup/vec4;
    %pushi/vec4 2, 0, 4;
    %cmp/u;
    %jmp/1 T_2.32, 6;
    %dup/vec4;
    %pushi/vec4 3, 0, 4;
    %cmp/u;
    %jmp/1 T_2.33, 6;
    %dup/vec4;
    %pushi/vec4 4, 0, 4;
    %cmp/u;
    %jmp/1 T_2.34, 6;
    %dup/vec4;
    %pushi/vec4 5, 0, 4;
    %cmp/u;
    %jmp/1 T_2.35, 6;
    %dup/vec4;
    %pushi/vec4 6, 0, 4;
    %cmp/u;
    %jmp/1 T_2.36, 6;
    %dup/vec4;
    %pushi/vec4 7, 0, 4;
    %cmp/u;
    %jmp/1 T_2.37, 6;
    %pushi/vec4 0, 4294967295, 32;
    %assign/vec4 v000002447cc0c1e0_0, 0;
    %jmp T_2.39;
T_2.30 ;
    %load/vec4 v000002447cc0c140_0;
    %assign/vec4 v000002447cc0c1e0_0, 0;
    %jmp T_2.39;
T_2.31 ;
    %load/vec4 v000002447cc0cb40_0;
    %assign/vec4 v000002447cc0c1e0_0, 0;
    %jmp T_2.39;
T_2.32 ;
    %load/vec4 v000002447cc0c000_0;
    %assign/vec4 v000002447cc0c1e0_0, 0;
    %jmp T_2.39;
T_2.33 ;
    %load/vec4 v000002447cc0b7e0_0;
    %assign/vec4 v000002447cc0c1e0_0, 0;
    %jmp T_2.39;
T_2.34 ;
    %load/vec4 v000002447cc0c280_0;
    %assign/vec4 v000002447cc0c1e0_0, 0;
    %jmp T_2.39;
T_2.35 ;
    %load/vec4 v000002447cc0bf60_0;
    %assign/vec4 v000002447cc0c1e0_0, 0;
    %jmp T_2.39;
T_2.36 ;
    %load/vec4 v000002447cc0b4c0_0;
    %assign/vec4 v000002447cc0c1e0_0, 0;
    %jmp T_2.39;
T_2.37 ;
    %load/vec4 v000002447cc0c0a0_0;
    %assign/vec4 v000002447cc0c1e0_0, 0;
    %jmp T_2.39;
T_2.39 ;
    %pop/vec4 1;
T_2.1 ;
    %jmp T_2;
    .thread T_2;
    .scope S_000002447cb950b0;
T_3 ;
    %pushi/vec4 0, 0, 9;
    %store/vec4 v000002447cc0b380_0, 0, 9;
    %pushi/vec4 0, 15, 4;
    %store/vec4 v000002447cc0c820_0, 0, 4;
    %pushi/vec4 0, 15, 4;
    %store/vec4 v000002447cc0c3c0_0, 0, 4;
    %pushi/vec4 0, 15, 4;
    %store/vec4 v000002447cc0ba60_0, 0, 4;
    %pushi/vec4 0, 15, 4;
    %store/vec4 v000002447cc0cbe0_0, 0, 4;
    %pushi/vec4 0, 65535, 16;
    %store/vec4 v000002447cc0ce60_0, 0, 16;
    %pushi/vec4 0, 4294967295, 32;
    %store/vec4 v000002447cc0cc80_0, 0, 32;
    %pushi/vec4 0, 4294967295, 32;
    %store/vec4 v000002447cc0c500_0, 0, 32;
    %pushi/vec4 0, 15, 4;
    %store/vec4 v000002447cc0bec0_0, 0, 4;
    %pushi/vec4 0, 4294967295, 32;
    %store/vec4 v000002447cc0cd20_0, 0, 32;
    %pushi/vec4 0, 15, 4;
    %store/vec4 v000002447cc16980_0, 0, 4;
    %pushi/vec4 0, 4294967295, 32;
    %store/vec4 v000002447cc16200_0, 0, 32;
    %end;
    .thread T_3;
    .scope S_000002447cb950b0;
T_4 ;
    %wait E_000002447cbb4580;
    %load/vec4 v000002447cc16c00_0;
    %flag_set/vec4 8;
    %jmp/0xz  T_4.0, 8;
    %load/vec4 v000002447cc0b380_0;
    %addi 1, 0, 9;
    %assign/vec4 v000002447cc0b380_0, 0;
T_4.0 ;
    %jmp T_4;
    .thread T_4;
    .scope S_000002447cb950b0;
T_5 ;
    %wait E_000002447cbb4580;
    %load/vec4 v000002447cc16c00_0;
    %flag_set/vec4 8;
    %jmp/0xz  T_5.0, 8;
    %load/vec4 v000002447cc0b420_0;
    %parti/s 4, 28, 6;
    %assign/vec4 v000002447cc0c820_0, 0;
    %load/vec4 v000002447cc0b420_0;
    %parti/s 4, 24, 6;
    %assign/vec4 v000002447cc0c3c0_0, 0;
    %load/vec4 v000002447cc0b420_0;
    %parti/s 4, 20, 6;
    %assign/vec4 v000002447cc0ba60_0, 0;
    %load/vec4 v000002447cc0b420_0;
    %parti/s 4, 16, 6;
    %assign/vec4 v000002447cc0cbe0_0, 0;
    %load/vec4 v000002447cc0b420_0;
    %parti/s 16, 0, 2;
    %assign/vec4 v000002447cc0ce60_0, 0;
    %load/vec4 v000002447cc0bce0_0;
    %assign/vec4 v000002447cc0cc80_0, 0;
    %load/vec4 v000002447cc0ca00_0;
    %assign/vec4 v000002447cc0c500_0, 0;
T_5.0 ;
    %jmp T_5;
    .thread T_5;
    .scope S_000002447cb950b0;
T_6 ;
    %pushi/vec4 1, 0, 1;
    %assign/vec4 v000002447cc0cf00_0, 0;
    %delay 2000, 0;
    %pushi/vec4 0, 0, 1;
    %assign/vec4 v000002447cc0cf00_0, 0;
    %end;
    .thread T_6;
    .scope S_000002447cb950b0;
T_7 ;
    %wait E_000002447cbb4580;
    %load/vec4 v000002447cc0c820_0;
    %load/vec4 v000002447cc0c3c0_0;
    %concat/vec4; draw_concat_vec4
    %cmpi/e 16, 0, 8;
    %jmp/0xz  T_7.0, 4;
    %load/vec4 v000002447cc0cbe0_0;
    %assign/vec4 v000002447cc0bec0_0, 0;
    %load/vec4 v000002447cc0ce60_0;
    %pad/u 32;
    %assign/vec4 v000002447cc0cd20_0, 0;
T_7.0 ;
    %jmp T_7;
    .thread T_7;
    .scope S_000002447cb950b0;
T_8 ;
    %wait E_000002447cbb4580;
    %load/vec4 v000002447cc0bec0_0;
    %assign/vec4 v000002447cc16980_0, 0;
    %load/vec4 v000002447cc0cd20_0;
    %assign/vec4 v000002447cc16200_0, 0;
    %jmp T_8;
    .thread T_8;
    .scope S_000002447cb94f20;
T_9 ;
    %pushi/vec4 0, 0, 1;
    %assign/vec4 v000002447cc16840_0, 0;
    %pushi/vec4 0, 0, 9;
    %assign/vec4 v000002447cc16700_0, 0;
    %pushi/vec4 0, 0, 1;
    %assign/vec4 v000002447cc15bc0_0, 0;
    %pushi/vec4 0, 0, 32;
    %assign/vec4 v000002447cc16340_0, 0;
    %pushi/vec4 0, 0, 1;
    %assign/vec4 v000002447cc16f20_0, 0;
    %delay 2000, 0;
    %pushi/vec4 0, 0, 9;
    %assign/vec4 v000002447cc16700_0, 0;
    %pushi/vec4 1, 0, 1;
    %assign/vec4 v000002447cc15bc0_0, 0;
    %pushi/vec4 284164224, 0, 32;
    %assign/vec4 v000002447cc16340_0, 0;
    %delay 2000, 0;
    %pushi/vec4 1, 0, 9;
    %assign/vec4 v000002447cc16700_0, 0;
    %pushi/vec4 1, 0, 1;
    %assign/vec4 v000002447cc15bc0_0, 0;
    %pushi/vec4 284229761, 0, 32;
    %assign/vec4 v000002447cc16340_0, 0;
    %delay 2000, 0;
    %pushi/vec4 2, 0, 9;
    %assign/vec4 v000002447cc16700_0, 0;
    %pushi/vec4 1, 0, 1;
    %assign/vec4 v000002447cc15bc0_0, 0;
    %pushi/vec4 284295298, 0, 32;
    %assign/vec4 v000002447cc16340_0, 0;
    %delay 2000, 0;
    %pushi/vec4 3, 0, 9;
    %assign/vec4 v000002447cc16700_0, 0;
    %pushi/vec4 1, 0, 1;
    %assign/vec4 v000002447cc15bc0_0, 0;
    %pushi/vec4 284360835, 0, 32;
    %assign/vec4 v000002447cc16340_0, 0;
    %delay 2000, 0;
    %pushi/vec4 4, 0, 9;
    %assign/vec4 v000002447cc16700_0, 0;
    %pushi/vec4 1, 0, 1;
    %assign/vec4 v000002447cc15bc0_0, 0;
    %pushi/vec4 284426372, 0, 32;
    %assign/vec4 v000002447cc16340_0, 0;
    %delay 2000, 0;
    %pushi/vec4 5, 0, 9;
    %assign/vec4 v000002447cc16700_0, 0;
    %pushi/vec4 1, 0, 1;
    %assign/vec4 v000002447cc15bc0_0, 0;
    %pushi/vec4 284491909, 0, 32;
    %assign/vec4 v000002447cc16340_0, 0;
    %delay 2000, 0;
    %pushi/vec4 6, 0, 9;
    %assign/vec4 v000002447cc16700_0, 0;
    %pushi/vec4 1, 0, 1;
    %assign/vec4 v000002447cc15bc0_0, 0;
    %pushi/vec4 284557446, 0, 32;
    %assign/vec4 v000002447cc16340_0, 0;
    %delay 2000, 0;
    %pushi/vec4 7, 0, 9;
    %assign/vec4 v000002447cc16700_0, 0;
    %pushi/vec4 1, 0, 1;
    %assign/vec4 v000002447cc15bc0_0, 0;
    %pushi/vec4 284622983, 0, 32;
    %assign/vec4 v000002447cc16340_0, 0;
    %delay 2000, 0;
    %pushi/vec4 8, 0, 9;
    %assign/vec4 v000002447cc16700_0, 0;
    %pushi/vec4 1, 0, 1;
    %assign/vec4 v000002447cc15bc0_0, 0;
    %pushi/vec4 536936448, 0, 32;
    %assign/vec4 v000002447cc16340_0, 0;
    %delay 2000, 0;
    %pushi/vec4 9, 0, 9;
    %assign/vec4 v000002447cc16700_0, 0;
    %pushi/vec4 1, 0, 1;
    %assign/vec4 v000002447cc15bc0_0, 0;
    %pushi/vec4 555941888, 0, 32;
    %assign/vec4 v000002447cc16340_0, 0;
    %delay 2000, 0;
    %pushi/vec4 10, 0, 9;
    %assign/vec4 v000002447cc16700_0, 0;
    %pushi/vec4 1, 0, 1;
    %assign/vec4 v000002447cc15bc0_0, 0;
    %pushi/vec4 574947328, 0, 32;
    %assign/vec4 v000002447cc16340_0, 0;
    %delay 2000, 0;
    %pushi/vec4 11, 0, 9;
    %assign/vec4 v000002447cc16700_0, 0;
    %pushi/vec4 1, 0, 1;
    %assign/vec4 v000002447cc15bc0_0, 0;
    %pushi/vec4 593952768, 0, 32;
    %assign/vec4 v000002447cc16340_0, 0;
    %delay 2000, 0;
    %pushi/vec4 0, 0, 9;
    %assign/vec4 v000002447cc16700_0, 0;
    %pushi/vec4 0, 0, 1;
    %assign/vec4 v000002447cc15bc0_0, 0;
    %pushi/vec4 0, 0, 32;
    %assign/vec4 v000002447cc16340_0, 0;
    %delay 1000, 0;
    %pushi/vec4 1, 0, 1;
    %assign/vec4 v000002447cc16f20_0, 0;
    %delay 50000, 0;
    %vpi_call 2 182 "$stop" {0 0 0};
    %end;
    .thread T_9;
    .scope S_000002447cb94f20;
T_10 ;
    %delay 1000, 0;
    %load/vec4 v000002447cc16840_0;
    %inv;
    %store/vec4 v000002447cc16840_0, 0, 1;
    %jmp T_10;
    .thread T_10;
    .scope S_000002447cb94f20;
T_11 ;
    %vpi_call 2 186 "$dumpfile", "pro_tb3.vcd" {0 0 0};
    %vpi_call 2 187 "$dumpvars" {0 0 0};
    %end;
    .thread T_11;
# The file index is used to find the file name in the following table.
:file_names 5;
    "N/A";
    "<interactive>";
    ".\processor.v";
    ".\ram.v";
    ".\regfile.v";
