#! /c/Source/iverilog-install/bin/vvp
:ivl_version "12.0 (devel)" "(s20150603-1110-g18392a46)";
:ivl_delay_selection "TYPICAL";
:vpi_time_precision - 11;
:vpi_module "D:\iVerilog\lib\ivl\system.vpi";
:vpi_module "D:\iVerilog\lib\ivl\vhdl_sys.vpi";
:vpi_module "D:\iVerilog\lib\ivl\vhdl_textio.vpi";
:vpi_module "D:\iVerilog\lib\ivl\v2005_math.vpi";
:vpi_module "D:\iVerilog\lib\ivl\va_math.vpi";
S_00000284b6d51cc0 .scope module, "pro_tb4" "pro_tb4" 2 231;
 .timescale -9 -11;
v00000284b6dbba30_0 .var "addr", 8 0;
v00000284b6dbc930_0 .net "cc", 2 0, L_00000284b6dbdb50;  1 drivers
v00000284b6dbb530_0 .var "clock", 0 0;
v00000284b6dbd3d0_0 .var "flg", 0 0;
v00000284b6dbc4d0_0 .net "r0", 31 0, v00000284b6db50d0_0;  1 drivers
v00000284b6dbb3f0_0 .net "r1", 31 0, v00000284b6db5670_0;  1 drivers
v00000284b6dbb850_0 .net "r2", 31 0, v00000284b6db5f30_0;  1 drivers
v00000284b6dbc750_0 .net "r3", 31 0, v00000284b6db4810_0;  1 drivers
v00000284b6dbcbb0_0 .net "r4", 31 0, v00000284b6db5c10_0;  1 drivers
v00000284b6dbc570_0 .net "r5", 31 0, v00000284b6db4130_0;  1 drivers
v00000284b6dbd510_0 .net "r6", 31 0, v00000284b6db4b30_0;  1 drivers
v00000284b6dbc7f0_0 .net "r7", 31 0, v00000284b6db58f0_0;  1 drivers
v00000284b6dbc890_0 .var "rID", 3 0;
v00000284b6dbd010_0 .net "rdata", 31 0, L_00000284b6e21780;  1 drivers
v00000284b6dbd790_0 .net "valE", 31 0, L_00000284b6e1a1d0;  1 drivers
v00000284b6dbb5d0_0 .var "wdata", 31 0;
v00000284b6dbb350_0 .var "working", 0 0;
v00000284b6dbc610_0 .var "wr", 0 0;
S_00000284b6cddd70 .scope module, "processor" "processor" 2 250, 2 3 0, S_00000284b6d51cc0;
 .timescale -9 -11;
    .port_info 0 /INPUT 1 "clock";
    .port_info 1 /INPUT 9 "addr";
    .port_info 2 /INPUT 1 "wr";
    .port_info 3 /INPUT 32 "wdata";
    .port_info 4 /INPUT 1 "working";
    .port_info 5 /INPUT 4 "rID";
    .port_info 6 /OUTPUT 32 "valE";
    .port_info 7 /OUTPUT 32 "r0";
    .port_info 8 /OUTPUT 32 "r1";
    .port_info 9 /OUTPUT 32 "r2";
    .port_info 10 /OUTPUT 32 "r3";
    .port_info 11 /OUTPUT 32 "r4";
    .port_info 12 /OUTPUT 32 "r5";
    .port_info 13 /OUTPUT 32 "r6";
    .port_info 14 /OUTPUT 32 "r7";
    .port_info 15 /OUTPUT 32 "rdata";
    .port_info 16 /OUTPUT 3 "cc";
P_00000284b6cddf00 .param/l "ADD" 0 2 32, C4<00100000>;
P_00000284b6cddf38 .param/l "AND" 0 2 34, C4<00100010>;
P_00000284b6cddf70 .param/l "HALT" 0 2 30, C4<00010001>;
P_00000284b6cddfa8 .param/l "IRMOV" 0 2 29, C4<00010000>;
P_00000284b6cddfe0 .param/l "NOP" 0 2 31, C4<00010010>;
P_00000284b6cde018 .param/l "SUB" 0 2 33, C4<00100001>;
P_00000284b6cde050 .param/l "XOR" 0 2 35, C4<00100011>;
L_00000284b6e1a320 .functor BUFZ 32, v00000284b6db1f10_0, C4<00000000000000000000000000000000>, C4<00000000000000000000000000000000>, C4<00000000000000000000000000000000>;
L_00000284b6e1a1d0 .functor BUFZ 32, L_00000284b6dbe910, C4<00000000000000000000000000000000>, C4<00000000000000000000000000000000>, C4<00000000000000000000000000000000>;
L_00000284b6e199f0 .functor BUFZ 1, v00000284b6db5cb0_0, C4<0>, C4<0>, C4<0>;
v00000284b6db5cb0_0 .var "D_halt", 0 0;
v00000284b6db5350_0 .var "D_icode", 3 0;
v00000284b6db4590_0 .var "D_ifun", 3 0;
v00000284b6db4f90_0 .var "D_rA", 3 0;
v00000284b6db4a90_0 .var "D_rB", 3 0;
v00000284b6db4270_0 .var "D_valA", 31 0;
v00000284b6db5030_0 .var "D_valB", 31 0;
v00000284b6db5df0_0 .var "D_valC", 15 0;
v00000284b6db48b0_0 .var "E_dstE", 3 0;
v00000284b6db43b0_0 .var "E_dstM", 3 0;
v00000284b6db4950_0 .var "E_halt", 0 0;
v00000284b6db4bd0_0 .var "E_valE", 31 0;
v00000284b6db4c70_0 .var "E_valM", 31 0;
v00000284b6db57b0_0 .net "F_read", 31 0, L_00000284b6e1a320;  1 drivers
v00000284b6db4d10_0 .var "PC", 8 0;
v00000284b6db4630_0 .net *"_ivl_100", 0 0, L_00000284b6e20240;  1 drivers
L_00000284b6dc2d30 .functor BUFT 1, C4<0001>, C4<0>, C4<0>, C4<0>;
v00000284b6db4450_0 .net/2u *"_ivl_102", 3 0, L_00000284b6dc2d30;  1 drivers
v00000284b6db4e50_0 .net *"_ivl_104", 7 0, L_00000284b6e1f8e0;  1 drivers
L_00000284b6dc2d78 .functor BUFT 1, C4<00100010>, C4<0>, C4<0>, C4<0>;
v00000284b6db4ef0_0 .net/2u *"_ivl_106", 7 0, L_00000284b6dc2d78;  1 drivers
v00000284b6db5d50_0 .net *"_ivl_108", 0 0, L_00000284b6e1fca0;  1 drivers
L_00000284b6dc2dc0 .functor BUFT 1, C4<0010>, C4<0>, C4<0>, C4<0>;
v00000284b6db5850_0 .net/2u *"_ivl_110", 3 0, L_00000284b6dc2dc0;  1 drivers
v00000284b6db5e90_0 .net *"_ivl_112", 7 0, L_00000284b6e1fb60;  1 drivers
L_00000284b6dc2e08 .functor BUFT 1, C4<00100011>, C4<0>, C4<0>, C4<0>;
v00000284b6db4090_0 .net/2u *"_ivl_114", 7 0, L_00000284b6dc2e08;  1 drivers
v00000284b6db5ad0_0 .net *"_ivl_116", 0 0, L_00000284b6e20c40;  1 drivers
L_00000284b6dc2e50 .functor BUFT 1, C4<0011>, C4<0>, C4<0>, C4<0>;
v00000284b6db5b70_0 .net/2u *"_ivl_118", 3 0, L_00000284b6dc2e50;  1 drivers
o00000284b6d63148 .functor BUFZ 4, C4<zzzz>; HiZ drive
; Elide local net with no drivers, v00000284b6db41d0_0 name=_ivl_120
v00000284b6db0b10_0 .net *"_ivl_122", 3 0, L_00000284b6e1fe80;  1 drivers
v00000284b6db8c40_0 .net *"_ivl_124", 3 0, L_00000284b6e20f60;  1 drivers
v00000284b6db8a60_0 .net *"_ivl_126", 3 0, L_00000284b6e1ff20;  1 drivers
v00000284b6db8100_0 .net *"_ivl_130", 31 0, L_00000284b6e1ffc0;  1 drivers
L_00000284b6dc2e98 .functor BUFT 1, C4<0000000000000000000000000000>, C4<0>, C4<0>, C4<0>;
v00000284b6db81a0_0 .net *"_ivl_133", 27 0, L_00000284b6dc2e98;  1 drivers
L_00000284b6dc2ee0 .functor BUFT 1, C4<00000000000000000000000000000000>, C4<0>, C4<0>, C4<0>;
v00000284b6db9280_0 .net/2u *"_ivl_134", 31 0, L_00000284b6dc2ee0;  1 drivers
v00000284b6db7f20_0 .net *"_ivl_136", 0 0, L_00000284b6e20060;  1 drivers
v00000284b6db87e0_0 .net *"_ivl_138", 31 0, L_00000284b6e20380;  1 drivers
L_00000284b6dc2f28 .functor BUFT 1, C4<0000000000000000000000000000>, C4<0>, C4<0>, C4<0>;
v00000284b6db8ba0_0 .net *"_ivl_141", 27 0, L_00000284b6dc2f28;  1 drivers
L_00000284b6dc2f70 .functor BUFT 1, C4<00000000000000000000000000000001>, C4<0>, C4<0>, C4<0>;
v00000284b6db8b00_0 .net/2u *"_ivl_142", 31 0, L_00000284b6dc2f70;  1 drivers
v00000284b6db8880_0 .net *"_ivl_144", 0 0, L_00000284b6e20420;  1 drivers
v00000284b6db7660_0 .net *"_ivl_146", 31 0, L_00000284b6e1e940;  1 drivers
L_00000284b6dc2fb8 .functor BUFT 1, C4<0000000000000000000000000000>, C4<0>, C4<0>, C4<0>;
v00000284b6db8420_0 .net *"_ivl_149", 27 0, L_00000284b6dc2fb8;  1 drivers
L_00000284b6dc3000 .functor BUFT 1, C4<00000000000000000000000000000010>, C4<0>, C4<0>, C4<0>;
v00000284b6db8920_0 .net/2u *"_ivl_150", 31 0, L_00000284b6dc3000;  1 drivers
v00000284b6db9500_0 .net *"_ivl_152", 0 0, L_00000284b6e1e9e0;  1 drivers
v00000284b6db8e20_0 .net *"_ivl_154", 31 0, L_00000284b6e206a0;  1 drivers
L_00000284b6dc3048 .functor BUFT 1, C4<0000000000000000000000000000>, C4<0>, C4<0>, C4<0>;
v00000284b6db7de0_0 .net *"_ivl_157", 27 0, L_00000284b6dc3048;  1 drivers
L_00000284b6dc3090 .functor BUFT 1, C4<00000000000000000000000000000011>, C4<0>, C4<0>, C4<0>;
v00000284b6db7a20_0 .net/2u *"_ivl_158", 31 0, L_00000284b6dc3090;  1 drivers
v00000284b6db9820_0 .net *"_ivl_160", 0 0, L_00000284b6e20740;  1 drivers
v00000284b6db93c0_0 .net *"_ivl_162", 31 0, L_00000284b6e207e0;  1 drivers
L_00000284b6dc30d8 .functor BUFT 1, C4<0000000000000000000000000000>, C4<0>, C4<0>, C4<0>;
v00000284b6db7200_0 .net *"_ivl_165", 27 0, L_00000284b6dc30d8;  1 drivers
L_00000284b6dc3120 .functor BUFT 1, C4<00000000000000000000000000000100>, C4<0>, C4<0>, C4<0>;
v00000284b6db7fc0_0 .net/2u *"_ivl_166", 31 0, L_00000284b6dc3120;  1 drivers
v00000284b6db9000_0 .net *"_ivl_168", 0 0, L_00000284b6e20920;  1 drivers
v00000284b6db96e0_0 .net *"_ivl_170", 31 0, L_00000284b6e1ea80;  1 drivers
L_00000284b6dc3168 .functor BUFT 1, C4<0000000000000000000000000000>, C4<0>, C4<0>, C4<0>;
v00000284b6db90a0_0 .net *"_ivl_173", 27 0, L_00000284b6dc3168;  1 drivers
L_00000284b6dc31b0 .functor BUFT 1, C4<00000000000000000000000000000101>, C4<0>, C4<0>, C4<0>;
v00000284b6db7480_0 .net/2u *"_ivl_174", 31 0, L_00000284b6dc31b0;  1 drivers
v00000284b6db8ce0_0 .net *"_ivl_176", 0 0, L_00000284b6e1ebc0;  1 drivers
v00000284b6db8d80_0 .net *"_ivl_178", 31 0, L_00000284b6e1ec60;  1 drivers
L_00000284b6dc31f8 .functor BUFT 1, C4<0000000000000000000000000000>, C4<0>, C4<0>, C4<0>;
v00000284b6db72a0_0 .net *"_ivl_181", 27 0, L_00000284b6dc31f8;  1 drivers
L_00000284b6dc3240 .functor BUFT 1, C4<00000000000000000000000000000110>, C4<0>, C4<0>, C4<0>;
v00000284b6db8ec0_0 .net/2u *"_ivl_182", 31 0, L_00000284b6dc3240;  1 drivers
v00000284b6db8240_0 .net *"_ivl_184", 0 0, L_00000284b6e21500;  1 drivers
v00000284b6db7ac0_0 .net *"_ivl_186", 31 0, L_00000284b6e21c80;  1 drivers
L_00000284b6dc3288 .functor BUFT 1, C4<0000000000000000000000000000>, C4<0>, C4<0>, C4<0>;
v00000284b6db7700_0 .net *"_ivl_189", 27 0, L_00000284b6dc3288;  1 drivers
L_00000284b6dc32d0 .functor BUFT 1, C4<00000000000000000000000000000111>, C4<0>, C4<0>, C4<0>;
v00000284b6db7e80_0 .net/2u *"_ivl_190", 31 0, L_00000284b6dc32d0;  1 drivers
v00000284b6db9640_0 .net *"_ivl_192", 0 0, L_00000284b6e222c0;  1 drivers
o00000284b6d63808 .functor BUFZ 32, C4<zzzzzzzzzzzzzzzzzzzzzzzzzzzzzzzz>; HiZ drive
; Elide local net with no drivers, v00000284b6db8060_0 name=_ivl_194
v00000284b6db9460_0 .net *"_ivl_196", 31 0, L_00000284b6e21be0;  1 drivers
v00000284b6db8f60_0 .net *"_ivl_198", 31 0, L_00000284b6e22360;  1 drivers
L_00000284b6dc2af0 .functor BUFT 1, C4<01>, C4<0>, C4<0>, C4<0>;
v00000284b6db7340_0 .net/2s *"_ivl_2", 1 0, L_00000284b6dc2af0;  1 drivers
v00000284b6db8740_0 .net *"_ivl_20", 0 0, L_00000284b6e1f0c0;  1 drivers
v00000284b6db89c0_0 .net *"_ivl_200", 31 0, L_00000284b6e21280;  1 drivers
v00000284b6db9320_0 .net *"_ivl_202", 31 0, L_00000284b6e21820;  1 drivers
v00000284b6db84c0_0 .net *"_ivl_204", 31 0, L_00000284b6e22400;  1 drivers
v00000284b6db82e0_0 .net *"_ivl_206", 31 0, L_00000284b6e21dc0;  1 drivers
v00000284b6db75c0_0 .net *"_ivl_208", 31 0, L_00000284b6e215a0;  1 drivers
v00000284b6db9140_0 .net *"_ivl_22", 0 0, L_00000284b6e20560;  1 drivers
v00000284b6db91e0_0 .net *"_ivl_24", 0 0, L_00000284b6e209c0;  1 drivers
v00000284b6db95a0_0 .net *"_ivl_26", 0 0, L_00000284b6e1f2a0;  1 drivers
v00000284b6db8380_0 .net *"_ivl_28", 31 0, L_00000284b6e1fac0;  1 drivers
v00000284b6db8560_0 .net *"_ivl_30", 31 0, L_00000284b6e1ef80;  1 drivers
v00000284b6db8600_0 .net *"_ivl_32", 31 0, L_00000284b6e1eb20;  1 drivers
v00000284b6db9780_0 .net *"_ivl_36", 0 0, L_00000284b6e1f480;  1 drivers
v00000284b6db70c0_0 .net *"_ivl_38", 0 0, L_00000284b6e1eee0;  1 drivers
L_00000284b6dc2b38 .functor BUFT 1, C4<00>, C4<0>, C4<0>, C4<0>;
v00000284b6db7160_0 .net/2s *"_ivl_4", 1 0, L_00000284b6dc2b38;  1 drivers
v00000284b6db73e0_0 .net *"_ivl_40", 0 0, L_00000284b6e210a0;  1 drivers
v00000284b6db7b60_0 .net *"_ivl_42", 0 0, L_00000284b6e202e0;  1 drivers
v00000284b6db7520_0 .net *"_ivl_44", 31 0, L_00000284b6e1ed00;  1 drivers
v00000284b6db86a0_0 .net *"_ivl_46", 31 0, L_00000284b6e1f7a0;  1 drivers
v00000284b6db7d40_0 .net *"_ivl_48", 31 0, L_00000284b6e1fc00;  1 drivers
v00000284b6db77a0_0 .net *"_ivl_52", 7 0, L_00000284b6e20ba0;  1 drivers
L_00000284b6dc2b80 .functor BUFT 1, C4<00010001>, C4<0>, C4<0>, C4<0>;
v00000284b6db7840_0 .net/2u *"_ivl_54", 7 0, L_00000284b6dc2b80;  1 drivers
v00000284b6db78e0_0 .net *"_ivl_56", 0 0, L_00000284b6e1f5c0;  1 drivers
L_00000284b6dc2bc8 .functor BUFT 1, C4<01>, C4<0>, C4<0>, C4<0>;
v00000284b6db7ca0_0 .net/2s *"_ivl_58", 1 0, L_00000284b6dc2bc8;  1 drivers
v00000284b6db7980_0 .net *"_ivl_6", 1 0, L_00000284b6e20880;  1 drivers
L_00000284b6dc2c10 .functor BUFT 1, C4<00>, C4<0>, C4<0>, C4<0>;
v00000284b6db7c00_0 .net/2s *"_ivl_60", 1 0, L_00000284b6dc2c10;  1 drivers
v00000284b6db9c80_0 .net *"_ivl_62", 1 0, L_00000284b6e1f700;  1 drivers
v00000284b6db9f00_0 .net *"_ivl_88", 7 0, L_00000284b6e1f840;  1 drivers
L_00000284b6dc2c58 .functor BUFT 1, C4<00100000>, C4<0>, C4<0>, C4<0>;
v00000284b6dbab80_0 .net/2u *"_ivl_90", 7 0, L_00000284b6dc2c58;  1 drivers
v00000284b6db9b40_0 .net *"_ivl_92", 0 0, L_00000284b6e20e20;  1 drivers
L_00000284b6dc2ca0 .functor BUFT 1, C4<0000>, C4<0>, C4<0>, C4<0>;
v00000284b6dba7c0_0 .net/2u *"_ivl_94", 3 0, L_00000284b6dc2ca0;  1 drivers
v00000284b6dba4a0_0 .net *"_ivl_96", 7 0, L_00000284b6e20ec0;  1 drivers
L_00000284b6dc2ce8 .functor BUFT 1, C4<00100001>, C4<0>, C4<0>, C4<0>;
v00000284b6dba9a0_0 .net/2u *"_ivl_98", 7 0, L_00000284b6dc2ce8;  1 drivers
v00000284b6dba040_0 .net "addr", 8 0, v00000284b6dbba30_0;  1 drivers
v00000284b6dba860_0 .net "cc", 2 0, L_00000284b6dbdb50;  alias, 1 drivers
v00000284b6dbac20_0 .net "clock", 0 0, v00000284b6dbb530_0;  1 drivers
v00000284b6dbacc0_0 .net "d_halt", 0 0, L_00000284b6e20d80;  1 drivers
v00000284b6db9fa0_0 .var "d_icode", 3 0;
v00000284b6dba5e0_0 .var "d_ifun", 3 0;
v00000284b6dba900_0 .var "d_rA", 3 0;
v00000284b6dba720_0 .var "d_rB", 3 0;
v00000284b6dba680_0 .net "d_valA", 31 0, L_00000284b6e1fde0;  1 drivers
v00000284b6dba540_0 .net "d_valA_reg", 31 0, L_00000284b6dbb170;  1 drivers
v00000284b6db9d20_0 .net "d_valB", 31 0, L_00000284b6e1f020;  1 drivers
v00000284b6db9be0_0 .net "d_valB_reg", 31 0, L_00000284b6dbe4b0;  1 drivers
v00000284b6dbaa40_0 .var "d_valC", 15 0;
v00000284b6dbaae0_0 .net "e_alufun", 3 0, L_00000284b6e21000;  1 drivers
v00000284b6dbaf40_0 .net "e_dstE", 3 0, v00000284b6db4f90_0;  1 drivers
v00000284b6db9dc0_0 .net "e_halt", 0 0, L_00000284b6e199f0;  1 drivers
v00000284b6dbad60_0 .var "e_reg_rst", 0 0;
v00000284b6dbae00_0 .net "e_valA", 31 0, v00000284b6db4270_0;  1 drivers
v00000284b6dba0e0_0 .net "e_valB", 31 0, v00000284b6db5030_0;  1 drivers
v00000284b6db9960_0 .net "e_valE", 31 0, L_00000284b6dbe910;  1 drivers
v00000284b6dba360_0 .net "f_addr", 8 0, L_00000284b6e1fd40;  1 drivers
v00000284b6dbaea0_0 .net "f_rd", 0 0, L_00000284b6e1f520;  1 drivers
v00000284b6dba180_0 .net "f_rdata", 31 0, v00000284b6db1f10_0;  1 drivers
v00000284b6db98c0_0 .net "r0", 31 0, v00000284b6db50d0_0;  alias, 1 drivers
v00000284b6db9a00_0 .net "r1", 31 0, v00000284b6db5670_0;  alias, 1 drivers
v00000284b6db9e60_0 .net "r2", 31 0, v00000284b6db5f30_0;  alias, 1 drivers
v00000284b6db9aa0_0 .net "r3", 31 0, v00000284b6db4810_0;  alias, 1 drivers
v00000284b6dba220_0 .net "r4", 31 0, v00000284b6db5c10_0;  alias, 1 drivers
v00000284b6dba2c0_0 .net "r5", 31 0, v00000284b6db4130_0;  alias, 1 drivers
v00000284b6dba400_0 .net "r6", 31 0, v00000284b6db4b30_0;  alias, 1 drivers
v00000284b6dbc110_0 .net "r7", 31 0, v00000284b6db58f0_0;  alias, 1 drivers
v00000284b6dbd290_0 .net "rID", 3 0, v00000284b6dbc890_0;  1 drivers
v00000284b6dbb710_0 .net "rdata", 31 0, L_00000284b6e21780;  alias, 1 drivers
v00000284b6dbb7b0_0 .net "valE", 31 0, L_00000284b6e1a1d0;  alias, 1 drivers
v00000284b6dbd830_0 .var "w_dstE", 3 0;
v00000284b6dbd470_0 .var "w_dstM", 3 0;
v00000284b6dbc9d0_0 .var "w_valE", 31 0;
v00000284b6dbd330_0 .var "w_valM", 31 0;
v00000284b6dbc430_0 .net "wdata", 31 0, v00000284b6dbb5d0_0;  1 drivers
v00000284b6dbc2f0_0 .net "working", 0 0, v00000284b6dbb350_0;  1 drivers
v00000284b6dbbad0_0 .net "wr", 0 0, v00000284b6dbc610_0;  1 drivers
L_00000284b6e1fd40 .functor MUXZ 9, v00000284b6dbba30_0, v00000284b6db4d10_0, v00000284b6dbb350_0, C4<>;
L_00000284b6e20880 .functor MUXZ 2, L_00000284b6dc2b38, L_00000284b6dc2af0, v00000284b6dbb350_0, C4<>;
L_00000284b6e1f520 .part L_00000284b6e20880, 0, 1;
L_00000284b6e1f0c0 .cmp/eq 4, v00000284b6db4f90_0, v00000284b6dba900_0;
L_00000284b6e20560 .cmp/eq 4, v00000284b6db48b0_0, v00000284b6dba900_0;
L_00000284b6e209c0 .cmp/eq 4, v00000284b6dbd830_0, v00000284b6dba900_0;
L_00000284b6e1f2a0 .cmp/eq 4, v00000284b6dbd470_0, v00000284b6dba900_0;
L_00000284b6e1fac0 .functor MUXZ 32, L_00000284b6dbb170, v00000284b6dbd330_0, L_00000284b6e1f2a0, C4<>;
L_00000284b6e1ef80 .functor MUXZ 32, L_00000284b6e1fac0, v00000284b6dbc9d0_0, L_00000284b6e209c0, C4<>;
L_00000284b6e1eb20 .functor MUXZ 32, L_00000284b6e1ef80, v00000284b6db4bd0_0, L_00000284b6e20560, C4<>;
L_00000284b6e1fde0 .functor MUXZ 32, L_00000284b6e1eb20, L_00000284b6dbe910, L_00000284b6e1f0c0, C4<>;
L_00000284b6e1f480 .cmp/eq 4, v00000284b6db4f90_0, v00000284b6dba720_0;
L_00000284b6e1eee0 .cmp/eq 4, v00000284b6db48b0_0, v00000284b6dba720_0;
L_00000284b6e210a0 .cmp/eq 4, v00000284b6dbd830_0, v00000284b6dba720_0;
L_00000284b6e202e0 .cmp/eq 4, v00000284b6dbd470_0, v00000284b6dba720_0;
L_00000284b6e1ed00 .functor MUXZ 32, L_00000284b6dbe4b0, v00000284b6dbd330_0, L_00000284b6e202e0, C4<>;
L_00000284b6e1f7a0 .functor MUXZ 32, L_00000284b6e1ed00, v00000284b6dbc9d0_0, L_00000284b6e210a0, C4<>;
L_00000284b6e1fc00 .functor MUXZ 32, L_00000284b6e1f7a0, v00000284b6db4bd0_0, L_00000284b6e1eee0, C4<>;
L_00000284b6e1f020 .functor MUXZ 32, L_00000284b6e1fc00, L_00000284b6dbe910, L_00000284b6e1f480, C4<>;
L_00000284b6e20ba0 .concat [ 4 4 0 0], v00000284b6dba5e0_0, v00000284b6db9fa0_0;
L_00000284b6e1f5c0 .cmp/eq 8, L_00000284b6e20ba0, L_00000284b6dc2b80;
L_00000284b6e1f700 .functor MUXZ 2, L_00000284b6dc2c10, L_00000284b6dc2bc8, L_00000284b6e1f5c0, C4<>;
L_00000284b6e20d80 .part L_00000284b6e1f700, 0, 1;
L_00000284b6e1f840 .concat [ 4 4 0 0], v00000284b6db4590_0, v00000284b6db5350_0;
L_00000284b6e20e20 .cmp/eq 8, L_00000284b6e1f840, L_00000284b6dc2c58;
L_00000284b6e20ec0 .concat [ 4 4 0 0], v00000284b6db4590_0, v00000284b6db5350_0;
L_00000284b6e20240 .cmp/eq 8, L_00000284b6e20ec0, L_00000284b6dc2ce8;
L_00000284b6e1f8e0 .concat [ 4 4 0 0], v00000284b6db4590_0, v00000284b6db5350_0;
L_00000284b6e1fca0 .cmp/eq 8, L_00000284b6e1f8e0, L_00000284b6dc2d78;
L_00000284b6e1fb60 .concat [ 4 4 0 0], v00000284b6db4590_0, v00000284b6db5350_0;
L_00000284b6e20c40 .cmp/eq 8, L_00000284b6e1fb60, L_00000284b6dc2e08;
L_00000284b6e1fe80 .functor MUXZ 4, o00000284b6d63148, L_00000284b6dc2e50, L_00000284b6e20c40, C4<>;
L_00000284b6e20f60 .functor MUXZ 4, L_00000284b6e1fe80, L_00000284b6dc2dc0, L_00000284b6e1fca0, C4<>;
L_00000284b6e1ff20 .functor MUXZ 4, L_00000284b6e20f60, L_00000284b6dc2d30, L_00000284b6e20240, C4<>;
L_00000284b6e21000 .functor MUXZ 4, L_00000284b6e1ff20, L_00000284b6dc2ca0, L_00000284b6e20e20, C4<>;
L_00000284b6e1ffc0 .concat [ 4 28 0 0], v00000284b6dbc890_0, L_00000284b6dc2e98;
L_00000284b6e20060 .cmp/eq 32, L_00000284b6e1ffc0, L_00000284b6dc2ee0;
L_00000284b6e20380 .concat [ 4 28 0 0], v00000284b6dbc890_0, L_00000284b6dc2f28;
L_00000284b6e20420 .cmp/eq 32, L_00000284b6e20380, L_00000284b6dc2f70;
L_00000284b6e1e940 .concat [ 4 28 0 0], v00000284b6dbc890_0, L_00000284b6dc2fb8;
L_00000284b6e1e9e0 .cmp/eq 32, L_00000284b6e1e940, L_00000284b6dc3000;
L_00000284b6e206a0 .concat [ 4 28 0 0], v00000284b6dbc890_0, L_00000284b6dc3048;
L_00000284b6e20740 .cmp/eq 32, L_00000284b6e206a0, L_00000284b6dc3090;
L_00000284b6e207e0 .concat [ 4 28 0 0], v00000284b6dbc890_0, L_00000284b6dc30d8;
L_00000284b6e20920 .cmp/eq 32, L_00000284b6e207e0, L_00000284b6dc3120;
L_00000284b6e1ea80 .concat [ 4 28 0 0], v00000284b6dbc890_0, L_00000284b6dc3168;
L_00000284b6e1ebc0 .cmp/eq 32, L_00000284b6e1ea80, L_00000284b6dc31b0;
L_00000284b6e1ec60 .concat [ 4 28 0 0], v00000284b6dbc890_0, L_00000284b6dc31f8;
L_00000284b6e21500 .cmp/eq 32, L_00000284b6e1ec60, L_00000284b6dc3240;
L_00000284b6e21c80 .concat [ 4 28 0 0], v00000284b6dbc890_0, L_00000284b6dc3288;
L_00000284b6e222c0 .cmp/eq 32, L_00000284b6e21c80, L_00000284b6dc32d0;
L_00000284b6e21be0 .functor MUXZ 32, o00000284b6d63808, v00000284b6db58f0_0, L_00000284b6e222c0, C4<>;
L_00000284b6e22360 .functor MUXZ 32, L_00000284b6e21be0, v00000284b6db4b30_0, L_00000284b6e21500, C4<>;
L_00000284b6e21280 .functor MUXZ 32, L_00000284b6e22360, v00000284b6db4130_0, L_00000284b6e1ebc0, C4<>;
L_00000284b6e21820 .functor MUXZ 32, L_00000284b6e21280, v00000284b6db5c10_0, L_00000284b6e20920, C4<>;
L_00000284b6e22400 .functor MUXZ 32, L_00000284b6e21820, v00000284b6db4810_0, L_00000284b6e20740, C4<>;
L_00000284b6e21dc0 .functor MUXZ 32, L_00000284b6e22400, v00000284b6db5f30_0, L_00000284b6e1e9e0, C4<>;
L_00000284b6e215a0 .functor MUXZ 32, L_00000284b6e21dc0, v00000284b6db5670_0, L_00000284b6e20420, C4<>;
L_00000284b6e21780 .functor MUXZ 32, L_00000284b6e215a0, v00000284b6db50d0_0, L_00000284b6e20060, C4<>;
S_00000284b6cde090 .scope module, "alu" "alu" 2 64, 3 2 0, S_00000284b6cddd70;
 .timescale -9 -11;
    .port_info 0 /INPUT 32 "aluA";
    .port_info 1 /INPUT 32 "aluB";
    .port_info 2 /INPUT 4 "alufun";
    .port_info 3 /OUTPUT 32 "valE";
    .port_info 4 /OUTPUT 3 "cc";
L_00000284b6d25850 .functor BUFZ 32, v00000284b6db4270_0, C4<00000000000000000000000000000000>, C4<00000000000000000000000000000000>, C4<00000000000000000000000000000000>;
L_00000284b6d25f50 .functor BUFZ 32, v00000284b6db5030_0, C4<00000000000000000000000000000000>, C4<00000000000000000000000000000000>, C4<00000000000000000000000000000000>;
L_00000284b6d26030 .functor BUFZ 32, L_00000284b6dbe910, C4<00000000000000000000000000000000>, C4<00000000000000000000000000000000>, C4<00000000000000000000000000000000>;
L_00000284b6d265e0 .functor AND 32, v00000284b6db4270_0, v00000284b6db5030_0, C4<11111111111111111111111111111111>, C4<11111111111111111111111111111111>;
L_00000284b6d258c0 .functor NOT 32, v00000284b6db4270_0, C4<00000000000000000000000000000000>, C4<00000000000000000000000000000000>, C4<00000000000000000000000000000000>;
L_00000284b6d26110 .functor AND 32, L_00000284b6d258c0, v00000284b6db5030_0, C4<11111111111111111111111111111111>, C4<11111111111111111111111111111111>;
L_00000284b6e1a550 .functor NOT 32, v00000284b6db5030_0, C4<00000000000000000000000000000000>, C4<00000000000000000000000000000000>, C4<00000000000000000000000000000000>;
L_00000284b6e19a60 .functor AND 32, v00000284b6db4270_0, L_00000284b6e1a550, C4<11111111111111111111111111111111>, C4<11111111111111111111111111111111>;
L_00000284b6e19de0 .functor OR 32, L_00000284b6d26110, L_00000284b6e19a60, C4<00000000000000000000000000000000>, C4<00000000000000000000000000000000>;
L_00000284b6e19e50 .functor AND 1, L_00000284b6dbda10, L_00000284b6e20a60, C4<1>, C4<1>;
L_00000284b6e1a2b0 .functor AND 1, L_00000284b6e19e50, L_00000284b6e201a0, C4<1>, C4<1>;
L_00000284b6e19ad0 .functor AND 1, L_00000284b6e1f980, L_00000284b6e20100, C4<1>, C4<1>;
L_00000284b6e19ec0 .functor AND 1, L_00000284b6e19ad0, L_00000284b6e1eda0, C4<1>, C4<1>;
L_00000284b6e1a160 .functor OR 1, L_00000284b6e1a2b0, L_00000284b6e19ec0, C4<0>, C4<0>;
L_00000284b6e1a630 .functor AND 1, L_00000284b6e1f3e0, L_00000284b6e20ce0, C4<1>, C4<1>;
L_00000284b6e19fa0 .functor AND 1, L_00000284b6e1a630, L_00000284b6e1ee40, C4<1>, C4<1>;
L_00000284b6e19c20 .functor AND 1, L_00000284b6e1f660, L_00000284b6e20b00, C4<1>, C4<1>;
L_00000284b6e1a4e0 .functor AND 1, L_00000284b6e19c20, L_00000284b6e1f200, C4<1>, C4<1>;
L_00000284b6e19980 .functor OR 1, L_00000284b6e19fa0, L_00000284b6e1a4e0, C4<0>, C4<0>;
v00000284b6d352a0_0 .net/s "A", 31 0, L_00000284b6d25850;  1 drivers
v00000284b6d358e0_0 .net/s "B", 31 0, L_00000284b6d25f50;  1 drivers
v00000284b6d36920_0 .net/s "E", 31 0, L_00000284b6d26030;  1 drivers
v00000284b6d36240_0 .net "OF", 0 0, L_00000284b6e1f340;  1 drivers
v00000284b6d35d40_0 .net "SF", 0 0, L_00000284b6dbec30;  1 drivers
v00000284b6d35de0_0 .net "ZF", 0 0, L_00000284b6dbe370;  1 drivers
L_00000284b6dc2670 .functor BUFT 1, C4<00000000000000000000000000000000>, C4<0>, C4<0>, C4<0>;
v00000284b6d36b00_0 .net/2s *"_ivl_100", 31 0, L_00000284b6dc2670;  1 drivers
v00000284b6d36a60_0 .net *"_ivl_102", 0 0, L_00000284b6dbda10;  1 drivers
L_00000284b6dc26b8 .functor BUFT 1, C4<00000000000000000000000000000000>, C4<0>, C4<0>, C4<0>;
v00000284b6d34d00_0 .net/2s *"_ivl_104", 31 0, L_00000284b6dc26b8;  1 drivers
v00000284b6d34da0_0 .net *"_ivl_106", 0 0, L_00000284b6e20a60;  1 drivers
v00000284b6d36600_0 .net *"_ivl_109", 0 0, L_00000284b6e19e50;  1 drivers
L_00000284b6dc21a8 .functor BUFT 1, C4<0000000000000000000000000000>, C4<0>, C4<0>, C4<0>;
v00000284b6d34c60_0 .net *"_ivl_11", 27 0, L_00000284b6dc21a8;  1 drivers
L_00000284b6dc2700 .functor BUFT 1, C4<00000000000000000000000000000000>, C4<0>, C4<0>, C4<0>;
v00000284b6d36740_0 .net/2s *"_ivl_110", 31 0, L_00000284b6dc2700;  1 drivers
v00000284b6d35fc0_0 .net *"_ivl_112", 0 0, L_00000284b6e201a0;  1 drivers
v00000284b6d362e0_0 .net *"_ivl_115", 0 0, L_00000284b6e1a2b0;  1 drivers
L_00000284b6dc2748 .functor BUFT 1, C4<00000000000000000000000000000000>, C4<0>, C4<0>, C4<0>;
v00000284b6d36060_0 .net/2s *"_ivl_116", 31 0, L_00000284b6dc2748;  1 drivers
v00000284b6d36100_0 .net *"_ivl_118", 0 0, L_00000284b6e1f980;  1 drivers
L_00000284b6dc21f0 .functor BUFT 1, C4<00000000000000000000000000000000>, C4<0>, C4<0>, C4<0>;
v00000284b6d34e40_0 .net/2u *"_ivl_12", 31 0, L_00000284b6dc21f0;  1 drivers
L_00000284b6dc2790 .functor BUFT 1, C4<00000000000000000000000000000000>, C4<0>, C4<0>, C4<0>;
v00000284b6d361a0_0 .net/2s *"_ivl_120", 31 0, L_00000284b6dc2790;  1 drivers
v00000284b6d36420_0 .net *"_ivl_122", 0 0, L_00000284b6e20100;  1 drivers
v00000284b6d367e0_0 .net *"_ivl_125", 0 0, L_00000284b6e19ad0;  1 drivers
L_00000284b6dc27d8 .functor BUFT 1, C4<00000000000000000000000000000000>, C4<0>, C4<0>, C4<0>;
v00000284b6d34ee0_0 .net/2s *"_ivl_126", 31 0, L_00000284b6dc27d8;  1 drivers
v00000284b6d273d0_0 .net *"_ivl_128", 0 0, L_00000284b6e1eda0;  1 drivers
v00000284b6d267f0_0 .net *"_ivl_131", 0 0, L_00000284b6e19ec0;  1 drivers
v00000284b6d278d0_0 .net *"_ivl_133", 0 0, L_00000284b6e1a160;  1 drivers
L_00000284b6dc2820 .functor BUFT 1, C4<01>, C4<0>, C4<0>, C4<0>;
v00000284b6d26e30_0 .net/2s *"_ivl_134", 1 0, L_00000284b6dc2820;  1 drivers
L_00000284b6dc2868 .functor BUFT 1, C4<00>, C4<0>, C4<0>, C4<0>;
v00000284b6d26cf0_0 .net/2s *"_ivl_136", 1 0, L_00000284b6dc2868;  1 drivers
v00000284b6d26890_0 .net *"_ivl_138", 1 0, L_00000284b6e1fa20;  1 drivers
v00000284b6d27b50_0 .net *"_ivl_14", 0 0, L_00000284b6dbdd30;  1 drivers
L_00000284b6dc28b0 .functor BUFT 1, C4<00000000000000000000000000000000>, C4<0>, C4<0>, C4<0>;
v00000284b6d282d0_0 .net/2s *"_ivl_140", 31 0, L_00000284b6dc28b0;  1 drivers
v00000284b6d27f10_0 .net *"_ivl_142", 0 0, L_00000284b6e1f3e0;  1 drivers
L_00000284b6dc28f8 .functor BUFT 1, C4<00000000000000000000000000000000>, C4<0>, C4<0>, C4<0>;
v00000284b6d27fb0_0 .net/2s *"_ivl_144", 31 0, L_00000284b6dc28f8;  1 drivers
v00000284b6cf89b0_0 .net *"_ivl_146", 0 0, L_00000284b6e20ce0;  1 drivers
v00000284b6cf76f0_0 .net *"_ivl_149", 0 0, L_00000284b6e1a630;  1 drivers
L_00000284b6dc2940 .functor BUFT 1, C4<00000000000000000000000000000000>, C4<0>, C4<0>, C4<0>;
v00000284b6cc0d60_0 .net/2s *"_ivl_150", 31 0, L_00000284b6dc2940;  1 drivers
v00000284b6d0b6f0_0 .net *"_ivl_152", 0 0, L_00000284b6e1ee40;  1 drivers
v00000284b6daf320_0 .net *"_ivl_155", 0 0, L_00000284b6e19fa0;  1 drivers
L_00000284b6dc2988 .functor BUFT 1, C4<00000000000000000000000000000000>, C4<0>, C4<0>, C4<0>;
v00000284b6daf8c0_0 .net/2s *"_ivl_156", 31 0, L_00000284b6dc2988;  1 drivers
v00000284b6dae7e0_0 .net *"_ivl_158", 0 0, L_00000284b6e1f660;  1 drivers
v00000284b6daec40_0 .net *"_ivl_16", 31 0, L_00000284b6dbdf10;  1 drivers
L_00000284b6dc29d0 .functor BUFT 1, C4<00000000000000000000000000000000>, C4<0>, C4<0>, C4<0>;
v00000284b6daeb00_0 .net/2s *"_ivl_160", 31 0, L_00000284b6dc29d0;  1 drivers
v00000284b6dafa00_0 .net *"_ivl_162", 0 0, L_00000284b6e20b00;  1 drivers
v00000284b6daf820_0 .net *"_ivl_165", 0 0, L_00000284b6e19c20;  1 drivers
L_00000284b6dc2a18 .functor BUFT 1, C4<00000000000000000000000000000000>, C4<0>, C4<0>, C4<0>;
v00000284b6daf960_0 .net/2s *"_ivl_166", 31 0, L_00000284b6dc2a18;  1 drivers
v00000284b6daed80_0 .net *"_ivl_168", 0 0, L_00000284b6e1f200;  1 drivers
v00000284b6dafb40_0 .net *"_ivl_171", 0 0, L_00000284b6e1a4e0;  1 drivers
v00000284b6daf1e0_0 .net *"_ivl_173", 0 0, L_00000284b6e19980;  1 drivers
L_00000284b6dc2a60 .functor BUFT 1, C4<01>, C4<0>, C4<0>, C4<0>;
v00000284b6daece0_0 .net/2s *"_ivl_174", 1 0, L_00000284b6dc2a60;  1 drivers
L_00000284b6dc2aa8 .functor BUFT 1, C4<00>, C4<0>, C4<0>, C4<0>;
v00000284b6dafc80_0 .net/2s *"_ivl_176", 1 0, L_00000284b6dc2aa8;  1 drivers
v00000284b6dae4c0_0 .net *"_ivl_178", 1 0, L_00000284b6e204c0;  1 drivers
v00000284b6dae2e0_0 .net *"_ivl_18", 31 0, L_00000284b6dbeb90;  1 drivers
v00000284b6dafaa0_0 .net *"_ivl_180", 1 0, L_00000284b6e20600;  1 drivers
L_00000284b6dc2238 .functor BUFT 1, C4<0000000000000000000000000000>, C4<0>, C4<0>, C4<0>;
v00000284b6daf3c0_0 .net *"_ivl_21", 27 0, L_00000284b6dc2238;  1 drivers
L_00000284b6dc2280 .functor BUFT 1, C4<00000000000000000000000000000001>, C4<0>, C4<0>, C4<0>;
v00000284b6daf000_0 .net/2u *"_ivl_22", 31 0, L_00000284b6dc2280;  1 drivers
v00000284b6dae1a0_0 .net *"_ivl_24", 0 0, L_00000284b6dbe0f0;  1 drivers
v00000284b6daef60_0 .net *"_ivl_26", 31 0, L_00000284b6dbdfb0;  1 drivers
v00000284b6dafbe0_0 .net *"_ivl_28", 31 0, L_00000284b6dbe550;  1 drivers
L_00000284b6dc22c8 .functor BUFT 1, C4<0000000000000000000000000000>, C4<0>, C4<0>, C4<0>;
v00000284b6daf460_0 .net *"_ivl_31", 27 0, L_00000284b6dc22c8;  1 drivers
L_00000284b6dc2310 .functor BUFT 1, C4<00000000000000000000000000000010>, C4<0>, C4<0>, C4<0>;
v00000284b6dae380_0 .net/2u *"_ivl_32", 31 0, L_00000284b6dc2310;  1 drivers
v00000284b6dae6a0_0 .net *"_ivl_34", 0 0, L_00000284b6dbe690;  1 drivers
v00000284b6daf500_0 .net *"_ivl_36", 31 0, L_00000284b6d265e0;  1 drivers
v00000284b6daeec0_0 .net *"_ivl_38", 31 0, L_00000284b6dbe050;  1 drivers
L_00000284b6dc2358 .functor BUFT 1, C4<0000000000000000000000000000>, C4<0>, C4<0>, C4<0>;
v00000284b6dafd20_0 .net *"_ivl_41", 27 0, L_00000284b6dc2358;  1 drivers
L_00000284b6dc23a0 .functor BUFT 1, C4<00000000000000000000000000000011>, C4<0>, C4<0>, C4<0>;
v00000284b6dafdc0_0 .net/2u *"_ivl_42", 31 0, L_00000284b6dc23a0;  1 drivers
v00000284b6daf0a0_0 .net *"_ivl_44", 0 0, L_00000284b6dbe190;  1 drivers
v00000284b6dae560_0 .net *"_ivl_46", 31 0, L_00000284b6d258c0;  1 drivers
v00000284b6daf640_0 .net *"_ivl_48", 31 0, L_00000284b6d26110;  1 drivers
v00000284b6dafe60_0 .net *"_ivl_50", 31 0, L_00000284b6e1a550;  1 drivers
v00000284b6dae740_0 .net *"_ivl_52", 31 0, L_00000284b6e19a60;  1 drivers
v00000284b6daff00_0 .net *"_ivl_54", 31 0, L_00000284b6e19de0;  1 drivers
o00000284b6d60da8 .functor BUFZ 32, C4<zzzzzzzzzzzzzzzzzzzzzzzzzzzzzzzz>; HiZ drive
; Elide local net with no drivers, v00000284b6dae060_0 name=_ivl_56
v00000284b6dae600_0 .net *"_ivl_58", 31 0, L_00000284b6dbe730;  1 drivers
v00000284b6daf5a0_0 .net *"_ivl_60", 31 0, L_00000284b6dbe2d0;  1 drivers
v00000284b6dae420_0 .net *"_ivl_62", 31 0, L_00000284b6dbe870;  1 drivers
L_00000284b6dc23e8 .functor BUFT 1, C4<00000000000000000000000000000000>, C4<0>, C4<0>, C4<0>;
v00000284b6dae880_0 .net/2u *"_ivl_66", 31 0, L_00000284b6dc23e8;  1 drivers
v00000284b6dae920_0 .net *"_ivl_68", 0 0, L_00000284b6dbed70;  1 drivers
L_00000284b6dc2430 .functor BUFT 1, C4<1>, C4<0>, C4<0>, C4<0>;
v00000284b6dae9c0_0 .net/2u *"_ivl_70", 0 0, L_00000284b6dc2430;  1 drivers
L_00000284b6dc2478 .functor BUFT 1, C4<0>, C4<0>, C4<0>, C4<0>;
v00000284b6daf6e0_0 .net/2u *"_ivl_72", 0 0, L_00000284b6dc2478;  1 drivers
v00000284b6daea60_0 .net *"_ivl_77", 0 0, L_00000284b6dbe9b0;  1 drivers
v00000284b6daeba0_0 .net *"_ivl_78", 31 0, L_00000284b6dbeeb0;  1 drivers
v00000284b6daee20_0 .net *"_ivl_8", 31 0, L_00000284b6dbdbf0;  1 drivers
L_00000284b6dc24c0 .functor BUFT 1, C4<0000000000000000000000000000000>, C4<0>, C4<0>, C4<0>;
v00000284b6daf140_0 .net *"_ivl_81", 30 0, L_00000284b6dc24c0;  1 drivers
L_00000284b6dc2508 .functor BUFT 1, C4<00000000000000000000000000000001>, C4<0>, C4<0>, C4<0>;
v00000284b6daf280_0 .net/2u *"_ivl_82", 31 0, L_00000284b6dc2508;  1 drivers
v00000284b6dae100_0 .net *"_ivl_84", 0 0, L_00000284b6dbd8d0;  1 drivers
L_00000284b6dc2550 .functor BUFT 1, C4<1>, C4<0>, C4<0>, C4<0>;
v00000284b6daf780_0 .net/2u *"_ivl_86", 0 0, L_00000284b6dc2550;  1 drivers
L_00000284b6dc2598 .functor BUFT 1, C4<0>, C4<0>, C4<0>, C4<0>;
v00000284b6dae240_0 .net/2u *"_ivl_88", 0 0, L_00000284b6dc2598;  1 drivers
v00000284b6db1d30_0 .net *"_ivl_92", 31 0, L_00000284b6dbef50;  1 drivers
L_00000284b6dc25e0 .functor BUFT 1, C4<0000000000000000000000000000>, C4<0>, C4<0>, C4<0>;
v00000284b6db07f0_0 .net *"_ivl_95", 27 0, L_00000284b6dc25e0;  1 drivers
L_00000284b6dc2628 .functor BUFT 1, C4<00000000000000000000000000000001>, C4<0>, C4<0>, C4<0>;
v00000284b6db1e70_0 .net/2u *"_ivl_96", 31 0, L_00000284b6dc2628;  1 drivers
v00000284b6db1010_0 .net *"_ivl_98", 0 0, L_00000284b6dbd970;  1 drivers
v00000284b6db0430_0 .net "aluA", 31 0, v00000284b6db4270_0;  alias, 1 drivers
v00000284b6db09d0_0 .net "aluB", 31 0, v00000284b6db5030_0;  alias, 1 drivers
v00000284b6db04d0_0 .net "alufun", 3 0, L_00000284b6e21000;  alias, 1 drivers
v00000284b6db11f0_0 .net "cc", 2 0, L_00000284b6dbdb50;  alias, 1 drivers
v00000284b6db10b0_0 .net "valE", 31 0, L_00000284b6dbe910;  alias, 1 drivers
L_00000284b6dbdb50 .concat [ 1 1 1 0], L_00000284b6e1f340, L_00000284b6dbec30, L_00000284b6dbe370;
L_00000284b6dbdbf0 .concat [ 4 28 0 0], L_00000284b6e21000, L_00000284b6dc21a8;
L_00000284b6dbdd30 .cmp/eq 32, L_00000284b6dbdbf0, L_00000284b6dc21f0;
L_00000284b6dbdf10 .arith/sum 32, v00000284b6db4270_0, v00000284b6db5030_0;
L_00000284b6dbeb90 .concat [ 4 28 0 0], L_00000284b6e21000, L_00000284b6dc2238;
L_00000284b6dbe0f0 .cmp/eq 32, L_00000284b6dbeb90, L_00000284b6dc2280;
L_00000284b6dbdfb0 .arith/sub 32, v00000284b6db4270_0, v00000284b6db5030_0;
L_00000284b6dbe550 .concat [ 4 28 0 0], L_00000284b6e21000, L_00000284b6dc22c8;
L_00000284b6dbe690 .cmp/eq 32, L_00000284b6dbe550, L_00000284b6dc2310;
L_00000284b6dbe050 .concat [ 4 28 0 0], L_00000284b6e21000, L_00000284b6dc2358;
L_00000284b6dbe190 .cmp/eq 32, L_00000284b6dbe050, L_00000284b6dc23a0;
L_00000284b6dbe730 .functor MUXZ 32, o00000284b6d60da8, L_00000284b6e19de0, L_00000284b6dbe190, C4<>;
L_00000284b6dbe2d0 .functor MUXZ 32, L_00000284b6dbe730, L_00000284b6d265e0, L_00000284b6dbe690, C4<>;
L_00000284b6dbe870 .functor MUXZ 32, L_00000284b6dbe2d0, L_00000284b6dbdfb0, L_00000284b6dbe0f0, C4<>;
L_00000284b6dbe910 .functor MUXZ 32, L_00000284b6dbe870, L_00000284b6dbdf10, L_00000284b6dbdd30, C4<>;
L_00000284b6dbed70 .cmp/eq 32, L_00000284b6dbe910, L_00000284b6dc23e8;
L_00000284b6dbe370 .functor MUXZ 1, L_00000284b6dc2478, L_00000284b6dc2430, L_00000284b6dbed70, C4<>;
L_00000284b6dbe9b0 .part L_00000284b6dbe910, 31, 1;
L_00000284b6dbeeb0 .concat [ 1 31 0 0], L_00000284b6dbe9b0, L_00000284b6dc24c0;
L_00000284b6dbd8d0 .cmp/eq 32, L_00000284b6dbeeb0, L_00000284b6dc2508;
L_00000284b6dbec30 .functor MUXZ 1, L_00000284b6dc2598, L_00000284b6dc2550, L_00000284b6dbd8d0, C4<>;
L_00000284b6dbef50 .concat [ 4 28 0 0], L_00000284b6e21000, L_00000284b6dc25e0;
L_00000284b6dbd970 .cmp/eq 32, L_00000284b6dbef50, L_00000284b6dc2628;
L_00000284b6dbda10 .cmp/gt.s 32, L_00000284b6d25850, L_00000284b6dc2670;
L_00000284b6e20a60 .cmp/gt.s 32, L_00000284b6dc26b8, L_00000284b6d25f50;
L_00000284b6e201a0 .cmp/ge.s 32, L_00000284b6dc2700, L_00000284b6d26030;
L_00000284b6e1f980 .cmp/gt.s 32, L_00000284b6dc2748, L_00000284b6d25850;
L_00000284b6e20100 .cmp/gt.s 32, L_00000284b6d25f50, L_00000284b6dc2790;
L_00000284b6e1eda0 .cmp/ge.s 32, L_00000284b6d26030, L_00000284b6dc27d8;
L_00000284b6e1fa20 .functor MUXZ 2, L_00000284b6dc2868, L_00000284b6dc2820, L_00000284b6e1a160, C4<>;
L_00000284b6e1f3e0 .cmp/gt.s 32, L_00000284b6dc28b0, L_00000284b6d25850;
L_00000284b6e20ce0 .cmp/gt.s 32, L_00000284b6dc28f8, L_00000284b6d25f50;
L_00000284b6e1ee40 .cmp/ge.s 32, L_00000284b6d26030, L_00000284b6dc2940;
L_00000284b6e1f660 .cmp/ge.s 32, L_00000284b6d25850, L_00000284b6dc2988;
L_00000284b6e20b00 .cmp/ge.s 32, L_00000284b6d25f50, L_00000284b6dc29d0;
L_00000284b6e1f200 .cmp/gt.s 32, L_00000284b6dc2a18, L_00000284b6d26030;
L_00000284b6e204c0 .functor MUXZ 2, L_00000284b6dc2aa8, L_00000284b6dc2a60, L_00000284b6e19980, C4<>;
L_00000284b6e20600 .functor MUXZ 2, L_00000284b6e204c0, L_00000284b6e1fa20, L_00000284b6dbd970, C4<>;
L_00000284b6e1f340 .part L_00000284b6e20600, 0, 1;
S_00000284b6cc99f0 .scope module, "ram" "ram" 2 36, 4 3 0, S_00000284b6cddd70;
 .timescale -9 -11;
    .port_info 0 /INPUT 1 "clock";
    .port_info 1 /INPUT 9 "addr";
    .port_info 2 /INPUT 1 "wr";
    .port_info 3 /INPUT 32 "wdata";
    .port_info 4 /INPUT 1 "rd";
    .port_info 5 /OUTPUT 32 "rdata";
v00000284b6db1790_0 .net "addr", 8 0, L_00000284b6e1fd40;  alias, 1 drivers
v00000284b6db0570_0 .net "clock", 0 0, v00000284b6dbb530_0;  alias, 1 drivers
v00000284b6db0f70 .array "ram", 0 255, 31 0;
v00000284b6db1330_0 .net "rd", 0 0, L_00000284b6e1f520;  alias, 1 drivers
v00000284b6db1f10_0 .var "rdata", 31 0;
v00000284b6db0110_0 .net "wdata", 31 0, v00000284b6dbb5d0_0;  alias, 1 drivers
v00000284b6db0a70_0 .net "wr", 0 0, v00000284b6dbc610_0;  alias, 1 drivers
E_00000284b6d44a50 .event posedge, v00000284b6db0570_0;
S_00000284b6cc9b80 .scope module, "regfile" "regfile" 2 44, 5 3 0, S_00000284b6cddd70;
 .timescale -9 -11;
    .port_info 0 /INPUT 4 "dstE";
    .port_info 1 /INPUT 32 "valE";
    .port_info 2 /INPUT 4 "dstM";
    .port_info 3 /INPUT 32 "valM";
    .port_info 4 /INPUT 4 "rA";
    .port_info 5 /INPUT 4 "rB";
    .port_info 6 /INPUT 1 "reset";
    .port_info 7 /INPUT 1 "clock";
    .port_info 8 /OUTPUT 32 "valA";
    .port_info 9 /OUTPUT 32 "valB";
    .port_info 10 /OUTPUT 32 "r0";
    .port_info 11 /OUTPUT 32 "r1";
    .port_info 12 /OUTPUT 32 "r2";
    .port_info 13 /OUTPUT 32 "r3";
    .port_info 14 /OUTPUT 32 "r4";
    .port_info 15 /OUTPUT 32 "r5";
    .port_info 16 /OUTPUT 32 "r6";
    .port_info 17 /OUTPUT 32 "r7";
v00000284b6db01b0_0 .net *"_ivl_0", 31 0, L_00000284b6dbb8f0;  1 drivers
L_00000284b6dc1e48 .functor BUFT 1, C4<0000000000000000000000000000>, C4<0>, C4<0>, C4<0>;
v00000284b6db13d0_0 .net *"_ivl_101", 27 0, L_00000284b6dc1e48;  1 drivers
L_00000284b6dc1e90 .functor BUFT 1, C4<00000000000000000000000000000010>, C4<0>, C4<0>, C4<0>;
v00000284b6db1290_0 .net/2u *"_ivl_102", 31 0, L_00000284b6dc1e90;  1 drivers
v00000284b6db1470_0 .net *"_ivl_104", 0 0, L_00000284b6dbc390;  1 drivers
v00000284b6db1650_0 .net *"_ivl_106", 31 0, L_00000284b6dbcd90;  1 drivers
L_00000284b6dc1ed8 .functor BUFT 1, C4<0000000000000000000000000000>, C4<0>, C4<0>, C4<0>;
v00000284b6db0d90_0 .net *"_ivl_109", 27 0, L_00000284b6dc1ed8;  1 drivers
L_00000284b6dc1938 .functor BUFT 1, C4<0000000000000000000000000000>, C4<0>, C4<0>, C4<0>;
v00000284b6db0390_0 .net *"_ivl_11", 27 0, L_00000284b6dc1938;  1 drivers
L_00000284b6dc1f20 .functor BUFT 1, C4<00000000000000000000000000000011>, C4<0>, C4<0>, C4<0>;
v00000284b6db1a10_0 .net/2u *"_ivl_110", 31 0, L_00000284b6dc1f20;  1 drivers
v00000284b6db1150_0 .net *"_ivl_112", 0 0, L_00000284b6dbce30;  1 drivers
v00000284b6db0c50_0 .net *"_ivl_114", 31 0, L_00000284b6dbd150;  1 drivers
L_00000284b6dc1f68 .functor BUFT 1, C4<0000000000000000000000000000>, C4<0>, C4<0>, C4<0>;
v00000284b6db1830_0 .net *"_ivl_117", 27 0, L_00000284b6dc1f68;  1 drivers
L_00000284b6dc1fb0 .functor BUFT 1, C4<00000000000000000000000000000100>, C4<0>, C4<0>, C4<0>;
v00000284b6db0bb0_0 .net/2u *"_ivl_118", 31 0, L_00000284b6dc1fb0;  1 drivers
L_00000284b6dc1980 .functor BUFT 1, C4<00000000000000000000000000000001>, C4<0>, C4<0>, C4<0>;
v00000284b6db1bf0_0 .net/2u *"_ivl_12", 31 0, L_00000284b6dc1980;  1 drivers
v00000284b6db18d0_0 .net *"_ivl_120", 0 0, L_00000284b6dbb210;  1 drivers
v00000284b6db0070_0 .net *"_ivl_122", 31 0, L_00000284b6dbb2b0;  1 drivers
L_00000284b6dc1ff8 .functor BUFT 1, C4<0000000000000000000000000000>, C4<0>, C4<0>, C4<0>;
v00000284b6db1dd0_0 .net *"_ivl_125", 27 0, L_00000284b6dc1ff8;  1 drivers
L_00000284b6dc2040 .functor BUFT 1, C4<00000000000000000000000000000101>, C4<0>, C4<0>, C4<0>;
v00000284b6db15b0_0 .net/2u *"_ivl_126", 31 0, L_00000284b6dc2040;  1 drivers
v00000284b6db1970_0 .net *"_ivl_128", 0 0, L_00000284b6dbecd0;  1 drivers
v00000284b6db1510_0 .net *"_ivl_130", 31 0, L_00000284b6dbeaf0;  1 drivers
L_00000284b6dc2088 .functor BUFT 1, C4<0000000000000000000000000000>, C4<0>, C4<0>, C4<0>;
v00000284b6db16f0_0 .net *"_ivl_133", 27 0, L_00000284b6dc2088;  1 drivers
L_00000284b6dc20d0 .functor BUFT 1, C4<00000000000000000000000000000110>, C4<0>, C4<0>, C4<0>;
v00000284b6db1ab0_0 .net/2u *"_ivl_134", 31 0, L_00000284b6dc20d0;  1 drivers
v00000284b6db0cf0_0 .net *"_ivl_136", 0 0, L_00000284b6dbe5f0;  1 drivers
v00000284b6db1b50_0 .net *"_ivl_138", 31 0, L_00000284b6dbe7d0;  1 drivers
v00000284b6db0e30_0 .net *"_ivl_14", 0 0, L_00000284b6dbb990;  1 drivers
L_00000284b6dc2118 .functor BUFT 1, C4<0000000000000000000000000000>, C4<0>, C4<0>, C4<0>;
v00000284b6db0750_0 .net *"_ivl_141", 27 0, L_00000284b6dc2118;  1 drivers
L_00000284b6dc2160 .functor BUFT 1, C4<00000000000000000000000000000111>, C4<0>, C4<0>, C4<0>;
v00000284b6db06b0_0 .net/2u *"_ivl_142", 31 0, L_00000284b6dc2160;  1 drivers
v00000284b6db0250_0 .net *"_ivl_144", 0 0, L_00000284b6dbe230;  1 drivers
o00000284b6d61a98 .functor BUFZ 32, C4<zzzzzzzzzzzzzzzzzzzzzzzzzzzzzzzz>; HiZ drive
; Elide local net with no drivers, v00000284b6db02f0_0 name=_ivl_146
v00000284b6db0930_0 .net *"_ivl_148", 31 0, L_00000284b6dbde70;  1 drivers
v00000284b6db1c90_0 .net *"_ivl_150", 31 0, L_00000284b6dbdc90;  1 drivers
v00000284b6db0ed0_0 .net *"_ivl_152", 31 0, L_00000284b6dbea50;  1 drivers
v00000284b6db0610_0 .net *"_ivl_154", 31 0, L_00000284b6dbdab0;  1 drivers
v00000284b6db0890_0 .net *"_ivl_156", 31 0, L_00000284b6dbee10;  1 drivers
v00000284b6db3a20_0 .net *"_ivl_158", 31 0, L_00000284b6dbe410;  1 drivers
v00000284b6db3200_0 .net *"_ivl_16", 31 0, L_00000284b6dbcb10;  1 drivers
v00000284b6db2e40_0 .net *"_ivl_160", 31 0, L_00000284b6dbddd0;  1 drivers
L_00000284b6dc19c8 .functor BUFT 1, C4<0000000000000000000000000000>, C4<0>, C4<0>, C4<0>;
v00000284b6db2c60_0 .net *"_ivl_19", 27 0, L_00000284b6dc19c8;  1 drivers
L_00000284b6dc1a10 .functor BUFT 1, C4<00000000000000000000000000000010>, C4<0>, C4<0>, C4<0>;
v00000284b6db2b20_0 .net/2u *"_ivl_20", 31 0, L_00000284b6dc1a10;  1 drivers
v00000284b6db3ac0_0 .net *"_ivl_22", 0 0, L_00000284b6dbcc50;  1 drivers
v00000284b6db3840_0 .net *"_ivl_24", 31 0, L_00000284b6dbcf70;  1 drivers
L_00000284b6dc1a58 .functor BUFT 1, C4<0000000000000000000000000000>, C4<0>, C4<0>, C4<0>;
v00000284b6db3340_0 .net *"_ivl_27", 27 0, L_00000284b6dc1a58;  1 drivers
L_00000284b6dc1aa0 .functor BUFT 1, C4<00000000000000000000000000000011>, C4<0>, C4<0>, C4<0>;
v00000284b6db3020_0 .net/2u *"_ivl_28", 31 0, L_00000284b6dc1aa0;  1 drivers
L_00000284b6dc18a8 .functor BUFT 1, C4<0000000000000000000000000000>, C4<0>, C4<0>, C4<0>;
v00000284b6db21c0_0 .net *"_ivl_3", 27 0, L_00000284b6dc18a8;  1 drivers
v00000284b6db2f80_0 .net *"_ivl_30", 0 0, L_00000284b6dbd5b0;  1 drivers
v00000284b6db3b60_0 .net *"_ivl_32", 31 0, L_00000284b6dbbb70;  1 drivers
L_00000284b6dc1ae8 .functor BUFT 1, C4<0000000000000000000000000000>, C4<0>, C4<0>, C4<0>;
v00000284b6db33e0_0 .net *"_ivl_35", 27 0, L_00000284b6dc1ae8;  1 drivers
L_00000284b6dc1b30 .functor BUFT 1, C4<00000000000000000000000000000100>, C4<0>, C4<0>, C4<0>;
v00000284b6db23a0_0 .net/2u *"_ivl_36", 31 0, L_00000284b6dc1b30;  1 drivers
v00000284b6db26c0_0 .net *"_ivl_38", 0 0, L_00000284b6dbb670;  1 drivers
L_00000284b6dc18f0 .functor BUFT 1, C4<00000000000000000000000000000000>, C4<0>, C4<0>, C4<0>;
v00000284b6db3520_0 .net/2u *"_ivl_4", 31 0, L_00000284b6dc18f0;  1 drivers
v00000284b6db2ee0_0 .net *"_ivl_40", 31 0, L_00000284b6dbd650;  1 drivers
L_00000284b6dc1b78 .functor BUFT 1, C4<0000000000000000000000000000>, C4<0>, C4<0>, C4<0>;
v00000284b6db3ca0_0 .net *"_ivl_43", 27 0, L_00000284b6dc1b78;  1 drivers
L_00000284b6dc1bc0 .functor BUFT 1, C4<00000000000000000000000000000101>, C4<0>, C4<0>, C4<0>;
v00000284b6db3de0_0 .net/2u *"_ivl_44", 31 0, L_00000284b6dc1bc0;  1 drivers
v00000284b6db30c0_0 .net *"_ivl_46", 0 0, L_00000284b6dbbc10;  1 drivers
v00000284b6db2580_0 .net *"_ivl_48", 31 0, L_00000284b6dbb0d0;  1 drivers
L_00000284b6dc1c08 .functor BUFT 1, C4<0000000000000000000000000000>, C4<0>, C4<0>, C4<0>;
v00000284b6db3660_0 .net *"_ivl_51", 27 0, L_00000284b6dc1c08;  1 drivers
L_00000284b6dc1c50 .functor BUFT 1, C4<00000000000000000000000000000110>, C4<0>, C4<0>, C4<0>;
v00000284b6db3c00_0 .net/2u *"_ivl_52", 31 0, L_00000284b6dc1c50;  1 drivers
v00000284b6db2760_0 .net *"_ivl_54", 0 0, L_00000284b6dbbcb0;  1 drivers
v00000284b6db2260_0 .net *"_ivl_56", 31 0, L_00000284b6dbbd50;  1 drivers
L_00000284b6dc1c98 .functor BUFT 1, C4<0000000000000000000000000000>, C4<0>, C4<0>, C4<0>;
v00000284b6db3160_0 .net *"_ivl_59", 27 0, L_00000284b6dc1c98;  1 drivers
v00000284b6db3e80_0 .net *"_ivl_6", 0 0, L_00000284b6dbc6b0;  1 drivers
L_00000284b6dc1ce0 .functor BUFT 1, C4<00000000000000000000000000000111>, C4<0>, C4<0>, C4<0>;
v00000284b6db38e0_0 .net/2u *"_ivl_60", 31 0, L_00000284b6dc1ce0;  1 drivers
v00000284b6db29e0_0 .net *"_ivl_62", 0 0, L_00000284b6dbccf0;  1 drivers
o00000284b6d62128 .functor BUFZ 32, C4<zzzzzzzzzzzzzzzzzzzzzzzzzzzzzzzz>; HiZ drive
; Elide local net with no drivers, v00000284b6db2300_0 name=_ivl_64
v00000284b6db2800_0 .net *"_ivl_66", 31 0, L_00000284b6dbbdf0;  1 drivers
v00000284b6db2440_0 .net *"_ivl_68", 31 0, L_00000284b6dbbe90;  1 drivers
v00000284b6db3480_0 .net *"_ivl_70", 31 0, L_00000284b6dbb490;  1 drivers
v00000284b6db24e0_0 .net *"_ivl_72", 31 0, L_00000284b6dbbfd0;  1 drivers
v00000284b6db32a0_0 .net *"_ivl_74", 31 0, L_00000284b6dbced0;  1 drivers
v00000284b6db2620_0 .net *"_ivl_76", 31 0, L_00000284b6dbd0b0;  1 drivers
v00000284b6db28a0_0 .net *"_ivl_78", 31 0, L_00000284b6dbd6f0;  1 drivers
v00000284b6db2940_0 .net *"_ivl_8", 31 0, L_00000284b6dbca70;  1 drivers
v00000284b6db35c0_0 .net *"_ivl_82", 31 0, L_00000284b6dbbf30;  1 drivers
L_00000284b6dc1d28 .functor BUFT 1, C4<0000000000000000000000000000>, C4<0>, C4<0>, C4<0>;
v00000284b6db2d00_0 .net *"_ivl_85", 27 0, L_00000284b6dc1d28;  1 drivers
L_00000284b6dc1d70 .functor BUFT 1, C4<00000000000000000000000000000000>, C4<0>, C4<0>, C4<0>;
v00000284b6db2bc0_0 .net/2u *"_ivl_86", 31 0, L_00000284b6dc1d70;  1 drivers
v00000284b6db2da0_0 .net *"_ivl_88", 0 0, L_00000284b6dbc070;  1 drivers
v00000284b6db3d40_0 .net *"_ivl_90", 31 0, L_00000284b6dbd1f0;  1 drivers
L_00000284b6dc1db8 .functor BUFT 1, C4<0000000000000000000000000000>, C4<0>, C4<0>, C4<0>;
v00000284b6db2a80_0 .net *"_ivl_93", 27 0, L_00000284b6dc1db8;  1 drivers
L_00000284b6dc1e00 .functor BUFT 1, C4<00000000000000000000000000000001>, C4<0>, C4<0>, C4<0>;
v00000284b6db3f20_0 .net/2u *"_ivl_94", 31 0, L_00000284b6dc1e00;  1 drivers
v00000284b6db3700_0 .net *"_ivl_96", 0 0, L_00000284b6dbc1b0;  1 drivers
v00000284b6db37a0_0 .net *"_ivl_98", 31 0, L_00000284b6dbc250;  1 drivers
v00000284b6db3980_0 .net "clock", 0 0, v00000284b6dbb530_0;  alias, 1 drivers
v00000284b6db2080_0 .net "dstE", 3 0, v00000284b6dbd830_0;  1 drivers
v00000284b6db2120_0 .net "dstM", 3 0, v00000284b6dbd470_0;  1 drivers
v00000284b6db5a30_0 .net "r0", 31 0, v00000284b6db50d0_0;  alias, 1 drivers
v00000284b6db46d0_0 .net "r1", 31 0, v00000284b6db5670_0;  alias, 1 drivers
v00000284b6db49f0_0 .net "r2", 31 0, v00000284b6db5f30_0;  alias, 1 drivers
v00000284b6db5210_0 .net "r3", 31 0, v00000284b6db4810_0;  alias, 1 drivers
v00000284b6db5530_0 .net "r4", 31 0, v00000284b6db5c10_0;  alias, 1 drivers
v00000284b6db5490_0 .net "r5", 31 0, v00000284b6db4130_0;  alias, 1 drivers
v00000284b6db52b0_0 .net "r6", 31 0, v00000284b6db4b30_0;  alias, 1 drivers
v00000284b6db5170_0 .net "r7", 31 0, v00000284b6db58f0_0;  alias, 1 drivers
v00000284b6db4770_0 .net "rA", 3 0, v00000284b6dba900_0;  1 drivers
v00000284b6db44f0_0 .net "rB", 3 0, v00000284b6dba720_0;  1 drivers
v00000284b6db50d0_0 .var "r_r0", 31 0;
v00000284b6db5670_0 .var "r_r1", 31 0;
v00000284b6db5f30_0 .var "r_r2", 31 0;
v00000284b6db4810_0 .var "r_r3", 31 0;
v00000284b6db5c10_0 .var "r_r4", 31 0;
v00000284b6db4130_0 .var "r_r5", 31 0;
v00000284b6db4b30_0 .var "r_r6", 31 0;
v00000284b6db58f0_0 .var "r_r7", 31 0;
v00000284b6db53f0_0 .net "reset", 0 0, v00000284b6dbad60_0;  1 drivers
v00000284b6db5990_0 .net "valA", 31 0, L_00000284b6dbb170;  alias, 1 drivers
v00000284b6db4310_0 .net "valB", 31 0, L_00000284b6dbe4b0;  alias, 1 drivers
v00000284b6db55d0_0 .net "valE", 31 0, v00000284b6dbc9d0_0;  1 drivers
v00000284b6db5710_0 .net "valM", 31 0, v00000284b6dbd330_0;  1 drivers
E_00000284b6d42810/0 .event negedge, v00000284b6db53f0_0;
E_00000284b6d42810/1 .event posedge, v00000284b6db0570_0;
E_00000284b6d42810 .event/or E_00000284b6d42810/0, E_00000284b6d42810/1;
L_00000284b6dbb8f0 .concat [ 4 28 0 0], v00000284b6dba900_0, L_00000284b6dc18a8;
L_00000284b6dbc6b0 .cmp/eq 32, L_00000284b6dbb8f0, L_00000284b6dc18f0;
L_00000284b6dbca70 .concat [ 4 28 0 0], v00000284b6dba900_0, L_00000284b6dc1938;
L_00000284b6dbb990 .cmp/eq 32, L_00000284b6dbca70, L_00000284b6dc1980;
L_00000284b6dbcb10 .concat [ 4 28 0 0], v00000284b6dba900_0, L_00000284b6dc19c8;
L_00000284b6dbcc50 .cmp/eq 32, L_00000284b6dbcb10, L_00000284b6dc1a10;
L_00000284b6dbcf70 .concat [ 4 28 0 0], v00000284b6dba900_0, L_00000284b6dc1a58;
L_00000284b6dbd5b0 .cmp/eq 32, L_00000284b6dbcf70, L_00000284b6dc1aa0;
L_00000284b6dbbb70 .concat [ 4 28 0 0], v00000284b6dba900_0, L_00000284b6dc1ae8;
L_00000284b6dbb670 .cmp/eq 32, L_00000284b6dbbb70, L_00000284b6dc1b30;
L_00000284b6dbd650 .concat [ 4 28 0 0], v00000284b6dba900_0, L_00000284b6dc1b78;
L_00000284b6dbbc10 .cmp/eq 32, L_00000284b6dbd650, L_00000284b6dc1bc0;
L_00000284b6dbb0d0 .concat [ 4 28 0 0], v00000284b6dba900_0, L_00000284b6dc1c08;
L_00000284b6dbbcb0 .cmp/eq 32, L_00000284b6dbb0d0, L_00000284b6dc1c50;
L_00000284b6dbbd50 .concat [ 4 28 0 0], v00000284b6dba900_0, L_00000284b6dc1c98;
L_00000284b6dbccf0 .cmp/eq 32, L_00000284b6dbbd50, L_00000284b6dc1ce0;
L_00000284b6dbbdf0 .functor MUXZ 32, o00000284b6d62128, v00000284b6db58f0_0, L_00000284b6dbccf0, C4<>;
L_00000284b6dbbe90 .functor MUXZ 32, L_00000284b6dbbdf0, v00000284b6db4b30_0, L_00000284b6dbbcb0, C4<>;
L_00000284b6dbb490 .functor MUXZ 32, L_00000284b6dbbe90, v00000284b6db4130_0, L_00000284b6dbbc10, C4<>;
L_00000284b6dbbfd0 .functor MUXZ 32, L_00000284b6dbb490, v00000284b6db5c10_0, L_00000284b6dbb670, C4<>;
L_00000284b6dbced0 .functor MUXZ 32, L_00000284b6dbbfd0, v00000284b6db4810_0, L_00000284b6dbd5b0, C4<>;
L_00000284b6dbd0b0 .functor MUXZ 32, L_00000284b6dbced0, v00000284b6db5f30_0, L_00000284b6dbcc50, C4<>;
L_00000284b6dbd6f0 .functor MUXZ 32, L_00000284b6dbd0b0, v00000284b6db5670_0, L_00000284b6dbb990, C4<>;
L_00000284b6dbb170 .functor MUXZ 32, L_00000284b6dbd6f0, v00000284b6db50d0_0, L_00000284b6dbc6b0, C4<>;
L_00000284b6dbbf30 .concat [ 4 28 0 0], v00000284b6dba720_0, L_00000284b6dc1d28;
L_00000284b6dbc070 .cmp/eq 32, L_00000284b6dbbf30, L_00000284b6dc1d70;
L_00000284b6dbd1f0 .concat [ 4 28 0 0], v00000284b6dba720_0, L_00000284b6dc1db8;
L_00000284b6dbc1b0 .cmp/eq 32, L_00000284b6dbd1f0, L_00000284b6dc1e00;
L_00000284b6dbc250 .concat [ 4 28 0 0], v00000284b6dba720_0, L_00000284b6dc1e48;
L_00000284b6dbc390 .cmp/eq 32, L_00000284b6dbc250, L_00000284b6dc1e90;
L_00000284b6dbcd90 .concat [ 4 28 0 0], v00000284b6dba720_0, L_00000284b6dc1ed8;
L_00000284b6dbce30 .cmp/eq 32, L_00000284b6dbcd90, L_00000284b6dc1f20;
L_00000284b6dbd150 .concat [ 4 28 0 0], v00000284b6dba720_0, L_00000284b6dc1f68;
L_00000284b6dbb210 .cmp/eq 32, L_00000284b6dbd150, L_00000284b6dc1fb0;
L_00000284b6dbb2b0 .concat [ 4 28 0 0], v00000284b6dba720_0, L_00000284b6dc1ff8;
L_00000284b6dbecd0 .cmp/eq 32, L_00000284b6dbb2b0, L_00000284b6dc2040;
L_00000284b6dbeaf0 .concat [ 4 28 0 0], v00000284b6dba720_0, L_00000284b6dc2088;
L_00000284b6dbe5f0 .cmp/eq 32, L_00000284b6dbeaf0, L_00000284b6dc20d0;
L_00000284b6dbe7d0 .concat [ 4 28 0 0], v00000284b6dba720_0, L_00000284b6dc2118;
L_00000284b6dbe230 .cmp/eq 32, L_00000284b6dbe7d0, L_00000284b6dc2160;
L_00000284b6dbde70 .functor MUXZ 32, o00000284b6d61a98, v00000284b6db58f0_0, L_00000284b6dbe230, C4<>;
L_00000284b6dbdc90 .functor MUXZ 32, L_00000284b6dbde70, v00000284b6db4b30_0, L_00000284b6dbe5f0, C4<>;
L_00000284b6dbea50 .functor MUXZ 32, L_00000284b6dbdc90, v00000284b6db4130_0, L_00000284b6dbecd0, C4<>;
L_00000284b6dbdab0 .functor MUXZ 32, L_00000284b6dbea50, v00000284b6db5c10_0, L_00000284b6dbb210, C4<>;
L_00000284b6dbee10 .functor MUXZ 32, L_00000284b6dbdab0, v00000284b6db4810_0, L_00000284b6dbce30, C4<>;
L_00000284b6dbe410 .functor MUXZ 32, L_00000284b6dbee10, v00000284b6db5f30_0, L_00000284b6dbc390, C4<>;
L_00000284b6dbddd0 .functor MUXZ 32, L_00000284b6dbe410, v00000284b6db5670_0, L_00000284b6dbc1b0, C4<>;
L_00000284b6dbe4b0 .functor MUXZ 32, L_00000284b6dbddd0, v00000284b6db50d0_0, L_00000284b6dbc070, C4<>;
    .scope S_00000284b6cc99f0;
T_0 ;
    %pushi/vec4 0, 4294967295, 32;
    %store/vec4 v00000284b6db1f10_0, 0, 32;
    %end;
    .thread T_0;
    .scope S_00000284b6cc99f0;
T_1 ;
    %wait E_00000284b6d44a50;
    %load/vec4 v00000284b6db0a70_0;
    %flag_set/vec4 8;
    %jmp/0xz  T_1.0, 8;
    %load/vec4 v00000284b6db0110_0;
    %load/vec4 v00000284b6db1790_0;
    %pad/u 10;
    %ix/vec4 3;
    %ix/load 4, 0, 0; Constant delay
    %assign/vec4/a/d v00000284b6db0f70, 0, 4;
T_1.0 ;
    %load/vec4 v00000284b6db1330_0;
    %flag_set/vec4 8;
    %jmp/0xz  T_1.2, 8;
    %load/vec4 v00000284b6db1790_0;
    %pad/u 10;
    %ix/vec4 4;
    %load/vec4a v00000284b6db0f70, 4;
    %assign/vec4 v00000284b6db1f10_0, 0;
    %jmp T_1.3;
T_1.2 ;
    %pushi/vec4 0, 4294967295, 32;
    %assign/vec4 v00000284b6db1f10_0, 0;
T_1.3 ;
    %jmp T_1;
    .thread T_1;
    .scope S_00000284b6cc9b80;
T_2 ;
    %wait E_00000284b6d42810;
    %load/vec4 v00000284b6db53f0_0;
    %flag_set/vec4 8;
    %jmp/0xz  T_2.0, 8;
    %pushi/vec4 0, 0, 32;
    %assign/vec4 v00000284b6db50d0_0, 0;
    %pushi/vec4 0, 0, 32;
    %assign/vec4 v00000284b6db5670_0, 0;
    %pushi/vec4 0, 0, 32;
    %assign/vec4 v00000284b6db5f30_0, 0;
    %pushi/vec4 0, 0, 32;
    %assign/vec4 v00000284b6db4810_0, 0;
    %pushi/vec4 0, 0, 32;
    %assign/vec4 v00000284b6db5c10_0, 0;
    %pushi/vec4 0, 0, 32;
    %assign/vec4 v00000284b6db4130_0, 0;
    %pushi/vec4 0, 0, 32;
    %assign/vec4 v00000284b6db4b30_0, 0;
    %pushi/vec4 0, 0, 32;
    %assign/vec4 v00000284b6db58f0_0, 0;
    %jmp T_2.1;
T_2.0 ;
    %load/vec4 v00000284b6db2080_0;
    %dup/vec4;
    %pushi/vec4 0, 0, 4;
    %cmp/u;
    %jmp/1 T_2.2, 6;
    %dup/vec4;
    %pushi/vec4 1, 0, 4;
    %cmp/u;
    %jmp/1 T_2.3, 6;
    %dup/vec4;
    %pushi/vec4 2, 0, 4;
    %cmp/u;
    %jmp/1 T_2.4, 6;
    %dup/vec4;
    %pushi/vec4 3, 0, 4;
    %cmp/u;
    %jmp/1 T_2.5, 6;
    %dup/vec4;
    %pushi/vec4 4, 0, 4;
    %cmp/u;
    %jmp/1 T_2.6, 6;
    %dup/vec4;
    %pushi/vec4 5, 0, 4;
    %cmp/u;
    %jmp/1 T_2.7, 6;
    %dup/vec4;
    %pushi/vec4 6, 0, 4;
    %cmp/u;
    %jmp/1 T_2.8, 6;
    %dup/vec4;
    %pushi/vec4 7, 0, 4;
    %cmp/u;
    %jmp/1 T_2.9, 6;
    %jmp T_2.10;
T_2.2 ;
    %load/vec4 v00000284b6db55d0_0;
    %assign/vec4 v00000284b6db50d0_0, 0;
    %jmp T_2.10;
T_2.3 ;
    %load/vec4 v00000284b6db55d0_0;
    %assign/vec4 v00000284b6db5670_0, 0;
    %jmp T_2.10;
T_2.4 ;
    %load/vec4 v00000284b6db55d0_0;
    %assign/vec4 v00000284b6db5f30_0, 0;
    %jmp T_2.10;
T_2.5 ;
    %load/vec4 v00000284b6db55d0_0;
    %assign/vec4 v00000284b6db4810_0, 0;
    %jmp T_2.10;
T_2.6 ;
    %load/vec4 v00000284b6db55d0_0;
    %assign/vec4 v00000284b6db5c10_0, 0;
    %jmp T_2.10;
T_2.7 ;
    %load/vec4 v00000284b6db55d0_0;
    %assign/vec4 v00000284b6db4130_0, 0;
    %jmp T_2.10;
T_2.8 ;
    %load/vec4 v00000284b6db55d0_0;
    %assign/vec4 v00000284b6db4b30_0, 0;
    %jmp T_2.10;
T_2.9 ;
    %load/vec4 v00000284b6db55d0_0;
    %assign/vec4 v00000284b6db58f0_0, 0;
    %jmp T_2.10;
T_2.10 ;
    %pop/vec4 1;
    %load/vec4 v00000284b6db2120_0;
    %dup/vec4;
    %pushi/vec4 0, 0, 4;
    %cmp/u;
    %jmp/1 T_2.11, 6;
    %dup/vec4;
    %pushi/vec4 1, 0, 4;
    %cmp/u;
    %jmp/1 T_2.12, 6;
    %dup/vec4;
    %pushi/vec4 2, 0, 4;
    %cmp/u;
    %jmp/1 T_2.13, 6;
    %dup/vec4;
    %pushi/vec4 3, 0, 4;
    %cmp/u;
    %jmp/1 T_2.14, 6;
    %dup/vec4;
    %pushi/vec4 4, 0, 4;
    %cmp/u;
    %jmp/1 T_2.15, 6;
    %dup/vec4;
    %pushi/vec4 5, 0, 4;
    %cmp/u;
    %jmp/1 T_2.16, 6;
    %dup/vec4;
    %pushi/vec4 6, 0, 4;
    %cmp/u;
    %jmp/1 T_2.17, 6;
    %dup/vec4;
    %pushi/vec4 7, 0, 4;
    %cmp/u;
    %jmp/1 T_2.18, 6;
    %jmp T_2.19;
T_2.11 ;
    %load/vec4 v00000284b6db5710_0;
    %assign/vec4 v00000284b6db50d0_0, 0;
    %jmp T_2.19;
T_2.12 ;
    %load/vec4 v00000284b6db5710_0;
    %assign/vec4 v00000284b6db5670_0, 0;
    %jmp T_2.19;
T_2.13 ;
    %load/vec4 v00000284b6db5710_0;
    %assign/vec4 v00000284b6db5f30_0, 0;
    %jmp T_2.19;
T_2.14 ;
    %load/vec4 v00000284b6db5710_0;
    %assign/vec4 v00000284b6db4810_0, 0;
    %jmp T_2.19;
T_2.15 ;
    %load/vec4 v00000284b6db5710_0;
    %assign/vec4 v00000284b6db5c10_0, 0;
    %jmp T_2.19;
T_2.16 ;
    %load/vec4 v00000284b6db5710_0;
    %assign/vec4 v00000284b6db4130_0, 0;
    %jmp T_2.19;
T_2.17 ;
    %load/vec4 v00000284b6db5710_0;
    %assign/vec4 v00000284b6db4b30_0, 0;
    %jmp T_2.19;
T_2.18 ;
    %load/vec4 v00000284b6db5710_0;
    %assign/vec4 v00000284b6db58f0_0, 0;
    %jmp T_2.19;
T_2.19 ;
    %pop/vec4 1;
T_2.1 ;
    %jmp T_2;
    .thread T_2;
    .scope S_00000284b6cddd70;
T_3 ;
    %pushi/vec4 0, 0, 9;
    %store/vec4 v00000284b6db4d10_0, 0, 9;
    %pushi/vec4 0, 15, 4;
    %store/vec4 v00000284b6db9fa0_0, 0, 4;
    %pushi/vec4 0, 15, 4;
    %store/vec4 v00000284b6dba5e0_0, 0, 4;
    %pushi/vec4 0, 15, 4;
    %store/vec4 v00000284b6dba900_0, 0, 4;
    %pushi/vec4 0, 15, 4;
    %store/vec4 v00000284b6dba720_0, 0, 4;
    %pushi/vec4 0, 65535, 16;
    %store/vec4 v00000284b6dbaa40_0, 0, 16;
    %pushi/vec4 0, 15, 4;
    %store/vec4 v00000284b6db5350_0, 0, 4;
    %pushi/vec4 0, 15, 4;
    %store/vec4 v00000284b6db4590_0, 0, 4;
    %pushi/vec4 0, 15, 4;
    %store/vec4 v00000284b6db4f90_0, 0, 4;
    %pushi/vec4 0, 15, 4;
    %store/vec4 v00000284b6db4a90_0, 0, 4;
    %pushi/vec4 0, 4294967295, 32;
    %store/vec4 v00000284b6db4270_0, 0, 32;
    %pushi/vec4 0, 4294967295, 32;
    %store/vec4 v00000284b6db5030_0, 0, 32;
    %pushi/vec4 0, 65535, 16;
    %store/vec4 v00000284b6db5df0_0, 0, 16;
    %pushi/vec4 0, 1, 1;
    %store/vec4 v00000284b6db5cb0_0, 0, 1;
    %pushi/vec4 0, 15, 4;
    %store/vec4 v00000284b6db43b0_0, 0, 4;
    %pushi/vec4 0, 4294967295, 32;
    %store/vec4 v00000284b6db4c70_0, 0, 32;
    %pushi/vec4 0, 15, 4;
    %store/vec4 v00000284b6db48b0_0, 0, 4;
    %pushi/vec4 0, 4294967295, 32;
    %store/vec4 v00000284b6db4bd0_0, 0, 32;
    %pushi/vec4 0, 1, 1;
    %store/vec4 v00000284b6db4950_0, 0, 1;
    %pushi/vec4 0, 15, 4;
    %store/vec4 v00000284b6dbd470_0, 0, 4;
    %pushi/vec4 0, 4294967295, 32;
    %store/vec4 v00000284b6dbd330_0, 0, 32;
    %pushi/vec4 0, 15, 4;
    %store/vec4 v00000284b6dbd830_0, 0, 4;
    %pushi/vec4 0, 4294967295, 32;
    %store/vec4 v00000284b6dbc9d0_0, 0, 32;
    %end;
    .thread T_3;
    .scope S_00000284b6cddd70;
T_4 ;
    %wait E_00000284b6d44a50;
    %load/vec4 v00000284b6dbc2f0_0;
    %flag_set/vec4 8;
    %jmp/0xz  T_4.0, 8;
    %load/vec4 v00000284b6db4d10_0;
    %addi 1, 0, 9;
    %assign/vec4 v00000284b6db4d10_0, 0;
T_4.0 ;
    %jmp T_4;
    .thread T_4;
    .scope S_00000284b6cddd70;
T_5 ;
    %wait E_00000284b6d44a50;
    %load/vec4 v00000284b6dbc2f0_0;
    %flag_set/vec4 8;
    %jmp/0xz  T_5.0, 8;
    %load/vec4 v00000284b6db57b0_0;
    %parti/s 4, 28, 6;
    %assign/vec4 v00000284b6db9fa0_0, 0;
    %load/vec4 v00000284b6db57b0_0;
    %parti/s 4, 24, 6;
    %assign/vec4 v00000284b6dba5e0_0, 0;
    %load/vec4 v00000284b6db57b0_0;
    %parti/s 4, 20, 6;
    %assign/vec4 v00000284b6dba900_0, 0;
    %load/vec4 v00000284b6db57b0_0;
    %parti/s 4, 16, 6;
    %assign/vec4 v00000284b6dba720_0, 0;
    %load/vec4 v00000284b6db57b0_0;
    %parti/s 16, 0, 2;
    %assign/vec4 v00000284b6dbaa40_0, 0;
    %load/vec4 v00000284b6dbacc0_0;
    %flag_set/vec4 8;
    %jmp/0xz  T_5.2, 8;
    %pushi/vec4 0, 255, 8;
    %split/vec4 4;
    %assign/vec4 v00000284b6db4590_0, 0;
    %assign/vec4 v00000284b6db5350_0, 0;
    %pushi/vec4 0, 15, 4;
    %assign/vec4 v00000284b6db4f90_0, 0;
    %pushi/vec4 0, 15, 4;
    %assign/vec4 v00000284b6db4a90_0, 0;
    %pushi/vec4 0, 65535, 16;
    %assign/vec4 v00000284b6db5df0_0, 0;
    %pushi/vec4 0, 4294967295, 32;
    %assign/vec4 v00000284b6db4270_0, 0;
    %pushi/vec4 0, 4294967295, 32;
    %assign/vec4 v00000284b6db5030_0, 0;
    %load/vec4 v00000284b6dbacc0_0;
    %assign/vec4 v00000284b6db5cb0_0, 0;
    %jmp T_5.3;
T_5.2 ;
    %load/vec4 v00000284b6db9fa0_0;
    %load/vec4 v00000284b6dba5e0_0;
    %concat/vec4; draw_concat_vec4
    %cmpi/e 18, 0, 8;
    %jmp/0xz  T_5.4, 4;
    %pushi/vec4 34, 0, 8;
    %split/vec4 4;
    %assign/vec4 v00000284b6db4590_0, 0;
    %assign/vec4 v00000284b6db5350_0, 0;
    %jmp T_5.5;
T_5.4 ;
    %load/vec4 v00000284b6db9fa0_0;
    %assign/vec4 v00000284b6db5350_0, 0;
    %load/vec4 v00000284b6dba5e0_0;
    %assign/vec4 v00000284b6db4590_0, 0;
T_5.5 ;
    %load/vec4 v00000284b6dba900_0;
    %assign/vec4 v00000284b6db4f90_0, 0;
    %load/vec4 v00000284b6dba720_0;
    %assign/vec4 v00000284b6db4a90_0, 0;
    %load/vec4 v00000284b6dba680_0;
    %assign/vec4 v00000284b6db4270_0, 0;
    %load/vec4 v00000284b6db9d20_0;
    %assign/vec4 v00000284b6db5030_0, 0;
    %load/vec4 v00000284b6dbaa40_0;
    %assign/vec4 v00000284b6db5df0_0, 0;
    %load/vec4 v00000284b6dbacc0_0;
    %assign/vec4 v00000284b6db5cb0_0, 0;
T_5.3 ;
T_5.0 ;
    %jmp T_5;
    .thread T_5;
    .scope S_00000284b6cddd70;
T_6 ;
    %pushi/vec4 1, 0, 1;
    %assign/vec4 v00000284b6dbad60_0, 0;
    %delay 2000, 0;
    %pushi/vec4 0, 0, 1;
    %assign/vec4 v00000284b6dbad60_0, 0;
    %end;
    .thread T_6;
    .scope S_00000284b6cddd70;
T_7 ;
    %wait E_00000284b6d44a50;
    %load/vec4 v00000284b6db5350_0;
    %load/vec4 v00000284b6db4590_0;
    %concat/vec4; draw_concat_vec4
    %cmpi/e 16, 0, 8;
    %jmp/0xz  T_7.0, 4;
    %load/vec4 v00000284b6db4a90_0;
    %assign/vec4 v00000284b6db43b0_0, 0;
    %load/vec4 v00000284b6db5df0_0;
    %pad/u 32;
    %assign/vec4 v00000284b6db4c70_0, 0;
    %jmp T_7.1;
T_7.0 ;
    %pushi/vec4 15, 0, 4;
    %assign/vec4 v00000284b6db43b0_0, 0;
    %pushi/vec4 0, 4294967295, 32;
    %assign/vec4 v00000284b6db4c70_0, 0;
T_7.1 ;
    %load/vec4 v00000284b6dbaf40_0;
    %assign/vec4 v00000284b6db48b0_0, 0;
    %load/vec4 v00000284b6db9960_0;
    %assign/vec4 v00000284b6db4bd0_0, 0;
    %load/vec4 v00000284b6db9dc0_0;
    %assign/vec4 v00000284b6db4950_0, 0;
    %jmp T_7;
    .thread T_7;
    .scope S_00000284b6cddd70;
T_8 ;
    %wait E_00000284b6d44a50;
    %load/vec4 v00000284b6db43b0_0;
    %assign/vec4 v00000284b6dbd470_0, 0;
    %load/vec4 v00000284b6db4c70_0;
    %assign/vec4 v00000284b6dbd330_0, 0;
    %load/vec4 v00000284b6db48b0_0;
    %assign/vec4 v00000284b6dbd830_0, 0;
    %load/vec4 v00000284b6db4bd0_0;
    %assign/vec4 v00000284b6dbc9d0_0, 0;
    %jmp T_8;
    .thread T_8;
    .scope S_00000284b6d51cc0;
T_9 ;
    %pushi/vec4 0, 0, 1;
    %store/vec4 v00000284b6dbd3d0_0, 0, 1;
    %end;
    .thread T_9;
    .scope S_00000284b6d51cc0;
T_10 ;
    %pushi/vec4 0, 0, 1;
    %assign/vec4 v00000284b6dbb530_0, 0;
    %pushi/vec4 0, 0, 9;
    %assign/vec4 v00000284b6dbba30_0, 0;
    %pushi/vec4 0, 0, 1;
    %assign/vec4 v00000284b6dbc610_0, 0;
    %pushi/vec4 0, 0, 32;
    %assign/vec4 v00000284b6dbb5d0_0, 0;
    %pushi/vec4 0, 0, 1;
    %assign/vec4 v00000284b6dbb350_0, 0;
    %pushi/vec4 15, 0, 4;
    %assign/vec4 v00000284b6dbc890_0, 0;
    %delay 2000, 0;
    %pushi/vec4 0, 0, 9;
    %assign/vec4 v00000284b6dbba30_0, 0;
    %pushi/vec4 1, 0, 1;
    %assign/vec4 v00000284b6dbc610_0, 0;
    %pushi/vec4 284164224, 0, 32;
    %assign/vec4 v00000284b6dbb5d0_0, 0;
    %delay 2000, 0;
    %pushi/vec4 1, 0, 9;
    %assign/vec4 v00000284b6dbba30_0, 0;
    %pushi/vec4 1, 0, 1;
    %assign/vec4 v00000284b6dbc610_0, 0;
    %pushi/vec4 284229761, 0, 32;
    %assign/vec4 v00000284b6dbb5d0_0, 0;
    %delay 2000, 0;
    %pushi/vec4 2, 0, 9;
    %assign/vec4 v00000284b6dbba30_0, 0;
    %pushi/vec4 1, 0, 1;
    %assign/vec4 v00000284b6dbc610_0, 0;
    %pushi/vec4 284295298, 0, 32;
    %assign/vec4 v00000284b6dbb5d0_0, 0;
    %delay 2000, 0;
    %pushi/vec4 3, 0, 9;
    %assign/vec4 v00000284b6dbba30_0, 0;
    %pushi/vec4 1, 0, 1;
    %assign/vec4 v00000284b6dbc610_0, 0;
    %pushi/vec4 284360835, 0, 32;
    %assign/vec4 v00000284b6dbb5d0_0, 0;
    %delay 2000, 0;
    %pushi/vec4 4, 0, 9;
    %assign/vec4 v00000284b6dbba30_0, 0;
    %pushi/vec4 1, 0, 1;
    %assign/vec4 v00000284b6dbc610_0, 0;
    %pushi/vec4 284426372, 0, 32;
    %assign/vec4 v00000284b6dbb5d0_0, 0;
    %delay 2000, 0;
    %pushi/vec4 5, 0, 9;
    %assign/vec4 v00000284b6dbba30_0, 0;
    %pushi/vec4 1, 0, 1;
    %assign/vec4 v00000284b6dbc610_0, 0;
    %pushi/vec4 284491909, 0, 32;
    %assign/vec4 v00000284b6dbb5d0_0, 0;
    %delay 2000, 0;
    %pushi/vec4 6, 0, 9;
    %assign/vec4 v00000284b6dbba30_0, 0;
    %pushi/vec4 1, 0, 1;
    %assign/vec4 v00000284b6dbc610_0, 0;
    %pushi/vec4 284557446, 0, 32;
    %assign/vec4 v00000284b6dbb5d0_0, 0;
    %delay 2000, 0;
    %pushi/vec4 7, 0, 9;
    %assign/vec4 v00000284b6dbba30_0, 0;
    %pushi/vec4 1, 0, 1;
    %assign/vec4 v00000284b6dbc610_0, 0;
    %pushi/vec4 284622983, 0, 32;
    %assign/vec4 v00000284b6dbb5d0_0, 0;
    %delay 2000, 0;
    %pushi/vec4 8, 0, 9;
    %assign/vec4 v00000284b6dbba30_0, 0;
    %pushi/vec4 1, 0, 1;
    %assign/vec4 v00000284b6dbc610_0, 0;
    %pushi/vec4 537919488, 0, 32;
    %assign/vec4 v00000284b6dbb5d0_0, 0;
    %delay 2000, 0;
    %pushi/vec4 9, 0, 9;
    %assign/vec4 v00000284b6dbba30_0, 0;
    %pushi/vec4 1, 0, 1;
    %assign/vec4 v00000284b6dbc610_0, 0;
    %pushi/vec4 555810816, 0, 32;
    %assign/vec4 v00000284b6dbb5d0_0, 0;
    %delay 2000, 0;
    %pushi/vec4 10, 0, 9;
    %assign/vec4 v00000284b6dbba30_0, 0;
    %pushi/vec4 1, 0, 1;
    %assign/vec4 v00000284b6dbc610_0, 0;
    %pushi/vec4 573702144, 0, 32;
    %assign/vec4 v00000284b6dbb5d0_0, 0;
    %delay 2000, 0;
    %pushi/vec4 11, 0, 9;
    %assign/vec4 v00000284b6dbba30_0, 0;
    %pushi/vec4 1, 0, 1;
    %assign/vec4 v00000284b6dbc610_0, 0;
    %pushi/vec4 591593472, 0, 32;
    %assign/vec4 v00000284b6dbb5d0_0, 0;
    %delay 2000, 0;
    %pushi/vec4 12, 0, 9;
    %assign/vec4 v00000284b6dbba30_0, 0;
    %pushi/vec4 1, 0, 1;
    %assign/vec4 v00000284b6dbc610_0, 0;
    %pushi/vec4 558039040, 0, 32;
    %assign/vec4 v00000284b6dbb5d0_0, 0;
    %delay 2000, 0;
    %pushi/vec4 13, 0, 9;
    %assign/vec4 v00000284b6dbba30_0, 0;
    %pushi/vec4 1, 0, 1;
    %assign/vec4 v00000284b6dbc610_0, 0;
    %pushi/vec4 574816256, 0, 32;
    %assign/vec4 v00000284b6dbb5d0_0, 0;
    %delay 2000, 0;
    %pushi/vec4 14, 0, 9;
    %assign/vec4 v00000284b6dbba30_0, 0;
    %pushi/vec4 1, 0, 1;
    %assign/vec4 v00000284b6dbc610_0, 0;
    %pushi/vec4 541261824, 0, 32;
    %assign/vec4 v00000284b6dbb5d0_0, 0;
    %delay 2000, 0;
    %pushi/vec4 15, 0, 9;
    %assign/vec4 v00000284b6dbba30_0, 0;
    %pushi/vec4 1, 0, 1;
    %assign/vec4 v00000284b6dbc610_0, 0;
    %pushi/vec4 591593472, 0, 32;
    %assign/vec4 v00000284b6dbb5d0_0, 0;
    %delay 2000, 0;
    %pushi/vec4 16, 0, 9;
    %assign/vec4 v00000284b6dbba30_0, 0;
    %pushi/vec4 1, 0, 1;
    %assign/vec4 v00000284b6dbc610_0, 0;
    %pushi/vec4 540278784, 0, 32;
    %assign/vec4 v00000284b6dbb5d0_0, 0;
    %delay 2000, 0;
    %pushi/vec4 17, 0, 9;
    %assign/vec4 v00000284b6dbba30_0, 0;
    %pushi/vec4 1, 0, 1;
    %assign/vec4 v00000284b6dbc610_0, 0;
    %pushi/vec4 558039040, 0, 32;
    %assign/vec4 v00000284b6dbb5d0_0, 0;
    %delay 2000, 0;
    %pushi/vec4 18, 0, 9;
    %assign/vec4 v00000284b6dbba30_0, 0;
    %pushi/vec4 1, 0, 1;
    %assign/vec4 v00000284b6dbc610_0, 0;
    %pushi/vec4 590610432, 0, 32;
    %assign/vec4 v00000284b6dbb5d0_0, 0;
    %delay 2000, 0;
    %pushi/vec4 19, 0, 9;
    %assign/vec4 v00000284b6dbba30_0, 0;
    %pushi/vec4 1, 0, 1;
    %assign/vec4 v00000284b6dbc610_0, 0;
    %pushi/vec4 574816256, 0, 32;
    %assign/vec4 v00000284b6dbb5d0_0, 0;
    %delay 2000, 0;
    %pushi/vec4 0, 0, 9;
    %assign/vec4 v00000284b6dbba30_0, 0;
    %pushi/vec4 0, 0, 1;
    %assign/vec4 v00000284b6dbc610_0, 0;
    %pushi/vec4 0, 0, 32;
    %assign/vec4 v00000284b6dbb5d0_0, 0;
    %delay 1000, 0;
    %pushi/vec4 1, 0, 1;
    %assign/vec4 v00000284b6dbb350_0, 0;
    %delay 56000, 0;
    %pushi/vec4 0, 0, 1;
    %assign/vec4 v00000284b6dbb350_0, 0;
    %pushi/vec4 1, 0, 1;
    %assign/vec4 v00000284b6dbd3d0_0, 0;
    %delay 100000, 0;
    %vpi_call 2 339 "$stop" {0 0 0};
    %end;
    .thread T_10;
    .scope S_00000284b6d51cc0;
T_11 ;
    %delay 1000, 0;
    %load/vec4 v00000284b6dbb530_0;
    %inv;
    %store/vec4 v00000284b6dbb530_0, 0, 1;
    %jmp T_11;
    .thread T_11;
    .scope S_00000284b6d51cc0;
T_12 ;
    %wait E_00000284b6d44a50;
    %load/vec4 v00000284b6dbd3d0_0;
    %flag_set/vec4 8;
    %jmp/0xz  T_12.0, 8;
    %load/vec4 v00000284b6dbc890_0;
    %addi 1, 0, 4;
    %assign/vec4 v00000284b6dbc890_0, 0;
T_12.0 ;
    %jmp T_12;
    .thread T_12;
    .scope S_00000284b6d51cc0;
T_13 ;
    %vpi_call 2 348 "$dumpfile", "pro_tbe1.vcd" {0 0 0};
    %vpi_call 2 349 "$dumpvars" {0 0 0};
    %end;
    .thread T_13;
# The file index is used to find the file name in the following table.
:file_names 6;
    "N/A";
    "<interactive>";
    ".\processor.v";
    ".\alu.v";
    ".\ram.v";
    ".\regfile.v";
