#! /c/Source/iverilog-install/bin/vvp
:ivl_version "12.0 (devel)" "(s20150603-1110-g18392a46)";
:ivl_delay_selection "TYPICAL";
:vpi_time_precision - 11;
:vpi_module "D:\iVerilog\lib\ivl\system.vpi";
:vpi_module "D:\iVerilog\lib\ivl\vhdl_sys.vpi";
:vpi_module "D:\iVerilog\lib\ivl\vhdl_textio.vpi";
:vpi_module "D:\iVerilog\lib\ivl\v2005_math.vpi";
:vpi_module "D:\iVerilog\lib\ivl\va_math.vpi";
S_0000013e46c6b860 .scope module, "pro_tb1" "pro_tb1" 2 2;
 .timescale -9 -11;
v0000013e46de9ec0_0 .var "addr", 31 0;
v0000013e46de9240_0 .net "cc", 2 0, L_0000013e46e44190;  1 drivers
v0000013e46de91a0_0 .var "clock", 0 0;
v0000013e46de9a60_0 .var "flg", 0 0;
v0000013e46de9e20_0 .net "r0", 31 0, v0000013e46ddecb0_0;  1 drivers
v0000013e46de92e0_0 .net "r1", 31 0, v0000013e46ddd630_0;  1 drivers
v0000013e46de9380_0 .net "r2", 31 0, v0000013e46dddbd0_0;  1 drivers
v0000013e46de9560_0 .net "r3", 31 0, v0000013e46dddef0_0;  1 drivers
v0000013e46de99c0_0 .net "r4", 31 0, v0000013e46ddd950_0;  1 drivers
v0000013e46de9420_0 .net "r5", 31 0, v0000013e46ddd9f0_0;  1 drivers
v0000013e46de94c0_0 .net "r6", 31 0, v0000013e46ddda90_0;  1 drivers
v0000013e46de97e0_0 .net "r7", 31 0, v0000013e46dddb30_0;  1 drivers
v0000013e46de9600_0 .var "rID", 3 0;
v0000013e46de9740_0 .net "rdata", 31 0, L_0000013e46e4dfd0;  1 drivers
v0000013e46de9880_0 .net "valE", 31 0, L_0000013e46e4a9e0;  1 drivers
v0000013e46de9ba0_0 .var "wdata", 31 0;
v0000013e46de9ce0_0 .var "working", 0 0;
v0000013e46de9c40_0 .var "wr", 0 0;
S_0000013e46c6b9f0 .scope module, "processor" "processor" 2 21, 3 3 0, S_0000013e46c6b860;
 .timescale -9 -11;
    .port_info 0 /INPUT 1 "clock";
    .port_info 1 /INPUT 32 "addr";
    .port_info 2 /INPUT 1 "wr";
    .port_info 3 /INPUT 32 "wdata";
    .port_info 4 /INPUT 1 "working";
    .port_info 5 /INPUT 4 "rID";
    .port_info 6 /OUTPUT 32 "valE";
    .port_info 7 /OUTPUT 32 "r0";
    .port_info 8 /OUTPUT 32 "r1";
    .port_info 9 /OUTPUT 32 "r2";
    .port_info 10 /OUTPUT 32 "r3";
    .port_info 11 /OUTPUT 32 "r4";
    .port_info 12 /OUTPUT 32 "r5";
    .port_info 13 /OUTPUT 32 "r6";
    .port_info 14 /OUTPUT 32 "r7";
    .port_info 15 /OUTPUT 32 "rdata";
    .port_info 16 /OUTPUT 3 "cc";
P_0000013e46c6af00 .param/l "ADD" 0 3 33, C4<00100000>;
P_0000013e46c6af38 .param/l "AND" 0 3 35, C4<00100010>;
P_0000013e46c6af70 .param/l "CMOVE" 0 3 40, C4<00110011>;
P_0000013e46c6afa8 .param/l "CMOVG" 0 3 43, C4<00110110>;
P_0000013e46c6afe0 .param/l "CMOVGE" 0 3 42, C4<00110101>;
P_0000013e46c6b018 .param/l "CMOVL" 0 3 39, C4<00110010>;
P_0000013e46c6b050 .param/l "CMOVLE" 0 3 38, C4<00110001>;
P_0000013e46c6b088 .param/l "CMOVNE" 0 3 41, C4<00110100>;
P_0000013e46c6b0c0 .param/l "HALT" 0 3 31, C4<00010001>;
P_0000013e46c6b0f8 .param/l "IRMOV" 0 3 30, C4<00010000>;
P_0000013e46c6b130 .param/l "JE" 0 3 47, C4<01110011>;
P_0000013e46c6b168 .param/l "JG" 0 3 50, C4<01110110>;
P_0000013e46c6b1a0 .param/l "JGE" 0 3 49, C4<01110101>;
P_0000013e46c6b1d8 .param/l "JL" 0 3 46, C4<01110010>;
P_0000013e46c6b210 .param/l "JLE" 0 3 45, C4<01110001>;
P_0000013e46c6b248 .param/l "JMP" 0 3 44, C4<01110000>;
P_0000013e46c6b280 .param/l "JNE" 0 3 48, C4<01110100>;
P_0000013e46c6b2b8 .param/l "NOP" 0 3 32, C4<00010010>;
P_0000013e46c6b2f0 .param/l "RRMOV" 0 3 37, C4<00110000>;
P_0000013e46c6b328 .param/l "SUB" 0 3 34, C4<00100001>;
P_0000013e46c6b360 .param/l "XOR" 0 3 36, C4<00100011>;
L_0000013e46e4a820 .functor BUFZ 32, v0000013e46ddc150_0, C4<00000000000000000000000000000000>, C4<00000000000000000000000000000000>, C4<00000000000000000000000000000000>;
L_0000013e46e4a890 .functor AND 1, L_0000013e46e4c810, v0000013e46de9ce0_0, C4<1>, C4<1>;
L_0000013e46e4a740 .functor AND 1, L_0000013e46e4d350, v0000013e46de9ce0_0, C4<1>, C4<1>;
L_0000013e46e4ad60 .functor XOR 1, L_0000013e46e4bc30, L_0000013e46e4dad0, C4<0>, C4<0>;
L_0000013e46e4acf0 .functor OR 1, L_0000013e46e4ad60, L_0000013e46e4d710, C4<0>, C4<0>;
L_0000013e46e4ae40 .functor AND 1, L_0000013e46e4a740, L_0000013e46e4acf0, C4<1>, C4<1>;
L_0000013e46e4af90 .functor AND 1, L_0000013e46e4db70, v0000013e46de9ce0_0, C4<1>, C4<1>;
L_0000013e46e4aac0 .functor XOR 1, L_0000013e46e4bc30, L_0000013e46e4dad0, C4<0>, C4<0>;
L_0000013e46e4a350 .functor AND 1, L_0000013e46e4af90, L_0000013e46e4aac0, C4<1>, C4<1>;
L_0000013e46e4b000 .functor AND 1, L_0000013e46e4cef0, v0000013e46de9ce0_0, C4<1>, C4<1>;
L_0000013e46e4a120 .functor AND 1, L_0000013e46e4b000, L_0000013e46e4d710, C4<1>, C4<1>;
L_0000013e46e4a190 .functor AND 1, L_0000013e46e4d030, v0000013e46de9ce0_0, C4<1>, C4<1>;
L_0000013e46e4a200 .functor NOT 1, L_0000013e46e4d710, C4<0>, C4<0>, C4<0>;
L_0000013e46e4aba0 .functor AND 1, L_0000013e46e4a190, L_0000013e46e4a200, C4<1>, C4<1>;
L_0000013e46e4a3c0 .functor AND 1, L_0000013e46e4c9f0, v0000013e46de9ce0_0, C4<1>, C4<1>;
L_0000013e46e4a4a0 .functor XOR 1, L_0000013e46e4bc30, L_0000013e46e4dad0, C4<0>, C4<0>;
L_0000013e46e4a270 .functor NOT 1, L_0000013e46e4a4a0, C4<0>, C4<0>, C4<0>;
L_0000013e46e4a2e0 .functor AND 1, L_0000013e46e4a3c0, L_0000013e46e4a270, C4<1>, C4<1>;
L_0000013e46e4a510 .functor AND 1, L_0000013e46e4c4f0, v0000013e46de9ce0_0, C4<1>, C4<1>;
L_0000013e46e4a970 .functor XOR 1, L_0000013e46e4bc30, L_0000013e46e4dad0, C4<0>, C4<0>;
L_0000013e46e4a580 .functor NOT 1, L_0000013e46e4a970, C4<0>, C4<0>, C4<0>;
L_0000013e46e4a5f0 .functor NOT 1, L_0000013e46e4d710, C4<0>, C4<0>, C4<0>;
L_0000013e46e4a660 .functor AND 1, L_0000013e46e4a580, L_0000013e46e4a5f0, C4<1>, C4<1>;
L_0000013e46e4a6d0 .functor AND 1, L_0000013e46e4a510, L_0000013e46e4a660, C4<1>, C4<1>;
L_0000013e46e4a9e0 .functor BUFZ 32, L_0000013e46e44870, C4<00000000000000000000000000000000>, C4<00000000000000000000000000000000>, C4<00000000000000000000000000000000>;
L_0000013e46e584b0 .functor BUFZ 1, v0000013e46de0150_0, C4<0>, C4<0>, C4<0>;
v0000013e46de0150_0 .var "D_halt", 0 0;
v0000013e46de0dd0_0 .var "D_icode", 3 0;
v0000013e46de0e70_0 .var "D_ifun", 3 0;
v0000013e46de0d30_0 .var "D_jflg", 0 0;
v0000013e46de0b50_0 .var "D_rA", 3 0;
v0000013e46de00b0_0 .var "D_rB", 3 0;
v0000013e46de0790_0 .var "D_valA", 31 0;
v0000013e46ddfe30_0 .var "D_valB", 31 0;
v0000013e46ddfd90_0 .var "D_valC", 15 0;
v0000013e46ddf890_0 .var "E_dstE", 3 0;
v0000013e46de0bf0_0 .var "E_dstM", 3 0;
v0000013e46de0970_0 .var "E_halt", 0 0;
v0000013e46ddf930_0 .var "E_valE", 31 0;
v0000013e46ddfed0_0 .var "E_valM", 31 0;
v0000013e46de0f10_0 .net "F_read", 31 0, L_0000013e46e4a820;  1 drivers
v0000013e46de0290_0 .var "PC", 31 0;
v0000013e46de0a10_0 .net *"_ivl_100", 7 0, L_0000013e46e4c6d0;  1 drivers
L_0000013e46deb4d8 .functor BUFT 1, C4<01110000>, C4<0>, C4<0>, C4<0>;
v0000013e46ddfb10_0 .net/2u *"_ivl_102", 7 0, L_0000013e46deb4d8;  1 drivers
v0000013e46de0ab0_0 .net *"_ivl_104", 0 0, L_0000013e46e4c810;  1 drivers
v0000013e46de05b0_0 .net *"_ivl_107", 0 0, L_0000013e46e4a890;  1 drivers
L_0000013e46deb520 .functor BUFT 1, C4<01>, C4<0>, C4<0>, C4<0>;
v0000013e46ddff70_0 .net/2s *"_ivl_108", 1 0, L_0000013e46deb520;  1 drivers
v0000013e46de03d0_0 .net *"_ivl_110", 7 0, L_0000013e46e4cdb0;  1 drivers
L_0000013e46deb568 .functor BUFT 1, C4<01110001>, C4<0>, C4<0>, C4<0>;
v0000013e46de0010_0 .net/2u *"_ivl_112", 7 0, L_0000013e46deb568;  1 drivers
v0000013e46de0c90_0 .net *"_ivl_114", 0 0, L_0000013e46e4d350;  1 drivers
v0000013e46ddf9d0_0 .net *"_ivl_117", 0 0, L_0000013e46e4a740;  1 drivers
v0000013e46de0470_0 .net *"_ivl_118", 0 0, L_0000013e46e4ad60;  1 drivers
v0000013e46de0830_0 .net *"_ivl_120", 0 0, L_0000013e46e4acf0;  1 drivers
v0000013e46de06f0_0 .net *"_ivl_123", 0 0, L_0000013e46e4ae40;  1 drivers
L_0000013e46deb5b0 .functor BUFT 1, C4<01>, C4<0>, C4<0>, C4<0>;
v0000013e46ddfa70_0 .net/2s *"_ivl_124", 1 0, L_0000013e46deb5b0;  1 drivers
v0000013e46ddfbb0_0 .net *"_ivl_126", 7 0, L_0000013e46e4c630;  1 drivers
L_0000013e46deb5f8 .functor BUFT 1, C4<01110010>, C4<0>, C4<0>, C4<0>;
v0000013e46de0510_0 .net/2u *"_ivl_128", 7 0, L_0000013e46deb5f8;  1 drivers
v0000013e46de08d0_0 .net *"_ivl_130", 0 0, L_0000013e46e4db70;  1 drivers
v0000013e46de0650_0 .net *"_ivl_133", 0 0, L_0000013e46e4af90;  1 drivers
v0000013e46ddfc50_0 .net *"_ivl_134", 0 0, L_0000013e46e4aac0;  1 drivers
v0000013e46ddfcf0_0 .net *"_ivl_137", 0 0, L_0000013e46e4a350;  1 drivers
L_0000013e46deb640 .functor BUFT 1, C4<01>, C4<0>, C4<0>, C4<0>;
v0000013e46ddbe30_0 .net/2s *"_ivl_138", 1 0, L_0000013e46deb640;  1 drivers
v0000013e46de2590_0 .net *"_ivl_140", 7 0, L_0000013e46e4b550;  1 drivers
L_0000013e46deb688 .functor BUFT 1, C4<01110011>, C4<0>, C4<0>, C4<0>;
v0000013e46de1f50_0 .net/2u *"_ivl_142", 7 0, L_0000013e46deb688;  1 drivers
v0000013e46de2810_0 .net *"_ivl_144", 0 0, L_0000013e46e4cef0;  1 drivers
v0000013e46de1c30_0 .net *"_ivl_147", 0 0, L_0000013e46e4b000;  1 drivers
v0000013e46de2130_0 .net *"_ivl_149", 0 0, L_0000013e46e4a120;  1 drivers
L_0000013e46deb6d0 .functor BUFT 1, C4<01>, C4<0>, C4<0>, C4<0>;
v0000013e46de1e10_0 .net/2s *"_ivl_150", 1 0, L_0000013e46deb6d0;  1 drivers
v0000013e46de2bd0_0 .net *"_ivl_152", 7 0, L_0000013e46e4cf90;  1 drivers
L_0000013e46deb718 .functor BUFT 1, C4<01110100>, C4<0>, C4<0>, C4<0>;
v0000013e46de3350_0 .net/2u *"_ivl_154", 7 0, L_0000013e46deb718;  1 drivers
v0000013e46de2630_0 .net *"_ivl_156", 0 0, L_0000013e46e4d030;  1 drivers
v0000013e46de38f0_0 .net *"_ivl_159", 0 0, L_0000013e46e4a190;  1 drivers
v0000013e46de1eb0_0 .net *"_ivl_160", 0 0, L_0000013e46e4a200;  1 drivers
v0000013e46de26d0_0 .net *"_ivl_163", 0 0, L_0000013e46e4aba0;  1 drivers
L_0000013e46deb760 .functor BUFT 1, C4<01>, C4<0>, C4<0>, C4<0>;
v0000013e46de17d0_0 .net/2s *"_ivl_164", 1 0, L_0000013e46deb760;  1 drivers
v0000013e46de2f90_0 .net *"_ivl_166", 7 0, L_0000013e46e4c450;  1 drivers
L_0000013e46deb7a8 .functor BUFT 1, C4<01110101>, C4<0>, C4<0>, C4<0>;
v0000013e46de1870_0 .net/2u *"_ivl_168", 7 0, L_0000013e46deb7a8;  1 drivers
v0000013e46de21d0_0 .net *"_ivl_170", 0 0, L_0000013e46e4c9f0;  1 drivers
v0000013e46de2450_0 .net *"_ivl_173", 0 0, L_0000013e46e4a3c0;  1 drivers
v0000013e46de1730_0 .net *"_ivl_174", 0 0, L_0000013e46e4a4a0;  1 drivers
v0000013e46de1910_0 .net *"_ivl_176", 0 0, L_0000013e46e4a270;  1 drivers
v0000013e46de19b0_0 .net *"_ivl_179", 0 0, L_0000013e46e4a2e0;  1 drivers
L_0000013e46deb7f0 .functor BUFT 1, C4<01>, C4<0>, C4<0>, C4<0>;
v0000013e46de1550_0 .net/2s *"_ivl_180", 1 0, L_0000013e46deb7f0;  1 drivers
v0000013e46de3ad0_0 .net *"_ivl_182", 7 0, L_0000013e46e4d210;  1 drivers
L_0000013e46deb838 .functor BUFT 1, C4<01110110>, C4<0>, C4<0>, C4<0>;
v0000013e46de1b90_0 .net/2u *"_ivl_184", 7 0, L_0000013e46deb838;  1 drivers
v0000013e46de1a50_0 .net *"_ivl_186", 0 0, L_0000013e46e4c4f0;  1 drivers
v0000013e46de2950_0 .net *"_ivl_189", 0 0, L_0000013e46e4a510;  1 drivers
v0000013e46de15f0_0 .net *"_ivl_190", 0 0, L_0000013e46e4a970;  1 drivers
v0000013e46de1af0_0 .net *"_ivl_192", 0 0, L_0000013e46e4a580;  1 drivers
v0000013e46de29f0_0 .net *"_ivl_194", 0 0, L_0000013e46e4a5f0;  1 drivers
v0000013e46de3990_0 .net *"_ivl_196", 0 0, L_0000013e46e4a660;  1 drivers
v0000013e46de2270_0 .net *"_ivl_199", 0 0, L_0000013e46e4a6d0;  1 drivers
L_0000013e46deb2e0 .functor BUFT 1, C4<01>, C4<0>, C4<0>, C4<0>;
v0000013e46de1cd0_0 .net/2s *"_ivl_2", 1 0, L_0000013e46deb2e0;  1 drivers
L_0000013e46deb880 .functor BUFT 1, C4<01>, C4<0>, C4<0>, C4<0>;
v0000013e46de2e50_0 .net/2s *"_ivl_200", 1 0, L_0000013e46deb880;  1 drivers
L_0000013e46deb8c8 .functor BUFT 1, C4<00>, C4<0>, C4<0>, C4<0>;
v0000013e46de1ff0_0 .net/2s *"_ivl_202", 1 0, L_0000013e46deb8c8;  1 drivers
v0000013e46de23b0_0 .net *"_ivl_204", 1 0, L_0000013e46e4d3f0;  1 drivers
v0000013e46de3a30_0 .net *"_ivl_206", 1 0, L_0000013e46e4c8b0;  1 drivers
v0000013e46de24f0_0 .net *"_ivl_208", 1 0, L_0000013e46e4b870;  1 drivers
v0000013e46de3490_0 .net *"_ivl_210", 1 0, L_0000013e46e4b910;  1 drivers
v0000013e46de14b0_0 .net *"_ivl_212", 1 0, L_0000013e46e4b690;  1 drivers
v0000013e46de3530_0 .net *"_ivl_214", 1 0, L_0000013e46e4bcd0;  1 drivers
v0000013e46de30d0_0 .net *"_ivl_216", 1 0, L_0000013e46e4dc10;  1 drivers
L_0000013e46deb910 .functor BUFT 1, C4<00000000>, C4<0>, C4<0>, C4<0>;
v0000013e46de33f0_0 .net/2u *"_ivl_220", 7 0, L_0000013e46deb910;  1 drivers
L_0000013e46deb958 .functor BUFT 1, C4<0000000000000000>, C4<0>, C4<0>, C4<0>;
v0000013e46de35d0_0 .net *"_ivl_249", 15 0, L_0000013e46deb958;  1 drivers
v0000013e46de2090_0 .net *"_ivl_254", 7 0, L_0000013e46e4d7b0;  1 drivers
L_0000013e46deb9a0 .functor BUFT 1, C4<00010000>, C4<0>, C4<0>, C4<0>;
v0000013e46de3b70_0 .net/2u *"_ivl_256", 7 0, L_0000013e46deb9a0;  1 drivers
v0000013e46de2c70_0 .net *"_ivl_258", 0 0, L_0000013e46e4d170;  1 drivers
L_0000013e46deb9e8 .functor BUFT 1, C4<1111>, C4<0>, C4<0>, C4<0>;
v0000013e46de2310_0 .net/2u *"_ivl_260", 3 0, L_0000013e46deb9e8;  1 drivers
v0000013e46de1d70_0 .net *"_ivl_264", 7 0, L_0000013e46e4ba50;  1 drivers
L_0000013e46deba30 .functor BUFT 1, C4<00100000>, C4<0>, C4<0>, C4<0>;
v0000013e46de2a90_0 .net/2u *"_ivl_266", 7 0, L_0000013e46deba30;  1 drivers
v0000013e46de2b30_0 .net *"_ivl_268", 0 0, L_0000013e46e4beb0;  1 drivers
L_0000013e46deba78 .functor BUFT 1, C4<0000>, C4<0>, C4<0>, C4<0>;
v0000013e46de2770_0 .net/2u *"_ivl_270", 3 0, L_0000013e46deba78;  1 drivers
v0000013e46de28b0_0 .net *"_ivl_272", 7 0, L_0000013e46e4b9b0;  1 drivers
L_0000013e46debac0 .functor BUFT 1, C4<00100001>, C4<0>, C4<0>, C4<0>;
v0000013e46de3670_0 .net/2u *"_ivl_274", 7 0, L_0000013e46debac0;  1 drivers
v0000013e46de2d10_0 .net *"_ivl_276", 0 0, L_0000013e46e4ca90;  1 drivers
L_0000013e46debb08 .functor BUFT 1, C4<0001>, C4<0>, C4<0>, C4<0>;
v0000013e46de2db0_0 .net/2u *"_ivl_278", 3 0, L_0000013e46debb08;  1 drivers
v0000013e46de2ef0_0 .net *"_ivl_280", 7 0, L_0000013e46e4dcb0;  1 drivers
L_0000013e46debb50 .functor BUFT 1, C4<00100010>, C4<0>, C4<0>, C4<0>;
v0000013e46de3030_0 .net/2u *"_ivl_282", 7 0, L_0000013e46debb50;  1 drivers
v0000013e46de3710_0 .net *"_ivl_284", 0 0, L_0000013e46e4baf0;  1 drivers
L_0000013e46debb98 .functor BUFT 1, C4<0010>, C4<0>, C4<0>, C4<0>;
v0000013e46de3850_0 .net/2u *"_ivl_286", 3 0, L_0000013e46debb98;  1 drivers
v0000013e46de3170_0 .net *"_ivl_288", 7 0, L_0000013e46e4d5d0;  1 drivers
L_0000013e46debbe0 .functor BUFT 1, C4<00100011>, C4<0>, C4<0>, C4<0>;
v0000013e46de3c10_0 .net/2u *"_ivl_290", 7 0, L_0000013e46debbe0;  1 drivers
v0000013e46de3210_0 .net *"_ivl_292", 0 0, L_0000013e46e4c130;  1 drivers
L_0000013e46debc28 .functor BUFT 1, C4<0011>, C4<0>, C4<0>, C4<0>;
v0000013e46de32b0_0 .net/2u *"_ivl_294", 3 0, L_0000013e46debc28;  1 drivers
o0000013e46d816c8 .functor BUFZ 4, C4<zzzz>; HiZ drive
; Elide local net with no drivers, v0000013e46de37b0_0 name=_ivl_296
v0000013e46de1690_0 .net *"_ivl_298", 3 0, L_0000013e46e4ce50;  1 drivers
v0000013e46de4cf0_0 .net *"_ivl_300", 3 0, L_0000013e46e4d670;  1 drivers
v0000013e46de5010_0 .net *"_ivl_302", 3 0, L_0000013e46e4cb30;  1 drivers
v0000013e46de4070_0 .net *"_ivl_320", 31 0, L_0000013e46e4bd70;  1 drivers
L_0000013e46debc70 .functor BUFT 1, C4<0000000000000000000000000000>, C4<0>, C4<0>, C4<0>;
v0000013e46de50b0_0 .net *"_ivl_323", 27 0, L_0000013e46debc70;  1 drivers
L_0000013e46debcb8 .functor BUFT 1, C4<00000000000000000000000000000000>, C4<0>, C4<0>, C4<0>;
v0000013e46de4a70_0 .net/2u *"_ivl_324", 31 0, L_0000013e46debcb8;  1 drivers
v0000013e46de4430_0 .net *"_ivl_326", 0 0, L_0000013e46e4bf50;  1 drivers
v0000013e46de42f0_0 .net *"_ivl_328", 31 0, L_0000013e46e4bff0;  1 drivers
L_0000013e46debd00 .functor BUFT 1, C4<0000000000000000000000000000>, C4<0>, C4<0>, C4<0>;
v0000013e46de4890_0 .net *"_ivl_331", 27 0, L_0000013e46debd00;  1 drivers
L_0000013e46debd48 .functor BUFT 1, C4<00000000000000000000000000000001>, C4<0>, C4<0>, C4<0>;
v0000013e46de4250_0 .net/2u *"_ivl_332", 31 0, L_0000013e46debd48;  1 drivers
v0000013e46de46b0_0 .net *"_ivl_334", 0 0, L_0000013e46e4c1d0;  1 drivers
v0000013e46de3e90_0 .net *"_ivl_336", 31 0, L_0000013e46e4cc70;  1 drivers
L_0000013e46debd90 .functor BUFT 1, C4<0000000000000000000000000000>, C4<0>, C4<0>, C4<0>;
v0000013e46de4c50_0 .net *"_ivl_339", 27 0, L_0000013e46debd90;  1 drivers
L_0000013e46debdd8 .functor BUFT 1, C4<00000000000000000000000000000010>, C4<0>, C4<0>, C4<0>;
v0000013e46de3df0_0 .net/2u *"_ivl_340", 31 0, L_0000013e46debdd8;  1 drivers
v0000013e46de4390_0 .net *"_ivl_342", 0 0, L_0000013e46e4e4d0;  1 drivers
v0000013e46de4570_0 .net *"_ivl_344", 31 0, L_0000013e46e50230;  1 drivers
L_0000013e46debe20 .functor BUFT 1, C4<0000000000000000000000000000>, C4<0>, C4<0>, C4<0>;
v0000013e46de3f30_0 .net *"_ivl_347", 27 0, L_0000013e46debe20;  1 drivers
L_0000013e46debe68 .functor BUFT 1, C4<00000000000000000000000000000011>, C4<0>, C4<0>, C4<0>;
v0000013e46de3fd0_0 .net/2u *"_ivl_348", 31 0, L_0000013e46debe68;  1 drivers
v0000013e46de3cb0_0 .net *"_ivl_350", 0 0, L_0000013e46e4ee30;  1 drivers
v0000013e46de4930_0 .net *"_ivl_352", 31 0, L_0000013e46e4f290;  1 drivers
L_0000013e46debeb0 .functor BUFT 1, C4<0000000000000000000000000000>, C4<0>, C4<0>, C4<0>;
v0000013e46de4750_0 .net *"_ivl_355", 27 0, L_0000013e46debeb0;  1 drivers
L_0000013e46debef8 .functor BUFT 1, C4<00000000000000000000000000000100>, C4<0>, C4<0>, C4<0>;
v0000013e46de5330_0 .net/2u *"_ivl_356", 31 0, L_0000013e46debef8;  1 drivers
v0000013e46de4610_0 .net *"_ivl_358", 0 0, L_0000013e46e4fab0;  1 drivers
v0000013e46de4110_0 .net *"_ivl_360", 31 0, L_0000013e46e4e1b0;  1 drivers
L_0000013e46debf40 .functor BUFT 1, C4<0000000000000000000000000000>, C4<0>, C4<0>, C4<0>;
v0000013e46de4b10_0 .net *"_ivl_363", 27 0, L_0000013e46debf40;  1 drivers
L_0000013e46debf88 .functor BUFT 1, C4<00000000000000000000000000000101>, C4<0>, C4<0>, C4<0>;
v0000013e46de5150_0 .net/2u *"_ivl_364", 31 0, L_0000013e46debf88;  1 drivers
v0000013e46de4f70_0 .net *"_ivl_366", 0 0, L_0000013e46e4f0b0;  1 drivers
v0000013e46de44d0_0 .net *"_ivl_368", 31 0, L_0000013e46e4e250;  1 drivers
L_0000013e46deb370 .functor BUFT 1, C4<00010010>, C4<0>, C4<0>, C4<0>;
v0000013e46de4e30_0 .net/2u *"_ivl_37", 7 0, L_0000013e46deb370;  1 drivers
L_0000013e46debfd0 .functor BUFT 1, C4<0000000000000000000000000000>, C4<0>, C4<0>, C4<0>;
v0000013e46de51f0_0 .net *"_ivl_371", 27 0, L_0000013e46debfd0;  1 drivers
L_0000013e46dec018 .functor BUFT 1, C4<00000000000000000000000000000110>, C4<0>, C4<0>, C4<0>;
v0000013e46de49d0_0 .net/2u *"_ivl_372", 31 0, L_0000013e46dec018;  1 drivers
v0000013e46de5290_0 .net *"_ivl_374", 0 0, L_0000013e46e4f650;  1 drivers
v0000013e46de47f0_0 .net *"_ivl_376", 31 0, L_0000013e46e4fa10;  1 drivers
L_0000013e46dec060 .functor BUFT 1, C4<0000000000000000000000000000>, C4<0>, C4<0>, C4<0>;
v0000013e46de41b0_0 .net *"_ivl_379", 27 0, L_0000013e46dec060;  1 drivers
L_0000013e46dec0a8 .functor BUFT 1, C4<00000000000000000000000000000111>, C4<0>, C4<0>, C4<0>;
v0000013e46de4bb0_0 .net/2u *"_ivl_380", 31 0, L_0000013e46dec0a8;  1 drivers
v0000013e46de4d90_0 .net *"_ivl_382", 0 0, L_0000013e46e4e570;  1 drivers
o0000013e46d81db8 .functor BUFZ 32, C4<zzzzzzzzzzzzzzzzzzzzzzzzzzzzzzzz>; HiZ drive
; Elide local net with no drivers, v0000013e46de4ed0_0 name=_ivl_384
v0000013e46de3d50_0 .net *"_ivl_386", 31 0, L_0000013e46e4e6b0;  1 drivers
v0000013e46de74e0_0 .net *"_ivl_388", 31 0, L_0000013e46e4ea70;  1 drivers
v0000013e46de7120_0 .net *"_ivl_390", 31 0, L_0000013e46e4f1f0;  1 drivers
v0000013e46de7580_0 .net *"_ivl_392", 31 0, L_0000013e46e4dd50;  1 drivers
v0000013e46de7620_0 .net *"_ivl_394", 31 0, L_0000013e46e4e610;  1 drivers
v0000013e46de65e0_0 .net *"_ivl_396", 31 0, L_0000013e46e4e2f0;  1 drivers
v0000013e46de7d00_0 .net *"_ivl_398", 31 0, L_0000013e46e4de90;  1 drivers
L_0000013e46deb328 .functor BUFT 1, C4<00>, C4<0>, C4<0>, C4<0>;
v0000013e46de6a40_0 .net/2s *"_ivl_4", 1 0, L_0000013e46deb328;  1 drivers
v0000013e46de80c0_0 .net *"_ivl_40", 7 0, L_0000013e46e43dd0;  1 drivers
v0000013e46de73a0_0 .net *"_ivl_41", 7 0, L_0000013e46e42250;  1 drivers
L_0000013e46deb3b8 .functor BUFT 1, C4<00000000>, C4<0>, C4<0>, C4<0>;
v0000013e46de71c0_0 .net/2u *"_ivl_46", 7 0, L_0000013e46deb3b8;  1 drivers
v0000013e46de64a0_0 .net *"_ivl_49", 7 0, L_0000013e46e43f10;  1 drivers
v0000013e46de76c0_0 .net *"_ivl_50", 7 0, L_0000013e46e42930;  1 drivers
v0000013e46de6ae0_0 .net *"_ivl_54", 0 0, L_0000013e46e42c50;  1 drivers
v0000013e46de62c0_0 .net *"_ivl_56", 0 0, L_0000013e46e42430;  1 drivers
v0000013e46de7760_0 .net *"_ivl_58", 0 0, L_0000013e46e424d0;  1 drivers
v0000013e46de8340_0 .net *"_ivl_6", 1 0, L_0000013e46e43790;  1 drivers
v0000013e46de60e0_0 .net *"_ivl_60", 0 0, L_0000013e46e4d850;  1 drivers
v0000013e46de7440_0 .net *"_ivl_62", 31 0, L_0000013e46e4c3b0;  1 drivers
v0000013e46de7800_0 .net *"_ivl_64", 31 0, L_0000013e46e4b5f0;  1 drivers
v0000013e46de8660_0 .net *"_ivl_66", 31 0, L_0000013e46e4be10;  1 drivers
v0000013e46de7260_0 .net *"_ivl_70", 0 0, L_0000013e46e4d990;  1 drivers
v0000013e46de6c20_0 .net *"_ivl_72", 0 0, L_0000013e46e4c270;  1 drivers
v0000013e46de6ea0_0 .net *"_ivl_74", 0 0, L_0000013e46e4c770;  1 drivers
v0000013e46de7f80_0 .net *"_ivl_76", 0 0, L_0000013e46e4cd10;  1 drivers
v0000013e46de8520_0 .net *"_ivl_78", 31 0, L_0000013e46e4c310;  1 drivers
v0000013e46de6fe0_0 .net *"_ivl_80", 31 0, L_0000013e46e4bb90;  1 drivers
v0000013e46de8160_0 .net *"_ivl_82", 31 0, L_0000013e46e4d2b0;  1 drivers
v0000013e46de6180_0 .net *"_ivl_86", 7 0, L_0000013e46e4b730;  1 drivers
L_0000013e46deb400 .functor BUFT 1, C4<00010001>, C4<0>, C4<0>, C4<0>;
v0000013e46de8200_0 .net/2u *"_ivl_88", 7 0, L_0000013e46deb400;  1 drivers
v0000013e46de7da0_0 .net *"_ivl_90", 0 0, L_0000013e46e4d0d0;  1 drivers
L_0000013e46deb448 .functor BUFT 1, C4<01>, C4<0>, C4<0>, C4<0>;
v0000013e46de6220_0 .net/2s *"_ivl_92", 1 0, L_0000013e46deb448;  1 drivers
L_0000013e46deb490 .functor BUFT 1, C4<00>, C4<0>, C4<0>, C4<0>;
v0000013e46de67c0_0 .net/2s *"_ivl_94", 1 0, L_0000013e46deb490;  1 drivers
v0000013e46de85c0_0 .net *"_ivl_96", 1 0, L_0000013e46e4c090;  1 drivers
v0000013e46de6f40_0 .net "addr", 31 0, v0000013e46de9ec0_0;  1 drivers
v0000013e46de7c60_0 .net "cc", 2 0, L_0000013e46e44190;  alias, 1 drivers
v0000013e46de7080_0 .net "clock", 0 0, v0000013e46de91a0_0;  1 drivers
v0000013e46de79e0_0 .net "d_halt", 0 0, L_0000013e46e4da30;  1 drivers
v0000013e46de7e40_0 .net "d_icode", 3 0, L_0000013e46e44690;  1 drivers
v0000013e46de6860_0 .net "d_ifun", 3 0, L_0000013e46e43650;  1 drivers
v0000013e46de6360_0 .net "d_jflg", 0 0, L_0000013e46e4c950;  1 drivers
v0000013e46de8700_0 .net "d_jpc", 31 0, L_0000013e46e4b7d0;  1 drivers
v0000013e46de6540_0 .net "d_rA", 3 0, L_0000013e46e436f0;  1 drivers
v0000013e46de7300_0 .net "d_rB", 3 0, L_0000013e46e42390;  1 drivers
v0000013e46de6900_0 .net "d_valA", 31 0, L_0000013e46e4d8f0;  1 drivers
v0000013e46de7940_0 .net "d_valA_reg", 31 0, L_0000013e46e44af0;  1 drivers
v0000013e46de78a0_0 .net "d_valB", 31 0, L_0000013e46e4c590;  1 drivers
v0000013e46de69a0_0 .net "d_valB_reg", 31 0, L_0000013e46e43290;  1 drivers
v0000013e46de8480_0 .net "d_valC", 15 0, L_0000013e46e42a70;  1 drivers
v0000013e46de7ee0_0 .net "e_OF", 0 0, L_0000013e46e4dad0;  1 drivers
v0000013e46de7a80_0 .net "e_SF", 0 0, L_0000013e46e4bc30;  1 drivers
v0000013e46de6680_0 .net "e_ZF", 0 0, L_0000013e46e4d710;  1 drivers
v0000013e46de6720_0 .net "e_alufun", 3 0, L_0000013e46e4cbd0;  1 drivers
v0000013e46de7b20_0 .net "e_dstE", 3 0, v0000013e46de0b50_0;  1 drivers
v0000013e46de83e0_0 .net "e_dstM", 3 0, L_0000013e46e4d530;  1 drivers
v0000013e46de7bc0_0 .net "e_halt", 0 0, L_0000013e46e584b0;  1 drivers
v0000013e46de8020_0 .var "e_reg_rst", 0 0;
v0000013e46de6b80_0 .net "e_valA", 31 0, v0000013e46de0790_0;  1 drivers
v0000013e46de87a0_0 .net "e_valB", 31 0, v0000013e46ddfe30_0;  1 drivers
v0000013e46de6d60_0 .net "e_valE", 31 0, L_0000013e46e44870;  1 drivers
v0000013e46de82a0_0 .net "e_valM", 31 0, L_0000013e46e4d490;  1 drivers
v0000013e46de8840_0 .net "f_addr", 31 0, L_0000013e46e426b0;  1 drivers
v0000013e46de6cc0_0 .net "f_rd", 0 0, L_0000013e46e42e30;  1 drivers
v0000013e46de6400_0 .net "f_rdata", 31 0, v0000013e46ddc150_0;  1 drivers
v0000013e46de6e00_0 .net "r0", 31 0, v0000013e46ddecb0_0;  alias, 1 drivers
v0000013e46de88e0_0 .net "r1", 31 0, v0000013e46ddd630_0;  alias, 1 drivers
v0000013e46de8b60_0 .net "r2", 31 0, v0000013e46dddbd0_0;  alias, 1 drivers
v0000013e46de9920_0 .net "r3", 31 0, v0000013e46dddef0_0;  alias, 1 drivers
v0000013e46de8ac0_0 .net "r4", 31 0, v0000013e46ddd950_0;  alias, 1 drivers
v0000013e46de9060_0 .net "r5", 31 0, v0000013e46ddd9f0_0;  alias, 1 drivers
v0000013e46de8a20_0 .net "r6", 31 0, v0000013e46ddda90_0;  alias, 1 drivers
v0000013e46de8c00_0 .net "r7", 31 0, v0000013e46dddb30_0;  alias, 1 drivers
v0000013e46de8de0_0 .net "rID", 3 0, v0000013e46de9600_0;  1 drivers
v0000013e46de8980_0 .net "rdata", 31 0, L_0000013e46e4dfd0;  alias, 1 drivers
v0000013e46de8ca0_0 .net "valE", 31 0, L_0000013e46e4a9e0;  alias, 1 drivers
v0000013e46de9100_0 .net "w_dstE", 3 0, v0000013e46ddf890_0;  1 drivers
v0000013e46de8e80_0 .net "w_dstM", 3 0, v0000013e46de0bf0_0;  1 drivers
v0000013e46de8fc0_0 .net "w_valE", 31 0, v0000013e46ddf930_0;  1 drivers
v0000013e46de9b00_0 .net "w_valM", 31 0, v0000013e46ddfed0_0;  1 drivers
v0000013e46de8d40_0 .net "wdata", 31 0, v0000013e46de9ba0_0;  1 drivers
v0000013e46de8f20_0 .net "working", 0 0, v0000013e46de9ce0_0;  1 drivers
v0000013e46de96a0_0 .net "wr", 0 0, v0000013e46de9c40_0;  1 drivers
L_0000013e46e426b0 .functor MUXZ 32, v0000013e46de9ec0_0, v0000013e46de0290_0, v0000013e46de9ce0_0, C4<>;
L_0000013e46e43790 .functor MUXZ 2, L_0000013e46deb328, L_0000013e46deb2e0, v0000013e46de9ce0_0, C4<>;
L_0000013e46e42e30 .part L_0000013e46e43790, 0, 1;
L_0000013e46e44690 .part L_0000013e46e42250, 4, 4;
L_0000013e46e43650 .part L_0000013e46e42250, 0, 4;
L_0000013e46e43dd0 .part L_0000013e46e4a820, 24, 8;
L_0000013e46e42250 .functor MUXZ 8, L_0000013e46e43dd0, L_0000013e46deb370, v0000013e46de0d30_0, C4<>;
L_0000013e46e436f0 .part L_0000013e46e42930, 4, 4;
L_0000013e46e42390 .part L_0000013e46e42930, 0, 4;
L_0000013e46e43f10 .part L_0000013e46e4a820, 16, 8;
L_0000013e46e42930 .functor MUXZ 8, L_0000013e46e43f10, L_0000013e46deb3b8, v0000013e46de0d30_0, C4<>;
L_0000013e46e42a70 .part L_0000013e46e4a820, 0, 16;
L_0000013e46e42c50 .cmp/eq 4, v0000013e46de0b50_0, L_0000013e46e436f0;
L_0000013e46e42430 .cmp/eq 4, L_0000013e46e4d530, L_0000013e46e436f0;
L_0000013e46e424d0 .cmp/eq 4, v0000013e46ddf890_0, L_0000013e46e436f0;
L_0000013e46e4d850 .cmp/eq 4, v0000013e46de0bf0_0, L_0000013e46e436f0;
L_0000013e46e4c3b0 .functor MUXZ 32, L_0000013e46e44af0, v0000013e46ddfed0_0, L_0000013e46e4d850, C4<>;
L_0000013e46e4b5f0 .functor MUXZ 32, L_0000013e46e4c3b0, v0000013e46ddf930_0, L_0000013e46e424d0, C4<>;
L_0000013e46e4be10 .functor MUXZ 32, L_0000013e46e4b5f0, L_0000013e46e4d490, L_0000013e46e42430, C4<>;
L_0000013e46e4d8f0 .functor MUXZ 32, L_0000013e46e4be10, L_0000013e46e44870, L_0000013e46e42c50, C4<>;
L_0000013e46e4d990 .cmp/eq 4, v0000013e46de0b50_0, L_0000013e46e42390;
L_0000013e46e4c270 .cmp/eq 4, L_0000013e46e4d530, L_0000013e46e42390;
L_0000013e46e4c770 .cmp/eq 4, v0000013e46ddf890_0, L_0000013e46e42390;
L_0000013e46e4cd10 .cmp/eq 4, v0000013e46de0bf0_0, L_0000013e46e42390;
L_0000013e46e4c310 .functor MUXZ 32, L_0000013e46e43290, v0000013e46ddfed0_0, L_0000013e46e4cd10, C4<>;
L_0000013e46e4bb90 .functor MUXZ 32, L_0000013e46e4c310, v0000013e46ddf930_0, L_0000013e46e4c770, C4<>;
L_0000013e46e4d2b0 .functor MUXZ 32, L_0000013e46e4bb90, L_0000013e46e4d490, L_0000013e46e4c270, C4<>;
L_0000013e46e4c590 .functor MUXZ 32, L_0000013e46e4d2b0, L_0000013e46e44870, L_0000013e46e4d990, C4<>;
L_0000013e46e4b730 .concat [ 4 4 0 0], L_0000013e46e43650, L_0000013e46e44690;
L_0000013e46e4d0d0 .cmp/eq 8, L_0000013e46e4b730, L_0000013e46deb400;
L_0000013e46e4c090 .functor MUXZ 2, L_0000013e46deb490, L_0000013e46deb448, L_0000013e46e4d0d0, C4<>;
L_0000013e46e4da30 .part L_0000013e46e4c090, 0, 1;
L_0000013e46e4c6d0 .concat [ 4 4 0 0], L_0000013e46e43650, L_0000013e46e44690;
L_0000013e46e4c810 .cmp/eq 8, L_0000013e46e4c6d0, L_0000013e46deb4d8;
L_0000013e46e4cdb0 .concat [ 4 4 0 0], L_0000013e46e43650, L_0000013e46e44690;
L_0000013e46e4d350 .cmp/eq 8, L_0000013e46e4cdb0, L_0000013e46deb568;
L_0000013e46e4c630 .concat [ 4 4 0 0], L_0000013e46e43650, L_0000013e46e44690;
L_0000013e46e4db70 .cmp/eq 8, L_0000013e46e4c630, L_0000013e46deb5f8;
L_0000013e46e4b550 .concat [ 4 4 0 0], L_0000013e46e43650, L_0000013e46e44690;
L_0000013e46e4cef0 .cmp/eq 8, L_0000013e46e4b550, L_0000013e46deb688;
L_0000013e46e4cf90 .concat [ 4 4 0 0], L_0000013e46e43650, L_0000013e46e44690;
L_0000013e46e4d030 .cmp/eq 8, L_0000013e46e4cf90, L_0000013e46deb718;
L_0000013e46e4c450 .concat [ 4 4 0 0], L_0000013e46e43650, L_0000013e46e44690;
L_0000013e46e4c9f0 .cmp/eq 8, L_0000013e46e4c450, L_0000013e46deb7a8;
L_0000013e46e4d210 .concat [ 4 4 0 0], L_0000013e46e43650, L_0000013e46e44690;
L_0000013e46e4c4f0 .cmp/eq 8, L_0000013e46e4d210, L_0000013e46deb838;
L_0000013e46e4d3f0 .functor MUXZ 2, L_0000013e46deb8c8, L_0000013e46deb880, L_0000013e46e4a6d0, C4<>;
L_0000013e46e4c8b0 .functor MUXZ 2, L_0000013e46e4d3f0, L_0000013e46deb7f0, L_0000013e46e4a2e0, C4<>;
L_0000013e46e4b870 .functor MUXZ 2, L_0000013e46e4c8b0, L_0000013e46deb760, L_0000013e46e4aba0, C4<>;
L_0000013e46e4b910 .functor MUXZ 2, L_0000013e46e4b870, L_0000013e46deb6d0, L_0000013e46e4a120, C4<>;
L_0000013e46e4b690 .functor MUXZ 2, L_0000013e46e4b910, L_0000013e46deb640, L_0000013e46e4a350, C4<>;
L_0000013e46e4bcd0 .functor MUXZ 2, L_0000013e46e4b690, L_0000013e46deb5b0, L_0000013e46e4ae40, C4<>;
L_0000013e46e4dc10 .functor MUXZ 2, L_0000013e46e4bcd0, L_0000013e46deb520, L_0000013e46e4a890, C4<>;
L_0000013e46e4c950 .part L_0000013e46e4dc10, 0, 1;
L_0000013e46e4b7d0 .concat [ 16 4 4 8], L_0000013e46e42a70, L_0000013e46e42390, L_0000013e46e436f0, L_0000013e46deb910;
L_0000013e46e4d490 .concat [ 16 16 0 0], v0000013e46ddfd90_0, L_0000013e46deb958;
L_0000013e46e4d7b0 .concat [ 4 4 0 0], v0000013e46de0e70_0, v0000013e46de0dd0_0;
L_0000013e46e4d170 .cmp/eq 8, L_0000013e46e4d7b0, L_0000013e46deb9a0;
L_0000013e46e4d530 .functor MUXZ 4, L_0000013e46deb9e8, v0000013e46de00b0_0, L_0000013e46e4d170, C4<>;
L_0000013e46e4ba50 .concat [ 4 4 0 0], v0000013e46de0e70_0, v0000013e46de0dd0_0;
L_0000013e46e4beb0 .cmp/eq 8, L_0000013e46e4ba50, L_0000013e46deba30;
L_0000013e46e4b9b0 .concat [ 4 4 0 0], v0000013e46de0e70_0, v0000013e46de0dd0_0;
L_0000013e46e4ca90 .cmp/eq 8, L_0000013e46e4b9b0, L_0000013e46debac0;
L_0000013e46e4dcb0 .concat [ 4 4 0 0], v0000013e46de0e70_0, v0000013e46de0dd0_0;
L_0000013e46e4baf0 .cmp/eq 8, L_0000013e46e4dcb0, L_0000013e46debb50;
L_0000013e46e4d5d0 .concat [ 4 4 0 0], v0000013e46de0e70_0, v0000013e46de0dd0_0;
L_0000013e46e4c130 .cmp/eq 8, L_0000013e46e4d5d0, L_0000013e46debbe0;
L_0000013e46e4ce50 .functor MUXZ 4, o0000013e46d816c8, L_0000013e46debc28, L_0000013e46e4c130, C4<>;
L_0000013e46e4d670 .functor MUXZ 4, L_0000013e46e4ce50, L_0000013e46debb98, L_0000013e46e4baf0, C4<>;
L_0000013e46e4cb30 .functor MUXZ 4, L_0000013e46e4d670, L_0000013e46debb08, L_0000013e46e4ca90, C4<>;
L_0000013e46e4cbd0 .functor MUXZ 4, L_0000013e46e4cb30, L_0000013e46deba78, L_0000013e46e4beb0, C4<>;
L_0000013e46e4d710 .part L_0000013e46e44190, 2, 1;
L_0000013e46e4bc30 .part L_0000013e46e44190, 1, 1;
L_0000013e46e4dad0 .part L_0000013e46e44190, 0, 1;
L_0000013e46e4bd70 .concat [ 4 28 0 0], v0000013e46de9600_0, L_0000013e46debc70;
L_0000013e46e4bf50 .cmp/eq 32, L_0000013e46e4bd70, L_0000013e46debcb8;
L_0000013e46e4bff0 .concat [ 4 28 0 0], v0000013e46de9600_0, L_0000013e46debd00;
L_0000013e46e4c1d0 .cmp/eq 32, L_0000013e46e4bff0, L_0000013e46debd48;
L_0000013e46e4cc70 .concat [ 4 28 0 0], v0000013e46de9600_0, L_0000013e46debd90;
L_0000013e46e4e4d0 .cmp/eq 32, L_0000013e46e4cc70, L_0000013e46debdd8;
L_0000013e46e50230 .concat [ 4 28 0 0], v0000013e46de9600_0, L_0000013e46debe20;
L_0000013e46e4ee30 .cmp/eq 32, L_0000013e46e50230, L_0000013e46debe68;
L_0000013e46e4f290 .concat [ 4 28 0 0], v0000013e46de9600_0, L_0000013e46debeb0;
L_0000013e46e4fab0 .cmp/eq 32, L_0000013e46e4f290, L_0000013e46debef8;
L_0000013e46e4e1b0 .concat [ 4 28 0 0], v0000013e46de9600_0, L_0000013e46debf40;
L_0000013e46e4f0b0 .cmp/eq 32, L_0000013e46e4e1b0, L_0000013e46debf88;
L_0000013e46e4e250 .concat [ 4 28 0 0], v0000013e46de9600_0, L_0000013e46debfd0;
L_0000013e46e4f650 .cmp/eq 32, L_0000013e46e4e250, L_0000013e46dec018;
L_0000013e46e4fa10 .concat [ 4 28 0 0], v0000013e46de9600_0, L_0000013e46dec060;
L_0000013e46e4e570 .cmp/eq 32, L_0000013e46e4fa10, L_0000013e46dec0a8;
L_0000013e46e4e6b0 .functor MUXZ 32, o0000013e46d81db8, v0000013e46dddb30_0, L_0000013e46e4e570, C4<>;
L_0000013e46e4ea70 .functor MUXZ 32, L_0000013e46e4e6b0, v0000013e46ddda90_0, L_0000013e46e4f650, C4<>;
L_0000013e46e4f1f0 .functor MUXZ 32, L_0000013e46e4ea70, v0000013e46ddd9f0_0, L_0000013e46e4f0b0, C4<>;
L_0000013e46e4dd50 .functor MUXZ 32, L_0000013e46e4f1f0, v0000013e46ddd950_0, L_0000013e46e4fab0, C4<>;
L_0000013e46e4e610 .functor MUXZ 32, L_0000013e46e4dd50, v0000013e46dddef0_0, L_0000013e46e4ee30, C4<>;
L_0000013e46e4e2f0 .functor MUXZ 32, L_0000013e46e4e610, v0000013e46dddbd0_0, L_0000013e46e4e4d0, C4<>;
L_0000013e46e4de90 .functor MUXZ 32, L_0000013e46e4e2f0, v0000013e46ddd630_0, L_0000013e46e4c1d0, C4<>;
L_0000013e46e4dfd0 .functor MUXZ 32, L_0000013e46e4de90, v0000013e46ddecb0_0, L_0000013e46e4bf50, C4<>;
S_0000013e46c6bb80 .scope module, "alu" "alu" 3 79, 4 2 0, S_0000013e46c6b9f0;
 .timescale -9 -11;
    .port_info 0 /INPUT 32 "aluA";
    .port_info 1 /INPUT 32 "aluB";
    .port_info 2 /INPUT 4 "alufun";
    .port_info 3 /OUTPUT 32 "valE";
    .port_info 4 /OUTPUT 3 "cc";
L_0000013e46cdcdc0 .functor BUFZ 32, v0000013e46de0790_0, C4<00000000000000000000000000000000>, C4<00000000000000000000000000000000>, C4<00000000000000000000000000000000>;
L_0000013e46cdd760 .functor BUFZ 32, v0000013e46ddfe30_0, C4<00000000000000000000000000000000>, C4<00000000000000000000000000000000>, C4<00000000000000000000000000000000>;
L_0000013e46cdd370 .functor BUFZ 32, L_0000013e46e44870, C4<00000000000000000000000000000000>, C4<00000000000000000000000000000000>, C4<00000000000000000000000000000000>;
L_0000013e46cdd7d0 .functor AND 32, v0000013e46de0790_0, v0000013e46ddfe30_0, C4<11111111111111111111111111111111>, C4<11111111111111111111111111111111>;
L_0000013e46cdd8b0 .functor NOT 32, v0000013e46de0790_0, C4<00000000000000000000000000000000>, C4<00000000000000000000000000000000>, C4<00000000000000000000000000000000>;
L_0000013e46cdcf10 .functor AND 32, L_0000013e46cdd8b0, v0000013e46ddfe30_0, C4<11111111111111111111111111111111>, C4<11111111111111111111111111111111>;
L_0000013e46cdd920 .functor NOT 32, v0000013e46ddfe30_0, C4<00000000000000000000000000000000>, C4<00000000000000000000000000000000>, C4<00000000000000000000000000000000>;
L_0000013e46cdce30 .functor AND 32, v0000013e46de0790_0, L_0000013e46cdd920, C4<11111111111111111111111111111111>, C4<11111111111111111111111111111111>;
L_0000013e46cdcea0 .functor OR 32, L_0000013e46cdcf10, L_0000013e46cdce30, C4<00000000000000000000000000000000>, C4<00000000000000000000000000000000>;
L_0000013e46e4aeb0 .functor AND 1, L_0000013e46e42610, L_0000013e46e42f70, C4<1>, C4<1>;
L_0000013e46e4ac10 .functor AND 1, L_0000013e46e4aeb0, L_0000013e46e44550, C4<1>, C4<1>;
L_0000013e46e4a7b0 .functor AND 1, L_0000013e46e444b0, L_0000013e46e433d0, C4<1>, C4<1>;
L_0000013e46e4add0 .functor AND 1, L_0000013e46e4a7b0, L_0000013e46e42cf0, C4<1>, C4<1>;
L_0000013e46e4ac80 .functor OR 1, L_0000013e46e4ac10, L_0000013e46e4add0, C4<0>, C4<0>;
L_0000013e46e4af20 .functor AND 1, L_0000013e46e43b50, L_0000013e46e43150, C4<1>, C4<1>;
L_0000013e46e4ab30 .functor AND 1, L_0000013e46e4af20, L_0000013e46e43d30, C4<1>, C4<1>;
L_0000013e46e4aa50 .functor AND 1, L_0000013e46e44050, L_0000013e46e43970, C4<1>, C4<1>;
L_0000013e46e4a430 .functor AND 1, L_0000013e46e4aa50, L_0000013e46e43510, C4<1>, C4<1>;
L_0000013e46e4a900 .functor OR 1, L_0000013e46e4ab30, L_0000013e46e4a430, C4<0>, C4<0>;
v0000013e46d5df10_0 .net/s "A", 31 0, L_0000013e46cdcdc0;  1 drivers
v0000013e46d5ced0_0 .net/s "B", 31 0, L_0000013e46cdd760;  1 drivers
v0000013e46d5d010_0 .net/s "E", 31 0, L_0000013e46cdd370;  1 drivers
v0000013e46d5cd90_0 .net "OF", 0 0, L_0000013e46e447d0;  1 drivers
v0000013e46d5c1b0_0 .net "SF", 0 0, L_0000013e46e42d90;  1 drivers
v0000013e46d5ce30_0 .net "ZF", 0 0, L_0000013e46e43830;  1 drivers
L_0000013e46deae60 .functor BUFT 1, C4<00000000000000000000000000000000>, C4<0>, C4<0>, C4<0>;
v0000013e46d5dc90_0 .net/2s *"_ivl_100", 31 0, L_0000013e46deae60;  1 drivers
v0000013e46d5c4d0_0 .net *"_ivl_102", 0 0, L_0000013e46e42610;  1 drivers
L_0000013e46deaea8 .functor BUFT 1, C4<00000000000000000000000000000000>, C4<0>, C4<0>, C4<0>;
v0000013e46d5d790_0 .net/2s *"_ivl_104", 31 0, L_0000013e46deaea8;  1 drivers
v0000013e46d5d150_0 .net *"_ivl_106", 0 0, L_0000013e46e42f70;  1 drivers
v0000013e46d5dd30_0 .net *"_ivl_109", 0 0, L_0000013e46e4aeb0;  1 drivers
L_0000013e46dea998 .functor BUFT 1, C4<0000000000000000000000000000>, C4<0>, C4<0>, C4<0>;
v0000013e46d5c2f0_0 .net *"_ivl_11", 27 0, L_0000013e46dea998;  1 drivers
L_0000013e46deaef0 .functor BUFT 1, C4<00000000000000000000000000000000>, C4<0>, C4<0>, C4<0>;
v0000013e46d5d330_0 .net/2s *"_ivl_110", 31 0, L_0000013e46deaef0;  1 drivers
v0000013e46d5d830_0 .net *"_ivl_112", 0 0, L_0000013e46e44550;  1 drivers
v0000013e46d5d470_0 .net *"_ivl_115", 0 0, L_0000013e46e4ac10;  1 drivers
L_0000013e46deaf38 .functor BUFT 1, C4<00000000000000000000000000000000>, C4<0>, C4<0>, C4<0>;
v0000013e46d5ddd0_0 .net/2s *"_ivl_116", 31 0, L_0000013e46deaf38;  1 drivers
v0000013e46d5d8d0_0 .net *"_ivl_118", 0 0, L_0000013e46e444b0;  1 drivers
L_0000013e46dea9e0 .functor BUFT 1, C4<00000000000000000000000000000000>, C4<0>, C4<0>, C4<0>;
v0000013e46d5de70_0 .net/2u *"_ivl_12", 31 0, L_0000013e46dea9e0;  1 drivers
L_0000013e46deaf80 .functor BUFT 1, C4<00000000000000000000000000000000>, C4<0>, C4<0>, C4<0>;
v0000013e46d5dfb0_0 .net/2s *"_ivl_120", 31 0, L_0000013e46deaf80;  1 drivers
v0000013e46d5c110_0 .net *"_ivl_122", 0 0, L_0000013e46e433d0;  1 drivers
v0000013e46cdbc30_0 .net *"_ivl_125", 0 0, L_0000013e46e4a7b0;  1 drivers
L_0000013e46deafc8 .functor BUFT 1, C4<00000000000000000000000000000000>, C4<0>, C4<0>, C4<0>;
v0000013e46cdb2d0_0 .net/2s *"_ivl_126", 31 0, L_0000013e46deafc8;  1 drivers
v0000013e46cdb690_0 .net *"_ivl_128", 0 0, L_0000013e46e42cf0;  1 drivers
v0000013e46cdc810_0 .net *"_ivl_131", 0 0, L_0000013e46e4add0;  1 drivers
v0000013e46cdc950_0 .net *"_ivl_133", 0 0, L_0000013e46e4ac80;  1 drivers
L_0000013e46deb010 .functor BUFT 1, C4<01>, C4<0>, C4<0>, C4<0>;
v0000013e46cdb410_0 .net/2s *"_ivl_134", 1 0, L_0000013e46deb010;  1 drivers
L_0000013e46deb058 .functor BUFT 1, C4<00>, C4<0>, C4<0>, C4<0>;
v0000013e46cdca90_0 .net/2s *"_ivl_136", 1 0, L_0000013e46deb058;  1 drivers
v0000013e46cdadd0_0 .net *"_ivl_138", 1 0, L_0000013e46e43e70;  1 drivers
v0000013e46cdb5f0_0 .net *"_ivl_14", 0 0, L_0000013e46e445f0;  1 drivers
L_0000013e46deb0a0 .functor BUFT 1, C4<00000000000000000000000000000000>, C4<0>, C4<0>, C4<0>;
v0000013e46cc3070_0 .net/2s *"_ivl_140", 31 0, L_0000013e46deb0a0;  1 drivers
v0000013e46cc45b0_0 .net *"_ivl_142", 0 0, L_0000013e46e43b50;  1 drivers
L_0000013e46deb0e8 .functor BUFT 1, C4<00000000000000000000000000000000>, C4<0>, C4<0>, C4<0>;
v0000013e46cc2b70_0 .net/2s *"_ivl_144", 31 0, L_0000013e46deb0e8;  1 drivers
v0000013e46cc3610_0 .net *"_ivl_146", 0 0, L_0000013e46e43150;  1 drivers
v0000013e46cc37f0_0 .net *"_ivl_149", 0 0, L_0000013e46e4af20;  1 drivers
L_0000013e46deb130 .functor BUFT 1, C4<00000000000000000000000000000000>, C4<0>, C4<0>, C4<0>;
v0000013e46cc3890_0 .net/2s *"_ivl_150", 31 0, L_0000013e46deb130;  1 drivers
v0000013e46cc3cf0_0 .net *"_ivl_152", 0 0, L_0000013e46e43d30;  1 drivers
v0000013e46cb6750_0 .net *"_ivl_155", 0 0, L_0000013e46e4ab30;  1 drivers
L_0000013e46deb178 .functor BUFT 1, C4<00000000000000000000000000000000>, C4<0>, C4<0>, C4<0>;
v0000013e46cb67f0_0 .net/2s *"_ivl_156", 31 0, L_0000013e46deb178;  1 drivers
v0000013e46cb6890_0 .net *"_ivl_158", 0 0, L_0000013e46e44050;  1 drivers
v0000013e46cb6a70_0 .net *"_ivl_16", 31 0, L_0000013e46e44410;  1 drivers
L_0000013e46deb1c0 .functor BUFT 1, C4<00000000000000000000000000000000>, C4<0>, C4<0>, C4<0>;
v0000013e46c674d0_0 .net/2s *"_ivl_160", 31 0, L_0000013e46deb1c0;  1 drivers
v0000013e46c68510_0 .net *"_ivl_162", 0 0, L_0000013e46e43970;  1 drivers
v0000013e46c97d20_0 .net *"_ivl_165", 0 0, L_0000013e46e4aa50;  1 drivers
L_0000013e46deb208 .functor BUFT 1, C4<00000000000000000000000000000000>, C4<0>, C4<0>, C4<0>;
v0000013e46c98360_0 .net/2s *"_ivl_166", 31 0, L_0000013e46deb208;  1 drivers
v0000013e46dda0a0_0 .net *"_ivl_168", 0 0, L_0000013e46e43510;  1 drivers
v0000013e46dd91a0_0 .net *"_ivl_171", 0 0, L_0000013e46e4a430;  1 drivers
v0000013e46ddab40_0 .net *"_ivl_173", 0 0, L_0000013e46e4a900;  1 drivers
L_0000013e46deb250 .functor BUFT 1, C4<01>, C4<0>, C4<0>, C4<0>;
v0000013e46dd9d80_0 .net/2s *"_ivl_174", 1 0, L_0000013e46deb250;  1 drivers
L_0000013e46deb298 .functor BUFT 1, C4<00>, C4<0>, C4<0>, C4<0>;
v0000013e46ddaa00_0 .net/2s *"_ivl_176", 1 0, L_0000013e46deb298;  1 drivers
v0000013e46ddabe0_0 .net *"_ivl_178", 1 0, L_0000013e46e44230;  1 drivers
v0000013e46dda820_0 .net *"_ivl_18", 31 0, L_0000013e46e43ab0;  1 drivers
v0000013e46dd9060_0 .net *"_ivl_180", 1 0, L_0000013e46e43a10;  1 drivers
L_0000013e46deaa28 .functor BUFT 1, C4<0000000000000000000000000000>, C4<0>, C4<0>, C4<0>;
v0000013e46dda500_0 .net *"_ivl_21", 27 0, L_0000013e46deaa28;  1 drivers
L_0000013e46deaa70 .functor BUFT 1, C4<00000000000000000000000000000001>, C4<0>, C4<0>, C4<0>;
v0000013e46ddaf00_0 .net/2u *"_ivl_22", 31 0, L_0000013e46deaa70;  1 drivers
v0000013e46dd9ba0_0 .net *"_ivl_24", 0 0, L_0000013e46e43fb0;  1 drivers
v0000013e46ddaaa0_0 .net *"_ivl_26", 31 0, L_0000013e46e43010;  1 drivers
v0000013e46dda6e0_0 .net *"_ivl_28", 31 0, L_0000013e46e42750;  1 drivers
L_0000013e46deaab8 .functor BUFT 1, C4<0000000000000000000000000000>, C4<0>, C4<0>, C4<0>;
v0000013e46dda8c0_0 .net *"_ivl_31", 27 0, L_0000013e46deaab8;  1 drivers
L_0000013e46deab00 .functor BUFT 1, C4<00000000000000000000000000000010>, C4<0>, C4<0>, C4<0>;
v0000013e46dda960_0 .net/2u *"_ivl_32", 31 0, L_0000013e46deab00;  1 drivers
v0000013e46dd99c0_0 .net *"_ivl_34", 0 0, L_0000013e46e42110;  1 drivers
v0000013e46dd9c40_0 .net *"_ivl_36", 31 0, L_0000013e46cdd7d0;  1 drivers
v0000013e46dda640_0 .net *"_ivl_38", 31 0, L_0000013e46e42ed0;  1 drivers
L_0000013e46deab48 .functor BUFT 1, C4<0000000000000000000000000000>, C4<0>, C4<0>, C4<0>;
v0000013e46dd9ce0_0 .net *"_ivl_41", 27 0, L_0000013e46deab48;  1 drivers
L_0000013e46deab90 .functor BUFT 1, C4<00000000000000000000000000000011>, C4<0>, C4<0>, C4<0>;
v0000013e46dd9740_0 .net/2u *"_ivl_42", 31 0, L_0000013e46deab90;  1 drivers
v0000013e46dda140_0 .net *"_ivl_44", 0 0, L_0000013e46e422f0;  1 drivers
v0000013e46dd96a0_0 .net *"_ivl_46", 31 0, L_0000013e46cdd8b0;  1 drivers
v0000013e46dd9e20_0 .net *"_ivl_48", 31 0, L_0000013e46cdcf10;  1 drivers
v0000013e46dd97e0_0 .net *"_ivl_50", 31 0, L_0000013e46cdd920;  1 drivers
v0000013e46ddac80_0 .net *"_ivl_52", 31 0, L_0000013e46cdce30;  1 drivers
v0000013e46dd9f60_0 .net *"_ivl_54", 31 0, L_0000013e46cdcea0;  1 drivers
o0000013e46d7e578 .functor BUFZ 32, C4<zzzzzzzzzzzzzzzzzzzzzzzzzzzzzzzz>; HiZ drive
; Elide local net with no drivers, v0000013e46dda280_0 name=_ivl_56
v0000013e46dd9ec0_0 .net *"_ivl_58", 31 0, L_0000013e46e427f0;  1 drivers
v0000013e46ddadc0_0 .net *"_ivl_60", 31 0, L_0000013e46e43470;  1 drivers
v0000013e46ddad20_0 .net *"_ivl_62", 31 0, L_0000013e46e430b0;  1 drivers
L_0000013e46deabd8 .functor BUFT 1, C4<00000000000000000000000000000000>, C4<0>, C4<0>, C4<0>;
v0000013e46dd9560_0 .net/2u *"_ivl_66", 31 0, L_0000013e46deabd8;  1 drivers
v0000013e46dda000_0 .net *"_ivl_68", 0 0, L_0000013e46e42890;  1 drivers
L_0000013e46deac20 .functor BUFT 1, C4<1>, C4<0>, C4<0>, C4<0>;
v0000013e46dd9600_0 .net/2u *"_ivl_70", 0 0, L_0000013e46deac20;  1 drivers
L_0000013e46deac68 .functor BUFT 1, C4<0>, C4<0>, C4<0>, C4<0>;
v0000013e46ddae60_0 .net/2u *"_ivl_72", 0 0, L_0000013e46deac68;  1 drivers
v0000013e46dda1e0_0 .net *"_ivl_77", 0 0, L_0000013e46e435b0;  1 drivers
v0000013e46dd9100_0 .net *"_ivl_78", 31 0, L_0000013e46e42bb0;  1 drivers
v0000013e46dd9240_0 .net *"_ivl_8", 31 0, L_0000013e46e43330;  1 drivers
L_0000013e46deacb0 .functor BUFT 1, C4<0000000000000000000000000000000>, C4<0>, C4<0>, C4<0>;
v0000013e46dd9a60_0 .net *"_ivl_81", 30 0, L_0000013e46deacb0;  1 drivers
L_0000013e46deacf8 .functor BUFT 1, C4<00000000000000000000000000000001>, C4<0>, C4<0>, C4<0>;
v0000013e46dd92e0_0 .net/2u *"_ivl_82", 31 0, L_0000013e46deacf8;  1 drivers
v0000013e46dda320_0 .net *"_ivl_84", 0 0, L_0000013e46e43c90;  1 drivers
L_0000013e46dead40 .functor BUFT 1, C4<1>, C4<0>, C4<0>, C4<0>;
v0000013e46dd9b00_0 .net/2u *"_ivl_86", 0 0, L_0000013e46dead40;  1 drivers
L_0000013e46dead88 .functor BUFT 1, C4<0>, C4<0>, C4<0>, C4<0>;
v0000013e46dda5a0_0 .net/2u *"_ivl_88", 0 0, L_0000013e46dead88;  1 drivers
v0000013e46dd9380_0 .net *"_ivl_92", 31 0, L_0000013e46e42570;  1 drivers
L_0000013e46deadd0 .functor BUFT 1, C4<0000000000000000000000000000>, C4<0>, C4<0>, C4<0>;
v0000013e46dda3c0_0 .net *"_ivl_95", 27 0, L_0000013e46deadd0;  1 drivers
L_0000013e46deae18 .functor BUFT 1, C4<00000000000000000000000000000001>, C4<0>, C4<0>, C4<0>;
v0000013e46dda460_0 .net/2u *"_ivl_96", 31 0, L_0000013e46deae18;  1 drivers
v0000013e46dd9420_0 .net *"_ivl_98", 0 0, L_0000013e46e421b0;  1 drivers
v0000013e46dda780_0 .net "aluA", 31 0, v0000013e46de0790_0;  alias, 1 drivers
v0000013e46dd94c0_0 .net "aluB", 31 0, v0000013e46ddfe30_0;  alias, 1 drivers
v0000013e46dd9880_0 .net "alufun", 3 0, L_0000013e46e4cbd0;  alias, 1 drivers
v0000013e46dd9920_0 .net "cc", 2 0, L_0000013e46e44190;  alias, 1 drivers
v0000013e46ddc510_0 .net "valE", 31 0, L_0000013e46e44870;  alias, 1 drivers
L_0000013e46e44190 .concat [ 1 1 1 0], L_0000013e46e447d0, L_0000013e46e42d90, L_0000013e46e43830;
L_0000013e46e43330 .concat [ 4 28 0 0], L_0000013e46e4cbd0, L_0000013e46dea998;
L_0000013e46e445f0 .cmp/eq 32, L_0000013e46e43330, L_0000013e46dea9e0;
L_0000013e46e44410 .arith/sum 32, v0000013e46de0790_0, v0000013e46ddfe30_0;
L_0000013e46e43ab0 .concat [ 4 28 0 0], L_0000013e46e4cbd0, L_0000013e46deaa28;
L_0000013e46e43fb0 .cmp/eq 32, L_0000013e46e43ab0, L_0000013e46deaa70;
L_0000013e46e43010 .arith/sub 32, v0000013e46de0790_0, v0000013e46ddfe30_0;
L_0000013e46e42750 .concat [ 4 28 0 0], L_0000013e46e4cbd0, L_0000013e46deaab8;
L_0000013e46e42110 .cmp/eq 32, L_0000013e46e42750, L_0000013e46deab00;
L_0000013e46e42ed0 .concat [ 4 28 0 0], L_0000013e46e4cbd0, L_0000013e46deab48;
L_0000013e46e422f0 .cmp/eq 32, L_0000013e46e42ed0, L_0000013e46deab90;
L_0000013e46e427f0 .functor MUXZ 32, o0000013e46d7e578, L_0000013e46cdcea0, L_0000013e46e422f0, C4<>;
L_0000013e46e43470 .functor MUXZ 32, L_0000013e46e427f0, L_0000013e46cdd7d0, L_0000013e46e42110, C4<>;
L_0000013e46e430b0 .functor MUXZ 32, L_0000013e46e43470, L_0000013e46e43010, L_0000013e46e43fb0, C4<>;
L_0000013e46e44870 .functor MUXZ 32, L_0000013e46e430b0, L_0000013e46e44410, L_0000013e46e445f0, C4<>;
L_0000013e46e42890 .cmp/eq 32, L_0000013e46e44870, L_0000013e46deabd8;
L_0000013e46e43830 .functor MUXZ 1, L_0000013e46deac68, L_0000013e46deac20, L_0000013e46e42890, C4<>;
L_0000013e46e435b0 .part L_0000013e46e44870, 31, 1;
L_0000013e46e42bb0 .concat [ 1 31 0 0], L_0000013e46e435b0, L_0000013e46deacb0;
L_0000013e46e43c90 .cmp/eq 32, L_0000013e46e42bb0, L_0000013e46deacf8;
L_0000013e46e42d90 .functor MUXZ 1, L_0000013e46dead88, L_0000013e46dead40, L_0000013e46e43c90, C4<>;
L_0000013e46e42570 .concat [ 4 28 0 0], L_0000013e46e4cbd0, L_0000013e46deadd0;
L_0000013e46e421b0 .cmp/eq 32, L_0000013e46e42570, L_0000013e46deae18;
L_0000013e46e42610 .cmp/gt.s 32, L_0000013e46cdcdc0, L_0000013e46deae60;
L_0000013e46e42f70 .cmp/gt.s 32, L_0000013e46deaea8, L_0000013e46cdd760;
L_0000013e46e44550 .cmp/ge.s 32, L_0000013e46deaef0, L_0000013e46cdd370;
L_0000013e46e444b0 .cmp/gt.s 32, L_0000013e46deaf38, L_0000013e46cdcdc0;
L_0000013e46e433d0 .cmp/gt.s 32, L_0000013e46cdd760, L_0000013e46deaf80;
L_0000013e46e42cf0 .cmp/ge.s 32, L_0000013e46cdd370, L_0000013e46deafc8;
L_0000013e46e43e70 .functor MUXZ 2, L_0000013e46deb058, L_0000013e46deb010, L_0000013e46e4ac80, C4<>;
L_0000013e46e43b50 .cmp/gt.s 32, L_0000013e46deb0a0, L_0000013e46cdcdc0;
L_0000013e46e43150 .cmp/gt.s 32, L_0000013e46deb0e8, L_0000013e46cdd760;
L_0000013e46e43d30 .cmp/ge.s 32, L_0000013e46cdd370, L_0000013e46deb130;
L_0000013e46e44050 .cmp/ge.s 32, L_0000013e46cdcdc0, L_0000013e46deb178;
L_0000013e46e43970 .cmp/ge.s 32, L_0000013e46cdd760, L_0000013e46deb1c0;
L_0000013e46e43510 .cmp/gt.s 32, L_0000013e46deb208, L_0000013e46cdd370;
L_0000013e46e44230 .functor MUXZ 2, L_0000013e46deb298, L_0000013e46deb250, L_0000013e46e4a900, C4<>;
L_0000013e46e43a10 .functor MUXZ 2, L_0000013e46e44230, L_0000013e46e43e70, L_0000013e46e421b0, C4<>;
L_0000013e46e447d0 .part L_0000013e46e43a10, 0, 1;
S_0000013e46c85360 .scope module, "ram" "ram" 3 51, 5 3 0, S_0000013e46c6b9f0;
 .timescale -9 -11;
    .port_info 0 /INPUT 1 "clock";
    .port_info 1 /INPUT 32 "addr";
    .port_info 2 /INPUT 1 "wr";
    .port_info 3 /INPUT 32 "wdata";
    .port_info 4 /INPUT 1 "rd";
    .port_info 5 /OUTPUT 32 "rdata";
v0000013e46ddce70_0 .net "addr", 31 0, L_0000013e46e426b0;  alias, 1 drivers
v0000013e46ddc010_0 .net "clock", 0 0, v0000013e46de91a0_0;  alias, 1 drivers
v0000013e46ddb610 .array "ram", 0 255, 31 0;
v0000013e46ddc0b0_0 .net "rd", 0 0, L_0000013e46e42e30;  alias, 1 drivers
v0000013e46ddc150_0 .var "rdata", 31 0;
v0000013e46ddb750_0 .net "wdata", 31 0, v0000013e46de9ba0_0;  alias, 1 drivers
v0000013e46ddc6f0_0 .net "wr", 0 0, v0000013e46de9c40_0;  alias, 1 drivers
E_0000013e46cce540 .event posedge, v0000013e46ddc010_0;
S_0000013e46c854f0 .scope module, "regfile" "regfile" 3 59, 6 3 0, S_0000013e46c6b9f0;
 .timescale -9 -11;
    .port_info 0 /INPUT 4 "dstE";
    .port_info 1 /INPUT 32 "valE";
    .port_info 2 /INPUT 4 "dstM";
    .port_info 3 /INPUT 32 "valM";
    .port_info 4 /INPUT 4 "rA";
    .port_info 5 /INPUT 4 "rB";
    .port_info 6 /INPUT 1 "reset";
    .port_info 7 /INPUT 1 "clock";
    .port_info 8 /OUTPUT 32 "valA";
    .port_info 9 /OUTPUT 32 "valB";
    .port_info 10 /OUTPUT 32 "r0";
    .port_info 11 /OUTPUT 32 "r1";
    .port_info 12 /OUTPUT 32 "r2";
    .port_info 13 /OUTPUT 32 "r3";
    .port_info 14 /OUTPUT 32 "r4";
    .port_info 15 /OUTPUT 32 "r5";
    .port_info 16 /OUTPUT 32 "r6";
    .port_info 17 /OUTPUT 32 "r7";
v0000013e46ddb070_0 .net *"_ivl_0", 31 0, L_0000013e46de9d80;  1 drivers
L_0000013e46dea638 .functor BUFT 1, C4<0000000000000000000000000000>, C4<0>, C4<0>, C4<0>;
v0000013e46ddcdd0_0 .net *"_ivl_101", 27 0, L_0000013e46dea638;  1 drivers
L_0000013e46dea680 .functor BUFT 1, C4<00000000000000000000000000000010>, C4<0>, C4<0>, C4<0>;
v0000013e46ddb110_0 .net/2u *"_ivl_102", 31 0, L_0000013e46dea680;  1 drivers
v0000013e46ddc970_0 .net *"_ivl_104", 0 0, L_0000013e46e459f0;  1 drivers
v0000013e46ddcf10_0 .net *"_ivl_106", 31 0, L_0000013e46e45270;  1 drivers
L_0000013e46dea6c8 .functor BUFT 1, C4<0000000000000000000000000000>, C4<0>, C4<0>, C4<0>;
v0000013e46ddb1b0_0 .net *"_ivl_109", 27 0, L_0000013e46dea6c8;  1 drivers
L_0000013e46dea128 .functor BUFT 1, C4<0000000000000000000000000000>, C4<0>, C4<0>, C4<0>;
v0000013e46ddc3d0_0 .net *"_ivl_11", 27 0, L_0000013e46dea128;  1 drivers
L_0000013e46dea710 .functor BUFT 1, C4<00000000000000000000000000000011>, C4<0>, C4<0>, C4<0>;
v0000013e46ddb390_0 .net/2u *"_ivl_110", 31 0, L_0000013e46dea710;  1 drivers
v0000013e46ddc830_0 .net *"_ivl_112", 0 0, L_0000013e46e45b30;  1 drivers
v0000013e46ddb7f0_0 .net *"_ivl_114", 31 0, L_0000013e46e45bd0;  1 drivers
L_0000013e46dea758 .functor BUFT 1, C4<0000000000000000000000000000>, C4<0>, C4<0>, C4<0>;
v0000013e46ddb430_0 .net *"_ivl_117", 27 0, L_0000013e46dea758;  1 drivers
L_0000013e46dea7a0 .functor BUFT 1, C4<00000000000000000000000000000100>, C4<0>, C4<0>, C4<0>;
v0000013e46ddc8d0_0 .net/2u *"_ivl_118", 31 0, L_0000013e46dea7a0;  1 drivers
L_0000013e46dea170 .functor BUFT 1, C4<00000000000000000000000000000001>, C4<0>, C4<0>, C4<0>;
v0000013e46ddb4d0_0 .net/2u *"_ivl_12", 31 0, L_0000013e46dea170;  1 drivers
v0000013e46ddb250_0 .net *"_ivl_120", 0 0, L_0000013e46e44c30;  1 drivers
v0000013e46ddb890_0 .net *"_ivl_122", 31 0, L_0000013e46e453b0;  1 drivers
L_0000013e46dea7e8 .functor BUFT 1, C4<0000000000000000000000000000>, C4<0>, C4<0>, C4<0>;
v0000013e46ddc5b0_0 .net *"_ivl_125", 27 0, L_0000013e46dea7e8;  1 drivers
L_0000013e46dea830 .functor BUFT 1, C4<00000000000000000000000000000101>, C4<0>, C4<0>, C4<0>;
v0000013e46ddc470_0 .net/2u *"_ivl_126", 31 0, L_0000013e46dea830;  1 drivers
v0000013e46ddcd30_0 .net *"_ivl_128", 0 0, L_0000013e46e44cd0;  1 drivers
v0000013e46ddb2f0_0 .net *"_ivl_130", 31 0, L_0000013e46e45310;  1 drivers
L_0000013e46dea878 .functor BUFT 1, C4<0000000000000000000000000000>, C4<0>, C4<0>, C4<0>;
v0000013e46ddcb50_0 .net *"_ivl_133", 27 0, L_0000013e46dea878;  1 drivers
L_0000013e46dea8c0 .functor BUFT 1, C4<00000000000000000000000000000110>, C4<0>, C4<0>, C4<0>;
v0000013e46ddb570_0 .net/2u *"_ivl_134", 31 0, L_0000013e46dea8c0;  1 drivers
v0000013e46ddba70_0 .net *"_ivl_136", 0 0, L_0000013e46e45630;  1 drivers
v0000013e46ddb6b0_0 .net *"_ivl_138", 31 0, L_0000013e46e45450;  1 drivers
v0000013e46ddbc50_0 .net *"_ivl_14", 0 0, L_0000013e46e44f50;  1 drivers
L_0000013e46dea908 .functor BUFT 1, C4<0000000000000000000000000000>, C4<0>, C4<0>, C4<0>;
v0000013e46ddb930_0 .net *"_ivl_141", 27 0, L_0000013e46dea908;  1 drivers
L_0000013e46dea950 .functor BUFT 1, C4<00000000000000000000000000000111>, C4<0>, C4<0>, C4<0>;
v0000013e46ddb9d0_0 .net/2u *"_ivl_142", 31 0, L_0000013e46dea950;  1 drivers
v0000013e46ddc290_0 .net *"_ivl_144", 0 0, L_0000013e46e442d0;  1 drivers
o0000013e46d7f268 .functor BUFZ 32, C4<zzzzzzzzzzzzzzzzzzzzzzzzzzzzzzzz>; HiZ drive
; Elide local net with no drivers, v0000013e46ddca10_0 name=_ivl_146
v0000013e46ddc790_0 .net *"_ivl_148", 31 0, L_0000013e46e431f0;  1 drivers
v0000013e46ddc330_0 .net *"_ivl_150", 31 0, L_0000013e46e440f0;  1 drivers
v0000013e46ddcc90_0 .net *"_ivl_152", 31 0, L_0000013e46e42b10;  1 drivers
v0000013e46ddbb10_0 .net *"_ivl_154", 31 0, L_0000013e46e43bf0;  1 drivers
v0000013e46ddcab0_0 .net *"_ivl_156", 31 0, L_0000013e46e438d0;  1 drivers
v0000013e46ddc650_0 .net *"_ivl_158", 31 0, L_0000013e46e44730;  1 drivers
v0000013e46ddbbb0_0 .net *"_ivl_16", 31 0, L_0000013e46e45e50;  1 drivers
v0000013e46ddbf70_0 .net *"_ivl_160", 31 0, L_0000013e46e44370;  1 drivers
L_0000013e46dea1b8 .functor BUFT 1, C4<0000000000000000000000000000>, C4<0>, C4<0>, C4<0>;
v0000013e46ddbcf0_0 .net *"_ivl_19", 27 0, L_0000013e46dea1b8;  1 drivers
L_0000013e46dea200 .functor BUFT 1, C4<00000000000000000000000000000010>, C4<0>, C4<0>, C4<0>;
v0000013e46ddc1f0_0 .net/2u *"_ivl_20", 31 0, L_0000013e46dea200;  1 drivers
v0000013e46ddcbf0_0 .net *"_ivl_22", 0 0, L_0000013e46e45d10;  1 drivers
v0000013e46ddbd90_0 .net *"_ivl_24", 31 0, L_0000013e46e45db0;  1 drivers
L_0000013e46dea248 .functor BUFT 1, C4<0000000000000000000000000000>, C4<0>, C4<0>, C4<0>;
v0000013e46ddbed0_0 .net *"_ivl_27", 27 0, L_0000013e46dea248;  1 drivers
L_0000013e46dea290 .functor BUFT 1, C4<00000000000000000000000000000011>, C4<0>, C4<0>, C4<0>;
v0000013e46ddd810_0 .net/2u *"_ivl_28", 31 0, L_0000013e46dea290;  1 drivers
L_0000013e46dea098 .functor BUFT 1, C4<0000000000000000000000000000>, C4<0>, C4<0>, C4<0>;
v0000013e46ddd130_0 .net *"_ivl_3", 27 0, L_0000013e46dea098;  1 drivers
v0000013e46ddf6b0_0 .net *"_ivl_30", 0 0, L_0000013e46e45f90;  1 drivers
v0000013e46ddd590_0 .net *"_ivl_32", 31 0, L_0000013e46e45ef0;  1 drivers
L_0000013e46dea2d8 .functor BUFT 1, C4<0000000000000000000000000000>, C4<0>, C4<0>, C4<0>;
v0000013e46ddf610_0 .net *"_ivl_35", 27 0, L_0000013e46dea2d8;  1 drivers
L_0000013e46dea320 .functor BUFT 1, C4<00000000000000000000000000000100>, C4<0>, C4<0>, C4<0>;
v0000013e46dde530_0 .net/2u *"_ivl_36", 31 0, L_0000013e46dea320;  1 drivers
v0000013e46ddd8b0_0 .net *"_ivl_38", 0 0, L_0000013e46e45a90;  1 drivers
L_0000013e46dea0e0 .functor BUFT 1, C4<00000000000000000000000000000000>, C4<0>, C4<0>, C4<0>;
v0000013e46ddd6d0_0 .net/2u *"_ivl_4", 31 0, L_0000013e46dea0e0;  1 drivers
v0000013e46dde5d0_0 .net *"_ivl_40", 31 0, L_0000013e46e45130;  1 drivers
L_0000013e46dea368 .functor BUFT 1, C4<0000000000000000000000000000>, C4<0>, C4<0>, C4<0>;
v0000013e46ddf4d0_0 .net *"_ivl_43", 27 0, L_0000013e46dea368;  1 drivers
L_0000013e46dea3b0 .functor BUFT 1, C4<00000000000000000000000000000101>, C4<0>, C4<0>, C4<0>;
v0000013e46dddd10_0 .net/2u *"_ivl_44", 31 0, L_0000013e46dea3b0;  1 drivers
v0000013e46dde990_0 .net *"_ivl_46", 0 0, L_0000013e46e44a50;  1 drivers
v0000013e46ddf390_0 .net *"_ivl_48", 31 0, L_0000013e46e454f0;  1 drivers
L_0000013e46dea3f8 .functor BUFT 1, C4<0000000000000000000000000000>, C4<0>, C4<0>, C4<0>;
v0000013e46dde210_0 .net *"_ivl_51", 27 0, L_0000013e46dea3f8;  1 drivers
L_0000013e46dea440 .functor BUFT 1, C4<00000000000000000000000000000110>, C4<0>, C4<0>, C4<0>;
v0000013e46dde8f0_0 .net/2u *"_ivl_52", 31 0, L_0000013e46dea440;  1 drivers
v0000013e46ddedf0_0 .net *"_ivl_54", 0 0, L_0000013e46e44d70;  1 drivers
v0000013e46dde2b0_0 .net *"_ivl_56", 31 0, L_0000013e46e44910;  1 drivers
L_0000013e46dea488 .functor BUFT 1, C4<0000000000000000000000000000>, C4<0>, C4<0>, C4<0>;
v0000013e46dde670_0 .net *"_ivl_59", 27 0, L_0000013e46dea488;  1 drivers
v0000013e46ddd1d0_0 .net *"_ivl_6", 0 0, L_0000013e46de9f60;  1 drivers
L_0000013e46dea4d0 .functor BUFT 1, C4<00000000000000000000000000000111>, C4<0>, C4<0>, C4<0>;
v0000013e46ddd770_0 .net/2u *"_ivl_60", 31 0, L_0000013e46dea4d0;  1 drivers
v0000013e46ddf250_0 .net *"_ivl_62", 0 0, L_0000013e46e451d0;  1 drivers
o0000013e46d7f8f8 .functor BUFZ 32, C4<zzzzzzzzzzzzzzzzzzzzzzzzzzzzzzzz>; HiZ drive
; Elide local net with no drivers, v0000013e46ddde50_0 name=_ivl_64
v0000013e46ddec10_0 .net *"_ivl_66", 31 0, L_0000013e46e449b0;  1 drivers
v0000013e46dde3f0_0 .net *"_ivl_68", 31 0, L_0000013e46e45810;  1 drivers
v0000013e46ddf110_0 .net *"_ivl_70", 31 0, L_0000013e46e45c70;  1 drivers
v0000013e46ddd270_0 .net *"_ivl_72", 31 0, L_0000013e46e45950;  1 drivers
v0000013e46ddee90_0 .net *"_ivl_74", 31 0, L_0000013e46e45090;  1 drivers
v0000013e46ddf750_0 .net *"_ivl_76", 31 0, L_0000013e46e44eb0;  1 drivers
v0000013e46ddf430_0 .net *"_ivl_78", 31 0, L_0000013e46e456d0;  1 drivers
v0000013e46ddd3b0_0 .net *"_ivl_8", 31 0, L_0000013e46e45770;  1 drivers
v0000013e46dde350_0 .net *"_ivl_82", 31 0, L_0000013e46e44b90;  1 drivers
L_0000013e46dea518 .functor BUFT 1, C4<0000000000000000000000000000>, C4<0>, C4<0>, C4<0>;
v0000013e46ddea30_0 .net *"_ivl_85", 27 0, L_0000013e46dea518;  1 drivers
L_0000013e46dea560 .functor BUFT 1, C4<00000000000000000000000000000000>, C4<0>, C4<0>, C4<0>;
v0000013e46ddf7f0_0 .net/2u *"_ivl_86", 31 0, L_0000013e46dea560;  1 drivers
v0000013e46ddf070_0 .net *"_ivl_88", 0 0, L_0000013e46e458b0;  1 drivers
v0000013e46ddf2f0_0 .net *"_ivl_90", 31 0, L_0000013e46e44e10;  1 drivers
L_0000013e46dea5a8 .functor BUFT 1, C4<0000000000000000000000000000>, C4<0>, C4<0>, C4<0>;
v0000013e46dde710_0 .net *"_ivl_93", 27 0, L_0000013e46dea5a8;  1 drivers
L_0000013e46dea5f0 .functor BUFT 1, C4<00000000000000000000000000000001>, C4<0>, C4<0>, C4<0>;
v0000013e46dde490_0 .net/2u *"_ivl_94", 31 0, L_0000013e46dea5f0;  1 drivers
v0000013e46dde030_0 .net *"_ivl_96", 0 0, L_0000013e46e45590;  1 drivers
v0000013e46dddc70_0 .net *"_ivl_98", 31 0, L_0000013e46e44ff0;  1 drivers
v0000013e46ddef30_0 .net "clock", 0 0, v0000013e46de91a0_0;  alias, 1 drivers
v0000013e46ddd090_0 .net "dstE", 3 0, v0000013e46ddf890_0;  alias, 1 drivers
v0000013e46dde7b0_0 .net "dstM", 3 0, v0000013e46de0bf0_0;  alias, 1 drivers
v0000013e46ddf1b0_0 .net "r0", 31 0, v0000013e46ddecb0_0;  alias, 1 drivers
v0000013e46ddf570_0 .net "r1", 31 0, v0000013e46ddd630_0;  alias, 1 drivers
v0000013e46ddefd0_0 .net "r2", 31 0, v0000013e46dddbd0_0;  alias, 1 drivers
v0000013e46ddd310_0 .net "r3", 31 0, v0000013e46dddef0_0;  alias, 1 drivers
v0000013e46ddead0_0 .net "r4", 31 0, v0000013e46ddd950_0;  alias, 1 drivers
v0000013e46ddd450_0 .net "r5", 31 0, v0000013e46ddd9f0_0;  alias, 1 drivers
v0000013e46dde850_0 .net "r6", 31 0, v0000013e46ddda90_0;  alias, 1 drivers
v0000013e46ddd4f0_0 .net "r7", 31 0, v0000013e46dddb30_0;  alias, 1 drivers
v0000013e46ddddb0_0 .net "rA", 3 0, L_0000013e46e436f0;  alias, 1 drivers
v0000013e46ddeb70_0 .net "rB", 3 0, L_0000013e46e42390;  alias, 1 drivers
v0000013e46ddecb0_0 .var "r_r0", 31 0;
v0000013e46ddd630_0 .var "r_r1", 31 0;
v0000013e46dddbd0_0 .var "r_r2", 31 0;
v0000013e46dddef0_0 .var "r_r3", 31 0;
v0000013e46ddd950_0 .var "r_r4", 31 0;
v0000013e46ddd9f0_0 .var "r_r5", 31 0;
v0000013e46ddda90_0 .var "r_r6", 31 0;
v0000013e46dddb30_0 .var "r_r7", 31 0;
v0000013e46dddf90_0 .net "reset", 0 0, v0000013e46de8020_0;  1 drivers
v0000013e46dded50_0 .net "valA", 31 0, L_0000013e46e44af0;  alias, 1 drivers
v0000013e46dde0d0_0 .net "valB", 31 0, L_0000013e46e43290;  alias, 1 drivers
v0000013e46dde170_0 .net "valE", 31 0, v0000013e46ddf930_0;  alias, 1 drivers
v0000013e46de0330_0 .net "valM", 31 0, v0000013e46ddfed0_0;  alias, 1 drivers
E_0000013e46cce500/0 .event negedge, v0000013e46dddf90_0;
E_0000013e46cce500/1 .event posedge, v0000013e46ddc010_0;
E_0000013e46cce500 .event/or E_0000013e46cce500/0, E_0000013e46cce500/1;
L_0000013e46de9d80 .concat [ 4 28 0 0], L_0000013e46e436f0, L_0000013e46dea098;
L_0000013e46de9f60 .cmp/eq 32, L_0000013e46de9d80, L_0000013e46dea0e0;
L_0000013e46e45770 .concat [ 4 28 0 0], L_0000013e46e436f0, L_0000013e46dea128;
L_0000013e46e44f50 .cmp/eq 32, L_0000013e46e45770, L_0000013e46dea170;
L_0000013e46e45e50 .concat [ 4 28 0 0], L_0000013e46e436f0, L_0000013e46dea1b8;
L_0000013e46e45d10 .cmp/eq 32, L_0000013e46e45e50, L_0000013e46dea200;
L_0000013e46e45db0 .concat [ 4 28 0 0], L_0000013e46e436f0, L_0000013e46dea248;
L_0000013e46e45f90 .cmp/eq 32, L_0000013e46e45db0, L_0000013e46dea290;
L_0000013e46e45ef0 .concat [ 4 28 0 0], L_0000013e46e436f0, L_0000013e46dea2d8;
L_0000013e46e45a90 .cmp/eq 32, L_0000013e46e45ef0, L_0000013e46dea320;
L_0000013e46e45130 .concat [ 4 28 0 0], L_0000013e46e436f0, L_0000013e46dea368;
L_0000013e46e44a50 .cmp/eq 32, L_0000013e46e45130, L_0000013e46dea3b0;
L_0000013e46e454f0 .concat [ 4 28 0 0], L_0000013e46e436f0, L_0000013e46dea3f8;
L_0000013e46e44d70 .cmp/eq 32, L_0000013e46e454f0, L_0000013e46dea440;
L_0000013e46e44910 .concat [ 4 28 0 0], L_0000013e46e436f0, L_0000013e46dea488;
L_0000013e46e451d0 .cmp/eq 32, L_0000013e46e44910, L_0000013e46dea4d0;
L_0000013e46e449b0 .functor MUXZ 32, o0000013e46d7f8f8, v0000013e46dddb30_0, L_0000013e46e451d0, C4<>;
L_0000013e46e45810 .functor MUXZ 32, L_0000013e46e449b0, v0000013e46ddda90_0, L_0000013e46e44d70, C4<>;
L_0000013e46e45c70 .functor MUXZ 32, L_0000013e46e45810, v0000013e46ddd9f0_0, L_0000013e46e44a50, C4<>;
L_0000013e46e45950 .functor MUXZ 32, L_0000013e46e45c70, v0000013e46ddd950_0, L_0000013e46e45a90, C4<>;
L_0000013e46e45090 .functor MUXZ 32, L_0000013e46e45950, v0000013e46dddef0_0, L_0000013e46e45f90, C4<>;
L_0000013e46e44eb0 .functor MUXZ 32, L_0000013e46e45090, v0000013e46dddbd0_0, L_0000013e46e45d10, C4<>;
L_0000013e46e456d0 .functor MUXZ 32, L_0000013e46e44eb0, v0000013e46ddd630_0, L_0000013e46e44f50, C4<>;
L_0000013e46e44af0 .functor MUXZ 32, L_0000013e46e456d0, v0000013e46ddecb0_0, L_0000013e46de9f60, C4<>;
L_0000013e46e44b90 .concat [ 4 28 0 0], L_0000013e46e42390, L_0000013e46dea518;
L_0000013e46e458b0 .cmp/eq 32, L_0000013e46e44b90, L_0000013e46dea560;
L_0000013e46e44e10 .concat [ 4 28 0 0], L_0000013e46e42390, L_0000013e46dea5a8;
L_0000013e46e45590 .cmp/eq 32, L_0000013e46e44e10, L_0000013e46dea5f0;
L_0000013e46e44ff0 .concat [ 4 28 0 0], L_0000013e46e42390, L_0000013e46dea638;
L_0000013e46e459f0 .cmp/eq 32, L_0000013e46e44ff0, L_0000013e46dea680;
L_0000013e46e45270 .concat [ 4 28 0 0], L_0000013e46e42390, L_0000013e46dea6c8;
L_0000013e46e45b30 .cmp/eq 32, L_0000013e46e45270, L_0000013e46dea710;
L_0000013e46e45bd0 .concat [ 4 28 0 0], L_0000013e46e42390, L_0000013e46dea758;
L_0000013e46e44c30 .cmp/eq 32, L_0000013e46e45bd0, L_0000013e46dea7a0;
L_0000013e46e453b0 .concat [ 4 28 0 0], L_0000013e46e42390, L_0000013e46dea7e8;
L_0000013e46e44cd0 .cmp/eq 32, L_0000013e46e453b0, L_0000013e46dea830;
L_0000013e46e45310 .concat [ 4 28 0 0], L_0000013e46e42390, L_0000013e46dea878;
L_0000013e46e45630 .cmp/eq 32, L_0000013e46e45310, L_0000013e46dea8c0;
L_0000013e46e45450 .concat [ 4 28 0 0], L_0000013e46e42390, L_0000013e46dea908;
L_0000013e46e442d0 .cmp/eq 32, L_0000013e46e45450, L_0000013e46dea950;
L_0000013e46e431f0 .functor MUXZ 32, o0000013e46d7f268, v0000013e46dddb30_0, L_0000013e46e442d0, C4<>;
L_0000013e46e440f0 .functor MUXZ 32, L_0000013e46e431f0, v0000013e46ddda90_0, L_0000013e46e45630, C4<>;
L_0000013e46e42b10 .functor MUXZ 32, L_0000013e46e440f0, v0000013e46ddd9f0_0, L_0000013e46e44cd0, C4<>;
L_0000013e46e43bf0 .functor MUXZ 32, L_0000013e46e42b10, v0000013e46ddd950_0, L_0000013e46e44c30, C4<>;
L_0000013e46e438d0 .functor MUXZ 32, L_0000013e46e43bf0, v0000013e46dddef0_0, L_0000013e46e45b30, C4<>;
L_0000013e46e44730 .functor MUXZ 32, L_0000013e46e438d0, v0000013e46dddbd0_0, L_0000013e46e459f0, C4<>;
L_0000013e46e44370 .functor MUXZ 32, L_0000013e46e44730, v0000013e46ddd630_0, L_0000013e46e45590, C4<>;
L_0000013e46e43290 .functor MUXZ 32, L_0000013e46e44370, v0000013e46ddecb0_0, L_0000013e46e458b0, C4<>;
    .scope S_0000013e46c85360;
T_0 ;
    %pushi/vec4 0, 4294967295, 32;
    %store/vec4 v0000013e46ddc150_0, 0, 32;
    %end;
    .thread T_0;
    .scope S_0000013e46c85360;
T_1 ;
    %wait E_0000013e46cce540;
    %load/vec4 v0000013e46ddc6f0_0;
    %flag_set/vec4 8;
    %jmp/0xz  T_1.0, 8;
    %load/vec4 v0000013e46ddb750_0;
    %ix/getv 3, v0000013e46ddce70_0;
    %ix/load 4, 0, 0; Constant delay
    %assign/vec4/a/d v0000013e46ddb610, 0, 4;
T_1.0 ;
    %load/vec4 v0000013e46ddc0b0_0;
    %flag_set/vec4 8;
    %jmp/0xz  T_1.2, 8;
    %ix/getv 4, v0000013e46ddce70_0;
    %load/vec4a v0000013e46ddb610, 4;
    %assign/vec4 v0000013e46ddc150_0, 0;
    %jmp T_1.3;
T_1.2 ;
    %pushi/vec4 0, 4294967295, 32;
    %assign/vec4 v0000013e46ddc150_0, 0;
T_1.3 ;
    %jmp T_1;
    .thread T_1;
    .scope S_0000013e46c854f0;
T_2 ;
    %wait E_0000013e46cce500;
    %load/vec4 v0000013e46dddf90_0;
    %flag_set/vec4 8;
    %jmp/0xz  T_2.0, 8;
    %pushi/vec4 0, 0, 32;
    %assign/vec4 v0000013e46ddecb0_0, 0;
    %pushi/vec4 0, 0, 32;
    %assign/vec4 v0000013e46ddd630_0, 0;
    %pushi/vec4 0, 0, 32;
    %assign/vec4 v0000013e46dddbd0_0, 0;
    %pushi/vec4 0, 0, 32;
    %assign/vec4 v0000013e46dddef0_0, 0;
    %pushi/vec4 0, 0, 32;
    %assign/vec4 v0000013e46ddd950_0, 0;
    %pushi/vec4 0, 0, 32;
    %assign/vec4 v0000013e46ddd9f0_0, 0;
    %pushi/vec4 0, 0, 32;
    %assign/vec4 v0000013e46ddda90_0, 0;
    %pushi/vec4 0, 0, 32;
    %assign/vec4 v0000013e46dddb30_0, 0;
    %jmp T_2.1;
T_2.0 ;
    %load/vec4 v0000013e46ddd090_0;
    %dup/vec4;
    %pushi/vec4 0, 0, 4;
    %cmp/u;
    %jmp/1 T_2.2, 6;
    %dup/vec4;
    %pushi/vec4 1, 0, 4;
    %cmp/u;
    %jmp/1 T_2.3, 6;
    %dup/vec4;
    %pushi/vec4 2, 0, 4;
    %cmp/u;
    %jmp/1 T_2.4, 6;
    %dup/vec4;
    %pushi/vec4 3, 0, 4;
    %cmp/u;
    %jmp/1 T_2.5, 6;
    %dup/vec4;
    %pushi/vec4 4, 0, 4;
    %cmp/u;
    %jmp/1 T_2.6, 6;
    %dup/vec4;
    %pushi/vec4 5, 0, 4;
    %cmp/u;
    %jmp/1 T_2.7, 6;
    %dup/vec4;
    %pushi/vec4 6, 0, 4;
    %cmp/u;
    %jmp/1 T_2.8, 6;
    %dup/vec4;
    %pushi/vec4 7, 0, 4;
    %cmp/u;
    %jmp/1 T_2.9, 6;
    %jmp T_2.10;
T_2.2 ;
    %load/vec4 v0000013e46dde170_0;
    %assign/vec4 v0000013e46ddecb0_0, 0;
    %jmp T_2.10;
T_2.3 ;
    %load/vec4 v0000013e46dde170_0;
    %assign/vec4 v0000013e46ddd630_0, 0;
    %jmp T_2.10;
T_2.4 ;
    %load/vec4 v0000013e46dde170_0;
    %assign/vec4 v0000013e46dddbd0_0, 0;
    %jmp T_2.10;
T_2.5 ;
    %load/vec4 v0000013e46dde170_0;
    %assign/vec4 v0000013e46dddef0_0, 0;
    %jmp T_2.10;
T_2.6 ;
    %load/vec4 v0000013e46dde170_0;
    %assign/vec4 v0000013e46ddd950_0, 0;
    %jmp T_2.10;
T_2.7 ;
    %load/vec4 v0000013e46dde170_0;
    %assign/vec4 v0000013e46ddd9f0_0, 0;
    %jmp T_2.10;
T_2.8 ;
    %load/vec4 v0000013e46dde170_0;
    %assign/vec4 v0000013e46ddda90_0, 0;
    %jmp T_2.10;
T_2.9 ;
    %load/vec4 v0000013e46dde170_0;
    %assign/vec4 v0000013e46dddb30_0, 0;
    %jmp T_2.10;
T_2.10 ;
    %pop/vec4 1;
    %load/vec4 v0000013e46dde7b0_0;
    %dup/vec4;
    %pushi/vec4 0, 0, 4;
    %cmp/u;
    %jmp/1 T_2.11, 6;
    %dup/vec4;
    %pushi/vec4 1, 0, 4;
    %cmp/u;
    %jmp/1 T_2.12, 6;
    %dup/vec4;
    %pushi/vec4 2, 0, 4;
    %cmp/u;
    %jmp/1 T_2.13, 6;
    %dup/vec4;
    %pushi/vec4 3, 0, 4;
    %cmp/u;
    %jmp/1 T_2.14, 6;
    %dup/vec4;
    %pushi/vec4 4, 0, 4;
    %cmp/u;
    %jmp/1 T_2.15, 6;
    %dup/vec4;
    %pushi/vec4 5, 0, 4;
    %cmp/u;
    %jmp/1 T_2.16, 6;
    %dup/vec4;
    %pushi/vec4 6, 0, 4;
    %cmp/u;
    %jmp/1 T_2.17, 6;
    %dup/vec4;
    %pushi/vec4 7, 0, 4;
    %cmp/u;
    %jmp/1 T_2.18, 6;
    %jmp T_2.19;
T_2.11 ;
    %load/vec4 v0000013e46de0330_0;
    %assign/vec4 v0000013e46ddecb0_0, 0;
    %jmp T_2.19;
T_2.12 ;
    %load/vec4 v0000013e46de0330_0;
    %assign/vec4 v0000013e46ddd630_0, 0;
    %jmp T_2.19;
T_2.13 ;
    %load/vec4 v0000013e46de0330_0;
    %assign/vec4 v0000013e46dddbd0_0, 0;
    %jmp T_2.19;
T_2.14 ;
    %load/vec4 v0000013e46de0330_0;
    %assign/vec4 v0000013e46dddef0_0, 0;
    %jmp T_2.19;
T_2.15 ;
    %load/vec4 v0000013e46de0330_0;
    %assign/vec4 v0000013e46ddd950_0, 0;
    %jmp T_2.19;
T_2.16 ;
    %load/vec4 v0000013e46de0330_0;
    %assign/vec4 v0000013e46ddd9f0_0, 0;
    %jmp T_2.19;
T_2.17 ;
    %load/vec4 v0000013e46de0330_0;
    %assign/vec4 v0000013e46ddda90_0, 0;
    %jmp T_2.19;
T_2.18 ;
    %load/vec4 v0000013e46de0330_0;
    %assign/vec4 v0000013e46dddb30_0, 0;
    %jmp T_2.19;
T_2.19 ;
    %pop/vec4 1;
T_2.1 ;
    %jmp T_2;
    .thread T_2;
    .scope S_0000013e46c6b9f0;
T_3 ;
    %pushi/vec4 0, 0, 32;
    %store/vec4 v0000013e46de0290_0, 0, 32;
    %pushi/vec4 0, 15, 4;
    %store/vec4 v0000013e46de0dd0_0, 0, 4;
    %pushi/vec4 0, 15, 4;
    %store/vec4 v0000013e46de0e70_0, 0, 4;
    %pushi/vec4 0, 15, 4;
    %store/vec4 v0000013e46de0b50_0, 0, 4;
    %pushi/vec4 0, 15, 4;
    %store/vec4 v0000013e46de00b0_0, 0, 4;
    %pushi/vec4 0, 4294967295, 32;
    %store/vec4 v0000013e46de0790_0, 0, 32;
    %pushi/vec4 0, 4294967295, 32;
    %store/vec4 v0000013e46ddfe30_0, 0, 32;
    %pushi/vec4 0, 65535, 16;
    %store/vec4 v0000013e46ddfd90_0, 0, 16;
    %pushi/vec4 0, 1, 1;
    %store/vec4 v0000013e46de0150_0, 0, 1;
    %pushi/vec4 0, 0, 1;
    %store/vec4 v0000013e46de0d30_0, 0, 1;
    %pushi/vec4 0, 15, 4;
    %store/vec4 v0000013e46de0bf0_0, 0, 4;
    %pushi/vec4 0, 4294967295, 32;
    %store/vec4 v0000013e46ddfed0_0, 0, 32;
    %pushi/vec4 0, 15, 4;
    %store/vec4 v0000013e46ddf890_0, 0, 4;
    %pushi/vec4 0, 4294967295, 32;
    %store/vec4 v0000013e46ddf930_0, 0, 32;
    %pushi/vec4 0, 1, 1;
    %store/vec4 v0000013e46de0970_0, 0, 1;
    %end;
    .thread T_3;
    .scope S_0000013e46c6b9f0;
T_4 ;
    %wait E_0000013e46cce540;
    %load/vec4 v0000013e46de8f20_0;
    %flag_set/vec4 8;
    %jmp/0xz  T_4.0, 8;
    %load/vec4 v0000013e46de6360_0;
    %dup/vec4;
    %pushi/vec4 0, 0, 1;
    %cmp/u;
    %jmp/1 T_4.2, 6;
    %dup/vec4;
    %pushi/vec4 1, 0, 1;
    %cmp/u;
    %jmp/1 T_4.3, 6;
    %load/vec4 v0000013e46de0290_0;
    %addi 1, 0, 32;
    %assign/vec4 v0000013e46de0290_0, 0;
    %jmp T_4.5;
T_4.2 ;
    %load/vec4 v0000013e46de0290_0;
    %addi 1, 0, 32;
    %assign/vec4 v0000013e46de0290_0, 0;
    %jmp T_4.5;
T_4.3 ;
    %load/vec4 v0000013e46de8700_0;
    %assign/vec4 v0000013e46de0290_0, 0;
    %jmp T_4.5;
T_4.5 ;
    %pop/vec4 1;
T_4.0 ;
    %jmp T_4;
    .thread T_4;
    .scope S_0000013e46c6b9f0;
T_5 ;
    %wait E_0000013e46cce540;
    %load/vec4 v0000013e46de8f20_0;
    %flag_set/vec4 8;
    %jmp/0xz  T_5.0, 8;
    %load/vec4 v0000013e46de79e0_0;
    %flag_set/vec4 8;
    %jmp/0xz  T_5.2, 8;
    %load/vec4 v0000013e46de0dd0_0;
    %load/vec4 v0000013e46de0e70_0;
    %concat/vec4; draw_concat_vec4
    %split/vec4 4;
    %assign/vec4 v0000013e46de0e70_0, 0;
    %assign/vec4 v0000013e46de0dd0_0, 0;
    %pushi/vec4 15, 0, 4;
    %assign/vec4 v0000013e46de0b50_0, 0;
    %pushi/vec4 15, 0, 4;
    %assign/vec4 v0000013e46de00b0_0, 0;
    %load/vec4 v0000013e46ddfd90_0;
    %assign/vec4 v0000013e46ddfd90_0, 0;
    %load/vec4 v0000013e46de0790_0;
    %assign/vec4 v0000013e46de0790_0, 0;
    %load/vec4 v0000013e46ddfe30_0;
    %assign/vec4 v0000013e46ddfe30_0, 0;
    %load/vec4 v0000013e46de79e0_0;
    %assign/vec4 v0000013e46de0150_0, 0;
    %jmp T_5.3;
T_5.2 ;
    %load/vec4 v0000013e46de7e40_0;
    %load/vec4 v0000013e46de6860_0;
    %concat/vec4; draw_concat_vec4
    %dup/vec4;
    %pushi/vec4 18, 0, 8;
    %cmp/u;
    %jmp/1 T_5.4, 6;
    %dup/vec4;
    %pushi/vec4 48, 0, 8;
    %cmp/u;
    %jmp/1 T_5.5, 6;
    %dup/vec4;
    %pushi/vec4 49, 0, 8;
    %cmp/u;
    %jmp/1 T_5.6, 6;
    %dup/vec4;
    %pushi/vec4 50, 0, 8;
    %cmp/u;
    %jmp/1 T_5.7, 6;
    %dup/vec4;
    %pushi/vec4 51, 0, 8;
    %cmp/u;
    %jmp/1 T_5.8, 6;
    %dup/vec4;
    %pushi/vec4 52, 0, 8;
    %cmp/u;
    %jmp/1 T_5.9, 6;
    %dup/vec4;
    %pushi/vec4 53, 0, 8;
    %cmp/u;
    %jmp/1 T_5.10, 6;
    %dup/vec4;
    %pushi/vec4 54, 0, 8;
    %cmp/u;
    %jmp/1 T_5.11, 6;
    %dup/vec4;
    %pushi/vec4 112, 0, 8;
    %cmp/u;
    %jmp/1 T_5.12, 6;
    %dup/vec4;
    %pushi/vec4 113, 0, 8;
    %cmp/u;
    %jmp/1 T_5.13, 6;
    %dup/vec4;
    %pushi/vec4 114, 0, 8;
    %cmp/u;
    %jmp/1 T_5.14, 6;
    %dup/vec4;
    %pushi/vec4 115, 0, 8;
    %cmp/u;
    %jmp/1 T_5.15, 6;
    %dup/vec4;
    %pushi/vec4 116, 0, 8;
    %cmp/u;
    %jmp/1 T_5.16, 6;
    %dup/vec4;
    %pushi/vec4 117, 0, 8;
    %cmp/u;
    %jmp/1 T_5.17, 6;
    %dup/vec4;
    %pushi/vec4 118, 0, 8;
    %cmp/u;
    %jmp/1 T_5.18, 6;
    %load/vec4 v0000013e46de7e40_0;
    %assign/vec4 v0000013e46de0dd0_0, 0;
    %load/vec4 v0000013e46de6860_0;
    %assign/vec4 v0000013e46de0e70_0, 0;
    %jmp T_5.20;
T_5.4 ;
    %pushi/vec4 34, 0, 8;
    %split/vec4 4;
    %assign/vec4 v0000013e46de0e70_0, 0;
    %assign/vec4 v0000013e46de0dd0_0, 0;
    %jmp T_5.20;
T_5.5 ;
    %pushi/vec4 32, 0, 8;
    %split/vec4 4;
    %assign/vec4 v0000013e46de0e70_0, 0;
    %assign/vec4 v0000013e46de0dd0_0, 0;
    %jmp T_5.20;
T_5.6 ;
    %pushi/vec4 32, 0, 8;
    %split/vec4 4;
    %assign/vec4 v0000013e46de0e70_0, 0;
    %assign/vec4 v0000013e46de0dd0_0, 0;
    %jmp T_5.20;
T_5.7 ;
    %pushi/vec4 32, 0, 8;
    %split/vec4 4;
    %assign/vec4 v0000013e46de0e70_0, 0;
    %assign/vec4 v0000013e46de0dd0_0, 0;
    %jmp T_5.20;
T_5.8 ;
    %pushi/vec4 32, 0, 8;
    %split/vec4 4;
    %assign/vec4 v0000013e46de0e70_0, 0;
    %assign/vec4 v0000013e46de0dd0_0, 0;
    %jmp T_5.20;
T_5.9 ;
    %pushi/vec4 32, 0, 8;
    %split/vec4 4;
    %assign/vec4 v0000013e46de0e70_0, 0;
    %assign/vec4 v0000013e46de0dd0_0, 0;
    %jmp T_5.20;
T_5.10 ;
    %pushi/vec4 32, 0, 8;
    %split/vec4 4;
    %assign/vec4 v0000013e46de0e70_0, 0;
    %assign/vec4 v0000013e46de0dd0_0, 0;
    %jmp T_5.20;
T_5.11 ;
    %pushi/vec4 32, 0, 8;
    %split/vec4 4;
    %assign/vec4 v0000013e46de0e70_0, 0;
    %assign/vec4 v0000013e46de0dd0_0, 0;
    %jmp T_5.20;
T_5.12 ;
    %pushi/vec4 34, 0, 8;
    %split/vec4 4;
    %assign/vec4 v0000013e46de0e70_0, 0;
    %assign/vec4 v0000013e46de0dd0_0, 0;
    %jmp T_5.20;
T_5.13 ;
    %pushi/vec4 34, 0, 8;
    %split/vec4 4;
    %assign/vec4 v0000013e46de0e70_0, 0;
    %assign/vec4 v0000013e46de0dd0_0, 0;
    %jmp T_5.20;
T_5.14 ;
    %pushi/vec4 34, 0, 8;
    %split/vec4 4;
    %assign/vec4 v0000013e46de0e70_0, 0;
    %assign/vec4 v0000013e46de0dd0_0, 0;
    %jmp T_5.20;
T_5.15 ;
    %pushi/vec4 34, 0, 8;
    %split/vec4 4;
    %assign/vec4 v0000013e46de0e70_0, 0;
    %assign/vec4 v0000013e46de0dd0_0, 0;
    %jmp T_5.20;
T_5.16 ;
    %pushi/vec4 34, 0, 8;
    %split/vec4 4;
    %assign/vec4 v0000013e46de0e70_0, 0;
    %assign/vec4 v0000013e46de0dd0_0, 0;
    %jmp T_5.20;
T_5.17 ;
    %pushi/vec4 34, 0, 8;
    %split/vec4 4;
    %assign/vec4 v0000013e46de0e70_0, 0;
    %assign/vec4 v0000013e46de0dd0_0, 0;
    %jmp T_5.20;
T_5.18 ;
    %pushi/vec4 34, 0, 8;
    %split/vec4 4;
    %assign/vec4 v0000013e46de0e70_0, 0;
    %assign/vec4 v0000013e46de0dd0_0, 0;
    %jmp T_5.20;
T_5.20 ;
    %pop/vec4 1;
    %load/vec4 v0000013e46de7e40_0;
    %load/vec4 v0000013e46de6860_0;
    %concat/vec4; draw_concat_vec4
    %dup/vec4;
    %pushi/vec4 48, 0, 8;
    %cmp/u;
    %jmp/1 T_5.21, 6;
    %dup/vec4;
    %pushi/vec4 49, 0, 8;
    %cmp/u;
    %jmp/1 T_5.22, 6;
    %dup/vec4;
    %pushi/vec4 50, 0, 8;
    %cmp/u;
    %jmp/1 T_5.23, 6;
    %dup/vec4;
    %pushi/vec4 51, 0, 8;
    %cmp/u;
    %jmp/1 T_5.24, 6;
    %dup/vec4;
    %pushi/vec4 52, 0, 8;
    %cmp/u;
    %jmp/1 T_5.25, 6;
    %dup/vec4;
    %pushi/vec4 53, 0, 8;
    %cmp/u;
    %jmp/1 T_5.26, 6;
    %dup/vec4;
    %pushi/vec4 54, 0, 8;
    %cmp/u;
    %jmp/1 T_5.27, 6;
    %load/vec4 v0000013e46de6900_0;
    %assign/vec4 v0000013e46de0790_0, 0;
    %load/vec4 v0000013e46de78a0_0;
    %assign/vec4 v0000013e46ddfe30_0, 0;
    %load/vec4 v0000013e46de6540_0;
    %assign/vec4 v0000013e46de0b50_0, 0;
    %load/vec4 v0000013e46de7300_0;
    %assign/vec4 v0000013e46de00b0_0, 0;
    %jmp T_5.29;
T_5.21 ;
    %pushi/vec4 0, 0, 32;
    %assign/vec4 v0000013e46de0790_0, 0;
    %load/vec4 v0000013e46de78a0_0;
    %assign/vec4 v0000013e46ddfe30_0, 0;
    %load/vec4 v0000013e46de6540_0;
    %assign/vec4 v0000013e46de0b50_0, 0;
    %load/vec4 v0000013e46de7300_0;
    %assign/vec4 v0000013e46de00b0_0, 0;
    %jmp T_5.29;
T_5.22 ;
    %pushi/vec4 0, 0, 32;
    %assign/vec4 v0000013e46de0790_0, 0;
    %load/vec4 v0000013e46de78a0_0;
    %assign/vec4 v0000013e46ddfe30_0, 0;
    %load/vec4 v0000013e46de7300_0;
    %assign/vec4 v0000013e46de00b0_0, 0;
    %load/vec4 v0000013e46de7a80_0;
    %load/vec4 v0000013e46de7ee0_0;
    %xor;
    %load/vec4 v0000013e46de6680_0;
    %or;
    %flag_set/vec4 8;
    %jmp/0xz  T_5.30, 8;
    %load/vec4 v0000013e46de6540_0;
    %assign/vec4 v0000013e46de0b50_0, 0;
    %jmp T_5.31;
T_5.30 ;
    %load/vec4 v0000013e46de7300_0;
    %assign/vec4 v0000013e46de0b50_0, 0;
T_5.31 ;
    %jmp T_5.29;
T_5.23 ;
    %pushi/vec4 0, 0, 32;
    %assign/vec4 v0000013e46de0790_0, 0;
    %load/vec4 v0000013e46de78a0_0;
    %assign/vec4 v0000013e46ddfe30_0, 0;
    %load/vec4 v0000013e46de7300_0;
    %assign/vec4 v0000013e46de00b0_0, 0;
    %load/vec4 v0000013e46de7a80_0;
    %load/vec4 v0000013e46de7ee0_0;
    %xor;
    %flag_set/vec4 8;
    %jmp/0xz  T_5.32, 8;
    %load/vec4 v0000013e46de6540_0;
    %assign/vec4 v0000013e46de0b50_0, 0;
    %jmp T_5.33;
T_5.32 ;
    %load/vec4 v0000013e46de7300_0;
    %assign/vec4 v0000013e46de0b50_0, 0;
T_5.33 ;
    %jmp T_5.29;
T_5.24 ;
    %pushi/vec4 0, 0, 32;
    %assign/vec4 v0000013e46de0790_0, 0;
    %load/vec4 v0000013e46de78a0_0;
    %assign/vec4 v0000013e46ddfe30_0, 0;
    %load/vec4 v0000013e46de7300_0;
    %assign/vec4 v0000013e46de00b0_0, 0;
    %load/vec4 v0000013e46de6680_0;
    %flag_set/vec4 8;
    %jmp/0xz  T_5.34, 8;
    %load/vec4 v0000013e46de6540_0;
    %assign/vec4 v0000013e46de0b50_0, 0;
    %jmp T_5.35;
T_5.34 ;
    %load/vec4 v0000013e46de7300_0;
    %assign/vec4 v0000013e46de0b50_0, 0;
T_5.35 ;
    %jmp T_5.29;
T_5.25 ;
    %pushi/vec4 0, 0, 32;
    %assign/vec4 v0000013e46de0790_0, 0;
    %load/vec4 v0000013e46de78a0_0;
    %assign/vec4 v0000013e46ddfe30_0, 0;
    %load/vec4 v0000013e46de7300_0;
    %assign/vec4 v0000013e46de00b0_0, 0;
    %load/vec4 v0000013e46de6680_0;
    %inv;
    %flag_set/vec4 8;
    %jmp/0xz  T_5.36, 8;
    %load/vec4 v0000013e46de6540_0;
    %assign/vec4 v0000013e46de0b50_0, 0;
    %jmp T_5.37;
T_5.36 ;
    %load/vec4 v0000013e46de7300_0;
    %assign/vec4 v0000013e46de0b50_0, 0;
T_5.37 ;
    %jmp T_5.29;
T_5.26 ;
    %pushi/vec4 0, 0, 32;
    %assign/vec4 v0000013e46de0790_0, 0;
    %load/vec4 v0000013e46de78a0_0;
    %assign/vec4 v0000013e46ddfe30_0, 0;
    %load/vec4 v0000013e46de7300_0;
    %assign/vec4 v0000013e46de00b0_0, 0;
    %load/vec4 v0000013e46de7a80_0;
    %load/vec4 v0000013e46de7ee0_0;
    %xor;
    %inv;
    %flag_set/vec4 8;
    %jmp/0xz  T_5.38, 8;
    %load/vec4 v0000013e46de6540_0;
    %assign/vec4 v0000013e46de0b50_0, 0;
    %jmp T_5.39;
T_5.38 ;
    %load/vec4 v0000013e46de7300_0;
    %assign/vec4 v0000013e46de0b50_0, 0;
T_5.39 ;
    %jmp T_5.29;
T_5.27 ;
    %pushi/vec4 0, 0, 32;
    %assign/vec4 v0000013e46de0790_0, 0;
    %load/vec4 v0000013e46de78a0_0;
    %assign/vec4 v0000013e46ddfe30_0, 0;
    %load/vec4 v0000013e46de7300_0;
    %assign/vec4 v0000013e46de00b0_0, 0;
    %load/vec4 v0000013e46de7a80_0;
    %load/vec4 v0000013e46de7ee0_0;
    %xor;
    %inv;
    %load/vec4 v0000013e46de6680_0;
    %inv;
    %and;
    %flag_set/vec4 8;
    %jmp/0xz  T_5.40, 8;
    %load/vec4 v0000013e46de6540_0;
    %assign/vec4 v0000013e46de0b50_0, 0;
    %jmp T_5.41;
T_5.40 ;
    %load/vec4 v0000013e46de7300_0;
    %assign/vec4 v0000013e46de0b50_0, 0;
T_5.41 ;
    %jmp T_5.29;
T_5.29 ;
    %pop/vec4 1;
    %load/vec4 v0000013e46de8480_0;
    %assign/vec4 v0000013e46ddfd90_0, 0;
    %load/vec4 v0000013e46de79e0_0;
    %assign/vec4 v0000013e46de0150_0, 0;
    %load/vec4 v0000013e46de7e40_0;
    %load/vec4 v0000013e46de6860_0;
    %concat/vec4; draw_concat_vec4
    %cmpi/e 112, 0, 8;
    %jmp/0xz  T_5.42, 4;
    %pushi/vec4 1, 0, 1;
    %assign/vec4 v0000013e46de0d30_0, 0;
    %jmp T_5.43;
T_5.42 ;
    %load/vec4 v0000013e46de7e40_0;
    %load/vec4 v0000013e46de6860_0;
    %concat/vec4; draw_concat_vec4
    %pushi/vec4 113, 0, 8;
    %cmp/e;
    %flag_get/vec4 4;
    %load/vec4 v0000013e46de7a80_0;
    %load/vec4 v0000013e46de7ee0_0;
    %xor;
    %load/vec4 v0000013e46de6680_0;
    %or;
    %and;
    %flag_set/vec4 8;
    %jmp/0xz  T_5.44, 8;
    %pushi/vec4 1, 0, 1;
    %assign/vec4 v0000013e46de0d30_0, 0;
    %jmp T_5.45;
T_5.44 ;
    %load/vec4 v0000013e46de7e40_0;
    %load/vec4 v0000013e46de6860_0;
    %concat/vec4; draw_concat_vec4
    %pushi/vec4 114, 0, 8;
    %cmp/e;
    %flag_get/vec4 4;
    %load/vec4 v0000013e46de7a80_0;
    %load/vec4 v0000013e46de7ee0_0;
    %xor;
    %and;
    %flag_set/vec4 8;
    %jmp/0xz  T_5.46, 8;
    %pushi/vec4 1, 0, 1;
    %assign/vec4 v0000013e46de0d30_0, 0;
    %jmp T_5.47;
T_5.46 ;
    %load/vec4 v0000013e46de7e40_0;
    %load/vec4 v0000013e46de6860_0;
    %concat/vec4; draw_concat_vec4
    %pushi/vec4 115, 0, 8;
    %cmp/e;
    %flag_get/vec4 4;
    %load/vec4 v0000013e46de6680_0;
    %and;
    %flag_set/vec4 8;
    %jmp/0xz  T_5.48, 8;
    %pushi/vec4 1, 0, 1;
    %assign/vec4 v0000013e46de0d30_0, 0;
    %jmp T_5.49;
T_5.48 ;
    %load/vec4 v0000013e46de7e40_0;
    %load/vec4 v0000013e46de6860_0;
    %concat/vec4; draw_concat_vec4
    %pushi/vec4 116, 0, 8;
    %cmp/e;
    %flag_get/vec4 4;
    %load/vec4 v0000013e46de6680_0;
    %inv;
    %and;
    %flag_set/vec4 8;
    %jmp/0xz  T_5.50, 8;
    %pushi/vec4 1, 0, 1;
    %assign/vec4 v0000013e46de0d30_0, 0;
    %jmp T_5.51;
T_5.50 ;
    %load/vec4 v0000013e46de7e40_0;
    %load/vec4 v0000013e46de6860_0;
    %concat/vec4; draw_concat_vec4
    %pushi/vec4 117, 0, 8;
    %cmp/e;
    %flag_get/vec4 4;
    %load/vec4 v0000013e46de7a80_0;
    %load/vec4 v0000013e46de7ee0_0;
    %xor;
    %inv;
    %and;
    %flag_set/vec4 8;
    %jmp/0xz  T_5.52, 8;
    %pushi/vec4 1, 0, 1;
    %assign/vec4 v0000013e46de0d30_0, 0;
    %jmp T_5.53;
T_5.52 ;
    %load/vec4 v0000013e46de7e40_0;
    %load/vec4 v0000013e46de6860_0;
    %concat/vec4; draw_concat_vec4
    %pushi/vec4 118, 0, 8;
    %cmp/e;
    %flag_get/vec4 4;
    %load/vec4 v0000013e46de7a80_0;
    %load/vec4 v0000013e46de7ee0_0;
    %xor;
    %inv;
    %load/vec4 v0000013e46de6680_0;
    %inv;
    %and;
    %and;
    %flag_set/vec4 8;
    %jmp/0xz  T_5.54, 8;
    %pushi/vec4 1, 0, 1;
    %assign/vec4 v0000013e46de0d30_0, 0;
    %jmp T_5.55;
T_5.54 ;
    %pushi/vec4 0, 0, 1;
    %assign/vec4 v0000013e46de0d30_0, 0;
T_5.55 ;
T_5.53 ;
T_5.51 ;
T_5.49 ;
T_5.47 ;
T_5.45 ;
T_5.43 ;
T_5.3 ;
T_5.0 ;
    %jmp T_5;
    .thread T_5;
    .scope S_0000013e46c6b9f0;
T_6 ;
    %pushi/vec4 1, 0, 1;
    %assign/vec4 v0000013e46de8020_0, 0;
    %delay 2000, 0;
    %pushi/vec4 0, 0, 1;
    %assign/vec4 v0000013e46de8020_0, 0;
    %end;
    .thread T_6;
    .scope S_0000013e46c6b9f0;
T_7 ;
    %wait E_0000013e46cce540;
    %load/vec4 v0000013e46de0dd0_0;
    %load/vec4 v0000013e46de0e70_0;
    %concat/vec4; draw_concat_vec4
    %cmpi/e 16, 0, 8;
    %jmp/0xz  T_7.0, 4;
    %load/vec4 v0000013e46de83e0_0;
    %assign/vec4 v0000013e46de0bf0_0, 0;
    %load/vec4 v0000013e46de82a0_0;
    %assign/vec4 v0000013e46ddfed0_0, 0;
    %jmp T_7.1;
T_7.0 ;
    %pushi/vec4 15, 0, 4;
    %assign/vec4 v0000013e46de0bf0_0, 0;
    %pushi/vec4 0, 4294967295, 32;
    %assign/vec4 v0000013e46ddfed0_0, 0;
T_7.1 ;
    %load/vec4 v0000013e46de7b20_0;
    %assign/vec4 v0000013e46ddf890_0, 0;
    %load/vec4 v0000013e46de6d60_0;
    %assign/vec4 v0000013e46ddf930_0, 0;
    %load/vec4 v0000013e46de7bc0_0;
    %assign/vec4 v0000013e46de0970_0, 0;
    %jmp T_7;
    .thread T_7;
    .scope S_0000013e46c6b860;
T_8 ;
    %pushi/vec4 0, 0, 1;
    %store/vec4 v0000013e46de9a60_0, 0, 1;
    %end;
    .thread T_8;
    .scope S_0000013e46c6b860;
T_9 ;
    %pushi/vec4 0, 0, 1;
    %assign/vec4 v0000013e46de91a0_0, 0;
    %pushi/vec4 0, 0, 32;
    %assign/vec4 v0000013e46de9ec0_0, 0;
    %pushi/vec4 0, 0, 32;
    %assign/vec4 v0000013e46de9ba0_0, 0;
    %pushi/vec4 0, 0, 1;
    %assign/vec4 v0000013e46de9c40_0, 0;
    %pushi/vec4 0, 0, 1;
    %assign/vec4 v0000013e46de9ce0_0, 0;
    %delay 2000, 0;
    %pushi/vec4 0, 0, 32;
    %assign/vec4 v0000013e46de9ec0_0, 0;
    %pushi/vec4 284164112, 0, 32;
    %assign/vec4 v0000013e46de9ba0_0, 0;
    %pushi/vec4 1, 0, 1;
    %assign/vec4 v0000013e46de9c40_0, 0;
    %delay 2000, 0;
    %pushi/vec4 1, 0, 32;
    %assign/vec4 v0000013e46de9ec0_0, 0;
    %pushi/vec4 536936448, 0, 32;
    %assign/vec4 v0000013e46de9ba0_0, 0;
    %delay 2000, 0;
    %pushi/vec4 2, 0, 32;
    %assign/vec4 v0000013e46de9ec0_0, 0;
    %pushi/vec4 555941888, 0, 32;
    %assign/vec4 v0000013e46de9ba0_0, 0;
    %delay 2000, 0;
    %pushi/vec4 3, 0, 32;
    %assign/vec4 v0000013e46de9ec0_0, 0;
    %pushi/vec4 574947328, 0, 32;
    %assign/vec4 v0000013e46de9ba0_0, 0;
    %delay 2000, 0;
    %pushi/vec4 4, 0, 32;
    %assign/vec4 v0000013e46de9ec0_0, 0;
    %pushi/vec4 593952768, 0, 32;
    %assign/vec4 v0000013e46de9ba0_0, 0;
    %delay 2000, 0;
    %pushi/vec4 0, 0, 32;
    %assign/vec4 v0000013e46de9ec0_0, 0;
    %pushi/vec4 0, 0, 32;
    %assign/vec4 v0000013e46de9ba0_0, 0;
    %pushi/vec4 0, 0, 1;
    %assign/vec4 v0000013e46de9c40_0, 0;
    %pushi/vec4 1, 0, 1;
    %assign/vec4 v0000013e46de9ce0_0, 0;
    %delay 15000, 0;
    %vpi_call 2 49 "$stop" {0 0 0};
    %end;
    .thread T_9;
    .scope S_0000013e46c6b860;
T_10 ;
    %delay 1000, 0;
    %load/vec4 v0000013e46de91a0_0;
    %inv;
    %store/vec4 v0000013e46de91a0_0, 0, 1;
    %jmp T_10;
    .thread T_10;
    .scope S_0000013e46c6b860;
T_11 ;
    %vpi_call 2 53 "$dumpfile", "pro_tb1.vcd" {0 0 0};
    %vpi_call 2 54 "$dumpvars" {0 0 0};
    %end;
    .thread T_11;
# The file index is used to find the file name in the following table.
:file_names 7;
    "N/A";
    "<interactive>";
    ".\tb\pro_tb1.v";
    ".\processor.v";
    ".\alu.v";
    ".\ram.v";
    ".\regfile.v";
