#! /c/Source/iverilog-install/bin/vvp
:ivl_version "12.0 (devel)" "(s20150603-1110-g18392a46)";
:ivl_delay_selection "TYPICAL";
:vpi_time_precision - 11;
:vpi_module "D:\iVerilog\lib\ivl\system.vpi";
:vpi_module "D:\iVerilog\lib\ivl\vhdl_sys.vpi";
:vpi_module "D:\iVerilog\lib\ivl\vhdl_textio.vpi";
:vpi_module "D:\iVerilog\lib\ivl\v2005_math.vpi";
:vpi_module "D:\iVerilog\lib\ivl\va_math.vpi";
S_0000026932acb860 .scope module, "pro_tb2" "pro_tb2" 2 2;
 .timescale -9 -11;
v0000026932c57e90_0 .var "addr", 31 0;
v0000026932c57850_0 .net "cc", 2 0, L_0000026932cb1af0;  1 drivers
v0000026932c57df0_0 .var "clock", 0 0;
v0000026932c572b0_0 .var "flg", 0 0;
v0000026932c578f0_0 .net "r0", 31 0, v0000026932c4ca00_0;  1 drivers
v0000026932c58430_0 .net "r1", 31 0, v0000026932c4c0a0_0;  1 drivers
v0000026932c58070_0 .net "r2", 31 0, v0000026932c4de00_0;  1 drivers
v0000026932c57170_0 .net "r3", 31 0, v0000026932c4d2c0_0;  1 drivers
v0000026932c57350_0 .net "r4", 31 0, v0000026932c4c280_0;  1 drivers
v0000026932c57670_0 .net "r5", 31 0, v0000026932c4d5e0_0;  1 drivers
v0000026932c584d0_0 .net "r6", 31 0, v0000026932c4c460_0;  1 drivers
v0000026932c58110_0 .net "r7", 31 0, v0000026932c4d680_0;  1 drivers
v0000026932c58570_0 .var "rID", 3 0;
v0000026932c57210_0 .net "rdata", 31 0, L_0000026932cc0960;  1 drivers
v0000026932c581b0_0 .net "valE", 31 0, L_0000026932cc1db0;  1 drivers
v0000026932c57490_0 .var "wdata", 31 0;
v0000026932c57530_0 .var "working", 0 0;
v0000026932c575d0_0 .var "wr", 0 0;
S_0000026932acb9f0 .scope module, "processor" "processor" 2 21, 3 3 0, S_0000026932acb860;
 .timescale -9 -11;
    .port_info 0 /INPUT 1 "clock";
    .port_info 1 /INPUT 32 "addr";
    .port_info 2 /INPUT 1 "wr";
    .port_info 3 /INPUT 32 "wdata";
    .port_info 4 /INPUT 1 "working";
    .port_info 5 /INPUT 4 "rID";
    .port_info 6 /OUTPUT 32 "valE";
    .port_info 7 /OUTPUT 32 "r0";
    .port_info 8 /OUTPUT 32 "r1";
    .port_info 9 /OUTPUT 32 "r2";
    .port_info 10 /OUTPUT 32 "r3";
    .port_info 11 /OUTPUT 32 "r4";
    .port_info 12 /OUTPUT 32 "r5";
    .port_info 13 /OUTPUT 32 "r6";
    .port_info 14 /OUTPUT 32 "r7";
    .port_info 15 /OUTPUT 32 "rdata";
    .port_info 16 /OUTPUT 3 "cc";
P_0000026932acaf00 .param/l "ADD" 0 3 33, C4<00100000>;
P_0000026932acaf38 .param/l "AND" 0 3 35, C4<00100010>;
P_0000026932acaf70 .param/l "CMOVE" 0 3 40, C4<00110011>;
P_0000026932acafa8 .param/l "CMOVG" 0 3 43, C4<00110110>;
P_0000026932acafe0 .param/l "CMOVGE" 0 3 42, C4<00110101>;
P_0000026932acb018 .param/l "CMOVL" 0 3 39, C4<00110010>;
P_0000026932acb050 .param/l "CMOVLE" 0 3 38, C4<00110001>;
P_0000026932acb088 .param/l "CMOVNE" 0 3 41, C4<00110100>;
P_0000026932acb0c0 .param/l "HALT" 0 3 31, C4<00010001>;
P_0000026932acb0f8 .param/l "IRMOV" 0 3 30, C4<00010000>;
P_0000026932acb130 .param/l "JE" 0 3 47, C4<01110011>;
P_0000026932acb168 .param/l "JG" 0 3 50, C4<01110110>;
P_0000026932acb1a0 .param/l "JGE" 0 3 49, C4<01110101>;
P_0000026932acb1d8 .param/l "JL" 0 3 46, C4<01110010>;
P_0000026932acb210 .param/l "JLE" 0 3 45, C4<01110001>;
P_0000026932acb248 .param/l "JMP" 0 3 44, C4<01110000>;
P_0000026932acb280 .param/l "JNE" 0 3 48, C4<01110100>;
P_0000026932acb2b8 .param/l "NOP" 0 3 32, C4<00010010>;
P_0000026932acb2f0 .param/l "RRMOV" 0 3 37, C4<00110000>;
P_0000026932acb328 .param/l "SUB" 0 3 34, C4<00100001>;
P_0000026932acb360 .param/l "XOR" 0 3 36, C4<00100011>;
L_0000026932c4b160 .functor BUFZ 32, v0000026932c4a970_0, C4<00000000000000000000000000000000>, C4<00000000000000000000000000000000>, C4<00000000000000000000000000000000>;
L_0000026932c4b390 .functor AND 1, L_0000026932cbd9e0, v0000026932c57530_0, C4<1>, C4<1>;
L_0000026932c4b550 .functor AND 1, L_0000026932cbe0c0, v0000026932c57530_0, C4<1>, C4<1>;
L_0000026932c4b470 .functor XOR 1, L_0000026932cbeca0, L_0000026932cbc9a0, C4<0>, C4<0>;
L_0000026932c4b630 .functor OR 1, L_0000026932c4b470, L_0000026932cbec00, C4<0>, C4<0>;
L_0000026932c4b6a0 .functor AND 1, L_0000026932c4b550, L_0000026932c4b630, C4<1>, C4<1>;
L_0000026932c4b780 .functor AND 1, L_0000026932cbd800, v0000026932c57530_0, C4<1>, C4<1>;
L_0000026932cc3780 .functor XOR 1, L_0000026932cbeca0, L_0000026932cbc9a0, C4<0>, C4<0>;
L_0000026932cc1d40 .functor AND 1, L_0000026932c4b780, L_0000026932cc3780, C4<1>, C4<1>;
L_0000026932cc2360 .functor AND 1, L_0000026932cbe840, v0000026932c57530_0, C4<1>, C4<1>;
L_0000026932cc1f00 .functor AND 1, L_0000026932cc2360, L_0000026932cbec00, C4<1>, C4<1>;
L_0000026932cc1e20 .functor AND 1, L_0000026932cbcc20, v0000026932c57530_0, C4<1>, C4<1>;
L_0000026932cc2fa0 .functor NOT 1, L_0000026932cbec00, C4<0>, C4<0>, C4<0>;
L_0000026932cc2b40 .functor AND 1, L_0000026932cc1e20, L_0000026932cc2fa0, C4<1>, C4<1>;
L_0000026932cc2de0 .functor AND 1, L_0000026932cbeb60, v0000026932c57530_0, C4<1>, C4<1>;
L_0000026932cc21a0 .functor XOR 1, L_0000026932cbeca0, L_0000026932cbc9a0, C4<0>, C4<0>;
L_0000026932cc2bb0 .functor NOT 1, L_0000026932cc21a0, C4<0>, C4<0>, C4<0>;
L_0000026932cc1e90 .functor AND 1, L_0000026932cc2de0, L_0000026932cc2bb0, C4<1>, C4<1>;
L_0000026932cc3160 .functor AND 1, L_0000026932cbd120, v0000026932c57530_0, C4<1>, C4<1>;
L_0000026932cc2050 .functor XOR 1, L_0000026932cbeca0, L_0000026932cbc9a0, C4<0>, C4<0>;
L_0000026932cc2910 .functor NOT 1, L_0000026932cc2050, C4<0>, C4<0>, C4<0>;
L_0000026932cc23d0 .functor NOT 1, L_0000026932cbec00, C4<0>, C4<0>, C4<0>;
L_0000026932cc29f0 .functor AND 1, L_0000026932cc2910, L_0000026932cc23d0, C4<1>, C4<1>;
L_0000026932cc1f70 .functor AND 1, L_0000026932cc3160, L_0000026932cc29f0, C4<1>, C4<1>;
L_0000026932cc1db0 .functor BUFZ 32, L_0000026932cb3030, C4<00000000000000000000000000000000>, C4<00000000000000000000000000000000>, C4<00000000000000000000000000000000>;
L_0000026932cc24b0 .functor BUFZ 1, v0000026932c4e8a0_0, C4<0>, C4<0>, C4<0>;
v0000026932c4e8a0_0 .var "D_halt", 0 0;
v0000026932c4f660_0 .var "D_icode", 3 0;
v0000026932c4fe80_0 .var "D_ifun", 3 0;
v0000026932c4f7a0_0 .var "D_jflg", 0 0;
v0000026932c4f700_0 .var "D_rA", 3 0;
v0000026932c4f520_0 .var "D_rB", 3 0;
v0000026932c4f5c0_0 .var "D_valA", 31 0;
v0000026932c4ff20_0 .var "D_valB", 31 0;
v0000026932c4f840_0 .var "D_valC", 15 0;
v0000026932c4f8e0_0 .var "E_dstE", 3 0;
v0000026932c4ee40_0 .var "E_dstM", 3 0;
v0000026932c4f340_0 .var "E_halt", 0 0;
v0000026932c4ef80_0 .var "E_valE", 31 0;
v0000026932c4f160_0 .var "E_valM", 31 0;
v0000026932c4ea80_0 .net "F_read", 31 0, L_0000026932c4b160;  1 drivers
v0000026932c4ebc0_0 .var "PC", 31 0;
v0000026932c4f980_0 .net *"_ivl_100", 7 0, L_0000026932cbd620;  1 drivers
L_0000026932c5acd8 .functor BUFT 1, C4<01110000>, C4<0>, C4<0>, C4<0>;
v0000026932c4eb20_0 .net/2u *"_ivl_102", 7 0, L_0000026932c5acd8;  1 drivers
v0000026932c4f020_0 .net *"_ivl_104", 0 0, L_0000026932cbd9e0;  1 drivers
v0000026932c4fde0_0 .net *"_ivl_107", 0 0, L_0000026932c4b390;  1 drivers
L_0000026932c5ad20 .functor BUFT 1, C4<01>, C4<0>, C4<0>, C4<0>;
v0000026932c4e940_0 .net/2s *"_ivl_108", 1 0, L_0000026932c5ad20;  1 drivers
v0000026932c4fca0_0 .net *"_ivl_110", 7 0, L_0000026932cbc7c0;  1 drivers
L_0000026932c5ad68 .functor BUFT 1, C4<01110001>, C4<0>, C4<0>, C4<0>;
v0000026932c4fc00_0 .net/2u *"_ivl_112", 7 0, L_0000026932c5ad68;  1 drivers
v0000026932c4f0c0_0 .net *"_ivl_114", 0 0, L_0000026932cbe0c0;  1 drivers
v0000026932c4eda0_0 .net *"_ivl_117", 0 0, L_0000026932c4b550;  1 drivers
v0000026932c4ec60_0 .net *"_ivl_118", 0 0, L_0000026932c4b470;  1 drivers
v0000026932c4e9e0_0 .net *"_ivl_120", 0 0, L_0000026932c4b630;  1 drivers
v0000026932c4fa20_0 .net *"_ivl_123", 0 0, L_0000026932c4b6a0;  1 drivers
L_0000026932c5adb0 .functor BUFT 1, C4<01>, C4<0>, C4<0>, C4<0>;
v0000026932c4fd40_0 .net/2s *"_ivl_124", 1 0, L_0000026932c5adb0;  1 drivers
v0000026932c4ed00_0 .net *"_ivl_126", 7 0, L_0000026932cbde40;  1 drivers
L_0000026932c5adf8 .functor BUFT 1, C4<01110010>, C4<0>, C4<0>, C4<0>;
v0000026932c4eee0_0 .net/2u *"_ivl_128", 7 0, L_0000026932c5adf8;  1 drivers
v0000026932c4f200_0 .net *"_ivl_130", 0 0, L_0000026932cbd800;  1 drivers
v0000026932c4f2a0_0 .net *"_ivl_133", 0 0, L_0000026932c4b780;  1 drivers
v0000026932c4f3e0_0 .net *"_ivl_134", 0 0, L_0000026932cc3780;  1 drivers
v0000026932c4f480_0 .net *"_ivl_137", 0 0, L_0000026932cc1d40;  1 drivers
L_0000026932c5ae40 .functor BUFT 1, C4<01>, C4<0>, C4<0>, C4<0>;
v0000026932c49890_0 .net/2s *"_ivl_138", 1 0, L_0000026932c5ae40;  1 drivers
v0000026932c503d0_0 .net *"_ivl_140", 7 0, L_0000026932cbe7a0;  1 drivers
L_0000026932c5ae88 .functor BUFT 1, C4<01110011>, C4<0>, C4<0>, C4<0>;
v0000026932c50470_0 .net/2u *"_ivl_142", 7 0, L_0000026932c5ae88;  1 drivers
v0000026932c51730_0 .net *"_ivl_144", 0 0, L_0000026932cbe840;  1 drivers
v0000026932c50650_0 .net *"_ivl_147", 0 0, L_0000026932cc2360;  1 drivers
v0000026932c517d0_0 .net *"_ivl_149", 0 0, L_0000026932cc1f00;  1 drivers
L_0000026932c5aed0 .functor BUFT 1, C4<01>, C4<0>, C4<0>, C4<0>;
v0000026932c50a10_0 .net/2s *"_ivl_150", 1 0, L_0000026932c5aed0;  1 drivers
v0000026932c51af0_0 .net *"_ivl_152", 7 0, L_0000026932cbe520;  1 drivers
L_0000026932c5af18 .functor BUFT 1, C4<01110100>, C4<0>, C4<0>, C4<0>;
v0000026932c52810_0 .net/2u *"_ivl_154", 7 0, L_0000026932c5af18;  1 drivers
v0000026932c51230_0 .net *"_ivl_156", 0 0, L_0000026932cbcc20;  1 drivers
v0000026932c510f0_0 .net *"_ivl_159", 0 0, L_0000026932cc1e20;  1 drivers
v0000026932c50970_0 .net *"_ivl_160", 0 0, L_0000026932cc2fa0;  1 drivers
v0000026932c52090_0 .net *"_ivl_163", 0 0, L_0000026932cc2b40;  1 drivers
L_0000026932c5af60 .functor BUFT 1, C4<01>, C4<0>, C4<0>, C4<0>;
v0000026932c51d70_0 .net/2s *"_ivl_164", 1 0, L_0000026932c5af60;  1 drivers
v0000026932c508d0_0 .net *"_ivl_166", 7 0, L_0000026932cbdd00;  1 drivers
L_0000026932c5afa8 .functor BUFT 1, C4<01110101>, C4<0>, C4<0>, C4<0>;
v0000026932c52130_0 .net/2u *"_ivl_168", 7 0, L_0000026932c5afa8;  1 drivers
v0000026932c50e70_0 .net *"_ivl_170", 0 0, L_0000026932cbeb60;  1 drivers
v0000026932c51ff0_0 .net *"_ivl_173", 0 0, L_0000026932cc2de0;  1 drivers
v0000026932c506f0_0 .net *"_ivl_174", 0 0, L_0000026932cc21a0;  1 drivers
v0000026932c52590_0 .net *"_ivl_176", 0 0, L_0000026932cc2bb0;  1 drivers
v0000026932c51550_0 .net *"_ivl_179", 0 0, L_0000026932cc1e90;  1 drivers
L_0000026932c5aff0 .functor BUFT 1, C4<01>, C4<0>, C4<0>, C4<0>;
v0000026932c50ab0_0 .net/2s *"_ivl_180", 1 0, L_0000026932c5aff0;  1 drivers
v0000026932c521d0_0 .net *"_ivl_182", 7 0, L_0000026932cbca40;  1 drivers
L_0000026932c5b038 .functor BUFT 1, C4<01110110>, C4<0>, C4<0>, C4<0>;
v0000026932c515f0_0 .net/2u *"_ivl_184", 7 0, L_0000026932c5b038;  1 drivers
v0000026932c51410_0 .net *"_ivl_186", 0 0, L_0000026932cbd120;  1 drivers
v0000026932c52270_0 .net *"_ivl_189", 0 0, L_0000026932cc3160;  1 drivers
v0000026932c51190_0 .net *"_ivl_190", 0 0, L_0000026932cc2050;  1 drivers
v0000026932c51690_0 .net *"_ivl_192", 0 0, L_0000026932cc2910;  1 drivers
v0000026932c519b0_0 .net *"_ivl_194", 0 0, L_0000026932cc23d0;  1 drivers
v0000026932c512d0_0 .net *"_ivl_196", 0 0, L_0000026932cc29f0;  1 drivers
v0000026932c51a50_0 .net *"_ivl_199", 0 0, L_0000026932cc1f70;  1 drivers
L_0000026932c5aae0 .functor BUFT 1, C4<01>, C4<0>, C4<0>, C4<0>;
v0000026932c51870_0 .net/2s *"_ivl_2", 1 0, L_0000026932c5aae0;  1 drivers
L_0000026932c5b080 .functor BUFT 1, C4<01>, C4<0>, C4<0>, C4<0>;
v0000026932c51910_0 .net/2s *"_ivl_200", 1 0, L_0000026932c5b080;  1 drivers
L_0000026932c5b0c8 .functor BUFT 1, C4<00>, C4<0>, C4<0>, C4<0>;
v0000026932c51b90_0 .net/2s *"_ivl_202", 1 0, L_0000026932c5b0c8;  1 drivers
v0000026932c51370_0 .net *"_ivl_204", 1 0, L_0000026932cbcea0;  1 drivers
v0000026932c50d30_0 .net *"_ivl_206", 1 0, L_0000026932cbe660;  1 drivers
v0000026932c51f50_0 .net *"_ivl_208", 1 0, L_0000026932cbc5e0;  1 drivers
v0000026932c51c30_0 .net *"_ivl_210", 1 0, L_0000026932cbc540;  1 drivers
v0000026932c51cd0_0 .net *"_ivl_212", 1 0, L_0000026932cbc860;  1 drivers
v0000026932c52310_0 .net *"_ivl_214", 1 0, L_0000026932cbe200;  1 drivers
v0000026932c52450_0 .net *"_ivl_216", 1 0, L_0000026932cbcfe0;  1 drivers
L_0000026932c5b110 .functor BUFT 1, C4<00000000>, C4<0>, C4<0>, C4<0>;
v0000026932c50bf0_0 .net/2u *"_ivl_220", 7 0, L_0000026932c5b110;  1 drivers
L_0000026932c5b158 .functor BUFT 1, C4<0000000000000000>, C4<0>, C4<0>, C4<0>;
v0000026932c50b50_0 .net *"_ivl_249", 15 0, L_0000026932c5b158;  1 drivers
v0000026932c523b0_0 .net *"_ivl_254", 7 0, L_0000026932cbcae0;  1 drivers
L_0000026932c5b1a0 .functor BUFT 1, C4<00010000>, C4<0>, C4<0>, C4<0>;
v0000026932c50dd0_0 .net/2u *"_ivl_256", 7 0, L_0000026932c5b1a0;  1 drivers
v0000026932c50c90_0 .net *"_ivl_258", 0 0, L_0000026932cbdb20;  1 drivers
L_0000026932c5b1e8 .functor BUFT 1, C4<1111>, C4<0>, C4<0>, C4<0>;
v0000026932c51e10_0 .net/2u *"_ivl_260", 3 0, L_0000026932c5b1e8;  1 drivers
v0000026932c50830_0 .net *"_ivl_264", 7 0, L_0000026932cbe2a0;  1 drivers
L_0000026932c5b230 .functor BUFT 1, C4<00100000>, C4<0>, C4<0>, C4<0>;
v0000026932c524f0_0 .net/2u *"_ivl_266", 7 0, L_0000026932c5b230;  1 drivers
v0000026932c51eb0_0 .net *"_ivl_268", 0 0, L_0000026932cbd080;  1 drivers
L_0000026932c5b278 .functor BUFT 1, C4<0000>, C4<0>, C4<0>, C4<0>;
v0000026932c50790_0 .net/2u *"_ivl_270", 3 0, L_0000026932c5b278;  1 drivers
v0000026932c51050_0 .net *"_ivl_272", 7 0, L_0000026932cbd8a0;  1 drivers
L_0000026932c5b2c0 .functor BUFT 1, C4<00100001>, C4<0>, C4<0>, C4<0>;
v0000026932c514b0_0 .net/2u *"_ivl_274", 7 0, L_0000026932c5b2c0;  1 drivers
v0000026932c50510_0 .net *"_ivl_276", 0 0, L_0000026932cbc720;  1 drivers
L_0000026932c5b308 .functor BUFT 1, C4<0001>, C4<0>, C4<0>, C4<0>;
v0000026932c52630_0 .net/2u *"_ivl_278", 3 0, L_0000026932c5b308;  1 drivers
v0000026932c526d0_0 .net *"_ivl_280", 7 0, L_0000026932cbeac0;  1 drivers
L_0000026932c5b350 .functor BUFT 1, C4<00100010>, C4<0>, C4<0>, C4<0>;
v0000026932c52770_0 .net/2u *"_ivl_282", 7 0, L_0000026932c5b350;  1 drivers
v0000026932c500b0_0 .net *"_ivl_284", 0 0, L_0000026932cbe340;  1 drivers
L_0000026932c5b398 .functor BUFT 1, C4<0010>, C4<0>, C4<0>, C4<0>;
v0000026932c501f0_0 .net/2u *"_ivl_286", 3 0, L_0000026932c5b398;  1 drivers
v0000026932c50150_0 .net *"_ivl_288", 7 0, L_0000026932cbd940;  1 drivers
L_0000026932c5b3e0 .functor BUFT 1, C4<00100011>, C4<0>, C4<0>, C4<0>;
v0000026932c50f10_0 .net/2u *"_ivl_290", 7 0, L_0000026932c5b3e0;  1 drivers
v0000026932c50290_0 .net *"_ivl_292", 0 0, L_0000026932cbdee0;  1 drivers
L_0000026932c5b428 .functor BUFT 1, C4<0011>, C4<0>, C4<0>, C4<0>;
v0000026932c50330_0 .net/2u *"_ivl_294", 3 0, L_0000026932c5b428;  1 drivers
o0000026932bf3028 .functor BUFZ 4, C4<zzzz>; HiZ drive
; Elide local net with no drivers, v0000026932c50fb0_0 name=_ivl_296
v0000026932c505b0_0 .net *"_ivl_298", 3 0, L_0000026932cbe160;  1 drivers
v0000026932c53df0_0 .net *"_ivl_300", 3 0, L_0000026932cbd4e0;  1 drivers
v0000026932c52950_0 .net *"_ivl_302", 3 0, L_0000026932cbe3e0;  1 drivers
v0000026932c53850_0 .net *"_ivl_320", 31 0, L_0000026932cbcb80;  1 drivers
L_0000026932c5b470 .functor BUFT 1, C4<0000000000000000000000000000>, C4<0>, C4<0>, C4<0>;
v0000026932c52db0_0 .net *"_ivl_323", 27 0, L_0000026932c5b470;  1 drivers
L_0000026932c5b4b8 .functor BUFT 1, C4<00000000000000000000000000000000>, C4<0>, C4<0>, C4<0>;
v0000026932c532b0_0 .net/2u *"_ivl_324", 31 0, L_0000026932c5b4b8;  1 drivers
v0000026932c53710_0 .net *"_ivl_326", 0 0, L_0000026932cbd1c0;  1 drivers
v0000026932c530d0_0 .net *"_ivl_328", 31 0, L_0000026932cbd300;  1 drivers
L_0000026932c5b500 .functor BUFT 1, C4<0000000000000000000000000000>, C4<0>, C4<0>, C4<0>;
v0000026932c529f0_0 .net *"_ivl_331", 27 0, L_0000026932c5b500;  1 drivers
L_0000026932c5b548 .functor BUFT 1, C4<00000000000000000000000000000001>, C4<0>, C4<0>, C4<0>;
v0000026932c52b30_0 .net/2u *"_ivl_332", 31 0, L_0000026932c5b548;  1 drivers
v0000026932c538f0_0 .net *"_ivl_334", 0 0, L_0000026932cbd3a0;  1 drivers
v0000026932c53210_0 .net *"_ivl_336", 31 0, L_0000026932cbd440;  1 drivers
L_0000026932c5b590 .functor BUFT 1, C4<0000000000000000000000000000>, C4<0>, C4<0>, C4<0>;
v0000026932c53cb0_0 .net *"_ivl_339", 27 0, L_0000026932c5b590;  1 drivers
L_0000026932c5b5d8 .functor BUFT 1, C4<00000000000000000000000000000010>, C4<0>, C4<0>, C4<0>;
v0000026932c52bd0_0 .net/2u *"_ivl_340", 31 0, L_0000026932c5b5d8;  1 drivers
v0000026932c53f30_0 .net *"_ivl_342", 0 0, L_0000026932cbfa60;  1 drivers
v0000026932c537b0_0 .net *"_ivl_344", 31 0, L_0000026932cc05a0;  1 drivers
L_0000026932c5b620 .functor BUFT 1, C4<0000000000000000000000000000>, C4<0>, C4<0>, C4<0>;
v0000026932c53990_0 .net *"_ivl_347", 27 0, L_0000026932c5b620;  1 drivers
L_0000026932c5b668 .functor BUFT 1, C4<00000000000000000000000000000011>, C4<0>, C4<0>, C4<0>;
v0000026932c52f90_0 .net/2u *"_ivl_348", 31 0, L_0000026932c5b668;  1 drivers
v0000026932c52c70_0 .net *"_ivl_350", 0 0, L_0000026932cbee80;  1 drivers
v0000026932c52d10_0 .net *"_ivl_352", 31 0, L_0000026932cbf560;  1 drivers
L_0000026932c5b6b0 .functor BUFT 1, C4<0000000000000000000000000000>, C4<0>, C4<0>, C4<0>;
v0000026932c528b0_0 .net *"_ivl_355", 27 0, L_0000026932c5b6b0;  1 drivers
L_0000026932c5b6f8 .functor BUFT 1, C4<00000000000000000000000000000100>, C4<0>, C4<0>, C4<0>;
v0000026932c53490_0 .net/2u *"_ivl_356", 31 0, L_0000026932c5b6f8;  1 drivers
v0000026932c52e50_0 .net *"_ivl_358", 0 0, L_0000026932cc0140;  1 drivers
v0000026932c52a90_0 .net *"_ivl_360", 31 0, L_0000026932cbede0;  1 drivers
L_0000026932c5b740 .functor BUFT 1, C4<0000000000000000000000000000>, C4<0>, C4<0>, C4<0>;
v0000026932c52ef0_0 .net *"_ivl_363", 27 0, L_0000026932c5b740;  1 drivers
L_0000026932c5b788 .functor BUFT 1, C4<00000000000000000000000000000101>, C4<0>, C4<0>, C4<0>;
v0000026932c53030_0 .net/2u *"_ivl_364", 31 0, L_0000026932c5b788;  1 drivers
v0000026932c53350_0 .net *"_ivl_366", 0 0, L_0000026932cbf060;  1 drivers
v0000026932c533f0_0 .net *"_ivl_368", 31 0, L_0000026932cbf4c0;  1 drivers
L_0000026932c5ab70 .functor BUFT 1, C4<00010010>, C4<0>, C4<0>, C4<0>;
v0000026932c53530_0 .net/2u *"_ivl_37", 7 0, L_0000026932c5ab70;  1 drivers
L_0000026932c5b7d0 .functor BUFT 1, C4<0000000000000000000000000000>, C4<0>, C4<0>, C4<0>;
v0000026932c53170_0 .net *"_ivl_371", 27 0, L_0000026932c5b7d0;  1 drivers
L_0000026932c5b818 .functor BUFT 1, C4<00000000000000000000000000000110>, C4<0>, C4<0>, C4<0>;
v0000026932c53ad0_0 .net/2u *"_ivl_372", 31 0, L_0000026932c5b818;  1 drivers
v0000026932c53b70_0 .net *"_ivl_374", 0 0, L_0000026932cc0280;  1 drivers
v0000026932c535d0_0 .net *"_ivl_376", 31 0, L_0000026932cc0320;  1 drivers
L_0000026932c5b860 .functor BUFT 1, C4<0000000000000000000000000000>, C4<0>, C4<0>, C4<0>;
v0000026932c53670_0 .net *"_ivl_379", 27 0, L_0000026932c5b860;  1 drivers
L_0000026932c5b8a8 .functor BUFT 1, C4<00000000000000000000000000000111>, C4<0>, C4<0>, C4<0>;
v0000026932c53a30_0 .net/2u *"_ivl_380", 31 0, L_0000026932c5b8a8;  1 drivers
v0000026932c53c10_0 .net *"_ivl_382", 0 0, L_0000026932cbef20;  1 drivers
o0000026932bf3718 .functor BUFZ 32, C4<zzzzzzzzzzzzzzzzzzzzzzzzzzzzzzzz>; HiZ drive
; Elide local net with no drivers, v0000026932c53e90_0 name=_ivl_384
v0000026932c53d50_0 .net *"_ivl_386", 31 0, L_0000026932cbfd80;  1 drivers
v0000026932c55af0_0 .net *"_ivl_388", 31 0, L_0000026932cc03c0;  1 drivers
v0000026932c569f0_0 .net *"_ivl_390", 31 0, L_0000026932cbfba0;  1 drivers
v0000026932c56590_0 .net *"_ivl_392", 31 0, L_0000026932cbfce0;  1 drivers
v0000026932c550f0_0 .net *"_ivl_394", 31 0, L_0000026932cbfec0;  1 drivers
v0000026932c568b0_0 .net *"_ivl_396", 31 0, L_0000026932cbf600;  1 drivers
v0000026932c55690_0 .net *"_ivl_398", 31 0, L_0000026932cc14a0;  1 drivers
L_0000026932c5ab28 .functor BUFT 1, C4<00>, C4<0>, C4<0>, C4<0>;
v0000026932c56810_0 .net/2s *"_ivl_4", 1 0, L_0000026932c5ab28;  1 drivers
v0000026932c54a10_0 .net *"_ivl_40", 7 0, L_0000026932cb4890;  1 drivers
v0000026932c54ab0_0 .net *"_ivl_41", 7 0, L_0000026932cb5470;  1 drivers
L_0000026932c5abb8 .functor BUFT 1, C4<00000000>, C4<0>, C4<0>, C4<0>;
v0000026932c55230_0 .net/2u *"_ivl_46", 7 0, L_0000026932c5abb8;  1 drivers
v0000026932c56950_0 .net *"_ivl_49", 7 0, L_0000026932cb51f0;  1 drivers
v0000026932c55e10_0 .net *"_ivl_50", 7 0, L_0000026932cb4e30;  1 drivers
v0000026932c55c30_0 .net *"_ivl_54", 0 0, L_0000026932cb5510;  1 drivers
v0000026932c56a90_0 .net *"_ivl_56", 0 0, L_0000026932cb41b0;  1 drivers
v0000026932c55910_0 .net *"_ivl_58", 0 0, L_0000026932cb49d0;  1 drivers
v0000026932c559b0_0 .net *"_ivl_6", 1 0, L_0000026932cb5650;  1 drivers
v0000026932c56b30_0 .net *"_ivl_60", 0 0, L_0000026932cbd6c0;  1 drivers
v0000026932c56bd0_0 .net *"_ivl_62", 31 0, L_0000026932cbe8e0;  1 drivers
v0000026932c54b50_0 .net *"_ivl_64", 31 0, L_0000026932cbcf40;  1 drivers
v0000026932c55730_0 .net *"_ivl_66", 31 0, L_0000026932cbce00;  1 drivers
v0000026932c557d0_0 .net *"_ivl_70", 0 0, L_0000026932cbe480;  1 drivers
v0000026932c55870_0 .net *"_ivl_72", 0 0, L_0000026932cbe5c0;  1 drivers
v0000026932c56270_0 .net *"_ivl_74", 0 0, L_0000026932cbccc0;  1 drivers
v0000026932c56450_0 .net *"_ivl_76", 0 0, L_0000026932cbc680;  1 drivers
v0000026932c55a50_0 .net *"_ivl_78", 31 0, L_0000026932cbd760;  1 drivers
v0000026932c548d0_0 .net *"_ivl_80", 31 0, L_0000026932cbdf80;  1 drivers
v0000026932c56c70_0 .net *"_ivl_82", 31 0, L_0000026932cbcd60;  1 drivers
v0000026932c564f0_0 .net *"_ivl_86", 7 0, L_0000026932cbe020;  1 drivers
L_0000026932c5ac00 .functor BUFT 1, C4<00010001>, C4<0>, C4<0>, C4<0>;
v0000026932c56d10_0 .net/2u *"_ivl_88", 7 0, L_0000026932c5ac00;  1 drivers
v0000026932c54970_0 .net *"_ivl_90", 0 0, L_0000026932cbe980;  1 drivers
L_0000026932c5ac48 .functor BUFT 1, C4<01>, C4<0>, C4<0>, C4<0>;
v0000026932c56db0_0 .net/2s *"_ivl_92", 1 0, L_0000026932c5ac48;  1 drivers
L_0000026932c5ac90 .functor BUFT 1, C4<00>, C4<0>, C4<0>, C4<0>;
v0000026932c55410_0 .net/2s *"_ivl_94", 1 0, L_0000026932c5ac90;  1 drivers
v0000026932c552d0_0 .net *"_ivl_96", 1 0, L_0000026932cbda80;  1 drivers
v0000026932c56e50_0 .net "addr", 31 0, v0000026932c57e90_0;  1 drivers
v0000026932c55550_0 .net "cc", 2 0, L_0000026932cb1af0;  alias, 1 drivers
v0000026932c554b0_0 .net "clock", 0 0, v0000026932c57df0_0;  1 drivers
v0000026932c56630_0 .net "d_halt", 0 0, L_0000026932cbdc60;  1 drivers
v0000026932c566d0_0 .net "d_icode", 3 0, L_0000026932cb4d90;  1 drivers
v0000026932c55b90_0 .net "d_ifun", 3 0, L_0000026932cb55b0;  1 drivers
v0000026932c54fb0_0 .net "d_jflg", 0 0, L_0000026932cbdda0;  1 drivers
v0000026932c54bf0_0 .net "d_jpc", 31 0, L_0000026932cbd580;  1 drivers
v0000026932c56ef0_0 .net "d_rA", 3 0, L_0000026932cb5150;  1 drivers
v0000026932c56130_0 .net "d_rB", 3 0, L_0000026932cb53d0;  1 drivers
v0000026932c56f90_0 .net "d_valA", 31 0, L_0000026932cbd260;  1 drivers
v0000026932c55cd0_0 .net "d_valA_reg", 31 0, L_0000026932cb1b90;  1 drivers
v0000026932c57030_0 .net "d_valB", 31 0, L_0000026932cbdbc0;  1 drivers
v0000026932c55d70_0 .net "d_valB_reg", 31 0, L_0000026932cb3b70;  1 drivers
v0000026932c54c90_0 .net "d_valC", 15 0, L_0000026932cb5290;  1 drivers
v0000026932c54d30_0 .net "e_OF", 0 0, L_0000026932cbc9a0;  1 drivers
v0000026932c54dd0_0 .net "e_SF", 0 0, L_0000026932cbeca0;  1 drivers
v0000026932c555f0_0 .net "e_ZF", 0 0, L_0000026932cbec00;  1 drivers
v0000026932c54e70_0 .net "e_alufun", 3 0, L_0000026932cbc900;  1 drivers
v0000026932c55370_0 .net "e_dstE", 3 0, v0000026932c4f700_0;  1 drivers
v0000026932c56310_0 .net "e_dstM", 3 0, L_0000026932cbe700;  1 drivers
v0000026932c54f10_0 .net "e_halt", 0 0, L_0000026932cc24b0;  1 drivers
v0000026932c55f50_0 .var "e_reg_rst", 0 0;
v0000026932c55eb0_0 .net "e_valA", 31 0, v0000026932c4f5c0_0;  1 drivers
v0000026932c55050_0 .net "e_valB", 31 0, v0000026932c4ff20_0;  1 drivers
v0000026932c55190_0 .net "e_valE", 31 0, L_0000026932cb3030;  1 drivers
v0000026932c55ff0_0 .net "e_valM", 31 0, L_0000026932cbea20;  1 drivers
v0000026932c56770_0 .net "f_addr", 31 0, L_0000026932cb4610;  1 drivers
v0000026932c56090_0 .net "f_rd", 0 0, L_0000026932cb4750;  1 drivers
v0000026932c561d0_0 .net "f_rdata", 31 0, v0000026932c4a970_0;  1 drivers
v0000026932c563b0_0 .net "r0", 31 0, v0000026932c4ca00_0;  alias, 1 drivers
v0000026932c58610_0 .net "r1", 31 0, v0000026932c4c0a0_0;  alias, 1 drivers
v0000026932c57cb0_0 .net "r2", 31 0, v0000026932c4de00_0;  alias, 1 drivers
v0000026932c58250_0 .net "r3", 31 0, v0000026932c4d2c0_0;  alias, 1 drivers
v0000026932c586b0_0 .net "r4", 31 0, v0000026932c4c280_0;  alias, 1 drivers
v0000026932c573f0_0 .net "r5", 31 0, v0000026932c4d5e0_0;  alias, 1 drivers
v0000026932c58750_0 .net "r6", 31 0, v0000026932c4c460_0;  alias, 1 drivers
v0000026932c57a30_0 .net "r7", 31 0, v0000026932c4d680_0;  alias, 1 drivers
v0000026932c57d50_0 .net "rID", 3 0, v0000026932c58570_0;  1 drivers
v0000026932c57f30_0 .net "rdata", 31 0, L_0000026932cc0960;  alias, 1 drivers
v0000026932c57ad0_0 .net "valE", 31 0, L_0000026932cc1db0;  alias, 1 drivers
v0000026932c57fd0_0 .net "w_dstE", 3 0, v0000026932c4f8e0_0;  1 drivers
v0000026932c57990_0 .net "w_dstM", 3 0, v0000026932c4ee40_0;  1 drivers
v0000026932c57b70_0 .net "w_valE", 31 0, v0000026932c4ef80_0;  1 drivers
v0000026932c582f0_0 .net "w_valM", 31 0, v0000026932c4f160_0;  1 drivers
v0000026932c57c10_0 .net "wdata", 31 0, v0000026932c57490_0;  1 drivers
v0000026932c570d0_0 .net "working", 0 0, v0000026932c57530_0;  1 drivers
v0000026932c58390_0 .net "wr", 0 0, v0000026932c575d0_0;  1 drivers
L_0000026932cb4610 .functor MUXZ 32, v0000026932c57e90_0, v0000026932c4ebc0_0, v0000026932c57530_0, C4<>;
L_0000026932cb5650 .functor MUXZ 2, L_0000026932c5ab28, L_0000026932c5aae0, v0000026932c57530_0, C4<>;
L_0000026932cb4750 .part L_0000026932cb5650, 0, 1;
L_0000026932cb4d90 .part L_0000026932cb5470, 4, 4;
L_0000026932cb55b0 .part L_0000026932cb5470, 0, 4;
L_0000026932cb4890 .part L_0000026932c4b160, 24, 8;
L_0000026932cb5470 .functor MUXZ 8, L_0000026932cb4890, L_0000026932c5ab70, v0000026932c4f7a0_0, C4<>;
L_0000026932cb5150 .part L_0000026932cb4e30, 4, 4;
L_0000026932cb53d0 .part L_0000026932cb4e30, 0, 4;
L_0000026932cb51f0 .part L_0000026932c4b160, 16, 8;
L_0000026932cb4e30 .functor MUXZ 8, L_0000026932cb51f0, L_0000026932c5abb8, v0000026932c4f7a0_0, C4<>;
L_0000026932cb5290 .part L_0000026932c4b160, 0, 16;
L_0000026932cb5510 .cmp/eq 4, v0000026932c4f700_0, L_0000026932cb5150;
L_0000026932cb41b0 .cmp/eq 4, L_0000026932cbe700, L_0000026932cb5150;
L_0000026932cb49d0 .cmp/eq 4, v0000026932c4f8e0_0, L_0000026932cb5150;
L_0000026932cbd6c0 .cmp/eq 4, v0000026932c4ee40_0, L_0000026932cb5150;
L_0000026932cbe8e0 .functor MUXZ 32, L_0000026932cb1b90, v0000026932c4f160_0, L_0000026932cbd6c0, C4<>;
L_0000026932cbcf40 .functor MUXZ 32, L_0000026932cbe8e0, v0000026932c4ef80_0, L_0000026932cb49d0, C4<>;
L_0000026932cbce00 .functor MUXZ 32, L_0000026932cbcf40, L_0000026932cbea20, L_0000026932cb41b0, C4<>;
L_0000026932cbd260 .functor MUXZ 32, L_0000026932cbce00, L_0000026932cb3030, L_0000026932cb5510, C4<>;
L_0000026932cbe480 .cmp/eq 4, v0000026932c4f700_0, L_0000026932cb53d0;
L_0000026932cbe5c0 .cmp/eq 4, L_0000026932cbe700, L_0000026932cb53d0;
L_0000026932cbccc0 .cmp/eq 4, v0000026932c4f8e0_0, L_0000026932cb53d0;
L_0000026932cbc680 .cmp/eq 4, v0000026932c4ee40_0, L_0000026932cb53d0;
L_0000026932cbd760 .functor MUXZ 32, L_0000026932cb3b70, v0000026932c4f160_0, L_0000026932cbc680, C4<>;
L_0000026932cbdf80 .functor MUXZ 32, L_0000026932cbd760, v0000026932c4ef80_0, L_0000026932cbccc0, C4<>;
L_0000026932cbcd60 .functor MUXZ 32, L_0000026932cbdf80, L_0000026932cbea20, L_0000026932cbe5c0, C4<>;
L_0000026932cbdbc0 .functor MUXZ 32, L_0000026932cbcd60, L_0000026932cb3030, L_0000026932cbe480, C4<>;
L_0000026932cbe020 .concat [ 4 4 0 0], L_0000026932cb55b0, L_0000026932cb4d90;
L_0000026932cbe980 .cmp/eq 8, L_0000026932cbe020, L_0000026932c5ac00;
L_0000026932cbda80 .functor MUXZ 2, L_0000026932c5ac90, L_0000026932c5ac48, L_0000026932cbe980, C4<>;
L_0000026932cbdc60 .part L_0000026932cbda80, 0, 1;
L_0000026932cbd620 .concat [ 4 4 0 0], L_0000026932cb55b0, L_0000026932cb4d90;
L_0000026932cbd9e0 .cmp/eq 8, L_0000026932cbd620, L_0000026932c5acd8;
L_0000026932cbc7c0 .concat [ 4 4 0 0], L_0000026932cb55b0, L_0000026932cb4d90;
L_0000026932cbe0c0 .cmp/eq 8, L_0000026932cbc7c0, L_0000026932c5ad68;
L_0000026932cbde40 .concat [ 4 4 0 0], L_0000026932cb55b0, L_0000026932cb4d90;
L_0000026932cbd800 .cmp/eq 8, L_0000026932cbde40, L_0000026932c5adf8;
L_0000026932cbe7a0 .concat [ 4 4 0 0], L_0000026932cb55b0, L_0000026932cb4d90;
L_0000026932cbe840 .cmp/eq 8, L_0000026932cbe7a0, L_0000026932c5ae88;
L_0000026932cbe520 .concat [ 4 4 0 0], L_0000026932cb55b0, L_0000026932cb4d90;
L_0000026932cbcc20 .cmp/eq 8, L_0000026932cbe520, L_0000026932c5af18;
L_0000026932cbdd00 .concat [ 4 4 0 0], L_0000026932cb55b0, L_0000026932cb4d90;
L_0000026932cbeb60 .cmp/eq 8, L_0000026932cbdd00, L_0000026932c5afa8;
L_0000026932cbca40 .concat [ 4 4 0 0], L_0000026932cb55b0, L_0000026932cb4d90;
L_0000026932cbd120 .cmp/eq 8, L_0000026932cbca40, L_0000026932c5b038;
L_0000026932cbcea0 .functor MUXZ 2, L_0000026932c5b0c8, L_0000026932c5b080, L_0000026932cc1f70, C4<>;
L_0000026932cbe660 .functor MUXZ 2, L_0000026932cbcea0, L_0000026932c5aff0, L_0000026932cc1e90, C4<>;
L_0000026932cbc5e0 .functor MUXZ 2, L_0000026932cbe660, L_0000026932c5af60, L_0000026932cc2b40, C4<>;
L_0000026932cbc540 .functor MUXZ 2, L_0000026932cbc5e0, L_0000026932c5aed0, L_0000026932cc1f00, C4<>;
L_0000026932cbc860 .functor MUXZ 2, L_0000026932cbc540, L_0000026932c5ae40, L_0000026932cc1d40, C4<>;
L_0000026932cbe200 .functor MUXZ 2, L_0000026932cbc860, L_0000026932c5adb0, L_0000026932c4b6a0, C4<>;
L_0000026932cbcfe0 .functor MUXZ 2, L_0000026932cbe200, L_0000026932c5ad20, L_0000026932c4b390, C4<>;
L_0000026932cbdda0 .part L_0000026932cbcfe0, 0, 1;
L_0000026932cbd580 .concat [ 16 4 4 8], L_0000026932cb5290, L_0000026932cb53d0, L_0000026932cb5150, L_0000026932c5b110;
L_0000026932cbea20 .concat [ 16 16 0 0], v0000026932c4f840_0, L_0000026932c5b158;
L_0000026932cbcae0 .concat [ 4 4 0 0], v0000026932c4fe80_0, v0000026932c4f660_0;
L_0000026932cbdb20 .cmp/eq 8, L_0000026932cbcae0, L_0000026932c5b1a0;
L_0000026932cbe700 .functor MUXZ 4, L_0000026932c5b1e8, v0000026932c4f520_0, L_0000026932cbdb20, C4<>;
L_0000026932cbe2a0 .concat [ 4 4 0 0], v0000026932c4fe80_0, v0000026932c4f660_0;
L_0000026932cbd080 .cmp/eq 8, L_0000026932cbe2a0, L_0000026932c5b230;
L_0000026932cbd8a0 .concat [ 4 4 0 0], v0000026932c4fe80_0, v0000026932c4f660_0;
L_0000026932cbc720 .cmp/eq 8, L_0000026932cbd8a0, L_0000026932c5b2c0;
L_0000026932cbeac0 .concat [ 4 4 0 0], v0000026932c4fe80_0, v0000026932c4f660_0;
L_0000026932cbe340 .cmp/eq 8, L_0000026932cbeac0, L_0000026932c5b350;
L_0000026932cbd940 .concat [ 4 4 0 0], v0000026932c4fe80_0, v0000026932c4f660_0;
L_0000026932cbdee0 .cmp/eq 8, L_0000026932cbd940, L_0000026932c5b3e0;
L_0000026932cbe160 .functor MUXZ 4, o0000026932bf3028, L_0000026932c5b428, L_0000026932cbdee0, C4<>;
L_0000026932cbd4e0 .functor MUXZ 4, L_0000026932cbe160, L_0000026932c5b398, L_0000026932cbe340, C4<>;
L_0000026932cbe3e0 .functor MUXZ 4, L_0000026932cbd4e0, L_0000026932c5b308, L_0000026932cbc720, C4<>;
L_0000026932cbc900 .functor MUXZ 4, L_0000026932cbe3e0, L_0000026932c5b278, L_0000026932cbd080, C4<>;
L_0000026932cbec00 .part L_0000026932cb1af0, 2, 1;
L_0000026932cbeca0 .part L_0000026932cb1af0, 1, 1;
L_0000026932cbc9a0 .part L_0000026932cb1af0, 0, 1;
L_0000026932cbcb80 .concat [ 4 28 0 0], v0000026932c58570_0, L_0000026932c5b470;
L_0000026932cbd1c0 .cmp/eq 32, L_0000026932cbcb80, L_0000026932c5b4b8;
L_0000026932cbd300 .concat [ 4 28 0 0], v0000026932c58570_0, L_0000026932c5b500;
L_0000026932cbd3a0 .cmp/eq 32, L_0000026932cbd300, L_0000026932c5b548;
L_0000026932cbd440 .concat [ 4 28 0 0], v0000026932c58570_0, L_0000026932c5b590;
L_0000026932cbfa60 .cmp/eq 32, L_0000026932cbd440, L_0000026932c5b5d8;
L_0000026932cc05a0 .concat [ 4 28 0 0], v0000026932c58570_0, L_0000026932c5b620;
L_0000026932cbee80 .cmp/eq 32, L_0000026932cc05a0, L_0000026932c5b668;
L_0000026932cbf560 .concat [ 4 28 0 0], v0000026932c58570_0, L_0000026932c5b6b0;
L_0000026932cc0140 .cmp/eq 32, L_0000026932cbf560, L_0000026932c5b6f8;
L_0000026932cbede0 .concat [ 4 28 0 0], v0000026932c58570_0, L_0000026932c5b740;
L_0000026932cbf060 .cmp/eq 32, L_0000026932cbede0, L_0000026932c5b788;
L_0000026932cbf4c0 .concat [ 4 28 0 0], v0000026932c58570_0, L_0000026932c5b7d0;
L_0000026932cc0280 .cmp/eq 32, L_0000026932cbf4c0, L_0000026932c5b818;
L_0000026932cc0320 .concat [ 4 28 0 0], v0000026932c58570_0, L_0000026932c5b860;
L_0000026932cbef20 .cmp/eq 32, L_0000026932cc0320, L_0000026932c5b8a8;
L_0000026932cbfd80 .functor MUXZ 32, o0000026932bf3718, v0000026932c4d680_0, L_0000026932cbef20, C4<>;
L_0000026932cc03c0 .functor MUXZ 32, L_0000026932cbfd80, v0000026932c4c460_0, L_0000026932cc0280, C4<>;
L_0000026932cbfba0 .functor MUXZ 32, L_0000026932cc03c0, v0000026932c4d5e0_0, L_0000026932cbf060, C4<>;
L_0000026932cbfce0 .functor MUXZ 32, L_0000026932cbfba0, v0000026932c4c280_0, L_0000026932cc0140, C4<>;
L_0000026932cbfec0 .functor MUXZ 32, L_0000026932cbfce0, v0000026932c4d2c0_0, L_0000026932cbee80, C4<>;
L_0000026932cbf600 .functor MUXZ 32, L_0000026932cbfec0, v0000026932c4de00_0, L_0000026932cbfa60, C4<>;
L_0000026932cc14a0 .functor MUXZ 32, L_0000026932cbf600, v0000026932c4c0a0_0, L_0000026932cbd3a0, C4<>;
L_0000026932cc0960 .functor MUXZ 32, L_0000026932cc14a0, v0000026932c4ca00_0, L_0000026932cbd1c0, C4<>;
S_0000026932acbb80 .scope module, "alu" "alu" 3 79, 4 2 0, S_0000026932acb9f0;
 .timescale -9 -11;
    .port_info 0 /INPUT 32 "aluA";
    .port_info 1 /INPUT 32 "aluB";
    .port_info 2 /INPUT 4 "alufun";
    .port_info 3 /OUTPUT 32 "valE";
    .port_info 4 /OUTPUT 3 "cc";
L_0000026932c4bd30 .functor BUFZ 32, v0000026932c4f5c0_0, C4<00000000000000000000000000000000>, C4<00000000000000000000000000000000>, C4<00000000000000000000000000000000>;
L_0000026932c4bda0 .functor BUFZ 32, v0000026932c4ff20_0, C4<00000000000000000000000000000000>, C4<00000000000000000000000000000000>, C4<00000000000000000000000000000000>;
L_0000026932c4b7f0 .functor BUFZ 32, L_0000026932cb3030, C4<00000000000000000000000000000000>, C4<00000000000000000000000000000000>, C4<00000000000000000000000000000000>;
L_0000026932c4b4e0 .functor AND 32, v0000026932c4f5c0_0, v0000026932c4ff20_0, C4<11111111111111111111111111111111>, C4<11111111111111111111111111111111>;
L_0000026932c4b940 .functor NOT 32, v0000026932c4f5c0_0, C4<00000000000000000000000000000000>, C4<00000000000000000000000000000000>, C4<00000000000000000000000000000000>;
L_0000026932c4b1d0 .functor AND 32, L_0000026932c4b940, v0000026932c4ff20_0, C4<11111111111111111111111111111111>, C4<11111111111111111111111111111111>;
L_0000026932c4b240 .functor NOT 32, v0000026932c4ff20_0, C4<00000000000000000000000000000000>, C4<00000000000000000000000000000000>, C4<00000000000000000000000000000000>;
L_0000026932c4b320 .functor AND 32, v0000026932c4f5c0_0, L_0000026932c4b240, C4<11111111111111111111111111111111>, C4<11111111111111111111111111111111>;
L_0000026932c4ba20 .functor OR 32, L_0000026932c4b1d0, L_0000026932c4b320, C4<00000000000000000000000000000000>, C4<00000000000000000000000000000000>;
L_0000026932c4bb70 .functor AND 1, L_0000026932cb4250, L_0000026932cb4a70, C4<1>, C4<1>;
L_0000026932c4b710 .functor AND 1, L_0000026932c4bb70, L_0000026932cb56f0, C4<1>, C4<1>;
L_0000026932c4b400 .functor AND 1, L_0000026932cb4c50, L_0000026932cb4390, C4<1>, C4<1>;
L_0000026932c4bf60 .functor AND 1, L_0000026932c4b400, L_0000026932cb44d0, C4<1>, C4<1>;
L_0000026932c4b9b0 .functor OR 1, L_0000026932c4b710, L_0000026932c4bf60, C4<0>, C4<0>;
L_0000026932c4be80 .functor AND 1, L_0000026932cb4b10, L_0000026932cb4cf0, C4<1>, C4<1>;
L_0000026932c4bef0 .functor AND 1, L_0000026932c4be80, L_0000026932cb50b0, C4<1>, C4<1>;
L_0000026932c4b080 .functor AND 1, L_0000026932cb4430, L_0000026932cb4570, C4<1>, C4<1>;
L_0000026932c4ba90 .functor AND 1, L_0000026932c4b080, L_0000026932cb5330, C4<1>, C4<1>;
L_0000026932c4b0f0 .functor OR 1, L_0000026932c4bef0, L_0000026932c4ba90, C4<0>, C4<0>;
v0000026932bc51e0_0 .net/s "A", 31 0, L_0000026932c4bd30;  1 drivers
v0000026932bc6c20_0 .net/s "B", 31 0, L_0000026932c4bda0;  1 drivers
v0000026932bc6180_0 .net/s "E", 31 0, L_0000026932c4b7f0;  1 drivers
v0000026932bc6d60_0 .net "OF", 0 0, L_0000026932cb4bb0;  1 drivers
v0000026932bc6e00_0 .net "SF", 0 0, L_0000026932cb42f0;  1 drivers
v0000026932bc6360_0 .net "ZF", 0 0, L_0000026932cb3170;  1 drivers
L_0000026932c5a660 .functor BUFT 1, C4<00000000000000000000000000000000>, C4<0>, C4<0>, C4<0>;
v0000026932bc6ea0_0 .net/2s *"_ivl_100", 31 0, L_0000026932c5a660;  1 drivers
v0000026932bc5140_0 .net *"_ivl_102", 0 0, L_0000026932cb4250;  1 drivers
L_0000026932c5a6a8 .functor BUFT 1, C4<00000000000000000000000000000000>, C4<0>, C4<0>, C4<0>;
v0000026932bc6fe0_0 .net/2s *"_ivl_104", 31 0, L_0000026932c5a6a8;  1 drivers
v0000026932bc5280_0 .net *"_ivl_106", 0 0, L_0000026932cb4a70;  1 drivers
v0000026932bc5be0_0 .net *"_ivl_109", 0 0, L_0000026932c4bb70;  1 drivers
L_0000026932c5a198 .functor BUFT 1, C4<0000000000000000000000000000>, C4<0>, C4<0>, C4<0>;
v0000026932bc64a0_0 .net *"_ivl_11", 27 0, L_0000026932c5a198;  1 drivers
L_0000026932c5a6f0 .functor BUFT 1, C4<00000000000000000000000000000000>, C4<0>, C4<0>, C4<0>;
v0000026932bc6400_0 .net/2s *"_ivl_110", 31 0, L_0000026932c5a6f0;  1 drivers
v0000026932bc5f00_0 .net *"_ivl_112", 0 0, L_0000026932cb56f0;  1 drivers
v0000026932bc65e0_0 .net *"_ivl_115", 0 0, L_0000026932c4b710;  1 drivers
L_0000026932c5a738 .functor BUFT 1, C4<00000000000000000000000000000000>, C4<0>, C4<0>, C4<0>;
v0000026932bc5500_0 .net/2s *"_ivl_116", 31 0, L_0000026932c5a738;  1 drivers
v0000026932bc6040_0 .net *"_ivl_118", 0 0, L_0000026932cb4c50;  1 drivers
L_0000026932c5a1e0 .functor BUFT 1, C4<00000000000000000000000000000000>, C4<0>, C4<0>, C4<0>;
v0000026932bc6680_0 .net/2u *"_ivl_12", 31 0, L_0000026932c5a1e0;  1 drivers
L_0000026932c5a780 .functor BUFT 1, C4<00000000000000000000000000000000>, C4<0>, C4<0>, C4<0>;
v0000026932bc5320_0 .net/2s *"_ivl_120", 31 0, L_0000026932c5a780;  1 drivers
v0000026932bc53c0_0 .net *"_ivl_122", 0 0, L_0000026932cb4390;  1 drivers
v0000026932bb5f50_0 .net *"_ivl_125", 0 0, L_0000026932c4b400;  1 drivers
L_0000026932c5a7c8 .functor BUFT 1, C4<00000000000000000000000000000000>, C4<0>, C4<0>, C4<0>;
v0000026932bb5870_0 .net/2s *"_ivl_126", 31 0, L_0000026932c5a7c8;  1 drivers
v0000026932bb5a50_0 .net *"_ivl_128", 0 0, L_0000026932cb44d0;  1 drivers
v0000026932bb6770_0 .net *"_ivl_131", 0 0, L_0000026932c4bf60;  1 drivers
v0000026932bb6f90_0 .net *"_ivl_133", 0 0, L_0000026932c4b9b0;  1 drivers
L_0000026932c5a810 .functor BUFT 1, C4<01>, C4<0>, C4<0>, C4<0>;
v0000026932bb6590_0 .net/2s *"_ivl_134", 1 0, L_0000026932c5a810;  1 drivers
L_0000026932c5a858 .functor BUFT 1, C4<00>, C4<0>, C4<0>, C4<0>;
v0000026932bb5370_0 .net/2s *"_ivl_136", 1 0, L_0000026932c5a858;  1 drivers
v0000026932bb5910_0 .net *"_ivl_138", 1 0, L_0000026932cb4f70;  1 drivers
v0000026932bb66d0_0 .net *"_ivl_14", 0 0, L_0000026932cb2590;  1 drivers
L_0000026932c5a8a0 .functor BUFT 1, C4<00000000000000000000000000000000>, C4<0>, C4<0>, C4<0>;
v0000026932b33130_0 .net/2s *"_ivl_140", 31 0, L_0000026932c5a8a0;  1 drivers
v0000026932b33c70_0 .net *"_ivl_142", 0 0, L_0000026932cb4b10;  1 drivers
L_0000026932c5a8e8 .functor BUFT 1, C4<00000000000000000000000000000000>, C4<0>, C4<0>, C4<0>;
v0000026932b33ef0_0 .net/2s *"_ivl_144", 31 0, L_0000026932c5a8e8;  1 drivers
v0000026932b336d0_0 .net *"_ivl_146", 0 0, L_0000026932cb4cf0;  1 drivers
v0000026932b34a30_0 .net *"_ivl_149", 0 0, L_0000026932c4be80;  1 drivers
L_0000026932c5a930 .functor BUFT 1, C4<00000000000000000000000000000000>, C4<0>, C4<0>, C4<0>;
v0000026932b33770_0 .net/2s *"_ivl_150", 31 0, L_0000026932c5a930;  1 drivers
v0000026932b34ad0_0 .net *"_ivl_152", 0 0, L_0000026932cb50b0;  1 drivers
v0000026932b1cd70_0 .net *"_ivl_155", 0 0, L_0000026932c4bef0;  1 drivers
L_0000026932c5a978 .functor BUFT 1, C4<00000000000000000000000000000000>, C4<0>, C4<0>, C4<0>;
v0000026932b1ce10_0 .net/2s *"_ivl_156", 31 0, L_0000026932c5a978;  1 drivers
v0000026932b1b010_0 .net *"_ivl_158", 0 0, L_0000026932cb4430;  1 drivers
v0000026932b1b150_0 .net *"_ivl_16", 31 0, L_0000026932cb3df0;  1 drivers
L_0000026932c5a9c0 .functor BUFT 1, C4<00000000000000000000000000000000>, C4<0>, C4<0>, C4<0>;
v0000026932ac7890_0 .net/2s *"_ivl_160", 31 0, L_0000026932c5a9c0;  1 drivers
v0000026932ac7ed0_0 .net *"_ivl_162", 0 0, L_0000026932cb4570;  1 drivers
v0000026932b02320_0 .net *"_ivl_165", 0 0, L_0000026932c4b080;  1 drivers
L_0000026932c5aa08 .functor BUFT 1, C4<00000000000000000000000000000000>, C4<0>, C4<0>, C4<0>;
v0000026932b02960_0 .net/2s *"_ivl_166", 31 0, L_0000026932c5aa08;  1 drivers
v0000026932c48320_0 .net *"_ivl_168", 0 0, L_0000026932cb5330;  1 drivers
v0000026932c47560_0 .net *"_ivl_171", 0 0, L_0000026932c4ba90;  1 drivers
v0000026932c47600_0 .net *"_ivl_173", 0 0, L_0000026932c4b0f0;  1 drivers
L_0000026932c5aa50 .functor BUFT 1, C4<01>, C4<0>, C4<0>, C4<0>;
v0000026932c47100_0 .net/2s *"_ivl_174", 1 0, L_0000026932c5aa50;  1 drivers
L_0000026932c5aa98 .functor BUFT 1, C4<00>, C4<0>, C4<0>, C4<0>;
v0000026932c47380_0 .net/2s *"_ivl_176", 1 0, L_0000026932c5aa98;  1 drivers
v0000026932c48460_0 .net *"_ivl_178", 1 0, L_0000026932cb5010;  1 drivers
v0000026932c48500_0 .net *"_ivl_18", 31 0, L_0000026932cb2450;  1 drivers
v0000026932c477e0_0 .net *"_ivl_180", 1 0, L_0000026932cb47f0;  1 drivers
L_0000026932c5a228 .functor BUFT 1, C4<0000000000000000000000000000>, C4<0>, C4<0>, C4<0>;
v0000026932c48640_0 .net *"_ivl_21", 27 0, L_0000026932c5a228;  1 drivers
L_0000026932c5a270 .functor BUFT 1, C4<00000000000000000000000000000001>, C4<0>, C4<0>, C4<0>;
v0000026932c471a0_0 .net/2u *"_ivl_22", 31 0, L_0000026932c5a270;  1 drivers
v0000026932c48d20_0 .net *"_ivl_24", 0 0, L_0000026932cb3fd0;  1 drivers
v0000026932c48e60_0 .net *"_ivl_26", 31 0, L_0000026932cb26d0;  1 drivers
v0000026932c476a0_0 .net *"_ivl_28", 31 0, L_0000026932cb2770;  1 drivers
L_0000026932c5a2b8 .functor BUFT 1, C4<0000000000000000000000000000>, C4<0>, C4<0>, C4<0>;
v0000026932c48aa0_0 .net *"_ivl_31", 27 0, L_0000026932c5a2b8;  1 drivers
L_0000026932c5a300 .functor BUFT 1, C4<00000000000000000000000000000010>, C4<0>, C4<0>, C4<0>;
v0000026932c474c0_0 .net/2u *"_ivl_32", 31 0, L_0000026932c5a300;  1 drivers
v0000026932c480a0_0 .net *"_ivl_34", 0 0, L_0000026932cb2810;  1 drivers
v0000026932c48f00_0 .net *"_ivl_36", 31 0, L_0000026932c4b4e0;  1 drivers
v0000026932c481e0_0 .net *"_ivl_38", 31 0, L_0000026932cb28b0;  1 drivers
L_0000026932c5a348 .functor BUFT 1, C4<0000000000000000000000000000>, C4<0>, C4<0>, C4<0>;
v0000026932c47d80_0 .net *"_ivl_41", 27 0, L_0000026932c5a348;  1 drivers
L_0000026932c5a390 .functor BUFT 1, C4<00000000000000000000000000000011>, C4<0>, C4<0>, C4<0>;
v0000026932c47740_0 .net/2u *"_ivl_42", 31 0, L_0000026932c5a390;  1 drivers
v0000026932c48be0_0 .net *"_ivl_44", 0 0, L_0000026932cb2e50;  1 drivers
v0000026932c47060_0 .net *"_ivl_46", 31 0, L_0000026932c4b940;  1 drivers
v0000026932c47880_0 .net *"_ivl_48", 31 0, L_0000026932c4b1d0;  1 drivers
v0000026932c48dc0_0 .net *"_ivl_50", 31 0, L_0000026932c4b240;  1 drivers
v0000026932c47e20_0 .net *"_ivl_52", 31 0, L_0000026932c4b320;  1 drivers
v0000026932c47920_0 .net *"_ivl_54", 31 0, L_0000026932c4ba20;  1 drivers
o0000026932befed8 .functor BUFZ 32, C4<zzzzzzzzzzzzzzzzzzzzzzzzzzzzzzzz>; HiZ drive
; Elide local net with no drivers, v0000026932c47f60_0 name=_ivl_56
v0000026932c47240_0 .net *"_ivl_58", 31 0, L_0000026932cb2950;  1 drivers
v0000026932c479c0_0 .net *"_ivl_60", 31 0, L_0000026932cb2ef0;  1 drivers
v0000026932c472e0_0 .net *"_ivl_62", 31 0, L_0000026932cb2f90;  1 drivers
L_0000026932c5a3d8 .functor BUFT 1, C4<00000000000000000000000000000000>, C4<0>, C4<0>, C4<0>;
v0000026932c47420_0 .net/2u *"_ivl_66", 31 0, L_0000026932c5a3d8;  1 drivers
v0000026932c47a60_0 .net *"_ivl_68", 0 0, L_0000026932cb30d0;  1 drivers
L_0000026932c5a420 .functor BUFT 1, C4<1>, C4<0>, C4<0>, C4<0>;
v0000026932c485a0_0 .net/2u *"_ivl_70", 0 0, L_0000026932c5a420;  1 drivers
L_0000026932c5a468 .functor BUFT 1, C4<0>, C4<0>, C4<0>, C4<0>;
v0000026932c48140_0 .net/2u *"_ivl_72", 0 0, L_0000026932c5a468;  1 drivers
v0000026932c47b00_0 .net *"_ivl_77", 0 0, L_0000026932cb3210;  1 drivers
v0000026932c48960_0 .net *"_ivl_78", 31 0, L_0000026932cb4110;  1 drivers
v0000026932c48280_0 .net *"_ivl_8", 31 0, L_0000026932cb3d50;  1 drivers
L_0000026932c5a4b0 .functor BUFT 1, C4<0000000000000000000000000000000>, C4<0>, C4<0>, C4<0>;
v0000026932c47ba0_0 .net *"_ivl_81", 30 0, L_0000026932c5a4b0;  1 drivers
L_0000026932c5a4f8 .functor BUFT 1, C4<00000000000000000000000000000001>, C4<0>, C4<0>, C4<0>;
v0000026932c47ec0_0 .net/2u *"_ivl_82", 31 0, L_0000026932c5a4f8;  1 drivers
v0000026932c47c40_0 .net *"_ivl_84", 0 0, L_0000026932cb5790;  1 drivers
L_0000026932c5a540 .functor BUFT 1, C4<1>, C4<0>, C4<0>, C4<0>;
v0000026932c47ce0_0 .net/2u *"_ivl_86", 0 0, L_0000026932c5a540;  1 drivers
L_0000026932c5a588 .functor BUFT 1, C4<0>, C4<0>, C4<0>, C4<0>;
v0000026932c48b40_0 .net/2u *"_ivl_88", 0 0, L_0000026932c5a588;  1 drivers
v0000026932c48000_0 .net *"_ivl_92", 31 0, L_0000026932cb4ed0;  1 drivers
L_0000026932c5a5d0 .functor BUFT 1, C4<0000000000000000000000000000>, C4<0>, C4<0>, C4<0>;
v0000026932c483c0_0 .net *"_ivl_95", 27 0, L_0000026932c5a5d0;  1 drivers
L_0000026932c5a618 .functor BUFT 1, C4<00000000000000000000000000000001>, C4<0>, C4<0>, C4<0>;
v0000026932c486e0_0 .net/2u *"_ivl_96", 31 0, L_0000026932c5a618;  1 drivers
v0000026932c48780_0 .net *"_ivl_98", 0 0, L_0000026932cb46b0;  1 drivers
v0000026932c48820_0 .net "aluA", 31 0, v0000026932c4f5c0_0;  alias, 1 drivers
v0000026932c488c0_0 .net "aluB", 31 0, v0000026932c4ff20_0;  alias, 1 drivers
v0000026932c48a00_0 .net "alufun", 3 0, L_0000026932cbc900;  alias, 1 drivers
v0000026932c48c80_0 .net "cc", 2 0, L_0000026932cb1af0;  alias, 1 drivers
v0000026932c4af10_0 .net "valE", 31 0, L_0000026932cb3030;  alias, 1 drivers
L_0000026932cb1af0 .concat [ 1 1 1 0], L_0000026932cb4bb0, L_0000026932cb42f0, L_0000026932cb3170;
L_0000026932cb3d50 .concat [ 4 28 0 0], L_0000026932cbc900, L_0000026932c5a198;
L_0000026932cb2590 .cmp/eq 32, L_0000026932cb3d50, L_0000026932c5a1e0;
L_0000026932cb3df0 .arith/sum 32, v0000026932c4f5c0_0, v0000026932c4ff20_0;
L_0000026932cb2450 .concat [ 4 28 0 0], L_0000026932cbc900, L_0000026932c5a228;
L_0000026932cb3fd0 .cmp/eq 32, L_0000026932cb2450, L_0000026932c5a270;
L_0000026932cb26d0 .arith/sub 32, v0000026932c4f5c0_0, v0000026932c4ff20_0;
L_0000026932cb2770 .concat [ 4 28 0 0], L_0000026932cbc900, L_0000026932c5a2b8;
L_0000026932cb2810 .cmp/eq 32, L_0000026932cb2770, L_0000026932c5a300;
L_0000026932cb28b0 .concat [ 4 28 0 0], L_0000026932cbc900, L_0000026932c5a348;
L_0000026932cb2e50 .cmp/eq 32, L_0000026932cb28b0, L_0000026932c5a390;
L_0000026932cb2950 .functor MUXZ 32, o0000026932befed8, L_0000026932c4ba20, L_0000026932cb2e50, C4<>;
L_0000026932cb2ef0 .functor MUXZ 32, L_0000026932cb2950, L_0000026932c4b4e0, L_0000026932cb2810, C4<>;
L_0000026932cb2f90 .functor MUXZ 32, L_0000026932cb2ef0, L_0000026932cb26d0, L_0000026932cb3fd0, C4<>;
L_0000026932cb3030 .functor MUXZ 32, L_0000026932cb2f90, L_0000026932cb3df0, L_0000026932cb2590, C4<>;
L_0000026932cb30d0 .cmp/eq 32, L_0000026932cb3030, L_0000026932c5a3d8;
L_0000026932cb3170 .functor MUXZ 1, L_0000026932c5a468, L_0000026932c5a420, L_0000026932cb30d0, C4<>;
L_0000026932cb3210 .part L_0000026932cb3030, 31, 1;
L_0000026932cb4110 .concat [ 1 31 0 0], L_0000026932cb3210, L_0000026932c5a4b0;
L_0000026932cb5790 .cmp/eq 32, L_0000026932cb4110, L_0000026932c5a4f8;
L_0000026932cb42f0 .functor MUXZ 1, L_0000026932c5a588, L_0000026932c5a540, L_0000026932cb5790, C4<>;
L_0000026932cb4ed0 .concat [ 4 28 0 0], L_0000026932cbc900, L_0000026932c5a5d0;
L_0000026932cb46b0 .cmp/eq 32, L_0000026932cb4ed0, L_0000026932c5a618;
L_0000026932cb4250 .cmp/gt.s 32, L_0000026932c4bd30, L_0000026932c5a660;
L_0000026932cb4a70 .cmp/gt.s 32, L_0000026932c5a6a8, L_0000026932c4bda0;
L_0000026932cb56f0 .cmp/ge.s 32, L_0000026932c5a6f0, L_0000026932c4b7f0;
L_0000026932cb4c50 .cmp/gt.s 32, L_0000026932c5a738, L_0000026932c4bd30;
L_0000026932cb4390 .cmp/gt.s 32, L_0000026932c4bda0, L_0000026932c5a780;
L_0000026932cb44d0 .cmp/ge.s 32, L_0000026932c4b7f0, L_0000026932c5a7c8;
L_0000026932cb4f70 .functor MUXZ 2, L_0000026932c5a858, L_0000026932c5a810, L_0000026932c4b9b0, C4<>;
L_0000026932cb4b10 .cmp/gt.s 32, L_0000026932c5a8a0, L_0000026932c4bd30;
L_0000026932cb4cf0 .cmp/gt.s 32, L_0000026932c5a8e8, L_0000026932c4bda0;
L_0000026932cb50b0 .cmp/ge.s 32, L_0000026932c4b7f0, L_0000026932c5a930;
L_0000026932cb4430 .cmp/ge.s 32, L_0000026932c4bd30, L_0000026932c5a978;
L_0000026932cb4570 .cmp/ge.s 32, L_0000026932c4bda0, L_0000026932c5a9c0;
L_0000026932cb5330 .cmp/gt.s 32, L_0000026932c5aa08, L_0000026932c4b7f0;
L_0000026932cb5010 .functor MUXZ 2, L_0000026932c5aa98, L_0000026932c5aa50, L_0000026932c4b0f0, C4<>;
L_0000026932cb47f0 .functor MUXZ 2, L_0000026932cb5010, L_0000026932cb4f70, L_0000026932cb46b0, C4<>;
L_0000026932cb4bb0 .part L_0000026932cb47f0, 0, 1;
S_0000026932ba68c0 .scope module, "ram" "ram" 3 51, 5 3 0, S_0000026932acb9f0;
 .timescale -9 -11;
    .port_info 0 /INPUT 1 "clock";
    .port_info 1 /INPUT 32 "addr";
    .port_info 2 /INPUT 1 "wr";
    .port_info 3 /INPUT 32 "wdata";
    .port_info 4 /INPUT 1 "rd";
    .port_info 5 /OUTPUT 32 "rdata";
v0000026932c49e30_0 .net "addr", 31 0, L_0000026932cb4610;  alias, 1 drivers
v0000026932c49b10_0 .net "clock", 0 0, v0000026932c57df0_0;  alias, 1 drivers
v0000026932c4a8d0 .array "ram", 0 255, 31 0;
v0000026932c49110_0 .net "rd", 0 0, L_0000026932cb4750;  alias, 1 drivers
v0000026932c4a970_0 .var "rdata", 31 0;
v0000026932c497f0_0 .net "wdata", 31 0, v0000026932c57490_0;  alias, 1 drivers
v0000026932c4aa10_0 .net "wr", 0 0, v0000026932c575d0_0;  alias, 1 drivers
E_0000026932be8430 .event posedge, v0000026932c49b10_0;
S_0000026932ba6a50 .scope module, "regfile" "regfile" 3 59, 6 3 0, S_0000026932acb9f0;
 .timescale -9 -11;
    .port_info 0 /INPUT 4 "dstE";
    .port_info 1 /INPUT 32 "valE";
    .port_info 2 /INPUT 4 "dstM";
    .port_info 3 /INPUT 32 "valM";
    .port_info 4 /INPUT 4 "rA";
    .port_info 5 /INPUT 4 "rB";
    .port_info 6 /INPUT 1 "reset";
    .port_info 7 /INPUT 1 "clock";
    .port_info 8 /OUTPUT 32 "valA";
    .port_info 9 /OUTPUT 32 "valB";
    .port_info 10 /OUTPUT 32 "r0";
    .port_info 11 /OUTPUT 32 "r1";
    .port_info 12 /OUTPUT 32 "r2";
    .port_info 13 /OUTPUT 32 "r3";
    .port_info 14 /OUTPUT 32 "r4";
    .port_info 15 /OUTPUT 32 "r5";
    .port_info 16 /OUTPUT 32 "r6";
    .port_info 17 /OUTPUT 32 "r7";
v0000026932c4aab0_0 .net *"_ivl_0", 31 0, L_0000026932c57710;  1 drivers
L_0000026932c59e38 .functor BUFT 1, C4<0000000000000000000000000000>, C4<0>, C4<0>, C4<0>;
v0000026932c49cf0_0 .net *"_ivl_101", 27 0, L_0000026932c59e38;  1 drivers
L_0000026932c59e80 .functor BUFT 1, C4<00000000000000000000000000000010>, C4<0>, C4<0>, C4<0>;
v0000026932c49bb0_0 .net/2u *"_ivl_102", 31 0, L_0000026932c59e80;  1 drivers
v0000026932c4a0b0_0 .net *"_ivl_104", 0 0, L_0000026932cb2b30;  1 drivers
v0000026932c4a3d0_0 .net *"_ivl_106", 31 0, L_0000026932cb2a90;  1 drivers
L_0000026932c59ec8 .functor BUFT 1, C4<0000000000000000000000000000>, C4<0>, C4<0>, C4<0>;
v0000026932c49ed0_0 .net *"_ivl_109", 27 0, L_0000026932c59ec8;  1 drivers
L_0000026932c59928 .functor BUFT 1, C4<0000000000000000000000000000>, C4<0>, C4<0>, C4<0>;
v0000026932c49a70_0 .net *"_ivl_11", 27 0, L_0000026932c59928;  1 drivers
L_0000026932c59f10 .functor BUFT 1, C4<00000000000000000000000000000011>, C4<0>, C4<0>, C4<0>;
v0000026932c4a830_0 .net/2u *"_ivl_110", 31 0, L_0000026932c59f10;  1 drivers
v0000026932c4a470_0 .net *"_ivl_112", 0 0, L_0000026932cb19b0;  1 drivers
v0000026932c4a5b0_0 .net *"_ivl_114", 31 0, L_0000026932cb3c10;  1 drivers
L_0000026932c59f58 .functor BUFT 1, C4<0000000000000000000000000000>, C4<0>, C4<0>, C4<0>;
v0000026932c4ab50_0 .net *"_ivl_117", 27 0, L_0000026932c59f58;  1 drivers
L_0000026932c59fa0 .functor BUFT 1, C4<00000000000000000000000000000100>, C4<0>, C4<0>, C4<0>;
v0000026932c4abf0_0 .net/2u *"_ivl_118", 31 0, L_0000026932c59fa0;  1 drivers
L_0000026932c59970 .functor BUFT 1, C4<00000000000000000000000000000001>, C4<0>, C4<0>, C4<0>;
v0000026932c49930_0 .net/2u *"_ivl_12", 31 0, L_0000026932c59970;  1 drivers
v0000026932c491b0_0 .net *"_ivl_120", 0 0, L_0000026932cb3f30;  1 drivers
v0000026932c49750_0 .net *"_ivl_122", 31 0, L_0000026932cb3710;  1 drivers
L_0000026932c59fe8 .functor BUFT 1, C4<0000000000000000000000000000>, C4<0>, C4<0>, C4<0>;
v0000026932c4ac90_0 .net *"_ivl_125", 27 0, L_0000026932c59fe8;  1 drivers
L_0000026932c5a030 .functor BUFT 1, C4<00000000000000000000000000000101>, C4<0>, C4<0>, C4<0>;
v0000026932c4a650_0 .net/2u *"_ivl_126", 31 0, L_0000026932c5a030;  1 drivers
v0000026932c4a6f0_0 .net *"_ivl_128", 0 0, L_0000026932cb2270;  1 drivers
v0000026932c4a790_0 .net *"_ivl_130", 31 0, L_0000026932cb2310;  1 drivers
L_0000026932c5a078 .functor BUFT 1, C4<0000000000000000000000000000>, C4<0>, C4<0>, C4<0>;
v0000026932c4a510_0 .net *"_ivl_133", 27 0, L_0000026932c5a078;  1 drivers
L_0000026932c5a0c0 .functor BUFT 1, C4<00000000000000000000000000000110>, C4<0>, C4<0>, C4<0>;
v0000026932c49430_0 .net/2u *"_ivl_134", 31 0, L_0000026932c5a0c0;  1 drivers
v0000026932c49070_0 .net *"_ivl_136", 0 0, L_0000026932cb3350;  1 drivers
v0000026932c4ad30_0 .net *"_ivl_138", 31 0, L_0000026932cb1a50;  1 drivers
v0000026932c49f70_0 .net *"_ivl_14", 0 0, L_0000026932cb35d0;  1 drivers
L_0000026932c5a108 .functor BUFT 1, C4<0000000000000000000000000000>, C4<0>, C4<0>, C4<0>;
v0000026932c4add0_0 .net *"_ivl_141", 27 0, L_0000026932c5a108;  1 drivers
L_0000026932c5a150 .functor BUFT 1, C4<00000000000000000000000000000111>, C4<0>, C4<0>, C4<0>;
v0000026932c494d0_0 .net/2u *"_ivl_142", 31 0, L_0000026932c5a150;  1 drivers
v0000026932c49250_0 .net *"_ivl_144", 0 0, L_0000026932cb1cd0;  1 drivers
o0000026932bf0bc8 .functor BUFZ 32, C4<zzzzzzzzzzzzzzzzzzzzzzzzzzzzzzzz>; HiZ drive
; Elide local net with no drivers, v0000026932c4ae70_0 name=_ivl_146
v0000026932c4a010_0 .net *"_ivl_148", 31 0, L_0000026932cb2d10;  1 drivers
v0000026932c492f0_0 .net *"_ivl_150", 31 0, L_0000026932cb37b0;  1 drivers
v0000026932c4a330_0 .net *"_ivl_152", 31 0, L_0000026932cb3850;  1 drivers
v0000026932c4a150_0 .net *"_ivl_154", 31 0, L_0000026932cb3a30;  1 drivers
v0000026932c49390_0 .net *"_ivl_156", 31 0, L_0000026932cb3cb0;  1 drivers
v0000026932c49570_0 .net *"_ivl_158", 31 0, L_0000026932cb3ad0;  1 drivers
v0000026932c49610_0 .net *"_ivl_16", 31 0, L_0000026932cb1d70;  1 drivers
v0000026932c4a1f0_0 .net *"_ivl_160", 31 0, L_0000026932cb23b0;  1 drivers
L_0000026932c599b8 .functor BUFT 1, C4<0000000000000000000000000000>, C4<0>, C4<0>, C4<0>;
v0000026932c496b0_0 .net *"_ivl_19", 27 0, L_0000026932c599b8;  1 drivers
L_0000026932c59a00 .functor BUFT 1, C4<00000000000000000000000000000010>, C4<0>, C4<0>, C4<0>;
v0000026932c499d0_0 .net/2u *"_ivl_20", 31 0, L_0000026932c59a00;  1 drivers
v0000026932c49c50_0 .net *"_ivl_22", 0 0, L_0000026932cb21d0;  1 drivers
v0000026932c49d90_0 .net *"_ivl_24", 31 0, L_0000026932cb4070;  1 drivers
L_0000026932c59a48 .functor BUFT 1, C4<0000000000000000000000000000>, C4<0>, C4<0>, C4<0>;
v0000026932c4a290_0 .net *"_ivl_27", 27 0, L_0000026932c59a48;  1 drivers
L_0000026932c59a90 .functor BUFT 1, C4<00000000000000000000000000000011>, C4<0>, C4<0>, C4<0>;
v0000026932c4dd60_0 .net/2u *"_ivl_28", 31 0, L_0000026932c59a90;  1 drivers
L_0000026932c59898 .functor BUFT 1, C4<0000000000000000000000000000>, C4<0>, C4<0>, C4<0>;
v0000026932c4c8c0_0 .net *"_ivl_3", 27 0, L_0000026932c59898;  1 drivers
v0000026932c4e080_0 .net *"_ivl_30", 0 0, L_0000026932cb3670;  1 drivers
v0000026932c4df40_0 .net *"_ivl_32", 31 0, L_0000026932cb2c70;  1 drivers
L_0000026932c59ad8 .functor BUFT 1, C4<0000000000000000000000000000>, C4<0>, C4<0>, C4<0>;
v0000026932c4dfe0_0 .net *"_ivl_35", 27 0, L_0000026932c59ad8;  1 drivers
L_0000026932c59b20 .functor BUFT 1, C4<00000000000000000000000000000100>, C4<0>, C4<0>, C4<0>;
v0000026932c4d400_0 .net/2u *"_ivl_36", 31 0, L_0000026932c59b20;  1 drivers
v0000026932c4e120_0 .net *"_ivl_38", 0 0, L_0000026932cb2db0;  1 drivers
L_0000026932c598e0 .functor BUFT 1, C4<00000000000000000000000000000000>, C4<0>, C4<0>, C4<0>;
v0000026932c4d540_0 .net/2u *"_ivl_4", 31 0, L_0000026932c598e0;  1 drivers
v0000026932c4e1c0_0 .net *"_ivl_40", 31 0, L_0000026932cb2bd0;  1 drivers
L_0000026932c59b68 .functor BUFT 1, C4<0000000000000000000000000000>, C4<0>, C4<0>, C4<0>;
v0000026932c4e6c0_0 .net *"_ivl_43", 27 0, L_0000026932c59b68;  1 drivers
L_0000026932c59bb0 .functor BUFT 1, C4<00000000000000000000000000000101>, C4<0>, C4<0>, C4<0>;
v0000026932c4c6e0_0 .net/2u *"_ivl_44", 31 0, L_0000026932c59bb0;  1 drivers
v0000026932c4e800_0 .net *"_ivl_46", 0 0, L_0000026932cb2630;  1 drivers
v0000026932c4e580_0 .net *"_ivl_48", 31 0, L_0000026932cb3990;  1 drivers
L_0000026932c59bf8 .functor BUFT 1, C4<0000000000000000000000000000>, C4<0>, C4<0>, C4<0>;
v0000026932c4d0e0_0 .net *"_ivl_51", 27 0, L_0000026932c59bf8;  1 drivers
L_0000026932c59c40 .functor BUFT 1, C4<00000000000000000000000000000110>, C4<0>, C4<0>, C4<0>;
v0000026932c4e260_0 .net/2u *"_ivl_52", 31 0, L_0000026932c59c40;  1 drivers
v0000026932c4c640_0 .net *"_ivl_54", 0 0, L_0000026932cb1eb0;  1 drivers
v0000026932c4c320_0 .net *"_ivl_56", 31 0, L_0000026932cb33f0;  1 drivers
L_0000026932c59c88 .functor BUFT 1, C4<0000000000000000000000000000>, C4<0>, C4<0>, C4<0>;
v0000026932c4cf00_0 .net *"_ivl_59", 27 0, L_0000026932c59c88;  1 drivers
v0000026932c4cfa0_0 .net *"_ivl_6", 0 0, L_0000026932c577b0;  1 drivers
L_0000026932c59cd0 .functor BUFT 1, C4<00000000000000000000000000000111>, C4<0>, C4<0>, C4<0>;
v0000026932c4d040_0 .net/2u *"_ivl_60", 31 0, L_0000026932c59cd0;  1 drivers
v0000026932c4dea0_0 .net *"_ivl_62", 0 0, L_0000026932cb3530;  1 drivers
o0000026932bf1258 .functor BUFZ 32, C4<zzzzzzzzzzzzzzzzzzzzzzzzzzzzzzzz>; HiZ drive
; Elide local net with no drivers, v0000026932c4d360_0 name=_ivl_64
v0000026932c4cd20_0 .net *"_ivl_66", 31 0, L_0000026932cb1c30;  1 drivers
v0000026932c4e300_0 .net *"_ivl_68", 31 0, L_0000026932cb1ff0;  1 drivers
v0000026932c4d9a0_0 .net *"_ivl_70", 31 0, L_0000026932cb1f50;  1 drivers
v0000026932c4dc20_0 .net *"_ivl_72", 31 0, L_0000026932cb3e90;  1 drivers
v0000026932c4e3a0_0 .net *"_ivl_74", 31 0, L_0000026932cb29f0;  1 drivers
v0000026932c4e440_0 .net *"_ivl_76", 31 0, L_0000026932cb2090;  1 drivers
v0000026932c4cbe0_0 .net *"_ivl_78", 31 0, L_0000026932cb32b0;  1 drivers
v0000026932c4caa0_0 .net *"_ivl_8", 31 0, L_0000026932cb1e10;  1 drivers
v0000026932c4e4e0_0 .net *"_ivl_82", 31 0, L_0000026932cb2130;  1 drivers
L_0000026932c59d18 .functor BUFT 1, C4<0000000000000000000000000000>, C4<0>, C4<0>, C4<0>;
v0000026932c4cdc0_0 .net *"_ivl_85", 27 0, L_0000026932c59d18;  1 drivers
L_0000026932c59d60 .functor BUFT 1, C4<00000000000000000000000000000000>, C4<0>, C4<0>, C4<0>;
v0000026932c4cc80_0 .net/2u *"_ivl_86", 31 0, L_0000026932c59d60;  1 drivers
v0000026932c4c3c0_0 .net *"_ivl_88", 0 0, L_0000026932cb24f0;  1 drivers
v0000026932c4ce60_0 .net *"_ivl_90", 31 0, L_0000026932cb1910;  1 drivers
L_0000026932c59da8 .functor BUFT 1, C4<0000000000000000000000000000>, C4<0>, C4<0>, C4<0>;
v0000026932c4d180_0 .net *"_ivl_93", 27 0, L_0000026932c59da8;  1 drivers
L_0000026932c59df0 .functor BUFT 1, C4<00000000000000000000000000000001>, C4<0>, C4<0>, C4<0>;
v0000026932c4c140_0 .net/2u *"_ivl_94", 31 0, L_0000026932c59df0;  1 drivers
v0000026932c4c780_0 .net *"_ivl_96", 0 0, L_0000026932cb38f0;  1 drivers
v0000026932c4c820_0 .net *"_ivl_98", 31 0, L_0000026932cb3490;  1 drivers
v0000026932c4c500_0 .net "clock", 0 0, v0000026932c57df0_0;  alias, 1 drivers
v0000026932c4c5a0_0 .net "dstE", 3 0, v0000026932c4f8e0_0;  alias, 1 drivers
v0000026932c4dae0_0 .net "dstM", 3 0, v0000026932c4ee40_0;  alias, 1 drivers
v0000026932c4db80_0 .net "r0", 31 0, v0000026932c4ca00_0;  alias, 1 drivers
v0000026932c4cb40_0 .net "r1", 31 0, v0000026932c4c0a0_0;  alias, 1 drivers
v0000026932c4dcc0_0 .net "r2", 31 0, v0000026932c4de00_0;  alias, 1 drivers
v0000026932c4c1e0_0 .net "r3", 31 0, v0000026932c4d2c0_0;  alias, 1 drivers
v0000026932c4e620_0 .net "r4", 31 0, v0000026932c4c280_0;  alias, 1 drivers
v0000026932c4c960_0 .net "r5", 31 0, v0000026932c4d5e0_0;  alias, 1 drivers
v0000026932c4d860_0 .net "r6", 31 0, v0000026932c4c460_0;  alias, 1 drivers
v0000026932c4d220_0 .net "r7", 31 0, v0000026932c4d680_0;  alias, 1 drivers
v0000026932c4e760_0 .net "rA", 3 0, L_0000026932cb5150;  alias, 1 drivers
v0000026932c4d4a0_0 .net "rB", 3 0, L_0000026932cb53d0;  alias, 1 drivers
v0000026932c4ca00_0 .var "r_r0", 31 0;
v0000026932c4c0a0_0 .var "r_r1", 31 0;
v0000026932c4de00_0 .var "r_r2", 31 0;
v0000026932c4d2c0_0 .var "r_r3", 31 0;
v0000026932c4c280_0 .var "r_r4", 31 0;
v0000026932c4d5e0_0 .var "r_r5", 31 0;
v0000026932c4c460_0 .var "r_r6", 31 0;
v0000026932c4d680_0 .var "r_r7", 31 0;
v0000026932c4d720_0 .net "reset", 0 0, v0000026932c55f50_0;  1 drivers
v0000026932c4d7c0_0 .net "valA", 31 0, L_0000026932cb1b90;  alias, 1 drivers
v0000026932c4d900_0 .net "valB", 31 0, L_0000026932cb3b70;  alias, 1 drivers
v0000026932c4da40_0 .net "valE", 31 0, v0000026932c4ef80_0;  alias, 1 drivers
v0000026932c4fac0_0 .net "valM", 31 0, v0000026932c4f160_0;  alias, 1 drivers
E_0000026932be88b0/0 .event negedge, v0000026932c4d720_0;
E_0000026932be88b0/1 .event posedge, v0000026932c49b10_0;
E_0000026932be88b0 .event/or E_0000026932be88b0/0, E_0000026932be88b0/1;
L_0000026932c57710 .concat [ 4 28 0 0], L_0000026932cb5150, L_0000026932c59898;
L_0000026932c577b0 .cmp/eq 32, L_0000026932c57710, L_0000026932c598e0;
L_0000026932cb1e10 .concat [ 4 28 0 0], L_0000026932cb5150, L_0000026932c59928;
L_0000026932cb35d0 .cmp/eq 32, L_0000026932cb1e10, L_0000026932c59970;
L_0000026932cb1d70 .concat [ 4 28 0 0], L_0000026932cb5150, L_0000026932c599b8;
L_0000026932cb21d0 .cmp/eq 32, L_0000026932cb1d70, L_0000026932c59a00;
L_0000026932cb4070 .concat [ 4 28 0 0], L_0000026932cb5150, L_0000026932c59a48;
L_0000026932cb3670 .cmp/eq 32, L_0000026932cb4070, L_0000026932c59a90;
L_0000026932cb2c70 .concat [ 4 28 0 0], L_0000026932cb5150, L_0000026932c59ad8;
L_0000026932cb2db0 .cmp/eq 32, L_0000026932cb2c70, L_0000026932c59b20;
L_0000026932cb2bd0 .concat [ 4 28 0 0], L_0000026932cb5150, L_0000026932c59b68;
L_0000026932cb2630 .cmp/eq 32, L_0000026932cb2bd0, L_0000026932c59bb0;
L_0000026932cb3990 .concat [ 4 28 0 0], L_0000026932cb5150, L_0000026932c59bf8;
L_0000026932cb1eb0 .cmp/eq 32, L_0000026932cb3990, L_0000026932c59c40;
L_0000026932cb33f0 .concat [ 4 28 0 0], L_0000026932cb5150, L_0000026932c59c88;
L_0000026932cb3530 .cmp/eq 32, L_0000026932cb33f0, L_0000026932c59cd0;
L_0000026932cb1c30 .functor MUXZ 32, o0000026932bf1258, v0000026932c4d680_0, L_0000026932cb3530, C4<>;
L_0000026932cb1ff0 .functor MUXZ 32, L_0000026932cb1c30, v0000026932c4c460_0, L_0000026932cb1eb0, C4<>;
L_0000026932cb1f50 .functor MUXZ 32, L_0000026932cb1ff0, v0000026932c4d5e0_0, L_0000026932cb2630, C4<>;
L_0000026932cb3e90 .functor MUXZ 32, L_0000026932cb1f50, v0000026932c4c280_0, L_0000026932cb2db0, C4<>;
L_0000026932cb29f0 .functor MUXZ 32, L_0000026932cb3e90, v0000026932c4d2c0_0, L_0000026932cb3670, C4<>;
L_0000026932cb2090 .functor MUXZ 32, L_0000026932cb29f0, v0000026932c4de00_0, L_0000026932cb21d0, C4<>;
L_0000026932cb32b0 .functor MUXZ 32, L_0000026932cb2090, v0000026932c4c0a0_0, L_0000026932cb35d0, C4<>;
L_0000026932cb1b90 .functor MUXZ 32, L_0000026932cb32b0, v0000026932c4ca00_0, L_0000026932c577b0, C4<>;
L_0000026932cb2130 .concat [ 4 28 0 0], L_0000026932cb53d0, L_0000026932c59d18;
L_0000026932cb24f0 .cmp/eq 32, L_0000026932cb2130, L_0000026932c59d60;
L_0000026932cb1910 .concat [ 4 28 0 0], L_0000026932cb53d0, L_0000026932c59da8;
L_0000026932cb38f0 .cmp/eq 32, L_0000026932cb1910, L_0000026932c59df0;
L_0000026932cb3490 .concat [ 4 28 0 0], L_0000026932cb53d0, L_0000026932c59e38;
L_0000026932cb2b30 .cmp/eq 32, L_0000026932cb3490, L_0000026932c59e80;
L_0000026932cb2a90 .concat [ 4 28 0 0], L_0000026932cb53d0, L_0000026932c59ec8;
L_0000026932cb19b0 .cmp/eq 32, L_0000026932cb2a90, L_0000026932c59f10;
L_0000026932cb3c10 .concat [ 4 28 0 0], L_0000026932cb53d0, L_0000026932c59f58;
L_0000026932cb3f30 .cmp/eq 32, L_0000026932cb3c10, L_0000026932c59fa0;
L_0000026932cb3710 .concat [ 4 28 0 0], L_0000026932cb53d0, L_0000026932c59fe8;
L_0000026932cb2270 .cmp/eq 32, L_0000026932cb3710, L_0000026932c5a030;
L_0000026932cb2310 .concat [ 4 28 0 0], L_0000026932cb53d0, L_0000026932c5a078;
L_0000026932cb3350 .cmp/eq 32, L_0000026932cb2310, L_0000026932c5a0c0;
L_0000026932cb1a50 .concat [ 4 28 0 0], L_0000026932cb53d0, L_0000026932c5a108;
L_0000026932cb1cd0 .cmp/eq 32, L_0000026932cb1a50, L_0000026932c5a150;
L_0000026932cb2d10 .functor MUXZ 32, o0000026932bf0bc8, v0000026932c4d680_0, L_0000026932cb1cd0, C4<>;
L_0000026932cb37b0 .functor MUXZ 32, L_0000026932cb2d10, v0000026932c4c460_0, L_0000026932cb3350, C4<>;
L_0000026932cb3850 .functor MUXZ 32, L_0000026932cb37b0, v0000026932c4d5e0_0, L_0000026932cb2270, C4<>;
L_0000026932cb3a30 .functor MUXZ 32, L_0000026932cb3850, v0000026932c4c280_0, L_0000026932cb3f30, C4<>;
L_0000026932cb3cb0 .functor MUXZ 32, L_0000026932cb3a30, v0000026932c4d2c0_0, L_0000026932cb19b0, C4<>;
L_0000026932cb3ad0 .functor MUXZ 32, L_0000026932cb3cb0, v0000026932c4de00_0, L_0000026932cb2b30, C4<>;
L_0000026932cb23b0 .functor MUXZ 32, L_0000026932cb3ad0, v0000026932c4c0a0_0, L_0000026932cb38f0, C4<>;
L_0000026932cb3b70 .functor MUXZ 32, L_0000026932cb23b0, v0000026932c4ca00_0, L_0000026932cb24f0, C4<>;
    .scope S_0000026932ba68c0;
T_0 ;
    %pushi/vec4 0, 4294967295, 32;
    %store/vec4 v0000026932c4a970_0, 0, 32;
    %end;
    .thread T_0;
    .scope S_0000026932ba68c0;
T_1 ;
    %wait E_0000026932be8430;
    %load/vec4 v0000026932c4aa10_0;
    %flag_set/vec4 8;
    %jmp/0xz  T_1.0, 8;
    %load/vec4 v0000026932c497f0_0;
    %ix/getv 3, v0000026932c49e30_0;
    %ix/load 4, 0, 0; Constant delay
    %assign/vec4/a/d v0000026932c4a8d0, 0, 4;
T_1.0 ;
    %load/vec4 v0000026932c49110_0;
    %flag_set/vec4 8;
    %jmp/0xz  T_1.2, 8;
    %ix/getv 4, v0000026932c49e30_0;
    %load/vec4a v0000026932c4a8d0, 4;
    %assign/vec4 v0000026932c4a970_0, 0;
    %jmp T_1.3;
T_1.2 ;
    %pushi/vec4 0, 4294967295, 32;
    %assign/vec4 v0000026932c4a970_0, 0;
T_1.3 ;
    %jmp T_1;
    .thread T_1;
    .scope S_0000026932ba6a50;
T_2 ;
    %wait E_0000026932be88b0;
    %load/vec4 v0000026932c4d720_0;
    %flag_set/vec4 8;
    %jmp/0xz  T_2.0, 8;
    %pushi/vec4 0, 0, 32;
    %assign/vec4 v0000026932c4ca00_0, 0;
    %pushi/vec4 0, 0, 32;
    %assign/vec4 v0000026932c4c0a0_0, 0;
    %pushi/vec4 0, 0, 32;
    %assign/vec4 v0000026932c4de00_0, 0;
    %pushi/vec4 0, 0, 32;
    %assign/vec4 v0000026932c4d2c0_0, 0;
    %pushi/vec4 0, 0, 32;
    %assign/vec4 v0000026932c4c280_0, 0;
    %pushi/vec4 0, 0, 32;
    %assign/vec4 v0000026932c4d5e0_0, 0;
    %pushi/vec4 0, 0, 32;
    %assign/vec4 v0000026932c4c460_0, 0;
    %pushi/vec4 0, 0, 32;
    %assign/vec4 v0000026932c4d680_0, 0;
    %jmp T_2.1;
T_2.0 ;
    %load/vec4 v0000026932c4c5a0_0;
    %dup/vec4;
    %pushi/vec4 0, 0, 4;
    %cmp/u;
    %jmp/1 T_2.2, 6;
    %dup/vec4;
    %pushi/vec4 1, 0, 4;
    %cmp/u;
    %jmp/1 T_2.3, 6;
    %dup/vec4;
    %pushi/vec4 2, 0, 4;
    %cmp/u;
    %jmp/1 T_2.4, 6;
    %dup/vec4;
    %pushi/vec4 3, 0, 4;
    %cmp/u;
    %jmp/1 T_2.5, 6;
    %dup/vec4;
    %pushi/vec4 4, 0, 4;
    %cmp/u;
    %jmp/1 T_2.6, 6;
    %dup/vec4;
    %pushi/vec4 5, 0, 4;
    %cmp/u;
    %jmp/1 T_2.7, 6;
    %dup/vec4;
    %pushi/vec4 6, 0, 4;
    %cmp/u;
    %jmp/1 T_2.8, 6;
    %dup/vec4;
    %pushi/vec4 7, 0, 4;
    %cmp/u;
    %jmp/1 T_2.9, 6;
    %jmp T_2.10;
T_2.2 ;
    %load/vec4 v0000026932c4da40_0;
    %assign/vec4 v0000026932c4ca00_0, 0;
    %jmp T_2.10;
T_2.3 ;
    %load/vec4 v0000026932c4da40_0;
    %assign/vec4 v0000026932c4c0a0_0, 0;
    %jmp T_2.10;
T_2.4 ;
    %load/vec4 v0000026932c4da40_0;
    %assign/vec4 v0000026932c4de00_0, 0;
    %jmp T_2.10;
T_2.5 ;
    %load/vec4 v0000026932c4da40_0;
    %assign/vec4 v0000026932c4d2c0_0, 0;
    %jmp T_2.10;
T_2.6 ;
    %load/vec4 v0000026932c4da40_0;
    %assign/vec4 v0000026932c4c280_0, 0;
    %jmp T_2.10;
T_2.7 ;
    %load/vec4 v0000026932c4da40_0;
    %assign/vec4 v0000026932c4d5e0_0, 0;
    %jmp T_2.10;
T_2.8 ;
    %load/vec4 v0000026932c4da40_0;
    %assign/vec4 v0000026932c4c460_0, 0;
    %jmp T_2.10;
T_2.9 ;
    %load/vec4 v0000026932c4da40_0;
    %assign/vec4 v0000026932c4d680_0, 0;
    %jmp T_2.10;
T_2.10 ;
    %pop/vec4 1;
    %load/vec4 v0000026932c4dae0_0;
    %dup/vec4;
    %pushi/vec4 0, 0, 4;
    %cmp/u;
    %jmp/1 T_2.11, 6;
    %dup/vec4;
    %pushi/vec4 1, 0, 4;
    %cmp/u;
    %jmp/1 T_2.12, 6;
    %dup/vec4;
    %pushi/vec4 2, 0, 4;
    %cmp/u;
    %jmp/1 T_2.13, 6;
    %dup/vec4;
    %pushi/vec4 3, 0, 4;
    %cmp/u;
    %jmp/1 T_2.14, 6;
    %dup/vec4;
    %pushi/vec4 4, 0, 4;
    %cmp/u;
    %jmp/1 T_2.15, 6;
    %dup/vec4;
    %pushi/vec4 5, 0, 4;
    %cmp/u;
    %jmp/1 T_2.16, 6;
    %dup/vec4;
    %pushi/vec4 6, 0, 4;
    %cmp/u;
    %jmp/1 T_2.17, 6;
    %dup/vec4;
    %pushi/vec4 7, 0, 4;
    %cmp/u;
    %jmp/1 T_2.18, 6;
    %jmp T_2.19;
T_2.11 ;
    %load/vec4 v0000026932c4fac0_0;
    %assign/vec4 v0000026932c4ca00_0, 0;
    %jmp T_2.19;
T_2.12 ;
    %load/vec4 v0000026932c4fac0_0;
    %assign/vec4 v0000026932c4c0a0_0, 0;
    %jmp T_2.19;
T_2.13 ;
    %load/vec4 v0000026932c4fac0_0;
    %assign/vec4 v0000026932c4de00_0, 0;
    %jmp T_2.19;
T_2.14 ;
    %load/vec4 v0000026932c4fac0_0;
    %assign/vec4 v0000026932c4d2c0_0, 0;
    %jmp T_2.19;
T_2.15 ;
    %load/vec4 v0000026932c4fac0_0;
    %assign/vec4 v0000026932c4c280_0, 0;
    %jmp T_2.19;
T_2.16 ;
    %load/vec4 v0000026932c4fac0_0;
    %assign/vec4 v0000026932c4d5e0_0, 0;
    %jmp T_2.19;
T_2.17 ;
    %load/vec4 v0000026932c4fac0_0;
    %assign/vec4 v0000026932c4c460_0, 0;
    %jmp T_2.19;
T_2.18 ;
    %load/vec4 v0000026932c4fac0_0;
    %assign/vec4 v0000026932c4d680_0, 0;
    %jmp T_2.19;
T_2.19 ;
    %pop/vec4 1;
T_2.1 ;
    %jmp T_2;
    .thread T_2;
    .scope S_0000026932acb9f0;
T_3 ;
    %pushi/vec4 0, 0, 32;
    %store/vec4 v0000026932c4ebc0_0, 0, 32;
    %pushi/vec4 0, 15, 4;
    %store/vec4 v0000026932c4f660_0, 0, 4;
    %pushi/vec4 0, 15, 4;
    %store/vec4 v0000026932c4fe80_0, 0, 4;
    %pushi/vec4 0, 15, 4;
    %store/vec4 v0000026932c4f700_0, 0, 4;
    %pushi/vec4 0, 15, 4;
    %store/vec4 v0000026932c4f520_0, 0, 4;
    %pushi/vec4 0, 4294967295, 32;
    %store/vec4 v0000026932c4f5c0_0, 0, 32;
    %pushi/vec4 0, 4294967295, 32;
    %store/vec4 v0000026932c4ff20_0, 0, 32;
    %pushi/vec4 0, 65535, 16;
    %store/vec4 v0000026932c4f840_0, 0, 16;
    %pushi/vec4 0, 1, 1;
    %store/vec4 v0000026932c4e8a0_0, 0, 1;
    %pushi/vec4 0, 0, 1;
    %store/vec4 v0000026932c4f7a0_0, 0, 1;
    %pushi/vec4 0, 15, 4;
    %store/vec4 v0000026932c4ee40_0, 0, 4;
    %pushi/vec4 0, 4294967295, 32;
    %store/vec4 v0000026932c4f160_0, 0, 32;
    %pushi/vec4 0, 15, 4;
    %store/vec4 v0000026932c4f8e0_0, 0, 4;
    %pushi/vec4 0, 4294967295, 32;
    %store/vec4 v0000026932c4ef80_0, 0, 32;
    %pushi/vec4 0, 1, 1;
    %store/vec4 v0000026932c4f340_0, 0, 1;
    %end;
    .thread T_3;
    .scope S_0000026932acb9f0;
T_4 ;
    %wait E_0000026932be8430;
    %load/vec4 v0000026932c570d0_0;
    %flag_set/vec4 8;
    %jmp/0xz  T_4.0, 8;
    %load/vec4 v0000026932c54fb0_0;
    %dup/vec4;
    %pushi/vec4 0, 0, 1;
    %cmp/u;
    %jmp/1 T_4.2, 6;
    %dup/vec4;
    %pushi/vec4 1, 0, 1;
    %cmp/u;
    %jmp/1 T_4.3, 6;
    %load/vec4 v0000026932c4ebc0_0;
    %addi 1, 0, 32;
    %assign/vec4 v0000026932c4ebc0_0, 0;
    %jmp T_4.5;
T_4.2 ;
    %load/vec4 v0000026932c4ebc0_0;
    %addi 1, 0, 32;
    %assign/vec4 v0000026932c4ebc0_0, 0;
    %jmp T_4.5;
T_4.3 ;
    %load/vec4 v0000026932c54bf0_0;
    %assign/vec4 v0000026932c4ebc0_0, 0;
    %jmp T_4.5;
T_4.5 ;
    %pop/vec4 1;
T_4.0 ;
    %jmp T_4;
    .thread T_4;
    .scope S_0000026932acb9f0;
T_5 ;
    %wait E_0000026932be8430;
    %load/vec4 v0000026932c570d0_0;
    %flag_set/vec4 8;
    %jmp/0xz  T_5.0, 8;
    %load/vec4 v0000026932c56630_0;
    %flag_set/vec4 8;
    %jmp/0xz  T_5.2, 8;
    %load/vec4 v0000026932c4f660_0;
    %load/vec4 v0000026932c4fe80_0;
    %concat/vec4; draw_concat_vec4
    %split/vec4 4;
    %assign/vec4 v0000026932c4fe80_0, 0;
    %assign/vec4 v0000026932c4f660_0, 0;
    %pushi/vec4 15, 0, 4;
    %assign/vec4 v0000026932c4f700_0, 0;
    %pushi/vec4 15, 0, 4;
    %assign/vec4 v0000026932c4f520_0, 0;
    %load/vec4 v0000026932c4f840_0;
    %assign/vec4 v0000026932c4f840_0, 0;
    %load/vec4 v0000026932c4f5c0_0;
    %assign/vec4 v0000026932c4f5c0_0, 0;
    %load/vec4 v0000026932c4ff20_0;
    %assign/vec4 v0000026932c4ff20_0, 0;
    %load/vec4 v0000026932c56630_0;
    %assign/vec4 v0000026932c4e8a0_0, 0;
    %jmp T_5.3;
T_5.2 ;
    %load/vec4 v0000026932c566d0_0;
    %load/vec4 v0000026932c55b90_0;
    %concat/vec4; draw_concat_vec4
    %dup/vec4;
    %pushi/vec4 18, 0, 8;
    %cmp/u;
    %jmp/1 T_5.4, 6;
    %dup/vec4;
    %pushi/vec4 48, 0, 8;
    %cmp/u;
    %jmp/1 T_5.5, 6;
    %dup/vec4;
    %pushi/vec4 49, 0, 8;
    %cmp/u;
    %jmp/1 T_5.6, 6;
    %dup/vec4;
    %pushi/vec4 50, 0, 8;
    %cmp/u;
    %jmp/1 T_5.7, 6;
    %dup/vec4;
    %pushi/vec4 51, 0, 8;
    %cmp/u;
    %jmp/1 T_5.8, 6;
    %dup/vec4;
    %pushi/vec4 52, 0, 8;
    %cmp/u;
    %jmp/1 T_5.9, 6;
    %dup/vec4;
    %pushi/vec4 53, 0, 8;
    %cmp/u;
    %jmp/1 T_5.10, 6;
    %dup/vec4;
    %pushi/vec4 54, 0, 8;
    %cmp/u;
    %jmp/1 T_5.11, 6;
    %dup/vec4;
    %pushi/vec4 112, 0, 8;
    %cmp/u;
    %jmp/1 T_5.12, 6;
    %dup/vec4;
    %pushi/vec4 113, 0, 8;
    %cmp/u;
    %jmp/1 T_5.13, 6;
    %dup/vec4;
    %pushi/vec4 114, 0, 8;
    %cmp/u;
    %jmp/1 T_5.14, 6;
    %dup/vec4;
    %pushi/vec4 115, 0, 8;
    %cmp/u;
    %jmp/1 T_5.15, 6;
    %dup/vec4;
    %pushi/vec4 116, 0, 8;
    %cmp/u;
    %jmp/1 T_5.16, 6;
    %dup/vec4;
    %pushi/vec4 117, 0, 8;
    %cmp/u;
    %jmp/1 T_5.17, 6;
    %dup/vec4;
    %pushi/vec4 118, 0, 8;
    %cmp/u;
    %jmp/1 T_5.18, 6;
    %load/vec4 v0000026932c566d0_0;
    %assign/vec4 v0000026932c4f660_0, 0;
    %load/vec4 v0000026932c55b90_0;
    %assign/vec4 v0000026932c4fe80_0, 0;
    %jmp T_5.20;
T_5.4 ;
    %pushi/vec4 34, 0, 8;
    %split/vec4 4;
    %assign/vec4 v0000026932c4fe80_0, 0;
    %assign/vec4 v0000026932c4f660_0, 0;
    %jmp T_5.20;
T_5.5 ;
    %pushi/vec4 32, 0, 8;
    %split/vec4 4;
    %assign/vec4 v0000026932c4fe80_0, 0;
    %assign/vec4 v0000026932c4f660_0, 0;
    %jmp T_5.20;
T_5.6 ;
    %pushi/vec4 32, 0, 8;
    %split/vec4 4;
    %assign/vec4 v0000026932c4fe80_0, 0;
    %assign/vec4 v0000026932c4f660_0, 0;
    %jmp T_5.20;
T_5.7 ;
    %pushi/vec4 32, 0, 8;
    %split/vec4 4;
    %assign/vec4 v0000026932c4fe80_0, 0;
    %assign/vec4 v0000026932c4f660_0, 0;
    %jmp T_5.20;
T_5.8 ;
    %pushi/vec4 32, 0, 8;
    %split/vec4 4;
    %assign/vec4 v0000026932c4fe80_0, 0;
    %assign/vec4 v0000026932c4f660_0, 0;
    %jmp T_5.20;
T_5.9 ;
    %pushi/vec4 32, 0, 8;
    %split/vec4 4;
    %assign/vec4 v0000026932c4fe80_0, 0;
    %assign/vec4 v0000026932c4f660_0, 0;
    %jmp T_5.20;
T_5.10 ;
    %pushi/vec4 32, 0, 8;
    %split/vec4 4;
    %assign/vec4 v0000026932c4fe80_0, 0;
    %assign/vec4 v0000026932c4f660_0, 0;
    %jmp T_5.20;
T_5.11 ;
    %pushi/vec4 32, 0, 8;
    %split/vec4 4;
    %assign/vec4 v0000026932c4fe80_0, 0;
    %assign/vec4 v0000026932c4f660_0, 0;
    %jmp T_5.20;
T_5.12 ;
    %pushi/vec4 34, 0, 8;
    %split/vec4 4;
    %assign/vec4 v0000026932c4fe80_0, 0;
    %assign/vec4 v0000026932c4f660_0, 0;
    %jmp T_5.20;
T_5.13 ;
    %pushi/vec4 34, 0, 8;
    %split/vec4 4;
    %assign/vec4 v0000026932c4fe80_0, 0;
    %assign/vec4 v0000026932c4f660_0, 0;
    %jmp T_5.20;
T_5.14 ;
    %pushi/vec4 34, 0, 8;
    %split/vec4 4;
    %assign/vec4 v0000026932c4fe80_0, 0;
    %assign/vec4 v0000026932c4f660_0, 0;
    %jmp T_5.20;
T_5.15 ;
    %pushi/vec4 34, 0, 8;
    %split/vec4 4;
    %assign/vec4 v0000026932c4fe80_0, 0;
    %assign/vec4 v0000026932c4f660_0, 0;
    %jmp T_5.20;
T_5.16 ;
    %pushi/vec4 34, 0, 8;
    %split/vec4 4;
    %assign/vec4 v0000026932c4fe80_0, 0;
    %assign/vec4 v0000026932c4f660_0, 0;
    %jmp T_5.20;
T_5.17 ;
    %pushi/vec4 34, 0, 8;
    %split/vec4 4;
    %assign/vec4 v0000026932c4fe80_0, 0;
    %assign/vec4 v0000026932c4f660_0, 0;
    %jmp T_5.20;
T_5.18 ;
    %pushi/vec4 34, 0, 8;
    %split/vec4 4;
    %assign/vec4 v0000026932c4fe80_0, 0;
    %assign/vec4 v0000026932c4f660_0, 0;
    %jmp T_5.20;
T_5.20 ;
    %pop/vec4 1;
    %load/vec4 v0000026932c566d0_0;
    %load/vec4 v0000026932c55b90_0;
    %concat/vec4; draw_concat_vec4
    %dup/vec4;
    %pushi/vec4 48, 0, 8;
    %cmp/u;
    %jmp/1 T_5.21, 6;
    %dup/vec4;
    %pushi/vec4 49, 0, 8;
    %cmp/u;
    %jmp/1 T_5.22, 6;
    %dup/vec4;
    %pushi/vec4 50, 0, 8;
    %cmp/u;
    %jmp/1 T_5.23, 6;
    %dup/vec4;
    %pushi/vec4 51, 0, 8;
    %cmp/u;
    %jmp/1 T_5.24, 6;
    %dup/vec4;
    %pushi/vec4 52, 0, 8;
    %cmp/u;
    %jmp/1 T_5.25, 6;
    %dup/vec4;
    %pushi/vec4 53, 0, 8;
    %cmp/u;
    %jmp/1 T_5.26, 6;
    %dup/vec4;
    %pushi/vec4 54, 0, 8;
    %cmp/u;
    %jmp/1 T_5.27, 6;
    %load/vec4 v0000026932c56f90_0;
    %assign/vec4 v0000026932c4f5c0_0, 0;
    %load/vec4 v0000026932c57030_0;
    %assign/vec4 v0000026932c4ff20_0, 0;
    %load/vec4 v0000026932c56ef0_0;
    %assign/vec4 v0000026932c4f700_0, 0;
    %load/vec4 v0000026932c56130_0;
    %assign/vec4 v0000026932c4f520_0, 0;
    %jmp T_5.29;
T_5.21 ;
    %pushi/vec4 0, 0, 32;
    %assign/vec4 v0000026932c4f5c0_0, 0;
    %load/vec4 v0000026932c57030_0;
    %assign/vec4 v0000026932c4ff20_0, 0;
    %load/vec4 v0000026932c56ef0_0;
    %assign/vec4 v0000026932c4f700_0, 0;
    %load/vec4 v0000026932c56130_0;
    %assign/vec4 v0000026932c4f520_0, 0;
    %jmp T_5.29;
T_5.22 ;
    %pushi/vec4 0, 0, 32;
    %assign/vec4 v0000026932c4f5c0_0, 0;
    %load/vec4 v0000026932c57030_0;
    %assign/vec4 v0000026932c4ff20_0, 0;
    %load/vec4 v0000026932c56130_0;
    %assign/vec4 v0000026932c4f520_0, 0;
    %load/vec4 v0000026932c54dd0_0;
    %load/vec4 v0000026932c54d30_0;
    %xor;
    %load/vec4 v0000026932c555f0_0;
    %or;
    %flag_set/vec4 8;
    %jmp/0xz  T_5.30, 8;
    %load/vec4 v0000026932c56ef0_0;
    %assign/vec4 v0000026932c4f700_0, 0;
    %jmp T_5.31;
T_5.30 ;
    %load/vec4 v0000026932c56130_0;
    %assign/vec4 v0000026932c4f700_0, 0;
T_5.31 ;
    %jmp T_5.29;
T_5.23 ;
    %pushi/vec4 0, 0, 32;
    %assign/vec4 v0000026932c4f5c0_0, 0;
    %load/vec4 v0000026932c57030_0;
    %assign/vec4 v0000026932c4ff20_0, 0;
    %load/vec4 v0000026932c56130_0;
    %assign/vec4 v0000026932c4f520_0, 0;
    %load/vec4 v0000026932c54dd0_0;
    %load/vec4 v0000026932c54d30_0;
    %xor;
    %flag_set/vec4 8;
    %jmp/0xz  T_5.32, 8;
    %load/vec4 v0000026932c56ef0_0;
    %assign/vec4 v0000026932c4f700_0, 0;
    %jmp T_5.33;
T_5.32 ;
    %load/vec4 v0000026932c56130_0;
    %assign/vec4 v0000026932c4f700_0, 0;
T_5.33 ;
    %jmp T_5.29;
T_5.24 ;
    %pushi/vec4 0, 0, 32;
    %assign/vec4 v0000026932c4f5c0_0, 0;
    %load/vec4 v0000026932c57030_0;
    %assign/vec4 v0000026932c4ff20_0, 0;
    %load/vec4 v0000026932c56130_0;
    %assign/vec4 v0000026932c4f520_0, 0;
    %load/vec4 v0000026932c555f0_0;
    %flag_set/vec4 8;
    %jmp/0xz  T_5.34, 8;
    %load/vec4 v0000026932c56ef0_0;
    %assign/vec4 v0000026932c4f700_0, 0;
    %jmp T_5.35;
T_5.34 ;
    %load/vec4 v0000026932c56130_0;
    %assign/vec4 v0000026932c4f700_0, 0;
T_5.35 ;
    %jmp T_5.29;
T_5.25 ;
    %pushi/vec4 0, 0, 32;
    %assign/vec4 v0000026932c4f5c0_0, 0;
    %load/vec4 v0000026932c57030_0;
    %assign/vec4 v0000026932c4ff20_0, 0;
    %load/vec4 v0000026932c56130_0;
    %assign/vec4 v0000026932c4f520_0, 0;
    %load/vec4 v0000026932c555f0_0;
    %inv;
    %flag_set/vec4 8;
    %jmp/0xz  T_5.36, 8;
    %load/vec4 v0000026932c56ef0_0;
    %assign/vec4 v0000026932c4f700_0, 0;
    %jmp T_5.37;
T_5.36 ;
    %load/vec4 v0000026932c56130_0;
    %assign/vec4 v0000026932c4f700_0, 0;
T_5.37 ;
    %jmp T_5.29;
T_5.26 ;
    %pushi/vec4 0, 0, 32;
    %assign/vec4 v0000026932c4f5c0_0, 0;
    %load/vec4 v0000026932c57030_0;
    %assign/vec4 v0000026932c4ff20_0, 0;
    %load/vec4 v0000026932c56130_0;
    %assign/vec4 v0000026932c4f520_0, 0;
    %load/vec4 v0000026932c54dd0_0;
    %load/vec4 v0000026932c54d30_0;
    %xor;
    %inv;
    %flag_set/vec4 8;
    %jmp/0xz  T_5.38, 8;
    %load/vec4 v0000026932c56ef0_0;
    %assign/vec4 v0000026932c4f700_0, 0;
    %jmp T_5.39;
T_5.38 ;
    %load/vec4 v0000026932c56130_0;
    %assign/vec4 v0000026932c4f700_0, 0;
T_5.39 ;
    %jmp T_5.29;
T_5.27 ;
    %pushi/vec4 0, 0, 32;
    %assign/vec4 v0000026932c4f5c0_0, 0;
    %load/vec4 v0000026932c57030_0;
    %assign/vec4 v0000026932c4ff20_0, 0;
    %load/vec4 v0000026932c56130_0;
    %assign/vec4 v0000026932c4f520_0, 0;
    %load/vec4 v0000026932c54dd0_0;
    %load/vec4 v0000026932c54d30_0;
    %xor;
    %inv;
    %load/vec4 v0000026932c555f0_0;
    %inv;
    %and;
    %flag_set/vec4 8;
    %jmp/0xz  T_5.40, 8;
    %load/vec4 v0000026932c56ef0_0;
    %assign/vec4 v0000026932c4f700_0, 0;
    %jmp T_5.41;
T_5.40 ;
    %load/vec4 v0000026932c56130_0;
    %assign/vec4 v0000026932c4f700_0, 0;
T_5.41 ;
    %jmp T_5.29;
T_5.29 ;
    %pop/vec4 1;
    %load/vec4 v0000026932c54c90_0;
    %assign/vec4 v0000026932c4f840_0, 0;
    %load/vec4 v0000026932c56630_0;
    %assign/vec4 v0000026932c4e8a0_0, 0;
    %load/vec4 v0000026932c566d0_0;
    %load/vec4 v0000026932c55b90_0;
    %concat/vec4; draw_concat_vec4
    %cmpi/e 112, 0, 8;
    %jmp/0xz  T_5.42, 4;
    %pushi/vec4 1, 0, 1;
    %assign/vec4 v0000026932c4f7a0_0, 0;
    %jmp T_5.43;
T_5.42 ;
    %load/vec4 v0000026932c566d0_0;
    %load/vec4 v0000026932c55b90_0;
    %concat/vec4; draw_concat_vec4
    %pushi/vec4 113, 0, 8;
    %cmp/e;
    %flag_get/vec4 4;
    %load/vec4 v0000026932c54dd0_0;
    %load/vec4 v0000026932c54d30_0;
    %xor;
    %load/vec4 v0000026932c555f0_0;
    %or;
    %and;
    %flag_set/vec4 8;
    %jmp/0xz  T_5.44, 8;
    %pushi/vec4 1, 0, 1;
    %assign/vec4 v0000026932c4f7a0_0, 0;
    %jmp T_5.45;
T_5.44 ;
    %load/vec4 v0000026932c566d0_0;
    %load/vec4 v0000026932c55b90_0;
    %concat/vec4; draw_concat_vec4
    %pushi/vec4 114, 0, 8;
    %cmp/e;
    %flag_get/vec4 4;
    %load/vec4 v0000026932c54dd0_0;
    %load/vec4 v0000026932c54d30_0;
    %xor;
    %and;
    %flag_set/vec4 8;
    %jmp/0xz  T_5.46, 8;
    %pushi/vec4 1, 0, 1;
    %assign/vec4 v0000026932c4f7a0_0, 0;
    %jmp T_5.47;
T_5.46 ;
    %load/vec4 v0000026932c566d0_0;
    %load/vec4 v0000026932c55b90_0;
    %concat/vec4; draw_concat_vec4
    %pushi/vec4 115, 0, 8;
    %cmp/e;
    %flag_get/vec4 4;
    %load/vec4 v0000026932c555f0_0;
    %and;
    %flag_set/vec4 8;
    %jmp/0xz  T_5.48, 8;
    %pushi/vec4 1, 0, 1;
    %assign/vec4 v0000026932c4f7a0_0, 0;
    %jmp T_5.49;
T_5.48 ;
    %load/vec4 v0000026932c566d0_0;
    %load/vec4 v0000026932c55b90_0;
    %concat/vec4; draw_concat_vec4
    %pushi/vec4 116, 0, 8;
    %cmp/e;
    %flag_get/vec4 4;
    %load/vec4 v0000026932c555f0_0;
    %inv;
    %and;
    %flag_set/vec4 8;
    %jmp/0xz  T_5.50, 8;
    %pushi/vec4 1, 0, 1;
    %assign/vec4 v0000026932c4f7a0_0, 0;
    %jmp T_5.51;
T_5.50 ;
    %load/vec4 v0000026932c566d0_0;
    %load/vec4 v0000026932c55b90_0;
    %concat/vec4; draw_concat_vec4
    %pushi/vec4 117, 0, 8;
    %cmp/e;
    %flag_get/vec4 4;
    %load/vec4 v0000026932c54dd0_0;
    %load/vec4 v0000026932c54d30_0;
    %xor;
    %inv;
    %and;
    %flag_set/vec4 8;
    %jmp/0xz  T_5.52, 8;
    %pushi/vec4 1, 0, 1;
    %assign/vec4 v0000026932c4f7a0_0, 0;
    %jmp T_5.53;
T_5.52 ;
    %load/vec4 v0000026932c566d0_0;
    %load/vec4 v0000026932c55b90_0;
    %concat/vec4; draw_concat_vec4
    %pushi/vec4 118, 0, 8;
    %cmp/e;
    %flag_get/vec4 4;
    %load/vec4 v0000026932c54dd0_0;
    %load/vec4 v0000026932c54d30_0;
    %xor;
    %inv;
    %load/vec4 v0000026932c555f0_0;
    %inv;
    %and;
    %and;
    %flag_set/vec4 8;
    %jmp/0xz  T_5.54, 8;
    %pushi/vec4 1, 0, 1;
    %assign/vec4 v0000026932c4f7a0_0, 0;
    %jmp T_5.55;
T_5.54 ;
    %pushi/vec4 0, 0, 1;
    %assign/vec4 v0000026932c4f7a0_0, 0;
T_5.55 ;
T_5.53 ;
T_5.51 ;
T_5.49 ;
T_5.47 ;
T_5.45 ;
T_5.43 ;
T_5.3 ;
T_5.0 ;
    %jmp T_5;
    .thread T_5;
    .scope S_0000026932acb9f0;
T_6 ;
    %pushi/vec4 1, 0, 1;
    %assign/vec4 v0000026932c55f50_0, 0;
    %delay 2000, 0;
    %pushi/vec4 0, 0, 1;
    %assign/vec4 v0000026932c55f50_0, 0;
    %end;
    .thread T_6;
    .scope S_0000026932acb9f0;
T_7 ;
    %wait E_0000026932be8430;
    %load/vec4 v0000026932c4f660_0;
    %load/vec4 v0000026932c4fe80_0;
    %concat/vec4; draw_concat_vec4
    %cmpi/e 16, 0, 8;
    %jmp/0xz  T_7.0, 4;
    %load/vec4 v0000026932c56310_0;
    %assign/vec4 v0000026932c4ee40_0, 0;
    %load/vec4 v0000026932c55ff0_0;
    %assign/vec4 v0000026932c4f160_0, 0;
    %jmp T_7.1;
T_7.0 ;
    %pushi/vec4 15, 0, 4;
    %assign/vec4 v0000026932c4ee40_0, 0;
    %pushi/vec4 0, 4294967295, 32;
    %assign/vec4 v0000026932c4f160_0, 0;
T_7.1 ;
    %load/vec4 v0000026932c55370_0;
    %assign/vec4 v0000026932c4f8e0_0, 0;
    %load/vec4 v0000026932c55190_0;
    %assign/vec4 v0000026932c4ef80_0, 0;
    %load/vec4 v0000026932c54f10_0;
    %assign/vec4 v0000026932c4f340_0, 0;
    %jmp T_7;
    .thread T_7;
    .scope S_0000026932acb860;
T_8 ;
    %pushi/vec4 0, 0, 1;
    %store/vec4 v0000026932c572b0_0, 0, 1;
    %end;
    .thread T_8;
    .scope S_0000026932acb860;
T_9 ;
    %pushi/vec4 0, 0, 1;
    %assign/vec4 v0000026932c57df0_0, 0;
    %pushi/vec4 0, 0, 32;
    %assign/vec4 v0000026932c57e90_0, 0;
    %pushi/vec4 0, 0, 1;
    %assign/vec4 v0000026932c575d0_0, 0;
    %pushi/vec4 0, 0, 32;
    %assign/vec4 v0000026932c57490_0, 0;
    %pushi/vec4 0, 0, 1;
    %assign/vec4 v0000026932c57530_0, 0;
    %pushi/vec4 15, 0, 4;
    %assign/vec4 v0000026932c58570_0, 0;
    %delay 2000, 0;
    %pushi/vec4 0, 0, 32;
    %assign/vec4 v0000026932c57e90_0, 0;
    %pushi/vec4 1, 0, 1;
    %assign/vec4 v0000026932c575d0_0, 0;
    %pushi/vec4 284164224, 0, 32;
    %assign/vec4 v0000026932c57490_0, 0;
    %delay 2000, 0;
    %pushi/vec4 1, 0, 32;
    %assign/vec4 v0000026932c57e90_0, 0;
    %pushi/vec4 1, 0, 1;
    %assign/vec4 v0000026932c575d0_0, 0;
    %pushi/vec4 284229761, 0, 32;
    %assign/vec4 v0000026932c57490_0, 0;
    %delay 2000, 0;
    %pushi/vec4 2, 0, 32;
    %assign/vec4 v0000026932c57e90_0, 0;
    %pushi/vec4 1, 0, 1;
    %assign/vec4 v0000026932c575d0_0, 0;
    %pushi/vec4 284295298, 0, 32;
    %assign/vec4 v0000026932c57490_0, 0;
    %delay 2000, 0;
    %pushi/vec4 3, 0, 32;
    %assign/vec4 v0000026932c57e90_0, 0;
    %pushi/vec4 1, 0, 1;
    %assign/vec4 v0000026932c575d0_0, 0;
    %pushi/vec4 284360835, 0, 32;
    %assign/vec4 v0000026932c57490_0, 0;
    %delay 2000, 0;
    %pushi/vec4 4, 0, 32;
    %assign/vec4 v0000026932c57e90_0, 0;
    %pushi/vec4 1, 0, 1;
    %assign/vec4 v0000026932c575d0_0, 0;
    %pushi/vec4 284426372, 0, 32;
    %assign/vec4 v0000026932c57490_0, 0;
    %delay 2000, 0;
    %pushi/vec4 5, 0, 32;
    %assign/vec4 v0000026932c57e90_0, 0;
    %pushi/vec4 1, 0, 1;
    %assign/vec4 v0000026932c575d0_0, 0;
    %pushi/vec4 284491909, 0, 32;
    %assign/vec4 v0000026932c57490_0, 0;
    %delay 2000, 0;
    %pushi/vec4 6, 0, 32;
    %assign/vec4 v0000026932c57e90_0, 0;
    %pushi/vec4 1, 0, 1;
    %assign/vec4 v0000026932c575d0_0, 0;
    %pushi/vec4 284557446, 0, 32;
    %assign/vec4 v0000026932c57490_0, 0;
    %delay 2000, 0;
    %pushi/vec4 7, 0, 32;
    %assign/vec4 v0000026932c57e90_0, 0;
    %pushi/vec4 1, 0, 1;
    %assign/vec4 v0000026932c575d0_0, 0;
    %pushi/vec4 284622983, 0, 32;
    %assign/vec4 v0000026932c57490_0, 0;
    %delay 2000, 0;
    %pushi/vec4 8, 0, 32;
    %assign/vec4 v0000026932c57e90_0, 0;
    %pushi/vec4 1, 0, 1;
    %assign/vec4 v0000026932c575d0_0, 0;
    %pushi/vec4 536936448, 0, 32;
    %assign/vec4 v0000026932c57490_0, 0;
    %delay 2000, 0;
    %pushi/vec4 9, 0, 32;
    %assign/vec4 v0000026932c57e90_0, 0;
    %pushi/vec4 1, 0, 1;
    %assign/vec4 v0000026932c575d0_0, 0;
    %pushi/vec4 555941888, 0, 32;
    %assign/vec4 v0000026932c57490_0, 0;
    %delay 2000, 0;
    %pushi/vec4 10, 0, 32;
    %assign/vec4 v0000026932c57e90_0, 0;
    %pushi/vec4 1, 0, 1;
    %assign/vec4 v0000026932c575d0_0, 0;
    %pushi/vec4 574947328, 0, 32;
    %assign/vec4 v0000026932c57490_0, 0;
    %delay 2000, 0;
    %pushi/vec4 11, 0, 32;
    %assign/vec4 v0000026932c57e90_0, 0;
    %pushi/vec4 1, 0, 1;
    %assign/vec4 v0000026932c575d0_0, 0;
    %pushi/vec4 593952768, 0, 32;
    %assign/vec4 v0000026932c57490_0, 0;
    %delay 2000, 0;
    %pushi/vec4 12, 0, 32;
    %assign/vec4 v0000026932c57e90_0, 0;
    %pushi/vec4 1, 0, 1;
    %assign/vec4 v0000026932c575d0_0, 0;
    %pushi/vec4 559153152, 0, 32;
    %assign/vec4 v0000026932c57490_0, 0;
    %delay 2000, 0;
    %pushi/vec4 13, 0, 32;
    %assign/vec4 v0000026932c57e90_0, 0;
    %pushi/vec4 1, 0, 1;
    %assign/vec4 v0000026932c575d0_0, 0;
    %pushi/vec4 578158592, 0, 32;
    %assign/vec4 v0000026932c57490_0, 0;
    %delay 2000, 0;
    %pushi/vec4 14, 0, 32;
    %assign/vec4 v0000026932c57e90_0, 0;
    %pushi/vec4 1, 0, 1;
    %assign/vec4 v0000026932c575d0_0, 0;
    %pushi/vec4 540147712, 0, 32;
    %assign/vec4 v0000026932c57490_0, 0;
    %delay 2000, 0;
    %pushi/vec4 15, 0, 32;
    %assign/vec4 v0000026932c57e90_0, 0;
    %pushi/vec4 1, 0, 1;
    %assign/vec4 v0000026932c575d0_0, 0;
    %pushi/vec4 588251136, 0, 32;
    %assign/vec4 v0000026932c57490_0, 0;
    %delay 2000, 0;
    %pushi/vec4 16, 0, 32;
    %assign/vec4 v0000026932c57e90_0, 0;
    %pushi/vec4 1, 0, 1;
    %assign/vec4 v0000026932c575d0_0, 0;
    %pushi/vec4 540344320, 0, 32;
    %assign/vec4 v0000026932c57490_0, 0;
    %delay 2000, 0;
    %pushi/vec4 17, 0, 32;
    %assign/vec4 v0000026932c57e90_0, 0;
    %pushi/vec4 1, 0, 1;
    %assign/vec4 v0000026932c575d0_0, 0;
    %pushi/vec4 556007424, 0, 32;
    %assign/vec4 v0000026932c57490_0, 0;
    %delay 2000, 0;
    %pushi/vec4 18, 0, 32;
    %assign/vec4 v0000026932c57e90_0, 0;
    %pushi/vec4 1, 0, 1;
    %assign/vec4 v0000026932c575d0_0, 0;
    %pushi/vec4 587595776, 0, 32;
    %assign/vec4 v0000026932c57490_0, 0;
    %delay 2000, 0;
    %pushi/vec4 19, 0, 32;
    %assign/vec4 v0000026932c57e90_0, 0;
    %pushi/vec4 1, 0, 1;
    %assign/vec4 v0000026932c575d0_0, 0;
    %pushi/vec4 571932672, 0, 32;
    %assign/vec4 v0000026932c57490_0, 0;
    %delay 2000, 0;
    %pushi/vec4 0, 0, 32;
    %assign/vec4 v0000026932c57e90_0, 0;
    %pushi/vec4 0, 0, 1;
    %assign/vec4 v0000026932c575d0_0, 0;
    %pushi/vec4 0, 0, 32;
    %assign/vec4 v0000026932c57490_0, 0;
    %delay 1000, 0;
    %pushi/vec4 1, 0, 1;
    %assign/vec4 v0000026932c57530_0, 0;
    %delay 56000, 0;
    %pushi/vec4 0, 0, 1;
    %assign/vec4 v0000026932c57530_0, 0;
    %pushi/vec4 1, 0, 1;
    %assign/vec4 v0000026932c572b0_0, 0;
    %delay 100000, 0;
    %vpi_call 2 68 "$stop" {0 0 0};
    %end;
    .thread T_9;
    .scope S_0000026932acb860;
T_10 ;
    %delay 1000, 0;
    %load/vec4 v0000026932c57df0_0;
    %inv;
    %store/vec4 v0000026932c57df0_0, 0, 1;
    %jmp T_10;
    .thread T_10;
    .scope S_0000026932acb860;
T_11 ;
    %wait E_0000026932be8430;
    %load/vec4 v0000026932c572b0_0;
    %flag_set/vec4 8;
    %jmp/0xz  T_11.0, 8;
    %load/vec4 v0000026932c58570_0;
    %addi 1, 0, 4;
    %assign/vec4 v0000026932c58570_0, 0;
T_11.0 ;
    %jmp T_11;
    .thread T_11;
    .scope S_0000026932acb860;
T_12 ;
    %vpi_call 2 77 "$dumpfile", "pro_tb5.vcd" {0 0 0};
    %vpi_call 2 78 "$dumpvars" {0 0 0};
    %end;
    .thread T_12;
# The file index is used to find the file name in the following table.
:file_names 7;
    "N/A";
    "<interactive>";
    ".\tb\pro_tb5.v";
    ".\processor.v";
    ".\alu.v";
    ".\ram.v";
    ".\regfile.v";
