#! /c/Source/iverilog-install/bin/vvp
:ivl_version "12.0 (devel)" "(s20150603-1110-g18392a46)";
:ivl_delay_selection "TYPICAL";
:vpi_time_precision - 11;
:vpi_module "D:\iVerilog\lib\ivl\system.vpi";
:vpi_module "D:\iVerilog\lib\ivl\vhdl_sys.vpi";
:vpi_module "D:\iVerilog\lib\ivl\vhdl_textio.vpi";
:vpi_module "D:\iVerilog\lib\ivl\v2005_math.vpi";
:vpi_module "D:\iVerilog\lib\ivl\va_math.vpi";
S_0000025e947db860 .scope module, "pro_tb2" "pro_tb2" 2 2;
 .timescale -9 -11;
v0000025e948eaa20_0 .var "addr", 31 0;
v0000025e948ebce0_0 .net "cc", 2 0, L_0000025e949496d0;  1 drivers
v0000025e948eb920_0 .var "clock", 0 0;
v0000025e948eb600_0 .var "flg", 0 0;
v0000025e948ebd80_0 .net "r0", 31 0, v0000025e948df8b0_0;  1 drivers
v0000025e948eb060_0 .net "r1", 31 0, v0000025e948dfd10_0;  1 drivers
v0000025e948ebe20_0 .net "r2", 31 0, v0000025e948e0210_0;  1 drivers
v0000025e948ebf60_0 .net "r3", 31 0, v0000025e948e0530_0;  1 drivers
v0000025e948eb100_0 .net "r4", 31 0, v0000025e948dfe50_0;  1 drivers
v0000025e948eb6a0_0 .net "r5", 31 0, v0000025e948e05d0_0;  1 drivers
v0000025e948ea8e0_0 .net "r6", 31 0, v0000025e948e08f0_0;  1 drivers
v0000025e948ea980_0 .net "r7", 31 0, v0000025e948e0670_0;  1 drivers
v0000025e948eb740_0 .var "rID", 3 0;
v0000025e948eb9c0_0 .net "rdata", 31 0, L_0000025e94953100;  1 drivers
v0000025e948eaac0_0 .net "valE", 31 0, L_0000025e9495bca0;  1 drivers
v0000025e948eb1a0_0 .var "wdata", 31 0;
v0000025e948eac00_0 .var "working", 0 0;
v0000025e948ebb00_0 .var "wr", 0 0;
S_0000025e947db9f0 .scope module, "processor" "processor" 2 21, 3 3 0, S_0000025e947db860;
 .timescale -9 -11;
    .port_info 0 /INPUT 1 "clock";
    .port_info 1 /INPUT 32 "addr";
    .port_info 2 /INPUT 1 "wr";
    .port_info 3 /INPUT 32 "wdata";
    .port_info 4 /INPUT 1 "working";
    .port_info 5 /INPUT 4 "rID";
    .port_info 6 /OUTPUT 32 "valE";
    .port_info 7 /OUTPUT 32 "r0";
    .port_info 8 /OUTPUT 32 "r1";
    .port_info 9 /OUTPUT 32 "r2";
    .port_info 10 /OUTPUT 32 "r3";
    .port_info 11 /OUTPUT 32 "r4";
    .port_info 12 /OUTPUT 32 "r5";
    .port_info 13 /OUTPUT 32 "r6";
    .port_info 14 /OUTPUT 32 "r7";
    .port_info 15 /OUTPUT 32 "rdata";
    .port_info 16 /OUTPUT 3 "cc";
P_0000025e947daf00 .param/l "ADD" 0 3 33, C4<00100000>;
P_0000025e947daf38 .param/l "AND" 0 3 35, C4<00100010>;
P_0000025e947daf70 .param/l "CMOVE" 0 3 40, C4<00110011>;
P_0000025e947dafa8 .param/l "CMOVG" 0 3 43, C4<00110110>;
P_0000025e947dafe0 .param/l "CMOVGE" 0 3 42, C4<00110101>;
P_0000025e947db018 .param/l "CMOVL" 0 3 39, C4<00110010>;
P_0000025e947db050 .param/l "CMOVLE" 0 3 38, C4<00110001>;
P_0000025e947db088 .param/l "CMOVNE" 0 3 41, C4<00110100>;
P_0000025e947db0c0 .param/l "HALT" 0 3 31, C4<00010001>;
P_0000025e947db0f8 .param/l "IRMOV" 0 3 30, C4<00010000>;
P_0000025e947db130 .param/l "JE" 0 3 47, C4<01110011>;
P_0000025e947db168 .param/l "JG" 0 3 50, C4<01110110>;
P_0000025e947db1a0 .param/l "JGE" 0 3 49, C4<01110101>;
P_0000025e947db1d8 .param/l "JL" 0 3 46, C4<01110010>;
P_0000025e947db210 .param/l "JLE" 0 3 45, C4<01110001>;
P_0000025e947db248 .param/l "JMP" 0 3 44, C4<01110000>;
P_0000025e947db280 .param/l "JNE" 0 3 48, C4<01110100>;
P_0000025e947db2b8 .param/l "NOP" 0 3 32, C4<00010010>;
P_0000025e947db2f0 .param/l "RRMOV" 0 3 37, C4<00110000>;
P_0000025e947db328 .param/l "SUB" 0 3 34, C4<00100001>;
P_0000025e947db360 .param/l "XOR" 0 3 36, C4<00100011>;
L_0000025e9494de50 .functor BUFZ 32, v0000025e948dea10_0, C4<00000000000000000000000000000000>, C4<00000000000000000000000000000000>, C4<00000000000000000000000000000000>;
L_0000025e9494df30 .functor AND 1, L_0000025e94950860, v0000025e948eac00_0, C4<1>, C4<1>;
L_0000025e9494da60 .functor AND 1, L_0000025e94950220, v0000025e948eac00_0, C4<1>, C4<1>;
L_0000025e9494db40 .functor XOR 1, L_0000025e9494e7e0, L_0000025e9494e880, C4<0>, C4<0>;
L_0000025e9494d8a0 .functor OR 1, L_0000025e9494db40, L_0000025e9494e600, C4<0>, C4<0>;
L_0000025e9494dc90 .functor AND 1, L_0000025e9494da60, L_0000025e9494d8a0, C4<1>, C4<1>;
L_0000025e9494dfa0 .functor AND 1, L_0000025e94950360, v0000025e948eac00_0, C4<1>, C4<1>;
L_0000025e9494d750 .functor XOR 1, L_0000025e9494e7e0, L_0000025e9494e880, C4<0>, C4<0>;
L_0000025e9494dbb0 .functor AND 1, L_0000025e9494dfa0, L_0000025e9494d750, C4<1>, C4<1>;
L_0000025e9494dc20 .functor AND 1, L_0000025e9494f820, v0000025e948eac00_0, C4<1>, C4<1>;
L_0000025e9494dd00 .functor AND 1, L_0000025e9494dc20, L_0000025e9494e600, C4<1>, C4<1>;
L_0000025e9494e010 .functor AND 1, L_0000025e9494eec0, v0000025e948eac00_0, C4<1>, C4<1>;
L_0000025e9494d590 .functor NOT 1, L_0000025e9494e600, C4<0>, C4<0>, C4<0>;
L_0000025e9494d130 .functor AND 1, L_0000025e9494e010, L_0000025e9494d590, C4<1>, C4<1>;
L_0000025e9494dde0 .functor AND 1, L_0000025e94950a40, v0000025e948eac00_0, C4<1>, C4<1>;
L_0000025e9494d210 .functor XOR 1, L_0000025e9494e7e0, L_0000025e9494e880, C4<0>, C4<0>;
L_0000025e9494d7c0 .functor NOT 1, L_0000025e9494d210, C4<0>, C4<0>, C4<0>;
L_0000025e9494d280 .functor AND 1, L_0000025e9494dde0, L_0000025e9494d7c0, C4<1>, C4<1>;
L_0000025e9494d670 .functor AND 1, L_0000025e9494f1e0, v0000025e948eac00_0, C4<1>, C4<1>;
L_0000025e9494d6e0 .functor XOR 1, L_0000025e9494e7e0, L_0000025e9494e880, C4<0>, C4<0>;
L_0000025e9494d830 .functor NOT 1, L_0000025e9494d6e0, C4<0>, C4<0>, C4<0>;
L_0000025e9495b840 .functor NOT 1, L_0000025e9494e600, C4<0>, C4<0>, C4<0>;
L_0000025e9495ae30 .functor AND 1, L_0000025e9494d830, L_0000025e9495b840, C4<1>, C4<1>;
L_0000025e9495b8b0 .functor AND 1, L_0000025e9494d670, L_0000025e9495ae30, C4<1>, C4<1>;
L_0000025e9495bca0 .functor BUFZ 32, L_0000025e94949770, C4<00000000000000000000000000000000>, C4<00000000000000000000000000000000>, C4<00000000000000000000000000000000>;
L_0000025e9495b3e0 .functor BUFZ 1, v0000025e948e2650_0, C4<0>, C4<0>, C4<0>;
v0000025e948e2650_0 .var "D_halt", 0 0;
v0000025e948e2a10_0 .var "D_icode", 3 0;
v0000025e948e1ed0_0 .var "D_ifun", 3 0;
v0000025e948e2510_0 .var "D_jflg", 0 0;
v0000025e948e19d0_0 .var "D_rA", 3 0;
v0000025e948e2330_0 .var "D_rB", 3 0;
v0000025e948e1f70_0 .var "D_valA", 31 0;
v0000025e948e23d0_0 .var "D_valB", 31 0;
v0000025e948e2e70_0 .var "D_valC", 15 0;
v0000025e948e28d0_0 .var "E_dstE", 3 0;
v0000025e948e2b50_0 .var "E_dstM", 3 0;
v0000025e948e2290_0 .var "E_halt", 0 0;
v0000025e948e1930_0 .var "E_valE", 31 0;
v0000025e948e1e30_0 .var "E_valM", 31 0;
v0000025e948e2ab0_0 .net "F_read", 31 0, L_0000025e9494de50;  1 drivers
v0000025e948e1d90_0 .var "PC", 31 0;
v0000025e948e2470_0 .net *"_ivl_100", 7 0, L_0000025e94950680;  1 drivers
L_0000025e948f24f8 .functor BUFT 1, C4<01110000>, C4<0>, C4<0>, C4<0>;
v0000025e948e1cf0_0 .net/2u *"_ivl_102", 7 0, L_0000025e948f24f8;  1 drivers
v0000025e948e2bf0_0 .net *"_ivl_104", 0 0, L_0000025e94950860;  1 drivers
v0000025e948e2c90_0 .net *"_ivl_107", 0 0, L_0000025e9494df30;  1 drivers
L_0000025e948f2540 .functor BUFT 1, C4<01>, C4<0>, C4<0>, C4<0>;
v0000025e948e25b0_0 .net/2s *"_ivl_108", 1 0, L_0000025e948f2540;  1 drivers
v0000025e948e2010_0 .net *"_ivl_110", 7 0, L_0000025e9494f460;  1 drivers
L_0000025e948f2588 .functor BUFT 1, C4<01110001>, C4<0>, C4<0>, C4<0>;
v0000025e948e1a70_0 .net/2u *"_ivl_112", 7 0, L_0000025e948f2588;  1 drivers
v0000025e948e2790_0 .net *"_ivl_114", 0 0, L_0000025e94950220;  1 drivers
v0000025e948e2d30_0 .net *"_ivl_117", 0 0, L_0000025e9494da60;  1 drivers
v0000025e948e20b0_0 .net *"_ivl_118", 0 0, L_0000025e9494db40;  1 drivers
v0000025e948e2150_0 .net *"_ivl_120", 0 0, L_0000025e9494d8a0;  1 drivers
v0000025e948e26f0_0 .net *"_ivl_123", 0 0, L_0000025e9494dc90;  1 drivers
L_0000025e948f25d0 .functor BUFT 1, C4<01>, C4<0>, C4<0>, C4<0>;
v0000025e948e2830_0 .net/2s *"_ivl_124", 1 0, L_0000025e948f25d0;  1 drivers
v0000025e948e2dd0_0 .net *"_ivl_126", 7 0, L_0000025e94950720;  1 drivers
L_0000025e948f2618 .functor BUFT 1, C4<01110010>, C4<0>, C4<0>, C4<0>;
v0000025e948e1b10_0 .net/2u *"_ivl_128", 7 0, L_0000025e948f2618;  1 drivers
v0000025e948e1890_0 .net *"_ivl_130", 0 0, L_0000025e94950360;  1 drivers
v0000025e948e2f10_0 .net *"_ivl_133", 0 0, L_0000025e9494dfa0;  1 drivers
v0000025e948e1bb0_0 .net *"_ivl_134", 0 0, L_0000025e9494d750;  1 drivers
v0000025e948e1c50_0 .net *"_ivl_137", 0 0, L_0000025e9494dbb0;  1 drivers
L_0000025e948f2660 .functor BUFT 1, C4<01>, C4<0>, C4<0>, C4<0>;
v0000025e948de510_0 .net/2s *"_ivl_138", 1 0, L_0000025e948f2660;  1 drivers
v0000025e948e35f0_0 .net *"_ivl_140", 7 0, L_0000025e9494fc80;  1 drivers
L_0000025e948f26a8 .functor BUFT 1, C4<01110011>, C4<0>, C4<0>, C4<0>;
v0000025e948e5170_0 .net/2u *"_ivl_142", 7 0, L_0000025e948f26a8;  1 drivers
v0000025e948e46d0_0 .net *"_ivl_144", 0 0, L_0000025e9494f820;  1 drivers
v0000025e948e3e10_0 .net *"_ivl_147", 0 0, L_0000025e9494dc20;  1 drivers
v0000025e948e5210_0 .net *"_ivl_149", 0 0, L_0000025e9494dd00;  1 drivers
L_0000025e948f26f0 .functor BUFT 1, C4<01>, C4<0>, C4<0>, C4<0>;
v0000025e948e3c30_0 .net/2s *"_ivl_150", 1 0, L_0000025e948f26f0;  1 drivers
v0000025e948e3cd0_0 .net *"_ivl_152", 7 0, L_0000025e9494f320;  1 drivers
L_0000025e948f2738 .functor BUFT 1, C4<01110100>, C4<0>, C4<0>, C4<0>;
v0000025e948e52b0_0 .net/2u *"_ivl_154", 7 0, L_0000025e948f2738;  1 drivers
v0000025e948e5030_0 .net *"_ivl_156", 0 0, L_0000025e9494eec0;  1 drivers
v0000025e948e4270_0 .net *"_ivl_159", 0 0, L_0000025e9494e010;  1 drivers
v0000025e948e3eb0_0 .net *"_ivl_160", 0 0, L_0000025e9494d590;  1 drivers
v0000025e948e3870_0 .net *"_ivl_163", 0 0, L_0000025e9494d130;  1 drivers
L_0000025e948f2780 .functor BUFT 1, C4<01>, C4<0>, C4<0>, C4<0>;
v0000025e948e4090_0 .net/2s *"_ivl_164", 1 0, L_0000025e948f2780;  1 drivers
v0000025e948e5710_0 .net *"_ivl_166", 7 0, L_0000025e94950900;  1 drivers
L_0000025e948f27c8 .functor BUFT 1, C4<01110101>, C4<0>, C4<0>, C4<0>;
v0000025e948e3d70_0 .net/2u *"_ivl_168", 7 0, L_0000025e948f27c8;  1 drivers
v0000025e948e39b0_0 .net *"_ivl_170", 0 0, L_0000025e94950a40;  1 drivers
v0000025e948e49f0_0 .net *"_ivl_173", 0 0, L_0000025e9494dde0;  1 drivers
v0000025e948e4590_0 .net *"_ivl_174", 0 0, L_0000025e9494d210;  1 drivers
v0000025e948e5850_0 .net *"_ivl_176", 0 0, L_0000025e9494d7c0;  1 drivers
v0000025e948e3690_0 .net *"_ivl_179", 0 0, L_0000025e9494d280;  1 drivers
L_0000025e948f2810 .functor BUFT 1, C4<01>, C4<0>, C4<0>, C4<0>;
v0000025e948e44f0_0 .net/2s *"_ivl_180", 1 0, L_0000025e948f2810;  1 drivers
v0000025e948e5670_0 .net *"_ivl_182", 7 0, L_0000025e94950400;  1 drivers
L_0000025e948f2858 .functor BUFT 1, C4<01110110>, C4<0>, C4<0>, C4<0>;
v0000025e948e5ad0_0 .net/2u *"_ivl_184", 7 0, L_0000025e948f2858;  1 drivers
v0000025e948e4a90_0 .net *"_ivl_186", 0 0, L_0000025e9494f1e0;  1 drivers
v0000025e948e50d0_0 .net *"_ivl_189", 0 0, L_0000025e9494d670;  1 drivers
v0000025e948e4450_0 .net *"_ivl_190", 0 0, L_0000025e9494d6e0;  1 drivers
v0000025e948e4630_0 .net *"_ivl_192", 0 0, L_0000025e9494d830;  1 drivers
v0000025e948e5350_0 .net *"_ivl_194", 0 0, L_0000025e9495b840;  1 drivers
v0000025e948e3f50_0 .net *"_ivl_196", 0 0, L_0000025e9495ae30;  1 drivers
v0000025e948e3ff0_0 .net *"_ivl_199", 0 0, L_0000025e9495b8b0;  1 drivers
L_0000025e948f2300 .functor BUFT 1, C4<01>, C4<0>, C4<0>, C4<0>;
v0000025e948e4130_0 .net/2s *"_ivl_2", 1 0, L_0000025e948f2300;  1 drivers
L_0000025e948f28a0 .functor BUFT 1, C4<01>, C4<0>, C4<0>, C4<0>;
v0000025e948e53f0_0 .net/2s *"_ivl_200", 1 0, L_0000025e948f28a0;  1 drivers
L_0000025e948f28e8 .functor BUFT 1, C4<00>, C4<0>, C4<0>, C4<0>;
v0000025e948e3a50_0 .net/2s *"_ivl_202", 1 0, L_0000025e948f28e8;  1 drivers
v0000025e948e41d0_0 .net *"_ivl_204", 1 0, L_0000025e9494ffa0;  1 drivers
v0000025e948e58f0_0 .net *"_ivl_206", 1 0, L_0000025e949504a0;  1 drivers
v0000025e948e4b30_0 .net *"_ivl_208", 1 0, L_0000025e9494f640;  1 drivers
v0000025e948e4db0_0 .net *"_ivl_210", 1 0, L_0000025e9494e740;  1 drivers
v0000025e948e4950_0 .net *"_ivl_212", 1 0, L_0000025e949500e0;  1 drivers
v0000025e948e5c10_0 .net *"_ivl_214", 1 0, L_0000025e9494f8c0;  1 drivers
v0000025e948e4e50_0 .net *"_ivl_216", 1 0, L_0000025e9494f500;  1 drivers
L_0000025e948f2930 .functor BUFT 1, C4<00000000>, C4<0>, C4<0>, C4<0>;
v0000025e948e3730_0 .net/2u *"_ivl_220", 7 0, L_0000025e948f2930;  1 drivers
L_0000025e948f2978 .functor BUFT 1, C4<0000000000000000>, C4<0>, C4<0>, C4<0>;
v0000025e948e4bd0_0 .net *"_ivl_249", 15 0, L_0000025e948f2978;  1 drivers
v0000025e948e34b0_0 .net *"_ivl_254", 7 0, L_0000025e94950c20;  1 drivers
L_0000025e948f29c0 .functor BUFT 1, C4<00010000>, C4<0>, C4<0>, C4<0>;
v0000025e948e57b0_0 .net/2u *"_ivl_256", 7 0, L_0000025e948f29c0;  1 drivers
v0000025e948e4ef0_0 .net *"_ivl_258", 0 0, L_0000025e9494fdc0;  1 drivers
L_0000025e948f2a08 .functor BUFT 1, C4<1111>, C4<0>, C4<0>, C4<0>;
v0000025e948e5530_0 .net/2u *"_ivl_260", 3 0, L_0000025e948f2a08;  1 drivers
v0000025e948e3af0_0 .net *"_ivl_264", 7 0, L_0000025e9494ec40;  1 drivers
L_0000025e948f2a50 .functor BUFT 1, C4<00100000>, C4<0>, C4<0>, C4<0>;
v0000025e948e3910_0 .net/2u *"_ivl_266", 7 0, L_0000025e948f2a50;  1 drivers
v0000025e948e55d0_0 .net *"_ivl_268", 0 0, L_0000025e9494e9c0;  1 drivers
L_0000025e948f2a98 .functor BUFT 1, C4<0000>, C4<0>, C4<0>, C4<0>;
v0000025e948e4310_0 .net/2u *"_ivl_270", 3 0, L_0000025e948f2a98;  1 drivers
v0000025e948e5490_0 .net *"_ivl_272", 7 0, L_0000025e9494f000;  1 drivers
L_0000025e948f2ae0 .functor BUFT 1, C4<00100001>, C4<0>, C4<0>, C4<0>;
v0000025e948e5990_0 .net/2u *"_ivl_274", 7 0, L_0000025e948f2ae0;  1 drivers
v0000025e948e5a30_0 .net *"_ivl_276", 0 0, L_0000025e9494f780;  1 drivers
L_0000025e948f2b28 .functor BUFT 1, C4<0001>, C4<0>, C4<0>, C4<0>;
v0000025e948e4770_0 .net/2u *"_ivl_278", 3 0, L_0000025e948f2b28;  1 drivers
v0000025e948e5b70_0 .net *"_ivl_280", 7 0, L_0000025e94950180;  1 drivers
L_0000025e948f2b70 .functor BUFT 1, C4<00100010>, C4<0>, C4<0>, C4<0>;
v0000025e948e4c70_0 .net/2u *"_ivl_282", 7 0, L_0000025e948f2b70;  1 drivers
v0000025e948e4d10_0 .net *"_ivl_284", 0 0, L_0000025e94950cc0;  1 drivers
L_0000025e948f2bb8 .functor BUFT 1, C4<0010>, C4<0>, C4<0>, C4<0>;
v0000025e948e3550_0 .net/2u *"_ivl_286", 3 0, L_0000025e948f2bb8;  1 drivers
v0000025e948e43b0_0 .net *"_ivl_288", 7 0, L_0000025e9494fe60;  1 drivers
L_0000025e948f2c00 .functor BUFT 1, C4<00100011>, C4<0>, C4<0>, C4<0>;
v0000025e948e3b90_0 .net/2u *"_ivl_290", 7 0, L_0000025e948f2c00;  1 drivers
v0000025e948e4810_0 .net *"_ivl_292", 0 0, L_0000025e9494e560;  1 drivers
L_0000025e948f2c48 .functor BUFT 1, C4<0011>, C4<0>, C4<0>, C4<0>;
v0000025e948e48b0_0 .net/2u *"_ivl_294", 3 0, L_0000025e948f2c48;  1 drivers
o0000025e948836a8 .functor BUFZ 4, C4<zzzz>; HiZ drive
; Elide local net with no drivers, v0000025e948e4f90_0 name=_ivl_296
v0000025e948e37d0_0 .net *"_ivl_298", 3 0, L_0000025e9494f960;  1 drivers
v0000025e948e7290_0 .net *"_ivl_300", 3 0, L_0000025e9494f3c0;  1 drivers
v0000025e948e6a70_0 .net *"_ivl_302", 3 0, L_0000025e9494f6e0;  1 drivers
v0000025e948e6110_0 .net *"_ivl_320", 31 0, L_0000025e9494e920;  1 drivers
L_0000025e948f2c90 .functor BUFT 1, C4<0000000000000000000000000000>, C4<0>, C4<0>, C4<0>;
v0000025e948e7330_0 .net *"_ivl_323", 27 0, L_0000025e948f2c90;  1 drivers
L_0000025e948f2cd8 .functor BUFT 1, C4<00000000000000000000000000000000>, C4<0>, C4<0>, C4<0>;
v0000025e948e6890_0 .net/2u *"_ivl_324", 31 0, L_0000025e948f2cd8;  1 drivers
v0000025e948e5cb0_0 .net *"_ivl_326", 0 0, L_0000025e9494f0a0;  1 drivers
v0000025e948e5df0_0 .net *"_ivl_328", 31 0, L_0000025e9494ea60;  1 drivers
L_0000025e948f2d20 .functor BUFT 1, C4<0000000000000000000000000000>, C4<0>, C4<0>, C4<0>;
v0000025e948e6e30_0 .net *"_ivl_331", 27 0, L_0000025e948f2d20;  1 drivers
L_0000025e948f2d68 .functor BUFT 1, C4<00000000000000000000000000000001>, C4<0>, C4<0>, C4<0>;
v0000025e948e66b0_0 .net/2u *"_ivl_332", 31 0, L_0000025e948f2d68;  1 drivers
v0000025e948e6250_0 .net *"_ivl_334", 0 0, L_0000025e9494eba0;  1 drivers
v0000025e948e62f0_0 .net *"_ivl_336", 31 0, L_0000025e9494ece0;  1 drivers
L_0000025e948f2db0 .functor BUFT 1, C4<0000000000000000000000000000>, C4<0>, C4<0>, C4<0>;
v0000025e948e6c50_0 .net *"_ivl_339", 27 0, L_0000025e948f2db0;  1 drivers
L_0000025e948f2df8 .functor BUFT 1, C4<00000000000000000000000000000010>, C4<0>, C4<0>, C4<0>;
v0000025e948e7010_0 .net/2u *"_ivl_340", 31 0, L_0000025e948f2df8;  1 drivers
v0000025e948e6930_0 .net *"_ivl_342", 0 0, L_0000025e94952520;  1 drivers
v0000025e948e5f30_0 .net *"_ivl_344", 31 0, L_0000025e94951b20;  1 drivers
L_0000025e948f2e40 .functor BUFT 1, C4<0000000000000000000000000000>, C4<0>, C4<0>, C4<0>;
v0000025e948e6b10_0 .net *"_ivl_347", 27 0, L_0000025e948f2e40;  1 drivers
L_0000025e948f2e88 .functor BUFT 1, C4<00000000000000000000000000000011>, C4<0>, C4<0>, C4<0>;
v0000025e948e6ed0_0 .net/2u *"_ivl_348", 31 0, L_0000025e948f2e88;  1 drivers
v0000025e948e69d0_0 .net *"_ivl_350", 0 0, L_0000025e94952700;  1 drivers
v0000025e948e6bb0_0 .net *"_ivl_352", 31 0, L_0000025e94950e00;  1 drivers
L_0000025e948f2ed0 .functor BUFT 1, C4<0000000000000000000000000000>, C4<0>, C4<0>, C4<0>;
v0000025e948e6cf0_0 .net *"_ivl_355", 27 0, L_0000025e948f2ed0;  1 drivers
L_0000025e948f2f18 .functor BUFT 1, C4<00000000000000000000000000000100>, C4<0>, C4<0>, C4<0>;
v0000025e948e5d50_0 .net/2u *"_ivl_356", 31 0, L_0000025e948f2f18;  1 drivers
v0000025e948e6d90_0 .net *"_ivl_358", 0 0, L_0000025e94951940;  1 drivers
v0000025e948e5fd0_0 .net *"_ivl_360", 31 0, L_0000025e94953380;  1 drivers
L_0000025e948f2f60 .functor BUFT 1, C4<0000000000000000000000000000>, C4<0>, C4<0>, C4<0>;
v0000025e948e6f70_0 .net *"_ivl_363", 27 0, L_0000025e948f2f60;  1 drivers
L_0000025e948f2fa8 .functor BUFT 1, C4<00000000000000000000000000000101>, C4<0>, C4<0>, C4<0>;
v0000025e948e6610_0 .net/2u *"_ivl_364", 31 0, L_0000025e948f2fa8;  1 drivers
v0000025e948e5e90_0 .net *"_ivl_366", 0 0, L_0000025e94952a20;  1 drivers
v0000025e948e70b0_0 .net *"_ivl_368", 31 0, L_0000025e949520c0;  1 drivers
L_0000025e948f2390 .functor BUFT 1, C4<00010010>, C4<0>, C4<0>, C4<0>;
v0000025e948e6070_0 .net/2u *"_ivl_37", 7 0, L_0000025e948f2390;  1 drivers
L_0000025e948f2ff0 .functor BUFT 1, C4<0000000000000000000000000000>, C4<0>, C4<0>, C4<0>;
v0000025e948e7150_0 .net *"_ivl_371", 27 0, L_0000025e948f2ff0;  1 drivers
L_0000025e948f3038 .functor BUFT 1, C4<00000000000000000000000000000110>, C4<0>, C4<0>, C4<0>;
v0000025e948e61b0_0 .net/2u *"_ivl_372", 31 0, L_0000025e948f3038;  1 drivers
v0000025e948e6750_0 .net *"_ivl_374", 0 0, L_0000025e94951300;  1 drivers
v0000025e948e71f0_0 .net *"_ivl_376", 31 0, L_0000025e949519e0;  1 drivers
L_0000025e948f3080 .functor BUFT 1, C4<0000000000000000000000000000>, C4<0>, C4<0>, C4<0>;
v0000025e948e6390_0 .net *"_ivl_379", 27 0, L_0000025e948f3080;  1 drivers
L_0000025e948f30c8 .functor BUFT 1, C4<00000000000000000000000000000111>, C4<0>, C4<0>, C4<0>;
v0000025e948e6430_0 .net/2u *"_ivl_380", 31 0, L_0000025e948f30c8;  1 drivers
v0000025e948e64d0_0 .net *"_ivl_382", 0 0, L_0000025e94953420;  1 drivers
o0000025e94883d98 .functor BUFZ 32, C4<zzzzzzzzzzzzzzzzzzzzzzzzzzzzzzzz>; HiZ drive
; Elide local net with no drivers, v0000025e948e6570_0 name=_ivl_384
v0000025e948e67f0_0 .net *"_ivl_386", 31 0, L_0000025e94952ac0;  1 drivers
v0000025e948e87c0_0 .net *"_ivl_388", 31 0, L_0000025e94952f20;  1 drivers
v0000025e948e8680_0 .net *"_ivl_390", 31 0, L_0000025e949522a0;  1 drivers
v0000025e948e8180_0 .net *"_ivl_392", 31 0, L_0000025e94951f80;  1 drivers
v0000025e948e9e40_0 .net *"_ivl_394", 31 0, L_0000025e94951da0;  1 drivers
v0000025e948e82c0_0 .net *"_ivl_396", 31 0, L_0000025e94952b60;  1 drivers
v0000025e948e9ee0_0 .net *"_ivl_398", 31 0, L_0000025e949528e0;  1 drivers
L_0000025e948f2348 .functor BUFT 1, C4<00>, C4<0>, C4<0>, C4<0>;
v0000025e948e9120_0 .net/2s *"_ivl_4", 1 0, L_0000025e948f2348;  1 drivers
v0000025e948e89a0_0 .net *"_ivl_40", 7 0, L_0000025e9494c330;  1 drivers
v0000025e948e9f80_0 .net *"_ivl_41", 7 0, L_0000025e9494c3d0;  1 drivers
L_0000025e948f23d8 .functor BUFT 1, C4<00000000>, C4<0>, C4<0>, C4<0>;
v0000025e948ea660_0 .net/2u *"_ivl_46", 7 0, L_0000025e948f23d8;  1 drivers
v0000025e948e8f40_0 .net *"_ivl_49", 7 0, L_0000025e9494cf10;  1 drivers
v0000025e948ea020_0 .net *"_ivl_50", 7 0, L_0000025e9494cb50;  1 drivers
v0000025e948e9b20_0 .net *"_ivl_54", 0 0, L_0000025e9494cc90;  1 drivers
v0000025e948e94e0_0 .net *"_ivl_56", 0 0, L_0000025e9494c970;  1 drivers
v0000025e948ea0c0_0 .net *"_ivl_58", 0 0, L_0000025e9494ce70;  1 drivers
v0000025e948e9800_0 .net *"_ivl_6", 1 0, L_0000025e9494bbb0;  1 drivers
v0000025e948e96c0_0 .net *"_ivl_60", 0 0, L_0000025e9494faa0;  1 drivers
v0000025e948e9a80_0 .net *"_ivl_62", 31 0, L_0000025e94950540;  1 drivers
v0000025e948e8360_0 .net *"_ivl_64", 31 0, L_0000025e9494f5a0;  1 drivers
v0000025e948ea160_0 .net *"_ivl_66", 31 0, L_0000025e949502c0;  1 drivers
v0000025e948e8220_0 .net *"_ivl_70", 0 0, L_0000025e9494f140;  1 drivers
v0000025e948e84a0_0 .net *"_ivl_72", 0 0, L_0000025e949507c0;  1 drivers
v0000025e948e93a0_0 .net *"_ivl_74", 0 0, L_0000025e9494ed80;  1 drivers
v0000025e948e8e00_0 .net *"_ivl_76", 0 0, L_0000025e9494ee20;  1 drivers
v0000025e948e8720_0 .net *"_ivl_78", 31 0, L_0000025e949509a0;  1 drivers
v0000025e948e9da0_0 .net *"_ivl_80", 31 0, L_0000025e9494fa00;  1 drivers
v0000025e948ea200_0 .net *"_ivl_82", 31 0, L_0000025e9494e6a0;  1 drivers
v0000025e948e9440_0 .net *"_ivl_86", 7 0, L_0000025e9494fb40;  1 drivers
L_0000025e948f2420 .functor BUFT 1, C4<00010001>, C4<0>, C4<0>, C4<0>;
v0000025e948e8400_0 .net/2u *"_ivl_88", 7 0, L_0000025e948f2420;  1 drivers
v0000025e948ea2a0_0 .net *"_ivl_90", 0 0, L_0000025e9494fbe0;  1 drivers
L_0000025e948f2468 .functor BUFT 1, C4<01>, C4<0>, C4<0>, C4<0>;
v0000025e948ea340_0 .net/2s *"_ivl_92", 1 0, L_0000025e948f2468;  1 drivers
L_0000025e948f24b0 .functor BUFT 1, C4<00>, C4<0>, C4<0>, C4<0>;
v0000025e948e8a40_0 .net/2s *"_ivl_94", 1 0, L_0000025e948f24b0;  1 drivers
v0000025e948e91c0_0 .net *"_ivl_96", 1 0, L_0000025e949505e0;  1 drivers
v0000025e948e8ae0_0 .net "addr", 31 0, v0000025e948eaa20_0;  1 drivers
v0000025e948e9760_0 .net "cc", 2 0, L_0000025e949496d0;  alias, 1 drivers
v0000025e948ea3e0_0 .net "clock", 0 0, v0000025e948eb920_0;  1 drivers
v0000025e948e9580_0 .net "d_halt", 0 0, L_0000025e9494ff00;  1 drivers
v0000025e948e9c60_0 .net "d_icode", 3 0, L_0000025e9494bf70;  1 drivers
v0000025e948e8cc0_0 .net "d_ifun", 3 0, L_0000025e9494c290;  1 drivers
v0000025e948e8d60_0 .net "d_jflg", 0 0, L_0000025e94950ae0;  1 drivers
v0000025e948e8ea0_0 .net "d_jpc", 31 0, L_0000025e9494fd20;  1 drivers
v0000025e948e8b80_0 .net "d_rA", 3 0, L_0000025e9494c790;  1 drivers
v0000025e948e8900_0 .net "d_rB", 3 0, L_0000025e9494cbf0;  1 drivers
v0000025e948e9620_0 .net "d_valA", 31 0, L_0000025e9494ef60;  1 drivers
v0000025e948e98a0_0 .net "d_valA_reg", 31 0, L_0000025e94949bd0;  1 drivers
v0000025e948ea480_0 .net "d_valB", 31 0, L_0000025e94950040;  1 drivers
v0000025e948e9940_0 .net "d_valB_reg", 31 0, L_0000025e94949130;  1 drivers
v0000025e948e9bc0_0 .net "d_valC", 15 0, L_0000025e9494c830;  1 drivers
v0000025e948e99e0_0 .net "e_OF", 0 0, L_0000025e9494e880;  1 drivers
v0000025e948ea520_0 .net "e_SF", 0 0, L_0000025e9494e7e0;  1 drivers
v0000025e948e9d00_0 .net "e_ZF", 0 0, L_0000025e9494e600;  1 drivers
v0000025e948ea5c0_0 .net "e_alufun", 3 0, L_0000025e9494f280;  1 drivers
v0000025e948ea700_0 .net "e_dstE", 3 0, v0000025e948e19d0_0;  1 drivers
v0000025e948ea7a0_0 .net "e_dstM", 3 0, L_0000025e9494eb00;  1 drivers
v0000025e948e8860_0 .net "e_halt", 0 0, L_0000025e9495b3e0;  1 drivers
v0000025e948e8c20_0 .var "e_reg_rst", 0 0;
v0000025e948ea840_0 .net "e_valA", 31 0, v0000025e948e1f70_0;  1 drivers
v0000025e948e8fe0_0 .net "e_valB", 31 0, v0000025e948e23d0_0;  1 drivers
v0000025e948e80e0_0 .net "e_valE", 31 0, L_0000025e94949770;  1 drivers
v0000025e948e85e0_0 .net "e_valM", 31 0, L_0000025e94950b80;  1 drivers
v0000025e948e9080_0 .net "f_addr", 31 0, L_0000025e9494c1f0;  1 drivers
v0000025e948e8540_0 .net "f_rd", 0 0, L_0000025e9494be30;  1 drivers
v0000025e948e9260_0 .net "f_rdata", 31 0, v0000025e948dea10_0;  1 drivers
v0000025e948e9300_0 .net "r0", 31 0, v0000025e948df8b0_0;  alias, 1 drivers
v0000025e948eb7e0_0 .net "r1", 31 0, v0000025e948dfd10_0;  alias, 1 drivers
v0000025e948eaf20_0 .net "r2", 31 0, v0000025e948e0210_0;  alias, 1 drivers
v0000025e948eb380_0 .net "r3", 31 0, v0000025e948e0530_0;  alias, 1 drivers
v0000025e948eb560_0 .net "r4", 31 0, v0000025e948dfe50_0;  alias, 1 drivers
v0000025e948eaca0_0 .net "r5", 31 0, v0000025e948e05d0_0;  alias, 1 drivers
v0000025e948eade0_0 .net "r6", 31 0, v0000025e948e08f0_0;  alias, 1 drivers
v0000025e948eb420_0 .net "r7", 31 0, v0000025e948e0670_0;  alias, 1 drivers
v0000025e948eba60_0 .net "rID", 3 0, v0000025e948eb740_0;  1 drivers
v0000025e948ebba0_0 .net "rdata", 31 0, L_0000025e94953100;  alias, 1 drivers
v0000025e948ead40_0 .net "valE", 31 0, L_0000025e9495bca0;  alias, 1 drivers
v0000025e948eab60_0 .net "w_dstE", 3 0, v0000025e948e28d0_0;  1 drivers
v0000025e948ebc40_0 .net "w_dstM", 3 0, v0000025e948e2b50_0;  1 drivers
v0000025e948eb880_0 .net "w_valE", 31 0, v0000025e948e1930_0;  1 drivers
v0000025e948eb4c0_0 .net "w_valM", 31 0, v0000025e948e1e30_0;  1 drivers
v0000025e948eae80_0 .net "wdata", 31 0, v0000025e948eb1a0_0;  1 drivers
v0000025e948eafc0_0 .net "working", 0 0, v0000025e948eac00_0;  1 drivers
v0000025e948ebec0_0 .net "wr", 0 0, v0000025e948ebb00_0;  1 drivers
L_0000025e9494c1f0 .functor MUXZ 32, v0000025e948eaa20_0, v0000025e948e1d90_0, v0000025e948eac00_0, C4<>;
L_0000025e9494bbb0 .functor MUXZ 2, L_0000025e948f2348, L_0000025e948f2300, v0000025e948eac00_0, C4<>;
L_0000025e9494be30 .part L_0000025e9494bbb0, 0, 1;
L_0000025e9494bf70 .part L_0000025e9494c3d0, 4, 4;
L_0000025e9494c290 .part L_0000025e9494c3d0, 0, 4;
L_0000025e9494c330 .part L_0000025e9494de50, 24, 8;
L_0000025e9494c3d0 .functor MUXZ 8, L_0000025e9494c330, L_0000025e948f2390, v0000025e948e2510_0, C4<>;
L_0000025e9494c790 .part L_0000025e9494cb50, 4, 4;
L_0000025e9494cbf0 .part L_0000025e9494cb50, 0, 4;
L_0000025e9494cf10 .part L_0000025e9494de50, 16, 8;
L_0000025e9494cb50 .functor MUXZ 8, L_0000025e9494cf10, L_0000025e948f23d8, v0000025e948e2510_0, C4<>;
L_0000025e9494c830 .part L_0000025e9494de50, 0, 16;
L_0000025e9494cc90 .cmp/eq 4, v0000025e948e19d0_0, L_0000025e9494c790;
L_0000025e9494c970 .cmp/eq 4, L_0000025e9494eb00, L_0000025e9494c790;
L_0000025e9494ce70 .cmp/eq 4, v0000025e948e28d0_0, L_0000025e9494c790;
L_0000025e9494faa0 .cmp/eq 4, v0000025e948e2b50_0, L_0000025e9494c790;
L_0000025e94950540 .functor MUXZ 32, L_0000025e94949bd0, v0000025e948e1e30_0, L_0000025e9494faa0, C4<>;
L_0000025e9494f5a0 .functor MUXZ 32, L_0000025e94950540, v0000025e948e1930_0, L_0000025e9494ce70, C4<>;
L_0000025e949502c0 .functor MUXZ 32, L_0000025e9494f5a0, L_0000025e94950b80, L_0000025e9494c970, C4<>;
L_0000025e9494ef60 .functor MUXZ 32, L_0000025e949502c0, L_0000025e94949770, L_0000025e9494cc90, C4<>;
L_0000025e9494f140 .cmp/eq 4, v0000025e948e19d0_0, L_0000025e9494cbf0;
L_0000025e949507c0 .cmp/eq 4, L_0000025e9494eb00, L_0000025e9494cbf0;
L_0000025e9494ed80 .cmp/eq 4, v0000025e948e28d0_0, L_0000025e9494cbf0;
L_0000025e9494ee20 .cmp/eq 4, v0000025e948e2b50_0, L_0000025e9494cbf0;
L_0000025e949509a0 .functor MUXZ 32, L_0000025e94949130, v0000025e948e1e30_0, L_0000025e9494ee20, C4<>;
L_0000025e9494fa00 .functor MUXZ 32, L_0000025e949509a0, v0000025e948e1930_0, L_0000025e9494ed80, C4<>;
L_0000025e9494e6a0 .functor MUXZ 32, L_0000025e9494fa00, L_0000025e94950b80, L_0000025e949507c0, C4<>;
L_0000025e94950040 .functor MUXZ 32, L_0000025e9494e6a0, L_0000025e94949770, L_0000025e9494f140, C4<>;
L_0000025e9494fb40 .concat [ 4 4 0 0], L_0000025e9494c290, L_0000025e9494bf70;
L_0000025e9494fbe0 .cmp/eq 8, L_0000025e9494fb40, L_0000025e948f2420;
L_0000025e949505e0 .functor MUXZ 2, L_0000025e948f24b0, L_0000025e948f2468, L_0000025e9494fbe0, C4<>;
L_0000025e9494ff00 .part L_0000025e949505e0, 0, 1;
L_0000025e94950680 .concat [ 4 4 0 0], L_0000025e9494c290, L_0000025e9494bf70;
L_0000025e94950860 .cmp/eq 8, L_0000025e94950680, L_0000025e948f24f8;
L_0000025e9494f460 .concat [ 4 4 0 0], L_0000025e9494c290, L_0000025e9494bf70;
L_0000025e94950220 .cmp/eq 8, L_0000025e9494f460, L_0000025e948f2588;
L_0000025e94950720 .concat [ 4 4 0 0], L_0000025e9494c290, L_0000025e9494bf70;
L_0000025e94950360 .cmp/eq 8, L_0000025e94950720, L_0000025e948f2618;
L_0000025e9494fc80 .concat [ 4 4 0 0], L_0000025e9494c290, L_0000025e9494bf70;
L_0000025e9494f820 .cmp/eq 8, L_0000025e9494fc80, L_0000025e948f26a8;
L_0000025e9494f320 .concat [ 4 4 0 0], L_0000025e9494c290, L_0000025e9494bf70;
L_0000025e9494eec0 .cmp/eq 8, L_0000025e9494f320, L_0000025e948f2738;
L_0000025e94950900 .concat [ 4 4 0 0], L_0000025e9494c290, L_0000025e9494bf70;
L_0000025e94950a40 .cmp/eq 8, L_0000025e94950900, L_0000025e948f27c8;
L_0000025e94950400 .concat [ 4 4 0 0], L_0000025e9494c290, L_0000025e9494bf70;
L_0000025e9494f1e0 .cmp/eq 8, L_0000025e94950400, L_0000025e948f2858;
L_0000025e9494ffa0 .functor MUXZ 2, L_0000025e948f28e8, L_0000025e948f28a0, L_0000025e9495b8b0, C4<>;
L_0000025e949504a0 .functor MUXZ 2, L_0000025e9494ffa0, L_0000025e948f2810, L_0000025e9494d280, C4<>;
L_0000025e9494f640 .functor MUXZ 2, L_0000025e949504a0, L_0000025e948f2780, L_0000025e9494d130, C4<>;
L_0000025e9494e740 .functor MUXZ 2, L_0000025e9494f640, L_0000025e948f26f0, L_0000025e9494dd00, C4<>;
L_0000025e949500e0 .functor MUXZ 2, L_0000025e9494e740, L_0000025e948f2660, L_0000025e9494dbb0, C4<>;
L_0000025e9494f8c0 .functor MUXZ 2, L_0000025e949500e0, L_0000025e948f25d0, L_0000025e9494dc90, C4<>;
L_0000025e9494f500 .functor MUXZ 2, L_0000025e9494f8c0, L_0000025e948f2540, L_0000025e9494df30, C4<>;
L_0000025e94950ae0 .part L_0000025e9494f500, 0, 1;
L_0000025e9494fd20 .concat [ 16 4 4 8], L_0000025e9494c830, L_0000025e9494cbf0, L_0000025e9494c790, L_0000025e948f2930;
L_0000025e94950b80 .concat [ 16 16 0 0], v0000025e948e2e70_0, L_0000025e948f2978;
L_0000025e94950c20 .concat [ 4 4 0 0], v0000025e948e1ed0_0, v0000025e948e2a10_0;
L_0000025e9494fdc0 .cmp/eq 8, L_0000025e94950c20, L_0000025e948f29c0;
L_0000025e9494eb00 .functor MUXZ 4, L_0000025e948f2a08, v0000025e948e2330_0, L_0000025e9494fdc0, C4<>;
L_0000025e9494ec40 .concat [ 4 4 0 0], v0000025e948e1ed0_0, v0000025e948e2a10_0;
L_0000025e9494e9c0 .cmp/eq 8, L_0000025e9494ec40, L_0000025e948f2a50;
L_0000025e9494f000 .concat [ 4 4 0 0], v0000025e948e1ed0_0, v0000025e948e2a10_0;
L_0000025e9494f780 .cmp/eq 8, L_0000025e9494f000, L_0000025e948f2ae0;
L_0000025e94950180 .concat [ 4 4 0 0], v0000025e948e1ed0_0, v0000025e948e2a10_0;
L_0000025e94950cc0 .cmp/eq 8, L_0000025e94950180, L_0000025e948f2b70;
L_0000025e9494fe60 .concat [ 4 4 0 0], v0000025e948e1ed0_0, v0000025e948e2a10_0;
L_0000025e9494e560 .cmp/eq 8, L_0000025e9494fe60, L_0000025e948f2c00;
L_0000025e9494f960 .functor MUXZ 4, o0000025e948836a8, L_0000025e948f2c48, L_0000025e9494e560, C4<>;
L_0000025e9494f3c0 .functor MUXZ 4, L_0000025e9494f960, L_0000025e948f2bb8, L_0000025e94950cc0, C4<>;
L_0000025e9494f6e0 .functor MUXZ 4, L_0000025e9494f3c0, L_0000025e948f2b28, L_0000025e9494f780, C4<>;
L_0000025e9494f280 .functor MUXZ 4, L_0000025e9494f6e0, L_0000025e948f2a98, L_0000025e9494e9c0, C4<>;
L_0000025e9494e600 .part L_0000025e949496d0, 2, 1;
L_0000025e9494e7e0 .part L_0000025e949496d0, 1, 1;
L_0000025e9494e880 .part L_0000025e949496d0, 0, 1;
L_0000025e9494e920 .concat [ 4 28 0 0], v0000025e948eb740_0, L_0000025e948f2c90;
L_0000025e9494f0a0 .cmp/eq 32, L_0000025e9494e920, L_0000025e948f2cd8;
L_0000025e9494ea60 .concat [ 4 28 0 0], v0000025e948eb740_0, L_0000025e948f2d20;
L_0000025e9494eba0 .cmp/eq 32, L_0000025e9494ea60, L_0000025e948f2d68;
L_0000025e9494ece0 .concat [ 4 28 0 0], v0000025e948eb740_0, L_0000025e948f2db0;
L_0000025e94952520 .cmp/eq 32, L_0000025e9494ece0, L_0000025e948f2df8;
L_0000025e94951b20 .concat [ 4 28 0 0], v0000025e948eb740_0, L_0000025e948f2e40;
L_0000025e94952700 .cmp/eq 32, L_0000025e94951b20, L_0000025e948f2e88;
L_0000025e94950e00 .concat [ 4 28 0 0], v0000025e948eb740_0, L_0000025e948f2ed0;
L_0000025e94951940 .cmp/eq 32, L_0000025e94950e00, L_0000025e948f2f18;
L_0000025e94953380 .concat [ 4 28 0 0], v0000025e948eb740_0, L_0000025e948f2f60;
L_0000025e94952a20 .cmp/eq 32, L_0000025e94953380, L_0000025e948f2fa8;
L_0000025e949520c0 .concat [ 4 28 0 0], v0000025e948eb740_0, L_0000025e948f2ff0;
L_0000025e94951300 .cmp/eq 32, L_0000025e949520c0, L_0000025e948f3038;
L_0000025e949519e0 .concat [ 4 28 0 0], v0000025e948eb740_0, L_0000025e948f3080;
L_0000025e94953420 .cmp/eq 32, L_0000025e949519e0, L_0000025e948f30c8;
L_0000025e94952ac0 .functor MUXZ 32, o0000025e94883d98, v0000025e948e0670_0, L_0000025e94953420, C4<>;
L_0000025e94952f20 .functor MUXZ 32, L_0000025e94952ac0, v0000025e948e08f0_0, L_0000025e94951300, C4<>;
L_0000025e949522a0 .functor MUXZ 32, L_0000025e94952f20, v0000025e948e05d0_0, L_0000025e94952a20, C4<>;
L_0000025e94951f80 .functor MUXZ 32, L_0000025e949522a0, v0000025e948dfe50_0, L_0000025e94951940, C4<>;
L_0000025e94951da0 .functor MUXZ 32, L_0000025e94951f80, v0000025e948e0530_0, L_0000025e94952700, C4<>;
L_0000025e94952b60 .functor MUXZ 32, L_0000025e94951da0, v0000025e948e0210_0, L_0000025e94952520, C4<>;
L_0000025e949528e0 .functor MUXZ 32, L_0000025e94952b60, v0000025e948dfd10_0, L_0000025e9494eba0, C4<>;
L_0000025e94953100 .functor MUXZ 32, L_0000025e949528e0, v0000025e948df8b0_0, L_0000025e9494f0a0, C4<>;
S_0000025e947dbb80 .scope module, "alu" "alu" 3 79, 4 2 0, S_0000025e947db9f0;
 .timescale -9 -11;
    .port_info 0 /INPUT 32 "aluA";
    .port_info 1 /INPUT 32 "aluB";
    .port_info 2 /INPUT 4 "alufun";
    .port_info 3 /OUTPUT 32 "valE";
    .port_info 4 /OUTPUT 3 "cc";
L_0000025e9484aed0 .functor BUFZ 32, v0000025e948e1f70_0, C4<00000000000000000000000000000000>, C4<00000000000000000000000000000000>, C4<00000000000000000000000000000000>;
L_0000025e9484afb0 .functor BUFZ 32, v0000025e948e23d0_0, C4<00000000000000000000000000000000>, C4<00000000000000000000000000000000>, C4<00000000000000000000000000000000>;
L_0000025e9484b100 .functor BUFZ 32, L_0000025e94949770, C4<00000000000000000000000000000000>, C4<00000000000000000000000000000000>, C4<00000000000000000000000000000000>;
L_0000025e9484b250 .functor AND 32, v0000025e948e1f70_0, v0000025e948e23d0_0, C4<11111111111111111111111111111111>, C4<11111111111111111111111111111111>;
L_0000025e9484b2c0 .functor NOT 32, v0000025e948e1f70_0, C4<00000000000000000000000000000000>, C4<00000000000000000000000000000000>, C4<00000000000000000000000000000000>;
L_0000025e9494d360 .functor AND 32, L_0000025e9484b2c0, v0000025e948e23d0_0, C4<11111111111111111111111111111111>, C4<11111111111111111111111111111111>;
L_0000025e9494d3d0 .functor NOT 32, v0000025e948e23d0_0, C4<00000000000000000000000000000000>, C4<00000000000000000000000000000000>, C4<00000000000000000000000000000000>;
L_0000025e9494d1a0 .functor AND 32, v0000025e948e1f70_0, L_0000025e9494d3d0, C4<11111111111111111111111111111111>, C4<11111111111111111111111111111111>;
L_0000025e9494dd70 .functor OR 32, L_0000025e9494d360, L_0000025e9494d1a0, C4<00000000000000000000000000000000>, C4<00000000000000000000000000000000>;
L_0000025e9494dad0 .functor AND 1, L_0000025e9494c650, L_0000025e9494c470, C4<1>, C4<1>;
L_0000025e9494d440 .functor AND 1, L_0000025e9494dad0, L_0000025e9494bed0, C4<1>, C4<1>;
L_0000025e9494dec0 .functor AND 1, L_0000025e9494bc50, L_0000025e9494c150, C4<1>, C4<1>;
L_0000025e9494d4b0 .functor AND 1, L_0000025e9494dec0, L_0000025e9494cd30, C4<1>, C4<1>;
L_0000025e9494d2f0 .functor OR 1, L_0000025e9494d440, L_0000025e9494d4b0, C4<0>, C4<0>;
L_0000025e9494d980 .functor AND 1, L_0000025e9494b9d0, L_0000025e9494ca10, C4<1>, C4<1>;
L_0000025e9494d910 .functor AND 1, L_0000025e9494d980, L_0000025e9494c0b0, C4<1>, C4<1>;
L_0000025e9494d600 .functor AND 1, L_0000025e9494bcf0, L_0000025e9494ba70, C4<1>, C4<1>;
L_0000025e9494d520 .functor AND 1, L_0000025e9494d600, L_0000025e9494cab0, C4<1>, C4<1>;
L_0000025e9494d9f0 .functor OR 1, L_0000025e9494d910, L_0000025e9494d520, C4<0>, C4<0>;
v0000025e94862b50_0 .net/s "A", 31 0, L_0000025e9484aed0;  1 drivers
v0000025e948623d0_0 .net/s "B", 31 0, L_0000025e9484afb0;  1 drivers
v0000025e94861610_0 .net/s "E", 31 0, L_0000025e9484b100;  1 drivers
v0000025e94862470_0 .net "OF", 0 0, L_0000025e9494bd90;  1 drivers
v0000025e94862bf0_0 .net "SF", 0 0, L_0000025e9494b930;  1 drivers
v0000025e948625b0_0 .net "ZF", 0 0, L_0000025e94949950;  1 drivers
L_0000025e948f1e80 .functor BUFT 1, C4<00000000000000000000000000000000>, C4<0>, C4<0>, C4<0>;
v0000025e94861390_0 .net/2s *"_ivl_100", 31 0, L_0000025e948f1e80;  1 drivers
v0000025e94861cf0_0 .net *"_ivl_102", 0 0, L_0000025e9494c650;  1 drivers
L_0000025e948f1ec8 .functor BUFT 1, C4<00000000000000000000000000000000>, C4<0>, C4<0>, C4<0>;
v0000025e94862650_0 .net/2s *"_ivl_104", 31 0, L_0000025e948f1ec8;  1 drivers
v0000025e94862970_0 .net *"_ivl_106", 0 0, L_0000025e9494c470;  1 drivers
v0000025e94862ab0_0 .net *"_ivl_109", 0 0, L_0000025e9494dad0;  1 drivers
L_0000025e948f19b8 .functor BUFT 1, C4<0000000000000000000000000000>, C4<0>, C4<0>, C4<0>;
v0000025e94861890_0 .net *"_ivl_11", 27 0, L_0000025e948f19b8;  1 drivers
L_0000025e948f1f10 .functor BUFT 1, C4<00000000000000000000000000000000>, C4<0>, C4<0>, C4<0>;
v0000025e94862c90_0 .net/2s *"_ivl_110", 31 0, L_0000025e948f1f10;  1 drivers
v0000025e94862d30_0 .net *"_ivl_112", 0 0, L_0000025e9494bed0;  1 drivers
v0000025e94862dd0_0 .net *"_ivl_115", 0 0, L_0000025e9494d440;  1 drivers
L_0000025e948f1f58 .functor BUFT 1, C4<00000000000000000000000000000000>, C4<0>, C4<0>, C4<0>;
v0000025e94862e70_0 .net/2s *"_ivl_116", 31 0, L_0000025e948f1f58;  1 drivers
v0000025e94862f10_0 .net *"_ivl_118", 0 0, L_0000025e9494bc50;  1 drivers
L_0000025e948f1a00 .functor BUFT 1, C4<00000000000000000000000000000000>, C4<0>, C4<0>, C4<0>;
v0000025e94861570_0 .net/2u *"_ivl_12", 31 0, L_0000025e948f1a00;  1 drivers
L_0000025e948f1fa0 .functor BUFT 1, C4<00000000000000000000000000000000>, C4<0>, C4<0>, C4<0>;
v0000025e948611b0_0 .net/2s *"_ivl_120", 31 0, L_0000025e948f1fa0;  1 drivers
v0000025e94861430_0 .net *"_ivl_122", 0 0, L_0000025e9494c150;  1 drivers
v0000025e94847d10_0 .net *"_ivl_125", 0 0, L_0000025e9494dec0;  1 drivers
L_0000025e948f1fe8 .functor BUFT 1, C4<00000000000000000000000000000000>, C4<0>, C4<0>, C4<0>;
v0000025e94847db0_0 .net/2s *"_ivl_126", 31 0, L_0000025e948f1fe8;  1 drivers
v0000025e94848a30_0 .net *"_ivl_128", 0 0, L_0000025e9494cd30;  1 drivers
v0000025e94848170_0 .net *"_ivl_131", 0 0, L_0000025e9494d4b0;  1 drivers
v0000025e94848ad0_0 .net *"_ivl_133", 0 0, L_0000025e9494d2f0;  1 drivers
L_0000025e948f2030 .functor BUFT 1, C4<01>, C4<0>, C4<0>, C4<0>;
v0000025e94847270_0 .net/2s *"_ivl_134", 1 0, L_0000025e948f2030;  1 drivers
L_0000025e948f2078 .functor BUFT 1, C4<00>, C4<0>, C4<0>, C4<0>;
v0000025e94848b70_0 .net/2s *"_ivl_136", 1 0, L_0000025e948f2078;  1 drivers
v0000025e94847310_0 .net *"_ivl_138", 1 0, L_0000025e9494c510;  1 drivers
v0000025e94847810_0 .net *"_ivl_14", 0 0, L_0000025e9494ad50;  1 drivers
L_0000025e948f20c0 .functor BUFT 1, C4<00000000000000000000000000000000>, C4<0>, C4<0>, C4<0>;
v0000025e94837080_0 .net/2s *"_ivl_140", 31 0, L_0000025e948f20c0;  1 drivers
v0000025e948374e0_0 .net *"_ivl_142", 0 0, L_0000025e9494b9d0;  1 drivers
L_0000025e948f2108 .functor BUFT 1, C4<00000000000000000000000000000000>, C4<0>, C4<0>, C4<0>;
v0000025e94838020_0 .net/2s *"_ivl_144", 31 0, L_0000025e948f2108;  1 drivers
v0000025e948380c0_0 .net *"_ivl_146", 0 0, L_0000025e9494ca10;  1 drivers
v0000025e94838200_0 .net *"_ivl_149", 0 0, L_0000025e9494d980;  1 drivers
L_0000025e948f2150 .functor BUFT 1, C4<00000000000000000000000000000000>, C4<0>, C4<0>, C4<0>;
v0000025e948382a0_0 .net/2s *"_ivl_150", 31 0, L_0000025e948f2150;  1 drivers
v0000025e94838340_0 .net *"_ivl_152", 0 0, L_0000025e9494c0b0;  1 drivers
v0000025e94825010_0 .net *"_ivl_155", 0 0, L_0000025e9494d910;  1 drivers
L_0000025e948f2198 .functor BUFT 1, C4<00000000000000000000000000000000>, C4<0>, C4<0>, C4<0>;
v0000025e948250b0_0 .net/2s *"_ivl_156", 31 0, L_0000025e948f2198;  1 drivers
v0000025e94825150_0 .net *"_ivl_158", 0 0, L_0000025e9494bcf0;  1 drivers
v0000025e94825650_0 .net *"_ivl_16", 31 0, L_0000025e9494a490;  1 drivers
L_0000025e948f21e0 .functor BUFT 1, C4<00000000000000000000000000000000>, C4<0>, C4<0>, C4<0>;
v0000025e947d77f0_0 .net/2s *"_ivl_160", 31 0, L_0000025e948f21e0;  1 drivers
v0000025e947d8650_0 .net *"_ivl_162", 0 0, L_0000025e9494ba70;  1 drivers
v0000025e9480a300_0 .net *"_ivl_165", 0 0, L_0000025e9494d600;  1 drivers
L_0000025e948f2228 .functor BUFT 1, C4<00000000000000000000000000000000>, C4<0>, C4<0>, C4<0>;
v0000025e9480b3e0_0 .net/2s *"_ivl_166", 31 0, L_0000025e948f2228;  1 drivers
v0000025e948dc960_0 .net *"_ivl_168", 0 0, L_0000025e9494cab0;  1 drivers
v0000025e948dc320_0 .net *"_ivl_171", 0 0, L_0000025e9494d520;  1 drivers
v0000025e948dbce0_0 .net *"_ivl_173", 0 0, L_0000025e9494d9f0;  1 drivers
L_0000025e948f2270 .functor BUFT 1, C4<01>, C4<0>, C4<0>, C4<0>;
v0000025e948dcf00_0 .net/2s *"_ivl_174", 1 0, L_0000025e948f2270;  1 drivers
L_0000025e948f22b8 .functor BUFT 1, C4<00>, C4<0>, C4<0>, C4<0>;
v0000025e948dc3c0_0 .net/2s *"_ivl_176", 1 0, L_0000025e948f22b8;  1 drivers
v0000025e948db1a0_0 .net *"_ivl_178", 1 0, L_0000025e9494cdd0;  1 drivers
v0000025e948dc1e0_0 .net *"_ivl_18", 31 0, L_0000025e94949310;  1 drivers
v0000025e948db060_0 .net *"_ivl_180", 1 0, L_0000025e9494bb10;  1 drivers
L_0000025e948f1a48 .functor BUFT 1, C4<0000000000000000000000000000>, C4<0>, C4<0>, C4<0>;
v0000025e948dcbe0_0 .net *"_ivl_21", 27 0, L_0000025e948f1a48;  1 drivers
L_0000025e948f1a90 .functor BUFT 1, C4<00000000000000000000000000000001>, C4<0>, C4<0>, C4<0>;
v0000025e948dc460_0 .net/2u *"_ivl_22", 31 0, L_0000025e948f1a90;  1 drivers
v0000025e948dc280_0 .net *"_ivl_24", 0 0, L_0000025e94949450;  1 drivers
v0000025e948db600_0 .net *"_ivl_26", 31 0, L_0000025e9494a5d0;  1 drivers
v0000025e948db420_0 .net *"_ivl_28", 31 0, L_0000025e94949c70;  1 drivers
L_0000025e948f1ad8 .functor BUFT 1, C4<0000000000000000000000000000>, C4<0>, C4<0>, C4<0>;
v0000025e948dca00_0 .net *"_ivl_31", 27 0, L_0000025e948f1ad8;  1 drivers
L_0000025e948f1b20 .functor BUFT 1, C4<00000000000000000000000000000010>, C4<0>, C4<0>, C4<0>;
v0000025e948dc5a0_0 .net/2u *"_ivl_32", 31 0, L_0000025e948f1b20;  1 drivers
v0000025e948dbf60_0 .net *"_ivl_34", 0 0, L_0000025e9494a210;  1 drivers
v0000025e948dcc80_0 .net *"_ivl_36", 31 0, L_0000025e9484b250;  1 drivers
v0000025e948dc640_0 .net *"_ivl_38", 31 0, L_0000025e9494a530;  1 drivers
L_0000025e948f1b68 .functor BUFT 1, C4<0000000000000000000000000000>, C4<0>, C4<0>, C4<0>;
v0000025e948db100_0 .net *"_ivl_41", 27 0, L_0000025e948f1b68;  1 drivers
L_0000025e948f1bb0 .functor BUFT 1, C4<00000000000000000000000000000011>, C4<0>, C4<0>, C4<0>;
v0000025e948db240_0 .net/2u *"_ivl_42", 31 0, L_0000025e948f1bb0;  1 drivers
v0000025e948dc140_0 .net *"_ivl_44", 0 0, L_0000025e949494f0;  1 drivers
v0000025e948dc500_0 .net *"_ivl_46", 31 0, L_0000025e9484b2c0;  1 drivers
v0000025e948dc6e0_0 .net *"_ivl_48", 31 0, L_0000025e9494d360;  1 drivers
v0000025e948dce60_0 .net *"_ivl_50", 31 0, L_0000025e9494d3d0;  1 drivers
v0000025e948dc780_0 .net *"_ivl_52", 31 0, L_0000025e9494d1a0;  1 drivers
v0000025e948dc820_0 .net *"_ivl_54", 31 0, L_0000025e9494dd70;  1 drivers
o0000025e94880558 .functor BUFZ 32, C4<zzzzzzzzzzzzzzzzzzzzzzzzzzzzzzzz>; HiZ drive
; Elide local net with no drivers, v0000025e948dbd80_0 name=_ivl_56
v0000025e948dcb40_0 .net *"_ivl_58", 31 0, L_0000025e9494a710;  1 drivers
v0000025e948dc8c0_0 .net *"_ivl_60", 31 0, L_0000025e94949590;  1 drivers
v0000025e948dcd20_0 .net *"_ivl_62", 31 0, L_0000025e94949630;  1 drivers
L_0000025e948f1bf8 .functor BUFT 1, C4<00000000000000000000000000000000>, C4<0>, C4<0>, C4<0>;
v0000025e948dcaa0_0 .net/2u *"_ivl_66", 31 0, L_0000025e948f1bf8;  1 drivers
v0000025e948db6a0_0 .net *"_ivl_68", 0 0, L_0000025e94949810;  1 drivers
L_0000025e948f1c40 .functor BUFT 1, C4<1>, C4<0>, C4<0>, C4<0>;
v0000025e948dcdc0_0 .net/2u *"_ivl_70", 0 0, L_0000025e948f1c40;  1 drivers
L_0000025e948f1c88 .functor BUFT 1, C4<0>, C4<0>, C4<0>, C4<0>;
v0000025e948db2e0_0 .net/2u *"_ivl_72", 0 0, L_0000025e948f1c88;  1 drivers
v0000025e948db920_0 .net *"_ivl_77", 0 0, L_0000025e94949a90;  1 drivers
v0000025e948db380_0 .net *"_ivl_78", 31 0, L_0000025e9494c6f0;  1 drivers
v0000025e948db4c0_0 .net *"_ivl_8", 31 0, L_0000025e94949e50;  1 drivers
L_0000025e948f1cd0 .functor BUFT 1, C4<0000000000000000000000000000000>, C4<0>, C4<0>, C4<0>;
v0000025e948db560_0 .net *"_ivl_81", 30 0, L_0000025e948f1cd0;  1 drivers
L_0000025e948f1d18 .functor BUFT 1, C4<00000000000000000000000000000001>, C4<0>, C4<0>, C4<0>;
v0000025e948dbe20_0 .net/2u *"_ivl_82", 31 0, L_0000025e948f1d18;  1 drivers
v0000025e948db740_0 .net *"_ivl_84", 0 0, L_0000025e9494c5b0;  1 drivers
L_0000025e948f1d60 .functor BUFT 1, C4<1>, C4<0>, C4<0>, C4<0>;
v0000025e948db7e0_0 .net/2u *"_ivl_86", 0 0, L_0000025e948f1d60;  1 drivers
L_0000025e948f1da8 .functor BUFT 1, C4<0>, C4<0>, C4<0>, C4<0>;
v0000025e948db880_0 .net/2u *"_ivl_88", 0 0, L_0000025e948f1da8;  1 drivers
v0000025e948db9c0_0 .net *"_ivl_92", 31 0, L_0000025e9494c010;  1 drivers
L_0000025e948f1df0 .functor BUFT 1, C4<0000000000000000000000000000>, C4<0>, C4<0>, C4<0>;
v0000025e948dbec0_0 .net *"_ivl_95", 27 0, L_0000025e948f1df0;  1 drivers
L_0000025e948f1e38 .functor BUFT 1, C4<00000000000000000000000000000001>, C4<0>, C4<0>, C4<0>;
v0000025e948dbc40_0 .net/2u *"_ivl_96", 31 0, L_0000025e948f1e38;  1 drivers
v0000025e948dba60_0 .net *"_ivl_98", 0 0, L_0000025e9494cfb0;  1 drivers
v0000025e948dbb00_0 .net "aluA", 31 0, v0000025e948e1f70_0;  alias, 1 drivers
v0000025e948dbba0_0 .net "aluB", 31 0, v0000025e948e23d0_0;  alias, 1 drivers
v0000025e948dc000_0 .net "alufun", 3 0, L_0000025e9494f280;  alias, 1 drivers
v0000025e948dc0a0_0 .net "cc", 2 0, L_0000025e949496d0;  alias, 1 drivers
v0000025e948dd6b0_0 .net "valE", 31 0, L_0000025e94949770;  alias, 1 drivers
L_0000025e949496d0 .concat [ 1 1 1 0], L_0000025e9494bd90, L_0000025e9494b930, L_0000025e94949950;
L_0000025e94949e50 .concat [ 4 28 0 0], L_0000025e9494f280, L_0000025e948f19b8;
L_0000025e9494ad50 .cmp/eq 32, L_0000025e94949e50, L_0000025e948f1a00;
L_0000025e9494a490 .arith/sum 32, v0000025e948e1f70_0, v0000025e948e23d0_0;
L_0000025e94949310 .concat [ 4 28 0 0], L_0000025e9494f280, L_0000025e948f1a48;
L_0000025e94949450 .cmp/eq 32, L_0000025e94949310, L_0000025e948f1a90;
L_0000025e9494a5d0 .arith/sub 32, v0000025e948e1f70_0, v0000025e948e23d0_0;
L_0000025e94949c70 .concat [ 4 28 0 0], L_0000025e9494f280, L_0000025e948f1ad8;
L_0000025e9494a210 .cmp/eq 32, L_0000025e94949c70, L_0000025e948f1b20;
L_0000025e9494a530 .concat [ 4 28 0 0], L_0000025e9494f280, L_0000025e948f1b68;
L_0000025e949494f0 .cmp/eq 32, L_0000025e9494a530, L_0000025e948f1bb0;
L_0000025e9494a710 .functor MUXZ 32, o0000025e94880558, L_0000025e9494dd70, L_0000025e949494f0, C4<>;
L_0000025e94949590 .functor MUXZ 32, L_0000025e9494a710, L_0000025e9484b250, L_0000025e9494a210, C4<>;
L_0000025e94949630 .functor MUXZ 32, L_0000025e94949590, L_0000025e9494a5d0, L_0000025e94949450, C4<>;
L_0000025e94949770 .functor MUXZ 32, L_0000025e94949630, L_0000025e9494a490, L_0000025e9494ad50, C4<>;
L_0000025e94949810 .cmp/eq 32, L_0000025e94949770, L_0000025e948f1bf8;
L_0000025e94949950 .functor MUXZ 1, L_0000025e948f1c88, L_0000025e948f1c40, L_0000025e94949810, C4<>;
L_0000025e94949a90 .part L_0000025e94949770, 31, 1;
L_0000025e9494c6f0 .concat [ 1 31 0 0], L_0000025e94949a90, L_0000025e948f1cd0;
L_0000025e9494c5b0 .cmp/eq 32, L_0000025e9494c6f0, L_0000025e948f1d18;
L_0000025e9494b930 .functor MUXZ 1, L_0000025e948f1da8, L_0000025e948f1d60, L_0000025e9494c5b0, C4<>;
L_0000025e9494c010 .concat [ 4 28 0 0], L_0000025e9494f280, L_0000025e948f1df0;
L_0000025e9494cfb0 .cmp/eq 32, L_0000025e9494c010, L_0000025e948f1e38;
L_0000025e9494c650 .cmp/gt.s 32, L_0000025e9484aed0, L_0000025e948f1e80;
L_0000025e9494c470 .cmp/gt.s 32, L_0000025e948f1ec8, L_0000025e9484afb0;
L_0000025e9494bed0 .cmp/ge.s 32, L_0000025e948f1f10, L_0000025e9484b100;
L_0000025e9494bc50 .cmp/gt.s 32, L_0000025e948f1f58, L_0000025e9484aed0;
L_0000025e9494c150 .cmp/gt.s 32, L_0000025e9484afb0, L_0000025e948f1fa0;
L_0000025e9494cd30 .cmp/ge.s 32, L_0000025e9484b100, L_0000025e948f1fe8;
L_0000025e9494c510 .functor MUXZ 2, L_0000025e948f2078, L_0000025e948f2030, L_0000025e9494d2f0, C4<>;
L_0000025e9494b9d0 .cmp/gt.s 32, L_0000025e948f20c0, L_0000025e9484aed0;
L_0000025e9494ca10 .cmp/gt.s 32, L_0000025e948f2108, L_0000025e9484afb0;
L_0000025e9494c0b0 .cmp/ge.s 32, L_0000025e9484b100, L_0000025e948f2150;
L_0000025e9494bcf0 .cmp/ge.s 32, L_0000025e9484aed0, L_0000025e948f2198;
L_0000025e9494ba70 .cmp/ge.s 32, L_0000025e9484afb0, L_0000025e948f21e0;
L_0000025e9494cab0 .cmp/gt.s 32, L_0000025e948f2228, L_0000025e9484b100;
L_0000025e9494cdd0 .functor MUXZ 2, L_0000025e948f22b8, L_0000025e948f2270, L_0000025e9494d9f0, C4<>;
L_0000025e9494bb10 .functor MUXZ 2, L_0000025e9494cdd0, L_0000025e9494c510, L_0000025e9494cfb0, C4<>;
L_0000025e9494bd90 .part L_0000025e9494bb10, 0, 1;
S_0000025e947f5360 .scope module, "ram" "ram" 3 51, 5 3 0, S_0000025e947db9f0;
 .timescale -9 -11;
    .port_info 0 /INPUT 1 "clock";
    .port_info 1 /INPUT 32 "addr";
    .port_info 2 /INPUT 1 "wr";
    .port_info 3 /INPUT 32 "wdata";
    .port_info 4 /INPUT 1 "rd";
    .port_info 5 /OUTPUT 32 "rdata";
v0000025e948def10_0 .net "addr", 31 0, L_0000025e9494c1f0;  alias, 1 drivers
v0000025e948dd750_0 .net "clock", 0 0, v0000025e948eb920_0;  alias, 1 drivers
v0000025e948de6f0 .array "ram", 0 255, 31 0;
v0000025e948dedd0_0 .net "rd", 0 0, L_0000025e9494be30;  alias, 1 drivers
v0000025e948dea10_0 .var "rdata", 31 0;
v0000025e948de830_0 .net "wdata", 31 0, v0000025e948eb1a0_0;  alias, 1 drivers
v0000025e948de470_0 .net "wr", 0 0, v0000025e948ebb00_0;  alias, 1 drivers
E_0000025e94858df0 .event posedge, v0000025e948dd750_0;
S_0000025e947f54f0 .scope module, "regfile" "regfile" 3 59, 6 3 0, S_0000025e947db9f0;
 .timescale -9 -11;
    .port_info 0 /INPUT 4 "dstE";
    .port_info 1 /INPUT 32 "valE";
    .port_info 2 /INPUT 4 "dstM";
    .port_info 3 /INPUT 32 "valM";
    .port_info 4 /INPUT 4 "rA";
    .port_info 5 /INPUT 4 "rB";
    .port_info 6 /INPUT 1 "reset";
    .port_info 7 /INPUT 1 "clock";
    .port_info 8 /OUTPUT 32 "valA";
    .port_info 9 /OUTPUT 32 "valB";
    .port_info 10 /OUTPUT 32 "r0";
    .port_info 11 /OUTPUT 32 "r1";
    .port_info 12 /OUTPUT 32 "r2";
    .port_info 13 /OUTPUT 32 "r3";
    .port_info 14 /OUTPUT 32 "r4";
    .port_info 15 /OUTPUT 32 "r5";
    .port_info 16 /OUTPUT 32 "r6";
    .port_info 17 /OUTPUT 32 "r7";
v0000025e948dd070_0 .net *"_ivl_0", 31 0, L_0000025e948eb240;  1 drivers
L_0000025e948f1658 .functor BUFT 1, C4<0000000000000000000000000000>, C4<0>, C4<0>, C4<0>;
v0000025e948dd390_0 .net *"_ivl_101", 27 0, L_0000025e948f1658;  1 drivers
L_0000025e948f16a0 .functor BUFT 1, C4<00000000000000000000000000000010>, C4<0>, C4<0>, C4<0>;
v0000025e948de330_0 .net/2u *"_ivl_102", 31 0, L_0000025e948f16a0;  1 drivers
v0000025e948dd110_0 .net *"_ivl_104", 0 0, L_0000025e9494a7b0;  1 drivers
v0000025e948ded30_0 .net *"_ivl_106", 31 0, L_0000025e9494a850;  1 drivers
L_0000025e948f16e8 .functor BUFT 1, C4<0000000000000000000000000000>, C4<0>, C4<0>, C4<0>;
v0000025e948dee70_0 .net *"_ivl_109", 27 0, L_0000025e948f16e8;  1 drivers
L_0000025e948f1148 .functor BUFT 1, C4<0000000000000000000000000000>, C4<0>, C4<0>, C4<0>;
v0000025e948debf0_0 .net *"_ivl_11", 27 0, L_0000025e948f1148;  1 drivers
L_0000025e948f1730 .functor BUFT 1, C4<00000000000000000000000000000011>, C4<0>, C4<0>, C4<0>;
v0000025e948dd250_0 .net/2u *"_ivl_110", 31 0, L_0000025e948f1730;  1 drivers
v0000025e948dd930_0 .net *"_ivl_112", 0 0, L_0000025e9494b6b0;  1 drivers
v0000025e948deab0_0 .net *"_ivl_114", 31 0, L_0000025e9494a3f0;  1 drivers
L_0000025e948f1778 .functor BUFT 1, C4<0000000000000000000000000000>, C4<0>, C4<0>, C4<0>;
v0000025e948dd9d0_0 .net *"_ivl_117", 27 0, L_0000025e948f1778;  1 drivers
L_0000025e948f17c0 .functor BUFT 1, C4<00000000000000000000000000000100>, C4<0>, C4<0>, C4<0>;
v0000025e948dde30_0 .net/2u *"_ivl_118", 31 0, L_0000025e948f17c0;  1 drivers
L_0000025e948f1190 .functor BUFT 1, C4<00000000000000000000000000000001>, C4<0>, C4<0>, C4<0>;
v0000025e948dda70_0 .net/2u *"_ivl_12", 31 0, L_0000025e948f1190;  1 drivers
v0000025e948de290_0 .net *"_ivl_120", 0 0, L_0000025e9494a030;  1 drivers
v0000025e948dd4d0_0 .net *"_ivl_122", 31 0, L_0000025e9494b7f0;  1 drivers
L_0000025e948f1808 .functor BUFT 1, C4<0000000000000000000000000000>, C4<0>, C4<0>, C4<0>;
v0000025e948de0b0_0 .net *"_ivl_125", 27 0, L_0000025e948f1808;  1 drivers
L_0000025e948f1850 .functor BUFT 1, C4<00000000000000000000000000000101>, C4<0>, C4<0>, C4<0>;
v0000025e948ddb10_0 .net/2u *"_ivl_126", 31 0, L_0000025e948f1850;  1 drivers
v0000025e948dd610_0 .net *"_ivl_128", 0 0, L_0000025e949493b0;  1 drivers
v0000025e948de5b0_0 .net *"_ivl_130", 31 0, L_0000025e949499f0;  1 drivers
L_0000025e948f1898 .functor BUFT 1, C4<0000000000000000000000000000>, C4<0>, C4<0>, C4<0>;
v0000025e948deb50_0 .net *"_ivl_133", 27 0, L_0000025e948f1898;  1 drivers
L_0000025e948f18e0 .functor BUFT 1, C4<00000000000000000000000000000110>, C4<0>, C4<0>, C4<0>;
v0000025e948dec90_0 .net/2u *"_ivl_134", 31 0, L_0000025e948f18e0;  1 drivers
v0000025e948dd1b0_0 .net *"_ivl_136", 0 0, L_0000025e9494afd0;  1 drivers
v0000025e948dd7f0_0 .net *"_ivl_138", 31 0, L_0000025e9494b070;  1 drivers
v0000025e948de150_0 .net *"_ivl_14", 0 0, L_0000025e94949f90;  1 drivers
L_0000025e948f1928 .functor BUFT 1, C4<0000000000000000000000000000>, C4<0>, C4<0>, C4<0>;
v0000025e948dd2f0_0 .net *"_ivl_141", 27 0, L_0000025e948f1928;  1 drivers
L_0000025e948f1970 .functor BUFT 1, C4<00000000000000000000000000000111>, C4<0>, C4<0>, C4<0>;
v0000025e948de3d0_0 .net/2u *"_ivl_142", 31 0, L_0000025e948f1970;  1 drivers
v0000025e948de8d0_0 .net *"_ivl_144", 0 0, L_0000025e949491d0;  1 drivers
o0000025e94881248 .functor BUFZ 32, C4<zzzzzzzzzzzzzzzzzzzzzzzzzzzzzzzz>; HiZ drive
; Elide local net with no drivers, v0000025e948de970_0 name=_ivl_146
v0000025e948dd430_0 .net *"_ivl_148", 31 0, L_0000025e9494a8f0;  1 drivers
v0000025e948de650_0 .net *"_ivl_150", 31 0, L_0000025e9494b1b0;  1 drivers
v0000025e948de1f0_0 .net *"_ivl_152", 31 0, L_0000025e9494acb0;  1 drivers
v0000025e948de790_0 .net *"_ivl_154", 31 0, L_0000025e9494a0d0;  1 drivers
v0000025e948dd570_0 .net *"_ivl_156", 31 0, L_0000025e9494aad0;  1 drivers
v0000025e948de010_0 .net *"_ivl_158", 31 0, L_0000025e9494b890;  1 drivers
v0000025e948dd890_0 .net *"_ivl_16", 31 0, L_0000025e9494ac10;  1 drivers
v0000025e948ddbb0_0 .net *"_ivl_160", 31 0, L_0000025e9494a990;  1 drivers
L_0000025e948f11d8 .functor BUFT 1, C4<0000000000000000000000000000>, C4<0>, C4<0>, C4<0>;
v0000025e948ddc50_0 .net *"_ivl_19", 27 0, L_0000025e948f11d8;  1 drivers
L_0000025e948f1220 .functor BUFT 1, C4<00000000000000000000000000000010>, C4<0>, C4<0>, C4<0>;
v0000025e948ddcf0_0 .net/2u *"_ivl_20", 31 0, L_0000025e948f1220;  1 drivers
v0000025e948ddd90_0 .net *"_ivl_22", 0 0, L_0000025e94949d10;  1 drivers
v0000025e948dded0_0 .net *"_ivl_24", 31 0, L_0000025e9494b2f0;  1 drivers
L_0000025e948f1268 .functor BUFT 1, C4<0000000000000000000000000000>, C4<0>, C4<0>, C4<0>;
v0000025e948ddf70_0 .net *"_ivl_27", 27 0, L_0000025e948f1268;  1 drivers
L_0000025e948f12b0 .functor BUFT 1, C4<00000000000000000000000000000011>, C4<0>, C4<0>, C4<0>;
v0000025e948dff90_0 .net/2u *"_ivl_28", 31 0, L_0000025e948f12b0;  1 drivers
L_0000025e948f10b8 .functor BUFT 1, C4<0000000000000000000000000000>, C4<0>, C4<0>, C4<0>;
v0000025e948e02b0_0 .net *"_ivl_3", 27 0, L_0000025e948f10b8;  1 drivers
v0000025e948e0d50_0 .net *"_ivl_30", 0 0, L_0000025e94949270;  1 drivers
v0000025e948e0990_0 .net *"_ivl_32", 31 0, L_0000025e9494b750;  1 drivers
L_0000025e948f12f8 .functor BUFT 1, C4<0000000000000000000000000000>, C4<0>, C4<0>, C4<0>;
v0000025e948df270_0 .net *"_ivl_35", 27 0, L_0000025e948f12f8;  1 drivers
L_0000025e948f1340 .functor BUFT 1, C4<00000000000000000000000000000100>, C4<0>, C4<0>, C4<0>;
v0000025e948e0710_0 .net/2u *"_ivl_36", 31 0, L_0000025e948f1340;  1 drivers
v0000025e948e17f0_0 .net *"_ivl_38", 0 0, L_0000025e9494b430;  1 drivers
L_0000025e948f1100 .functor BUFT 1, C4<00000000000000000000000000000000>, C4<0>, C4<0>, C4<0>;
v0000025e948e0350_0 .net/2u *"_ivl_4", 31 0, L_0000025e948f1100;  1 drivers
v0000025e948e0f30_0 .net *"_ivl_40", 31 0, L_0000025e9494a2b0;  1 drivers
L_0000025e948f1388 .functor BUFT 1, C4<0000000000000000000000000000>, C4<0>, C4<0>, C4<0>;
v0000025e948e1110_0 .net *"_ivl_43", 27 0, L_0000025e948f1388;  1 drivers
L_0000025e948f13d0 .functor BUFT 1, C4<00000000000000000000000000000101>, C4<0>, C4<0>, C4<0>;
v0000025e948df6d0_0 .net/2u *"_ivl_44", 31 0, L_0000025e948f13d0;  1 drivers
v0000025e948df4f0_0 .net *"_ivl_46", 0 0, L_0000025e9494b110;  1 drivers
v0000025e948df950_0 .net *"_ivl_48", 31 0, L_0000025e9494ae90;  1 drivers
L_0000025e948f1418 .functor BUFT 1, C4<0000000000000000000000000000>, C4<0>, C4<0>, C4<0>;
v0000025e948dfb30_0 .net *"_ivl_51", 27 0, L_0000025e948f1418;  1 drivers
L_0000025e948f1460 .functor BUFT 1, C4<00000000000000000000000000000110>, C4<0>, C4<0>, C4<0>;
v0000025e948e0fd0_0 .net/2u *"_ivl_52", 31 0, L_0000025e948f1460;  1 drivers
v0000025e948e1430_0 .net *"_ivl_54", 0 0, L_0000025e9494af30;  1 drivers
v0000025e948df3b0_0 .net *"_ivl_56", 31 0, L_0000025e94949ef0;  1 drivers
L_0000025e948f14a8 .functor BUFT 1, C4<0000000000000000000000000000>, C4<0>, C4<0>, C4<0>;
v0000025e948e00d0_0 .net *"_ivl_59", 27 0, L_0000025e948f14a8;  1 drivers
v0000025e948e0170_0 .net *"_ivl_6", 0 0, L_0000025e948eb2e0;  1 drivers
L_0000025e948f14f0 .functor BUFT 1, C4<00000000000000000000000000000111>, C4<0>, C4<0>, C4<0>;
v0000025e948e11b0_0 .net/2u *"_ivl_60", 31 0, L_0000025e948f14f0;  1 drivers
v0000025e948e14d0_0 .net *"_ivl_62", 0 0, L_0000025e94949db0;  1 drivers
o0000025e948818d8 .functor BUFZ 32, C4<zzzzzzzzzzzzzzzzzzzzzzzzzzzzzzzz>; HiZ drive
; Elide local net with no drivers, v0000025e948e0df0_0 name=_ivl_64
v0000025e948dfa90_0 .net *"_ivl_66", 31 0, L_0000025e94949b30;  1 drivers
v0000025e948df9f0_0 .net *"_ivl_68", 31 0, L_0000025e9494a670;  1 drivers
v0000025e948e0a30_0 .net *"_ivl_70", 31 0, L_0000025e9494b250;  1 drivers
v0000025e948e1250_0 .net *"_ivl_72", 31 0, L_0000025e9494ab70;  1 drivers
v0000025e948e1070_0 .net *"_ivl_74", 31 0, L_0000025e9494adf0;  1 drivers
v0000025e948e1570_0 .net *"_ivl_76", 31 0, L_0000025e9494a170;  1 drivers
v0000025e948dfdb0_0 .net *"_ivl_78", 31 0, L_0000025e9494b4d0;  1 drivers
v0000025e948e1610_0 .net *"_ivl_8", 31 0, L_0000025e9494b390;  1 drivers
v0000025e948e0030_0 .net *"_ivl_82", 31 0, L_0000025e949498b0;  1 drivers
L_0000025e948f1538 .functor BUFT 1, C4<0000000000000000000000000000>, C4<0>, C4<0>, C4<0>;
v0000025e948e03f0_0 .net *"_ivl_85", 27 0, L_0000025e948f1538;  1 drivers
L_0000025e948f1580 .functor BUFT 1, C4<00000000000000000000000000000000>, C4<0>, C4<0>, C4<0>;
v0000025e948e0e90_0 .net/2u *"_ivl_86", 31 0, L_0000025e948f1580;  1 drivers
v0000025e948e16b0_0 .net *"_ivl_88", 0 0, L_0000025e9494b570;  1 drivers
v0000025e948df310_0 .net *"_ivl_90", 31 0, L_0000025e9494b610;  1 drivers
L_0000025e948f15c8 .functor BUFT 1, C4<0000000000000000000000000000>, C4<0>, C4<0>, C4<0>;
v0000025e948e07b0_0 .net *"_ivl_93", 27 0, L_0000025e948f15c8;  1 drivers
L_0000025e948f1610 .functor BUFT 1, C4<00000000000000000000000000000001>, C4<0>, C4<0>, C4<0>;
v0000025e948df090_0 .net/2u *"_ivl_94", 31 0, L_0000025e948f1610;  1 drivers
v0000025e948e1390_0 .net *"_ivl_96", 0 0, L_0000025e9494aa30;  1 drivers
v0000025e948e12f0_0 .net *"_ivl_98", 31 0, L_0000025e9494a350;  1 drivers
v0000025e948e1750_0 .net "clock", 0 0, v0000025e948eb920_0;  alias, 1 drivers
v0000025e948dfef0_0 .net "dstE", 3 0, v0000025e948e28d0_0;  alias, 1 drivers
v0000025e948df450_0 .net "dstM", 3 0, v0000025e948e2b50_0;  alias, 1 drivers
v0000025e948dfbd0_0 .net "r0", 31 0, v0000025e948df8b0_0;  alias, 1 drivers
v0000025e948dfc70_0 .net "r1", 31 0, v0000025e948dfd10_0;  alias, 1 drivers
v0000025e948df130_0 .net "r2", 31 0, v0000025e948e0210_0;  alias, 1 drivers
v0000025e948df1d0_0 .net "r3", 31 0, v0000025e948e0530_0;  alias, 1 drivers
v0000025e948e0c10_0 .net "r4", 31 0, v0000025e948dfe50_0;  alias, 1 drivers
v0000025e948df590_0 .net "r5", 31 0, v0000025e948e05d0_0;  alias, 1 drivers
v0000025e948df630_0 .net "r6", 31 0, v0000025e948e08f0_0;  alias, 1 drivers
v0000025e948e0490_0 .net "r7", 31 0, v0000025e948e0670_0;  alias, 1 drivers
v0000025e948df770_0 .net "rA", 3 0, L_0000025e9494c790;  alias, 1 drivers
v0000025e948df810_0 .net "rB", 3 0, L_0000025e9494cbf0;  alias, 1 drivers
v0000025e948df8b0_0 .var "r_r0", 31 0;
v0000025e948dfd10_0 .var "r_r1", 31 0;
v0000025e948e0210_0 .var "r_r2", 31 0;
v0000025e948e0530_0 .var "r_r3", 31 0;
v0000025e948dfe50_0 .var "r_r4", 31 0;
v0000025e948e05d0_0 .var "r_r5", 31 0;
v0000025e948e08f0_0 .var "r_r6", 31 0;
v0000025e948e0670_0 .var "r_r7", 31 0;
v0000025e948e0850_0 .net "reset", 0 0, v0000025e948e8c20_0;  1 drivers
v0000025e948e0ad0_0 .net "valA", 31 0, L_0000025e94949bd0;  alias, 1 drivers
v0000025e948e0b70_0 .net "valB", 31 0, L_0000025e94949130;  alias, 1 drivers
v0000025e948e0cb0_0 .net "valE", 31 0, v0000025e948e1930_0;  alias, 1 drivers
v0000025e948e2970_0 .net "valM", 31 0, v0000025e948e1e30_0;  alias, 1 drivers
E_0000025e948581f0/0 .event negedge, v0000025e948e0850_0;
E_0000025e948581f0/1 .event posedge, v0000025e948dd750_0;
E_0000025e948581f0 .event/or E_0000025e948581f0/0, E_0000025e948581f0/1;
L_0000025e948eb240 .concat [ 4 28 0 0], L_0000025e9494c790, L_0000025e948f10b8;
L_0000025e948eb2e0 .cmp/eq 32, L_0000025e948eb240, L_0000025e948f1100;
L_0000025e9494b390 .concat [ 4 28 0 0], L_0000025e9494c790, L_0000025e948f1148;
L_0000025e94949f90 .cmp/eq 32, L_0000025e9494b390, L_0000025e948f1190;
L_0000025e9494ac10 .concat [ 4 28 0 0], L_0000025e9494c790, L_0000025e948f11d8;
L_0000025e94949d10 .cmp/eq 32, L_0000025e9494ac10, L_0000025e948f1220;
L_0000025e9494b2f0 .concat [ 4 28 0 0], L_0000025e9494c790, L_0000025e948f1268;
L_0000025e94949270 .cmp/eq 32, L_0000025e9494b2f0, L_0000025e948f12b0;
L_0000025e9494b750 .concat [ 4 28 0 0], L_0000025e9494c790, L_0000025e948f12f8;
L_0000025e9494b430 .cmp/eq 32, L_0000025e9494b750, L_0000025e948f1340;
L_0000025e9494a2b0 .concat [ 4 28 0 0], L_0000025e9494c790, L_0000025e948f1388;
L_0000025e9494b110 .cmp/eq 32, L_0000025e9494a2b0, L_0000025e948f13d0;
L_0000025e9494ae90 .concat [ 4 28 0 0], L_0000025e9494c790, L_0000025e948f1418;
L_0000025e9494af30 .cmp/eq 32, L_0000025e9494ae90, L_0000025e948f1460;
L_0000025e94949ef0 .concat [ 4 28 0 0], L_0000025e9494c790, L_0000025e948f14a8;
L_0000025e94949db0 .cmp/eq 32, L_0000025e94949ef0, L_0000025e948f14f0;
L_0000025e94949b30 .functor MUXZ 32, o0000025e948818d8, v0000025e948e0670_0, L_0000025e94949db0, C4<>;
L_0000025e9494a670 .functor MUXZ 32, L_0000025e94949b30, v0000025e948e08f0_0, L_0000025e9494af30, C4<>;
L_0000025e9494b250 .functor MUXZ 32, L_0000025e9494a670, v0000025e948e05d0_0, L_0000025e9494b110, C4<>;
L_0000025e9494ab70 .functor MUXZ 32, L_0000025e9494b250, v0000025e948dfe50_0, L_0000025e9494b430, C4<>;
L_0000025e9494adf0 .functor MUXZ 32, L_0000025e9494ab70, v0000025e948e0530_0, L_0000025e94949270, C4<>;
L_0000025e9494a170 .functor MUXZ 32, L_0000025e9494adf0, v0000025e948e0210_0, L_0000025e94949d10, C4<>;
L_0000025e9494b4d0 .functor MUXZ 32, L_0000025e9494a170, v0000025e948dfd10_0, L_0000025e94949f90, C4<>;
L_0000025e94949bd0 .functor MUXZ 32, L_0000025e9494b4d0, v0000025e948df8b0_0, L_0000025e948eb2e0, C4<>;
L_0000025e949498b0 .concat [ 4 28 0 0], L_0000025e9494cbf0, L_0000025e948f1538;
L_0000025e9494b570 .cmp/eq 32, L_0000025e949498b0, L_0000025e948f1580;
L_0000025e9494b610 .concat [ 4 28 0 0], L_0000025e9494cbf0, L_0000025e948f15c8;
L_0000025e9494aa30 .cmp/eq 32, L_0000025e9494b610, L_0000025e948f1610;
L_0000025e9494a350 .concat [ 4 28 0 0], L_0000025e9494cbf0, L_0000025e948f1658;
L_0000025e9494a7b0 .cmp/eq 32, L_0000025e9494a350, L_0000025e948f16a0;
L_0000025e9494a850 .concat [ 4 28 0 0], L_0000025e9494cbf0, L_0000025e948f16e8;
L_0000025e9494b6b0 .cmp/eq 32, L_0000025e9494a850, L_0000025e948f1730;
L_0000025e9494a3f0 .concat [ 4 28 0 0], L_0000025e9494cbf0, L_0000025e948f1778;
L_0000025e9494a030 .cmp/eq 32, L_0000025e9494a3f0, L_0000025e948f17c0;
L_0000025e9494b7f0 .concat [ 4 28 0 0], L_0000025e9494cbf0, L_0000025e948f1808;
L_0000025e949493b0 .cmp/eq 32, L_0000025e9494b7f0, L_0000025e948f1850;
L_0000025e949499f0 .concat [ 4 28 0 0], L_0000025e9494cbf0, L_0000025e948f1898;
L_0000025e9494afd0 .cmp/eq 32, L_0000025e949499f0, L_0000025e948f18e0;
L_0000025e9494b070 .concat [ 4 28 0 0], L_0000025e9494cbf0, L_0000025e948f1928;
L_0000025e949491d0 .cmp/eq 32, L_0000025e9494b070, L_0000025e948f1970;
L_0000025e9494a8f0 .functor MUXZ 32, o0000025e94881248, v0000025e948e0670_0, L_0000025e949491d0, C4<>;
L_0000025e9494b1b0 .functor MUXZ 32, L_0000025e9494a8f0, v0000025e948e08f0_0, L_0000025e9494afd0, C4<>;
L_0000025e9494acb0 .functor MUXZ 32, L_0000025e9494b1b0, v0000025e948e05d0_0, L_0000025e949493b0, C4<>;
L_0000025e9494a0d0 .functor MUXZ 32, L_0000025e9494acb0, v0000025e948dfe50_0, L_0000025e9494a030, C4<>;
L_0000025e9494aad0 .functor MUXZ 32, L_0000025e9494a0d0, v0000025e948e0530_0, L_0000025e9494b6b0, C4<>;
L_0000025e9494b890 .functor MUXZ 32, L_0000025e9494aad0, v0000025e948e0210_0, L_0000025e9494a7b0, C4<>;
L_0000025e9494a990 .functor MUXZ 32, L_0000025e9494b890, v0000025e948dfd10_0, L_0000025e9494aa30, C4<>;
L_0000025e94949130 .functor MUXZ 32, L_0000025e9494a990, v0000025e948df8b0_0, L_0000025e9494b570, C4<>;
    .scope S_0000025e947f5360;
T_0 ;
    %pushi/vec4 0, 4294967295, 32;
    %store/vec4 v0000025e948dea10_0, 0, 32;
    %end;
    .thread T_0;
    .scope S_0000025e947f5360;
T_1 ;
    %wait E_0000025e94858df0;
    %load/vec4 v0000025e948de470_0;
    %flag_set/vec4 8;
    %jmp/0xz  T_1.0, 8;
    %load/vec4 v0000025e948de830_0;
    %ix/getv 3, v0000025e948def10_0;
    %ix/load 4, 0, 0; Constant delay
    %assign/vec4/a/d v0000025e948de6f0, 0, 4;
T_1.0 ;
    %load/vec4 v0000025e948dedd0_0;
    %flag_set/vec4 8;
    %jmp/0xz  T_1.2, 8;
    %ix/getv 4, v0000025e948def10_0;
    %load/vec4a v0000025e948de6f0, 4;
    %assign/vec4 v0000025e948dea10_0, 0;
    %jmp T_1.3;
T_1.2 ;
    %pushi/vec4 0, 4294967295, 32;
    %assign/vec4 v0000025e948dea10_0, 0;
T_1.3 ;
    %jmp T_1;
    .thread T_1;
    .scope S_0000025e947f54f0;
T_2 ;
    %wait E_0000025e948581f0;
    %load/vec4 v0000025e948e0850_0;
    %flag_set/vec4 8;
    %jmp/0xz  T_2.0, 8;
    %pushi/vec4 0, 0, 32;
    %assign/vec4 v0000025e948df8b0_0, 0;
    %pushi/vec4 0, 0, 32;
    %assign/vec4 v0000025e948dfd10_0, 0;
    %pushi/vec4 0, 0, 32;
    %assign/vec4 v0000025e948e0210_0, 0;
    %pushi/vec4 0, 0, 32;
    %assign/vec4 v0000025e948e0530_0, 0;
    %pushi/vec4 0, 0, 32;
    %assign/vec4 v0000025e948dfe50_0, 0;
    %pushi/vec4 0, 0, 32;
    %assign/vec4 v0000025e948e05d0_0, 0;
    %pushi/vec4 0, 0, 32;
    %assign/vec4 v0000025e948e08f0_0, 0;
    %pushi/vec4 0, 0, 32;
    %assign/vec4 v0000025e948e0670_0, 0;
    %jmp T_2.1;
T_2.0 ;
    %load/vec4 v0000025e948dfef0_0;
    %dup/vec4;
    %pushi/vec4 0, 0, 4;
    %cmp/u;
    %jmp/1 T_2.2, 6;
    %dup/vec4;
    %pushi/vec4 1, 0, 4;
    %cmp/u;
    %jmp/1 T_2.3, 6;
    %dup/vec4;
    %pushi/vec4 2, 0, 4;
    %cmp/u;
    %jmp/1 T_2.4, 6;
    %dup/vec4;
    %pushi/vec4 3, 0, 4;
    %cmp/u;
    %jmp/1 T_2.5, 6;
    %dup/vec4;
    %pushi/vec4 4, 0, 4;
    %cmp/u;
    %jmp/1 T_2.6, 6;
    %dup/vec4;
    %pushi/vec4 5, 0, 4;
    %cmp/u;
    %jmp/1 T_2.7, 6;
    %dup/vec4;
    %pushi/vec4 6, 0, 4;
    %cmp/u;
    %jmp/1 T_2.8, 6;
    %dup/vec4;
    %pushi/vec4 7, 0, 4;
    %cmp/u;
    %jmp/1 T_2.9, 6;
    %jmp T_2.10;
T_2.2 ;
    %load/vec4 v0000025e948e0cb0_0;
    %assign/vec4 v0000025e948df8b0_0, 0;
    %jmp T_2.10;
T_2.3 ;
    %load/vec4 v0000025e948e0cb0_0;
    %assign/vec4 v0000025e948dfd10_0, 0;
    %jmp T_2.10;
T_2.4 ;
    %load/vec4 v0000025e948e0cb0_0;
    %assign/vec4 v0000025e948e0210_0, 0;
    %jmp T_2.10;
T_2.5 ;
    %load/vec4 v0000025e948e0cb0_0;
    %assign/vec4 v0000025e948e0530_0, 0;
    %jmp T_2.10;
T_2.6 ;
    %load/vec4 v0000025e948e0cb0_0;
    %assign/vec4 v0000025e948dfe50_0, 0;
    %jmp T_2.10;
T_2.7 ;
    %load/vec4 v0000025e948e0cb0_0;
    %assign/vec4 v0000025e948e05d0_0, 0;
    %jmp T_2.10;
T_2.8 ;
    %load/vec4 v0000025e948e0cb0_0;
    %assign/vec4 v0000025e948e08f0_0, 0;
    %jmp T_2.10;
T_2.9 ;
    %load/vec4 v0000025e948e0cb0_0;
    %assign/vec4 v0000025e948e0670_0, 0;
    %jmp T_2.10;
T_2.10 ;
    %pop/vec4 1;
    %load/vec4 v0000025e948df450_0;
    %dup/vec4;
    %pushi/vec4 0, 0, 4;
    %cmp/u;
    %jmp/1 T_2.11, 6;
    %dup/vec4;
    %pushi/vec4 1, 0, 4;
    %cmp/u;
    %jmp/1 T_2.12, 6;
    %dup/vec4;
    %pushi/vec4 2, 0, 4;
    %cmp/u;
    %jmp/1 T_2.13, 6;
    %dup/vec4;
    %pushi/vec4 3, 0, 4;
    %cmp/u;
    %jmp/1 T_2.14, 6;
    %dup/vec4;
    %pushi/vec4 4, 0, 4;
    %cmp/u;
    %jmp/1 T_2.15, 6;
    %dup/vec4;
    %pushi/vec4 5, 0, 4;
    %cmp/u;
    %jmp/1 T_2.16, 6;
    %dup/vec4;
    %pushi/vec4 6, 0, 4;
    %cmp/u;
    %jmp/1 T_2.17, 6;
    %dup/vec4;
    %pushi/vec4 7, 0, 4;
    %cmp/u;
    %jmp/1 T_2.18, 6;
    %jmp T_2.19;
T_2.11 ;
    %load/vec4 v0000025e948e2970_0;
    %assign/vec4 v0000025e948df8b0_0, 0;
    %jmp T_2.19;
T_2.12 ;
    %load/vec4 v0000025e948e2970_0;
    %assign/vec4 v0000025e948dfd10_0, 0;
    %jmp T_2.19;
T_2.13 ;
    %load/vec4 v0000025e948e2970_0;
    %assign/vec4 v0000025e948e0210_0, 0;
    %jmp T_2.19;
T_2.14 ;
    %load/vec4 v0000025e948e2970_0;
    %assign/vec4 v0000025e948e0530_0, 0;
    %jmp T_2.19;
T_2.15 ;
    %load/vec4 v0000025e948e2970_0;
    %assign/vec4 v0000025e948dfe50_0, 0;
    %jmp T_2.19;
T_2.16 ;
    %load/vec4 v0000025e948e2970_0;
    %assign/vec4 v0000025e948e05d0_0, 0;
    %jmp T_2.19;
T_2.17 ;
    %load/vec4 v0000025e948e2970_0;
    %assign/vec4 v0000025e948e08f0_0, 0;
    %jmp T_2.19;
T_2.18 ;
    %load/vec4 v0000025e948e2970_0;
    %assign/vec4 v0000025e948e0670_0, 0;
    %jmp T_2.19;
T_2.19 ;
    %pop/vec4 1;
T_2.1 ;
    %jmp T_2;
    .thread T_2;
    .scope S_0000025e947db9f0;
T_3 ;
    %pushi/vec4 0, 0, 32;
    %store/vec4 v0000025e948e1d90_0, 0, 32;
    %pushi/vec4 0, 15, 4;
    %store/vec4 v0000025e948e2a10_0, 0, 4;
    %pushi/vec4 0, 15, 4;
    %store/vec4 v0000025e948e1ed0_0, 0, 4;
    %pushi/vec4 0, 15, 4;
    %store/vec4 v0000025e948e19d0_0, 0, 4;
    %pushi/vec4 0, 15, 4;
    %store/vec4 v0000025e948e2330_0, 0, 4;
    %pushi/vec4 0, 4294967295, 32;
    %store/vec4 v0000025e948e1f70_0, 0, 32;
    %pushi/vec4 0, 4294967295, 32;
    %store/vec4 v0000025e948e23d0_0, 0, 32;
    %pushi/vec4 0, 65535, 16;
    %store/vec4 v0000025e948e2e70_0, 0, 16;
    %pushi/vec4 0, 1, 1;
    %store/vec4 v0000025e948e2650_0, 0, 1;
    %pushi/vec4 0, 0, 1;
    %store/vec4 v0000025e948e2510_0, 0, 1;
    %pushi/vec4 0, 15, 4;
    %store/vec4 v0000025e948e2b50_0, 0, 4;
    %pushi/vec4 0, 4294967295, 32;
    %store/vec4 v0000025e948e1e30_0, 0, 32;
    %pushi/vec4 0, 15, 4;
    %store/vec4 v0000025e948e28d0_0, 0, 4;
    %pushi/vec4 0, 4294967295, 32;
    %store/vec4 v0000025e948e1930_0, 0, 32;
    %pushi/vec4 0, 1, 1;
    %store/vec4 v0000025e948e2290_0, 0, 1;
    %end;
    .thread T_3;
    .scope S_0000025e947db9f0;
T_4 ;
    %wait E_0000025e94858df0;
    %load/vec4 v0000025e948eafc0_0;
    %flag_set/vec4 8;
    %jmp/0xz  T_4.0, 8;
    %load/vec4 v0000025e948e8d60_0;
    %dup/vec4;
    %pushi/vec4 0, 0, 1;
    %cmp/u;
    %jmp/1 T_4.2, 6;
    %dup/vec4;
    %pushi/vec4 1, 0, 1;
    %cmp/u;
    %jmp/1 T_4.3, 6;
    %load/vec4 v0000025e948e1d90_0;
    %addi 1, 0, 32;
    %assign/vec4 v0000025e948e1d90_0, 0;
    %jmp T_4.5;
T_4.2 ;
    %load/vec4 v0000025e948e1d90_0;
    %addi 1, 0, 32;
    %assign/vec4 v0000025e948e1d90_0, 0;
    %jmp T_4.5;
T_4.3 ;
    %load/vec4 v0000025e948e8ea0_0;
    %assign/vec4 v0000025e948e1d90_0, 0;
    %jmp T_4.5;
T_4.5 ;
    %pop/vec4 1;
T_4.0 ;
    %jmp T_4;
    .thread T_4;
    .scope S_0000025e947db9f0;
T_5 ;
    %wait E_0000025e94858df0;
    %load/vec4 v0000025e948eafc0_0;
    %flag_set/vec4 8;
    %jmp/0xz  T_5.0, 8;
    %load/vec4 v0000025e948e9580_0;
    %flag_set/vec4 8;
    %jmp/0xz  T_5.2, 8;
    %load/vec4 v0000025e948e2a10_0;
    %load/vec4 v0000025e948e1ed0_0;
    %concat/vec4; draw_concat_vec4
    %split/vec4 4;
    %assign/vec4 v0000025e948e1ed0_0, 0;
    %assign/vec4 v0000025e948e2a10_0, 0;
    %pushi/vec4 15, 0, 4;
    %assign/vec4 v0000025e948e19d0_0, 0;
    %pushi/vec4 15, 0, 4;
    %assign/vec4 v0000025e948e2330_0, 0;
    %load/vec4 v0000025e948e2e70_0;
    %assign/vec4 v0000025e948e2e70_0, 0;
    %load/vec4 v0000025e948e1f70_0;
    %assign/vec4 v0000025e948e1f70_0, 0;
    %load/vec4 v0000025e948e23d0_0;
    %assign/vec4 v0000025e948e23d0_0, 0;
    %load/vec4 v0000025e948e9580_0;
    %assign/vec4 v0000025e948e2650_0, 0;
    %jmp T_5.3;
T_5.2 ;
    %load/vec4 v0000025e948e9c60_0;
    %load/vec4 v0000025e948e8cc0_0;
    %concat/vec4; draw_concat_vec4
    %dup/vec4;
    %pushi/vec4 18, 0, 8;
    %cmp/u;
    %jmp/1 T_5.4, 6;
    %dup/vec4;
    %pushi/vec4 48, 0, 8;
    %cmp/u;
    %jmp/1 T_5.5, 6;
    %dup/vec4;
    %pushi/vec4 49, 0, 8;
    %cmp/u;
    %jmp/1 T_5.6, 6;
    %dup/vec4;
    %pushi/vec4 50, 0, 8;
    %cmp/u;
    %jmp/1 T_5.7, 6;
    %dup/vec4;
    %pushi/vec4 51, 0, 8;
    %cmp/u;
    %jmp/1 T_5.8, 6;
    %dup/vec4;
    %pushi/vec4 52, 0, 8;
    %cmp/u;
    %jmp/1 T_5.9, 6;
    %dup/vec4;
    %pushi/vec4 53, 0, 8;
    %cmp/u;
    %jmp/1 T_5.10, 6;
    %dup/vec4;
    %pushi/vec4 54, 0, 8;
    %cmp/u;
    %jmp/1 T_5.11, 6;
    %dup/vec4;
    %pushi/vec4 112, 0, 8;
    %cmp/u;
    %jmp/1 T_5.12, 6;
    %dup/vec4;
    %pushi/vec4 113, 0, 8;
    %cmp/u;
    %jmp/1 T_5.13, 6;
    %dup/vec4;
    %pushi/vec4 114, 0, 8;
    %cmp/u;
    %jmp/1 T_5.14, 6;
    %dup/vec4;
    %pushi/vec4 115, 0, 8;
    %cmp/u;
    %jmp/1 T_5.15, 6;
    %dup/vec4;
    %pushi/vec4 116, 0, 8;
    %cmp/u;
    %jmp/1 T_5.16, 6;
    %dup/vec4;
    %pushi/vec4 117, 0, 8;
    %cmp/u;
    %jmp/1 T_5.17, 6;
    %dup/vec4;
    %pushi/vec4 118, 0, 8;
    %cmp/u;
    %jmp/1 T_5.18, 6;
    %load/vec4 v0000025e948e9c60_0;
    %assign/vec4 v0000025e948e2a10_0, 0;
    %load/vec4 v0000025e948e8cc0_0;
    %assign/vec4 v0000025e948e1ed0_0, 0;
    %jmp T_5.20;
T_5.4 ;
    %pushi/vec4 34, 0, 8;
    %split/vec4 4;
    %assign/vec4 v0000025e948e1ed0_0, 0;
    %assign/vec4 v0000025e948e2a10_0, 0;
    %jmp T_5.20;
T_5.5 ;
    %pushi/vec4 32, 0, 8;
    %split/vec4 4;
    %assign/vec4 v0000025e948e1ed0_0, 0;
    %assign/vec4 v0000025e948e2a10_0, 0;
    %jmp T_5.20;
T_5.6 ;
    %pushi/vec4 32, 0, 8;
    %split/vec4 4;
    %assign/vec4 v0000025e948e1ed0_0, 0;
    %assign/vec4 v0000025e948e2a10_0, 0;
    %jmp T_5.20;
T_5.7 ;
    %pushi/vec4 32, 0, 8;
    %split/vec4 4;
    %assign/vec4 v0000025e948e1ed0_0, 0;
    %assign/vec4 v0000025e948e2a10_0, 0;
    %jmp T_5.20;
T_5.8 ;
    %pushi/vec4 32, 0, 8;
    %split/vec4 4;
    %assign/vec4 v0000025e948e1ed0_0, 0;
    %assign/vec4 v0000025e948e2a10_0, 0;
    %jmp T_5.20;
T_5.9 ;
    %pushi/vec4 32, 0, 8;
    %split/vec4 4;
    %assign/vec4 v0000025e948e1ed0_0, 0;
    %assign/vec4 v0000025e948e2a10_0, 0;
    %jmp T_5.20;
T_5.10 ;
    %pushi/vec4 32, 0, 8;
    %split/vec4 4;
    %assign/vec4 v0000025e948e1ed0_0, 0;
    %assign/vec4 v0000025e948e2a10_0, 0;
    %jmp T_5.20;
T_5.11 ;
    %pushi/vec4 32, 0, 8;
    %split/vec4 4;
    %assign/vec4 v0000025e948e1ed0_0, 0;
    %assign/vec4 v0000025e948e2a10_0, 0;
    %jmp T_5.20;
T_5.12 ;
    %pushi/vec4 34, 0, 8;
    %split/vec4 4;
    %assign/vec4 v0000025e948e1ed0_0, 0;
    %assign/vec4 v0000025e948e2a10_0, 0;
    %jmp T_5.20;
T_5.13 ;
    %pushi/vec4 34, 0, 8;
    %split/vec4 4;
    %assign/vec4 v0000025e948e1ed0_0, 0;
    %assign/vec4 v0000025e948e2a10_0, 0;
    %jmp T_5.20;
T_5.14 ;
    %pushi/vec4 34, 0, 8;
    %split/vec4 4;
    %assign/vec4 v0000025e948e1ed0_0, 0;
    %assign/vec4 v0000025e948e2a10_0, 0;
    %jmp T_5.20;
T_5.15 ;
    %pushi/vec4 34, 0, 8;
    %split/vec4 4;
    %assign/vec4 v0000025e948e1ed0_0, 0;
    %assign/vec4 v0000025e948e2a10_0, 0;
    %jmp T_5.20;
T_5.16 ;
    %pushi/vec4 34, 0, 8;
    %split/vec4 4;
    %assign/vec4 v0000025e948e1ed0_0, 0;
    %assign/vec4 v0000025e948e2a10_0, 0;
    %jmp T_5.20;
T_5.17 ;
    %pushi/vec4 34, 0, 8;
    %split/vec4 4;
    %assign/vec4 v0000025e948e1ed0_0, 0;
    %assign/vec4 v0000025e948e2a10_0, 0;
    %jmp T_5.20;
T_5.18 ;
    %pushi/vec4 34, 0, 8;
    %split/vec4 4;
    %assign/vec4 v0000025e948e1ed0_0, 0;
    %assign/vec4 v0000025e948e2a10_0, 0;
    %jmp T_5.20;
T_5.20 ;
    %pop/vec4 1;
    %load/vec4 v0000025e948e9c60_0;
    %load/vec4 v0000025e948e8cc0_0;
    %concat/vec4; draw_concat_vec4
    %dup/vec4;
    %pushi/vec4 48, 0, 8;
    %cmp/u;
    %jmp/1 T_5.21, 6;
    %dup/vec4;
    %pushi/vec4 49, 0, 8;
    %cmp/u;
    %jmp/1 T_5.22, 6;
    %dup/vec4;
    %pushi/vec4 50, 0, 8;
    %cmp/u;
    %jmp/1 T_5.23, 6;
    %dup/vec4;
    %pushi/vec4 51, 0, 8;
    %cmp/u;
    %jmp/1 T_5.24, 6;
    %dup/vec4;
    %pushi/vec4 52, 0, 8;
    %cmp/u;
    %jmp/1 T_5.25, 6;
    %dup/vec4;
    %pushi/vec4 53, 0, 8;
    %cmp/u;
    %jmp/1 T_5.26, 6;
    %dup/vec4;
    %pushi/vec4 54, 0, 8;
    %cmp/u;
    %jmp/1 T_5.27, 6;
    %load/vec4 v0000025e948e9620_0;
    %assign/vec4 v0000025e948e1f70_0, 0;
    %load/vec4 v0000025e948ea480_0;
    %assign/vec4 v0000025e948e23d0_0, 0;
    %load/vec4 v0000025e948e8b80_0;
    %assign/vec4 v0000025e948e19d0_0, 0;
    %load/vec4 v0000025e948e8900_0;
    %assign/vec4 v0000025e948e2330_0, 0;
    %jmp T_5.29;
T_5.21 ;
    %pushi/vec4 0, 0, 32;
    %assign/vec4 v0000025e948e1f70_0, 0;
    %load/vec4 v0000025e948ea480_0;
    %assign/vec4 v0000025e948e23d0_0, 0;
    %load/vec4 v0000025e948e8b80_0;
    %assign/vec4 v0000025e948e19d0_0, 0;
    %load/vec4 v0000025e948e8900_0;
    %assign/vec4 v0000025e948e2330_0, 0;
    %jmp T_5.29;
T_5.22 ;
    %pushi/vec4 0, 0, 32;
    %assign/vec4 v0000025e948e1f70_0, 0;
    %load/vec4 v0000025e948ea480_0;
    %assign/vec4 v0000025e948e23d0_0, 0;
    %load/vec4 v0000025e948e8900_0;
    %assign/vec4 v0000025e948e2330_0, 0;
    %load/vec4 v0000025e948ea520_0;
    %load/vec4 v0000025e948e99e0_0;
    %xor;
    %load/vec4 v0000025e948e9d00_0;
    %or;
    %flag_set/vec4 8;
    %jmp/0xz  T_5.30, 8;
    %load/vec4 v0000025e948e8b80_0;
    %assign/vec4 v0000025e948e19d0_0, 0;
    %jmp T_5.31;
T_5.30 ;
    %load/vec4 v0000025e948e8900_0;
    %assign/vec4 v0000025e948e19d0_0, 0;
T_5.31 ;
    %jmp T_5.29;
T_5.23 ;
    %pushi/vec4 0, 0, 32;
    %assign/vec4 v0000025e948e1f70_0, 0;
    %load/vec4 v0000025e948ea480_0;
    %assign/vec4 v0000025e948e23d0_0, 0;
    %load/vec4 v0000025e948e8900_0;
    %assign/vec4 v0000025e948e2330_0, 0;
    %load/vec4 v0000025e948ea520_0;
    %load/vec4 v0000025e948e99e0_0;
    %xor;
    %flag_set/vec4 8;
    %jmp/0xz  T_5.32, 8;
    %load/vec4 v0000025e948e8b80_0;
    %assign/vec4 v0000025e948e19d0_0, 0;
    %jmp T_5.33;
T_5.32 ;
    %load/vec4 v0000025e948e8900_0;
    %assign/vec4 v0000025e948e19d0_0, 0;
T_5.33 ;
    %jmp T_5.29;
T_5.24 ;
    %pushi/vec4 0, 0, 32;
    %assign/vec4 v0000025e948e1f70_0, 0;
    %load/vec4 v0000025e948ea480_0;
    %assign/vec4 v0000025e948e23d0_0, 0;
    %load/vec4 v0000025e948e8900_0;
    %assign/vec4 v0000025e948e2330_0, 0;
    %load/vec4 v0000025e948e9d00_0;
    %flag_set/vec4 8;
    %jmp/0xz  T_5.34, 8;
    %load/vec4 v0000025e948e8b80_0;
    %assign/vec4 v0000025e948e19d0_0, 0;
    %jmp T_5.35;
T_5.34 ;
    %load/vec4 v0000025e948e8900_0;
    %assign/vec4 v0000025e948e19d0_0, 0;
T_5.35 ;
    %jmp T_5.29;
T_5.25 ;
    %pushi/vec4 0, 0, 32;
    %assign/vec4 v0000025e948e1f70_0, 0;
    %load/vec4 v0000025e948ea480_0;
    %assign/vec4 v0000025e948e23d0_0, 0;
    %load/vec4 v0000025e948e8900_0;
    %assign/vec4 v0000025e948e2330_0, 0;
    %load/vec4 v0000025e948e9d00_0;
    %inv;
    %flag_set/vec4 8;
    %jmp/0xz  T_5.36, 8;
    %load/vec4 v0000025e948e8b80_0;
    %assign/vec4 v0000025e948e19d0_0, 0;
    %jmp T_5.37;
T_5.36 ;
    %load/vec4 v0000025e948e8900_0;
    %assign/vec4 v0000025e948e19d0_0, 0;
T_5.37 ;
    %jmp T_5.29;
T_5.26 ;
    %pushi/vec4 0, 0, 32;
    %assign/vec4 v0000025e948e1f70_0, 0;
    %load/vec4 v0000025e948ea480_0;
    %assign/vec4 v0000025e948e23d0_0, 0;
    %load/vec4 v0000025e948e8900_0;
    %assign/vec4 v0000025e948e2330_0, 0;
    %load/vec4 v0000025e948ea520_0;
    %load/vec4 v0000025e948e99e0_0;
    %xor;
    %inv;
    %flag_set/vec4 8;
    %jmp/0xz  T_5.38, 8;
    %load/vec4 v0000025e948e8b80_0;
    %assign/vec4 v0000025e948e19d0_0, 0;
    %jmp T_5.39;
T_5.38 ;
    %load/vec4 v0000025e948e8900_0;
    %assign/vec4 v0000025e948e19d0_0, 0;
T_5.39 ;
    %jmp T_5.29;
T_5.27 ;
    %pushi/vec4 0, 0, 32;
    %assign/vec4 v0000025e948e1f70_0, 0;
    %load/vec4 v0000025e948ea480_0;
    %assign/vec4 v0000025e948e23d0_0, 0;
    %load/vec4 v0000025e948e8900_0;
    %assign/vec4 v0000025e948e2330_0, 0;
    %load/vec4 v0000025e948ea520_0;
    %load/vec4 v0000025e948e99e0_0;
    %xor;
    %inv;
    %load/vec4 v0000025e948e9d00_0;
    %inv;
    %and;
    %flag_set/vec4 8;
    %jmp/0xz  T_5.40, 8;
    %load/vec4 v0000025e948e8b80_0;
    %assign/vec4 v0000025e948e19d0_0, 0;
    %jmp T_5.41;
T_5.40 ;
    %load/vec4 v0000025e948e8900_0;
    %assign/vec4 v0000025e948e19d0_0, 0;
T_5.41 ;
    %jmp T_5.29;
T_5.29 ;
    %pop/vec4 1;
    %load/vec4 v0000025e948e9bc0_0;
    %assign/vec4 v0000025e948e2e70_0, 0;
    %load/vec4 v0000025e948e9580_0;
    %assign/vec4 v0000025e948e2650_0, 0;
    %load/vec4 v0000025e948e9c60_0;
    %load/vec4 v0000025e948e8cc0_0;
    %concat/vec4; draw_concat_vec4
    %cmpi/e 112, 0, 8;
    %jmp/0xz  T_5.42, 4;
    %pushi/vec4 1, 0, 1;
    %assign/vec4 v0000025e948e2510_0, 0;
    %jmp T_5.43;
T_5.42 ;
    %load/vec4 v0000025e948e9c60_0;
    %load/vec4 v0000025e948e8cc0_0;
    %concat/vec4; draw_concat_vec4
    %pushi/vec4 113, 0, 8;
    %cmp/e;
    %flag_get/vec4 4;
    %load/vec4 v0000025e948ea520_0;
    %load/vec4 v0000025e948e99e0_0;
    %xor;
    %load/vec4 v0000025e948e9d00_0;
    %or;
    %and;
    %flag_set/vec4 8;
    %jmp/0xz  T_5.44, 8;
    %pushi/vec4 1, 0, 1;
    %assign/vec4 v0000025e948e2510_0, 0;
    %jmp T_5.45;
T_5.44 ;
    %load/vec4 v0000025e948e9c60_0;
    %load/vec4 v0000025e948e8cc0_0;
    %concat/vec4; draw_concat_vec4
    %pushi/vec4 114, 0, 8;
    %cmp/e;
    %flag_get/vec4 4;
    %load/vec4 v0000025e948ea520_0;
    %load/vec4 v0000025e948e99e0_0;
    %xor;
    %and;
    %flag_set/vec4 8;
    %jmp/0xz  T_5.46, 8;
    %pushi/vec4 1, 0, 1;
    %assign/vec4 v0000025e948e2510_0, 0;
    %jmp T_5.47;
T_5.46 ;
    %load/vec4 v0000025e948e9c60_0;
    %load/vec4 v0000025e948e8cc0_0;
    %concat/vec4; draw_concat_vec4
    %pushi/vec4 115, 0, 8;
    %cmp/e;
    %flag_get/vec4 4;
    %load/vec4 v0000025e948e9d00_0;
    %and;
    %flag_set/vec4 8;
    %jmp/0xz  T_5.48, 8;
    %pushi/vec4 1, 0, 1;
    %assign/vec4 v0000025e948e2510_0, 0;
    %jmp T_5.49;
T_5.48 ;
    %load/vec4 v0000025e948e9c60_0;
    %load/vec4 v0000025e948e8cc0_0;
    %concat/vec4; draw_concat_vec4
    %pushi/vec4 116, 0, 8;
    %cmp/e;
    %flag_get/vec4 4;
    %load/vec4 v0000025e948e9d00_0;
    %inv;
    %and;
    %flag_set/vec4 8;
    %jmp/0xz  T_5.50, 8;
    %pushi/vec4 1, 0, 1;
    %assign/vec4 v0000025e948e2510_0, 0;
    %jmp T_5.51;
T_5.50 ;
    %load/vec4 v0000025e948e9c60_0;
    %load/vec4 v0000025e948e8cc0_0;
    %concat/vec4; draw_concat_vec4
    %pushi/vec4 117, 0, 8;
    %cmp/e;
    %flag_get/vec4 4;
    %load/vec4 v0000025e948ea520_0;
    %load/vec4 v0000025e948e99e0_0;
    %xor;
    %inv;
    %and;
    %flag_set/vec4 8;
    %jmp/0xz  T_5.52, 8;
    %pushi/vec4 1, 0, 1;
    %assign/vec4 v0000025e948e2510_0, 0;
    %jmp T_5.53;
T_5.52 ;
    %load/vec4 v0000025e948e9c60_0;
    %load/vec4 v0000025e948e8cc0_0;
    %concat/vec4; draw_concat_vec4
    %pushi/vec4 118, 0, 8;
    %cmp/e;
    %flag_get/vec4 4;
    %load/vec4 v0000025e948ea520_0;
    %load/vec4 v0000025e948e99e0_0;
    %xor;
    %inv;
    %load/vec4 v0000025e948e9d00_0;
    %inv;
    %and;
    %and;
    %flag_set/vec4 8;
    %jmp/0xz  T_5.54, 8;
    %pushi/vec4 1, 0, 1;
    %assign/vec4 v0000025e948e2510_0, 0;
    %jmp T_5.55;
T_5.54 ;
    %pushi/vec4 0, 0, 1;
    %assign/vec4 v0000025e948e2510_0, 0;
T_5.55 ;
T_5.53 ;
T_5.51 ;
T_5.49 ;
T_5.47 ;
T_5.45 ;
T_5.43 ;
T_5.3 ;
T_5.0 ;
    %jmp T_5;
    .thread T_5;
    .scope S_0000025e947db9f0;
T_6 ;
    %pushi/vec4 1, 0, 1;
    %assign/vec4 v0000025e948e8c20_0, 0;
    %delay 2000, 0;
    %pushi/vec4 0, 0, 1;
    %assign/vec4 v0000025e948e8c20_0, 0;
    %end;
    .thread T_6;
    .scope S_0000025e947db9f0;
T_7 ;
    %wait E_0000025e94858df0;
    %load/vec4 v0000025e948e2a10_0;
    %load/vec4 v0000025e948e1ed0_0;
    %concat/vec4; draw_concat_vec4
    %cmpi/e 16, 0, 8;
    %jmp/0xz  T_7.0, 4;
    %load/vec4 v0000025e948ea7a0_0;
    %assign/vec4 v0000025e948e2b50_0, 0;
    %load/vec4 v0000025e948e85e0_0;
    %assign/vec4 v0000025e948e1e30_0, 0;
    %jmp T_7.1;
T_7.0 ;
    %pushi/vec4 15, 0, 4;
    %assign/vec4 v0000025e948e2b50_0, 0;
    %pushi/vec4 0, 4294967295, 32;
    %assign/vec4 v0000025e948e1e30_0, 0;
T_7.1 ;
    %load/vec4 v0000025e948ea700_0;
    %assign/vec4 v0000025e948e28d0_0, 0;
    %load/vec4 v0000025e948e80e0_0;
    %assign/vec4 v0000025e948e1930_0, 0;
    %load/vec4 v0000025e948e8860_0;
    %assign/vec4 v0000025e948e2290_0, 0;
    %jmp T_7;
    .thread T_7;
    .scope S_0000025e947db860;
T_8 ;
    %pushi/vec4 0, 0, 1;
    %store/vec4 v0000025e948eb600_0, 0, 1;
    %end;
    .thread T_8;
    .scope S_0000025e947db860;
T_9 ;
    %pushi/vec4 0, 0, 1;
    %assign/vec4 v0000025e948eb920_0, 0;
    %pushi/vec4 0, 0, 32;
    %assign/vec4 v0000025e948eaa20_0, 0;
    %pushi/vec4 0, 0, 1;
    %assign/vec4 v0000025e948ebb00_0, 0;
    %pushi/vec4 0, 0, 32;
    %assign/vec4 v0000025e948eb1a0_0, 0;
    %pushi/vec4 0, 0, 1;
    %assign/vec4 v0000025e948eac00_0, 0;
    %delay 2000, 0;
    %pushi/vec4 0, 0, 32;
    %assign/vec4 v0000025e948eaa20_0, 0;
    %pushi/vec4 1, 0, 1;
    %assign/vec4 v0000025e948ebb00_0, 0;
    %pushi/vec4 284164224, 0, 32;
    %assign/vec4 v0000025e948eb1a0_0, 0;
    %delay 2000, 0;
    %pushi/vec4 1, 0, 32;
    %assign/vec4 v0000025e948eaa20_0, 0;
    %pushi/vec4 1, 0, 1;
    %assign/vec4 v0000025e948ebb00_0, 0;
    %pushi/vec4 284229761, 0, 32;
    %assign/vec4 v0000025e948eb1a0_0, 0;
    %delay 2000, 0;
    %pushi/vec4 2, 0, 32;
    %assign/vec4 v0000025e948eaa20_0, 0;
    %pushi/vec4 1, 0, 1;
    %assign/vec4 v0000025e948ebb00_0, 0;
    %pushi/vec4 284295298, 0, 32;
    %assign/vec4 v0000025e948eb1a0_0, 0;
    %delay 2000, 0;
    %pushi/vec4 3, 0, 32;
    %assign/vec4 v0000025e948eaa20_0, 0;
    %pushi/vec4 1, 0, 1;
    %assign/vec4 v0000025e948ebb00_0, 0;
    %pushi/vec4 284360835, 0, 32;
    %assign/vec4 v0000025e948eb1a0_0, 0;
    %delay 2000, 0;
    %pushi/vec4 4, 0, 32;
    %assign/vec4 v0000025e948eaa20_0, 0;
    %pushi/vec4 1, 0, 1;
    %assign/vec4 v0000025e948ebb00_0, 0;
    %pushi/vec4 284426372, 0, 32;
    %assign/vec4 v0000025e948eb1a0_0, 0;
    %delay 2000, 0;
    %pushi/vec4 5, 0, 32;
    %assign/vec4 v0000025e948eaa20_0, 0;
    %pushi/vec4 1, 0, 1;
    %assign/vec4 v0000025e948ebb00_0, 0;
    %pushi/vec4 284491909, 0, 32;
    %assign/vec4 v0000025e948eb1a0_0, 0;
    %delay 2000, 0;
    %pushi/vec4 6, 0, 32;
    %assign/vec4 v0000025e948eaa20_0, 0;
    %pushi/vec4 1, 0, 1;
    %assign/vec4 v0000025e948ebb00_0, 0;
    %pushi/vec4 284557446, 0, 32;
    %assign/vec4 v0000025e948eb1a0_0, 0;
    %delay 2000, 0;
    %pushi/vec4 7, 0, 32;
    %assign/vec4 v0000025e948eaa20_0, 0;
    %pushi/vec4 1, 0, 1;
    %assign/vec4 v0000025e948ebb00_0, 0;
    %pushi/vec4 284622983, 0, 32;
    %assign/vec4 v0000025e948eb1a0_0, 0;
    %delay 2000, 0;
    %pushi/vec4 0, 0, 32;
    %assign/vec4 v0000025e948eaa20_0, 0;
    %pushi/vec4 0, 0, 1;
    %assign/vec4 v0000025e948ebb00_0, 0;
    %pushi/vec4 0, 0, 32;
    %assign/vec4 v0000025e948eb1a0_0, 0;
    %delay 1000, 0;
    %pushi/vec4 1, 0, 1;
    %assign/vec4 v0000025e948eac00_0, 0;
    %delay 50000, 0;
    %vpi_call 2 54 "$stop" {0 0 0};
    %end;
    .thread T_9;
    .scope S_0000025e947db860;
T_10 ;
    %delay 1000, 0;
    %load/vec4 v0000025e948eb920_0;
    %inv;
    %store/vec4 v0000025e948eb920_0, 0, 1;
    %jmp T_10;
    .thread T_10;
    .scope S_0000025e947db860;
T_11 ;
    %vpi_call 2 58 "$dumpfile", "pro_tb2.vcd" {0 0 0};
    %vpi_call 2 59 "$dumpvars" {0 0 0};
    %end;
    .thread T_11;
# The file index is used to find the file name in the following table.
:file_names 7;
    "N/A";
    "<interactive>";
    ".\tb\pro_tb2.v";
    ".\processor.v";
    ".\alu.v";
    ".\ram.v";
    ".\regfile.v";
