#! /c/Source/iverilog-install/bin/vvp
:ivl_version "12.0 (devel)" "(s20150603-1110-g18392a46)";
:ivl_delay_selection "TYPICAL";
:vpi_time_precision - 11;
:vpi_module "D:\iVerilog\lib\ivl\system.vpi";
:vpi_module "D:\iVerilog\lib\ivl\vhdl_sys.vpi";
:vpi_module "D:\iVerilog\lib\ivl\vhdl_textio.vpi";
:vpi_module "D:\iVerilog\lib\ivl\v2005_math.vpi";
:vpi_module "D:\iVerilog\lib\ivl\va_math.vpi";
S_0000020ee61dce80 .scope module, "pro_tb4" "pro_tb4" 2 255;
 .timescale -9 -11;
v0000020ee628aea0_0 .var "addr", 8 0;
v0000020ee628a5e0_0 .var "clock", 0 0;
v0000020ee6289280_0 .net "r0", 31 0, v0000020ee6288c10_0;  1 drivers
v0000020ee6289460_0 .net "r1", 31 0, v0000020ee6288b70_0;  1 drivers
v0000020ee62895a0_0 .net "r2", 31 0, v0000020ee6288d50_0;  1 drivers
v0000020ee628a680_0 .net "r3", 31 0, v0000020ee6287d10_0;  1 drivers
v0000020ee628a720_0 .net "r4", 31 0, v0000020ee6288350_0;  1 drivers
v0000020ee628ab80_0 .net "r5", 31 0, v0000020ee6287b30_0;  1 drivers
v0000020ee62896e0_0 .net "r6", 31 0, v0000020ee6287bd0_0;  1 drivers
v0000020ee6289820_0 .net "r7", 31 0, v0000020ee6287090_0;  1 drivers
v0000020ee628a7c0_0 .net "valE", 31 0, L_0000020ee621b8b0;  1 drivers
v0000020ee628a900_0 .var "wdata", 31 0;
v0000020ee6289780_0 .var "working", 0 0;
v0000020ee628a9a0_0 .var "wr", 0 0;
S_0000020ee61dd010 .scope module, "processor" "processor" 2 272, 2 3 0, S_0000020ee61dce80;
 .timescale -9 -11;
    .port_info 0 /INPUT 1 "clock";
    .port_info 1 /INPUT 9 "addr";
    .port_info 2 /INPUT 1 "wr";
    .port_info 3 /INPUT 32 "wdata";
    .port_info 4 /INPUT 1 "working";
    .port_info 5 /OUTPUT 32 "valE";
    .port_info 6 /OUTPUT 32 "r0";
    .port_info 7 /OUTPUT 32 "r1";
    .port_info 8 /OUTPUT 32 "r2";
    .port_info 9 /OUTPUT 32 "r3";
    .port_info 10 /OUTPUT 32 "r4";
    .port_info 11 /OUTPUT 32 "r5";
    .port_info 12 /OUTPUT 32 "r6";
    .port_info 13 /OUTPUT 32 "r7";
P_0000020ee621f460 .param/l "ADD" 0 2 29, C4<00100000>;
P_0000020ee621f498 .param/l "AND" 0 2 31, C4<00100010>;
P_0000020ee621f4d0 .param/l "IRMOV" 0 2 28, C4<00010000>;
P_0000020ee621f508 .param/l "SUB" 0 2 30, C4<00100001>;
P_0000020ee621f540 .param/l "XOR" 0 2 32, C4<00100011>;
L_0000020ee621bd10 .functor BUFZ 32, v0000020ee6283aa0_0, C4<00000000000000000000000000000000>, C4<00000000000000000000000000000000>, C4<00000000000000000000000000000000>;
L_0000020ee621b8b0 .functor BUFZ 32, L_0000020ee62eaaa0, C4<00000000000000000000000000000000>, C4<00000000000000000000000000000000>, C4<00000000000000000000000000000000>;
v0000020ee6287590_0 .var "D_icode", 3 0;
v0000020ee6287db0_0 .var "D_ifun", 3 0;
v0000020ee6287c70_0 .var "D_rA", 3 0;
v0000020ee6287630_0 .var "D_rB", 3 0;
v0000020ee62883f0_0 .var "D_valA", 31 0;
v0000020ee6287e50_0 .var "D_valB", 31 0;
v0000020ee6287270_0 .var "D_valC", 15 0;
v0000020ee6288ad0_0 .var "E_dstE", 3 0;
v0000020ee62879f0_0 .var "E_dstM", 3 0;
v0000020ee6288cb0_0 .var "E_valE", 31 0;
v0000020ee6287ef0_0 .var "E_valM", 31 0;
v0000020ee6288490_0 .net "F_read", 31 0, L_0000020ee621bd10;  1 drivers
v0000020ee62876d0_0 .var "PC", 8 0;
L_0000020ee628bba8 .functor BUFT 1, C4<01>, C4<0>, C4<0>, C4<0>;
v0000020ee6288df0_0 .net/2s *"_ivl_2", 1 0, L_0000020ee628bba8;  1 drivers
v0000020ee62880d0_0 .net *"_ivl_30", 7 0, L_0000020ee62e9ba0;  1 drivers
L_0000020ee628bc38 .functor BUFT 1, C4<00100000>, C4<0>, C4<0>, C4<0>;
v0000020ee6288170_0 .net/2u *"_ivl_32", 7 0, L_0000020ee628bc38;  1 drivers
v0000020ee6287f90_0 .net *"_ivl_34", 0 0, L_0000020ee62e9b00;  1 drivers
L_0000020ee628bc80 .functor BUFT 1, C4<0000>, C4<0>, C4<0>, C4<0>;
v0000020ee6288030_0 .net/2u *"_ivl_36", 3 0, L_0000020ee628bc80;  1 drivers
v0000020ee6288e90_0 .net *"_ivl_38", 7 0, L_0000020ee62ea1e0;  1 drivers
L_0000020ee628bbf0 .functor BUFT 1, C4<00>, C4<0>, C4<0>, C4<0>;
v0000020ee6288f30_0 .net/2s *"_ivl_4", 1 0, L_0000020ee628bbf0;  1 drivers
L_0000020ee628bcc8 .functor BUFT 1, C4<00100001>, C4<0>, C4<0>, C4<0>;
v0000020ee6288530_0 .net/2u *"_ivl_40", 7 0, L_0000020ee628bcc8;  1 drivers
v0000020ee6287770_0 .net *"_ivl_42", 0 0, L_0000020ee62ea6e0;  1 drivers
L_0000020ee628bd10 .functor BUFT 1, C4<0001>, C4<0>, C4<0>, C4<0>;
v0000020ee62871d0_0 .net/2u *"_ivl_44", 3 0, L_0000020ee628bd10;  1 drivers
v0000020ee6287310_0 .net *"_ivl_46", 7 0, L_0000020ee62e97e0;  1 drivers
L_0000020ee628bd58 .functor BUFT 1, C4<00100010>, C4<0>, C4<0>, C4<0>;
v0000020ee62887b0_0 .net/2u *"_ivl_48", 7 0, L_0000020ee628bd58;  1 drivers
v0000020ee6287450_0 .net *"_ivl_50", 0 0, L_0000020ee62e9880;  1 drivers
L_0000020ee628bda0 .functor BUFT 1, C4<0010>, C4<0>, C4<0>, C4<0>;
v0000020ee62878b0_0 .net/2u *"_ivl_52", 3 0, L_0000020ee628bda0;  1 drivers
v0000020ee6287950_0 .net *"_ivl_54", 7 0, L_0000020ee62e9240;  1 drivers
L_0000020ee628bde8 .functor BUFT 1, C4<00100011>, C4<0>, C4<0>, C4<0>;
v0000020ee62885d0_0 .net/2u *"_ivl_56", 7 0, L_0000020ee628bde8;  1 drivers
v0000020ee6288850_0 .net *"_ivl_58", 0 0, L_0000020ee62e92e0;  1 drivers
v0000020ee62874f0_0 .net *"_ivl_6", 1 0, L_0000020ee62ea640;  1 drivers
L_0000020ee628be30 .functor BUFT 1, C4<0011>, C4<0>, C4<0>, C4<0>;
v0000020ee6288210_0 .net/2u *"_ivl_60", 3 0, L_0000020ee628be30;  1 drivers
o0000020ee622efc8 .functor BUFZ 4, C4<zzzz>; HiZ drive
; Elide local net with no drivers, v0000020ee62882b0_0 name=_ivl_62
v0000020ee62888f0_0 .net *"_ivl_64", 3 0, L_0000020ee62e9c40;  1 drivers
v0000020ee6282d80_0 .net *"_ivl_66", 3 0, L_0000020ee62ea820;  1 drivers
v0000020ee6289aa0_0 .net *"_ivl_68", 3 0, L_0000020ee62eabe0;  1 drivers
v0000020ee62893c0_0 .net "addr", 8 0, v0000020ee628aea0_0;  1 drivers
v0000020ee628a180_0 .net "clock", 0 0, v0000020ee628a5e0_0;  1 drivers
v0000020ee628a0e0_0 .var "d_icode", 3 0;
v0000020ee628a860_0 .var "d_ifun", 3 0;
v0000020ee62898c0_0 .var "d_rA", 3 0;
v0000020ee628a220_0 .var "d_rB", 3 0;
v0000020ee6289a00_0 .net "d_valA", 31 0, L_0000020ee62e3850;  1 drivers
v0000020ee628a2c0_0 .net "d_valB", 31 0, L_0000020ee62e4750;  1 drivers
v0000020ee628a540_0 .var "d_valC", 15 0;
v0000020ee62890a0_0 .net "e_alufun", 3 0, L_0000020ee62eac80;  1 drivers
v0000020ee6289500_0 .var "e_reg_rst", 0 0;
v0000020ee628a360_0 .net "e_valA", 31 0, v0000020ee62883f0_0;  1 drivers
v0000020ee6289320_0 .net "e_valB", 31 0, v0000020ee6287e50_0;  1 drivers
v0000020ee6289b40_0 .net "e_valE", 31 0, L_0000020ee62eaaa0;  1 drivers
v0000020ee6289be0_0 .net "f_addr", 8 0, L_0000020ee62ea5a0;  1 drivers
v0000020ee628a400_0 .net "f_rd", 0 0, L_0000020ee62eab40;  1 drivers
v0000020ee628a4a0_0 .net "f_rdata", 31 0, v0000020ee6283aa0_0;  1 drivers
v0000020ee6289c80_0 .net "r0", 31 0, v0000020ee6288c10_0;  alias, 1 drivers
v0000020ee62891e0_0 .net "r1", 31 0, v0000020ee6288b70_0;  alias, 1 drivers
v0000020ee628aa40_0 .net "r2", 31 0, v0000020ee6288d50_0;  alias, 1 drivers
v0000020ee6289960_0 .net "r3", 31 0, v0000020ee6287d10_0;  alias, 1 drivers
v0000020ee6289d20_0 .net "r4", 31 0, v0000020ee6288350_0;  alias, 1 drivers
v0000020ee6289dc0_0 .net "r5", 31 0, v0000020ee6287b30_0;  alias, 1 drivers
v0000020ee628acc0_0 .net "r6", 31 0, v0000020ee6287bd0_0;  alias, 1 drivers
v0000020ee6289e60_0 .net "r7", 31 0, v0000020ee6287090_0;  alias, 1 drivers
v0000020ee6289640_0 .net "valE", 31 0, L_0000020ee621b8b0;  alias, 1 drivers
v0000020ee6289f00_0 .var "w_dstE", 3 0;
v0000020ee628ae00_0 .var "w_dstM", 3 0;
v0000020ee6289fa0_0 .var "w_valE", 31 0;
v0000020ee628a040_0 .var "w_valM", 31 0;
v0000020ee6289140_0 .net "wdata", 31 0, v0000020ee628a900_0;  1 drivers
v0000020ee628af40_0 .net "working", 0 0, v0000020ee6289780_0;  1 drivers
v0000020ee628ad60_0 .net "wr", 0 0, v0000020ee628a9a0_0;  1 drivers
L_0000020ee62ea5a0 .functor MUXZ 9, v0000020ee628aea0_0, v0000020ee62876d0_0, v0000020ee6289780_0, C4<>;
L_0000020ee62ea640 .functor MUXZ 2, L_0000020ee628bbf0, L_0000020ee628bba8, v0000020ee6289780_0, C4<>;
L_0000020ee62eab40 .part L_0000020ee62ea640, 0, 1;
L_0000020ee62e9ba0 .concat [ 4 4 0 0], v0000020ee6287db0_0, v0000020ee6287590_0;
L_0000020ee62e9b00 .cmp/eq 8, L_0000020ee62e9ba0, L_0000020ee628bc38;
L_0000020ee62ea1e0 .concat [ 4 4 0 0], v0000020ee6287db0_0, v0000020ee6287590_0;
L_0000020ee62ea6e0 .cmp/eq 8, L_0000020ee62ea1e0, L_0000020ee628bcc8;
L_0000020ee62e97e0 .concat [ 4 4 0 0], v0000020ee6287db0_0, v0000020ee6287590_0;
L_0000020ee62e9880 .cmp/eq 8, L_0000020ee62e97e0, L_0000020ee628bd58;
L_0000020ee62e9240 .concat [ 4 4 0 0], v0000020ee6287db0_0, v0000020ee6287590_0;
L_0000020ee62e92e0 .cmp/eq 8, L_0000020ee62e9240, L_0000020ee628bde8;
L_0000020ee62e9c40 .functor MUXZ 4, o0000020ee622efc8, L_0000020ee628be30, L_0000020ee62e92e0, C4<>;
L_0000020ee62ea820 .functor MUXZ 4, L_0000020ee62e9c40, L_0000020ee628bda0, L_0000020ee62e9880, C4<>;
L_0000020ee62eabe0 .functor MUXZ 4, L_0000020ee62ea820, L_0000020ee628bd10, L_0000020ee62ea6e0, C4<>;
L_0000020ee62eac80 .functor MUXZ 4, L_0000020ee62eabe0, L_0000020ee628bc80, L_0000020ee62e9b00, C4<>;
S_0000020ee61dd1a0 .scope module, "alu" "alu" 2 61, 3 2 0, S_0000020ee61dd010;
 .timescale -9 -11;
    .port_info 0 /INPUT 32 "aluA";
    .port_info 1 /INPUT 32 "aluB";
    .port_info 2 /INPUT 4 "alufun";
    .port_info 3 /OUTPUT 32 "valE";
L_0000020ee621bae0 .functor AND 32, v0000020ee62883f0_0, v0000020ee6287e50_0, C4<11111111111111111111111111111111>, C4<11111111111111111111111111111111>;
L_0000020ee621c090 .functor NOT 32, v0000020ee62883f0_0, C4<00000000000000000000000000000000>, C4<00000000000000000000000000000000>, C4<00000000000000000000000000000000>;
L_0000020ee621b5a0 .functor AND 32, L_0000020ee621c090, v0000020ee6287e50_0, C4<11111111111111111111111111111111>, C4<11111111111111111111111111111111>;
L_0000020ee621b300 .functor NOT 32, v0000020ee6287e50_0, C4<00000000000000000000000000000000>, C4<00000000000000000000000000000000>, C4<00000000000000000000000000000000>;
L_0000020ee621b6f0 .functor AND 32, v0000020ee62883f0_0, L_0000020ee621b300, C4<11111111111111111111111111111111>, C4<11111111111111111111111111111111>;
L_0000020ee621b920 .functor OR 32, L_0000020ee621b5a0, L_0000020ee621b6f0, C4<00000000000000000000000000000000>, C4<00000000000000000000000000000000>;
v0000020ee62144a0_0 .net *"_ivl_0", 31 0, L_0000020ee62e4e30;  1 drivers
v0000020ee6214900_0 .net *"_ivl_10", 31 0, L_0000020ee62e3210;  1 drivers
L_0000020ee628b9f8 .functor BUFT 1, C4<0000000000000000000000000000>, C4<0>, C4<0>, C4<0>;
v0000020ee6215800_0 .net *"_ivl_13", 27 0, L_0000020ee628b9f8;  1 drivers
L_0000020ee628ba40 .functor BUFT 1, C4<00000000000000000000000000000001>, C4<0>, C4<0>, C4<0>;
v0000020ee6214b80_0 .net/2u *"_ivl_14", 31 0, L_0000020ee628ba40;  1 drivers
v0000020ee62140e0_0 .net *"_ivl_16", 0 0, L_0000020ee62ea960;  1 drivers
v0000020ee6213b40_0 .net *"_ivl_18", 31 0, L_0000020ee62e9d80;  1 drivers
v0000020ee6215120_0 .net *"_ivl_20", 31 0, L_0000020ee62eae60;  1 drivers
L_0000020ee628ba88 .functor BUFT 1, C4<0000000000000000000000000000>, C4<0>, C4<0>, C4<0>;
v0000020ee62153a0_0 .net *"_ivl_23", 27 0, L_0000020ee628ba88;  1 drivers
L_0000020ee628bad0 .functor BUFT 1, C4<00000000000000000000000000000010>, C4<0>, C4<0>, C4<0>;
v0000020ee6214c20_0 .net/2u *"_ivl_24", 31 0, L_0000020ee628bad0;  1 drivers
v0000020ee6213fa0_0 .net *"_ivl_26", 0 0, L_0000020ee62eaa00;  1 drivers
v0000020ee62147c0_0 .net *"_ivl_28", 31 0, L_0000020ee621bae0;  1 drivers
L_0000020ee628b968 .functor BUFT 1, C4<0000000000000000000000000000>, C4<0>, C4<0>, C4<0>;
v0000020ee6213be0_0 .net *"_ivl_3", 27 0, L_0000020ee628b968;  1 drivers
v0000020ee6215440_0 .net *"_ivl_30", 31 0, L_0000020ee62e9740;  1 drivers
L_0000020ee628bb18 .functor BUFT 1, C4<0000000000000000000000000000>, C4<0>, C4<0>, C4<0>;
v0000020ee62149a0_0 .net *"_ivl_33", 27 0, L_0000020ee628bb18;  1 drivers
L_0000020ee628bb60 .functor BUFT 1, C4<00000000000000000000000000000011>, C4<0>, C4<0>, C4<0>;
v0000020ee6213960_0 .net/2u *"_ivl_34", 31 0, L_0000020ee628bb60;  1 drivers
v0000020ee62154e0_0 .net *"_ivl_36", 0 0, L_0000020ee62e94c0;  1 drivers
v0000020ee6214f40_0 .net *"_ivl_38", 31 0, L_0000020ee621c090;  1 drivers
L_0000020ee628b9b0 .functor BUFT 1, C4<00000000000000000000000000000000>, C4<0>, C4<0>, C4<0>;
v0000020ee6214a40_0 .net/2u *"_ivl_4", 31 0, L_0000020ee628b9b0;  1 drivers
v0000020ee6214cc0_0 .net *"_ivl_40", 31 0, L_0000020ee621b5a0;  1 drivers
v0000020ee6213c80_0 .net *"_ivl_42", 31 0, L_0000020ee621b300;  1 drivers
v0000020ee6214fe0_0 .net *"_ivl_44", 31 0, L_0000020ee621b6f0;  1 drivers
v0000020ee6214d60_0 .net *"_ivl_46", 31 0, L_0000020ee621b920;  1 drivers
o0000020ee622cdd8 .functor BUFZ 32, C4<zzzzzzzzzzzzzzzzzzzzzzzzzzzzzzzz>; HiZ drive
; Elide local net with no drivers, v0000020ee6213e60_0 name=_ivl_48
v0000020ee6213dc0_0 .net *"_ivl_50", 31 0, L_0000020ee62ea780;  1 drivers
v0000020ee6215080_0 .net *"_ivl_52", 31 0, L_0000020ee62ea500;  1 drivers
v0000020ee62151c0_0 .net *"_ivl_54", 31 0, L_0000020ee62e91a0;  1 drivers
v0000020ee6215260_0 .net *"_ivl_6", 0 0, L_0000020ee62e4ed0;  1 drivers
v0000020ee6215300_0 .net *"_ivl_8", 31 0, L_0000020ee62e4f70;  1 drivers
v0000020ee6213f00_0 .net "aluA", 31 0, v0000020ee62883f0_0;  alias, 1 drivers
v0000020ee61fe980_0 .net "aluB", 31 0, v0000020ee6287e50_0;  alias, 1 drivers
v0000020ee61feca0_0 .net "alufun", 3 0, L_0000020ee62eac80;  alias, 1 drivers
v0000020ee6283d20_0 .net "valE", 31 0, L_0000020ee62eaaa0;  alias, 1 drivers
L_0000020ee62e4e30 .concat [ 4 28 0 0], L_0000020ee62eac80, L_0000020ee628b968;
L_0000020ee62e4ed0 .cmp/eq 32, L_0000020ee62e4e30, L_0000020ee628b9b0;
L_0000020ee62e4f70 .arith/sum 32, v0000020ee62883f0_0, v0000020ee6287e50_0;
L_0000020ee62e3210 .concat [ 4 28 0 0], L_0000020ee62eac80, L_0000020ee628b9f8;
L_0000020ee62ea960 .cmp/eq 32, L_0000020ee62e3210, L_0000020ee628ba40;
L_0000020ee62e9d80 .arith/sub 32, v0000020ee62883f0_0, v0000020ee6287e50_0;
L_0000020ee62eae60 .concat [ 4 28 0 0], L_0000020ee62eac80, L_0000020ee628ba88;
L_0000020ee62eaa00 .cmp/eq 32, L_0000020ee62eae60, L_0000020ee628bad0;
L_0000020ee62e9740 .concat [ 4 28 0 0], L_0000020ee62eac80, L_0000020ee628bb18;
L_0000020ee62e94c0 .cmp/eq 32, L_0000020ee62e9740, L_0000020ee628bb60;
L_0000020ee62ea780 .functor MUXZ 32, o0000020ee622cdd8, L_0000020ee621b920, L_0000020ee62e94c0, C4<>;
L_0000020ee62ea500 .functor MUXZ 32, L_0000020ee62ea780, L_0000020ee621bae0, L_0000020ee62eaa00, C4<>;
L_0000020ee62e91a0 .functor MUXZ 32, L_0000020ee62ea500, L_0000020ee62e9d80, L_0000020ee62ea960, C4<>;
L_0000020ee62eaaa0 .functor MUXZ 32, L_0000020ee62e91a0, L_0000020ee62e4f70, L_0000020ee62e4ed0, C4<>;
S_0000020ee5f9de00 .scope module, "ram" "ram" 2 33, 4 3 0, S_0000020ee61dd010;
 .timescale -9 -11;
    .port_info 0 /INPUT 1 "clock";
    .port_info 1 /INPUT 9 "addr";
    .port_info 2 /INPUT 1 "wr";
    .port_info 3 /INPUT 32 "wdata";
    .port_info 4 /INPUT 1 "rd";
    .port_info 5 /OUTPUT 32 "rdata";
v0000020ee6282060_0 .net "addr", 8 0, L_0000020ee62ea5a0;  alias, 1 drivers
v0000020ee6283640_0 .net "clock", 0 0, v0000020ee628a5e0_0;  alias, 1 drivers
v0000020ee6283f00 .array "ram", 0 255, 31 0;
v0000020ee6283a00_0 .net "rd", 0 0, L_0000020ee62eab40;  alias, 1 drivers
v0000020ee6283aa0_0 .var "rdata", 31 0;
v0000020ee6283b40_0 .net "wdata", 31 0, v0000020ee628a900_0;  alias, 1 drivers
v0000020ee6282f60_0 .net "wr", 0 0, v0000020ee628a9a0_0;  alias, 1 drivers
E_0000020ee62223c0 .event posedge, v0000020ee6283640_0;
S_0000020ee5f9df90 .scope module, "regfile" "regfile" 2 41, 5 3 0, S_0000020ee61dd010;
 .timescale -9 -11;
    .port_info 0 /INPUT 4 "dstE";
    .port_info 1 /INPUT 32 "valE";
    .port_info 2 /INPUT 4 "dstM";
    .port_info 3 /INPUT 32 "valM";
    .port_info 4 /INPUT 4 "rA";
    .port_info 5 /INPUT 4 "rB";
    .port_info 6 /INPUT 1 "reset";
    .port_info 7 /INPUT 1 "clock";
    .port_info 8 /OUTPUT 32 "valA";
    .port_info 9 /OUTPUT 32 "valB";
    .port_info 10 /OUTPUT 32 "r0";
    .port_info 11 /OUTPUT 32 "r1";
    .port_info 12 /OUTPUT 32 "r2";
    .port_info 13 /OUTPUT 32 "r3";
    .port_info 14 /OUTPUT 32 "r4";
    .port_info 15 /OUTPUT 32 "r5";
    .port_info 16 /OUTPUT 32 "r6";
    .port_info 17 /OUTPUT 32 "r7";
v0000020ee6283e60_0 .net *"_ivl_0", 31 0, L_0000020ee628aae0;  1 drivers
L_0000020ee628b608 .functor BUFT 1, C4<0000000000000000000000000000>, C4<0>, C4<0>, C4<0>;
v0000020ee62821a0_0 .net *"_ivl_101", 27 0, L_0000020ee628b608;  1 drivers
L_0000020ee628b650 .functor BUFT 1, C4<00000000000000000000000000000010>, C4<0>, C4<0>, C4<0>;
v0000020ee6283be0_0 .net/2u *"_ivl_102", 31 0, L_0000020ee628b650;  1 drivers
v0000020ee6282240_0 .net *"_ivl_104", 0 0, L_0000020ee62e3ad0;  1 drivers
v0000020ee6282100_0 .net *"_ivl_106", 31 0, L_0000020ee62e4a70;  1 drivers
L_0000020ee628b698 .functor BUFT 1, C4<0000000000000000000000000000>, C4<0>, C4<0>, C4<0>;
v0000020ee62829c0_0 .net *"_ivl_109", 27 0, L_0000020ee628b698;  1 drivers
L_0000020ee628b0f8 .functor BUFT 1, C4<0000000000000000000000000000>, C4<0>, C4<0>, C4<0>;
v0000020ee6283c80_0 .net *"_ivl_11", 27 0, L_0000020ee628b0f8;  1 drivers
L_0000020ee628b6e0 .functor BUFT 1, C4<00000000000000000000000000000011>, C4<0>, C4<0>, C4<0>;
v0000020ee6283280_0 .net/2u *"_ivl_110", 31 0, L_0000020ee628b6e0;  1 drivers
v0000020ee62826a0_0 .net *"_ivl_112", 0 0, L_0000020ee62e3f30;  1 drivers
v0000020ee6282ec0_0 .net *"_ivl_114", 31 0, L_0000020ee62e4110;  1 drivers
L_0000020ee628b728 .functor BUFT 1, C4<0000000000000000000000000000>, C4<0>, C4<0>, C4<0>;
v0000020ee6282740_0 .net *"_ivl_117", 27 0, L_0000020ee628b728;  1 drivers
L_0000020ee628b770 .functor BUFT 1, C4<00000000000000000000000000000100>, C4<0>, C4<0>, C4<0>;
v0000020ee6283500_0 .net/2u *"_ivl_118", 31 0, L_0000020ee628b770;  1 drivers
L_0000020ee628b140 .functor BUFT 1, C4<00000000000000000000000000000001>, C4<0>, C4<0>, C4<0>;
v0000020ee6283dc0_0 .net/2u *"_ivl_12", 31 0, L_0000020ee628b140;  1 drivers
v0000020ee62835a0_0 .net *"_ivl_120", 0 0, L_0000020ee62e4bb0;  1 drivers
v0000020ee6283320_0 .net *"_ivl_122", 31 0, L_0000020ee62e4070;  1 drivers
L_0000020ee628b7b8 .functor BUFT 1, C4<0000000000000000000000000000>, C4<0>, C4<0>, C4<0>;
v0000020ee62822e0_0 .net *"_ivl_125", 27 0, L_0000020ee628b7b8;  1 drivers
L_0000020ee628b800 .functor BUFT 1, C4<00000000000000000000000000000101>, C4<0>, C4<0>, C4<0>;
v0000020ee6282b00_0 .net/2u *"_ivl_126", 31 0, L_0000020ee628b800;  1 drivers
v0000020ee6282380_0 .net *"_ivl_128", 0 0, L_0000020ee62e3df0;  1 drivers
v0000020ee6283460_0 .net *"_ivl_130", 31 0, L_0000020ee62e3350;  1 drivers
L_0000020ee628b848 .functor BUFT 1, C4<0000000000000000000000000000>, C4<0>, C4<0>, C4<0>;
v0000020ee6282420_0 .net *"_ivl_133", 27 0, L_0000020ee628b848;  1 drivers
L_0000020ee628b890 .functor BUFT 1, C4<00000000000000000000000000000110>, C4<0>, C4<0>, C4<0>;
v0000020ee6283000_0 .net/2u *"_ivl_134", 31 0, L_0000020ee628b890;  1 drivers
v0000020ee62824c0_0 .net *"_ivl_136", 0 0, L_0000020ee62e4c50;  1 drivers
v0000020ee6282560_0 .net *"_ivl_138", 31 0, L_0000020ee62e3b70;  1 drivers
v0000020ee6282600_0 .net *"_ivl_14", 0 0, L_0000020ee62e3670;  1 drivers
L_0000020ee628b8d8 .functor BUFT 1, C4<0000000000000000000000000000>, C4<0>, C4<0>, C4<0>;
v0000020ee6282a60_0 .net *"_ivl_141", 27 0, L_0000020ee628b8d8;  1 drivers
L_0000020ee628b920 .functor BUFT 1, C4<00000000000000000000000000000111>, C4<0>, C4<0>, C4<0>;
v0000020ee62827e0_0 .net/2u *"_ivl_142", 31 0, L_0000020ee628b920;  1 drivers
v0000020ee62836e0_0 .net *"_ivl_144", 0 0, L_0000020ee62e37b0;  1 drivers
o0000020ee622d7c8 .functor BUFZ 32, C4<zzzzzzzzzzzzzzzzzzzzzzzzzzzzzzzz>; HiZ drive
; Elide local net with no drivers, v0000020ee6282ba0_0 name=_ivl_146
v0000020ee6282880_0 .net *"_ivl_148", 31 0, L_0000020ee62e3e90;  1 drivers
v0000020ee6282e20_0 .net *"_ivl_150", 31 0, L_0000020ee62e42f0;  1 drivers
v0000020ee6282c40_0 .net *"_ivl_152", 31 0, L_0000020ee62e4cf0;  1 drivers
v0000020ee62833c0_0 .net *"_ivl_154", 31 0, L_0000020ee62e4430;  1 drivers
v0000020ee6282920_0 .net *"_ivl_156", 31 0, L_0000020ee62e44d0;  1 drivers
v0000020ee6283780_0 .net *"_ivl_158", 31 0, L_0000020ee62e4610;  1 drivers
v0000020ee6282ce0_0 .net *"_ivl_16", 31 0, L_0000020ee62e3170;  1 drivers
v0000020ee62830a0_0 .net *"_ivl_160", 31 0, L_0000020ee62e46b0;  1 drivers
L_0000020ee628b188 .functor BUFT 1, C4<0000000000000000000000000000>, C4<0>, C4<0>, C4<0>;
v0000020ee6283820_0 .net *"_ivl_19", 27 0, L_0000020ee628b188;  1 drivers
L_0000020ee628b1d0 .functor BUFT 1, C4<00000000000000000000000000000010>, C4<0>, C4<0>, C4<0>;
v0000020ee62838c0_0 .net/2u *"_ivl_20", 31 0, L_0000020ee628b1d0;  1 drivers
v0000020ee6283960_0 .net *"_ivl_22", 0 0, L_0000020ee62e3c10;  1 drivers
v0000020ee6283140_0 .net *"_ivl_24", 31 0, L_0000020ee62e32b0;  1 drivers
L_0000020ee628b218 .functor BUFT 1, C4<0000000000000000000000000000>, C4<0>, C4<0>, C4<0>;
v0000020ee62831e0_0 .net *"_ivl_27", 27 0, L_0000020ee628b218;  1 drivers
L_0000020ee628b260 .functor BUFT 1, C4<00000000000000000000000000000011>, C4<0>, C4<0>, C4<0>;
v0000020ee6284930_0 .net/2u *"_ivl_28", 31 0, L_0000020ee628b260;  1 drivers
L_0000020ee628b068 .functor BUFT 1, C4<0000000000000000000000000000>, C4<0>, C4<0>, C4<0>;
v0000020ee6284610_0 .net *"_ivl_3", 27 0, L_0000020ee628b068;  1 drivers
v0000020ee6284390_0 .net *"_ivl_30", 0 0, L_0000020ee62e33f0;  1 drivers
v0000020ee6284d90_0 .net *"_ivl_32", 31 0, L_0000020ee62e3fd0;  1 drivers
L_0000020ee628b2a8 .functor BUFT 1, C4<0000000000000000000000000000>, C4<0>, C4<0>, C4<0>;
v0000020ee62850b0_0 .net *"_ivl_35", 27 0, L_0000020ee628b2a8;  1 drivers
L_0000020ee628b2f0 .functor BUFT 1, C4<00000000000000000000000000000100>, C4<0>, C4<0>, C4<0>;
v0000020ee6285830_0 .net/2u *"_ivl_36", 31 0, L_0000020ee628b2f0;  1 drivers
v0000020ee6284890_0 .net *"_ivl_38", 0 0, L_0000020ee62e3490;  1 drivers
L_0000020ee628b0b0 .functor BUFT 1, C4<00000000000000000000000000000000>, C4<0>, C4<0>, C4<0>;
v0000020ee6285a10_0 .net/2u *"_ivl_4", 31 0, L_0000020ee628b0b0;  1 drivers
v0000020ee62846b0_0 .net *"_ivl_40", 31 0, L_0000020ee62e49d0;  1 drivers
L_0000020ee628b338 .functor BUFT 1, C4<0000000000000000000000000000>, C4<0>, C4<0>, C4<0>;
v0000020ee6284110_0 .net *"_ivl_43", 27 0, L_0000020ee628b338;  1 drivers
L_0000020ee628b380 .functor BUFT 1, C4<00000000000000000000000000000101>, C4<0>, C4<0>, C4<0>;
v0000020ee6284cf0_0 .net/2u *"_ivl_44", 31 0, L_0000020ee628b380;  1 drivers
v0000020ee62853d0_0 .net *"_ivl_46", 0 0, L_0000020ee62e47f0;  1 drivers
v0000020ee62841b0_0 .net *"_ivl_48", 31 0, L_0000020ee62e4d90;  1 drivers
L_0000020ee628b3c8 .functor BUFT 1, C4<0000000000000000000000000000>, C4<0>, C4<0>, C4<0>;
v0000020ee6284a70_0 .net *"_ivl_51", 27 0, L_0000020ee628b3c8;  1 drivers
L_0000020ee628b410 .functor BUFT 1, C4<00000000000000000000000000000110>, C4<0>, C4<0>, C4<0>;
v0000020ee6284c50_0 .net/2u *"_ivl_52", 31 0, L_0000020ee628b410;  1 drivers
v0000020ee6285b50_0 .net *"_ivl_54", 0 0, L_0000020ee62e35d0;  1 drivers
v0000020ee6284430_0 .net *"_ivl_56", 31 0, L_0000020ee62e3cb0;  1 drivers
L_0000020ee628b458 .functor BUFT 1, C4<0000000000000000000000000000>, C4<0>, C4<0>, C4<0>;
v0000020ee6284750_0 .net *"_ivl_59", 27 0, L_0000020ee628b458;  1 drivers
v0000020ee62842f0_0 .net *"_ivl_6", 0 0, L_0000020ee628ac20;  1 drivers
L_0000020ee628b4a0 .functor BUFT 1, C4<00000000000000000000000000000111>, C4<0>, C4<0>, C4<0>;
v0000020ee6284250_0 .net/2u *"_ivl_60", 31 0, L_0000020ee628b4a0;  1 drivers
v0000020ee62858d0_0 .net *"_ivl_62", 0 0, L_0000020ee62e3a30;  1 drivers
o0000020ee622de58 .functor BUFZ 32, C4<zzzzzzzzzzzzzzzzzzzzzzzzzzzzzzzz>; HiZ drive
; Elide local net with no drivers, v0000020ee6285ab0_0 name=_ivl_64
v0000020ee62844d0_0 .net *"_ivl_66", 31 0, L_0000020ee62e4b10;  1 drivers
v0000020ee6284bb0_0 .net *"_ivl_68", 31 0, L_0000020ee62e4390;  1 drivers
v0000020ee62847f0_0 .net *"_ivl_70", 31 0, L_0000020ee62e4890;  1 drivers
v0000020ee6285bf0_0 .net *"_ivl_72", 31 0, L_0000020ee62e3710;  1 drivers
v0000020ee6285010_0 .net *"_ivl_74", 31 0, L_0000020ee62e3530;  1 drivers
v0000020ee6284570_0 .net *"_ivl_76", 31 0, L_0000020ee62e4570;  1 drivers
v0000020ee6284e30_0 .net *"_ivl_78", 31 0, L_0000020ee62e3d50;  1 drivers
v0000020ee62849d0_0 .net *"_ivl_8", 31 0, L_0000020ee62e4250;  1 drivers
v0000020ee6285290_0 .net *"_ivl_82", 31 0, L_0000020ee62e4930;  1 drivers
L_0000020ee628b4e8 .functor BUFT 1, C4<0000000000000000000000000000>, C4<0>, C4<0>, C4<0>;
v0000020ee6285790_0 .net *"_ivl_85", 27 0, L_0000020ee628b4e8;  1 drivers
L_0000020ee628b530 .functor BUFT 1, C4<00000000000000000000000000000000>, C4<0>, C4<0>, C4<0>;
v0000020ee6285330_0 .net/2u *"_ivl_86", 31 0, L_0000020ee628b530;  1 drivers
v0000020ee6285970_0 .net *"_ivl_88", 0 0, L_0000020ee62e30d0;  1 drivers
v0000020ee6285c90_0 .net *"_ivl_90", 31 0, L_0000020ee62e38f0;  1 drivers
L_0000020ee628b578 .functor BUFT 1, C4<0000000000000000000000000000>, C4<0>, C4<0>, C4<0>;
v0000020ee6285510_0 .net *"_ivl_93", 27 0, L_0000020ee628b578;  1 drivers
L_0000020ee628b5c0 .functor BUFT 1, C4<00000000000000000000000000000001>, C4<0>, C4<0>, C4<0>;
v0000020ee6284b10_0 .net/2u *"_ivl_94", 31 0, L_0000020ee628b5c0;  1 drivers
v0000020ee6284ed0_0 .net *"_ivl_96", 0 0, L_0000020ee62e41b0;  1 drivers
v0000020ee6284f70_0 .net *"_ivl_98", 31 0, L_0000020ee62e3990;  1 drivers
v0000020ee6285470_0 .net "clock", 0 0, v0000020ee628a5e0_0;  alias, 1 drivers
v0000020ee6285150_0 .net "dstE", 3 0, v0000020ee6289f00_0;  1 drivers
v0000020ee6285d30_0 .net "dstM", 3 0, v0000020ee628ae00_0;  1 drivers
v0000020ee62851f0_0 .net "r0", 31 0, v0000020ee6288c10_0;  alias, 1 drivers
v0000020ee62855b0_0 .net "r1", 31 0, v0000020ee6288b70_0;  alias, 1 drivers
v0000020ee6285650_0 .net "r2", 31 0, v0000020ee6288d50_0;  alias, 1 drivers
v0000020ee62856f0_0 .net "r3", 31 0, v0000020ee6287d10_0;  alias, 1 drivers
v0000020ee6285dd0_0 .net "r4", 31 0, v0000020ee6288350_0;  alias, 1 drivers
v0000020ee6285e70_0 .net "r5", 31 0, v0000020ee6287b30_0;  alias, 1 drivers
v0000020ee6285f10_0 .net "r6", 31 0, v0000020ee6287bd0_0;  alias, 1 drivers
v0000020ee6284070_0 .net "r7", 31 0, v0000020ee6287090_0;  alias, 1 drivers
v0000020ee6288990_0 .net "rA", 3 0, v0000020ee62898c0_0;  1 drivers
v0000020ee6288a30_0 .net "rB", 3 0, v0000020ee628a220_0;  1 drivers
v0000020ee6288c10_0 .var "r_r0", 31 0;
v0000020ee6288b70_0 .var "r_r1", 31 0;
v0000020ee6288d50_0 .var "r_r2", 31 0;
v0000020ee6287d10_0 .var "r_r3", 31 0;
v0000020ee6288350_0 .var "r_r4", 31 0;
v0000020ee6287b30_0 .var "r_r5", 31 0;
v0000020ee6287bd0_0 .var "r_r6", 31 0;
v0000020ee6287090_0 .var "r_r7", 31 0;
v0000020ee6287130_0 .net "reset", 0 0, v0000020ee6289500_0;  1 drivers
v0000020ee6288670_0 .net "valA", 31 0, L_0000020ee62e3850;  alias, 1 drivers
v0000020ee62873b0_0 .net "valB", 31 0, L_0000020ee62e4750;  alias, 1 drivers
v0000020ee6287810_0 .net "valE", 31 0, v0000020ee6289fa0_0;  1 drivers
v0000020ee6287a90_0 .net "valM", 31 0, v0000020ee628a040_0;  1 drivers
E_0000020ee6222d00/0 .event negedge, v0000020ee6287130_0;
E_0000020ee6222d00/1 .event posedge, v0000020ee6283640_0;
E_0000020ee6222d00 .event/or E_0000020ee6222d00/0, E_0000020ee6222d00/1;
L_0000020ee628aae0 .concat [ 4 28 0 0], v0000020ee62898c0_0, L_0000020ee628b068;
L_0000020ee628ac20 .cmp/eq 32, L_0000020ee628aae0, L_0000020ee628b0b0;
L_0000020ee62e4250 .concat [ 4 28 0 0], v0000020ee62898c0_0, L_0000020ee628b0f8;
L_0000020ee62e3670 .cmp/eq 32, L_0000020ee62e4250, L_0000020ee628b140;
L_0000020ee62e3170 .concat [ 4 28 0 0], v0000020ee62898c0_0, L_0000020ee628b188;
L_0000020ee62e3c10 .cmp/eq 32, L_0000020ee62e3170, L_0000020ee628b1d0;
L_0000020ee62e32b0 .concat [ 4 28 0 0], v0000020ee62898c0_0, L_0000020ee628b218;
L_0000020ee62e33f0 .cmp/eq 32, L_0000020ee62e32b0, L_0000020ee628b260;
L_0000020ee62e3fd0 .concat [ 4 28 0 0], v0000020ee62898c0_0, L_0000020ee628b2a8;
L_0000020ee62e3490 .cmp/eq 32, L_0000020ee62e3fd0, L_0000020ee628b2f0;
L_0000020ee62e49d0 .concat [ 4 28 0 0], v0000020ee62898c0_0, L_0000020ee628b338;
L_0000020ee62e47f0 .cmp/eq 32, L_0000020ee62e49d0, L_0000020ee628b380;
L_0000020ee62e4d90 .concat [ 4 28 0 0], v0000020ee62898c0_0, L_0000020ee628b3c8;
L_0000020ee62e35d0 .cmp/eq 32, L_0000020ee62e4d90, L_0000020ee628b410;
L_0000020ee62e3cb0 .concat [ 4 28 0 0], v0000020ee62898c0_0, L_0000020ee628b458;
L_0000020ee62e3a30 .cmp/eq 32, L_0000020ee62e3cb0, L_0000020ee628b4a0;
L_0000020ee62e4b10 .functor MUXZ 32, o0000020ee622de58, v0000020ee6287090_0, L_0000020ee62e3a30, C4<>;
L_0000020ee62e4390 .functor MUXZ 32, L_0000020ee62e4b10, v0000020ee6287bd0_0, L_0000020ee62e35d0, C4<>;
L_0000020ee62e4890 .functor MUXZ 32, L_0000020ee62e4390, v0000020ee6287b30_0, L_0000020ee62e47f0, C4<>;
L_0000020ee62e3710 .functor MUXZ 32, L_0000020ee62e4890, v0000020ee6288350_0, L_0000020ee62e3490, C4<>;
L_0000020ee62e3530 .functor MUXZ 32, L_0000020ee62e3710, v0000020ee6287d10_0, L_0000020ee62e33f0, C4<>;
L_0000020ee62e4570 .functor MUXZ 32, L_0000020ee62e3530, v0000020ee6288d50_0, L_0000020ee62e3c10, C4<>;
L_0000020ee62e3d50 .functor MUXZ 32, L_0000020ee62e4570, v0000020ee6288b70_0, L_0000020ee62e3670, C4<>;
L_0000020ee62e3850 .functor MUXZ 32, L_0000020ee62e3d50, v0000020ee6288c10_0, L_0000020ee628ac20, C4<>;
L_0000020ee62e4930 .concat [ 4 28 0 0], v0000020ee628a220_0, L_0000020ee628b4e8;
L_0000020ee62e30d0 .cmp/eq 32, L_0000020ee62e4930, L_0000020ee628b530;
L_0000020ee62e38f0 .concat [ 4 28 0 0], v0000020ee628a220_0, L_0000020ee628b578;
L_0000020ee62e41b0 .cmp/eq 32, L_0000020ee62e38f0, L_0000020ee628b5c0;
L_0000020ee62e3990 .concat [ 4 28 0 0], v0000020ee628a220_0, L_0000020ee628b608;
L_0000020ee62e3ad0 .cmp/eq 32, L_0000020ee62e3990, L_0000020ee628b650;
L_0000020ee62e4a70 .concat [ 4 28 0 0], v0000020ee628a220_0, L_0000020ee628b698;
L_0000020ee62e3f30 .cmp/eq 32, L_0000020ee62e4a70, L_0000020ee628b6e0;
L_0000020ee62e4110 .concat [ 4 28 0 0], v0000020ee628a220_0, L_0000020ee628b728;
L_0000020ee62e4bb0 .cmp/eq 32, L_0000020ee62e4110, L_0000020ee628b770;
L_0000020ee62e4070 .concat [ 4 28 0 0], v0000020ee628a220_0, L_0000020ee628b7b8;
L_0000020ee62e3df0 .cmp/eq 32, L_0000020ee62e4070, L_0000020ee628b800;
L_0000020ee62e3350 .concat [ 4 28 0 0], v0000020ee628a220_0, L_0000020ee628b848;
L_0000020ee62e4c50 .cmp/eq 32, L_0000020ee62e3350, L_0000020ee628b890;
L_0000020ee62e3b70 .concat [ 4 28 0 0], v0000020ee628a220_0, L_0000020ee628b8d8;
L_0000020ee62e37b0 .cmp/eq 32, L_0000020ee62e3b70, L_0000020ee628b920;
L_0000020ee62e3e90 .functor MUXZ 32, o0000020ee622d7c8, v0000020ee6287090_0, L_0000020ee62e37b0, C4<>;
L_0000020ee62e42f0 .functor MUXZ 32, L_0000020ee62e3e90, v0000020ee6287bd0_0, L_0000020ee62e4c50, C4<>;
L_0000020ee62e4cf0 .functor MUXZ 32, L_0000020ee62e42f0, v0000020ee6287b30_0, L_0000020ee62e3df0, C4<>;
L_0000020ee62e4430 .functor MUXZ 32, L_0000020ee62e4cf0, v0000020ee6288350_0, L_0000020ee62e4bb0, C4<>;
L_0000020ee62e44d0 .functor MUXZ 32, L_0000020ee62e4430, v0000020ee6287d10_0, L_0000020ee62e3f30, C4<>;
L_0000020ee62e4610 .functor MUXZ 32, L_0000020ee62e44d0, v0000020ee6288d50_0, L_0000020ee62e3ad0, C4<>;
L_0000020ee62e46b0 .functor MUXZ 32, L_0000020ee62e4610, v0000020ee6288b70_0, L_0000020ee62e41b0, C4<>;
L_0000020ee62e4750 .functor MUXZ 32, L_0000020ee62e46b0, v0000020ee6288c10_0, L_0000020ee62e30d0, C4<>;
    .scope S_0000020ee5f9de00;
T_0 ;
    %pushi/vec4 0, 4294967295, 32;
    %store/vec4 v0000020ee6283aa0_0, 0, 32;
    %end;
    .thread T_0;
    .scope S_0000020ee5f9de00;
T_1 ;
    %wait E_0000020ee62223c0;
    %load/vec4 v0000020ee6282f60_0;
    %flag_set/vec4 8;
    %jmp/0xz  T_1.0, 8;
    %load/vec4 v0000020ee6283b40_0;
    %load/vec4 v0000020ee6282060_0;
    %pad/u 10;
    %ix/vec4 3;
    %ix/load 4, 0, 0; Constant delay
    %assign/vec4/a/d v0000020ee6283f00, 0, 4;
T_1.0 ;
    %load/vec4 v0000020ee6283a00_0;
    %flag_set/vec4 8;
    %jmp/0xz  T_1.2, 8;
    %load/vec4 v0000020ee6282060_0;
    %pad/u 10;
    %ix/vec4 4;
    %load/vec4a v0000020ee6283f00, 4;
    %assign/vec4 v0000020ee6283aa0_0, 0;
    %jmp T_1.3;
T_1.2 ;
    %pushi/vec4 0, 4294967295, 32;
    %assign/vec4 v0000020ee6283aa0_0, 0;
T_1.3 ;
    %jmp T_1;
    .thread T_1;
    .scope S_0000020ee5f9df90;
T_2 ;
    %wait E_0000020ee6222d00;
    %load/vec4 v0000020ee6287130_0;
    %flag_set/vec4 8;
    %jmp/0xz  T_2.0, 8;
    %pushi/vec4 0, 0, 32;
    %assign/vec4 v0000020ee6288c10_0, 0;
    %pushi/vec4 0, 0, 32;
    %assign/vec4 v0000020ee6288b70_0, 0;
    %pushi/vec4 0, 0, 32;
    %assign/vec4 v0000020ee6288d50_0, 0;
    %pushi/vec4 0, 0, 32;
    %assign/vec4 v0000020ee6287d10_0, 0;
    %pushi/vec4 0, 0, 32;
    %assign/vec4 v0000020ee6288350_0, 0;
    %pushi/vec4 0, 0, 32;
    %assign/vec4 v0000020ee6287b30_0, 0;
    %pushi/vec4 0, 0, 32;
    %assign/vec4 v0000020ee6287bd0_0, 0;
    %pushi/vec4 0, 0, 32;
    %assign/vec4 v0000020ee6287090_0, 0;
    %jmp T_2.1;
T_2.0 ;
    %load/vec4 v0000020ee6285150_0;
    %dup/vec4;
    %pushi/vec4 0, 0, 4;
    %cmp/u;
    %jmp/1 T_2.2, 6;
    %dup/vec4;
    %pushi/vec4 1, 0, 4;
    %cmp/u;
    %jmp/1 T_2.3, 6;
    %dup/vec4;
    %pushi/vec4 2, 0, 4;
    %cmp/u;
    %jmp/1 T_2.4, 6;
    %dup/vec4;
    %pushi/vec4 3, 0, 4;
    %cmp/u;
    %jmp/1 T_2.5, 6;
    %dup/vec4;
    %pushi/vec4 4, 0, 4;
    %cmp/u;
    %jmp/1 T_2.6, 6;
    %dup/vec4;
    %pushi/vec4 5, 0, 4;
    %cmp/u;
    %jmp/1 T_2.7, 6;
    %dup/vec4;
    %pushi/vec4 6, 0, 4;
    %cmp/u;
    %jmp/1 T_2.8, 6;
    %dup/vec4;
    %pushi/vec4 7, 0, 4;
    %cmp/u;
    %jmp/1 T_2.9, 6;
    %jmp T_2.10;
T_2.2 ;
    %load/vec4 v0000020ee6287810_0;
    %assign/vec4 v0000020ee6288c10_0, 0;
    %jmp T_2.10;
T_2.3 ;
    %load/vec4 v0000020ee6287810_0;
    %assign/vec4 v0000020ee6288b70_0, 0;
    %jmp T_2.10;
T_2.4 ;
    %load/vec4 v0000020ee6287810_0;
    %assign/vec4 v0000020ee6288d50_0, 0;
    %jmp T_2.10;
T_2.5 ;
    %load/vec4 v0000020ee6287810_0;
    %assign/vec4 v0000020ee6287d10_0, 0;
    %jmp T_2.10;
T_2.6 ;
    %load/vec4 v0000020ee6287810_0;
    %assign/vec4 v0000020ee6288350_0, 0;
    %jmp T_2.10;
T_2.7 ;
    %load/vec4 v0000020ee6287810_0;
    %assign/vec4 v0000020ee6287b30_0, 0;
    %jmp T_2.10;
T_2.8 ;
    %load/vec4 v0000020ee6287810_0;
    %assign/vec4 v0000020ee6287bd0_0, 0;
    %jmp T_2.10;
T_2.9 ;
    %load/vec4 v0000020ee6287810_0;
    %assign/vec4 v0000020ee6287090_0, 0;
    %jmp T_2.10;
T_2.10 ;
    %pop/vec4 1;
    %load/vec4 v0000020ee6285d30_0;
    %dup/vec4;
    %pushi/vec4 0, 0, 4;
    %cmp/u;
    %jmp/1 T_2.11, 6;
    %dup/vec4;
    %pushi/vec4 1, 0, 4;
    %cmp/u;
    %jmp/1 T_2.12, 6;
    %dup/vec4;
    %pushi/vec4 2, 0, 4;
    %cmp/u;
    %jmp/1 T_2.13, 6;
    %dup/vec4;
    %pushi/vec4 3, 0, 4;
    %cmp/u;
    %jmp/1 T_2.14, 6;
    %dup/vec4;
    %pushi/vec4 4, 0, 4;
    %cmp/u;
    %jmp/1 T_2.15, 6;
    %dup/vec4;
    %pushi/vec4 5, 0, 4;
    %cmp/u;
    %jmp/1 T_2.16, 6;
    %dup/vec4;
    %pushi/vec4 6, 0, 4;
    %cmp/u;
    %jmp/1 T_2.17, 6;
    %dup/vec4;
    %pushi/vec4 7, 0, 4;
    %cmp/u;
    %jmp/1 T_2.18, 6;
    %jmp T_2.19;
T_2.11 ;
    %load/vec4 v0000020ee6287a90_0;
    %assign/vec4 v0000020ee6288c10_0, 0;
    %jmp T_2.19;
T_2.12 ;
    %load/vec4 v0000020ee6287a90_0;
    %assign/vec4 v0000020ee6288b70_0, 0;
    %jmp T_2.19;
T_2.13 ;
    %load/vec4 v0000020ee6287a90_0;
    %assign/vec4 v0000020ee6288d50_0, 0;
    %jmp T_2.19;
T_2.14 ;
    %load/vec4 v0000020ee6287a90_0;
    %assign/vec4 v0000020ee6287d10_0, 0;
    %jmp T_2.19;
T_2.15 ;
    %load/vec4 v0000020ee6287a90_0;
    %assign/vec4 v0000020ee6288350_0, 0;
    %jmp T_2.19;
T_2.16 ;
    %load/vec4 v0000020ee6287a90_0;
    %assign/vec4 v0000020ee6287b30_0, 0;
    %jmp T_2.19;
T_2.17 ;
    %load/vec4 v0000020ee6287a90_0;
    %assign/vec4 v0000020ee6287bd0_0, 0;
    %jmp T_2.19;
T_2.18 ;
    %load/vec4 v0000020ee6287a90_0;
    %assign/vec4 v0000020ee6287090_0, 0;
    %jmp T_2.19;
T_2.19 ;
    %pop/vec4 1;
T_2.1 ;
    %jmp T_2;
    .thread T_2;
    .scope S_0000020ee61dd010;
T_3 ;
    %pushi/vec4 0, 0, 9;
    %store/vec4 v0000020ee62876d0_0, 0, 9;
    %pushi/vec4 0, 15, 4;
    %store/vec4 v0000020ee628a0e0_0, 0, 4;
    %pushi/vec4 0, 15, 4;
    %store/vec4 v0000020ee628a860_0, 0, 4;
    %pushi/vec4 0, 15, 4;
    %store/vec4 v0000020ee62898c0_0, 0, 4;
    %pushi/vec4 0, 15, 4;
    %store/vec4 v0000020ee628a220_0, 0, 4;
    %pushi/vec4 0, 65535, 16;
    %store/vec4 v0000020ee628a540_0, 0, 16;
    %pushi/vec4 0, 15, 4;
    %store/vec4 v0000020ee6287590_0, 0, 4;
    %pushi/vec4 0, 15, 4;
    %store/vec4 v0000020ee6287db0_0, 0, 4;
    %pushi/vec4 0, 15, 4;
    %store/vec4 v0000020ee6287c70_0, 0, 4;
    %pushi/vec4 0, 15, 4;
    %store/vec4 v0000020ee6287630_0, 0, 4;
    %pushi/vec4 0, 4294967295, 32;
    %store/vec4 v0000020ee62883f0_0, 0, 32;
    %pushi/vec4 0, 4294967295, 32;
    %store/vec4 v0000020ee6287e50_0, 0, 32;
    %pushi/vec4 0, 65535, 16;
    %store/vec4 v0000020ee6287270_0, 0, 16;
    %pushi/vec4 0, 15, 4;
    %store/vec4 v0000020ee62879f0_0, 0, 4;
    %pushi/vec4 0, 4294967295, 32;
    %store/vec4 v0000020ee6287ef0_0, 0, 32;
    %pushi/vec4 0, 15, 4;
    %store/vec4 v0000020ee6288ad0_0, 0, 4;
    %pushi/vec4 0, 4294967295, 32;
    %store/vec4 v0000020ee6288cb0_0, 0, 32;
    %pushi/vec4 0, 15, 4;
    %store/vec4 v0000020ee628ae00_0, 0, 4;
    %pushi/vec4 0, 4294967295, 32;
    %store/vec4 v0000020ee628a040_0, 0, 32;
    %pushi/vec4 0, 15, 4;
    %store/vec4 v0000020ee6289f00_0, 0, 4;
    %pushi/vec4 0, 4294967295, 32;
    %store/vec4 v0000020ee6289fa0_0, 0, 32;
    %end;
    .thread T_3;
    .scope S_0000020ee61dd010;
T_4 ;
    %wait E_0000020ee62223c0;
    %load/vec4 v0000020ee628af40_0;
    %flag_set/vec4 8;
    %jmp/0xz  T_4.0, 8;
    %load/vec4 v0000020ee62876d0_0;
    %addi 1, 0, 9;
    %assign/vec4 v0000020ee62876d0_0, 0;
T_4.0 ;
    %jmp T_4;
    .thread T_4;
    .scope S_0000020ee61dd010;
T_5 ;
    %wait E_0000020ee62223c0;
    %load/vec4 v0000020ee628af40_0;
    %flag_set/vec4 8;
    %jmp/0xz  T_5.0, 8;
    %load/vec4 v0000020ee6288490_0;
    %parti/s 4, 28, 6;
    %assign/vec4 v0000020ee628a0e0_0, 0;
    %load/vec4 v0000020ee6288490_0;
    %parti/s 4, 24, 6;
    %assign/vec4 v0000020ee628a860_0, 0;
    %load/vec4 v0000020ee6288490_0;
    %parti/s 4, 20, 6;
    %assign/vec4 v0000020ee62898c0_0, 0;
    %load/vec4 v0000020ee6288490_0;
    %parti/s 4, 16, 6;
    %assign/vec4 v0000020ee628a220_0, 0;
    %load/vec4 v0000020ee6288490_0;
    %parti/s 16, 0, 2;
    %assign/vec4 v0000020ee628a540_0, 0;
    %load/vec4 v0000020ee628a0e0_0;
    %assign/vec4 v0000020ee6287590_0, 0;
    %load/vec4 v0000020ee628a860_0;
    %assign/vec4 v0000020ee6287db0_0, 0;
    %load/vec4 v0000020ee62898c0_0;
    %assign/vec4 v0000020ee6287c70_0, 0;
    %load/vec4 v0000020ee628a220_0;
    %assign/vec4 v0000020ee6287630_0, 0;
    %load/vec4 v0000020ee628a540_0;
    %assign/vec4 v0000020ee6287270_0, 0;
    %load/vec4 v0000020ee6289a00_0;
    %assign/vec4 v0000020ee62883f0_0, 0;
    %load/vec4 v0000020ee628a2c0_0;
    %assign/vec4 v0000020ee6287e50_0, 0;
T_5.0 ;
    %jmp T_5;
    .thread T_5;
    .scope S_0000020ee61dd010;
T_6 ;
    %pushi/vec4 1, 0, 1;
    %assign/vec4 v0000020ee6289500_0, 0;
    %delay 2000, 0;
    %pushi/vec4 0, 0, 1;
    %assign/vec4 v0000020ee6289500_0, 0;
    %end;
    .thread T_6;
    .scope S_0000020ee61dd010;
T_7 ;
    %wait E_0000020ee62223c0;
    %load/vec4 v0000020ee6287590_0;
    %load/vec4 v0000020ee6287db0_0;
    %concat/vec4; draw_concat_vec4
    %cmpi/e 16, 0, 8;
    %jmp/0xz  T_7.0, 4;
    %load/vec4 v0000020ee6287630_0;
    %assign/vec4 v0000020ee62879f0_0, 0;
    %load/vec4 v0000020ee6287270_0;
    %pad/u 32;
    %assign/vec4 v0000020ee6287ef0_0, 0;
    %jmp T_7.1;
T_7.0 ;
    %pushi/vec4 0, 15, 4;
    %assign/vec4 v0000020ee62879f0_0, 0;
    %pushi/vec4 0, 4294967295, 32;
    %assign/vec4 v0000020ee6287ef0_0, 0;
T_7.1 ;
    %load/vec4 v0000020ee6287c70_0;
    %assign/vec4 v0000020ee6288ad0_0, 0;
    %load/vec4 v0000020ee6289b40_0;
    %assign/vec4 v0000020ee6288cb0_0, 0;
    %jmp T_7;
    .thread T_7;
    .scope S_0000020ee61dd010;
T_8 ;
    %wait E_0000020ee62223c0;
    %load/vec4 v0000020ee62879f0_0;
    %assign/vec4 v0000020ee628ae00_0, 0;
    %load/vec4 v0000020ee6287ef0_0;
    %assign/vec4 v0000020ee628a040_0, 0;
    %load/vec4 v0000020ee6288ad0_0;
    %assign/vec4 v0000020ee6289f00_0, 0;
    %load/vec4 v0000020ee6288cb0_0;
    %assign/vec4 v0000020ee6289fa0_0, 0;
    %jmp T_8;
    .thread T_8;
    .scope S_0000020ee61dce80;
T_9 ;
    %pushi/vec4 0, 0, 1;
    %assign/vec4 v0000020ee628a5e0_0, 0;
    %pushi/vec4 0, 0, 9;
    %assign/vec4 v0000020ee628aea0_0, 0;
    %pushi/vec4 0, 0, 1;
    %assign/vec4 v0000020ee628a9a0_0, 0;
    %pushi/vec4 0, 0, 32;
    %assign/vec4 v0000020ee628a900_0, 0;
    %pushi/vec4 0, 0, 1;
    %assign/vec4 v0000020ee6289780_0, 0;
    %delay 2000, 0;
    %pushi/vec4 0, 0, 9;
    %assign/vec4 v0000020ee628aea0_0, 0;
    %pushi/vec4 1, 0, 1;
    %assign/vec4 v0000020ee628a9a0_0, 0;
    %pushi/vec4 284164224, 0, 32;
    %assign/vec4 v0000020ee628a900_0, 0;
    %delay 2000, 0;
    %pushi/vec4 1, 0, 9;
    %assign/vec4 v0000020ee628aea0_0, 0;
    %pushi/vec4 1, 0, 1;
    %assign/vec4 v0000020ee628a9a0_0, 0;
    %pushi/vec4 284229761, 0, 32;
    %assign/vec4 v0000020ee628a900_0, 0;
    %delay 2000, 0;
    %pushi/vec4 2, 0, 9;
    %assign/vec4 v0000020ee628aea0_0, 0;
    %pushi/vec4 1, 0, 1;
    %assign/vec4 v0000020ee628a9a0_0, 0;
    %pushi/vec4 284295298, 0, 32;
    %assign/vec4 v0000020ee628a900_0, 0;
    %delay 2000, 0;
    %pushi/vec4 3, 0, 9;
    %assign/vec4 v0000020ee628aea0_0, 0;
    %pushi/vec4 1, 0, 1;
    %assign/vec4 v0000020ee628a9a0_0, 0;
    %pushi/vec4 284360835, 0, 32;
    %assign/vec4 v0000020ee628a900_0, 0;
    %delay 2000, 0;
    %pushi/vec4 4, 0, 9;
    %assign/vec4 v0000020ee628aea0_0, 0;
    %pushi/vec4 1, 0, 1;
    %assign/vec4 v0000020ee628a9a0_0, 0;
    %pushi/vec4 284426372, 0, 32;
    %assign/vec4 v0000020ee628a900_0, 0;
    %delay 2000, 0;
    %pushi/vec4 5, 0, 9;
    %assign/vec4 v0000020ee628aea0_0, 0;
    %pushi/vec4 1, 0, 1;
    %assign/vec4 v0000020ee628a9a0_0, 0;
    %pushi/vec4 284491909, 0, 32;
    %assign/vec4 v0000020ee628a900_0, 0;
    %delay 2000, 0;
    %pushi/vec4 6, 0, 9;
    %assign/vec4 v0000020ee628aea0_0, 0;
    %pushi/vec4 1, 0, 1;
    %assign/vec4 v0000020ee628a9a0_0, 0;
    %pushi/vec4 284557446, 0, 32;
    %assign/vec4 v0000020ee628a900_0, 0;
    %delay 2000, 0;
    %pushi/vec4 7, 0, 9;
    %assign/vec4 v0000020ee628aea0_0, 0;
    %pushi/vec4 1, 0, 1;
    %assign/vec4 v0000020ee628a9a0_0, 0;
    %pushi/vec4 284622983, 0, 32;
    %assign/vec4 v0000020ee628a900_0, 0;
    %delay 2000, 0;
    %pushi/vec4 8, 0, 9;
    %assign/vec4 v0000020ee628aea0_0, 0;
    %pushi/vec4 1, 0, 1;
    %assign/vec4 v0000020ee628a9a0_0, 0;
    %pushi/vec4 536936448, 0, 32;
    %assign/vec4 v0000020ee628a900_0, 0;
    %delay 2000, 0;
    %pushi/vec4 9, 0, 9;
    %assign/vec4 v0000020ee628aea0_0, 0;
    %pushi/vec4 1, 0, 1;
    %assign/vec4 v0000020ee628a9a0_0, 0;
    %pushi/vec4 555941888, 0, 32;
    %assign/vec4 v0000020ee628a900_0, 0;
    %delay 2000, 0;
    %pushi/vec4 10, 0, 9;
    %assign/vec4 v0000020ee628aea0_0, 0;
    %pushi/vec4 1, 0, 1;
    %assign/vec4 v0000020ee628a9a0_0, 0;
    %pushi/vec4 574947328, 0, 32;
    %assign/vec4 v0000020ee628a900_0, 0;
    %delay 2000, 0;
    %pushi/vec4 11, 0, 9;
    %assign/vec4 v0000020ee628aea0_0, 0;
    %pushi/vec4 1, 0, 1;
    %assign/vec4 v0000020ee628a9a0_0, 0;
    %pushi/vec4 593952768, 0, 32;
    %assign/vec4 v0000020ee628a900_0, 0;
    %delay 2000, 0;
    %pushi/vec4 0, 0, 9;
    %assign/vec4 v0000020ee628aea0_0, 0;
    %pushi/vec4 0, 0, 1;
    %assign/vec4 v0000020ee628a9a0_0, 0;
    %pushi/vec4 0, 0, 32;
    %assign/vec4 v0000020ee628a900_0, 0;
    %delay 1000, 0;
    %pushi/vec4 1, 0, 1;
    %assign/vec4 v0000020ee6289780_0, 0;
    %delay 50000, 0;
    %vpi_call 2 307 "$stop" {0 0 0};
    %end;
    .thread T_9;
    .scope S_0000020ee61dce80;
T_10 ;
    %delay 1000, 0;
    %load/vec4 v0000020ee628a5e0_0;
    %inv;
    %store/vec4 v0000020ee628a5e0_0, 0, 1;
    %jmp T_10;
    .thread T_10;
    .scope S_0000020ee61dce80;
T_11 ;
    %vpi_call 2 311 "$dumpfile", "pro_tb4.vcd" {0 0 0};
    %vpi_call 2 312 "$dumpvars" {0 0 0};
    %end;
    .thread T_11;
# The file index is used to find the file name in the following table.
:file_names 6;
    "N/A";
    "<interactive>";
    ".\processor.v";
    ".\alu.v";
    ".\ram.v";
    ".\regfile.v";
