#! /c/Source/iverilog-install/bin/vvp
:ivl_version "12.0 (devel)" "(s20150603-1110-g18392a46)";
:ivl_delay_selection "TYPICAL";
:vpi_time_precision - 11;
:vpi_module "D:\iVerilog\lib\ivl\system.vpi";
:vpi_module "D:\iVerilog\lib\ivl\vhdl_sys.vpi";
:vpi_module "D:\iVerilog\lib\ivl\vhdl_textio.vpi";
:vpi_module "D:\iVerilog\lib\ivl\v2005_math.vpi";
:vpi_module "D:\iVerilog\lib\ivl\va_math.vpi";
S_0000022a46f03550 .scope module, "pro_tb4" "pro_tb4" 2 398;
 .timescale -9 -11;
v0000022a4700f010_0 .var "addr", 31 0;
v0000022a4700ebb0_0 .net "cc", 2 0, L_0000022a4706a750;  1 drivers
v0000022a4700eb10_0 .var "clock", 0 0;
v0000022a4700f0b0_0 .var "flg", 0 0;
v0000022a4700f1f0_0 .net "r0", 31 0, v0000022a47003db0_0;  1 drivers
v0000022a4700e610_0 .net "r1", 31 0, v0000022a47005110_0;  1 drivers
v0000022a4700e6b0_0 .net "r2", 31 0, v0000022a470040d0_0;  1 drivers
v0000022a4700e9d0_0 .net "r3", 31 0, v0000022a47004df0_0;  1 drivers
v0000022a4700e750_0 .net "r4", 31 0, v0000022a470039f0_0;  1 drivers
v0000022a4700f150_0 .net "r5", 31 0, v0000022a47004e90_0;  1 drivers
v0000022a4700f5b0_0 .net "r6", 31 0, v0000022a47005070_0;  1 drivers
v0000022a4700e890_0 .net "r7", 31 0, v0000022a470052f0_0;  1 drivers
v0000022a4700ea70_0 .var "rID", 3 0;
v0000022a4700f3d0_0 .net "rdata", 31 0, L_0000022a47076530;  1 drivers
v0000022a4700f650_0 .net "valE", 31 0, L_0000022a47071420;  1 drivers
v0000022a4700f470_0 .var "wdata", 31 0;
v0000022a4700f510_0 .var "working", 0 0;
v0000022a4700f6f0_0 .var "wr", 0 0;
S_0000022a46f036e0 .scope module, "processor" "processor" 2 417, 2 3 0, S_0000022a46f03550;
 .timescale -9 -11;
    .port_info 0 /INPUT 1 "clock";
    .port_info 1 /INPUT 32 "addr";
    .port_info 2 /INPUT 1 "wr";
    .port_info 3 /INPUT 32 "wdata";
    .port_info 4 /INPUT 1 "working";
    .port_info 5 /INPUT 4 "rID";
    .port_info 6 /OUTPUT 32 "valE";
    .port_info 7 /OUTPUT 32 "r0";
    .port_info 8 /OUTPUT 32 "r1";
    .port_info 9 /OUTPUT 32 "r2";
    .port_info 10 /OUTPUT 32 "r3";
    .port_info 11 /OUTPUT 32 "r4";
    .port_info 12 /OUTPUT 32 "r5";
    .port_info 13 /OUTPUT 32 "r6";
    .port_info 14 /OUTPUT 32 "r7";
    .port_info 15 /OUTPUT 32 "rdata";
    .port_info 16 /OUTPUT 3 "cc";
P_0000022a46f00450 .param/l "ADD" 0 2 33, C4<00100000>;
P_0000022a46f00488 .param/l "AND" 0 2 35, C4<00100010>;
P_0000022a46f004c0 .param/l "CMOVE" 0 2 40, C4<00110011>;
P_0000022a46f004f8 .param/l "CMOVG" 0 2 43, C4<00110110>;
P_0000022a46f00530 .param/l "CMOVGE" 0 2 42, C4<00110101>;
P_0000022a46f00568 .param/l "CMOVL" 0 2 39, C4<00110010>;
P_0000022a46f005a0 .param/l "CMOVLE" 0 2 38, C4<00110001>;
P_0000022a46f005d8 .param/l "CMOVNE" 0 2 41, C4<00110100>;
P_0000022a46f00610 .param/l "HALT" 0 2 31, C4<00010001>;
P_0000022a46f00648 .param/l "IRMOV" 0 2 30, C4<00010000>;
P_0000022a46f00680 .param/l "JE" 0 2 47, C4<01110011>;
P_0000022a46f006b8 .param/l "JG" 0 2 50, C4<01110110>;
P_0000022a46f006f0 .param/l "JGE" 0 2 49, C4<01110101>;
P_0000022a46f00728 .param/l "JL" 0 2 46, C4<01110010>;
P_0000022a46f00760 .param/l "JLE" 0 2 45, C4<01110001>;
P_0000022a46f00798 .param/l "JMP" 0 2 44, C4<01110000>;
P_0000022a46f007d0 .param/l "JNE" 0 2 48, C4<01110100>;
P_0000022a46f00808 .param/l "NOP" 0 2 32, C4<00010010>;
P_0000022a46f00840 .param/l "RRMOV" 0 2 37, C4<00110000>;
P_0000022a46f00878 .param/l "SUB" 0 2 34, C4<00100001>;
P_0000022a46f008b0 .param/l "XOR" 0 2 36, C4<00100011>;
L_0000022a47072370 .functor BUFZ 32, v0000022a47001d90_0, C4<00000000000000000000000000000000>, C4<00000000000000000000000000000000>, C4<00000000000000000000000000000000>;
L_0000022a47071180 .functor AND 1, L_0000022a470742d0, v0000022a4700f510_0, C4<1>, C4<1>;
L_0000022a47071ea0 .functor AND 1, L_0000022a470744b0, v0000022a4700f510_0, C4<1>, C4<1>;
L_0000022a470717a0 .functor XOR 1, L_0000022a470756d0, L_0000022a47075810, C4<0>, C4<0>;
L_0000022a47071960 .functor OR 1, L_0000022a470717a0, L_0000022a470754f0, C4<0>, C4<0>;
L_0000022a47071730 .functor AND 1, L_0000022a47071ea0, L_0000022a47071960, C4<1>, C4<1>;
L_0000022a470720d0 .functor AND 1, L_0000022a47073b50, v0000022a4700f510_0, C4<1>, C4<1>;
L_0000022a47070e70 .functor XOR 1, L_0000022a470756d0, L_0000022a47075810, C4<0>, C4<0>;
L_0000022a47072220 .functor AND 1, L_0000022a470720d0, L_0000022a47070e70, C4<1>, C4<1>;
L_0000022a470723e0 .functor AND 1, L_0000022a47073e70, v0000022a4700f510_0, C4<1>, C4<1>;
L_0000022a47071490 .functor AND 1, L_0000022a470723e0, L_0000022a470754f0, C4<1>, C4<1>;
L_0000022a47071f10 .functor AND 1, L_0000022a47074050, v0000022a4700f510_0, C4<1>, C4<1>;
L_0000022a47071dc0 .functor NOT 1, L_0000022a470754f0, C4<0>, C4<0>, C4<0>;
L_0000022a47070d90 .functor AND 1, L_0000022a47071f10, L_0000022a47071dc0, C4<1>, C4<1>;
L_0000022a47070e00 .functor AND 1, L_0000022a47074af0, v0000022a4700f510_0, C4<1>, C4<1>;
L_0000022a47071a40 .functor XOR 1, L_0000022a470756d0, L_0000022a47075810, C4<0>, C4<0>;
L_0000022a47071e30 .functor NOT 1, L_0000022a47071a40, C4<0>, C4<0>, C4<0>;
L_0000022a47071ab0 .functor AND 1, L_0000022a47070e00, L_0000022a47071e30, C4<1>, C4<1>;
L_0000022a47071340 .functor AND 1, L_0000022a470735b0, v0000022a4700f510_0, C4<1>, C4<1>;
L_0000022a47071b90 .functor XOR 1, L_0000022a470756d0, L_0000022a47075810, C4<0>, C4<0>;
L_0000022a470712d0 .functor NOT 1, L_0000022a47071b90, C4<0>, C4<0>, C4<0>;
L_0000022a470711f0 .functor NOT 1, L_0000022a470754f0, C4<0>, C4<0>, C4<0>;
L_0000022a470718f0 .functor AND 1, L_0000022a470712d0, L_0000022a470711f0, C4<1>, C4<1>;
L_0000022a47072840 .functor AND 1, L_0000022a47071340, L_0000022a470718f0, C4<1>, C4<1>;
L_0000022a47071420 .functor BUFZ 32, L_0000022a470697b0, C4<00000000000000000000000000000000>, C4<00000000000000000000000000000000>, C4<00000000000000000000000000000000>;
L_0000022a47071ce0 .functor BUFZ 1, v0000022a47005d90_0, C4<0>, C4<0>, C4<0>;
v0000022a47005d90_0 .var "D_halt", 0 0;
v0000022a47005ed0_0 .var "D_icode", 3 0;
v0000022a47006330_0 .var "D_ifun", 3 0;
v0000022a47005890_0 .var "D_jflg", 0 0;
v0000022a47005930_0 .var "D_rA", 3 0;
v0000022a47006010_0 .var "D_rB", 3 0;
v0000022a47006470_0 .var "D_valA", 31 0;
v0000022a47006290_0 .var "D_valB", 31 0;
v0000022a47006830_0 .var "D_valC", 15 0;
v0000022a47006790_0 .var "E_dstE", 3 0;
v0000022a470059d0_0 .var "E_dstM", 3 0;
v0000022a470060b0_0 .var "E_halt", 0 0;
v0000022a47005f70_0 .var "E_valE", 31 0;
v0000022a470063d0_0 .var "E_valM", 31 0;
v0000022a47005a70_0 .net "F_read", 31 0, L_0000022a47072370;  1 drivers
v0000022a47005bb0_0 .var "PC", 31 0;
v0000022a47006150_0 .net *"_ivl_100", 7 0, L_0000022a47075310;  1 drivers
L_0000022a470120d8 .functor BUFT 1, C4<01110000>, C4<0>, C4<0>, C4<0>;
v0000022a470061f0_0 .net/2u *"_ivl_102", 7 0, L_0000022a470120d8;  1 drivers
v0000022a47006510_0 .net *"_ivl_104", 0 0, L_0000022a470742d0;  1 drivers
v0000022a47006c90_0 .net *"_ivl_107", 0 0, L_0000022a47071180;  1 drivers
L_0000022a47012120 .functor BUFT 1, C4<01>, C4<0>, C4<0>, C4<0>;
v0000022a47006dd0_0 .net/2s *"_ivl_108", 1 0, L_0000022a47012120;  1 drivers
v0000022a47006f10_0 .net *"_ivl_110", 7 0, L_0000022a47075590;  1 drivers
L_0000022a47012168 .functor BUFT 1, C4<01110001>, C4<0>, C4<0>, C4<0>;
v0000022a47005b10_0 .net/2u *"_ivl_112", 7 0, L_0000022a47012168;  1 drivers
v0000022a47006650_0 .net *"_ivl_114", 0 0, L_0000022a470744b0;  1 drivers
v0000022a470066f0_0 .net *"_ivl_117", 0 0, L_0000022a47071ea0;  1 drivers
v0000022a470068d0_0 .net *"_ivl_118", 0 0, L_0000022a470717a0;  1 drivers
v0000022a47006970_0 .net *"_ivl_120", 0 0, L_0000022a47071960;  1 drivers
v0000022a47006a10_0 .net *"_ivl_123", 0 0, L_0000022a47071730;  1 drivers
L_0000022a470121b0 .functor BUFT 1, C4<01>, C4<0>, C4<0>, C4<0>;
v0000022a47006e70_0 .net/2s *"_ivl_124", 1 0, L_0000022a470121b0;  1 drivers
v0000022a47006ab0_0 .net *"_ivl_126", 7 0, L_0000022a47073650;  1 drivers
L_0000022a470121f8 .functor BUFT 1, C4<01110010>, C4<0>, C4<0>, C4<0>;
v0000022a47006b50_0 .net/2u *"_ivl_128", 7 0, L_0000022a470121f8;  1 drivers
v0000022a47005c50_0 .net *"_ivl_130", 0 0, L_0000022a47073b50;  1 drivers
v0000022a47006bf0_0 .net *"_ivl_133", 0 0, L_0000022a470720d0;  1 drivers
v0000022a47005cf0_0 .net *"_ivl_134", 0 0, L_0000022a47070e70;  1 drivers
v0000022a47006d30_0 .net *"_ivl_137", 0 0, L_0000022a47072220;  1 drivers
L_0000022a47012240 .functor BUFT 1, C4<01>, C4<0>, C4<0>, C4<0>;
v0000022a47002f10_0 .net/2s *"_ivl_138", 1 0, L_0000022a47012240;  1 drivers
v0000022a47007f00_0 .net *"_ivl_140", 7 0, L_0000022a47074230;  1 drivers
L_0000022a47012288 .functor BUFT 1, C4<01110011>, C4<0>, C4<0>, C4<0>;
v0000022a470078c0_0 .net/2u *"_ivl_142", 7 0, L_0000022a47012288;  1 drivers
v0000022a470084a0_0 .net *"_ivl_144", 0 0, L_0000022a47073e70;  1 drivers
v0000022a47007500_0 .net *"_ivl_147", 0 0, L_0000022a470723e0;  1 drivers
v0000022a470082c0_0 .net *"_ivl_149", 0 0, L_0000022a47071490;  1 drivers
L_0000022a470122d0 .functor BUFT 1, C4<01>, C4<0>, C4<0>, C4<0>;
v0000022a47008040_0 .net/2s *"_ivl_150", 1 0, L_0000022a470122d0;  1 drivers
v0000022a47007d20_0 .net *"_ivl_152", 7 0, L_0000022a47073790;  1 drivers
L_0000022a47012318 .functor BUFT 1, C4<01110100>, C4<0>, C4<0>, C4<0>;
v0000022a47007780_0 .net/2u *"_ivl_154", 7 0, L_0000022a47012318;  1 drivers
v0000022a470096c0_0 .net *"_ivl_156", 0 0, L_0000022a47074050;  1 drivers
v0000022a470071e0_0 .net *"_ivl_159", 0 0, L_0000022a47071f10;  1 drivers
v0000022a47007280_0 .net *"_ivl_160", 0 0, L_0000022a47071dc0;  1 drivers
v0000022a47009620_0 .net *"_ivl_163", 0 0, L_0000022a47070d90;  1 drivers
L_0000022a47012360 .functor BUFT 1, C4<01>, C4<0>, C4<0>, C4<0>;
v0000022a470094e0_0 .net/2s *"_ivl_164", 1 0, L_0000022a47012360;  1 drivers
v0000022a47008180_0 .net *"_ivl_166", 7 0, L_0000022a47074d70;  1 drivers
L_0000022a470123a8 .functor BUFT 1, C4<01110101>, C4<0>, C4<0>, C4<0>;
v0000022a47007820_0 .net/2u *"_ivl_168", 7 0, L_0000022a470123a8;  1 drivers
v0000022a47008d60_0 .net *"_ivl_170", 0 0, L_0000022a47074af0;  1 drivers
v0000022a47007960_0 .net *"_ivl_173", 0 0, L_0000022a47070e00;  1 drivers
v0000022a47007e60_0 .net *"_ivl_174", 0 0, L_0000022a47071a40;  1 drivers
v0000022a47007be0_0 .net *"_ivl_176", 0 0, L_0000022a47071e30;  1 drivers
v0000022a47009120_0 .net *"_ivl_179", 0 0, L_0000022a47071ab0;  1 drivers
L_0000022a470123f0 .functor BUFT 1, C4<01>, C4<0>, C4<0>, C4<0>;
v0000022a47009260_0 .net/2s *"_ivl_180", 1 0, L_0000022a470123f0;  1 drivers
v0000022a47007b40_0 .net *"_ivl_182", 7 0, L_0000022a47074410;  1 drivers
L_0000022a47012438 .functor BUFT 1, C4<01110110>, C4<0>, C4<0>, C4<0>;
v0000022a470091c0_0 .net/2u *"_ivl_184", 7 0, L_0000022a47012438;  1 drivers
v0000022a47008220_0 .net *"_ivl_186", 0 0, L_0000022a470735b0;  1 drivers
v0000022a47008360_0 .net *"_ivl_189", 0 0, L_0000022a47071340;  1 drivers
v0000022a47007aa0_0 .net *"_ivl_190", 0 0, L_0000022a47071b90;  1 drivers
v0000022a47007c80_0 .net *"_ivl_192", 0 0, L_0000022a470712d0;  1 drivers
v0000022a47009580_0 .net *"_ivl_194", 0 0, L_0000022a470711f0;  1 drivers
v0000022a470087c0_0 .net *"_ivl_196", 0 0, L_0000022a470718f0;  1 drivers
v0000022a47009760_0 .net *"_ivl_199", 0 0, L_0000022a47072840;  1 drivers
L_0000022a47011ee0 .functor BUFT 1, C4<01>, C4<0>, C4<0>, C4<0>;
v0000022a47009800_0 .net/2s *"_ivl_2", 1 0, L_0000022a47011ee0;  1 drivers
L_0000022a47012480 .functor BUFT 1, C4<01>, C4<0>, C4<0>, C4<0>;
v0000022a47007dc0_0 .net/2s *"_ivl_200", 1 0, L_0000022a47012480;  1 drivers
L_0000022a470124c8 .functor BUFT 1, C4<00>, C4<0>, C4<0>, C4<0>;
v0000022a47008860_0 .net/2s *"_ivl_202", 1 0, L_0000022a470124c8;  1 drivers
v0000022a47007fa0_0 .net *"_ivl_204", 1 0, L_0000022a47074cd0;  1 drivers
v0000022a47009300_0 .net *"_ivl_206", 1 0, L_0000022a470736f0;  1 drivers
v0000022a47007140_0 .net *"_ivl_208", 1 0, L_0000022a470745f0;  1 drivers
v0000022a47007320_0 .net *"_ivl_210", 1 0, L_0000022a47074f50;  1 drivers
v0000022a470075a0_0 .net *"_ivl_212", 1 0, L_0000022a47074550;  1 drivers
v0000022a470073c0_0 .net *"_ivl_214", 1 0, L_0000022a47073290;  1 drivers
v0000022a47008900_0 .net *"_ivl_216", 1 0, L_0000022a47073bf0;  1 drivers
L_0000022a47012510 .functor BUFT 1, C4<00000000>, C4<0>, C4<0>, C4<0>;
v0000022a470089a0_0 .net/2u *"_ivl_220", 7 0, L_0000022a47012510;  1 drivers
L_0000022a47012558 .functor BUFT 1, C4<0000000000000000>, C4<0>, C4<0>, C4<0>;
v0000022a470080e0_0 .net *"_ivl_249", 15 0, L_0000022a47012558;  1 drivers
v0000022a470070a0_0 .net *"_ivl_254", 7 0, L_0000022a47073d30;  1 drivers
L_0000022a470125a0 .functor BUFT 1, C4<00010000>, C4<0>, C4<0>, C4<0>;
v0000022a47008400_0 .net/2u *"_ivl_256", 7 0, L_0000022a470125a0;  1 drivers
v0000022a47008540_0 .net *"_ivl_258", 0 0, L_0000022a47073970;  1 drivers
L_0000022a470125e8 .functor BUFT 1, C4<1111>, C4<0>, C4<0>, C4<0>;
v0000022a470085e0_0 .net/2u *"_ivl_260", 3 0, L_0000022a470125e8;  1 drivers
v0000022a47007a00_0 .net *"_ivl_264", 7 0, L_0000022a47073ab0;  1 drivers
L_0000022a47012630 .functor BUFT 1, C4<00100000>, C4<0>, C4<0>, C4<0>;
v0000022a47007640_0 .net/2u *"_ivl_266", 7 0, L_0000022a47012630;  1 drivers
v0000022a47008680_0 .net *"_ivl_268", 0 0, L_0000022a470747d0;  1 drivers
L_0000022a47012678 .functor BUFT 1, C4<0000>, C4<0>, C4<0>, C4<0>;
v0000022a47008720_0 .net/2u *"_ivl_270", 3 0, L_0000022a47012678;  1 drivers
v0000022a470093a0_0 .net *"_ivl_272", 7 0, L_0000022a47074b90;  1 drivers
L_0000022a470126c0 .functor BUFT 1, C4<00100001>, C4<0>, C4<0>, C4<0>;
v0000022a47008a40_0 .net/2u *"_ivl_274", 7 0, L_0000022a470126c0;  1 drivers
v0000022a47008ae0_0 .net *"_ivl_276", 0 0, L_0000022a47074c30;  1 drivers
L_0000022a47012708 .functor BUFT 1, C4<0001>, C4<0>, C4<0>, C4<0>;
v0000022a47008b80_0 .net/2u *"_ivl_278", 3 0, L_0000022a47012708;  1 drivers
v0000022a47008c20_0 .net *"_ivl_280", 7 0, L_0000022a470733d0;  1 drivers
L_0000022a47012750 .functor BUFT 1, C4<00100010>, C4<0>, C4<0>, C4<0>;
v0000022a47009440_0 .net/2u *"_ivl_282", 7 0, L_0000022a47012750;  1 drivers
v0000022a47008ea0_0 .net *"_ivl_284", 0 0, L_0000022a47075130;  1 drivers
L_0000022a47012798 .functor BUFT 1, C4<0010>, C4<0>, C4<0>, C4<0>;
v0000022a47008cc0_0 .net/2u *"_ivl_286", 3 0, L_0000022a47012798;  1 drivers
v0000022a47008e00_0 .net *"_ivl_288", 7 0, L_0000022a47075770;  1 drivers
L_0000022a470127e0 .functor BUFT 1, C4<00100011>, C4<0>, C4<0>, C4<0>;
v0000022a470076e0_0 .net/2u *"_ivl_290", 7 0, L_0000022a470127e0;  1 drivers
v0000022a47007460_0 .net *"_ivl_292", 0 0, L_0000022a47073470;  1 drivers
L_0000022a47012828 .functor BUFT 1, C4<0011>, C4<0>, C4<0>, C4<0>;
v0000022a47008f40_0 .net/2u *"_ivl_294", 3 0, L_0000022a47012828;  1 drivers
o0000022a46fa7038 .functor BUFZ 4, C4<zzzz>; HiZ drive
; Elide local net with no drivers, v0000022a47008fe0_0 name=_ivl_296
v0000022a47009080_0 .net *"_ivl_298", 3 0, L_0000022a47075630;  1 drivers
v0000022a47009ee0_0 .net *"_ivl_300", 3 0, L_0000022a47074ff0;  1 drivers
v0000022a4700a340_0 .net *"_ivl_302", 3 0, L_0000022a470753b0;  1 drivers
v0000022a4700a020_0 .net *"_ivl_320", 31 0, L_0000022a470740f0;  1 drivers
L_0000022a47012870 .functor BUFT 1, C4<0000000000000000000000000000>, C4<0>, C4<0>, C4<0>;
v0000022a4700a3e0_0 .net *"_ivl_323", 27 0, L_0000022a47012870;  1 drivers
L_0000022a470128b8 .functor BUFT 1, C4<00000000000000000000000000000000>, C4<0>, C4<0>, C4<0>;
v0000022a47009bc0_0 .net/2u *"_ivl_324", 31 0, L_0000022a470128b8;  1 drivers
v0000022a4700a7a0_0 .net *"_ivl_326", 0 0, L_0000022a47073a10;  1 drivers
v0000022a4700af20_0 .net *"_ivl_328", 31 0, L_0000022a47073830;  1 drivers
L_0000022a47012900 .functor BUFT 1, C4<0000000000000000000000000000>, C4<0>, C4<0>, C4<0>;
v0000022a47009f80_0 .net *"_ivl_331", 27 0, L_0000022a47012900;  1 drivers
L_0000022a47012948 .functor BUFT 1, C4<00000000000000000000000000000001>, C4<0>, C4<0>, C4<0>;
v0000022a4700a200_0 .net/2u *"_ivl_332", 31 0, L_0000022a47012948;  1 drivers
v0000022a470098a0_0 .net *"_ivl_334", 0 0, L_0000022a47073dd0;  1 drivers
v0000022a4700a160_0 .net *"_ivl_336", 31 0, L_0000022a47074190;  1 drivers
L_0000022a47012990 .functor BUFT 1, C4<0000000000000000000000000000>, C4<0>, C4<0>, C4<0>;
v0000022a4700ade0_0 .net *"_ivl_339", 27 0, L_0000022a47012990;  1 drivers
L_0000022a470129d8 .functor BUFT 1, C4<00000000000000000000000000000010>, C4<0>, C4<0>, C4<0>;
v0000022a4700a2a0_0 .net/2u *"_ivl_340", 31 0, L_0000022a470129d8;  1 drivers
v0000022a4700a480_0 .net *"_ivl_342", 0 0, L_0000022a470777f0;  1 drivers
v0000022a4700a520_0 .net *"_ivl_344", 31 0, L_0000022a47075b30;  1 drivers
L_0000022a47012a20 .functor BUFT 1, C4<0000000000000000000000000000>, C4<0>, C4<0>, C4<0>;
v0000022a47009c60_0 .net *"_ivl_347", 27 0, L_0000022a47012a20;  1 drivers
L_0000022a47012a68 .functor BUFT 1, C4<00000000000000000000000000000011>, C4<0>, C4<0>, C4<0>;
v0000022a4700ae80_0 .net/2u *"_ivl_348", 31 0, L_0000022a47012a68;  1 drivers
v0000022a47009940_0 .net *"_ivl_350", 0 0, L_0000022a47077750;  1 drivers
v0000022a4700a5c0_0 .net *"_ivl_352", 31 0, L_0000022a47076350;  1 drivers
L_0000022a47012ab0 .functor BUFT 1, C4<0000000000000000000000000000>, C4<0>, C4<0>, C4<0>;
v0000022a4700aac0_0 .net *"_ivl_355", 27 0, L_0000022a47012ab0;  1 drivers
L_0000022a47012af8 .functor BUFT 1, C4<00000000000000000000000000000100>, C4<0>, C4<0>, C4<0>;
v0000022a470099e0_0 .net/2u *"_ivl_356", 31 0, L_0000022a47012af8;  1 drivers
v0000022a4700a660_0 .net *"_ivl_358", 0 0, L_0000022a47076670;  1 drivers
v0000022a4700a700_0 .net *"_ivl_360", 31 0, L_0000022a47076170;  1 drivers
L_0000022a47012b40 .functor BUFT 1, C4<0000000000000000000000000000>, C4<0>, C4<0>, C4<0>;
v0000022a47009a80_0 .net *"_ivl_363", 27 0, L_0000022a47012b40;  1 drivers
L_0000022a47012b88 .functor BUFT 1, C4<00000000000000000000000000000101>, C4<0>, C4<0>, C4<0>;
v0000022a4700a840_0 .net/2u *"_ivl_364", 31 0, L_0000022a47012b88;  1 drivers
v0000022a4700a0c0_0 .net *"_ivl_366", 0 0, L_0000022a47075bd0;  1 drivers
v0000022a47009d00_0 .net *"_ivl_368", 31 0, L_0000022a470762b0;  1 drivers
L_0000022a47011f70 .functor BUFT 1, C4<00010010>, C4<0>, C4<0>, C4<0>;
v0000022a4700a8e0_0 .net/2u *"_ivl_37", 7 0, L_0000022a47011f70;  1 drivers
L_0000022a47012bd0 .functor BUFT 1, C4<0000000000000000000000000000>, C4<0>, C4<0>, C4<0>;
v0000022a47009e40_0 .net *"_ivl_371", 27 0, L_0000022a47012bd0;  1 drivers
L_0000022a47012c18 .functor BUFT 1, C4<00000000000000000000000000000110>, C4<0>, C4<0>, C4<0>;
v0000022a4700a980_0 .net/2u *"_ivl_372", 31 0, L_0000022a47012c18;  1 drivers
v0000022a4700aa20_0 .net *"_ivl_374", 0 0, L_0000022a470771b0;  1 drivers
v0000022a4700ab60_0 .net *"_ivl_376", 31 0, L_0000022a47076c10;  1 drivers
L_0000022a47012c60 .functor BUFT 1, C4<0000000000000000000000000000>, C4<0>, C4<0>, C4<0>;
v0000022a4700ac00_0 .net *"_ivl_379", 27 0, L_0000022a47012c60;  1 drivers
L_0000022a47012ca8 .functor BUFT 1, C4<00000000000000000000000000000111>, C4<0>, C4<0>, C4<0>;
v0000022a4700aca0_0 .net/2u *"_ivl_380", 31 0, L_0000022a47012ca8;  1 drivers
v0000022a47009da0_0 .net *"_ivl_382", 0 0, L_0000022a47076fd0;  1 drivers
o0000022a46fa7728 .functor BUFZ 32, C4<zzzzzzzzzzzzzzzzzzzzzzzzzzzzzzzz>; HiZ drive
; Elide local net with no drivers, v0000022a47009b20_0 name=_ivl_384
v0000022a4700ad40_0 .net *"_ivl_386", 31 0, L_0000022a47078010;  1 drivers
v0000022a4700cc70_0 .net *"_ivl_388", 31 0, L_0000022a47077930;  1 drivers
v0000022a4700e390_0 .net *"_ivl_390", 31 0, L_0000022a47077f70;  1 drivers
v0000022a4700c8b0_0 .net *"_ivl_392", 31 0, L_0000022a470780b0;  1 drivers
v0000022a4700beb0_0 .net *"_ivl_394", 31 0, L_0000022a47075950;  1 drivers
v0000022a4700c4f0_0 .net *"_ivl_396", 31 0, L_0000022a470772f0;  1 drivers
v0000022a4700de90_0 .net *"_ivl_398", 31 0, L_0000022a47076490;  1 drivers
L_0000022a47011f28 .functor BUFT 1, C4<00>, C4<0>, C4<0>, C4<0>;
v0000022a4700bf50_0 .net/2s *"_ivl_4", 1 0, L_0000022a47011f28;  1 drivers
v0000022a4700cdb0_0 .net *"_ivl_40", 7 0, L_0000022a4706b790;  1 drivers
v0000022a4700d210_0 .net *"_ivl_41", 7 0, L_0000022a4706caf0;  1 drivers
L_0000022a47011fb8 .functor BUFT 1, C4<00000000>, C4<0>, C4<0>, C4<0>;
v0000022a4700d350_0 .net/2u *"_ivl_46", 7 0, L_0000022a47011fb8;  1 drivers
v0000022a4700d3f0_0 .net *"_ivl_49", 7 0, L_0000022a4706c370;  1 drivers
v0000022a4700cf90_0 .net *"_ivl_50", 7 0, L_0000022a4706b970;  1 drivers
v0000022a4700c130_0 .net *"_ivl_54", 0 0, L_0000022a4706bc90;  1 drivers
v0000022a4700d0d0_0 .net *"_ivl_56", 0 0, L_0000022a4706be70;  1 drivers
v0000022a4700c1d0_0 .net *"_ivl_58", 0 0, L_0000022a4706bf10;  1 drivers
v0000022a4700cef0_0 .net *"_ivl_6", 1 0, L_0000022a4706c190;  1 drivers
v0000022a4700e110_0 .net *"_ivl_60", 0 0, L_0000022a47074910;  1 drivers
v0000022a4700c950_0 .net *"_ivl_62", 31 0, L_0000022a47073f10;  1 drivers
v0000022a4700c3b0_0 .net *"_ivl_64", 31 0, L_0000022a47074730;  1 drivers
v0000022a4700e2f0_0 .net *"_ivl_66", 31 0, L_0000022a47075270;  1 drivers
v0000022a4700c630_0 .net *"_ivl_70", 0 0, L_0000022a470731f0;  1 drivers
v0000022a4700e430_0 .net *"_ivl_72", 0 0, L_0000022a470749b0;  1 drivers
v0000022a4700e250_0 .net *"_ivl_74", 0 0, L_0000022a47074a50;  1 drivers
v0000022a4700e1b0_0 .net *"_ivl_76", 0 0, L_0000022a47074370;  1 drivers
v0000022a4700c6d0_0 .net *"_ivl_78", 31 0, L_0000022a47073150;  1 drivers
v0000022a4700d670_0 .net *"_ivl_80", 31 0, L_0000022a470758b0;  1 drivers
v0000022a4700c770_0 .net *"_ivl_82", 31 0, L_0000022a47073510;  1 drivers
v0000022a4700d490_0 .net *"_ivl_86", 7 0, L_0000022a47073c90;  1 drivers
L_0000022a47012000 .functor BUFT 1, C4<00010001>, C4<0>, C4<0>, C4<0>;
v0000022a4700d2b0_0 .net/2u *"_ivl_88", 7 0, L_0000022a47012000;  1 drivers
v0000022a4700c810_0 .net *"_ivl_90", 0 0, L_0000022a47073fb0;  1 drivers
L_0000022a47012048 .functor BUFT 1, C4<01>, C4<0>, C4<0>, C4<0>;
v0000022a4700d8f0_0 .net/2s *"_ivl_92", 1 0, L_0000022a47012048;  1 drivers
L_0000022a47012090 .functor BUFT 1, C4<00>, C4<0>, C4<0>, C4<0>;
v0000022a4700d530_0 .net/2s *"_ivl_94", 1 0, L_0000022a47012090;  1 drivers
v0000022a4700bcd0_0 .net *"_ivl_96", 1 0, L_0000022a470738d0;  1 drivers
v0000022a4700cd10_0 .net "addr", 31 0, v0000022a4700f010_0;  1 drivers
v0000022a4700d030_0 .net "cc", 2 0, L_0000022a4706a750;  alias, 1 drivers
v0000022a4700cbd0_0 .net "clock", 0 0, v0000022a4700eb10_0;  1 drivers
v0000022a4700c9f0_0 .net "d_halt", 0 0, L_0000022a47075090;  1 drivers
v0000022a4700d170_0 .net "d_icode", 3 0, L_0000022a4706b650;  1 drivers
v0000022a4700ca90_0 .net "d_ifun", 3 0, L_0000022a4706b830;  1 drivers
v0000022a4700d5d0_0 .net "d_jflg", 0 0, L_0000022a47074e10;  1 drivers
v0000022a4700cb30_0 .net "d_jpc", 31 0, L_0000022a47074690;  1 drivers
v0000022a4700d710_0 .net "d_rA", 3 0, L_0000022a4706b8d0;  1 drivers
v0000022a4700d7b0_0 .net "d_rB", 3 0, L_0000022a4706c2d0;  1 drivers
v0000022a4700d990_0 .net "d_valA", 31 0, L_0000022a470751d0;  1 drivers
v0000022a4700d850_0 .net "d_valA_reg", 31 0, L_0000022a4706aa70;  1 drivers
v0000022a4700da30_0 .net "d_valB", 31 0, L_0000022a47074eb0;  1 drivers
v0000022a4700c450_0 .net "d_valB_reg", 31 0, L_0000022a47069030;  1 drivers
v0000022a4700ce50_0 .net "d_valC", 15 0, L_0000022a4706bbf0;  1 drivers
v0000022a4700dad0_0 .net "e_OF", 0 0, L_0000022a47075810;  1 drivers
v0000022a4700db70_0 .net "e_SF", 0 0, L_0000022a470756d0;  1 drivers
v0000022a4700dc10_0 .net "e_ZF", 0 0, L_0000022a470754f0;  1 drivers
v0000022a4700dcb0_0 .net "e_alufun", 3 0, L_0000022a47075450;  1 drivers
v0000022a4700dd50_0 .net "e_dstE", 3 0, v0000022a47005930_0;  1 drivers
v0000022a4700ddf0_0 .net "e_dstM", 3 0, L_0000022a47074870;  1 drivers
v0000022a4700bd70_0 .net "e_halt", 0 0, L_0000022a47071ce0;  1 drivers
v0000022a4700df30_0 .var "e_reg_rst", 0 0;
v0000022a4700be10_0 .net "e_valA", 31 0, v0000022a47006470_0;  1 drivers
v0000022a4700dfd0_0 .net "e_valB", 31 0, v0000022a47006290_0;  1 drivers
v0000022a4700e070_0 .net "e_valE", 31 0, L_0000022a470697b0;  1 drivers
v0000022a4700bff0_0 .net "e_valM", 31 0, L_0000022a47073330;  1 drivers
v0000022a4700c090_0 .net "f_addr", 31 0, L_0000022a4706c9b0;  1 drivers
v0000022a4700c270_0 .net "f_rd", 0 0, L_0000022a4706ca50;  1 drivers
v0000022a4700c310_0 .net "f_rdata", 31 0, v0000022a47001d90_0;  1 drivers
v0000022a4700c590_0 .net "r0", 31 0, v0000022a47003db0_0;  alias, 1 drivers
v0000022a4700eed0_0 .net "r1", 31 0, v0000022a47005110_0;  alias, 1 drivers
v0000022a4700f970_0 .net "r2", 31 0, v0000022a470040d0_0;  alias, 1 drivers
v0000022a4700e930_0 .net "r3", 31 0, v0000022a47004df0_0;  alias, 1 drivers
v0000022a4700f290_0 .net "r4", 31 0, v0000022a470039f0_0;  alias, 1 drivers
v0000022a4700ef70_0 .net "r5", 31 0, v0000022a47004e90_0;  alias, 1 drivers
v0000022a4700e570_0 .net "r6", 31 0, v0000022a47005070_0;  alias, 1 drivers
v0000022a4700fa10_0 .net "r7", 31 0, v0000022a470052f0_0;  alias, 1 drivers
v0000022a4700e4d0_0 .net "rID", 3 0, v0000022a4700ea70_0;  1 drivers
v0000022a4700f330_0 .net "rdata", 31 0, L_0000022a47076530;  alias, 1 drivers
v0000022a4700e7f0_0 .net "valE", 31 0, L_0000022a47071420;  alias, 1 drivers
v0000022a4700fab0_0 .net "w_dstE", 3 0, v0000022a47006790_0;  1 drivers
v0000022a4700ed90_0 .net "w_dstM", 3 0, v0000022a470059d0_0;  1 drivers
v0000022a4700ec50_0 .net "w_valE", 31 0, v0000022a47005f70_0;  1 drivers
v0000022a4700f8d0_0 .net "w_valM", 31 0, v0000022a470063d0_0;  1 drivers
v0000022a4700ecf0_0 .net "wdata", 31 0, v0000022a4700f470_0;  1 drivers
v0000022a4700ee30_0 .net "working", 0 0, v0000022a4700f510_0;  1 drivers
v0000022a4700fb50_0 .net "wr", 0 0, v0000022a4700f6f0_0;  1 drivers
L_0000022a4706c9b0 .functor MUXZ 32, v0000022a4700f010_0, v0000022a47005bb0_0, v0000022a4700f510_0, C4<>;
L_0000022a4706c190 .functor MUXZ 2, L_0000022a47011f28, L_0000022a47011ee0, v0000022a4700f510_0, C4<>;
L_0000022a4706ca50 .part L_0000022a4706c190, 0, 1;
L_0000022a4706b650 .part L_0000022a4706caf0, 4, 4;
L_0000022a4706b830 .part L_0000022a4706caf0, 0, 4;
L_0000022a4706b790 .part L_0000022a47072370, 24, 8;
L_0000022a4706caf0 .functor MUXZ 8, L_0000022a4706b790, L_0000022a47011f70, v0000022a47005890_0, C4<>;
L_0000022a4706b8d0 .part L_0000022a4706b970, 4, 4;
L_0000022a4706c2d0 .part L_0000022a4706b970, 0, 4;
L_0000022a4706c370 .part L_0000022a47072370, 16, 8;
L_0000022a4706b970 .functor MUXZ 8, L_0000022a4706c370, L_0000022a47011fb8, v0000022a47005890_0, C4<>;
L_0000022a4706bbf0 .part L_0000022a47072370, 0, 16;
L_0000022a4706bc90 .cmp/eq 4, v0000022a47005930_0, L_0000022a4706b8d0;
L_0000022a4706be70 .cmp/eq 4, L_0000022a47074870, L_0000022a4706b8d0;
L_0000022a4706bf10 .cmp/eq 4, v0000022a47006790_0, L_0000022a4706b8d0;
L_0000022a47074910 .cmp/eq 4, v0000022a470059d0_0, L_0000022a4706b8d0;
L_0000022a47073f10 .functor MUXZ 32, L_0000022a4706aa70, v0000022a470063d0_0, L_0000022a47074910, C4<>;
L_0000022a47074730 .functor MUXZ 32, L_0000022a47073f10, v0000022a47005f70_0, L_0000022a4706bf10, C4<>;
L_0000022a47075270 .functor MUXZ 32, L_0000022a47074730, L_0000022a47073330, L_0000022a4706be70, C4<>;
L_0000022a470751d0 .functor MUXZ 32, L_0000022a47075270, L_0000022a470697b0, L_0000022a4706bc90, C4<>;
L_0000022a470731f0 .cmp/eq 4, v0000022a47005930_0, L_0000022a4706c2d0;
L_0000022a470749b0 .cmp/eq 4, L_0000022a47074870, L_0000022a4706c2d0;
L_0000022a47074a50 .cmp/eq 4, v0000022a47006790_0, L_0000022a4706c2d0;
L_0000022a47074370 .cmp/eq 4, v0000022a470059d0_0, L_0000022a4706c2d0;
L_0000022a47073150 .functor MUXZ 32, L_0000022a47069030, v0000022a470063d0_0, L_0000022a47074370, C4<>;
L_0000022a470758b0 .functor MUXZ 32, L_0000022a47073150, v0000022a47005f70_0, L_0000022a47074a50, C4<>;
L_0000022a47073510 .functor MUXZ 32, L_0000022a470758b0, L_0000022a47073330, L_0000022a470749b0, C4<>;
L_0000022a47074eb0 .functor MUXZ 32, L_0000022a47073510, L_0000022a470697b0, L_0000022a470731f0, C4<>;
L_0000022a47073c90 .concat [ 4 4 0 0], L_0000022a4706b830, L_0000022a4706b650;
L_0000022a47073fb0 .cmp/eq 8, L_0000022a47073c90, L_0000022a47012000;
L_0000022a470738d0 .functor MUXZ 2, L_0000022a47012090, L_0000022a47012048, L_0000022a47073fb0, C4<>;
L_0000022a47075090 .part L_0000022a470738d0, 0, 1;
L_0000022a47075310 .concat [ 4 4 0 0], L_0000022a4706b830, L_0000022a4706b650;
L_0000022a470742d0 .cmp/eq 8, L_0000022a47075310, L_0000022a470120d8;
L_0000022a47075590 .concat [ 4 4 0 0], L_0000022a4706b830, L_0000022a4706b650;
L_0000022a470744b0 .cmp/eq 8, L_0000022a47075590, L_0000022a47012168;
L_0000022a47073650 .concat [ 4 4 0 0], L_0000022a4706b830, L_0000022a4706b650;
L_0000022a47073b50 .cmp/eq 8, L_0000022a47073650, L_0000022a470121f8;
L_0000022a47074230 .concat [ 4 4 0 0], L_0000022a4706b830, L_0000022a4706b650;
L_0000022a47073e70 .cmp/eq 8, L_0000022a47074230, L_0000022a47012288;
L_0000022a47073790 .concat [ 4 4 0 0], L_0000022a4706b830, L_0000022a4706b650;
L_0000022a47074050 .cmp/eq 8, L_0000022a47073790, L_0000022a47012318;
L_0000022a47074d70 .concat [ 4 4 0 0], L_0000022a4706b830, L_0000022a4706b650;
L_0000022a47074af0 .cmp/eq 8, L_0000022a47074d70, L_0000022a470123a8;
L_0000022a47074410 .concat [ 4 4 0 0], L_0000022a4706b830, L_0000022a4706b650;
L_0000022a470735b0 .cmp/eq 8, L_0000022a47074410, L_0000022a47012438;
L_0000022a47074cd0 .functor MUXZ 2, L_0000022a470124c8, L_0000022a47012480, L_0000022a47072840, C4<>;
L_0000022a470736f0 .functor MUXZ 2, L_0000022a47074cd0, L_0000022a470123f0, L_0000022a47071ab0, C4<>;
L_0000022a470745f0 .functor MUXZ 2, L_0000022a470736f0, L_0000022a47012360, L_0000022a47070d90, C4<>;
L_0000022a47074f50 .functor MUXZ 2, L_0000022a470745f0, L_0000022a470122d0, L_0000022a47071490, C4<>;
L_0000022a47074550 .functor MUXZ 2, L_0000022a47074f50, L_0000022a47012240, L_0000022a47072220, C4<>;
L_0000022a47073290 .functor MUXZ 2, L_0000022a47074550, L_0000022a470121b0, L_0000022a47071730, C4<>;
L_0000022a47073bf0 .functor MUXZ 2, L_0000022a47073290, L_0000022a47012120, L_0000022a47071180, C4<>;
L_0000022a47074e10 .part L_0000022a47073bf0, 0, 1;
L_0000022a47074690 .concat [ 16 4 4 8], L_0000022a4706bbf0, L_0000022a4706c2d0, L_0000022a4706b8d0, L_0000022a47012510;
L_0000022a47073330 .concat [ 16 16 0 0], v0000022a47006830_0, L_0000022a47012558;
L_0000022a47073d30 .concat [ 4 4 0 0], v0000022a47006330_0, v0000022a47005ed0_0;
L_0000022a47073970 .cmp/eq 8, L_0000022a47073d30, L_0000022a470125a0;
L_0000022a47074870 .functor MUXZ 4, L_0000022a470125e8, v0000022a47006010_0, L_0000022a47073970, C4<>;
L_0000022a47073ab0 .concat [ 4 4 0 0], v0000022a47006330_0, v0000022a47005ed0_0;
L_0000022a470747d0 .cmp/eq 8, L_0000022a47073ab0, L_0000022a47012630;
L_0000022a47074b90 .concat [ 4 4 0 0], v0000022a47006330_0, v0000022a47005ed0_0;
L_0000022a47074c30 .cmp/eq 8, L_0000022a47074b90, L_0000022a470126c0;
L_0000022a470733d0 .concat [ 4 4 0 0], v0000022a47006330_0, v0000022a47005ed0_0;
L_0000022a47075130 .cmp/eq 8, L_0000022a470733d0, L_0000022a47012750;
L_0000022a47075770 .concat [ 4 4 0 0], v0000022a47006330_0, v0000022a47005ed0_0;
L_0000022a47073470 .cmp/eq 8, L_0000022a47075770, L_0000022a470127e0;
L_0000022a47075630 .functor MUXZ 4, o0000022a46fa7038, L_0000022a47012828, L_0000022a47073470, C4<>;
L_0000022a47074ff0 .functor MUXZ 4, L_0000022a47075630, L_0000022a47012798, L_0000022a47075130, C4<>;
L_0000022a470753b0 .functor MUXZ 4, L_0000022a47074ff0, L_0000022a47012708, L_0000022a47074c30, C4<>;
L_0000022a47075450 .functor MUXZ 4, L_0000022a470753b0, L_0000022a47012678, L_0000022a470747d0, C4<>;
L_0000022a470754f0 .part L_0000022a4706a750, 2, 1;
L_0000022a470756d0 .part L_0000022a4706a750, 1, 1;
L_0000022a47075810 .part L_0000022a4706a750, 0, 1;
L_0000022a470740f0 .concat [ 4 28 0 0], v0000022a4700ea70_0, L_0000022a47012870;
L_0000022a47073a10 .cmp/eq 32, L_0000022a470740f0, L_0000022a470128b8;
L_0000022a47073830 .concat [ 4 28 0 0], v0000022a4700ea70_0, L_0000022a47012900;
L_0000022a47073dd0 .cmp/eq 32, L_0000022a47073830, L_0000022a47012948;
L_0000022a47074190 .concat [ 4 28 0 0], v0000022a4700ea70_0, L_0000022a47012990;
L_0000022a470777f0 .cmp/eq 32, L_0000022a47074190, L_0000022a470129d8;
L_0000022a47075b30 .concat [ 4 28 0 0], v0000022a4700ea70_0, L_0000022a47012a20;
L_0000022a47077750 .cmp/eq 32, L_0000022a47075b30, L_0000022a47012a68;
L_0000022a47076350 .concat [ 4 28 0 0], v0000022a4700ea70_0, L_0000022a47012ab0;
L_0000022a47076670 .cmp/eq 32, L_0000022a47076350, L_0000022a47012af8;
L_0000022a47076170 .concat [ 4 28 0 0], v0000022a4700ea70_0, L_0000022a47012b40;
L_0000022a47075bd0 .cmp/eq 32, L_0000022a47076170, L_0000022a47012b88;
L_0000022a470762b0 .concat [ 4 28 0 0], v0000022a4700ea70_0, L_0000022a47012bd0;
L_0000022a470771b0 .cmp/eq 32, L_0000022a470762b0, L_0000022a47012c18;
L_0000022a47076c10 .concat [ 4 28 0 0], v0000022a4700ea70_0, L_0000022a47012c60;
L_0000022a47076fd0 .cmp/eq 32, L_0000022a47076c10, L_0000022a47012ca8;
L_0000022a47078010 .functor MUXZ 32, o0000022a46fa7728, v0000022a470052f0_0, L_0000022a47076fd0, C4<>;
L_0000022a47077930 .functor MUXZ 32, L_0000022a47078010, v0000022a47005070_0, L_0000022a470771b0, C4<>;
L_0000022a47077f70 .functor MUXZ 32, L_0000022a47077930, v0000022a47004e90_0, L_0000022a47075bd0, C4<>;
L_0000022a470780b0 .functor MUXZ 32, L_0000022a47077f70, v0000022a470039f0_0, L_0000022a47076670, C4<>;
L_0000022a47075950 .functor MUXZ 32, L_0000022a470780b0, v0000022a47004df0_0, L_0000022a47077750, C4<>;
L_0000022a470772f0 .functor MUXZ 32, L_0000022a47075950, v0000022a470040d0_0, L_0000022a470777f0, C4<>;
L_0000022a47076490 .functor MUXZ 32, L_0000022a470772f0, v0000022a47005110_0, L_0000022a47073dd0, C4<>;
L_0000022a47076530 .functor MUXZ 32, L_0000022a47076490, v0000022a47003db0_0, L_0000022a47073a10, C4<>;
S_0000022a46f03870 .scope module, "alu" "alu" 2 79, 3 2 0, S_0000022a46f036e0;
 .timescale -9 -11;
    .port_info 0 /INPUT 32 "aluA";
    .port_info 1 /INPUT 32 "aluB";
    .port_info 2 /INPUT 4 "alufun";
    .port_info 3 /OUTPUT 32 "valE";
    .port_info 4 /OUTPUT 3 "cc";
L_0000022a46f71b40 .functor BUFZ 32, v0000022a47006470_0, C4<00000000000000000000000000000000>, C4<00000000000000000000000000000000>, C4<00000000000000000000000000000000>;
L_0000022a46f71ec0 .functor BUFZ 32, v0000022a47006290_0, C4<00000000000000000000000000000000>, C4<00000000000000000000000000000000>, C4<00000000000000000000000000000000>;
L_0000022a46f72010 .functor BUFZ 32, L_0000022a470697b0, C4<00000000000000000000000000000000>, C4<00000000000000000000000000000000>, C4<00000000000000000000000000000000>;
L_0000022a46f717c0 .functor AND 32, v0000022a47006470_0, v0000022a47006290_0, C4<11111111111111111111111111111111>, C4<11111111111111111111111111111111>;
L_0000022a46f71bb0 .functor NOT 32, v0000022a47006470_0, C4<00000000000000000000000000000000>, C4<00000000000000000000000000000000>, C4<00000000000000000000000000000000>;
L_0000022a46f71f30 .functor AND 32, L_0000022a46f71bb0, v0000022a47006290_0, C4<11111111111111111111111111111111>, C4<11111111111111111111111111111111>;
L_0000022a46f71830 .functor NOT 32, v0000022a47006290_0, C4<00000000000000000000000000000000>, C4<00000000000000000000000000000000>, C4<00000000000000000000000000000000>;
L_0000022a46f71c20 .functor AND 32, v0000022a47006470_0, L_0000022a46f71830, C4<11111111111111111111111111111111>, C4<11111111111111111111111111111111>;
L_0000022a46f71fa0 .functor OR 32, L_0000022a46f71f30, L_0000022a46f71c20, C4<00000000000000000000000000000000>, C4<00000000000000000000000000000000>;
L_0000022a46f71c90 .functor AND 1, L_0000022a4706ba10, L_0000022a4706c7d0, C4<1>, C4<1>;
L_0000022a46f71130 .functor AND 1, L_0000022a46f71c90, L_0000022a4706c050, C4<1>, C4<1>;
L_0000022a46f71600 .functor AND 1, L_0000022a4706b510, L_0000022a4706b5b0, C4<1>, C4<1>;
L_0000022a46f718a0 .functor AND 1, L_0000022a46f71600, L_0000022a4706bdd0, C4<1>, C4<1>;
L_0000022a47071110 .functor OR 1, L_0000022a46f71130, L_0000022a46f718a0, C4<0>, C4<0>;
L_0000022a470719d0 .functor AND 1, L_0000022a4706c4b0, L_0000022a4706c690, C4<1>, C4<1>;
L_0000022a47072300 .functor AND 1, L_0000022a470719d0, L_0000022a4706c230, C4<1>, C4<1>;
L_0000022a470728b0 .functor AND 1, L_0000022a4706c5f0, L_0000022a4706c870, C4<1>, C4<1>;
L_0000022a470716c0 .functor AND 1, L_0000022a470728b0, L_0000022a4706b6f0, C4<1>, C4<1>;
L_0000022a47071b20 .functor OR 1, L_0000022a47072300, L_0000022a470716c0, C4<0>, C4<0>;
v0000022a46f77690_0 .net/s "A", 31 0, L_0000022a46f71b40;  1 drivers
v0000022a46f76fb0_0 .net/s "B", 31 0, L_0000022a46f71ec0;  1 drivers
v0000022a46f77ff0_0 .net/s "E", 31 0, L_0000022a46f72010;  1 drivers
v0000022a46f77050_0 .net "OF", 0 0, L_0000022a4706c910;  1 drivers
v0000022a46f77d70_0 .net "SF", 0 0, L_0000022a4706c550;  1 drivers
v0000022a46f77370_0 .net "ZF", 0 0, L_0000022a47069990;  1 drivers
L_0000022a47011a60 .functor BUFT 1, C4<00000000000000000000000000000000>, C4<0>, C4<0>, C4<0>;
v0000022a46f777d0_0 .net/2s *"_ivl_100", 31 0, L_0000022a47011a60;  1 drivers
v0000022a46f77870_0 .net *"_ivl_102", 0 0, L_0000022a4706ba10;  1 drivers
L_0000022a47011aa8 .functor BUFT 1, C4<00000000000000000000000000000000>, C4<0>, C4<0>, C4<0>;
v0000022a46f76d30_0 .net/2s *"_ivl_104", 31 0, L_0000022a47011aa8;  1 drivers
v0000022a46f779b0_0 .net *"_ivl_106", 0 0, L_0000022a4706c7d0;  1 drivers
v0000022a46f77a50_0 .net *"_ivl_109", 0 0, L_0000022a46f71c90;  1 drivers
L_0000022a47011598 .functor BUFT 1, C4<0000000000000000000000000000>, C4<0>, C4<0>, C4<0>;
v0000022a46f77af0_0 .net *"_ivl_11", 27 0, L_0000022a47011598;  1 drivers
L_0000022a47011af0 .functor BUFT 1, C4<00000000000000000000000000000000>, C4<0>, C4<0>, C4<0>;
v0000022a46f763d0_0 .net/2s *"_ivl_110", 31 0, L_0000022a47011af0;  1 drivers
v0000022a46f77b90_0 .net *"_ivl_112", 0 0, L_0000022a4706c050;  1 drivers
v0000022a46f77c30_0 .net *"_ivl_115", 0 0, L_0000022a46f71130;  1 drivers
L_0000022a47011b38 .functor BUFT 1, C4<00000000000000000000000000000000>, C4<0>, C4<0>, C4<0>;
v0000022a46f77cd0_0 .net/2s *"_ivl_116", 31 0, L_0000022a47011b38;  1 drivers
v0000022a46f76470_0 .net *"_ivl_118", 0 0, L_0000022a4706b510;  1 drivers
L_0000022a470115e0 .functor BUFT 1, C4<00000000000000000000000000000000>, C4<0>, C4<0>, C4<0>;
v0000022a46f765b0_0 .net/2u *"_ivl_12", 31 0, L_0000022a470115e0;  1 drivers
L_0000022a47011b80 .functor BUFT 1, C4<00000000000000000000000000000000>, C4<0>, C4<0>, C4<0>;
v0000022a46f76650_0 .net/2s *"_ivl_120", 31 0, L_0000022a47011b80;  1 drivers
v0000022a46f766f0_0 .net *"_ivl_122", 0 0, L_0000022a4706b5b0;  1 drivers
v0000022a46f689b0_0 .net *"_ivl_125", 0 0, L_0000022a46f71600;  1 drivers
L_0000022a47011bc8 .functor BUFT 1, C4<00000000000000000000000000000000>, C4<0>, C4<0>, C4<0>;
v0000022a46f691d0_0 .net/2s *"_ivl_126", 31 0, L_0000022a47011bc8;  1 drivers
v0000022a46f69ef0_0 .net *"_ivl_128", 0 0, L_0000022a4706bdd0;  1 drivers
v0000022a46f68c30_0 .net *"_ivl_131", 0 0, L_0000022a46f718a0;  1 drivers
v0000022a46f69450_0 .net *"_ivl_133", 0 0, L_0000022a47071110;  1 drivers
L_0000022a47011c10 .functor BUFT 1, C4<01>, C4<0>, C4<0>, C4<0>;
v0000022a46f69270_0 .net/2s *"_ivl_134", 1 0, L_0000022a47011c10;  1 drivers
L_0000022a47011c58 .functor BUFT 1, C4<00>, C4<0>, C4<0>, C4<0>;
v0000022a46f68d70_0 .net/2s *"_ivl_136", 1 0, L_0000022a47011c58;  1 drivers
v0000022a46f68190_0 .net *"_ivl_138", 1 0, L_0000022a4706bab0;  1 drivers
v0000022a46f69f90_0 .net *"_ivl_14", 0 0, L_0000022a47069ad0;  1 drivers
L_0000022a47011ca0 .functor BUFT 1, C4<00000000000000000000000000000000>, C4<0>, C4<0>, C4<0>;
v0000022a46f59320_0 .net/2s *"_ivl_140", 31 0, L_0000022a47011ca0;  1 drivers
v0000022a46f58ec0_0 .net *"_ivl_142", 0 0, L_0000022a4706c4b0;  1 drivers
L_0000022a47011ce8 .functor BUFT 1, C4<00000000000000000000000000000000>, C4<0>, C4<0>, C4<0>;
v0000022a46f5a860_0 .net/2s *"_ivl_144", 31 0, L_0000022a47011ce8;  1 drivers
v0000022a46f5a900_0 .net *"_ivl_146", 0 0, L_0000022a4706c690;  1 drivers
v0000022a46f5acc0_0 .net *"_ivl_149", 0 0, L_0000022a470719d0;  1 drivers
L_0000022a47011d30 .functor BUFT 1, C4<00000000000000000000000000000000>, C4<0>, C4<0>, C4<0>;
v0000022a46f593c0_0 .net/2s *"_ivl_150", 31 0, L_0000022a47011d30;  1 drivers
v0000022a46f59460_0 .net *"_ivl_152", 0 0, L_0000022a4706c230;  1 drivers
v0000022a46f45330_0 .net *"_ivl_155", 0 0, L_0000022a47072300;  1 drivers
L_0000022a47011d78 .functor BUFT 1, C4<00000000000000000000000000000000>, C4<0>, C4<0>, C4<0>;
v0000022a46f45510_0 .net/2s *"_ivl_156", 31 0, L_0000022a47011d78;  1 drivers
v0000022a46f455b0_0 .net *"_ivl_158", 0 0, L_0000022a4706c5f0;  1 drivers
v0000022a46f45650_0 .net *"_ivl_16", 31 0, L_0000022a47069670;  1 drivers
L_0000022a47011dc0 .functor BUFT 1, C4<00000000000000000000000000000000>, C4<0>, C4<0>, C4<0>;
v0000022a46ee87a0_0 .net/2s *"_ivl_160", 31 0, L_0000022a47011dc0;  1 drivers
v0000022a46ee8ac0_0 .net *"_ivl_162", 0 0, L_0000022a4706c870;  1 drivers
v0000022a46f23a80_0 .net *"_ivl_165", 0 0, L_0000022a470728b0;  1 drivers
L_0000022a47011e08 .functor BUFT 1, C4<00000000000000000000000000000000>, C4<0>, C4<0>, C4<0>;
v0000022a46f23ee0_0 .net/2s *"_ivl_166", 31 0, L_0000022a47011e08;  1 drivers
v0000022a47000140_0 .net *"_ivl_168", 0 0, L_0000022a4706b6f0;  1 drivers
v0000022a47000aa0_0 .net *"_ivl_171", 0 0, L_0000022a470716c0;  1 drivers
v0000022a47000a00_0 .net *"_ivl_173", 0 0, L_0000022a47071b20;  1 drivers
L_0000022a47011e50 .functor BUFT 1, C4<01>, C4<0>, C4<0>, C4<0>;
v0000022a47000d20_0 .net/2s *"_ivl_174", 1 0, L_0000022a47011e50;  1 drivers
L_0000022a47011e98 .functor BUFT 1, C4<00>, C4<0>, C4<0>, C4<0>;
v0000022a47000c80_0 .net/2s *"_ivl_176", 1 0, L_0000022a47011e98;  1 drivers
v0000022a470008c0_0 .net *"_ivl_178", 1 0, L_0000022a4706bd30;  1 drivers
v0000022a46ffff60_0 .net *"_ivl_18", 31 0, L_0000022a47069d50;  1 drivers
v0000022a46fff7e0_0 .net *"_ivl_180", 1 0, L_0000022a4706cb90;  1 drivers
L_0000022a47011628 .functor BUFT 1, C4<0000000000000000000000000000>, C4<0>, C4<0>, C4<0>;
v0000022a47000e60_0 .net *"_ivl_21", 27 0, L_0000022a47011628;  1 drivers
L_0000022a47011670 .functor BUFT 1, C4<00000000000000000000000000000001>, C4<0>, C4<0>, C4<0>;
v0000022a46fffc40_0 .net/2u *"_ivl_22", 31 0, L_0000022a47011670;  1 drivers
v0000022a470006e0_0 .net *"_ivl_24", 0 0, L_0000022a470690d0;  1 drivers
v0000022a46fffce0_0 .net *"_ivl_26", 31 0, L_0000022a47069350;  1 drivers
v0000022a470003c0_0 .net *"_ivl_28", 31 0, L_0000022a4706b0b0;  1 drivers
L_0000022a470116b8 .functor BUFT 1, C4<0000000000000000000000000000>, C4<0>, C4<0>, C4<0>;
v0000022a46fffd80_0 .net *"_ivl_31", 27 0, L_0000022a470116b8;  1 drivers
L_0000022a47011700 .functor BUFT 1, C4<00000000000000000000000000000010>, C4<0>, C4<0>, C4<0>;
v0000022a46fff060_0 .net/2u *"_ivl_32", 31 0, L_0000022a47011700;  1 drivers
v0000022a46fffec0_0 .net *"_ivl_34", 0 0, L_0000022a4706a7f0;  1 drivers
v0000022a46fffe20_0 .net *"_ivl_36", 31 0, L_0000022a46f717c0;  1 drivers
v0000022a46fff1a0_0 .net *"_ivl_38", 31 0, L_0000022a4706a890;  1 drivers
L_0000022a47011748 .functor BUFT 1, C4<0000000000000000000000000000>, C4<0>, C4<0>, C4<0>;
v0000022a46fffba0_0 .net *"_ivl_41", 27 0, L_0000022a47011748;  1 drivers
L_0000022a47011790 .functor BUFT 1, C4<00000000000000000000000000000011>, C4<0>, C4<0>, C4<0>;
v0000022a46fff560_0 .net/2u *"_ivl_42", 31 0, L_0000022a47011790;  1 drivers
v0000022a470000a0_0 .net *"_ivl_44", 0 0, L_0000022a47069170;  1 drivers
v0000022a46fffa60_0 .net *"_ivl_46", 31 0, L_0000022a46f71bb0;  1 drivers
v0000022a46fff880_0 .net *"_ivl_48", 31 0, L_0000022a46f71f30;  1 drivers
v0000022a47000000_0 .net *"_ivl_50", 31 0, L_0000022a46f71830;  1 drivers
v0000022a47000460_0 .net *"_ivl_52", 31 0, L_0000022a46f71c20;  1 drivers
v0000022a46fff240_0 .net *"_ivl_54", 31 0, L_0000022a46f71fa0;  1 drivers
o0000022a46fa3ee8 .functor BUFZ 32, C4<zzzzzzzzzzzzzzzzzzzzzzzzzzzzzzzz>; HiZ drive
; Elide local net with no drivers, v0000022a46fff920_0 name=_ivl_56
v0000022a470001e0_0 .net *"_ivl_58", 31 0, L_0000022a470693f0;  1 drivers
v0000022a47000280_0 .net *"_ivl_60", 31 0, L_0000022a47069530;  1 drivers
v0000022a47000f00_0 .net *"_ivl_62", 31 0, L_0000022a470695d0;  1 drivers
L_0000022a470117d8 .functor BUFT 1, C4<00000000000000000000000000000000>, C4<0>, C4<0>, C4<0>;
v0000022a46fffb00_0 .net/2u *"_ivl_66", 31 0, L_0000022a470117d8;  1 drivers
v0000022a46fff2e0_0 .net *"_ivl_68", 0 0, L_0000022a470698f0;  1 drivers
L_0000022a47011820 .functor BUFT 1, C4<1>, C4<0>, C4<0>, C4<0>;
v0000022a47000320_0 .net/2u *"_ivl_70", 0 0, L_0000022a47011820;  1 drivers
L_0000022a47011868 .functor BUFT 1, C4<0>, C4<0>, C4<0>, C4<0>;
v0000022a47000500_0 .net/2u *"_ivl_72", 0 0, L_0000022a47011868;  1 drivers
v0000022a470005a0_0 .net *"_ivl_77", 0 0, L_0000022a47069a30;  1 drivers
v0000022a47000dc0_0 .net *"_ivl_78", 31 0, L_0000022a4706bb50;  1 drivers
v0000022a47000b40_0 .net *"_ivl_8", 31 0, L_0000022a4706af70;  1 drivers
L_0000022a470118b0 .functor BUFT 1, C4<0000000000000000000000000000000>, C4<0>, C4<0>, C4<0>;
v0000022a47000640_0 .net *"_ivl_81", 30 0, L_0000022a470118b0;  1 drivers
L_0000022a470118f8 .functor BUFT 1, C4<00000000000000000000000000000001>, C4<0>, C4<0>, C4<0>;
v0000022a47000960_0 .net/2u *"_ivl_82", 31 0, L_0000022a470118f8;  1 drivers
v0000022a47000780_0 .net *"_ivl_84", 0 0, L_0000022a4706bfb0;  1 drivers
L_0000022a47011940 .functor BUFT 1, C4<1>, C4<0>, C4<0>, C4<0>;
v0000022a47000be0_0 .net/2u *"_ivl_86", 0 0, L_0000022a47011940;  1 drivers
L_0000022a47011988 .functor BUFT 1, C4<0>, C4<0>, C4<0>, C4<0>;
v0000022a47000820_0 .net/2u *"_ivl_88", 0 0, L_0000022a47011988;  1 drivers
v0000022a46fff420_0 .net *"_ivl_92", 31 0, L_0000022a4706c730;  1 drivers
L_0000022a470119d0 .functor BUFT 1, C4<0000000000000000000000000000>, C4<0>, C4<0>, C4<0>;
v0000022a46fff100_0 .net *"_ivl_95", 27 0, L_0000022a470119d0;  1 drivers
L_0000022a47011a18 .functor BUFT 1, C4<00000000000000000000000000000001>, C4<0>, C4<0>, C4<0>;
v0000022a46fff380_0 .net/2u *"_ivl_96", 31 0, L_0000022a47011a18;  1 drivers
v0000022a46fff4c0_0 .net *"_ivl_98", 0 0, L_0000022a4706c410;  1 drivers
v0000022a46fff600_0 .net "aluA", 31 0, v0000022a47006470_0;  alias, 1 drivers
v0000022a46fff6a0_0 .net "aluB", 31 0, v0000022a47006290_0;  alias, 1 drivers
v0000022a46fff9c0_0 .net "alufun", 3 0, L_0000022a47075450;  alias, 1 drivers
v0000022a46fff740_0 .net "cc", 2 0, L_0000022a4706a750;  alias, 1 drivers
v0000022a470017f0_0 .net "valE", 31 0, L_0000022a470697b0;  alias, 1 drivers
L_0000022a4706a750 .concat [ 1 1 1 0], L_0000022a4706c910, L_0000022a4706c550, L_0000022a47069990;
L_0000022a4706af70 .concat [ 4 28 0 0], L_0000022a47075450, L_0000022a47011598;
L_0000022a47069ad0 .cmp/eq 32, L_0000022a4706af70, L_0000022a470115e0;
L_0000022a47069670 .arith/sum 32, v0000022a47006470_0, v0000022a47006290_0;
L_0000022a47069d50 .concat [ 4 28 0 0], L_0000022a47075450, L_0000022a47011628;
L_0000022a470690d0 .cmp/eq 32, L_0000022a47069d50, L_0000022a47011670;
L_0000022a47069350 .arith/sub 32, v0000022a47006470_0, v0000022a47006290_0;
L_0000022a4706b0b0 .concat [ 4 28 0 0], L_0000022a47075450, L_0000022a470116b8;
L_0000022a4706a7f0 .cmp/eq 32, L_0000022a4706b0b0, L_0000022a47011700;
L_0000022a4706a890 .concat [ 4 28 0 0], L_0000022a47075450, L_0000022a47011748;
L_0000022a47069170 .cmp/eq 32, L_0000022a4706a890, L_0000022a47011790;
L_0000022a470693f0 .functor MUXZ 32, o0000022a46fa3ee8, L_0000022a46f71fa0, L_0000022a47069170, C4<>;
L_0000022a47069530 .functor MUXZ 32, L_0000022a470693f0, L_0000022a46f717c0, L_0000022a4706a7f0, C4<>;
L_0000022a470695d0 .functor MUXZ 32, L_0000022a47069530, L_0000022a47069350, L_0000022a470690d0, C4<>;
L_0000022a470697b0 .functor MUXZ 32, L_0000022a470695d0, L_0000022a47069670, L_0000022a47069ad0, C4<>;
L_0000022a470698f0 .cmp/eq 32, L_0000022a470697b0, L_0000022a470117d8;
L_0000022a47069990 .functor MUXZ 1, L_0000022a47011868, L_0000022a47011820, L_0000022a470698f0, C4<>;
L_0000022a47069a30 .part L_0000022a470697b0, 31, 1;
L_0000022a4706bb50 .concat [ 1 31 0 0], L_0000022a47069a30, L_0000022a470118b0;
L_0000022a4706bfb0 .cmp/eq 32, L_0000022a4706bb50, L_0000022a470118f8;
L_0000022a4706c550 .functor MUXZ 1, L_0000022a47011988, L_0000022a47011940, L_0000022a4706bfb0, C4<>;
L_0000022a4706c730 .concat [ 4 28 0 0], L_0000022a47075450, L_0000022a470119d0;
L_0000022a4706c410 .cmp/eq 32, L_0000022a4706c730, L_0000022a47011a18;
L_0000022a4706ba10 .cmp/gt.s 32, L_0000022a46f71b40, L_0000022a47011a60;
L_0000022a4706c7d0 .cmp/gt.s 32, L_0000022a47011aa8, L_0000022a46f71ec0;
L_0000022a4706c050 .cmp/ge.s 32, L_0000022a47011af0, L_0000022a46f72010;
L_0000022a4706b510 .cmp/gt.s 32, L_0000022a47011b38, L_0000022a46f71b40;
L_0000022a4706b5b0 .cmp/gt.s 32, L_0000022a46f71ec0, L_0000022a47011b80;
L_0000022a4706bdd0 .cmp/ge.s 32, L_0000022a46f72010, L_0000022a47011bc8;
L_0000022a4706bab0 .functor MUXZ 2, L_0000022a47011c58, L_0000022a47011c10, L_0000022a47071110, C4<>;
L_0000022a4706c4b0 .cmp/gt.s 32, L_0000022a47011ca0, L_0000022a46f71b40;
L_0000022a4706c690 .cmp/gt.s 32, L_0000022a47011ce8, L_0000022a46f71ec0;
L_0000022a4706c230 .cmp/ge.s 32, L_0000022a46f72010, L_0000022a47011d30;
L_0000022a4706c5f0 .cmp/ge.s 32, L_0000022a46f71b40, L_0000022a47011d78;
L_0000022a4706c870 .cmp/ge.s 32, L_0000022a46f71ec0, L_0000022a47011dc0;
L_0000022a4706b6f0 .cmp/gt.s 32, L_0000022a47011e08, L_0000022a46f72010;
L_0000022a4706bd30 .functor MUXZ 2, L_0000022a47011e98, L_0000022a47011e50, L_0000022a47071b20, C4<>;
L_0000022a4706cb90 .functor MUXZ 2, L_0000022a4706bd30, L_0000022a4706bab0, L_0000022a4706c410, C4<>;
L_0000022a4706c910 .part L_0000022a4706cb90, 0, 1;
S_0000022a46eeaf10 .scope module, "ram" "ram" 2 51, 4 3 0, S_0000022a46f036e0;
 .timescale -9 -11;
    .port_info 0 /INPUT 1 "clock";
    .port_info 1 /INPUT 32 "addr";
    .port_info 2 /INPUT 1 "wr";
    .port_info 3 /INPUT 32 "wdata";
    .port_info 4 /INPUT 1 "rd";
    .port_info 5 /OUTPUT 32 "rdata";
v0000022a47001890_0 .net "addr", 31 0, L_0000022a4706c9b0;  alias, 1 drivers
v0000022a47001a70_0 .net "clock", 0 0, v0000022a4700eb10_0;  alias, 1 drivers
v0000022a47001b10 .array "ram", 0 255, 31 0;
v0000022a47001250_0 .net "rd", 0 0, L_0000022a4706ca50;  alias, 1 drivers
v0000022a47001d90_0 .var "rdata", 31 0;
v0000022a47001930_0 .net "wdata", 31 0, v0000022a4700f470_0;  alias, 1 drivers
v0000022a470019d0_0 .net "wr", 0 0, v0000022a4700f6f0_0;  alias, 1 drivers
E_0000022a46f954a0 .event posedge, v0000022a47001a70_0;
S_0000022a46eeb0a0 .scope module, "regfile" "regfile" 2 59, 5 3 0, S_0000022a46f036e0;
 .timescale -9 -11;
    .port_info 0 /INPUT 4 "dstE";
    .port_info 1 /INPUT 32 "valE";
    .port_info 2 /INPUT 4 "dstM";
    .port_info 3 /INPUT 32 "valM";
    .port_info 4 /INPUT 4 "rA";
    .port_info 5 /INPUT 4 "rB";
    .port_info 6 /INPUT 1 "reset";
    .port_info 7 /INPUT 1 "clock";
    .port_info 8 /OUTPUT 32 "valA";
    .port_info 9 /OUTPUT 32 "valB";
    .port_info 10 /OUTPUT 32 "r0";
    .port_info 11 /OUTPUT 32 "r1";
    .port_info 12 /OUTPUT 32 "r2";
    .port_info 13 /OUTPUT 32 "r3";
    .port_info 14 /OUTPUT 32 "r4";
    .port_info 15 /OUTPUT 32 "r5";
    .port_info 16 /OUTPUT 32 "r6";
    .port_info 17 /OUTPUT 32 "r7";
v0000022a47002470_0 .net *"_ivl_0", 31 0, L_0000022a4700f790;  1 drivers
L_0000022a47011238 .functor BUFT 1, C4<0000000000000000000000000000>, C4<0>, C4<0>, C4<0>;
v0000022a47002650_0 .net *"_ivl_101", 27 0, L_0000022a47011238;  1 drivers
L_0000022a47011280 .functor BUFT 1, C4<00000000000000000000000000000010>, C4<0>, C4<0>, C4<0>;
v0000022a47002a10_0 .net/2u *"_ivl_102", 31 0, L_0000022a47011280;  1 drivers
v0000022a47002510_0 .net *"_ivl_104", 0 0, L_0000022a47069490;  1 drivers
v0000022a47001070_0 .net *"_ivl_106", 31 0, L_0000022a4706abb0;  1 drivers
L_0000022a470112c8 .functor BUFT 1, C4<0000000000000000000000000000>, C4<0>, C4<0>, C4<0>;
v0000022a470025b0_0 .net *"_ivl_109", 27 0, L_0000022a470112c8;  1 drivers
L_0000022a47010d28 .functor BUFT 1, C4<0000000000000000000000000000>, C4<0>, C4<0>, C4<0>;
v0000022a47001bb0_0 .net *"_ivl_11", 27 0, L_0000022a47010d28;  1 drivers
L_0000022a47011310 .functor BUFT 1, C4<00000000000000000000000000000011>, C4<0>, C4<0>, C4<0>;
v0000022a47001c50_0 .net/2u *"_ivl_110", 31 0, L_0000022a47011310;  1 drivers
v0000022a47002330_0 .net *"_ivl_112", 0 0, L_0000022a4706b1f0;  1 drivers
v0000022a47001110_0 .net *"_ivl_114", 31 0, L_0000022a4706a1b0;  1 drivers
L_0000022a47011358 .functor BUFT 1, C4<0000000000000000000000000000>, C4<0>, C4<0>, C4<0>;
v0000022a470012f0_0 .net *"_ivl_117", 27 0, L_0000022a47011358;  1 drivers
L_0000022a470113a0 .functor BUFT 1, C4<00000000000000000000000000000100>, C4<0>, C4<0>, C4<0>;
v0000022a470023d0_0 .net/2u *"_ivl_118", 31 0, L_0000022a470113a0;  1 drivers
L_0000022a47010d70 .functor BUFT 1, C4<00000000000000000000000000000001>, C4<0>, C4<0>, C4<0>;
v0000022a47001430_0 .net/2u *"_ivl_12", 31 0, L_0000022a47010d70;  1 drivers
v0000022a470011b0_0 .net *"_ivl_120", 0 0, L_0000022a4706ad90;  1 drivers
v0000022a47001e30_0 .net *"_ivl_122", 31 0, L_0000022a4706b330;  1 drivers
L_0000022a470113e8 .functor BUFT 1, C4<0000000000000000000000000000>, C4<0>, C4<0>, C4<0>;
v0000022a470026f0_0 .net *"_ivl_125", 27 0, L_0000022a470113e8;  1 drivers
L_0000022a47011430 .functor BUFT 1, C4<00000000000000000000000000000101>, C4<0>, C4<0>, C4<0>;
v0000022a47001cf0_0 .net/2u *"_ivl_126", 31 0, L_0000022a47011430;  1 drivers
v0000022a47001390_0 .net *"_ivl_128", 0 0, L_0000022a4706a250;  1 drivers
v0000022a47001f70_0 .net *"_ivl_130", 31 0, L_0000022a47069cb0;  1 drivers
L_0000022a47011478 .functor BUFT 1, C4<0000000000000000000000000000>, C4<0>, C4<0>, C4<0>;
v0000022a47001ed0_0 .net *"_ivl_133", 27 0, L_0000022a47011478;  1 drivers
L_0000022a470114c0 .functor BUFT 1, C4<00000000000000000000000000000110>, C4<0>, C4<0>, C4<0>;
v0000022a47002010_0 .net/2u *"_ivl_134", 31 0, L_0000022a470114c0;  1 drivers
v0000022a47002790_0 .net *"_ivl_136", 0 0, L_0000022a47068e50;  1 drivers
v0000022a47002290_0 .net *"_ivl_138", 31 0, L_0000022a47069fd0;  1 drivers
v0000022a470020b0_0 .net *"_ivl_14", 0 0, L_0000022a47069df0;  1 drivers
L_0000022a47011508 .functor BUFT 1, C4<0000000000000000000000000000>, C4<0>, C4<0>, C4<0>;
v0000022a47002150_0 .net *"_ivl_141", 27 0, L_0000022a47011508;  1 drivers
L_0000022a47011550 .functor BUFT 1, C4<00000000000000000000000000000111>, C4<0>, C4<0>, C4<0>;
v0000022a47002830_0 .net/2u *"_ivl_142", 31 0, L_0000022a47011550;  1 drivers
v0000022a47002ab0_0 .net *"_ivl_144", 0 0, L_0000022a4706a430;  1 drivers
o0000022a46fa4bd8 .functor BUFZ 32, C4<zzzzzzzzzzzzzzzzzzzzzzzzzzzzzzzz>; HiZ drive
; Elide local net with no drivers, v0000022a470021f0_0 name=_ivl_146
v0000022a470014d0_0 .net *"_ivl_148", 31 0, L_0000022a4706a070;  1 drivers
v0000022a47001570_0 .net *"_ivl_150", 31 0, L_0000022a4706a570;  1 drivers
v0000022a47002e70_0 .net *"_ivl_152", 31 0, L_0000022a4706a2f0;  1 drivers
v0000022a470028d0_0 .net *"_ivl_154", 31 0, L_0000022a4706a610;  1 drivers
v0000022a47002970_0 .net *"_ivl_156", 31 0, L_0000022a4706b150;  1 drivers
v0000022a47002b50_0 .net *"_ivl_158", 31 0, L_0000022a4706a6b0;  1 drivers
v0000022a47001610_0 .net *"_ivl_16", 31 0, L_0000022a4706ae30;  1 drivers
v0000022a470016b0_0 .net *"_ivl_160", 31 0, L_0000022a47068f90;  1 drivers
L_0000022a47010db8 .functor BUFT 1, C4<0000000000000000000000000000>, C4<0>, C4<0>, C4<0>;
v0000022a47002bf0_0 .net *"_ivl_19", 27 0, L_0000022a47010db8;  1 drivers
L_0000022a47010e00 .functor BUFT 1, C4<00000000000000000000000000000010>, C4<0>, C4<0>, C4<0>;
v0000022a47002c90_0 .net/2u *"_ivl_20", 31 0, L_0000022a47010e00;  1 drivers
v0000022a47001750_0 .net *"_ivl_22", 0 0, L_0000022a47069f30;  1 drivers
v0000022a47002d30_0 .net *"_ivl_24", 31 0, L_0000022a47069710;  1 drivers
L_0000022a47010e48 .functor BUFT 1, C4<0000000000000000000000000000>, C4<0>, C4<0>, C4<0>;
v0000022a47002dd0_0 .net *"_ivl_27", 27 0, L_0000022a47010e48;  1 drivers
L_0000022a47010e90 .functor BUFT 1, C4<00000000000000000000000000000011>, C4<0>, C4<0>, C4<0>;
v0000022a47004c10_0 .net/2u *"_ivl_28", 31 0, L_0000022a47010e90;  1 drivers
L_0000022a47010c98 .functor BUFT 1, C4<0000000000000000000000000000>, C4<0>, C4<0>, C4<0>;
v0000022a47004170_0 .net *"_ivl_3", 27 0, L_0000022a47010c98;  1 drivers
v0000022a47003630_0 .net *"_ivl_30", 0 0, L_0000022a47068d10;  1 drivers
v0000022a470051b0_0 .net *"_ivl_32", 31 0, L_0000022a47069e90;  1 drivers
L_0000022a47010ed8 .functor BUFT 1, C4<0000000000000000000000000000>, C4<0>, C4<0>, C4<0>;
v0000022a470047b0_0 .net *"_ivl_35", 27 0, L_0000022a47010ed8;  1 drivers
L_0000022a47010f20 .functor BUFT 1, C4<00000000000000000000000000000100>, C4<0>, C4<0>, C4<0>;
v0000022a47003270_0 .net/2u *"_ivl_36", 31 0, L_0000022a47010f20;  1 drivers
v0000022a470042b0_0 .net *"_ivl_38", 0 0, L_0000022a4706a930;  1 drivers
L_0000022a47010ce0 .functor BUFT 1, C4<00000000000000000000000000000000>, C4<0>, C4<0>, C4<0>;
v0000022a470043f0_0 .net/2u *"_ivl_4", 31 0, L_0000022a47010ce0;  1 drivers
v0000022a47003a90_0 .net *"_ivl_40", 31 0, L_0000022a47069210;  1 drivers
L_0000022a47010f68 .functor BUFT 1, C4<0000000000000000000000000000>, C4<0>, C4<0>, C4<0>;
v0000022a47005750_0 .net *"_ivl_43", 27 0, L_0000022a47010f68;  1 drivers
L_0000022a47010fb0 .functor BUFT 1, C4<00000000000000000000000000000101>, C4<0>, C4<0>, C4<0>;
v0000022a47003f90_0 .net/2u *"_ivl_44", 31 0, L_0000022a47010fb0;  1 drivers
v0000022a47003090_0 .net *"_ivl_46", 0 0, L_0000022a47069b70;  1 drivers
v0000022a47003b30_0 .net *"_ivl_48", 31 0, L_0000022a4706b290;  1 drivers
L_0000022a47010ff8 .functor BUFT 1, C4<0000000000000000000000000000>, C4<0>, C4<0>, C4<0>;
v0000022a47003bd0_0 .net *"_ivl_51", 27 0, L_0000022a47010ff8;  1 drivers
L_0000022a47011040 .functor BUFT 1, C4<00000000000000000000000000000110>, C4<0>, C4<0>, C4<0>;
v0000022a47004f30_0 .net/2u *"_ivl_52", 31 0, L_0000022a47011040;  1 drivers
v0000022a47004cb0_0 .net *"_ivl_54", 0 0, L_0000022a4706b3d0;  1 drivers
v0000022a47003310_0 .net *"_ivl_56", 31 0, L_0000022a4706b470;  1 drivers
L_0000022a47011088 .functor BUFT 1, C4<0000000000000000000000000000>, C4<0>, C4<0>, C4<0>;
v0000022a47003590_0 .net *"_ivl_59", 27 0, L_0000022a47011088;  1 drivers
v0000022a470036d0_0 .net *"_ivl_6", 0 0, L_0000022a4700f830;  1 drivers
L_0000022a470110d0 .functor BUFT 1, C4<00000000000000000000000000000111>, C4<0>, C4<0>, C4<0>;
v0000022a47004210_0 .net/2u *"_ivl_60", 31 0, L_0000022a470110d0;  1 drivers
v0000022a47004d50_0 .net *"_ivl_62", 0 0, L_0000022a4706acf0;  1 drivers
o0000022a46fa5268 .functor BUFZ 32, C4<zzzzzzzzzzzzzzzzzzzzzzzzzzzzzzzz>; HiZ drive
; Elide local net with no drivers, v0000022a47004990_0 name=_ivl_64
v0000022a470033b0_0 .net *"_ivl_66", 31 0, L_0000022a4706aed0;  1 drivers
v0000022a47003c70_0 .net *"_ivl_68", 31 0, L_0000022a47068db0;  1 drivers
v0000022a47004350_0 .net *"_ivl_70", 31 0, L_0000022a4706a390;  1 drivers
v0000022a47004030_0 .net *"_ivl_72", 31 0, L_0000022a4706b010;  1 drivers
v0000022a470057f0_0 .net *"_ivl_74", 31 0, L_0000022a47069850;  1 drivers
v0000022a47003d10_0 .net *"_ivl_76", 31 0, L_0000022a4706a9d0;  1 drivers
v0000022a47003450_0 .net *"_ivl_78", 31 0, L_0000022a4706a4d0;  1 drivers
v0000022a470038b0_0 .net *"_ivl_8", 31 0, L_0000022a4706ac50;  1 drivers
v0000022a47005250_0 .net *"_ivl_82", 31 0, L_0000022a470692b0;  1 drivers
L_0000022a47011118 .functor BUFT 1, C4<0000000000000000000000000000>, C4<0>, C4<0>, C4<0>;
v0000022a470034f0_0 .net *"_ivl_85", 27 0, L_0000022a47011118;  1 drivers
L_0000022a47011160 .functor BUFT 1, C4<00000000000000000000000000000000>, C4<0>, C4<0>, C4<0>;
v0000022a47004490_0 .net/2u *"_ivl_86", 31 0, L_0000022a47011160;  1 drivers
v0000022a470045d0_0 .net *"_ivl_88", 0 0, L_0000022a47068ef0;  1 drivers
v0000022a47004530_0 .net *"_ivl_90", 31 0, L_0000022a4706ab10;  1 drivers
L_0000022a470111a8 .functor BUFT 1, C4<0000000000000000000000000000>, C4<0>, C4<0>, C4<0>;
v0000022a47004fd0_0 .net *"_ivl_93", 27 0, L_0000022a470111a8;  1 drivers
L_0000022a470111f0 .functor BUFT 1, C4<00000000000000000000000000000001>, C4<0>, C4<0>, C4<0>;
v0000022a47004670_0 .net/2u *"_ivl_94", 31 0, L_0000022a470111f0;  1 drivers
v0000022a47003950_0 .net *"_ivl_96", 0 0, L_0000022a4706a110;  1 drivers
v0000022a47004a30_0 .net *"_ivl_98", 31 0, L_0000022a47069c10;  1 drivers
v0000022a47003770_0 .net "clock", 0 0, v0000022a4700eb10_0;  alias, 1 drivers
v0000022a47004710_0 .net "dstE", 3 0, v0000022a47006790_0;  alias, 1 drivers
v0000022a470054d0_0 .net "dstM", 3 0, v0000022a470059d0_0;  alias, 1 drivers
v0000022a47003810_0 .net "r0", 31 0, v0000022a47003db0_0;  alias, 1 drivers
v0000022a470048f0_0 .net "r1", 31 0, v0000022a47005110_0;  alias, 1 drivers
v0000022a47004850_0 .net "r2", 31 0, v0000022a470040d0_0;  alias, 1 drivers
v0000022a470031d0_0 .net "r3", 31 0, v0000022a47004df0_0;  alias, 1 drivers
v0000022a47005610_0 .net "r4", 31 0, v0000022a470039f0_0;  alias, 1 drivers
v0000022a47003130_0 .net "r5", 31 0, v0000022a47004e90_0;  alias, 1 drivers
v0000022a47003ef0_0 .net "r6", 31 0, v0000022a47005070_0;  alias, 1 drivers
v0000022a47004ad0_0 .net "r7", 31 0, v0000022a470052f0_0;  alias, 1 drivers
v0000022a47004b70_0 .net "rA", 3 0, L_0000022a4706b8d0;  alias, 1 drivers
v0000022a47003e50_0 .net "rB", 3 0, L_0000022a4706c2d0;  alias, 1 drivers
v0000022a47003db0_0 .var "r_r0", 31 0;
v0000022a47005110_0 .var "r_r1", 31 0;
v0000022a470040d0_0 .var "r_r2", 31 0;
v0000022a47004df0_0 .var "r_r3", 31 0;
v0000022a470039f0_0 .var "r_r4", 31 0;
v0000022a47004e90_0 .var "r_r5", 31 0;
v0000022a47005070_0 .var "r_r6", 31 0;
v0000022a470052f0_0 .var "r_r7", 31 0;
v0000022a47005570_0 .net "reset", 0 0, v0000022a4700df30_0;  1 drivers
v0000022a47005390_0 .net "valA", 31 0, L_0000022a4706aa70;  alias, 1 drivers
v0000022a47005430_0 .net "valB", 31 0, L_0000022a47069030;  alias, 1 drivers
v0000022a470056b0_0 .net "valE", 31 0, v0000022a47005f70_0;  alias, 1 drivers
v0000022a47005e30_0 .net "valM", 31 0, v0000022a470063d0_0;  alias, 1 drivers
E_0000022a46f95360/0 .event negedge, v0000022a47005570_0;
E_0000022a46f95360/1 .event posedge, v0000022a47001a70_0;
E_0000022a46f95360 .event/or E_0000022a46f95360/0, E_0000022a46f95360/1;
L_0000022a4700f790 .concat [ 4 28 0 0], L_0000022a4706b8d0, L_0000022a47010c98;
L_0000022a4700f830 .cmp/eq 32, L_0000022a4700f790, L_0000022a47010ce0;
L_0000022a4706ac50 .concat [ 4 28 0 0], L_0000022a4706b8d0, L_0000022a47010d28;
L_0000022a47069df0 .cmp/eq 32, L_0000022a4706ac50, L_0000022a47010d70;
L_0000022a4706ae30 .concat [ 4 28 0 0], L_0000022a4706b8d0, L_0000022a47010db8;
L_0000022a47069f30 .cmp/eq 32, L_0000022a4706ae30, L_0000022a47010e00;
L_0000022a47069710 .concat [ 4 28 0 0], L_0000022a4706b8d0, L_0000022a47010e48;
L_0000022a47068d10 .cmp/eq 32, L_0000022a47069710, L_0000022a47010e90;
L_0000022a47069e90 .concat [ 4 28 0 0], L_0000022a4706b8d0, L_0000022a47010ed8;
L_0000022a4706a930 .cmp/eq 32, L_0000022a47069e90, L_0000022a47010f20;
L_0000022a47069210 .concat [ 4 28 0 0], L_0000022a4706b8d0, L_0000022a47010f68;
L_0000022a47069b70 .cmp/eq 32, L_0000022a47069210, L_0000022a47010fb0;
L_0000022a4706b290 .concat [ 4 28 0 0], L_0000022a4706b8d0, L_0000022a47010ff8;
L_0000022a4706b3d0 .cmp/eq 32, L_0000022a4706b290, L_0000022a47011040;
L_0000022a4706b470 .concat [ 4 28 0 0], L_0000022a4706b8d0, L_0000022a47011088;
L_0000022a4706acf0 .cmp/eq 32, L_0000022a4706b470, L_0000022a470110d0;
L_0000022a4706aed0 .functor MUXZ 32, o0000022a46fa5268, v0000022a470052f0_0, L_0000022a4706acf0, C4<>;
L_0000022a47068db0 .functor MUXZ 32, L_0000022a4706aed0, v0000022a47005070_0, L_0000022a4706b3d0, C4<>;
L_0000022a4706a390 .functor MUXZ 32, L_0000022a47068db0, v0000022a47004e90_0, L_0000022a47069b70, C4<>;
L_0000022a4706b010 .functor MUXZ 32, L_0000022a4706a390, v0000022a470039f0_0, L_0000022a4706a930, C4<>;
L_0000022a47069850 .functor MUXZ 32, L_0000022a4706b010, v0000022a47004df0_0, L_0000022a47068d10, C4<>;
L_0000022a4706a9d0 .functor MUXZ 32, L_0000022a47069850, v0000022a470040d0_0, L_0000022a47069f30, C4<>;
L_0000022a4706a4d0 .functor MUXZ 32, L_0000022a4706a9d0, v0000022a47005110_0, L_0000022a47069df0, C4<>;
L_0000022a4706aa70 .functor MUXZ 32, L_0000022a4706a4d0, v0000022a47003db0_0, L_0000022a4700f830, C4<>;
L_0000022a470692b0 .concat [ 4 28 0 0], L_0000022a4706c2d0, L_0000022a47011118;
L_0000022a47068ef0 .cmp/eq 32, L_0000022a470692b0, L_0000022a47011160;
L_0000022a4706ab10 .concat [ 4 28 0 0], L_0000022a4706c2d0, L_0000022a470111a8;
L_0000022a4706a110 .cmp/eq 32, L_0000022a4706ab10, L_0000022a470111f0;
L_0000022a47069c10 .concat [ 4 28 0 0], L_0000022a4706c2d0, L_0000022a47011238;
L_0000022a47069490 .cmp/eq 32, L_0000022a47069c10, L_0000022a47011280;
L_0000022a4706abb0 .concat [ 4 28 0 0], L_0000022a4706c2d0, L_0000022a470112c8;
L_0000022a4706b1f0 .cmp/eq 32, L_0000022a4706abb0, L_0000022a47011310;
L_0000022a4706a1b0 .concat [ 4 28 0 0], L_0000022a4706c2d0, L_0000022a47011358;
L_0000022a4706ad90 .cmp/eq 32, L_0000022a4706a1b0, L_0000022a470113a0;
L_0000022a4706b330 .concat [ 4 28 0 0], L_0000022a4706c2d0, L_0000022a470113e8;
L_0000022a4706a250 .cmp/eq 32, L_0000022a4706b330, L_0000022a47011430;
L_0000022a47069cb0 .concat [ 4 28 0 0], L_0000022a4706c2d0, L_0000022a47011478;
L_0000022a47068e50 .cmp/eq 32, L_0000022a47069cb0, L_0000022a470114c0;
L_0000022a47069fd0 .concat [ 4 28 0 0], L_0000022a4706c2d0, L_0000022a47011508;
L_0000022a4706a430 .cmp/eq 32, L_0000022a47069fd0, L_0000022a47011550;
L_0000022a4706a070 .functor MUXZ 32, o0000022a46fa4bd8, v0000022a470052f0_0, L_0000022a4706a430, C4<>;
L_0000022a4706a570 .functor MUXZ 32, L_0000022a4706a070, v0000022a47005070_0, L_0000022a47068e50, C4<>;
L_0000022a4706a2f0 .functor MUXZ 32, L_0000022a4706a570, v0000022a47004e90_0, L_0000022a4706a250, C4<>;
L_0000022a4706a610 .functor MUXZ 32, L_0000022a4706a2f0, v0000022a470039f0_0, L_0000022a4706ad90, C4<>;
L_0000022a4706b150 .functor MUXZ 32, L_0000022a4706a610, v0000022a47004df0_0, L_0000022a4706b1f0, C4<>;
L_0000022a4706a6b0 .functor MUXZ 32, L_0000022a4706b150, v0000022a470040d0_0, L_0000022a47069490, C4<>;
L_0000022a47068f90 .functor MUXZ 32, L_0000022a4706a6b0, v0000022a47005110_0, L_0000022a4706a110, C4<>;
L_0000022a47069030 .functor MUXZ 32, L_0000022a47068f90, v0000022a47003db0_0, L_0000022a47068ef0, C4<>;
    .scope S_0000022a46eeaf10;
T_0 ;
    %pushi/vec4 0, 4294967295, 32;
    %store/vec4 v0000022a47001d90_0, 0, 32;
    %end;
    .thread T_0;
    .scope S_0000022a46eeaf10;
T_1 ;
    %wait E_0000022a46f954a0;
    %load/vec4 v0000022a470019d0_0;
    %flag_set/vec4 8;
    %jmp/0xz  T_1.0, 8;
    %load/vec4 v0000022a47001930_0;
    %ix/getv 3, v0000022a47001890_0;
    %ix/load 4, 0, 0; Constant delay
    %assign/vec4/a/d v0000022a47001b10, 0, 4;
T_1.0 ;
    %load/vec4 v0000022a47001250_0;
    %flag_set/vec4 8;
    %jmp/0xz  T_1.2, 8;
    %ix/getv 4, v0000022a47001890_0;
    %load/vec4a v0000022a47001b10, 4;
    %assign/vec4 v0000022a47001d90_0, 0;
    %jmp T_1.3;
T_1.2 ;
    %pushi/vec4 0, 4294967295, 32;
    %assign/vec4 v0000022a47001d90_0, 0;
T_1.3 ;
    %jmp T_1;
    .thread T_1;
    .scope S_0000022a46eeb0a0;
T_2 ;
    %wait E_0000022a46f95360;
    %load/vec4 v0000022a47005570_0;
    %flag_set/vec4 8;
    %jmp/0xz  T_2.0, 8;
    %pushi/vec4 0, 0, 32;
    %assign/vec4 v0000022a47003db0_0, 0;
    %pushi/vec4 0, 0, 32;
    %assign/vec4 v0000022a47005110_0, 0;
    %pushi/vec4 0, 0, 32;
    %assign/vec4 v0000022a470040d0_0, 0;
    %pushi/vec4 0, 0, 32;
    %assign/vec4 v0000022a47004df0_0, 0;
    %pushi/vec4 0, 0, 32;
    %assign/vec4 v0000022a470039f0_0, 0;
    %pushi/vec4 0, 0, 32;
    %assign/vec4 v0000022a47004e90_0, 0;
    %pushi/vec4 0, 0, 32;
    %assign/vec4 v0000022a47005070_0, 0;
    %pushi/vec4 0, 0, 32;
    %assign/vec4 v0000022a470052f0_0, 0;
    %jmp T_2.1;
T_2.0 ;
    %load/vec4 v0000022a47004710_0;
    %dup/vec4;
    %pushi/vec4 0, 0, 4;
    %cmp/u;
    %jmp/1 T_2.2, 6;
    %dup/vec4;
    %pushi/vec4 1, 0, 4;
    %cmp/u;
    %jmp/1 T_2.3, 6;
    %dup/vec4;
    %pushi/vec4 2, 0, 4;
    %cmp/u;
    %jmp/1 T_2.4, 6;
    %dup/vec4;
    %pushi/vec4 3, 0, 4;
    %cmp/u;
    %jmp/1 T_2.5, 6;
    %dup/vec4;
    %pushi/vec4 4, 0, 4;
    %cmp/u;
    %jmp/1 T_2.6, 6;
    %dup/vec4;
    %pushi/vec4 5, 0, 4;
    %cmp/u;
    %jmp/1 T_2.7, 6;
    %dup/vec4;
    %pushi/vec4 6, 0, 4;
    %cmp/u;
    %jmp/1 T_2.8, 6;
    %dup/vec4;
    %pushi/vec4 7, 0, 4;
    %cmp/u;
    %jmp/1 T_2.9, 6;
    %jmp T_2.10;
T_2.2 ;
    %load/vec4 v0000022a470056b0_0;
    %assign/vec4 v0000022a47003db0_0, 0;
    %jmp T_2.10;
T_2.3 ;
    %load/vec4 v0000022a470056b0_0;
    %assign/vec4 v0000022a47005110_0, 0;
    %jmp T_2.10;
T_2.4 ;
    %load/vec4 v0000022a470056b0_0;
    %assign/vec4 v0000022a470040d0_0, 0;
    %jmp T_2.10;
T_2.5 ;
    %load/vec4 v0000022a470056b0_0;
    %assign/vec4 v0000022a47004df0_0, 0;
    %jmp T_2.10;
T_2.6 ;
    %load/vec4 v0000022a470056b0_0;
    %assign/vec4 v0000022a470039f0_0, 0;
    %jmp T_2.10;
T_2.7 ;
    %load/vec4 v0000022a470056b0_0;
    %assign/vec4 v0000022a47004e90_0, 0;
    %jmp T_2.10;
T_2.8 ;
    %load/vec4 v0000022a470056b0_0;
    %assign/vec4 v0000022a47005070_0, 0;
    %jmp T_2.10;
T_2.9 ;
    %load/vec4 v0000022a470056b0_0;
    %assign/vec4 v0000022a470052f0_0, 0;
    %jmp T_2.10;
T_2.10 ;
    %pop/vec4 1;
    %load/vec4 v0000022a470054d0_0;
    %dup/vec4;
    %pushi/vec4 0, 0, 4;
    %cmp/u;
    %jmp/1 T_2.11, 6;
    %dup/vec4;
    %pushi/vec4 1, 0, 4;
    %cmp/u;
    %jmp/1 T_2.12, 6;
    %dup/vec4;
    %pushi/vec4 2, 0, 4;
    %cmp/u;
    %jmp/1 T_2.13, 6;
    %dup/vec4;
    %pushi/vec4 3, 0, 4;
    %cmp/u;
    %jmp/1 T_2.14, 6;
    %dup/vec4;
    %pushi/vec4 4, 0, 4;
    %cmp/u;
    %jmp/1 T_2.15, 6;
    %dup/vec4;
    %pushi/vec4 5, 0, 4;
    %cmp/u;
    %jmp/1 T_2.16, 6;
    %dup/vec4;
    %pushi/vec4 6, 0, 4;
    %cmp/u;
    %jmp/1 T_2.17, 6;
    %dup/vec4;
    %pushi/vec4 7, 0, 4;
    %cmp/u;
    %jmp/1 T_2.18, 6;
    %jmp T_2.19;
T_2.11 ;
    %load/vec4 v0000022a47005e30_0;
    %assign/vec4 v0000022a47003db0_0, 0;
    %jmp T_2.19;
T_2.12 ;
    %load/vec4 v0000022a47005e30_0;
    %assign/vec4 v0000022a47005110_0, 0;
    %jmp T_2.19;
T_2.13 ;
    %load/vec4 v0000022a47005e30_0;
    %assign/vec4 v0000022a470040d0_0, 0;
    %jmp T_2.19;
T_2.14 ;
    %load/vec4 v0000022a47005e30_0;
    %assign/vec4 v0000022a47004df0_0, 0;
    %jmp T_2.19;
T_2.15 ;
    %load/vec4 v0000022a47005e30_0;
    %assign/vec4 v0000022a470039f0_0, 0;
    %jmp T_2.19;
T_2.16 ;
    %load/vec4 v0000022a47005e30_0;
    %assign/vec4 v0000022a47004e90_0, 0;
    %jmp T_2.19;
T_2.17 ;
    %load/vec4 v0000022a47005e30_0;
    %assign/vec4 v0000022a47005070_0, 0;
    %jmp T_2.19;
T_2.18 ;
    %load/vec4 v0000022a47005e30_0;
    %assign/vec4 v0000022a470052f0_0, 0;
    %jmp T_2.19;
T_2.19 ;
    %pop/vec4 1;
T_2.1 ;
    %jmp T_2;
    .thread T_2;
    .scope S_0000022a46f036e0;
T_3 ;
    %pushi/vec4 0, 0, 32;
    %store/vec4 v0000022a47005bb0_0, 0, 32;
    %pushi/vec4 0, 15, 4;
    %store/vec4 v0000022a47005ed0_0, 0, 4;
    %pushi/vec4 0, 15, 4;
    %store/vec4 v0000022a47006330_0, 0, 4;
    %pushi/vec4 0, 15, 4;
    %store/vec4 v0000022a47005930_0, 0, 4;
    %pushi/vec4 0, 15, 4;
    %store/vec4 v0000022a47006010_0, 0, 4;
    %pushi/vec4 0, 4294967295, 32;
    %store/vec4 v0000022a47006470_0, 0, 32;
    %pushi/vec4 0, 4294967295, 32;
    %store/vec4 v0000022a47006290_0, 0, 32;
    %pushi/vec4 0, 65535, 16;
    %store/vec4 v0000022a47006830_0, 0, 16;
    %pushi/vec4 0, 1, 1;
    %store/vec4 v0000022a47005d90_0, 0, 1;
    %pushi/vec4 0, 0, 1;
    %store/vec4 v0000022a47005890_0, 0, 1;
    %pushi/vec4 0, 15, 4;
    %store/vec4 v0000022a470059d0_0, 0, 4;
    %pushi/vec4 0, 4294967295, 32;
    %store/vec4 v0000022a470063d0_0, 0, 32;
    %pushi/vec4 0, 15, 4;
    %store/vec4 v0000022a47006790_0, 0, 4;
    %pushi/vec4 0, 4294967295, 32;
    %store/vec4 v0000022a47005f70_0, 0, 32;
    %pushi/vec4 0, 1, 1;
    %store/vec4 v0000022a470060b0_0, 0, 1;
    %end;
    .thread T_3;
    .scope S_0000022a46f036e0;
T_4 ;
    %wait E_0000022a46f954a0;
    %load/vec4 v0000022a4700ee30_0;
    %flag_set/vec4 8;
    %jmp/0xz  T_4.0, 8;
    %load/vec4 v0000022a4700d5d0_0;
    %dup/vec4;
    %pushi/vec4 0, 0, 1;
    %cmp/u;
    %jmp/1 T_4.2, 6;
    %dup/vec4;
    %pushi/vec4 1, 0, 1;
    %cmp/u;
    %jmp/1 T_4.3, 6;
    %load/vec4 v0000022a47005bb0_0;
    %addi 1, 0, 32;
    %assign/vec4 v0000022a47005bb0_0, 0;
    %jmp T_4.5;
T_4.2 ;
    %load/vec4 v0000022a47005bb0_0;
    %addi 1, 0, 32;
    %assign/vec4 v0000022a47005bb0_0, 0;
    %jmp T_4.5;
T_4.3 ;
    %load/vec4 v0000022a4700cb30_0;
    %assign/vec4 v0000022a47005bb0_0, 0;
    %jmp T_4.5;
T_4.5 ;
    %pop/vec4 1;
T_4.0 ;
    %jmp T_4;
    .thread T_4;
    .scope S_0000022a46f036e0;
T_5 ;
    %wait E_0000022a46f954a0;
    %load/vec4 v0000022a4700ee30_0;
    %flag_set/vec4 8;
    %jmp/0xz  T_5.0, 8;
    %load/vec4 v0000022a4700c9f0_0;
    %flag_set/vec4 8;
    %jmp/0xz  T_5.2, 8;
    %load/vec4 v0000022a47005ed0_0;
    %load/vec4 v0000022a47006330_0;
    %concat/vec4; draw_concat_vec4
    %split/vec4 4;
    %assign/vec4 v0000022a47006330_0, 0;
    %assign/vec4 v0000022a47005ed0_0, 0;
    %pushi/vec4 15, 0, 4;
    %assign/vec4 v0000022a47005930_0, 0;
    %pushi/vec4 15, 0, 4;
    %assign/vec4 v0000022a47006010_0, 0;
    %load/vec4 v0000022a47006830_0;
    %assign/vec4 v0000022a47006830_0, 0;
    %load/vec4 v0000022a47006470_0;
    %assign/vec4 v0000022a47006470_0, 0;
    %load/vec4 v0000022a47006290_0;
    %assign/vec4 v0000022a47006290_0, 0;
    %load/vec4 v0000022a4700c9f0_0;
    %assign/vec4 v0000022a47005d90_0, 0;
    %jmp T_5.3;
T_5.2 ;
    %load/vec4 v0000022a4700d170_0;
    %load/vec4 v0000022a4700ca90_0;
    %concat/vec4; draw_concat_vec4
    %dup/vec4;
    %pushi/vec4 18, 0, 8;
    %cmp/u;
    %jmp/1 T_5.4, 6;
    %dup/vec4;
    %pushi/vec4 48, 0, 8;
    %cmp/u;
    %jmp/1 T_5.5, 6;
    %dup/vec4;
    %pushi/vec4 49, 0, 8;
    %cmp/u;
    %jmp/1 T_5.6, 6;
    %dup/vec4;
    %pushi/vec4 50, 0, 8;
    %cmp/u;
    %jmp/1 T_5.7, 6;
    %dup/vec4;
    %pushi/vec4 51, 0, 8;
    %cmp/u;
    %jmp/1 T_5.8, 6;
    %dup/vec4;
    %pushi/vec4 52, 0, 8;
    %cmp/u;
    %jmp/1 T_5.9, 6;
    %dup/vec4;
    %pushi/vec4 53, 0, 8;
    %cmp/u;
    %jmp/1 T_5.10, 6;
    %dup/vec4;
    %pushi/vec4 54, 0, 8;
    %cmp/u;
    %jmp/1 T_5.11, 6;
    %dup/vec4;
    %pushi/vec4 112, 0, 8;
    %cmp/u;
    %jmp/1 T_5.12, 6;
    %dup/vec4;
    %pushi/vec4 113, 0, 8;
    %cmp/u;
    %jmp/1 T_5.13, 6;
    %dup/vec4;
    %pushi/vec4 114, 0, 8;
    %cmp/u;
    %jmp/1 T_5.14, 6;
    %dup/vec4;
    %pushi/vec4 115, 0, 8;
    %cmp/u;
    %jmp/1 T_5.15, 6;
    %dup/vec4;
    %pushi/vec4 116, 0, 8;
    %cmp/u;
    %jmp/1 T_5.16, 6;
    %dup/vec4;
    %pushi/vec4 117, 0, 8;
    %cmp/u;
    %jmp/1 T_5.17, 6;
    %dup/vec4;
    %pushi/vec4 118, 0, 8;
    %cmp/u;
    %jmp/1 T_5.18, 6;
    %load/vec4 v0000022a4700d170_0;
    %assign/vec4 v0000022a47005ed0_0, 0;
    %load/vec4 v0000022a4700ca90_0;
    %assign/vec4 v0000022a47006330_0, 0;
    %jmp T_5.20;
T_5.4 ;
    %pushi/vec4 34, 0, 8;
    %split/vec4 4;
    %assign/vec4 v0000022a47006330_0, 0;
    %assign/vec4 v0000022a47005ed0_0, 0;
    %jmp T_5.20;
T_5.5 ;
    %pushi/vec4 32, 0, 8;
    %split/vec4 4;
    %assign/vec4 v0000022a47006330_0, 0;
    %assign/vec4 v0000022a47005ed0_0, 0;
    %jmp T_5.20;
T_5.6 ;
    %pushi/vec4 32, 0, 8;
    %split/vec4 4;
    %assign/vec4 v0000022a47006330_0, 0;
    %assign/vec4 v0000022a47005ed0_0, 0;
    %jmp T_5.20;
T_5.7 ;
    %pushi/vec4 32, 0, 8;
    %split/vec4 4;
    %assign/vec4 v0000022a47006330_0, 0;
    %assign/vec4 v0000022a47005ed0_0, 0;
    %jmp T_5.20;
T_5.8 ;
    %pushi/vec4 32, 0, 8;
    %split/vec4 4;
    %assign/vec4 v0000022a47006330_0, 0;
    %assign/vec4 v0000022a47005ed0_0, 0;
    %jmp T_5.20;
T_5.9 ;
    %pushi/vec4 32, 0, 8;
    %split/vec4 4;
    %assign/vec4 v0000022a47006330_0, 0;
    %assign/vec4 v0000022a47005ed0_0, 0;
    %jmp T_5.20;
T_5.10 ;
    %pushi/vec4 32, 0, 8;
    %split/vec4 4;
    %assign/vec4 v0000022a47006330_0, 0;
    %assign/vec4 v0000022a47005ed0_0, 0;
    %jmp T_5.20;
T_5.11 ;
    %pushi/vec4 32, 0, 8;
    %split/vec4 4;
    %assign/vec4 v0000022a47006330_0, 0;
    %assign/vec4 v0000022a47005ed0_0, 0;
    %jmp T_5.20;
T_5.12 ;
    %pushi/vec4 34, 0, 8;
    %split/vec4 4;
    %assign/vec4 v0000022a47006330_0, 0;
    %assign/vec4 v0000022a47005ed0_0, 0;
    %jmp T_5.20;
T_5.13 ;
    %pushi/vec4 34, 0, 8;
    %split/vec4 4;
    %assign/vec4 v0000022a47006330_0, 0;
    %assign/vec4 v0000022a47005ed0_0, 0;
    %jmp T_5.20;
T_5.14 ;
    %pushi/vec4 34, 0, 8;
    %split/vec4 4;
    %assign/vec4 v0000022a47006330_0, 0;
    %assign/vec4 v0000022a47005ed0_0, 0;
    %jmp T_5.20;
T_5.15 ;
    %pushi/vec4 34, 0, 8;
    %split/vec4 4;
    %assign/vec4 v0000022a47006330_0, 0;
    %assign/vec4 v0000022a47005ed0_0, 0;
    %jmp T_5.20;
T_5.16 ;
    %pushi/vec4 34, 0, 8;
    %split/vec4 4;
    %assign/vec4 v0000022a47006330_0, 0;
    %assign/vec4 v0000022a47005ed0_0, 0;
    %jmp T_5.20;
T_5.17 ;
    %pushi/vec4 34, 0, 8;
    %split/vec4 4;
    %assign/vec4 v0000022a47006330_0, 0;
    %assign/vec4 v0000022a47005ed0_0, 0;
    %jmp T_5.20;
T_5.18 ;
    %pushi/vec4 34, 0, 8;
    %split/vec4 4;
    %assign/vec4 v0000022a47006330_0, 0;
    %assign/vec4 v0000022a47005ed0_0, 0;
    %jmp T_5.20;
T_5.20 ;
    %pop/vec4 1;
    %load/vec4 v0000022a4700d170_0;
    %load/vec4 v0000022a4700ca90_0;
    %concat/vec4; draw_concat_vec4
    %dup/vec4;
    %pushi/vec4 48, 0, 8;
    %cmp/u;
    %jmp/1 T_5.21, 6;
    %dup/vec4;
    %pushi/vec4 49, 0, 8;
    %cmp/u;
    %jmp/1 T_5.22, 6;
    %dup/vec4;
    %pushi/vec4 50, 0, 8;
    %cmp/u;
    %jmp/1 T_5.23, 6;
    %dup/vec4;
    %pushi/vec4 51, 0, 8;
    %cmp/u;
    %jmp/1 T_5.24, 6;
    %dup/vec4;
    %pushi/vec4 52, 0, 8;
    %cmp/u;
    %jmp/1 T_5.25, 6;
    %dup/vec4;
    %pushi/vec4 53, 0, 8;
    %cmp/u;
    %jmp/1 T_5.26, 6;
    %dup/vec4;
    %pushi/vec4 54, 0, 8;
    %cmp/u;
    %jmp/1 T_5.27, 6;
    %load/vec4 v0000022a4700d990_0;
    %assign/vec4 v0000022a47006470_0, 0;
    %load/vec4 v0000022a4700da30_0;
    %assign/vec4 v0000022a47006290_0, 0;
    %load/vec4 v0000022a4700d710_0;
    %assign/vec4 v0000022a47005930_0, 0;
    %load/vec4 v0000022a4700d7b0_0;
    %assign/vec4 v0000022a47006010_0, 0;
    %jmp T_5.29;
T_5.21 ;
    %pushi/vec4 0, 0, 32;
    %assign/vec4 v0000022a47006470_0, 0;
    %load/vec4 v0000022a4700da30_0;
    %assign/vec4 v0000022a47006290_0, 0;
    %load/vec4 v0000022a4700d710_0;
    %assign/vec4 v0000022a47005930_0, 0;
    %load/vec4 v0000022a4700d7b0_0;
    %assign/vec4 v0000022a47006010_0, 0;
    %jmp T_5.29;
T_5.22 ;
    %pushi/vec4 0, 0, 32;
    %assign/vec4 v0000022a47006470_0, 0;
    %load/vec4 v0000022a4700da30_0;
    %assign/vec4 v0000022a47006290_0, 0;
    %load/vec4 v0000022a4700d7b0_0;
    %assign/vec4 v0000022a47006010_0, 0;
    %load/vec4 v0000022a4700db70_0;
    %load/vec4 v0000022a4700dad0_0;
    %xor;
    %load/vec4 v0000022a4700dc10_0;
    %or;
    %flag_set/vec4 8;
    %jmp/0xz  T_5.30, 8;
    %load/vec4 v0000022a4700d710_0;
    %assign/vec4 v0000022a47005930_0, 0;
    %jmp T_5.31;
T_5.30 ;
    %load/vec4 v0000022a4700d7b0_0;
    %assign/vec4 v0000022a47005930_0, 0;
T_5.31 ;
    %jmp T_5.29;
T_5.23 ;
    %pushi/vec4 0, 0, 32;
    %assign/vec4 v0000022a47006470_0, 0;
    %load/vec4 v0000022a4700da30_0;
    %assign/vec4 v0000022a47006290_0, 0;
    %load/vec4 v0000022a4700d7b0_0;
    %assign/vec4 v0000022a47006010_0, 0;
    %load/vec4 v0000022a4700db70_0;
    %load/vec4 v0000022a4700dad0_0;
    %xor;
    %flag_set/vec4 8;
    %jmp/0xz  T_5.32, 8;
    %load/vec4 v0000022a4700d710_0;
    %assign/vec4 v0000022a47005930_0, 0;
    %jmp T_5.33;
T_5.32 ;
    %load/vec4 v0000022a4700d7b0_0;
    %assign/vec4 v0000022a47005930_0, 0;
T_5.33 ;
    %jmp T_5.29;
T_5.24 ;
    %pushi/vec4 0, 0, 32;
    %assign/vec4 v0000022a47006470_0, 0;
    %load/vec4 v0000022a4700da30_0;
    %assign/vec4 v0000022a47006290_0, 0;
    %load/vec4 v0000022a4700d7b0_0;
    %assign/vec4 v0000022a47006010_0, 0;
    %load/vec4 v0000022a4700dc10_0;
    %flag_set/vec4 8;
    %jmp/0xz  T_5.34, 8;
    %load/vec4 v0000022a4700d710_0;
    %assign/vec4 v0000022a47005930_0, 0;
    %jmp T_5.35;
T_5.34 ;
    %load/vec4 v0000022a4700d7b0_0;
    %assign/vec4 v0000022a47005930_0, 0;
T_5.35 ;
    %jmp T_5.29;
T_5.25 ;
    %pushi/vec4 0, 0, 32;
    %assign/vec4 v0000022a47006470_0, 0;
    %load/vec4 v0000022a4700da30_0;
    %assign/vec4 v0000022a47006290_0, 0;
    %load/vec4 v0000022a4700d7b0_0;
    %assign/vec4 v0000022a47006010_0, 0;
    %load/vec4 v0000022a4700dc10_0;
    %inv;
    %flag_set/vec4 8;
    %jmp/0xz  T_5.36, 8;
    %load/vec4 v0000022a4700d710_0;
    %assign/vec4 v0000022a47005930_0, 0;
    %jmp T_5.37;
T_5.36 ;
    %load/vec4 v0000022a4700d7b0_0;
    %assign/vec4 v0000022a47005930_0, 0;
T_5.37 ;
    %jmp T_5.29;
T_5.26 ;
    %pushi/vec4 0, 0, 32;
    %assign/vec4 v0000022a47006470_0, 0;
    %load/vec4 v0000022a4700da30_0;
    %assign/vec4 v0000022a47006290_0, 0;
    %load/vec4 v0000022a4700d7b0_0;
    %assign/vec4 v0000022a47006010_0, 0;
    %load/vec4 v0000022a4700db70_0;
    %load/vec4 v0000022a4700dad0_0;
    %xor;
    %inv;
    %flag_set/vec4 8;
    %jmp/0xz  T_5.38, 8;
    %load/vec4 v0000022a4700d710_0;
    %assign/vec4 v0000022a47005930_0, 0;
    %jmp T_5.39;
T_5.38 ;
    %load/vec4 v0000022a4700d7b0_0;
    %assign/vec4 v0000022a47005930_0, 0;
T_5.39 ;
    %jmp T_5.29;
T_5.27 ;
    %pushi/vec4 0, 0, 32;
    %assign/vec4 v0000022a47006470_0, 0;
    %load/vec4 v0000022a4700da30_0;
    %assign/vec4 v0000022a47006290_0, 0;
    %load/vec4 v0000022a4700d7b0_0;
    %assign/vec4 v0000022a47006010_0, 0;
    %load/vec4 v0000022a4700db70_0;
    %load/vec4 v0000022a4700dad0_0;
    %xor;
    %inv;
    %load/vec4 v0000022a4700dc10_0;
    %inv;
    %and;
    %flag_set/vec4 8;
    %jmp/0xz  T_5.40, 8;
    %load/vec4 v0000022a4700d710_0;
    %assign/vec4 v0000022a47005930_0, 0;
    %jmp T_5.41;
T_5.40 ;
    %load/vec4 v0000022a4700d7b0_0;
    %assign/vec4 v0000022a47005930_0, 0;
T_5.41 ;
    %jmp T_5.29;
T_5.29 ;
    %pop/vec4 1;
    %load/vec4 v0000022a4700ce50_0;
    %assign/vec4 v0000022a47006830_0, 0;
    %load/vec4 v0000022a4700c9f0_0;
    %assign/vec4 v0000022a47005d90_0, 0;
    %load/vec4 v0000022a4700d170_0;
    %load/vec4 v0000022a4700ca90_0;
    %concat/vec4; draw_concat_vec4
    %cmpi/e 112, 0, 8;
    %jmp/0xz  T_5.42, 4;
    %pushi/vec4 1, 0, 1;
    %assign/vec4 v0000022a47005890_0, 0;
    %jmp T_5.43;
T_5.42 ;
    %load/vec4 v0000022a4700d170_0;
    %load/vec4 v0000022a4700ca90_0;
    %concat/vec4; draw_concat_vec4
    %pushi/vec4 113, 0, 8;
    %cmp/e;
    %flag_get/vec4 4;
    %load/vec4 v0000022a4700db70_0;
    %load/vec4 v0000022a4700dad0_0;
    %xor;
    %load/vec4 v0000022a4700dc10_0;
    %or;
    %and;
    %flag_set/vec4 8;
    %jmp/0xz  T_5.44, 8;
    %pushi/vec4 1, 0, 1;
    %assign/vec4 v0000022a47005890_0, 0;
    %jmp T_5.45;
T_5.44 ;
    %load/vec4 v0000022a4700d170_0;
    %load/vec4 v0000022a4700ca90_0;
    %concat/vec4; draw_concat_vec4
    %pushi/vec4 114, 0, 8;
    %cmp/e;
    %flag_get/vec4 4;
    %load/vec4 v0000022a4700db70_0;
    %load/vec4 v0000022a4700dad0_0;
    %xor;
    %and;
    %flag_set/vec4 8;
    %jmp/0xz  T_5.46, 8;
    %pushi/vec4 1, 0, 1;
    %assign/vec4 v0000022a47005890_0, 0;
    %jmp T_5.47;
T_5.46 ;
    %load/vec4 v0000022a4700d170_0;
    %load/vec4 v0000022a4700ca90_0;
    %concat/vec4; draw_concat_vec4
    %pushi/vec4 115, 0, 8;
    %cmp/e;
    %flag_get/vec4 4;
    %load/vec4 v0000022a4700dc10_0;
    %and;
    %flag_set/vec4 8;
    %jmp/0xz  T_5.48, 8;
    %pushi/vec4 1, 0, 1;
    %assign/vec4 v0000022a47005890_0, 0;
    %jmp T_5.49;
T_5.48 ;
    %load/vec4 v0000022a4700d170_0;
    %load/vec4 v0000022a4700ca90_0;
    %concat/vec4; draw_concat_vec4
    %pushi/vec4 116, 0, 8;
    %cmp/e;
    %flag_get/vec4 4;
    %load/vec4 v0000022a4700dc10_0;
    %inv;
    %and;
    %flag_set/vec4 8;
    %jmp/0xz  T_5.50, 8;
    %pushi/vec4 1, 0, 1;
    %assign/vec4 v0000022a47005890_0, 0;
    %jmp T_5.51;
T_5.50 ;
    %load/vec4 v0000022a4700d170_0;
    %load/vec4 v0000022a4700ca90_0;
    %concat/vec4; draw_concat_vec4
    %pushi/vec4 117, 0, 8;
    %cmp/e;
    %flag_get/vec4 4;
    %load/vec4 v0000022a4700db70_0;
    %load/vec4 v0000022a4700dad0_0;
    %xor;
    %inv;
    %and;
    %flag_set/vec4 8;
    %jmp/0xz  T_5.52, 8;
    %pushi/vec4 1, 0, 1;
    %assign/vec4 v0000022a47005890_0, 0;
    %jmp T_5.53;
T_5.52 ;
    %load/vec4 v0000022a4700d170_0;
    %load/vec4 v0000022a4700ca90_0;
    %concat/vec4; draw_concat_vec4
    %pushi/vec4 118, 0, 8;
    %cmp/e;
    %flag_get/vec4 4;
    %load/vec4 v0000022a4700db70_0;
    %load/vec4 v0000022a4700dad0_0;
    %xor;
    %inv;
    %load/vec4 v0000022a4700dc10_0;
    %inv;
    %and;
    %and;
    %flag_set/vec4 8;
    %jmp/0xz  T_5.54, 8;
    %pushi/vec4 1, 0, 1;
    %assign/vec4 v0000022a47005890_0, 0;
    %jmp T_5.55;
T_5.54 ;
    %pushi/vec4 0, 0, 1;
    %assign/vec4 v0000022a47005890_0, 0;
T_5.55 ;
T_5.53 ;
T_5.51 ;
T_5.49 ;
T_5.47 ;
T_5.45 ;
T_5.43 ;
T_5.3 ;
T_5.0 ;
    %jmp T_5;
    .thread T_5;
    .scope S_0000022a46f036e0;
T_6 ;
    %pushi/vec4 1, 0, 1;
    %assign/vec4 v0000022a4700df30_0, 0;
    %delay 2000, 0;
    %pushi/vec4 0, 0, 1;
    %assign/vec4 v0000022a4700df30_0, 0;
    %end;
    .thread T_6;
    .scope S_0000022a46f036e0;
T_7 ;
    %wait E_0000022a46f954a0;
    %load/vec4 v0000022a47005ed0_0;
    %load/vec4 v0000022a47006330_0;
    %concat/vec4; draw_concat_vec4
    %cmpi/e 16, 0, 8;
    %jmp/0xz  T_7.0, 4;
    %load/vec4 v0000022a4700ddf0_0;
    %assign/vec4 v0000022a470059d0_0, 0;
    %load/vec4 v0000022a4700bff0_0;
    %assign/vec4 v0000022a470063d0_0, 0;
    %jmp T_7.1;
T_7.0 ;
    %pushi/vec4 15, 0, 4;
    %assign/vec4 v0000022a470059d0_0, 0;
    %pushi/vec4 0, 4294967295, 32;
    %assign/vec4 v0000022a470063d0_0, 0;
T_7.1 ;
    %load/vec4 v0000022a4700dd50_0;
    %assign/vec4 v0000022a47006790_0, 0;
    %load/vec4 v0000022a4700e070_0;
    %assign/vec4 v0000022a47005f70_0, 0;
    %load/vec4 v0000022a4700bd70_0;
    %assign/vec4 v0000022a470060b0_0, 0;
    %jmp T_7;
    .thread T_7;
    .scope S_0000022a46f03550;
T_8 ;
    %pushi/vec4 0, 0, 1;
    %store/vec4 v0000022a4700f0b0_0, 0, 1;
    %end;
    .thread T_8;
    .scope S_0000022a46f03550;
T_9 ;
    %pushi/vec4 0, 0, 1;
    %assign/vec4 v0000022a4700eb10_0, 0;
    %pushi/vec4 0, 0, 32;
    %assign/vec4 v0000022a4700f010_0, 0;
    %pushi/vec4 0, 0, 1;
    %assign/vec4 v0000022a4700f6f0_0, 0;
    %pushi/vec4 0, 0, 32;
    %assign/vec4 v0000022a4700f470_0, 0;
    %pushi/vec4 0, 0, 1;
    %assign/vec4 v0000022a4700f510_0, 0;
    %pushi/vec4 15, 0, 4;
    %assign/vec4 v0000022a4700ea70_0, 0;
    %delay 2000, 0;
    %pushi/vec4 0, 0, 32;
    %assign/vec4 v0000022a4700f010_0, 0;
    %pushi/vec4 1, 0, 1;
    %assign/vec4 v0000022a4700f6f0_0, 0;
    %pushi/vec4 284164097, 0, 32;
    %assign/vec4 v0000022a4700f470_0, 0;
    %delay 2000, 0;
    %pushi/vec4 1, 0, 32;
    %assign/vec4 v0000022a4700f010_0, 0;
    %pushi/vec4 1, 0, 1;
    %assign/vec4 v0000022a4700f6f0_0, 0;
    %pushi/vec4 284229634, 0, 32;
    %assign/vec4 v0000022a4700f470_0, 0;
    %delay 2000, 0;
    %pushi/vec4 2, 0, 32;
    %assign/vec4 v0000022a4700f010_0, 0;
    %pushi/vec4 1, 0, 1;
    %assign/vec4 v0000022a4700f6f0_0, 0;
    %pushi/vec4 284295171, 0, 32;
    %assign/vec4 v0000022a4700f470_0, 0;
    %delay 2000, 0;
    %pushi/vec4 3, 0, 32;
    %assign/vec4 v0000022a4700f010_0, 0;
    %pushi/vec4 1, 0, 1;
    %assign/vec4 v0000022a4700f6f0_0, 0;
    %pushi/vec4 284360708, 0, 32;
    %assign/vec4 v0000022a4700f470_0, 0;
    %delay 2000, 0;
    %pushi/vec4 4, 0, 32;
    %assign/vec4 v0000022a4700f010_0, 0;
    %pushi/vec4 1, 0, 1;
    %assign/vec4 v0000022a4700f6f0_0, 0;
    %pushi/vec4 284426245, 0, 32;
    %assign/vec4 v0000022a4700f470_0, 0;
    %delay 2000, 0;
    %pushi/vec4 5, 0, 32;
    %assign/vec4 v0000022a4700f010_0, 0;
    %pushi/vec4 1, 0, 1;
    %assign/vec4 v0000022a4700f6f0_0, 0;
    %pushi/vec4 284491782, 0, 32;
    %assign/vec4 v0000022a4700f470_0, 0;
    %delay 2000, 0;
    %pushi/vec4 6, 0, 32;
    %assign/vec4 v0000022a4700f010_0, 0;
    %pushi/vec4 1, 0, 1;
    %assign/vec4 v0000022a4700f6f0_0, 0;
    %pushi/vec4 284557319, 0, 32;
    %assign/vec4 v0000022a4700f470_0, 0;
    %delay 2000, 0;
    %pushi/vec4 7, 0, 32;
    %assign/vec4 v0000022a4700f010_0, 0;
    %pushi/vec4 1, 0, 1;
    %assign/vec4 v0000022a4700f6f0_0, 0;
    %pushi/vec4 284622856, 0, 32;
    %assign/vec4 v0000022a4700f470_0, 0;
    %delay 2000, 0;
    %pushi/vec4 8, 0, 32;
    %assign/vec4 v0000022a4700f010_0, 0;
    %pushi/vec4 1, 0, 1;
    %assign/vec4 v0000022a4700f6f0_0, 0;
    %pushi/vec4 1879048202, 0, 32;
    %assign/vec4 v0000022a4700f470_0, 0;
    %delay 2000, 0;
    %pushi/vec4 9, 0, 32;
    %assign/vec4 v0000022a4700f010_0, 0;
    %pushi/vec4 1, 0, 1;
    %assign/vec4 v0000022a4700f6f0_0, 0;
    %pushi/vec4 561381376, 0, 32;
    %assign/vec4 v0000022a4700f470_0, 0;
    %delay 2000, 0;
    %pushi/vec4 10, 0, 32;
    %assign/vec4 v0000022a4700f010_0, 0;
    %pushi/vec4 1, 0, 1;
    %assign/vec4 v0000022a4700f6f0_0, 0;
    %pushi/vec4 544604160, 0, 32;
    %assign/vec4 v0000022a4700f470_0, 0;
    %delay 2000, 0;
    %pushi/vec4 11, 0, 32;
    %assign/vec4 v0000022a4700f010_0, 0;
    %pushi/vec4 1, 0, 1;
    %assign/vec4 v0000022a4700f6f0_0, 0;
    %pushi/vec4 537919488, 0, 32;
    %assign/vec4 v0000022a4700f470_0, 0;
    %delay 2000, 0;
    %pushi/vec4 12, 0, 32;
    %assign/vec4 v0000022a4700f010_0, 0;
    %pushi/vec4 1, 0, 1;
    %assign/vec4 v0000022a4700f6f0_0, 0;
    %pushi/vec4 560988160, 0, 32;
    %assign/vec4 v0000022a4700f470_0, 0;
    %delay 2000, 0;
    %pushi/vec4 13, 0, 32;
    %assign/vec4 v0000022a4700f010_0, 0;
    %pushi/vec4 1, 0, 1;
    %assign/vec4 v0000022a4700f6f0_0, 0;
    %pushi/vec4 1962934283, 0, 32;
    %assign/vec4 v0000022a4700f470_0, 0;
    %delay 2000, 0;
    %pushi/vec4 14, 0, 32;
    %assign/vec4 v0000022a4700f010_0, 0;
    %pushi/vec4 1, 0, 1;
    %assign/vec4 v0000022a4700f6f0_0, 0;
    %pushi/vec4 544604160, 0, 32;
    %assign/vec4 v0000022a4700f470_0, 0;
    %delay 2000, 0;
    %pushi/vec4 15, 0, 32;
    %assign/vec4 v0000022a4700f010_0, 0;
    %pushi/vec4 1, 0, 1;
    %assign/vec4 v0000022a4700f6f0_0, 0;
    %pushi/vec4 538968064, 0, 32;
    %assign/vec4 v0000022a4700f470_0, 0;
    %delay 2000, 0;
    %pushi/vec4 16, 0, 32;
    %assign/vec4 v0000022a4700f010_0, 0;
    %pushi/vec4 1, 0, 1;
    %assign/vec4 v0000022a4700f6f0_0, 0;
    %pushi/vec4 560988160, 0, 32;
    %assign/vec4 v0000022a4700f470_0, 0;
    %delay 2000, 0;
    %pushi/vec4 17, 0, 32;
    %assign/vec4 v0000022a4700f010_0, 0;
    %pushi/vec4 1, 0, 1;
    %assign/vec4 v0000022a4700f6f0_0, 0;
    %pushi/vec4 1979711503, 0, 32;
    %assign/vec4 v0000022a4700f470_0, 0;
    %delay 2000, 0;
    %pushi/vec4 18, 0, 32;
    %assign/vec4 v0000022a4700f010_0, 0;
    %pushi/vec4 1, 0, 1;
    %assign/vec4 v0000022a4700f6f0_0, 0;
    %pushi/vec4 544538624, 0, 32;
    %assign/vec4 v0000022a4700f470_0, 0;
    %delay 2000, 0;
    %pushi/vec4 19, 0, 32;
    %assign/vec4 v0000022a4700f010_0, 0;
    %pushi/vec4 1, 0, 1;
    %assign/vec4 v0000022a4700f6f0_0, 0;
    %pushi/vec4 540016640, 0, 32;
    %assign/vec4 v0000022a4700f470_0, 0;
    %delay 2000, 0;
    %pushi/vec4 20, 0, 32;
    %assign/vec4 v0000022a4700f010_0, 0;
    %pushi/vec4 1, 0, 1;
    %assign/vec4 v0000022a4700f6f0_0, 0;
    %pushi/vec4 560988160, 0, 32;
    %assign/vec4 v0000022a4700f470_0, 0;
    %delay 2000, 0;
    %pushi/vec4 21, 0, 32;
    %assign/vec4 v0000022a4700f010_0, 0;
    %pushi/vec4 1, 0, 1;
    %assign/vec4 v0000022a4700f6f0_0, 0;
    %pushi/vec4 1929379859, 0, 32;
    %assign/vec4 v0000022a4700f470_0, 0;
    %delay 2000, 0;
    %pushi/vec4 22, 0, 32;
    %assign/vec4 v0000022a4700f010_0, 0;
    %pushi/vec4 1, 0, 1;
    %assign/vec4 v0000022a4700f6f0_0, 0;
    %pushi/vec4 544538624, 0, 32;
    %assign/vec4 v0000022a4700f470_0, 0;
    %delay 2000, 0;
    %pushi/vec4 23, 0, 32;
    %assign/vec4 v0000022a4700f010_0, 0;
    %pushi/vec4 1, 0, 1;
    %assign/vec4 v0000022a4700f6f0_0, 0;
    %pushi/vec4 540016640, 0, 32;
    %assign/vec4 v0000022a4700f470_0, 0;
    %delay 2000, 0;
    %pushi/vec4 24, 0, 32;
    %assign/vec4 v0000022a4700f010_0, 0;
    %pushi/vec4 1, 0, 1;
    %assign/vec4 v0000022a4700f6f0_0, 0;
    %pushi/vec4 560988160, 0, 32;
    %assign/vec4 v0000022a4700f470_0, 0;
    %delay 2000, 0;
    %pushi/vec4 25, 0, 32;
    %assign/vec4 v0000022a4700f010_0, 0;
    %pushi/vec4 1, 0, 1;
    %assign/vec4 v0000022a4700f6f0_0, 0;
    %pushi/vec4 1946157079, 0, 32;
    %assign/vec4 v0000022a4700f470_0, 0;
    %delay 2000, 0;
    %pushi/vec4 26, 0, 32;
    %assign/vec4 v0000022a4700f010_0, 0;
    %pushi/vec4 1, 0, 1;
    %assign/vec4 v0000022a4700f6f0_0, 0;
    %pushi/vec4 559939584, 0, 32;
    %assign/vec4 v0000022a4700f470_0, 0;
    %delay 2000, 0;
    %pushi/vec4 27, 0, 32;
    %assign/vec4 v0000022a4700f010_0, 0;
    %pushi/vec4 1, 0, 1;
    %assign/vec4 v0000022a4700f6f0_0, 0;
    %pushi/vec4 560398336, 0, 32;
    %assign/vec4 v0000022a4700f470_0, 0;
    %delay 2000, 0;
    %pushi/vec4 28, 0, 32;
    %assign/vec4 v0000022a4700f010_0, 0;
    %pushi/vec4 1, 0, 1;
    %assign/vec4 v0000022a4700f6f0_0, 0;
    %pushi/vec4 1895825434, 0, 32;
    %assign/vec4 v0000022a4700f470_0, 0;
    %delay 2000, 0;
    %pushi/vec4 29, 0, 32;
    %assign/vec4 v0000022a4700f010_0, 0;
    %pushi/vec4 1, 0, 1;
    %assign/vec4 v0000022a4700f6f0_0, 0;
    %pushi/vec4 558891008, 0, 32;
    %assign/vec4 v0000022a4700f470_0, 0;
    %delay 2000, 0;
    %pushi/vec4 30, 0, 32;
    %assign/vec4 v0000022a4700f010_0, 0;
    %pushi/vec4 1, 0, 1;
    %assign/vec4 v0000022a4700f6f0_0, 0;
    %pushi/vec4 559349760, 0, 32;
    %assign/vec4 v0000022a4700f470_0, 0;
    %delay 2000, 0;
    %pushi/vec4 31, 0, 32;
    %assign/vec4 v0000022a4700f010_0, 0;
    %pushi/vec4 1, 0, 1;
    %assign/vec4 v0000022a4700f6f0_0, 0;
    %pushi/vec4 1912602653, 0, 32;
    %assign/vec4 v0000022a4700f470_0, 0;
    %delay 2000, 0;
    %pushi/vec4 0, 0, 32;
    %assign/vec4 v0000022a4700f010_0, 0;
    %pushi/vec4 0, 0, 1;
    %assign/vec4 v0000022a4700f6f0_0, 0;
    %pushi/vec4 0, 0, 32;
    %assign/vec4 v0000022a4700f470_0, 0;
    %delay 1000, 0;
    %pushi/vec4 1, 0, 1;
    %assign/vec4 v0000022a4700f510_0, 0;
    %delay 310000, 0;
    %pushi/vec4 0, 0, 1;
    %assign/vec4 v0000022a4700f510_0, 0;
    %pushi/vec4 1, 0, 1;
    %assign/vec4 v0000022a4700f0b0_0, 0;
    %delay 10000, 0;
    %vpi_call 2 467 "$stop" {0 0 0};
    %end;
    .thread T_9;
    .scope S_0000022a46f03550;
T_10 ;
    %delay 1000, 0;
    %load/vec4 v0000022a4700eb10_0;
    %inv;
    %store/vec4 v0000022a4700eb10_0, 0, 1;
    %jmp T_10;
    .thread T_10;
    .scope S_0000022a46f03550;
T_11 ;
    %wait E_0000022a46f954a0;
    %load/vec4 v0000022a4700f0b0_0;
    %flag_set/vec4 8;
    %jmp/0xz  T_11.0, 8;
    %load/vec4 v0000022a4700ea70_0;
    %addi 1, 0, 4;
    %assign/vec4 v0000022a4700ea70_0, 0;
T_11.0 ;
    %jmp T_11;
    .thread T_11;
    .scope S_0000022a46f03550;
T_12 ;
    %vpi_call 2 476 "$dumpfile", "pro_tb.vcd" {0 0 0};
    %vpi_call 2 477 "$dumpvars" {0 0 0};
    %end;
    .thread T_12;
# The file index is used to find the file name in the following table.
:file_names 6;
    "N/A";
    "<interactive>";
    ".\processor.v";
    ".\alu.v";
    ".\ram.v";
    ".\regfile.v";
