#! /c/Source/iverilog-install/bin/vvp
:ivl_version "12.0 (devel)" "(s20150603-1110-g18392a46)";
:ivl_delay_selection "TYPICAL";
:vpi_time_precision - 11;
:vpi_module "D:\iVerilog\lib\ivl\system.vpi";
:vpi_module "D:\iVerilog\lib\ivl\vhdl_sys.vpi";
:vpi_module "D:\iVerilog\lib\ivl\vhdl_textio.vpi";
:vpi_module "D:\iVerilog\lib\ivl\v2005_math.vpi";
:vpi_module "D:\iVerilog\lib\ivl\va_math.vpi";
S_00000204d2d6b860 .scope module, "pro_tb2" "pro_tb2" 2 2;
 .timescale -9 -11;
v00000204d2f0e030_0 .var "addr", 31 0;
v00000204d2f0da90_0 .net "cc", 2 0, L_00000204d2f68c30;  1 drivers
v00000204d2f0ddb0_0 .var "clock", 0 0;
v00000204d2f0e5d0_0 .var "flg", 0 0;
v00000204d2f0ecb0_0 .net "r0", 31 0, v00000204d2f04030_0;  1 drivers
v00000204d2f0ead0_0 .net "r1", 31 0, v00000204d2f05070_0;  1 drivers
v00000204d2f0e490_0 .net "r2", 31 0, v00000204d2f04670_0;  1 drivers
v00000204d2f0eb70_0 .net "r3", 31 0, v00000204d2f040d0_0;  1 drivers
v00000204d2f0ed50_0 .net "r4", 31 0, v00000204d2f04850_0;  1 drivers
v00000204d2f0e7b0_0 .net "r5", 31 0, v00000204d2f03db0_0;  1 drivers
v00000204d2f0e0d0_0 .net "r6", 31 0, v00000204d2f03810_0;  1 drivers
v00000204d2f0e710_0 .net "r7", 31 0, v00000204d2f05570_0;  1 drivers
v00000204d2f0edf0_0 .var "rID", 3 0;
v00000204d2f0e670_0 .net "rdata", 31 0, L_00000204d2f70130;  1 drivers
v00000204d2f0de50_0 .net "valE", 31 0, L_00000204d2f794a0;  1 drivers
v00000204d2f0e170_0 .var "wdata", 31 0;
v00000204d2f0ee90_0 .var "working", 0 0;
v00000204d2f0ef30_0 .var "wr", 0 0;
S_00000204d2d6b9f0 .scope module, "processor" "processor" 2 21, 3 3 0, S_00000204d2d6b860;
 .timescale -9 -11;
    .port_info 0 /INPUT 1 "clock";
    .port_info 1 /INPUT 32 "addr";
    .port_info 2 /INPUT 1 "wr";
    .port_info 3 /INPUT 32 "wdata";
    .port_info 4 /INPUT 1 "working";
    .port_info 5 /INPUT 4 "rID";
    .port_info 6 /OUTPUT 32 "valE";
    .port_info 7 /OUTPUT 32 "r0";
    .port_info 8 /OUTPUT 32 "r1";
    .port_info 9 /OUTPUT 32 "r2";
    .port_info 10 /OUTPUT 32 "r3";
    .port_info 11 /OUTPUT 32 "r4";
    .port_info 12 /OUTPUT 32 "r5";
    .port_info 13 /OUTPUT 32 "r6";
    .port_info 14 /OUTPUT 32 "r7";
    .port_info 15 /OUTPUT 32 "rdata";
    .port_info 16 /OUTPUT 3 "cc";
P_00000204d2d6af00 .param/l "ADD" 0 3 33, C4<00100000>;
P_00000204d2d6af38 .param/l "AND" 0 3 35, C4<00100010>;
P_00000204d2d6af70 .param/l "CMOVE" 0 3 40, C4<00110011>;
P_00000204d2d6afa8 .param/l "CMOVG" 0 3 43, C4<00110110>;
P_00000204d2d6afe0 .param/l "CMOVGE" 0 3 42, C4<00110101>;
P_00000204d2d6b018 .param/l "CMOVL" 0 3 39, C4<00110010>;
P_00000204d2d6b050 .param/l "CMOVLE" 0 3 38, C4<00110001>;
P_00000204d2d6b088 .param/l "CMOVNE" 0 3 41, C4<00110100>;
P_00000204d2d6b0c0 .param/l "HALT" 0 3 31, C4<00010001>;
P_00000204d2d6b0f8 .param/l "IRMOV" 0 3 30, C4<00010000>;
P_00000204d2d6b130 .param/l "JE" 0 3 47, C4<01110011>;
P_00000204d2d6b168 .param/l "JG" 0 3 50, C4<01110110>;
P_00000204d2d6b1a0 .param/l "JGE" 0 3 49, C4<01110101>;
P_00000204d2d6b1d8 .param/l "JL" 0 3 46, C4<01110010>;
P_00000204d2d6b210 .param/l "JLE" 0 3 45, C4<01110001>;
P_00000204d2d6b248 .param/l "JMP" 0 3 44, C4<01110000>;
P_00000204d2d6b280 .param/l "JNE" 0 3 48, C4<01110100>;
P_00000204d2d6b2b8 .param/l "NOP" 0 3 32, C4<00010010>;
P_00000204d2d6b2f0 .param/l "RRMOV" 0 3 37, C4<00110000>;
P_00000204d2d6b328 .param/l "SUB" 0 3 34, C4<00100001>;
P_00000204d2d6b360 .param/l "XOR" 0 3 36, C4<00100011>;
L_00000204d2f6ce10 .functor BUFZ 32, v00000204d2f01cf0_0, C4<00000000000000000000000000000000>, C4<00000000000000000000000000000000>, C4<00000000000000000000000000000000>;
L_00000204d2f6c710 .functor AND 1, L_00000204d2f6d6b0, v00000204d2f0ee90_0, C4<1>, C4<1>;
L_00000204d2f6c780 .functor AND 1, L_00000204d2f6e150, v00000204d2f0ee90_0, C4<1>, C4<1>;
L_00000204d2f6cf60 .functor XOR 1, L_00000204d2f6db10, L_00000204d2f6f050, C4<0>, C4<0>;
L_00000204d2f6c7f0 .functor OR 1, L_00000204d2f6cf60, L_00000204d2f6efb0, C4<0>, C4<0>;
L_00000204d2f6c860 .functor AND 1, L_00000204d2f6c780, L_00000204d2f6c7f0, C4<1>, C4<1>;
L_00000204d2f6ca20 .functor AND 1, L_00000204d2f6e650, v00000204d2f0ee90_0, C4<1>, C4<1>;
L_00000204d2f6c0f0 .functor XOR 1, L_00000204d2f6db10, L_00000204d2f6f050, C4<0>, C4<0>;
L_00000204d2f6c400 .functor AND 1, L_00000204d2f6ca20, L_00000204d2f6c0f0, C4<1>, C4<1>;
L_00000204d2f6c240 .functor AND 1, L_00000204d2f6f730, v00000204d2f0ee90_0, C4<1>, C4<1>;
L_00000204d2f6c8d0 .functor AND 1, L_00000204d2f6c240, L_00000204d2f6efb0, C4<1>, C4<1>;
L_00000204d2f6c390 .functor AND 1, L_00000204d2f6ed30, v00000204d2f0ee90_0, C4<1>, C4<1>;
L_00000204d2f6c550 .functor NOT 1, L_00000204d2f6efb0, C4<0>, C4<0>, C4<0>;
L_00000204d2f6cb70 .functor AND 1, L_00000204d2f6c390, L_00000204d2f6c550, C4<1>, C4<1>;
L_00000204d2f6c4e0 .functor AND 1, L_00000204d2f6f4b0, v00000204d2f0ee90_0, C4<1>, C4<1>;
L_00000204d2f6cb00 .functor XOR 1, L_00000204d2f6db10, L_00000204d2f6f050, C4<0>, C4<0>;
L_00000204d2f6c5c0 .functor NOT 1, L_00000204d2f6cb00, C4<0>, C4<0>, C4<0>;
L_00000204d2f7a930 .functor AND 1, L_00000204d2f6c4e0, L_00000204d2f6c5c0, C4<1>, C4<1>;
L_00000204d2f79b30 .functor AND 1, L_00000204d2f6ec90, v00000204d2f0ee90_0, C4<1>, C4<1>;
L_00000204d2f7a850 .functor XOR 1, L_00000204d2f6db10, L_00000204d2f6f050, C4<0>, C4<0>;
L_00000204d2f7a9a0 .functor NOT 1, L_00000204d2f7a850, C4<0>, C4<0>, C4<0>;
L_00000204d2f793c0 .functor NOT 1, L_00000204d2f6efb0, C4<0>, C4<0>, C4<0>;
L_00000204d2f7a000 .functor AND 1, L_00000204d2f7a9a0, L_00000204d2f793c0, C4<1>, C4<1>;
L_00000204d2f7a4d0 .functor AND 1, L_00000204d2f79b30, L_00000204d2f7a000, C4<1>, C4<1>;
L_00000204d2f794a0 .functor BUFZ 32, L_00000204d2f691d0, C4<00000000000000000000000000000000>, C4<00000000000000000000000000000000>, C4<00000000000000000000000000000000>;
L_00000204d2f7a7e0 .functor BUFZ 1, v00000204d2f034f0_0, C4<0>, C4<0>, C4<0>;
v00000204d2f034f0_0 .var "D_halt", 0 0;
v00000204d2f03630_0 .var "D_icode", 3 0;
v00000204d2f05430_0 .var "D_ifun", 3 0;
v00000204d2f03270_0 .var "D_jflg", 0 0;
v00000204d2f04a30_0 .var "D_rA", 3 0;
v00000204d2f03bd0_0 .var "D_rB", 3 0;
v00000204d2f03d10_0 .var "D_valA", 31 0;
v00000204d2f054d0_0 .var "D_valB", 31 0;
v00000204d2f04f30_0 .var "D_valC", 15 0;
v00000204d2f03a90_0 .var "E_dstE", 3 0;
v00000204d2f042b0_0 .var "E_dstM", 3 0;
v00000204d2f05750_0 .var "E_halt", 0 0;
v00000204d2f03c70_0 .var "E_valE", 31 0;
v00000204d2f04350_0 .var "E_valM", 31 0;
v00000204d2f03e50_0 .net "F_read", 31 0, L_00000204d2f6ce10;  1 drivers
v00000204d2f045d0_0 .var "PC", 31 0;
v00000204d2f03310_0 .net *"_ivl_100", 7 0, L_00000204d2f6f190;  1 drivers
L_00000204d2f114b8 .functor BUFT 1, C4<01110000>, C4<0>, C4<0>, C4<0>;
v00000204d2f04170_0 .net/2u *"_ivl_102", 7 0, L_00000204d2f114b8;  1 drivers
v00000204d2f051b0_0 .net *"_ivl_104", 0 0, L_00000204d2f6d6b0;  1 drivers
v00000204d2f04490_0 .net *"_ivl_107", 0 0, L_00000204d2f6c710;  1 drivers
L_00000204d2f11500 .functor BUFT 1, C4<01>, C4<0>, C4<0>, C4<0>;
v00000204d2f033b0_0 .net/2s *"_ivl_108", 1 0, L_00000204d2f11500;  1 drivers
v00000204d2f03ef0_0 .net *"_ivl_110", 7 0, L_00000204d2f6e830;  1 drivers
L_00000204d2f11548 .functor BUFT 1, C4<01110001>, C4<0>, C4<0>, C4<0>;
v00000204d2f03450_0 .net/2u *"_ivl_112", 7 0, L_00000204d2f11548;  1 drivers
v00000204d2f03f90_0 .net *"_ivl_114", 0 0, L_00000204d2f6e150;  1 drivers
v00000204d2f04210_0 .net *"_ivl_117", 0 0, L_00000204d2f6c780;  1 drivers
v00000204d2f043f0_0 .net *"_ivl_118", 0 0, L_00000204d2f6cf60;  1 drivers
v00000204d2f04530_0 .net *"_ivl_120", 0 0, L_00000204d2f6c7f0;  1 drivers
v00000204d2f047b0_0 .net *"_ivl_123", 0 0, L_00000204d2f6c860;  1 drivers
L_00000204d2f11590 .functor BUFT 1, C4<01>, C4<0>, C4<0>, C4<0>;
v00000204d2f04ad0_0 .net/2s *"_ivl_124", 1 0, L_00000204d2f11590;  1 drivers
v00000204d2f04b70_0 .net *"_ivl_126", 7 0, L_00000204d2f6df70;  1 drivers
L_00000204d2f115d8 .functor BUFT 1, C4<01110010>, C4<0>, C4<0>, C4<0>;
v00000204d2f04c10_0 .net/2u *"_ivl_128", 7 0, L_00000204d2f115d8;  1 drivers
v00000204d2f04cb0_0 .net *"_ivl_130", 0 0, L_00000204d2f6e650;  1 drivers
v00000204d2f04d50_0 .net *"_ivl_133", 0 0, L_00000204d2f6ca20;  1 drivers
v00000204d2f04e90_0 .net *"_ivl_134", 0 0, L_00000204d2f6c0f0;  1 drivers
v00000204d2f04fd0_0 .net *"_ivl_137", 0 0, L_00000204d2f6c400;  1 drivers
L_00000204d2f11620 .functor BUFT 1, C4<01>, C4<0>, C4<0>, C4<0>;
v00000204d2f01d90_0 .net/2s *"_ivl_138", 1 0, L_00000204d2f11620;  1 drivers
v00000204d2f08720_0 .net *"_ivl_140", 7 0, L_00000204d2f6f410;  1 drivers
L_00000204d2f11668 .functor BUFT 1, C4<01110011>, C4<0>, C4<0>, C4<0>;
v00000204d2f082c0_0 .net/2u *"_ivl_142", 7 0, L_00000204d2f11668;  1 drivers
v00000204d2f08360_0 .net *"_ivl_144", 0 0, L_00000204d2f6f730;  1 drivers
v00000204d2f09760_0 .net *"_ivl_147", 0 0, L_00000204d2f6c240;  1 drivers
v00000204d2f07500_0 .net *"_ivl_149", 0 0, L_00000204d2f6c8d0;  1 drivers
L_00000204d2f116b0 .functor BUFT 1, C4<01>, C4<0>, C4<0>, C4<0>;
v00000204d2f08d60_0 .net/2s *"_ivl_150", 1 0, L_00000204d2f116b0;  1 drivers
v00000204d2f08cc0_0 .net *"_ivl_152", 7 0, L_00000204d2f6e010;  1 drivers
L_00000204d2f116f8 .functor BUFT 1, C4<01110100>, C4<0>, C4<0>, C4<0>;
v00000204d2f071e0_0 .net/2u *"_ivl_154", 7 0, L_00000204d2f116f8;  1 drivers
v00000204d2f076e0_0 .net *"_ivl_156", 0 0, L_00000204d2f6ed30;  1 drivers
v00000204d2f09080_0 .net *"_ivl_159", 0 0, L_00000204d2f6c390;  1 drivers
v00000204d2f073c0_0 .net *"_ivl_160", 0 0, L_00000204d2f6c550;  1 drivers
v00000204d2f07280_0 .net *"_ivl_163", 0 0, L_00000204d2f6cb70;  1 drivers
L_00000204d2f11740 .functor BUFT 1, C4<01>, C4<0>, C4<0>, C4<0>;
v00000204d2f09260_0 .net/2s *"_ivl_164", 1 0, L_00000204d2f11740;  1 drivers
v00000204d2f08f40_0 .net *"_ivl_166", 7 0, L_00000204d2f6d750;  1 drivers
L_00000204d2f11788 .functor BUFT 1, C4<01110101>, C4<0>, C4<0>, C4<0>;
v00000204d2f07780_0 .net/2u *"_ivl_168", 7 0, L_00000204d2f11788;  1 drivers
v00000204d2f07140_0 .net *"_ivl_170", 0 0, L_00000204d2f6f4b0;  1 drivers
v00000204d2f091c0_0 .net *"_ivl_173", 0 0, L_00000204d2f6c4e0;  1 drivers
v00000204d2f07320_0 .net *"_ivl_174", 0 0, L_00000204d2f6cb00;  1 drivers
v00000204d2f087c0_0 .net *"_ivl_176", 0 0, L_00000204d2f6c5c0;  1 drivers
v00000204d2f084a0_0 .net *"_ivl_179", 0 0, L_00000204d2f7a930;  1 drivers
L_00000204d2f117d0 .functor BUFT 1, C4<01>, C4<0>, C4<0>, C4<0>;
v00000204d2f07be0_0 .net/2s *"_ivl_180", 1 0, L_00000204d2f117d0;  1 drivers
v00000204d2f08900_0 .net *"_ivl_182", 7 0, L_00000204d2f6ebf0;  1 drivers
L_00000204d2f11818 .functor BUFT 1, C4<01110110>, C4<0>, C4<0>, C4<0>;
v00000204d2f09120_0 .net/2u *"_ivl_184", 7 0, L_00000204d2f11818;  1 drivers
v00000204d2f09300_0 .net *"_ivl_186", 0 0, L_00000204d2f6ec90;  1 drivers
v00000204d2f07f00_0 .net *"_ivl_189", 0 0, L_00000204d2f79b30;  1 drivers
v00000204d2f080e0_0 .net *"_ivl_190", 0 0, L_00000204d2f7a850;  1 drivers
v00000204d2f08040_0 .net *"_ivl_192", 0 0, L_00000204d2f7a9a0;  1 drivers
v00000204d2f07fa0_0 .net *"_ivl_194", 0 0, L_00000204d2f793c0;  1 drivers
v00000204d2f09800_0 .net *"_ivl_196", 0 0, L_00000204d2f7a000;  1 drivers
v00000204d2f07460_0 .net *"_ivl_199", 0 0, L_00000204d2f7a4d0;  1 drivers
L_00000204d2f112c0 .functor BUFT 1, C4<01>, C4<0>, C4<0>, C4<0>;
v00000204d2f075a0_0 .net/2s *"_ivl_2", 1 0, L_00000204d2f112c0;  1 drivers
L_00000204d2f11860 .functor BUFT 1, C4<01>, C4<0>, C4<0>, C4<0>;
v00000204d2f093a0_0 .net/2s *"_ivl_200", 1 0, L_00000204d2f11860;  1 drivers
L_00000204d2f118a8 .functor BUFT 1, C4<00>, C4<0>, C4<0>, C4<0>;
v00000204d2f07aa0_0 .net/2s *"_ivl_202", 1 0, L_00000204d2f118a8;  1 drivers
v00000204d2f07640_0 .net *"_ivl_204", 1 0, L_00000204d2f6d110;  1 drivers
v00000204d2f08ea0_0 .net *"_ivl_206", 1 0, L_00000204d2f6d890;  1 drivers
v00000204d2f08180_0 .net *"_ivl_208", 1 0, L_00000204d2f6e1f0;  1 drivers
v00000204d2f07820_0 .net *"_ivl_210", 1 0, L_00000204d2f6da70;  1 drivers
v00000204d2f08220_0 .net *"_ivl_212", 1 0, L_00000204d2f6e0b0;  1 drivers
v00000204d2f08ae0_0 .net *"_ivl_214", 1 0, L_00000204d2f6e290;  1 drivers
v00000204d2f08400_0 .net *"_ivl_216", 1 0, L_00000204d2f6edd0;  1 drivers
L_00000204d2f118f0 .functor BUFT 1, C4<00000000>, C4<0>, C4<0>, C4<0>;
v00000204d2f08540_0 .net/2u *"_ivl_220", 7 0, L_00000204d2f118f0;  1 drivers
L_00000204d2f11938 .functor BUFT 1, C4<0000000000000000>, C4<0>, C4<0>, C4<0>;
v00000204d2f078c0_0 .net *"_ivl_249", 15 0, L_00000204d2f11938;  1 drivers
v00000204d2f09620_0 .net *"_ivl_254", 7 0, L_00000204d2f6e510;  1 drivers
L_00000204d2f11980 .functor BUFT 1, C4<00010000>, C4<0>, C4<0>, C4<0>;
v00000204d2f07960_0 .net/2u *"_ivl_256", 7 0, L_00000204d2f11980;  1 drivers
v00000204d2f07b40_0 .net *"_ivl_258", 0 0, L_00000204d2f6d7f0;  1 drivers
L_00000204d2f119c8 .functor BUFT 1, C4<1111>, C4<0>, C4<0>, C4<0>;
v00000204d2f085e0_0 .net/2u *"_ivl_260", 3 0, L_00000204d2f119c8;  1 drivers
v00000204d2f07a00_0 .net *"_ivl_264", 7 0, L_00000204d2f6de30;  1 drivers
L_00000204d2f11a10 .functor BUFT 1, C4<00100000>, C4<0>, C4<0>, C4<0>;
v00000204d2f08e00_0 .net/2u *"_ivl_266", 7 0, L_00000204d2f11a10;  1 drivers
v00000204d2f09440_0 .net *"_ivl_268", 0 0, L_00000204d2f6f2d0;  1 drivers
L_00000204d2f11a58 .functor BUFT 1, C4<0000>, C4<0>, C4<0>, C4<0>;
v00000204d2f08680_0 .net/2u *"_ivl_270", 3 0, L_00000204d2f11a58;  1 drivers
v00000204d2f08860_0 .net *"_ivl_272", 7 0, L_00000204d2f6ee70;  1 drivers
L_00000204d2f11aa0 .functor BUFT 1, C4<00100001>, C4<0>, C4<0>, C4<0>;
v00000204d2f07c80_0 .net/2u *"_ivl_274", 7 0, L_00000204d2f11aa0;  1 drivers
v00000204d2f08a40_0 .net *"_ivl_276", 0 0, L_00000204d2f6f550;  1 drivers
L_00000204d2f11ae8 .functor BUFT 1, C4<0001>, C4<0>, C4<0>, C4<0>;
v00000204d2f07dc0_0 .net/2u *"_ivl_278", 3 0, L_00000204d2f11ae8;  1 drivers
v00000204d2f089a0_0 .net *"_ivl_280", 7 0, L_00000204d2f6dbb0;  1 drivers
L_00000204d2f11b30 .functor BUFT 1, C4<00100010>, C4<0>, C4<0>, C4<0>;
v00000204d2f07e60_0 .net/2u *"_ivl_282", 7 0, L_00000204d2f11b30;  1 drivers
v00000204d2f094e0_0 .net *"_ivl_284", 0 0, L_00000204d2f6f5f0;  1 drivers
L_00000204d2f11b78 .functor BUFT 1, C4<0010>, C4<0>, C4<0>, C4<0>;
v00000204d2f096c0_0 .net/2u *"_ivl_286", 3 0, L_00000204d2f11b78;  1 drivers
v00000204d2f08b80_0 .net *"_ivl_288", 7 0, L_00000204d2f6d930;  1 drivers
L_00000204d2f11bc0 .functor BUFT 1, C4<00100011>, C4<0>, C4<0>, C4<0>;
v00000204d2f09580_0 .net/2u *"_ivl_290", 7 0, L_00000204d2f11bc0;  1 drivers
v00000204d2f07d20_0 .net *"_ivl_292", 0 0, L_00000204d2f6ef10;  1 drivers
L_00000204d2f11c08 .functor BUFT 1, C4<0011>, C4<0>, C4<0>, C4<0>;
v00000204d2f070a0_0 .net/2u *"_ivl_294", 3 0, L_00000204d2f11c08;  1 drivers
o00000204d2ea7408 .functor BUFZ 4, C4<zzzz>; HiZ drive
; Elide local net with no drivers, v00000204d2f08c20_0 name=_ivl_296
v00000204d2f08fe0_0 .net *"_ivl_298", 3 0, L_00000204d2f6f690;  1 drivers
v00000204d2f0aca0_0 .net *"_ivl_300", 3 0, L_00000204d2f6e5b0;  1 drivers
v00000204d2f099e0_0 .net *"_ivl_302", 3 0, L_00000204d2f6d1b0;  1 drivers
v00000204d2f0ade0_0 .net *"_ivl_320", 31 0, L_00000204d2f6d390;  1 drivers
L_00000204d2f11c50 .functor BUFT 1, C4<0000000000000000000000000000>, C4<0>, C4<0>, C4<0>;
v00000204d2f0ad40_0 .net *"_ivl_323", 27 0, L_00000204d2f11c50;  1 drivers
L_00000204d2f11c98 .functor BUFT 1, C4<00000000000000000000000000000000>, C4<0>, C4<0>, C4<0>;
v00000204d2f0a0c0_0 .net/2u *"_ivl_324", 31 0, L_00000204d2f11c98;  1 drivers
v00000204d2f09bc0_0 .net *"_ivl_326", 0 0, L_00000204d2f6d610;  1 drivers
v00000204d2f0a520_0 .net *"_ivl_328", 31 0, L_00000204d2f6dc50;  1 drivers
L_00000204d2f11ce0 .functor BUFT 1, C4<0000000000000000000000000000>, C4<0>, C4<0>, C4<0>;
v00000204d2f0a2a0_0 .net *"_ivl_331", 27 0, L_00000204d2f11ce0;  1 drivers
L_00000204d2f11d28 .functor BUFT 1, C4<00000000000000000000000000000001>, C4<0>, C4<0>, C4<0>;
v00000204d2f0a660_0 .net/2u *"_ivl_332", 31 0, L_00000204d2f11d28;  1 drivers
v00000204d2f09d00_0 .net *"_ivl_334", 0 0, L_00000204d2f6dcf0;  1 drivers
v00000204d2f09a80_0 .net *"_ivl_336", 31 0, L_00000204d2f6ded0;  1 drivers
L_00000204d2f11d70 .functor BUFT 1, C4<0000000000000000000000000000>, C4<0>, C4<0>, C4<0>;
v00000204d2f0a160_0 .net *"_ivl_339", 27 0, L_00000204d2f11d70;  1 drivers
L_00000204d2f11db8 .functor BUFT 1, C4<00000000000000000000000000000010>, C4<0>, C4<0>, C4<0>;
v00000204d2f0a5c0_0 .net/2u *"_ivl_340", 31 0, L_00000204d2f11db8;  1 drivers
v00000204d2f0a340_0 .net *"_ivl_342", 0 0, L_00000204d2f6ff50;  1 drivers
v00000204d2f0a700_0 .net *"_ivl_344", 31 0, L_00000204d2f6fc30;  1 drivers
L_00000204d2f11e00 .functor BUFT 1, C4<0000000000000000000000000000>, C4<0>, C4<0>, C4<0>;
v00000204d2f0ae80_0 .net *"_ivl_347", 27 0, L_00000204d2f11e00;  1 drivers
L_00000204d2f11e48 .functor BUFT 1, C4<00000000000000000000000000000011>, C4<0>, C4<0>, C4<0>;
v00000204d2f0af20_0 .net/2u *"_ivl_348", 31 0, L_00000204d2f11e48;  1 drivers
v00000204d2f098a0_0 .net *"_ivl_350", 0 0, L_00000204d2f71490;  1 drivers
v00000204d2f09940_0 .net *"_ivl_352", 31 0, L_00000204d2f71350;  1 drivers
L_00000204d2f11e90 .functor BUFT 1, C4<0000000000000000000000000000>, C4<0>, C4<0>, C4<0>;
v00000204d2f09b20_0 .net *"_ivl_355", 27 0, L_00000204d2f11e90;  1 drivers
L_00000204d2f11ed8 .functor BUFT 1, C4<00000000000000000000000000000100>, C4<0>, C4<0>, C4<0>;
v00000204d2f09f80_0 .net/2u *"_ivl_356", 31 0, L_00000204d2f11ed8;  1 drivers
v00000204d2f09da0_0 .net *"_ivl_358", 0 0, L_00000204d2f71a30;  1 drivers
v00000204d2f0a3e0_0 .net *"_ivl_360", 31 0, L_00000204d2f70090;  1 drivers
L_00000204d2f11f20 .functor BUFT 1, C4<0000000000000000000000000000>, C4<0>, C4<0>, C4<0>;
v00000204d2f09c60_0 .net *"_ivl_363", 27 0, L_00000204d2f11f20;  1 drivers
L_00000204d2f11f68 .functor BUFT 1, C4<00000000000000000000000000000101>, C4<0>, C4<0>, C4<0>;
v00000204d2f09e40_0 .net/2u *"_ivl_364", 31 0, L_00000204d2f11f68;  1 drivers
v00000204d2f0a200_0 .net *"_ivl_366", 0 0, L_00000204d2f70450;  1 drivers
v00000204d2f0a020_0 .net *"_ivl_368", 31 0, L_00000204d2f71990;  1 drivers
L_00000204d2f11350 .functor BUFT 1, C4<00010010>, C4<0>, C4<0>, C4<0>;
v00000204d2f09ee0_0 .net/2u *"_ivl_37", 7 0, L_00000204d2f11350;  1 drivers
L_00000204d2f11fb0 .functor BUFT 1, C4<0000000000000000000000000000>, C4<0>, C4<0>, C4<0>;
v00000204d2f0a980_0 .net *"_ivl_371", 27 0, L_00000204d2f11fb0;  1 drivers
L_00000204d2f11ff8 .functor BUFT 1, C4<00000000000000000000000000000110>, C4<0>, C4<0>, C4<0>;
v00000204d2f0a480_0 .net/2u *"_ivl_372", 31 0, L_00000204d2f11ff8;  1 drivers
v00000204d2f0a7a0_0 .net *"_ivl_374", 0 0, L_00000204d2f70770;  1 drivers
v00000204d2f0a840_0 .net *"_ivl_376", 31 0, L_00000204d2f6faf0;  1 drivers
L_00000204d2f12040 .functor BUFT 1, C4<0000000000000000000000000000>, C4<0>, C4<0>, C4<0>;
v00000204d2f0a8e0_0 .net *"_ivl_379", 27 0, L_00000204d2f12040;  1 drivers
L_00000204d2f12088 .functor BUFT 1, C4<00000000000000000000000000000111>, C4<0>, C4<0>, C4<0>;
v00000204d2f0aa20_0 .net/2u *"_ivl_380", 31 0, L_00000204d2f12088;  1 drivers
v00000204d2f0aac0_0 .net *"_ivl_382", 0 0, L_00000204d2f71c10;  1 drivers
o00000204d2ea7af8 .functor BUFZ 32, C4<zzzzzzzzzzzzzzzzzzzzzzzzzzzzzzzz>; HiZ drive
; Elide local net with no drivers, v00000204d2f0ab60_0 name=_ivl_384
v00000204d2f0ac00_0 .net *"_ivl_386", 31 0, L_00000204d2f6fcd0;  1 drivers
v00000204d2f0b970_0 .net *"_ivl_388", 31 0, L_00000204d2f71ad0;  1 drivers
v00000204d2f0d770_0 .net *"_ivl_390", 31 0, L_00000204d2f71530;  1 drivers
v00000204d2f0b470_0 .net *"_ivl_392", 31 0, L_00000204d2f718f0;  1 drivers
v00000204d2f0ce10_0 .net *"_ivl_394", 31 0, L_00000204d2f713f0;  1 drivers
v00000204d2f0d090_0 .net *"_ivl_396", 31 0, L_00000204d2f6fd70;  1 drivers
v00000204d2f0ccd0_0 .net *"_ivl_398", 31 0, L_00000204d2f71030;  1 drivers
L_00000204d2f11308 .functor BUFT 1, C4<00>, C4<0>, C4<0>, C4<0>;
v00000204d2f0c730_0 .net/2s *"_ivl_4", 1 0, L_00000204d2f11308;  1 drivers
v00000204d2f0d6d0_0 .net *"_ivl_40", 7 0, L_00000204d2f6adf0;  1 drivers
v00000204d2f0c050_0 .net *"_ivl_41", 7 0, L_00000204d2f6ae90;  1 drivers
L_00000204d2f11398 .functor BUFT 1, C4<00000000>, C4<0>, C4<0>, C4<0>;
v00000204d2f0c550_0 .net/2u *"_ivl_46", 7 0, L_00000204d2f11398;  1 drivers
v00000204d2f0c870_0 .net *"_ivl_49", 7 0, L_00000204d2f6bcf0;  1 drivers
v00000204d2f0bc90_0 .net *"_ivl_50", 7 0, L_00000204d2f6b2f0;  1 drivers
v00000204d2f0c7d0_0 .net *"_ivl_54", 0 0, L_00000204d2f6b6b0;  1 drivers
v00000204d2f0c410_0 .net *"_ivl_56", 0 0, L_00000204d2f6ba70;  1 drivers
v00000204d2f0ba10_0 .net *"_ivl_58", 0 0, L_00000204d2f6bd90;  1 drivers
v00000204d2f0c0f0_0 .net *"_ivl_6", 1 0, L_00000204d2f6b9d0;  1 drivers
v00000204d2f0b330_0 .net *"_ivl_60", 0 0, L_00000204d2f6f230;  1 drivers
v00000204d2f0b290_0 .net *"_ivl_62", 31 0, L_00000204d2f6d430;  1 drivers
v00000204d2f0bab0_0 .net *"_ivl_64", 31 0, L_00000204d2f6e8d0;  1 drivers
v00000204d2f0bb50_0 .net *"_ivl_66", 31 0, L_00000204d2f6dd90;  1 drivers
v00000204d2f0d810_0 .net *"_ivl_70", 0 0, L_00000204d2f6e330;  1 drivers
v00000204d2f0cd70_0 .net *"_ivl_72", 0 0, L_00000204d2f6f370;  1 drivers
v00000204d2f0bd30_0 .net *"_ivl_74", 0 0, L_00000204d2f6f7d0;  1 drivers
v00000204d2f0c5f0_0 .net *"_ivl_76", 0 0, L_00000204d2f6eab0;  1 drivers
v00000204d2f0b3d0_0 .net *"_ivl_78", 31 0, L_00000204d2f6e470;  1 drivers
v00000204d2f0d130_0 .net *"_ivl_80", 31 0, L_00000204d2f6e970;  1 drivers
v00000204d2f0b510_0 .net *"_ivl_82", 31 0, L_00000204d2f6e6f0;  1 drivers
v00000204d2f0c230_0 .net *"_ivl_86", 7 0, L_00000204d2f6d9d0;  1 drivers
L_00000204d2f113e0 .functor BUFT 1, C4<00010001>, C4<0>, C4<0>, C4<0>;
v00000204d2f0c690_0 .net/2u *"_ivl_88", 7 0, L_00000204d2f113e0;  1 drivers
v00000204d2f0ceb0_0 .net *"_ivl_90", 0 0, L_00000204d2f6d4d0;  1 drivers
L_00000204d2f11428 .functor BUFT 1, C4<01>, C4<0>, C4<0>, C4<0>;
v00000204d2f0be70_0 .net/2s *"_ivl_92", 1 0, L_00000204d2f11428;  1 drivers
L_00000204d2f11470 .functor BUFT 1, C4<00>, C4<0>, C4<0>, C4<0>;
v00000204d2f0d590_0 .net/2s *"_ivl_94", 1 0, L_00000204d2f11470;  1 drivers
v00000204d2f0c910_0 .net *"_ivl_96", 1 0, L_00000204d2f6f0f0;  1 drivers
v00000204d2f0d1d0_0 .net "addr", 31 0, v00000204d2f0e030_0;  1 drivers
v00000204d2f0c9b0_0 .net "cc", 2 0, L_00000204d2f68c30;  alias, 1 drivers
v00000204d2f0d3b0_0 .net "clock", 0 0, v00000204d2f0ddb0_0;  1 drivers
v00000204d2f0ca50_0 .net "d_halt", 0 0, L_00000204d2f6e790;  1 drivers
v00000204d2f0b0b0_0 .net "d_icode", 3 0, L_00000204d2f6b1b0;  1 drivers
v00000204d2f0b6f0_0 .net "d_ifun", 3 0, L_00000204d2f6bc50;  1 drivers
v00000204d2f0b150_0 .net "d_jflg", 0 0, L_00000204d2f6d570;  1 drivers
v00000204d2f0b5b0_0 .net "d_jpc", 31 0, L_00000204d2f6e3d0;  1 drivers
v00000204d2f0d630_0 .net "d_rA", 3 0, L_00000204d2f6be30;  1 drivers
v00000204d2f0d450_0 .net "d_rB", 3 0, L_00000204d2f6b570;  1 drivers
v00000204d2f0b1f0_0 .net "d_valA", 31 0, L_00000204d2f6eb50;  1 drivers
v00000204d2f0bbf0_0 .net "d_valA_reg", 31 0, L_00000204d2f689b0;  1 drivers
v00000204d2f0c370_0 .net "d_valB", 31 0, L_00000204d2f6ea10;  1 drivers
v00000204d2f0bdd0_0 .net "d_valB_reg", 31 0, L_00000204d2f6a850;  1 drivers
v00000204d2f0caf0_0 .net "d_valC", 15 0, L_00000204d2f6b610;  1 drivers
v00000204d2f0d4f0_0 .net "e_OF", 0 0, L_00000204d2f6f050;  1 drivers
v00000204d2f0cf50_0 .net "e_SF", 0 0, L_00000204d2f6db10;  1 drivers
v00000204d2f0c190_0 .net "e_ZF", 0 0, L_00000204d2f6efb0;  1 drivers
v00000204d2f0cff0_0 .net "e_alufun", 3 0, L_00000204d2f6d250;  1 drivers
v00000204d2f0c4b0_0 .net "e_dstE", 3 0, v00000204d2f04a30_0;  1 drivers
v00000204d2f0b650_0 .net "e_dstM", 3 0, L_00000204d2f6d2f0;  1 drivers
v00000204d2f0cb90_0 .net "e_halt", 0 0, L_00000204d2f7a7e0;  1 drivers
v00000204d2f0b790_0 .var "e_reg_rst", 0 0;
v00000204d2f0bf10_0 .net "e_valA", 31 0, v00000204d2f03d10_0;  1 drivers
v00000204d2f0b830_0 .net "e_valB", 31 0, v00000204d2f054d0_0;  1 drivers
v00000204d2f0b8d0_0 .net "e_valE", 31 0, L_00000204d2f691d0;  1 drivers
v00000204d2f0d270_0 .net "e_valM", 31 0, L_00000204d2f6f870;  1 drivers
v00000204d2f0bfb0_0 .net "f_addr", 31 0, L_00000204d2f6b430;  1 drivers
v00000204d2f0c2d0_0 .net "f_rd", 0 0, L_00000204d2f6b930;  1 drivers
v00000204d2f0cc30_0 .net "f_rdata", 31 0, v00000204d2f01cf0_0;  1 drivers
v00000204d2f0d310_0 .net "r0", 31 0, v00000204d2f04030_0;  alias, 1 drivers
v00000204d2f0e2b0_0 .net "r1", 31 0, v00000204d2f05070_0;  alias, 1 drivers
v00000204d2f0e350_0 .net "r2", 31 0, v00000204d2f04670_0;  alias, 1 drivers
v00000204d2f0e3f0_0 .net "r3", 31 0, v00000204d2f040d0_0;  alias, 1 drivers
v00000204d2f0e8f0_0 .net "r4", 31 0, v00000204d2f04850_0;  alias, 1 drivers
v00000204d2f0e990_0 .net "r5", 31 0, v00000204d2f03db0_0;  alias, 1 drivers
v00000204d2f0d950_0 .net "r6", 31 0, v00000204d2f03810_0;  alias, 1 drivers
v00000204d2f0dbd0_0 .net "r7", 31 0, v00000204d2f05570_0;  alias, 1 drivers
v00000204d2f0def0_0 .net "rID", 3 0, v00000204d2f0edf0_0;  1 drivers
v00000204d2f0df90_0 .net "rdata", 31 0, L_00000204d2f70130;  alias, 1 drivers
v00000204d2f0ec10_0 .net "valE", 31 0, L_00000204d2f794a0;  alias, 1 drivers
v00000204d2f0ea30_0 .net "w_dstE", 3 0, v00000204d2f03a90_0;  1 drivers
v00000204d2f0dc70_0 .net "w_dstM", 3 0, v00000204d2f042b0_0;  1 drivers
v00000204d2f0d8b0_0 .net "w_valE", 31 0, v00000204d2f03c70_0;  1 drivers
v00000204d2f0e210_0 .net "w_valM", 31 0, v00000204d2f04350_0;  1 drivers
v00000204d2f0db30_0 .net "wdata", 31 0, v00000204d2f0e170_0;  1 drivers
v00000204d2f0dd10_0 .net "working", 0 0, v00000204d2f0ee90_0;  1 drivers
v00000204d2f0e530_0 .net "wr", 0 0, v00000204d2f0ef30_0;  1 drivers
L_00000204d2f6b430 .functor MUXZ 32, v00000204d2f0e030_0, v00000204d2f045d0_0, v00000204d2f0ee90_0, C4<>;
L_00000204d2f6b9d0 .functor MUXZ 2, L_00000204d2f11308, L_00000204d2f112c0, v00000204d2f0ee90_0, C4<>;
L_00000204d2f6b930 .part L_00000204d2f6b9d0, 0, 1;
L_00000204d2f6b1b0 .part L_00000204d2f6ae90, 4, 4;
L_00000204d2f6bc50 .part L_00000204d2f6ae90, 0, 4;
L_00000204d2f6adf0 .part L_00000204d2f6ce10, 24, 8;
L_00000204d2f6ae90 .functor MUXZ 8, L_00000204d2f6adf0, L_00000204d2f11350, v00000204d2f03270_0, C4<>;
L_00000204d2f6be30 .part L_00000204d2f6b2f0, 4, 4;
L_00000204d2f6b570 .part L_00000204d2f6b2f0, 0, 4;
L_00000204d2f6bcf0 .part L_00000204d2f6ce10, 16, 8;
L_00000204d2f6b2f0 .functor MUXZ 8, L_00000204d2f6bcf0, L_00000204d2f11398, v00000204d2f03270_0, C4<>;
L_00000204d2f6b610 .part L_00000204d2f6ce10, 0, 16;
L_00000204d2f6b6b0 .cmp/eq 4, v00000204d2f04a30_0, L_00000204d2f6be30;
L_00000204d2f6ba70 .cmp/eq 4, L_00000204d2f6d2f0, L_00000204d2f6be30;
L_00000204d2f6bd90 .cmp/eq 4, v00000204d2f03a90_0, L_00000204d2f6be30;
L_00000204d2f6f230 .cmp/eq 4, v00000204d2f042b0_0, L_00000204d2f6be30;
L_00000204d2f6d430 .functor MUXZ 32, L_00000204d2f689b0, v00000204d2f04350_0, L_00000204d2f6f230, C4<>;
L_00000204d2f6e8d0 .functor MUXZ 32, L_00000204d2f6d430, v00000204d2f03c70_0, L_00000204d2f6bd90, C4<>;
L_00000204d2f6dd90 .functor MUXZ 32, L_00000204d2f6e8d0, L_00000204d2f6f870, L_00000204d2f6ba70, C4<>;
L_00000204d2f6eb50 .functor MUXZ 32, L_00000204d2f6dd90, L_00000204d2f691d0, L_00000204d2f6b6b0, C4<>;
L_00000204d2f6e330 .cmp/eq 4, v00000204d2f04a30_0, L_00000204d2f6b570;
L_00000204d2f6f370 .cmp/eq 4, L_00000204d2f6d2f0, L_00000204d2f6b570;
L_00000204d2f6f7d0 .cmp/eq 4, v00000204d2f03a90_0, L_00000204d2f6b570;
L_00000204d2f6eab0 .cmp/eq 4, v00000204d2f042b0_0, L_00000204d2f6b570;
L_00000204d2f6e470 .functor MUXZ 32, L_00000204d2f6a850, v00000204d2f04350_0, L_00000204d2f6eab0, C4<>;
L_00000204d2f6e970 .functor MUXZ 32, L_00000204d2f6e470, v00000204d2f03c70_0, L_00000204d2f6f7d0, C4<>;
L_00000204d2f6e6f0 .functor MUXZ 32, L_00000204d2f6e970, L_00000204d2f6f870, L_00000204d2f6f370, C4<>;
L_00000204d2f6ea10 .functor MUXZ 32, L_00000204d2f6e6f0, L_00000204d2f691d0, L_00000204d2f6e330, C4<>;
L_00000204d2f6d9d0 .concat [ 4 4 0 0], L_00000204d2f6bc50, L_00000204d2f6b1b0;
L_00000204d2f6d4d0 .cmp/eq 8, L_00000204d2f6d9d0, L_00000204d2f113e0;
L_00000204d2f6f0f0 .functor MUXZ 2, L_00000204d2f11470, L_00000204d2f11428, L_00000204d2f6d4d0, C4<>;
L_00000204d2f6e790 .part L_00000204d2f6f0f0, 0, 1;
L_00000204d2f6f190 .concat [ 4 4 0 0], L_00000204d2f6bc50, L_00000204d2f6b1b0;
L_00000204d2f6d6b0 .cmp/eq 8, L_00000204d2f6f190, L_00000204d2f114b8;
L_00000204d2f6e830 .concat [ 4 4 0 0], L_00000204d2f6bc50, L_00000204d2f6b1b0;
L_00000204d2f6e150 .cmp/eq 8, L_00000204d2f6e830, L_00000204d2f11548;
L_00000204d2f6df70 .concat [ 4 4 0 0], L_00000204d2f6bc50, L_00000204d2f6b1b0;
L_00000204d2f6e650 .cmp/eq 8, L_00000204d2f6df70, L_00000204d2f115d8;
L_00000204d2f6f410 .concat [ 4 4 0 0], L_00000204d2f6bc50, L_00000204d2f6b1b0;
L_00000204d2f6f730 .cmp/eq 8, L_00000204d2f6f410, L_00000204d2f11668;
L_00000204d2f6e010 .concat [ 4 4 0 0], L_00000204d2f6bc50, L_00000204d2f6b1b0;
L_00000204d2f6ed30 .cmp/eq 8, L_00000204d2f6e010, L_00000204d2f116f8;
L_00000204d2f6d750 .concat [ 4 4 0 0], L_00000204d2f6bc50, L_00000204d2f6b1b0;
L_00000204d2f6f4b0 .cmp/eq 8, L_00000204d2f6d750, L_00000204d2f11788;
L_00000204d2f6ebf0 .concat [ 4 4 0 0], L_00000204d2f6bc50, L_00000204d2f6b1b0;
L_00000204d2f6ec90 .cmp/eq 8, L_00000204d2f6ebf0, L_00000204d2f11818;
L_00000204d2f6d110 .functor MUXZ 2, L_00000204d2f118a8, L_00000204d2f11860, L_00000204d2f7a4d0, C4<>;
L_00000204d2f6d890 .functor MUXZ 2, L_00000204d2f6d110, L_00000204d2f117d0, L_00000204d2f7a930, C4<>;
L_00000204d2f6e1f0 .functor MUXZ 2, L_00000204d2f6d890, L_00000204d2f11740, L_00000204d2f6cb70, C4<>;
L_00000204d2f6da70 .functor MUXZ 2, L_00000204d2f6e1f0, L_00000204d2f116b0, L_00000204d2f6c8d0, C4<>;
L_00000204d2f6e0b0 .functor MUXZ 2, L_00000204d2f6da70, L_00000204d2f11620, L_00000204d2f6c400, C4<>;
L_00000204d2f6e290 .functor MUXZ 2, L_00000204d2f6e0b0, L_00000204d2f11590, L_00000204d2f6c860, C4<>;
L_00000204d2f6edd0 .functor MUXZ 2, L_00000204d2f6e290, L_00000204d2f11500, L_00000204d2f6c710, C4<>;
L_00000204d2f6d570 .part L_00000204d2f6edd0, 0, 1;
L_00000204d2f6e3d0 .concat [ 16 4 4 8], L_00000204d2f6b610, L_00000204d2f6b570, L_00000204d2f6be30, L_00000204d2f118f0;
L_00000204d2f6f870 .concat [ 16 16 0 0], v00000204d2f04f30_0, L_00000204d2f11938;
L_00000204d2f6e510 .concat [ 4 4 0 0], v00000204d2f05430_0, v00000204d2f03630_0;
L_00000204d2f6d7f0 .cmp/eq 8, L_00000204d2f6e510, L_00000204d2f11980;
L_00000204d2f6d2f0 .functor MUXZ 4, L_00000204d2f119c8, v00000204d2f03bd0_0, L_00000204d2f6d7f0, C4<>;
L_00000204d2f6de30 .concat [ 4 4 0 0], v00000204d2f05430_0, v00000204d2f03630_0;
L_00000204d2f6f2d0 .cmp/eq 8, L_00000204d2f6de30, L_00000204d2f11a10;
L_00000204d2f6ee70 .concat [ 4 4 0 0], v00000204d2f05430_0, v00000204d2f03630_0;
L_00000204d2f6f550 .cmp/eq 8, L_00000204d2f6ee70, L_00000204d2f11aa0;
L_00000204d2f6dbb0 .concat [ 4 4 0 0], v00000204d2f05430_0, v00000204d2f03630_0;
L_00000204d2f6f5f0 .cmp/eq 8, L_00000204d2f6dbb0, L_00000204d2f11b30;
L_00000204d2f6d930 .concat [ 4 4 0 0], v00000204d2f05430_0, v00000204d2f03630_0;
L_00000204d2f6ef10 .cmp/eq 8, L_00000204d2f6d930, L_00000204d2f11bc0;
L_00000204d2f6f690 .functor MUXZ 4, o00000204d2ea7408, L_00000204d2f11c08, L_00000204d2f6ef10, C4<>;
L_00000204d2f6e5b0 .functor MUXZ 4, L_00000204d2f6f690, L_00000204d2f11b78, L_00000204d2f6f5f0, C4<>;
L_00000204d2f6d1b0 .functor MUXZ 4, L_00000204d2f6e5b0, L_00000204d2f11ae8, L_00000204d2f6f550, C4<>;
L_00000204d2f6d250 .functor MUXZ 4, L_00000204d2f6d1b0, L_00000204d2f11a58, L_00000204d2f6f2d0, C4<>;
L_00000204d2f6efb0 .part L_00000204d2f68c30, 2, 1;
L_00000204d2f6db10 .part L_00000204d2f68c30, 1, 1;
L_00000204d2f6f050 .part L_00000204d2f68c30, 0, 1;
L_00000204d2f6d390 .concat [ 4 28 0 0], v00000204d2f0edf0_0, L_00000204d2f11c50;
L_00000204d2f6d610 .cmp/eq 32, L_00000204d2f6d390, L_00000204d2f11c98;
L_00000204d2f6dc50 .concat [ 4 28 0 0], v00000204d2f0edf0_0, L_00000204d2f11ce0;
L_00000204d2f6dcf0 .cmp/eq 32, L_00000204d2f6dc50, L_00000204d2f11d28;
L_00000204d2f6ded0 .concat [ 4 28 0 0], v00000204d2f0edf0_0, L_00000204d2f11d70;
L_00000204d2f6ff50 .cmp/eq 32, L_00000204d2f6ded0, L_00000204d2f11db8;
L_00000204d2f6fc30 .concat [ 4 28 0 0], v00000204d2f0edf0_0, L_00000204d2f11e00;
L_00000204d2f71490 .cmp/eq 32, L_00000204d2f6fc30, L_00000204d2f11e48;
L_00000204d2f71350 .concat [ 4 28 0 0], v00000204d2f0edf0_0, L_00000204d2f11e90;
L_00000204d2f71a30 .cmp/eq 32, L_00000204d2f71350, L_00000204d2f11ed8;
L_00000204d2f70090 .concat [ 4 28 0 0], v00000204d2f0edf0_0, L_00000204d2f11f20;
L_00000204d2f70450 .cmp/eq 32, L_00000204d2f70090, L_00000204d2f11f68;
L_00000204d2f71990 .concat [ 4 28 0 0], v00000204d2f0edf0_0, L_00000204d2f11fb0;
L_00000204d2f70770 .cmp/eq 32, L_00000204d2f71990, L_00000204d2f11ff8;
L_00000204d2f6faf0 .concat [ 4 28 0 0], v00000204d2f0edf0_0, L_00000204d2f12040;
L_00000204d2f71c10 .cmp/eq 32, L_00000204d2f6faf0, L_00000204d2f12088;
L_00000204d2f6fcd0 .functor MUXZ 32, o00000204d2ea7af8, v00000204d2f05570_0, L_00000204d2f71c10, C4<>;
L_00000204d2f71ad0 .functor MUXZ 32, L_00000204d2f6fcd0, v00000204d2f03810_0, L_00000204d2f70770, C4<>;
L_00000204d2f71530 .functor MUXZ 32, L_00000204d2f71ad0, v00000204d2f03db0_0, L_00000204d2f70450, C4<>;
L_00000204d2f718f0 .functor MUXZ 32, L_00000204d2f71530, v00000204d2f04850_0, L_00000204d2f71a30, C4<>;
L_00000204d2f713f0 .functor MUXZ 32, L_00000204d2f718f0, v00000204d2f040d0_0, L_00000204d2f71490, C4<>;
L_00000204d2f6fd70 .functor MUXZ 32, L_00000204d2f713f0, v00000204d2f04670_0, L_00000204d2f6ff50, C4<>;
L_00000204d2f71030 .functor MUXZ 32, L_00000204d2f6fd70, v00000204d2f05070_0, L_00000204d2f6dcf0, C4<>;
L_00000204d2f70130 .functor MUXZ 32, L_00000204d2f71030, v00000204d2f04030_0, L_00000204d2f6d610, C4<>;
S_00000204d2d6bb80 .scope module, "alu" "alu" 3 79, 4 2 0, S_00000204d2d6b9f0;
 .timescale -9 -11;
    .port_info 0 /INPUT 32 "aluA";
    .port_info 1 /INPUT 32 "aluB";
    .port_info 2 /INPUT 4 "alufun";
    .port_info 3 /OUTPUT 32 "valE";
    .port_info 4 /OUTPUT 3 "cc";
L_00000204d2e740e0 .functor BUFZ 32, v00000204d2f03d10_0, C4<00000000000000000000000000000000>, C4<00000000000000000000000000000000>, C4<00000000000000000000000000000000>;
L_00000204d2f6c940 .functor BUFZ 32, v00000204d2f054d0_0, C4<00000000000000000000000000000000>, C4<00000000000000000000000000000000>, C4<00000000000000000000000000000000>;
L_00000204d2f6cbe0 .functor BUFZ 32, L_00000204d2f691d0, C4<00000000000000000000000000000000>, C4<00000000000000000000000000000000>, C4<00000000000000000000000000000000>;
L_00000204d2f6c630 .functor AND 32, v00000204d2f03d10_0, v00000204d2f054d0_0, C4<11111111111111111111111111111111>, C4<11111111111111111111111111111111>;
L_00000204d2f6c160 .functor NOT 32, v00000204d2f03d10_0, C4<00000000000000000000000000000000>, C4<00000000000000000000000000000000>, C4<00000000000000000000000000000000>;
L_00000204d2f6cd30 .functor AND 32, L_00000204d2f6c160, v00000204d2f054d0_0, C4<11111111111111111111111111111111>, C4<11111111111111111111111111111111>;
L_00000204d2f6c1d0 .functor NOT 32, v00000204d2f054d0_0, C4<00000000000000000000000000000000>, C4<00000000000000000000000000000000>, C4<00000000000000000000000000000000>;
L_00000204d2f6ccc0 .functor AND 32, v00000204d2f03d10_0, L_00000204d2f6c1d0, C4<11111111111111111111111111111111>, C4<11111111111111111111111111111111>;
L_00000204d2f6ca90 .functor OR 32, L_00000204d2f6cd30, L_00000204d2f6ccc0, C4<00000000000000000000000000000000>, C4<00000000000000000000000000000000>;
L_00000204d2f6cef0 .functor AND 1, L_00000204d2f6aa30, L_00000204d2f6afd0, C4<1>, C4<1>;
L_00000204d2f6cda0 .functor AND 1, L_00000204d2f6cef0, L_00000204d2f6b7f0, C4<1>, C4<1>;
L_00000204d2f6c9b0 .functor AND 1, L_00000204d2f6b250, L_00000204d2f6bb10, C4<1>, C4<1>;
L_00000204d2f6cfd0 .functor AND 1, L_00000204d2f6c9b0, L_00000204d2f6a8f0, C4<1>, C4<1>;
L_00000204d2f6cc50 .functor OR 1, L_00000204d2f6cda0, L_00000204d2f6cfd0, C4<0>, C4<0>;
L_00000204d2f6ce80 .functor AND 1, L_00000204d2f6a990, L_00000204d2f6af30, C4<1>, C4<1>;
L_00000204d2f6c2b0 .functor AND 1, L_00000204d2f6ce80, L_00000204d2f6b4d0, C4<1>, C4<1>;
L_00000204d2f6c320 .functor AND 1, L_00000204d2f6bf70, L_00000204d2f6ab70, C4<1>, C4<1>;
L_00000204d2f6c6a0 .functor AND 1, L_00000204d2f6c320, L_00000204d2f6ad50, C4<1>, C4<1>;
L_00000204d2f6c470 .functor OR 1, L_00000204d2f6c2b0, L_00000204d2f6c6a0, C4<0>, C4<0>;
v00000204d2e808b0_0 .net/s "A", 31 0, L_00000204d2e740e0;  1 drivers
v00000204d2e81170_0 .net/s "B", 31 0, L_00000204d2f6c940;  1 drivers
v00000204d2e80d10_0 .net/s "E", 31 0, L_00000204d2f6cbe0;  1 drivers
v00000204d2e80310_0 .net "OF", 0 0, L_00000204d2f6aad0;  1 drivers
v00000204d2e80c70_0 .net "SF", 0 0, L_00000204d2f6bbb0;  1 drivers
v00000204d2e80630_0 .net "ZF", 0 0, L_00000204d2f68870;  1 drivers
L_00000204d2f10e40 .functor BUFT 1, C4<00000000000000000000000000000000>, C4<0>, C4<0>, C4<0>;
v00000204d2e81210_0 .net/2s *"_ivl_100", 31 0, L_00000204d2f10e40;  1 drivers
v00000204d2e812b0_0 .net *"_ivl_102", 0 0, L_00000204d2f6aa30;  1 drivers
L_00000204d2f10e88 .functor BUFT 1, C4<00000000000000000000000000000000>, C4<0>, C4<0>, C4<0>;
v00000204d2e81f30_0 .net/2s *"_ivl_104", 31 0, L_00000204d2f10e88;  1 drivers
v00000204d2e81fd0_0 .net *"_ivl_106", 0 0, L_00000204d2f6afd0;  1 drivers
v00000204d2e806d0_0 .net *"_ivl_109", 0 0, L_00000204d2f6cef0;  1 drivers
L_00000204d2f10978 .functor BUFT 1, C4<0000000000000000000000000000>, C4<0>, C4<0>, C4<0>;
v00000204d2e81530_0 .net *"_ivl_11", 27 0, L_00000204d2f10978;  1 drivers
L_00000204d2f10ed0 .functor BUFT 1, C4<00000000000000000000000000000000>, C4<0>, C4<0>, C4<0>;
v00000204d2e81850_0 .net/2s *"_ivl_110", 31 0, L_00000204d2f10ed0;  1 drivers
v00000204d2e818f0_0 .net *"_ivl_112", 0 0, L_00000204d2f6b7f0;  1 drivers
v00000204d2e80950_0 .net *"_ivl_115", 0 0, L_00000204d2f6cda0;  1 drivers
L_00000204d2f10f18 .functor BUFT 1, C4<00000000000000000000000000000000>, C4<0>, C4<0>, C4<0>;
v00000204d2e81990_0 .net/2s *"_ivl_116", 31 0, L_00000204d2f10f18;  1 drivers
v00000204d2e80130_0 .net *"_ivl_118", 0 0, L_00000204d2f6b250;  1 drivers
L_00000204d2f109c0 .functor BUFT 1, C4<00000000000000000000000000000000>, C4<0>, C4<0>, C4<0>;
v00000204d2e80450_0 .net/2u *"_ivl_12", 31 0, L_00000204d2f109c0;  1 drivers
L_00000204d2f10f60 .functor BUFT 1, C4<00000000000000000000000000000000>, C4<0>, C4<0>, C4<0>;
v00000204d2e809f0_0 .net/2s *"_ivl_120", 31 0, L_00000204d2f10f60;  1 drivers
v00000204d2e80a90_0 .net *"_ivl_122", 0 0, L_00000204d2f6bb10;  1 drivers
v00000204d2ddb530_0 .net *"_ivl_125", 0 0, L_00000204d2f6c9b0;  1 drivers
L_00000204d2f10fa8 .functor BUFT 1, C4<00000000000000000000000000000000>, C4<0>, C4<0>, C4<0>;
v00000204d2ddc110_0 .net/2s *"_ivl_126", 31 0, L_00000204d2f10fa8;  1 drivers
v00000204d2ddcb10_0 .net *"_ivl_128", 0 0, L_00000204d2f6a8f0;  1 drivers
v00000204d2ddccf0_0 .net *"_ivl_131", 0 0, L_00000204d2f6cfd0;  1 drivers
v00000204d2ddb170_0 .net *"_ivl_133", 0 0, L_00000204d2f6cc50;  1 drivers
L_00000204d2f10ff0 .functor BUFT 1, C4<01>, C4<0>, C4<0>, C4<0>;
v00000204d2ddb850_0 .net/2s *"_ivl_134", 1 0, L_00000204d2f10ff0;  1 drivers
L_00000204d2f11038 .functor BUFT 1, C4<00>, C4<0>, C4<0>, C4<0>;
v00000204d2ddbb70_0 .net/2s *"_ivl_136", 1 0, L_00000204d2f11038;  1 drivers
v00000204d2ddb670_0 .net *"_ivl_138", 1 0, L_00000204d2f6ac10;  1 drivers
v00000204d2ddb8f0_0 .net *"_ivl_14", 0 0, L_00000204d2f68370;  1 drivers
L_00000204d2f11080 .functor BUFT 1, C4<00000000000000000000000000000000>, C4<0>, C4<0>, C4<0>;
v00000204d2dc87e0_0 .net/2s *"_ivl_140", 31 0, L_00000204d2f11080;  1 drivers
v00000204d2dc7340_0 .net *"_ivl_142", 0 0, L_00000204d2f6a990;  1 drivers
L_00000204d2f110c8 .functor BUFT 1, C4<00000000000000000000000000000000>, C4<0>, C4<0>, C4<0>;
v00000204d2dc6ee0_0 .net/2s *"_ivl_144", 31 0, L_00000204d2f110c8;  1 drivers
v00000204d2dc7840_0 .net *"_ivl_146", 0 0, L_00000204d2f6af30;  1 drivers
v00000204d2dc6f80_0 .net *"_ivl_149", 0 0, L_00000204d2f6ce80;  1 drivers
L_00000204d2f11110 .functor BUFT 1, C4<00000000000000000000000000000000>, C4<0>, C4<0>, C4<0>;
v00000204d2dc73e0_0 .net/2s *"_ivl_150", 31 0, L_00000204d2f11110;  1 drivers
v00000204d2dc7a20_0 .net *"_ivl_152", 0 0, L_00000204d2f6b4d0;  1 drivers
v00000204d2db9ba0_0 .net *"_ivl_155", 0 0, L_00000204d2f6c2b0;  1 drivers
L_00000204d2f11158 .functor BUFT 1, C4<00000000000000000000000000000000>, C4<0>, C4<0>, C4<0>;
v00000204d2db9ec0_0 .net/2s *"_ivl_156", 31 0, L_00000204d2f11158;  1 drivers
v00000204d2db9c40_0 .net *"_ivl_158", 0 0, L_00000204d2f6bf70;  1 drivers
v00000204d2db9d80_0 .net *"_ivl_16", 31 0, L_00000204d2f680f0;  1 drivers
L_00000204d2f111a0 .functor BUFT 1, C4<00000000000000000000000000000000>, C4<0>, C4<0>, C4<0>;
v00000204d2d67a70_0 .net/2s *"_ivl_160", 31 0, L_00000204d2f111a0;  1 drivers
v00000204d2d68470_0 .net *"_ivl_162", 0 0, L_00000204d2f6ab70;  1 drivers
v00000204d2d98570_0 .net *"_ivl_165", 0 0, L_00000204d2f6c320;  1 drivers
L_00000204d2f111e8 .functor BUFT 1, C4<00000000000000000000000000000000>, C4<0>, C4<0>, C4<0>;
v00000204d2d989d0_0 .net/2s *"_ivl_166", 31 0, L_00000204d2f111e8;  1 drivers
v00000204d2f000a0_0 .net *"_ivl_168", 0 0, L_00000204d2f6ad50;  1 drivers
v00000204d2f00140_0 .net *"_ivl_171", 0 0, L_00000204d2f6c6a0;  1 drivers
v00000204d2f008c0_0 .net *"_ivl_173", 0 0, L_00000204d2f6c470;  1 drivers
L_00000204d2f11230 .functor BUFT 1, C4<01>, C4<0>, C4<0>, C4<0>;
v00000204d2eff560_0 .net/2s *"_ivl_174", 1 0, L_00000204d2f11230;  1 drivers
L_00000204d2f11278 .functor BUFT 1, C4<00>, C4<0>, C4<0>, C4<0>;
v00000204d2eff2e0_0 .net/2s *"_ivl_176", 1 0, L_00000204d2f11278;  1 drivers
v00000204d2f00780_0 .net *"_ivl_178", 1 0, L_00000204d2f6b070;  1 drivers
v00000204d2f00960_0 .net *"_ivl_18", 31 0, L_00000204d2f69c70;  1 drivers
v00000204d2f00640_0 .net *"_ivl_180", 1 0, L_00000204d2f6b110;  1 drivers
L_00000204d2f10a08 .functor BUFT 1, C4<0000000000000000000000000000>, C4<0>, C4<0>, C4<0>;
v00000204d2f001e0_0 .net *"_ivl_21", 27 0, L_00000204d2f10a08;  1 drivers
L_00000204d2f10a50 .functor BUFT 1, C4<00000000000000000000000000000001>, C4<0>, C4<0>, C4<0>;
v00000204d2f00e60_0 .net/2u *"_ivl_22", 31 0, L_00000204d2f10a50;  1 drivers
v00000204d2effc40_0 .net *"_ivl_24", 0 0, L_00000204d2f68190;  1 drivers
v00000204d2eff1a0_0 .net *"_ivl_26", 31 0, L_00000204d2f68230;  1 drivers
v00000204d2effd80_0 .net *"_ivl_28", 31 0, L_00000204d2f68410;  1 drivers
L_00000204d2f10a98 .functor BUFT 1, C4<0000000000000000000000000000>, C4<0>, C4<0>, C4<0>;
v00000204d2f00460_0 .net *"_ivl_31", 27 0, L_00000204d2f10a98;  1 drivers
L_00000204d2f10ae0 .functor BUFT 1, C4<00000000000000000000000000000010>, C4<0>, C4<0>, C4<0>;
v00000204d2effce0_0 .net/2u *"_ivl_32", 31 0, L_00000204d2f10ae0;  1 drivers
v00000204d2effa60_0 .net *"_ivl_34", 0 0, L_00000204d2f684b0;  1 drivers
v00000204d2f00b40_0 .net *"_ivl_36", 31 0, L_00000204d2f6c630;  1 drivers
v00000204d2effb00_0 .net *"_ivl_38", 31 0, L_00000204d2f68550;  1 drivers
L_00000204d2f10b28 .functor BUFT 1, C4<0000000000000000000000000000>, C4<0>, C4<0>, C4<0>;
v00000204d2effe20_0 .net *"_ivl_41", 27 0, L_00000204d2f10b28;  1 drivers
L_00000204d2f10b70 .functor BUFT 1, C4<00000000000000000000000000000011>, C4<0>, C4<0>, C4<0>;
v00000204d2eff740_0 .net/2u *"_ivl_42", 31 0, L_00000204d2f10b70;  1 drivers
v00000204d2f00aa0_0 .net *"_ivl_44", 0 0, L_00000204d2f68690;  1 drivers
v00000204d2eff4c0_0 .net *"_ivl_46", 31 0, L_00000204d2f6c160;  1 drivers
v00000204d2effec0_0 .net *"_ivl_48", 31 0, L_00000204d2f6cd30;  1 drivers
v00000204d2eff060_0 .net *"_ivl_50", 31 0, L_00000204d2f6c1d0;  1 drivers
v00000204d2f006e0_0 .net *"_ivl_52", 31 0, L_00000204d2f6ccc0;  1 drivers
v00000204d2f00280_0 .net *"_ivl_54", 31 0, L_00000204d2f6ca90;  1 drivers
o00000204d2ea42b8 .functor BUFZ 32, C4<zzzzzzzzzzzzzzzzzzzzzzzzzzzzzzzz>; HiZ drive
; Elide local net with no drivers, v00000204d2f00a00_0 name=_ivl_56
v00000204d2f00c80_0 .net *"_ivl_58", 31 0, L_00000204d2f69b30;  1 drivers
v00000204d2eff380_0 .net *"_ivl_60", 31 0, L_00000204d2f687d0;  1 drivers
v00000204d2f00500_0 .net *"_ivl_62", 31 0, L_00000204d2f69130;  1 drivers
L_00000204d2f10bb8 .functor BUFT 1, C4<00000000000000000000000000000000>, C4<0>, C4<0>, C4<0>;
v00000204d2f00f00_0 .net/2u *"_ivl_66", 31 0, L_00000204d2f10bb8;  1 drivers
v00000204d2f00be0_0 .net *"_ivl_68", 0 0, L_00000204d2f69bd0;  1 drivers
L_00000204d2f10c00 .functor BUFT 1, C4<1>, C4<0>, C4<0>, C4<0>;
v00000204d2f00d20_0 .net/2u *"_ivl_70", 0 0, L_00000204d2f10c00;  1 drivers
L_00000204d2f10c48 .functor BUFT 1, C4<0>, C4<0>, C4<0>, C4<0>;
v00000204d2f00dc0_0 .net/2u *"_ivl_72", 0 0, L_00000204d2f10c48;  1 drivers
v00000204d2eff100_0 .net *"_ivl_77", 0 0, L_00000204d2f69d10;  1 drivers
v00000204d2eff6a0_0 .net *"_ivl_78", 31 0, L_00000204d2f6b750;  1 drivers
v00000204d2eff420_0 .net *"_ivl_8", 31 0, L_00000204d2f69a90;  1 drivers
L_00000204d2f10c90 .functor BUFT 1, C4<0000000000000000000000000000000>, C4<0>, C4<0>, C4<0>;
v00000204d2eff600_0 .net *"_ivl_81", 30 0, L_00000204d2f10c90;  1 drivers
L_00000204d2f10cd8 .functor BUFT 1, C4<00000000000000000000000000000001>, C4<0>, C4<0>, C4<0>;
v00000204d2efff60_0 .net/2u *"_ivl_82", 31 0, L_00000204d2f10cd8;  1 drivers
v00000204d2f00320_0 .net *"_ivl_84", 0 0, L_00000204d2f6bed0;  1 drivers
L_00000204d2f10d20 .functor BUFT 1, C4<1>, C4<0>, C4<0>, C4<0>;
v00000204d2eff7e0_0 .net/2u *"_ivl_86", 0 0, L_00000204d2f10d20;  1 drivers
L_00000204d2f10d68 .functor BUFT 1, C4<0>, C4<0>, C4<0>, C4<0>;
v00000204d2eff240_0 .net/2u *"_ivl_88", 0 0, L_00000204d2f10d68;  1 drivers
v00000204d2f003c0_0 .net *"_ivl_92", 31 0, L_00000204d2f6b390;  1 drivers
L_00000204d2f10db0 .functor BUFT 1, C4<0000000000000000000000000000>, C4<0>, C4<0>, C4<0>;
v00000204d2effba0_0 .net *"_ivl_95", 27 0, L_00000204d2f10db0;  1 drivers
L_00000204d2f10df8 .functor BUFT 1, C4<00000000000000000000000000000001>, C4<0>, C4<0>, C4<0>;
v00000204d2f00000_0 .net/2u *"_ivl_96", 31 0, L_00000204d2f10df8;  1 drivers
v00000204d2f005a0_0 .net *"_ivl_98", 0 0, L_00000204d2f6acb0;  1 drivers
v00000204d2eff880_0 .net "aluA", 31 0, v00000204d2f03d10_0;  alias, 1 drivers
v00000204d2eff920_0 .net "aluB", 31 0, v00000204d2f054d0_0;  alias, 1 drivers
v00000204d2eff9c0_0 .net "alufun", 3 0, L_00000204d2f6d250;  alias, 1 drivers
v00000204d2f00820_0 .net "cc", 2 0, L_00000204d2f68c30;  alias, 1 drivers
v00000204d2f02d30_0 .net "valE", 31 0, L_00000204d2f691d0;  alias, 1 drivers
L_00000204d2f68c30 .concat [ 1 1 1 0], L_00000204d2f6aad0, L_00000204d2f6bbb0, L_00000204d2f68870;
L_00000204d2f69a90 .concat [ 4 28 0 0], L_00000204d2f6d250, L_00000204d2f10978;
L_00000204d2f68370 .cmp/eq 32, L_00000204d2f69a90, L_00000204d2f109c0;
L_00000204d2f680f0 .arith/sum 32, v00000204d2f03d10_0, v00000204d2f054d0_0;
L_00000204d2f69c70 .concat [ 4 28 0 0], L_00000204d2f6d250, L_00000204d2f10a08;
L_00000204d2f68190 .cmp/eq 32, L_00000204d2f69c70, L_00000204d2f10a50;
L_00000204d2f68230 .arith/sub 32, v00000204d2f03d10_0, v00000204d2f054d0_0;
L_00000204d2f68410 .concat [ 4 28 0 0], L_00000204d2f6d250, L_00000204d2f10a98;
L_00000204d2f684b0 .cmp/eq 32, L_00000204d2f68410, L_00000204d2f10ae0;
L_00000204d2f68550 .concat [ 4 28 0 0], L_00000204d2f6d250, L_00000204d2f10b28;
L_00000204d2f68690 .cmp/eq 32, L_00000204d2f68550, L_00000204d2f10b70;
L_00000204d2f69b30 .functor MUXZ 32, o00000204d2ea42b8, L_00000204d2f6ca90, L_00000204d2f68690, C4<>;
L_00000204d2f687d0 .functor MUXZ 32, L_00000204d2f69b30, L_00000204d2f6c630, L_00000204d2f684b0, C4<>;
L_00000204d2f69130 .functor MUXZ 32, L_00000204d2f687d0, L_00000204d2f68230, L_00000204d2f68190, C4<>;
L_00000204d2f691d0 .functor MUXZ 32, L_00000204d2f69130, L_00000204d2f680f0, L_00000204d2f68370, C4<>;
L_00000204d2f69bd0 .cmp/eq 32, L_00000204d2f691d0, L_00000204d2f10bb8;
L_00000204d2f68870 .functor MUXZ 1, L_00000204d2f10c48, L_00000204d2f10c00, L_00000204d2f69bd0, C4<>;
L_00000204d2f69d10 .part L_00000204d2f691d0, 31, 1;
L_00000204d2f6b750 .concat [ 1 31 0 0], L_00000204d2f69d10, L_00000204d2f10c90;
L_00000204d2f6bed0 .cmp/eq 32, L_00000204d2f6b750, L_00000204d2f10cd8;
L_00000204d2f6bbb0 .functor MUXZ 1, L_00000204d2f10d68, L_00000204d2f10d20, L_00000204d2f6bed0, C4<>;
L_00000204d2f6b390 .concat [ 4 28 0 0], L_00000204d2f6d250, L_00000204d2f10db0;
L_00000204d2f6acb0 .cmp/eq 32, L_00000204d2f6b390, L_00000204d2f10df8;
L_00000204d2f6aa30 .cmp/gt.s 32, L_00000204d2e740e0, L_00000204d2f10e40;
L_00000204d2f6afd0 .cmp/gt.s 32, L_00000204d2f10e88, L_00000204d2f6c940;
L_00000204d2f6b7f0 .cmp/ge.s 32, L_00000204d2f10ed0, L_00000204d2f6cbe0;
L_00000204d2f6b250 .cmp/gt.s 32, L_00000204d2f10f18, L_00000204d2e740e0;
L_00000204d2f6bb10 .cmp/gt.s 32, L_00000204d2f6c940, L_00000204d2f10f60;
L_00000204d2f6a8f0 .cmp/ge.s 32, L_00000204d2f6cbe0, L_00000204d2f10fa8;
L_00000204d2f6ac10 .functor MUXZ 2, L_00000204d2f11038, L_00000204d2f10ff0, L_00000204d2f6cc50, C4<>;
L_00000204d2f6a990 .cmp/gt.s 32, L_00000204d2f11080, L_00000204d2e740e0;
L_00000204d2f6af30 .cmp/gt.s 32, L_00000204d2f110c8, L_00000204d2f6c940;
L_00000204d2f6b4d0 .cmp/ge.s 32, L_00000204d2f6cbe0, L_00000204d2f11110;
L_00000204d2f6bf70 .cmp/ge.s 32, L_00000204d2e740e0, L_00000204d2f11158;
L_00000204d2f6ab70 .cmp/ge.s 32, L_00000204d2f6c940, L_00000204d2f111a0;
L_00000204d2f6ad50 .cmp/gt.s 32, L_00000204d2f111e8, L_00000204d2f6cbe0;
L_00000204d2f6b070 .functor MUXZ 2, L_00000204d2f11278, L_00000204d2f11230, L_00000204d2f6c470, C4<>;
L_00000204d2f6b110 .functor MUXZ 2, L_00000204d2f6b070, L_00000204d2f6ac10, L_00000204d2f6acb0, C4<>;
L_00000204d2f6aad0 .part L_00000204d2f6b110, 0, 1;
S_00000204d2d85360 .scope module, "ram" "ram" 3 51, 5 3 0, S_00000204d2d6b9f0;
 .timescale -9 -11;
    .port_info 0 /INPUT 1 "clock";
    .port_info 1 /INPUT 32 "addr";
    .port_info 2 /INPUT 1 "wr";
    .port_info 3 /INPUT 32 "wdata";
    .port_info 4 /INPUT 1 "rd";
    .port_info 5 /OUTPUT 32 "rdata";
v00000204d2f02970_0 .net "addr", 31 0, L_00000204d2f6b430;  alias, 1 drivers
v00000204d2f025b0_0 .net "clock", 0 0, v00000204d2f0ddb0_0;  alias, 1 drivers
v00000204d2f01c50 .array "ram", 0 255, 31 0;
v00000204d2f02790_0 .net "rd", 0 0, L_00000204d2f6b930;  alias, 1 drivers
v00000204d2f01cf0_0 .var "rdata", 31 0;
v00000204d2f01610_0 .net "wdata", 31 0, v00000204d2f0e170_0;  alias, 1 drivers
v00000204d2f01390_0 .net "wr", 0 0, v00000204d2f0ef30_0;  alias, 1 drivers
E_00000204d2dc8e90 .event posedge, v00000204d2f025b0_0;
S_00000204d2d854f0 .scope module, "regfile" "regfile" 3 59, 6 3 0, S_00000204d2d6b9f0;
 .timescale -9 -11;
    .port_info 0 /INPUT 4 "dstE";
    .port_info 1 /INPUT 32 "valE";
    .port_info 2 /INPUT 4 "dstM";
    .port_info 3 /INPUT 32 "valM";
    .port_info 4 /INPUT 4 "rA";
    .port_info 5 /INPUT 4 "rB";
    .port_info 6 /INPUT 1 "reset";
    .port_info 7 /INPUT 1 "clock";
    .port_info 8 /OUTPUT 32 "valA";
    .port_info 9 /OUTPUT 32 "valB";
    .port_info 10 /OUTPUT 32 "r0";
    .port_info 11 /OUTPUT 32 "r1";
    .port_info 12 /OUTPUT 32 "r2";
    .port_info 13 /OUTPUT 32 "r3";
    .port_info 14 /OUTPUT 32 "r4";
    .port_info 15 /OUTPUT 32 "r5";
    .port_info 16 /OUTPUT 32 "r6";
    .port_info 17 /OUTPUT 32 "r7";
v00000204d2f01bb0_0 .net *"_ivl_0", 31 0, L_00000204d2f0d9f0;  1 drivers
L_00000204d2f10618 .functor BUFT 1, C4<0000000000000000000000000000>, C4<0>, C4<0>, C4<0>;
v00000204d2f017f0_0 .net *"_ivl_101", 27 0, L_00000204d2f10618;  1 drivers
L_00000204d2f10660 .functor BUFT 1, C4<00000000000000000000000000000010>, C4<0>, C4<0>, C4<0>;
v00000204d2f02830_0 .net/2u *"_ivl_102", 31 0, L_00000204d2f10660;  1 drivers
v00000204d2f02650_0 .net *"_ivl_104", 0 0, L_00000204d2f69810;  1 drivers
v00000204d2f01a70_0 .net *"_ivl_106", 31 0, L_00000204d2f6a210;  1 drivers
L_00000204d2f106a8 .functor BUFT 1, C4<0000000000000000000000000000>, C4<0>, C4<0>, C4<0>;
v00000204d2f01250_0 .net *"_ivl_109", 27 0, L_00000204d2f106a8;  1 drivers
L_00000204d2f10108 .functor BUFT 1, C4<0000000000000000000000000000>, C4<0>, C4<0>, C4<0>;
v00000204d2f02a10_0 .net *"_ivl_11", 27 0, L_00000204d2f10108;  1 drivers
L_00000204d2f106f0 .functor BUFT 1, C4<00000000000000000000000000000011>, C4<0>, C4<0>, C4<0>;
v00000204d2f012f0_0 .net/2u *"_ivl_110", 31 0, L_00000204d2f106f0;  1 drivers
v00000204d2f01e30_0 .net *"_ivl_112", 0 0, L_00000204d2f693b0;  1 drivers
v00000204d2f020b0_0 .net *"_ivl_114", 31 0, L_00000204d2f6a0d0;  1 drivers
L_00000204d2f10738 .functor BUFT 1, C4<0000000000000000000000000000>, C4<0>, C4<0>, C4<0>;
v00000204d2f026f0_0 .net *"_ivl_117", 27 0, L_00000204d2f10738;  1 drivers
L_00000204d2f10780 .functor BUFT 1, C4<00000000000000000000000000000100>, C4<0>, C4<0>, C4<0>;
v00000204d2f02dd0_0 .net/2u *"_ivl_118", 31 0, L_00000204d2f10780;  1 drivers
L_00000204d2f10150 .functor BUFT 1, C4<00000000000000000000000000000001>, C4<0>, C4<0>, C4<0>;
v00000204d2f02e70_0 .net/2u *"_ivl_12", 31 0, L_00000204d2f10150;  1 drivers
v00000204d2f01ed0_0 .net *"_ivl_120", 0 0, L_00000204d2f68a50;  1 drivers
v00000204d2f02ab0_0 .net *"_ivl_122", 31 0, L_00000204d2f6a710;  1 drivers
L_00000204d2f107c8 .functor BUFT 1, C4<0000000000000000000000000000>, C4<0>, C4<0>, C4<0>;
v00000204d2f02330_0 .net *"_ivl_125", 27 0, L_00000204d2f107c8;  1 drivers
L_00000204d2f10810 .functor BUFT 1, C4<00000000000000000000000000000101>, C4<0>, C4<0>, C4<0>;
v00000204d2f02bf0_0 .net/2u *"_ivl_126", 31 0, L_00000204d2f10810;  1 drivers
v00000204d2f02f10_0 .net *"_ivl_128", 0 0, L_00000204d2f6a7b0;  1 drivers
v00000204d2f01070_0 .net *"_ivl_130", 31 0, L_00000204d2f6a490;  1 drivers
L_00000204d2f10858 .functor BUFT 1, C4<0000000000000000000000000000>, C4<0>, C4<0>, C4<0>;
v00000204d2f02c90_0 .net *"_ivl_133", 27 0, L_00000204d2f10858;  1 drivers
L_00000204d2f108a0 .functor BUFT 1, C4<00000000000000000000000000000110>, C4<0>, C4<0>, C4<0>;
v00000204d2f01430_0 .net/2u *"_ivl_134", 31 0, L_00000204d2f108a0;  1 drivers
v00000204d2f01110_0 .net *"_ivl_136", 0 0, L_00000204d2f6a170;  1 drivers
v00000204d2f01f70_0 .net *"_ivl_138", 31 0, L_00000204d2f6a530;  1 drivers
v00000204d2f014d0_0 .net *"_ivl_14", 0 0, L_00000204d2f6a5d0;  1 drivers
L_00000204d2f108e8 .functor BUFT 1, C4<0000000000000000000000000000>, C4<0>, C4<0>, C4<0>;
v00000204d2f011b0_0 .net *"_ivl_141", 27 0, L_00000204d2f108e8;  1 drivers
L_00000204d2f10930 .functor BUFT 1, C4<00000000000000000000000000000111>, C4<0>, C4<0>, C4<0>;
v00000204d2f01570_0 .net/2u *"_ivl_142", 31 0, L_00000204d2f10930;  1 drivers
v00000204d2f02b50_0 .net *"_ivl_144", 0 0, L_00000204d2f69f90;  1 drivers
o00000204d2ea4fa8 .functor BUFZ 32, C4<zzzzzzzzzzzzzzzzzzzzzzzzzzzzzzzz>; HiZ drive
; Elide local net with no drivers, v00000204d2f02010_0 name=_ivl_146
v00000204d2f028d0_0 .net *"_ivl_148", 31 0, L_00000204d2f69950;  1 drivers
v00000204d2f016b0_0 .net *"_ivl_150", 31 0, L_00000204d2f699f0;  1 drivers
v00000204d2f02470_0 .net *"_ivl_152", 31 0, L_00000204d2f68730;  1 drivers
v00000204d2f01750_0 .net *"_ivl_154", 31 0, L_00000204d2f6a2b0;  1 drivers
v00000204d2f01890_0 .net *"_ivl_156", 31 0, L_00000204d2f685f0;  1 drivers
v00000204d2f02150_0 .net *"_ivl_158", 31 0, L_00000204d2f69270;  1 drivers
v00000204d2f01930_0 .net *"_ivl_16", 31 0, L_00000204d2f696d0;  1 drivers
v00000204d2f019d0_0 .net *"_ivl_160", 31 0, L_00000204d2f68910;  1 drivers
L_00000204d2f10198 .functor BUFT 1, C4<0000000000000000000000000000>, C4<0>, C4<0>, C4<0>;
v00000204d2f021f0_0 .net *"_ivl_19", 27 0, L_00000204d2f10198;  1 drivers
L_00000204d2f101e0 .functor BUFT 1, C4<00000000000000000000000000000010>, C4<0>, C4<0>, C4<0>;
v00000204d2f01b10_0 .net/2u *"_ivl_20", 31 0, L_00000204d2f101e0;  1 drivers
v00000204d2f02290_0 .net *"_ivl_22", 0 0, L_00000204d2f6a3f0;  1 drivers
v00000204d2f023d0_0 .net *"_ivl_24", 31 0, L_00000204d2f6a030;  1 drivers
L_00000204d2f10228 .functor BUFT 1, C4<0000000000000000000000000000>, C4<0>, C4<0>, C4<0>;
v00000204d2f02510_0 .net *"_ivl_27", 27 0, L_00000204d2f10228;  1 drivers
L_00000204d2f10270 .functor BUFT 1, C4<00000000000000000000000000000011>, C4<0>, C4<0>, C4<0>;
v00000204d2f06510_0 .net/2u *"_ivl_28", 31 0, L_00000204d2f10270;  1 drivers
L_00000204d2f10078 .functor BUFT 1, C4<0000000000000000000000000000>, C4<0>, C4<0>, C4<0>;
v00000204d2f060b0_0 .net *"_ivl_3", 27 0, L_00000204d2f10078;  1 drivers
v00000204d2f06650_0 .net *"_ivl_30", 0 0, L_00000204d2f682d0;  1 drivers
v00000204d2f06150_0 .net *"_ivl_32", 31 0, L_00000204d2f68d70;  1 drivers
L_00000204d2f102b8 .functor BUFT 1, C4<0000000000000000000000000000>, C4<0>, C4<0>, C4<0>;
v00000204d2f061f0_0 .net *"_ivl_35", 27 0, L_00000204d2f102b8;  1 drivers
L_00000204d2f10300 .functor BUFT 1, C4<00000000000000000000000000000100>, C4<0>, C4<0>, C4<0>;
v00000204d2f06e70_0 .net/2u *"_ivl_36", 31 0, L_00000204d2f10300;  1 drivers
v00000204d2f05a70_0 .net *"_ivl_38", 0 0, L_00000204d2f6a350;  1 drivers
L_00000204d2f100c0 .functor BUFT 1, C4<00000000000000000000000000000000>, C4<0>, C4<0>, C4<0>;
v00000204d2f05930_0 .net/2u *"_ivl_4", 31 0, L_00000204d2f100c0;  1 drivers
v00000204d2f06b50_0 .net *"_ivl_40", 31 0, L_00000204d2f68e10;  1 drivers
L_00000204d2f10348 .functor BUFT 1, C4<0000000000000000000000000000>, C4<0>, C4<0>, C4<0>;
v00000204d2f05e30_0 .net *"_ivl_43", 27 0, L_00000204d2f10348;  1 drivers
L_00000204d2f10390 .functor BUFT 1, C4<00000000000000000000000000000101>, C4<0>, C4<0>, C4<0>;
v00000204d2f059d0_0 .net/2u *"_ivl_44", 31 0, L_00000204d2f10390;  1 drivers
v00000204d2f06970_0 .net *"_ivl_46", 0 0, L_00000204d2f68b90;  1 drivers
v00000204d2f06a10_0 .net *"_ivl_48", 31 0, L_00000204d2f69e50;  1 drivers
L_00000204d2f103d8 .functor BUFT 1, C4<0000000000000000000000000000>, C4<0>, C4<0>, C4<0>;
v00000204d2f05890_0 .net *"_ivl_51", 27 0, L_00000204d2f103d8;  1 drivers
L_00000204d2f10420 .functor BUFT 1, C4<00000000000000000000000000000110>, C4<0>, C4<0>, C4<0>;
v00000204d2f05ed0_0 .net/2u *"_ivl_52", 31 0, L_00000204d2f10420;  1 drivers
v00000204d2f05d90_0 .net *"_ivl_54", 0 0, L_00000204d2f68af0;  1 drivers
v00000204d2f06290_0 .net *"_ivl_56", 31 0, L_00000204d2f68eb0;  1 drivers
L_00000204d2f10468 .functor BUFT 1, C4<0000000000000000000000000000>, C4<0>, C4<0>, C4<0>;
v00000204d2f06830_0 .net *"_ivl_59", 27 0, L_00000204d2f10468;  1 drivers
v00000204d2f06f10_0 .net *"_ivl_6", 0 0, L_00000204d2f0e850;  1 drivers
L_00000204d2f104b0 .functor BUFT 1, C4<00000000000000000000000000000111>, C4<0>, C4<0>, C4<0>;
v00000204d2f05f70_0 .net/2u *"_ivl_60", 31 0, L_00000204d2f104b0;  1 drivers
v00000204d2f05b10_0 .net *"_ivl_62", 0 0, L_00000204d2f69ef0;  1 drivers
o00000204d2ea5638 .functor BUFZ 32, C4<zzzzzzzzzzzzzzzzzzzzzzzzzzzzzzzz>; HiZ drive
; Elide local net with no drivers, v00000204d2f063d0_0 name=_ivl_64
v00000204d2f06330_0 .net *"_ivl_66", 31 0, L_00000204d2f694f0;  1 drivers
v00000204d2f065b0_0 .net *"_ivl_68", 31 0, L_00000204d2f69770;  1 drivers
v00000204d2f06470_0 .net *"_ivl_70", 31 0, L_00000204d2f698b0;  1 drivers
v00000204d2f06bf0_0 .net *"_ivl_72", 31 0, L_00000204d2f68cd0;  1 drivers
v00000204d2f05bb0_0 .net *"_ivl_74", 31 0, L_00000204d2f69450;  1 drivers
v00000204d2f06010_0 .net *"_ivl_76", 31 0, L_00000204d2f6a670;  1 drivers
v00000204d2f05c50_0 .net *"_ivl_78", 31 0, L_00000204d2f68f50;  1 drivers
v00000204d2f066f0_0 .net *"_ivl_8", 31 0, L_00000204d2f69630;  1 drivers
v00000204d2f06790_0 .net *"_ivl_82", 31 0, L_00000204d2f69db0;  1 drivers
L_00000204d2f104f8 .functor BUFT 1, C4<0000000000000000000000000000>, C4<0>, C4<0>, C4<0>;
v00000204d2f068d0_0 .net *"_ivl_85", 27 0, L_00000204d2f104f8;  1 drivers
L_00000204d2f10540 .functor BUFT 1, C4<00000000000000000000000000000000>, C4<0>, C4<0>, C4<0>;
v00000204d2f06d30_0 .net/2u *"_ivl_86", 31 0, L_00000204d2f10540;  1 drivers
v00000204d2f05cf0_0 .net *"_ivl_88", 0 0, L_00000204d2f69310;  1 drivers
v00000204d2f06ab0_0 .net *"_ivl_90", 31 0, L_00000204d2f68ff0;  1 drivers
L_00000204d2f10588 .functor BUFT 1, C4<0000000000000000000000000000>, C4<0>, C4<0>, C4<0>;
v00000204d2f06c90_0 .net *"_ivl_93", 27 0, L_00000204d2f10588;  1 drivers
L_00000204d2f105d0 .functor BUFT 1, C4<00000000000000000000000000000001>, C4<0>, C4<0>, C4<0>;
v00000204d2f06dd0_0 .net/2u *"_ivl_94", 31 0, L_00000204d2f105d0;  1 drivers
v00000204d2f048f0_0 .net *"_ivl_96", 0 0, L_00000204d2f69590;  1 drivers
v00000204d2f03770_0 .net *"_ivl_98", 31 0, L_00000204d2f69090;  1 drivers
v00000204d2f04710_0 .net "clock", 0 0, v00000204d2f0ddb0_0;  alias, 1 drivers
v00000204d2f056b0_0 .net "dstE", 3 0, v00000204d2f03a90_0;  alias, 1 drivers
v00000204d2f036d0_0 .net "dstM", 3 0, v00000204d2f042b0_0;  alias, 1 drivers
v00000204d2f03090_0 .net "r0", 31 0, v00000204d2f04030_0;  alias, 1 drivers
v00000204d2f03950_0 .net "r1", 31 0, v00000204d2f05070_0;  alias, 1 drivers
v00000204d2f057f0_0 .net "r2", 31 0, v00000204d2f04670_0;  alias, 1 drivers
v00000204d2f052f0_0 .net "r3", 31 0, v00000204d2f040d0_0;  alias, 1 drivers
v00000204d2f05610_0 .net "r4", 31 0, v00000204d2f04850_0;  alias, 1 drivers
v00000204d2f05390_0 .net "r5", 31 0, v00000204d2f03db0_0;  alias, 1 drivers
v00000204d2f04990_0 .net "r6", 31 0, v00000204d2f03810_0;  alias, 1 drivers
v00000204d2f04df0_0 .net "r7", 31 0, v00000204d2f05570_0;  alias, 1 drivers
v00000204d2f031d0_0 .net "rA", 3 0, L_00000204d2f6be30;  alias, 1 drivers
v00000204d2f03b30_0 .net "rB", 3 0, L_00000204d2f6b570;  alias, 1 drivers
v00000204d2f04030_0 .var "r_r0", 31 0;
v00000204d2f05070_0 .var "r_r1", 31 0;
v00000204d2f04670_0 .var "r_r2", 31 0;
v00000204d2f040d0_0 .var "r_r3", 31 0;
v00000204d2f04850_0 .var "r_r4", 31 0;
v00000204d2f03db0_0 .var "r_r5", 31 0;
v00000204d2f03810_0 .var "r_r6", 31 0;
v00000204d2f05570_0 .var "r_r7", 31 0;
v00000204d2f05110_0 .net "reset", 0 0, v00000204d2f0b790_0;  1 drivers
v00000204d2f039f0_0 .net "valA", 31 0, L_00000204d2f689b0;  alias, 1 drivers
v00000204d2f05250_0 .net "valB", 31 0, L_00000204d2f6a850;  alias, 1 drivers
v00000204d2f03590_0 .net "valE", 31 0, v00000204d2f03c70_0;  alias, 1 drivers
v00000204d2f03130_0 .net "valM", 31 0, v00000204d2f04350_0;  alias, 1 drivers
E_00000204d2dc8dd0/0 .event negedge, v00000204d2f05110_0;
E_00000204d2dc8dd0/1 .event posedge, v00000204d2f025b0_0;
E_00000204d2dc8dd0 .event/or E_00000204d2dc8dd0/0, E_00000204d2dc8dd0/1;
L_00000204d2f0d9f0 .concat [ 4 28 0 0], L_00000204d2f6be30, L_00000204d2f10078;
L_00000204d2f0e850 .cmp/eq 32, L_00000204d2f0d9f0, L_00000204d2f100c0;
L_00000204d2f69630 .concat [ 4 28 0 0], L_00000204d2f6be30, L_00000204d2f10108;
L_00000204d2f6a5d0 .cmp/eq 32, L_00000204d2f69630, L_00000204d2f10150;
L_00000204d2f696d0 .concat [ 4 28 0 0], L_00000204d2f6be30, L_00000204d2f10198;
L_00000204d2f6a3f0 .cmp/eq 32, L_00000204d2f696d0, L_00000204d2f101e0;
L_00000204d2f6a030 .concat [ 4 28 0 0], L_00000204d2f6be30, L_00000204d2f10228;
L_00000204d2f682d0 .cmp/eq 32, L_00000204d2f6a030, L_00000204d2f10270;
L_00000204d2f68d70 .concat [ 4 28 0 0], L_00000204d2f6be30, L_00000204d2f102b8;
L_00000204d2f6a350 .cmp/eq 32, L_00000204d2f68d70, L_00000204d2f10300;
L_00000204d2f68e10 .concat [ 4 28 0 0], L_00000204d2f6be30, L_00000204d2f10348;
L_00000204d2f68b90 .cmp/eq 32, L_00000204d2f68e10, L_00000204d2f10390;
L_00000204d2f69e50 .concat [ 4 28 0 0], L_00000204d2f6be30, L_00000204d2f103d8;
L_00000204d2f68af0 .cmp/eq 32, L_00000204d2f69e50, L_00000204d2f10420;
L_00000204d2f68eb0 .concat [ 4 28 0 0], L_00000204d2f6be30, L_00000204d2f10468;
L_00000204d2f69ef0 .cmp/eq 32, L_00000204d2f68eb0, L_00000204d2f104b0;
L_00000204d2f694f0 .functor MUXZ 32, o00000204d2ea5638, v00000204d2f05570_0, L_00000204d2f69ef0, C4<>;
L_00000204d2f69770 .functor MUXZ 32, L_00000204d2f694f0, v00000204d2f03810_0, L_00000204d2f68af0, C4<>;
L_00000204d2f698b0 .functor MUXZ 32, L_00000204d2f69770, v00000204d2f03db0_0, L_00000204d2f68b90, C4<>;
L_00000204d2f68cd0 .functor MUXZ 32, L_00000204d2f698b0, v00000204d2f04850_0, L_00000204d2f6a350, C4<>;
L_00000204d2f69450 .functor MUXZ 32, L_00000204d2f68cd0, v00000204d2f040d0_0, L_00000204d2f682d0, C4<>;
L_00000204d2f6a670 .functor MUXZ 32, L_00000204d2f69450, v00000204d2f04670_0, L_00000204d2f6a3f0, C4<>;
L_00000204d2f68f50 .functor MUXZ 32, L_00000204d2f6a670, v00000204d2f05070_0, L_00000204d2f6a5d0, C4<>;
L_00000204d2f689b0 .functor MUXZ 32, L_00000204d2f68f50, v00000204d2f04030_0, L_00000204d2f0e850, C4<>;
L_00000204d2f69db0 .concat [ 4 28 0 0], L_00000204d2f6b570, L_00000204d2f104f8;
L_00000204d2f69310 .cmp/eq 32, L_00000204d2f69db0, L_00000204d2f10540;
L_00000204d2f68ff0 .concat [ 4 28 0 0], L_00000204d2f6b570, L_00000204d2f10588;
L_00000204d2f69590 .cmp/eq 32, L_00000204d2f68ff0, L_00000204d2f105d0;
L_00000204d2f69090 .concat [ 4 28 0 0], L_00000204d2f6b570, L_00000204d2f10618;
L_00000204d2f69810 .cmp/eq 32, L_00000204d2f69090, L_00000204d2f10660;
L_00000204d2f6a210 .concat [ 4 28 0 0], L_00000204d2f6b570, L_00000204d2f106a8;
L_00000204d2f693b0 .cmp/eq 32, L_00000204d2f6a210, L_00000204d2f106f0;
L_00000204d2f6a0d0 .concat [ 4 28 0 0], L_00000204d2f6b570, L_00000204d2f10738;
L_00000204d2f68a50 .cmp/eq 32, L_00000204d2f6a0d0, L_00000204d2f10780;
L_00000204d2f6a710 .concat [ 4 28 0 0], L_00000204d2f6b570, L_00000204d2f107c8;
L_00000204d2f6a7b0 .cmp/eq 32, L_00000204d2f6a710, L_00000204d2f10810;
L_00000204d2f6a490 .concat [ 4 28 0 0], L_00000204d2f6b570, L_00000204d2f10858;
L_00000204d2f6a170 .cmp/eq 32, L_00000204d2f6a490, L_00000204d2f108a0;
L_00000204d2f6a530 .concat [ 4 28 0 0], L_00000204d2f6b570, L_00000204d2f108e8;
L_00000204d2f69f90 .cmp/eq 32, L_00000204d2f6a530, L_00000204d2f10930;
L_00000204d2f69950 .functor MUXZ 32, o00000204d2ea4fa8, v00000204d2f05570_0, L_00000204d2f69f90, C4<>;
L_00000204d2f699f0 .functor MUXZ 32, L_00000204d2f69950, v00000204d2f03810_0, L_00000204d2f6a170, C4<>;
L_00000204d2f68730 .functor MUXZ 32, L_00000204d2f699f0, v00000204d2f03db0_0, L_00000204d2f6a7b0, C4<>;
L_00000204d2f6a2b0 .functor MUXZ 32, L_00000204d2f68730, v00000204d2f04850_0, L_00000204d2f68a50, C4<>;
L_00000204d2f685f0 .functor MUXZ 32, L_00000204d2f6a2b0, v00000204d2f040d0_0, L_00000204d2f693b0, C4<>;
L_00000204d2f69270 .functor MUXZ 32, L_00000204d2f685f0, v00000204d2f04670_0, L_00000204d2f69810, C4<>;
L_00000204d2f68910 .functor MUXZ 32, L_00000204d2f69270, v00000204d2f05070_0, L_00000204d2f69590, C4<>;
L_00000204d2f6a850 .functor MUXZ 32, L_00000204d2f68910, v00000204d2f04030_0, L_00000204d2f69310, C4<>;
    .scope S_00000204d2d85360;
T_0 ;
    %pushi/vec4 0, 4294967295, 32;
    %store/vec4 v00000204d2f01cf0_0, 0, 32;
    %end;
    .thread T_0;
    .scope S_00000204d2d85360;
T_1 ;
    %wait E_00000204d2dc8e90;
    %load/vec4 v00000204d2f01390_0;
    %flag_set/vec4 8;
    %jmp/0xz  T_1.0, 8;
    %load/vec4 v00000204d2f01610_0;
    %ix/getv 3, v00000204d2f02970_0;
    %ix/load 4, 0, 0; Constant delay
    %assign/vec4/a/d v00000204d2f01c50, 0, 4;
T_1.0 ;
    %load/vec4 v00000204d2f02790_0;
    %flag_set/vec4 8;
    %jmp/0xz  T_1.2, 8;
    %ix/getv 4, v00000204d2f02970_0;
    %load/vec4a v00000204d2f01c50, 4;
    %assign/vec4 v00000204d2f01cf0_0, 0;
    %jmp T_1.3;
T_1.2 ;
    %pushi/vec4 0, 4294967295, 32;
    %assign/vec4 v00000204d2f01cf0_0, 0;
T_1.3 ;
    %jmp T_1;
    .thread T_1;
    .scope S_00000204d2d854f0;
T_2 ;
    %wait E_00000204d2dc8dd0;
    %load/vec4 v00000204d2f05110_0;
    %flag_set/vec4 8;
    %jmp/0xz  T_2.0, 8;
    %pushi/vec4 0, 0, 32;
    %assign/vec4 v00000204d2f04030_0, 0;
    %pushi/vec4 0, 0, 32;
    %assign/vec4 v00000204d2f05070_0, 0;
    %pushi/vec4 0, 0, 32;
    %assign/vec4 v00000204d2f04670_0, 0;
    %pushi/vec4 0, 0, 32;
    %assign/vec4 v00000204d2f040d0_0, 0;
    %pushi/vec4 0, 0, 32;
    %assign/vec4 v00000204d2f04850_0, 0;
    %pushi/vec4 0, 0, 32;
    %assign/vec4 v00000204d2f03db0_0, 0;
    %pushi/vec4 0, 0, 32;
    %assign/vec4 v00000204d2f03810_0, 0;
    %pushi/vec4 0, 0, 32;
    %assign/vec4 v00000204d2f05570_0, 0;
    %jmp T_2.1;
T_2.0 ;
    %load/vec4 v00000204d2f056b0_0;
    %dup/vec4;
    %pushi/vec4 0, 0, 4;
    %cmp/u;
    %jmp/1 T_2.2, 6;
    %dup/vec4;
    %pushi/vec4 1, 0, 4;
    %cmp/u;
    %jmp/1 T_2.3, 6;
    %dup/vec4;
    %pushi/vec4 2, 0, 4;
    %cmp/u;
    %jmp/1 T_2.4, 6;
    %dup/vec4;
    %pushi/vec4 3, 0, 4;
    %cmp/u;
    %jmp/1 T_2.5, 6;
    %dup/vec4;
    %pushi/vec4 4, 0, 4;
    %cmp/u;
    %jmp/1 T_2.6, 6;
    %dup/vec4;
    %pushi/vec4 5, 0, 4;
    %cmp/u;
    %jmp/1 T_2.7, 6;
    %dup/vec4;
    %pushi/vec4 6, 0, 4;
    %cmp/u;
    %jmp/1 T_2.8, 6;
    %dup/vec4;
    %pushi/vec4 7, 0, 4;
    %cmp/u;
    %jmp/1 T_2.9, 6;
    %jmp T_2.10;
T_2.2 ;
    %load/vec4 v00000204d2f03590_0;
    %assign/vec4 v00000204d2f04030_0, 0;
    %jmp T_2.10;
T_2.3 ;
    %load/vec4 v00000204d2f03590_0;
    %assign/vec4 v00000204d2f05070_0, 0;
    %jmp T_2.10;
T_2.4 ;
    %load/vec4 v00000204d2f03590_0;
    %assign/vec4 v00000204d2f04670_0, 0;
    %jmp T_2.10;
T_2.5 ;
    %load/vec4 v00000204d2f03590_0;
    %assign/vec4 v00000204d2f040d0_0, 0;
    %jmp T_2.10;
T_2.6 ;
    %load/vec4 v00000204d2f03590_0;
    %assign/vec4 v00000204d2f04850_0, 0;
    %jmp T_2.10;
T_2.7 ;
    %load/vec4 v00000204d2f03590_0;
    %assign/vec4 v00000204d2f03db0_0, 0;
    %jmp T_2.10;
T_2.8 ;
    %load/vec4 v00000204d2f03590_0;
    %assign/vec4 v00000204d2f03810_0, 0;
    %jmp T_2.10;
T_2.9 ;
    %load/vec4 v00000204d2f03590_0;
    %assign/vec4 v00000204d2f05570_0, 0;
    %jmp T_2.10;
T_2.10 ;
    %pop/vec4 1;
    %load/vec4 v00000204d2f036d0_0;
    %dup/vec4;
    %pushi/vec4 0, 0, 4;
    %cmp/u;
    %jmp/1 T_2.11, 6;
    %dup/vec4;
    %pushi/vec4 1, 0, 4;
    %cmp/u;
    %jmp/1 T_2.12, 6;
    %dup/vec4;
    %pushi/vec4 2, 0, 4;
    %cmp/u;
    %jmp/1 T_2.13, 6;
    %dup/vec4;
    %pushi/vec4 3, 0, 4;
    %cmp/u;
    %jmp/1 T_2.14, 6;
    %dup/vec4;
    %pushi/vec4 4, 0, 4;
    %cmp/u;
    %jmp/1 T_2.15, 6;
    %dup/vec4;
    %pushi/vec4 5, 0, 4;
    %cmp/u;
    %jmp/1 T_2.16, 6;
    %dup/vec4;
    %pushi/vec4 6, 0, 4;
    %cmp/u;
    %jmp/1 T_2.17, 6;
    %dup/vec4;
    %pushi/vec4 7, 0, 4;
    %cmp/u;
    %jmp/1 T_2.18, 6;
    %jmp T_2.19;
T_2.11 ;
    %load/vec4 v00000204d2f03130_0;
    %assign/vec4 v00000204d2f04030_0, 0;
    %jmp T_2.19;
T_2.12 ;
    %load/vec4 v00000204d2f03130_0;
    %assign/vec4 v00000204d2f05070_0, 0;
    %jmp T_2.19;
T_2.13 ;
    %load/vec4 v00000204d2f03130_0;
    %assign/vec4 v00000204d2f04670_0, 0;
    %jmp T_2.19;
T_2.14 ;
    %load/vec4 v00000204d2f03130_0;
    %assign/vec4 v00000204d2f040d0_0, 0;
    %jmp T_2.19;
T_2.15 ;
    %load/vec4 v00000204d2f03130_0;
    %assign/vec4 v00000204d2f04850_0, 0;
    %jmp T_2.19;
T_2.16 ;
    %load/vec4 v00000204d2f03130_0;
    %assign/vec4 v00000204d2f03db0_0, 0;
    %jmp T_2.19;
T_2.17 ;
    %load/vec4 v00000204d2f03130_0;
    %assign/vec4 v00000204d2f03810_0, 0;
    %jmp T_2.19;
T_2.18 ;
    %load/vec4 v00000204d2f03130_0;
    %assign/vec4 v00000204d2f05570_0, 0;
    %jmp T_2.19;
T_2.19 ;
    %pop/vec4 1;
T_2.1 ;
    %jmp T_2;
    .thread T_2;
    .scope S_00000204d2d6b9f0;
T_3 ;
    %pushi/vec4 0, 0, 32;
    %store/vec4 v00000204d2f045d0_0, 0, 32;
    %pushi/vec4 0, 15, 4;
    %store/vec4 v00000204d2f03630_0, 0, 4;
    %pushi/vec4 0, 15, 4;
    %store/vec4 v00000204d2f05430_0, 0, 4;
    %pushi/vec4 0, 15, 4;
    %store/vec4 v00000204d2f04a30_0, 0, 4;
    %pushi/vec4 0, 15, 4;
    %store/vec4 v00000204d2f03bd0_0, 0, 4;
    %pushi/vec4 0, 4294967295, 32;
    %store/vec4 v00000204d2f03d10_0, 0, 32;
    %pushi/vec4 0, 4294967295, 32;
    %store/vec4 v00000204d2f054d0_0, 0, 32;
    %pushi/vec4 0, 65535, 16;
    %store/vec4 v00000204d2f04f30_0, 0, 16;
    %pushi/vec4 0, 1, 1;
    %store/vec4 v00000204d2f034f0_0, 0, 1;
    %pushi/vec4 0, 0, 1;
    %store/vec4 v00000204d2f03270_0, 0, 1;
    %pushi/vec4 0, 15, 4;
    %store/vec4 v00000204d2f042b0_0, 0, 4;
    %pushi/vec4 0, 4294967295, 32;
    %store/vec4 v00000204d2f04350_0, 0, 32;
    %pushi/vec4 0, 15, 4;
    %store/vec4 v00000204d2f03a90_0, 0, 4;
    %pushi/vec4 0, 4294967295, 32;
    %store/vec4 v00000204d2f03c70_0, 0, 32;
    %pushi/vec4 0, 1, 1;
    %store/vec4 v00000204d2f05750_0, 0, 1;
    %end;
    .thread T_3;
    .scope S_00000204d2d6b9f0;
T_4 ;
    %wait E_00000204d2dc8e90;
    %load/vec4 v00000204d2f0dd10_0;
    %flag_set/vec4 8;
    %jmp/0xz  T_4.0, 8;
    %load/vec4 v00000204d2f0b150_0;
    %dup/vec4;
    %pushi/vec4 0, 0, 1;
    %cmp/u;
    %jmp/1 T_4.2, 6;
    %dup/vec4;
    %pushi/vec4 1, 0, 1;
    %cmp/u;
    %jmp/1 T_4.3, 6;
    %load/vec4 v00000204d2f045d0_0;
    %addi 1, 0, 32;
    %assign/vec4 v00000204d2f045d0_0, 0;
    %jmp T_4.5;
T_4.2 ;
    %load/vec4 v00000204d2f045d0_0;
    %addi 1, 0, 32;
    %assign/vec4 v00000204d2f045d0_0, 0;
    %jmp T_4.5;
T_4.3 ;
    %load/vec4 v00000204d2f0b5b0_0;
    %assign/vec4 v00000204d2f045d0_0, 0;
    %jmp T_4.5;
T_4.5 ;
    %pop/vec4 1;
T_4.0 ;
    %jmp T_4;
    .thread T_4;
    .scope S_00000204d2d6b9f0;
T_5 ;
    %wait E_00000204d2dc8e90;
    %load/vec4 v00000204d2f0dd10_0;
    %flag_set/vec4 8;
    %jmp/0xz  T_5.0, 8;
    %load/vec4 v00000204d2f0ca50_0;
    %flag_set/vec4 8;
    %jmp/0xz  T_5.2, 8;
    %load/vec4 v00000204d2f03630_0;
    %load/vec4 v00000204d2f05430_0;
    %concat/vec4; draw_concat_vec4
    %split/vec4 4;
    %assign/vec4 v00000204d2f05430_0, 0;
    %assign/vec4 v00000204d2f03630_0, 0;
    %pushi/vec4 15, 0, 4;
    %assign/vec4 v00000204d2f04a30_0, 0;
    %pushi/vec4 15, 0, 4;
    %assign/vec4 v00000204d2f03bd0_0, 0;
    %load/vec4 v00000204d2f04f30_0;
    %assign/vec4 v00000204d2f04f30_0, 0;
    %load/vec4 v00000204d2f03d10_0;
    %assign/vec4 v00000204d2f03d10_0, 0;
    %load/vec4 v00000204d2f054d0_0;
    %assign/vec4 v00000204d2f054d0_0, 0;
    %load/vec4 v00000204d2f0ca50_0;
    %assign/vec4 v00000204d2f034f0_0, 0;
    %jmp T_5.3;
T_5.2 ;
    %load/vec4 v00000204d2f0b0b0_0;
    %load/vec4 v00000204d2f0b6f0_0;
    %concat/vec4; draw_concat_vec4
    %dup/vec4;
    %pushi/vec4 18, 0, 8;
    %cmp/u;
    %jmp/1 T_5.4, 6;
    %dup/vec4;
    %pushi/vec4 48, 0, 8;
    %cmp/u;
    %jmp/1 T_5.5, 6;
    %dup/vec4;
    %pushi/vec4 49, 0, 8;
    %cmp/u;
    %jmp/1 T_5.6, 6;
    %dup/vec4;
    %pushi/vec4 50, 0, 8;
    %cmp/u;
    %jmp/1 T_5.7, 6;
    %dup/vec4;
    %pushi/vec4 51, 0, 8;
    %cmp/u;
    %jmp/1 T_5.8, 6;
    %dup/vec4;
    %pushi/vec4 52, 0, 8;
    %cmp/u;
    %jmp/1 T_5.9, 6;
    %dup/vec4;
    %pushi/vec4 53, 0, 8;
    %cmp/u;
    %jmp/1 T_5.10, 6;
    %dup/vec4;
    %pushi/vec4 54, 0, 8;
    %cmp/u;
    %jmp/1 T_5.11, 6;
    %dup/vec4;
    %pushi/vec4 112, 0, 8;
    %cmp/u;
    %jmp/1 T_5.12, 6;
    %dup/vec4;
    %pushi/vec4 113, 0, 8;
    %cmp/u;
    %jmp/1 T_5.13, 6;
    %dup/vec4;
    %pushi/vec4 114, 0, 8;
    %cmp/u;
    %jmp/1 T_5.14, 6;
    %dup/vec4;
    %pushi/vec4 115, 0, 8;
    %cmp/u;
    %jmp/1 T_5.15, 6;
    %dup/vec4;
    %pushi/vec4 116, 0, 8;
    %cmp/u;
    %jmp/1 T_5.16, 6;
    %dup/vec4;
    %pushi/vec4 117, 0, 8;
    %cmp/u;
    %jmp/1 T_5.17, 6;
    %dup/vec4;
    %pushi/vec4 118, 0, 8;
    %cmp/u;
    %jmp/1 T_5.18, 6;
    %load/vec4 v00000204d2f0b0b0_0;
    %assign/vec4 v00000204d2f03630_0, 0;
    %load/vec4 v00000204d2f0b6f0_0;
    %assign/vec4 v00000204d2f05430_0, 0;
    %jmp T_5.20;
T_5.4 ;
    %pushi/vec4 34, 0, 8;
    %split/vec4 4;
    %assign/vec4 v00000204d2f05430_0, 0;
    %assign/vec4 v00000204d2f03630_0, 0;
    %jmp T_5.20;
T_5.5 ;
    %pushi/vec4 32, 0, 8;
    %split/vec4 4;
    %assign/vec4 v00000204d2f05430_0, 0;
    %assign/vec4 v00000204d2f03630_0, 0;
    %jmp T_5.20;
T_5.6 ;
    %pushi/vec4 32, 0, 8;
    %split/vec4 4;
    %assign/vec4 v00000204d2f05430_0, 0;
    %assign/vec4 v00000204d2f03630_0, 0;
    %jmp T_5.20;
T_5.7 ;
    %pushi/vec4 32, 0, 8;
    %split/vec4 4;
    %assign/vec4 v00000204d2f05430_0, 0;
    %assign/vec4 v00000204d2f03630_0, 0;
    %jmp T_5.20;
T_5.8 ;
    %pushi/vec4 32, 0, 8;
    %split/vec4 4;
    %assign/vec4 v00000204d2f05430_0, 0;
    %assign/vec4 v00000204d2f03630_0, 0;
    %jmp T_5.20;
T_5.9 ;
    %pushi/vec4 32, 0, 8;
    %split/vec4 4;
    %assign/vec4 v00000204d2f05430_0, 0;
    %assign/vec4 v00000204d2f03630_0, 0;
    %jmp T_5.20;
T_5.10 ;
    %pushi/vec4 32, 0, 8;
    %split/vec4 4;
    %assign/vec4 v00000204d2f05430_0, 0;
    %assign/vec4 v00000204d2f03630_0, 0;
    %jmp T_5.20;
T_5.11 ;
    %pushi/vec4 32, 0, 8;
    %split/vec4 4;
    %assign/vec4 v00000204d2f05430_0, 0;
    %assign/vec4 v00000204d2f03630_0, 0;
    %jmp T_5.20;
T_5.12 ;
    %pushi/vec4 34, 0, 8;
    %split/vec4 4;
    %assign/vec4 v00000204d2f05430_0, 0;
    %assign/vec4 v00000204d2f03630_0, 0;
    %jmp T_5.20;
T_5.13 ;
    %pushi/vec4 34, 0, 8;
    %split/vec4 4;
    %assign/vec4 v00000204d2f05430_0, 0;
    %assign/vec4 v00000204d2f03630_0, 0;
    %jmp T_5.20;
T_5.14 ;
    %pushi/vec4 34, 0, 8;
    %split/vec4 4;
    %assign/vec4 v00000204d2f05430_0, 0;
    %assign/vec4 v00000204d2f03630_0, 0;
    %jmp T_5.20;
T_5.15 ;
    %pushi/vec4 34, 0, 8;
    %split/vec4 4;
    %assign/vec4 v00000204d2f05430_0, 0;
    %assign/vec4 v00000204d2f03630_0, 0;
    %jmp T_5.20;
T_5.16 ;
    %pushi/vec4 34, 0, 8;
    %split/vec4 4;
    %assign/vec4 v00000204d2f05430_0, 0;
    %assign/vec4 v00000204d2f03630_0, 0;
    %jmp T_5.20;
T_5.17 ;
    %pushi/vec4 34, 0, 8;
    %split/vec4 4;
    %assign/vec4 v00000204d2f05430_0, 0;
    %assign/vec4 v00000204d2f03630_0, 0;
    %jmp T_5.20;
T_5.18 ;
    %pushi/vec4 34, 0, 8;
    %split/vec4 4;
    %assign/vec4 v00000204d2f05430_0, 0;
    %assign/vec4 v00000204d2f03630_0, 0;
    %jmp T_5.20;
T_5.20 ;
    %pop/vec4 1;
    %load/vec4 v00000204d2f0b0b0_0;
    %load/vec4 v00000204d2f0b6f0_0;
    %concat/vec4; draw_concat_vec4
    %dup/vec4;
    %pushi/vec4 48, 0, 8;
    %cmp/u;
    %jmp/1 T_5.21, 6;
    %dup/vec4;
    %pushi/vec4 49, 0, 8;
    %cmp/u;
    %jmp/1 T_5.22, 6;
    %dup/vec4;
    %pushi/vec4 50, 0, 8;
    %cmp/u;
    %jmp/1 T_5.23, 6;
    %dup/vec4;
    %pushi/vec4 51, 0, 8;
    %cmp/u;
    %jmp/1 T_5.24, 6;
    %dup/vec4;
    %pushi/vec4 52, 0, 8;
    %cmp/u;
    %jmp/1 T_5.25, 6;
    %dup/vec4;
    %pushi/vec4 53, 0, 8;
    %cmp/u;
    %jmp/1 T_5.26, 6;
    %dup/vec4;
    %pushi/vec4 54, 0, 8;
    %cmp/u;
    %jmp/1 T_5.27, 6;
    %load/vec4 v00000204d2f0b1f0_0;
    %assign/vec4 v00000204d2f03d10_0, 0;
    %load/vec4 v00000204d2f0c370_0;
    %assign/vec4 v00000204d2f054d0_0, 0;
    %load/vec4 v00000204d2f0d630_0;
    %assign/vec4 v00000204d2f04a30_0, 0;
    %load/vec4 v00000204d2f0d450_0;
    %assign/vec4 v00000204d2f03bd0_0, 0;
    %jmp T_5.29;
T_5.21 ;
    %pushi/vec4 0, 0, 32;
    %assign/vec4 v00000204d2f03d10_0, 0;
    %load/vec4 v00000204d2f0c370_0;
    %assign/vec4 v00000204d2f054d0_0, 0;
    %load/vec4 v00000204d2f0d630_0;
    %assign/vec4 v00000204d2f04a30_0, 0;
    %load/vec4 v00000204d2f0d450_0;
    %assign/vec4 v00000204d2f03bd0_0, 0;
    %jmp T_5.29;
T_5.22 ;
    %pushi/vec4 0, 0, 32;
    %assign/vec4 v00000204d2f03d10_0, 0;
    %load/vec4 v00000204d2f0c370_0;
    %assign/vec4 v00000204d2f054d0_0, 0;
    %load/vec4 v00000204d2f0d450_0;
    %assign/vec4 v00000204d2f03bd0_0, 0;
    %load/vec4 v00000204d2f0cf50_0;
    %load/vec4 v00000204d2f0d4f0_0;
    %xor;
    %load/vec4 v00000204d2f0c190_0;
    %or;
    %flag_set/vec4 8;
    %jmp/0xz  T_5.30, 8;
    %load/vec4 v00000204d2f0d630_0;
    %assign/vec4 v00000204d2f04a30_0, 0;
    %jmp T_5.31;
T_5.30 ;
    %load/vec4 v00000204d2f0d450_0;
    %assign/vec4 v00000204d2f04a30_0, 0;
T_5.31 ;
    %jmp T_5.29;
T_5.23 ;
    %pushi/vec4 0, 0, 32;
    %assign/vec4 v00000204d2f03d10_0, 0;
    %load/vec4 v00000204d2f0c370_0;
    %assign/vec4 v00000204d2f054d0_0, 0;
    %load/vec4 v00000204d2f0d450_0;
    %assign/vec4 v00000204d2f03bd0_0, 0;
    %load/vec4 v00000204d2f0cf50_0;
    %load/vec4 v00000204d2f0d4f0_0;
    %xor;
    %flag_set/vec4 8;
    %jmp/0xz  T_5.32, 8;
    %load/vec4 v00000204d2f0d630_0;
    %assign/vec4 v00000204d2f04a30_0, 0;
    %jmp T_5.33;
T_5.32 ;
    %load/vec4 v00000204d2f0d450_0;
    %assign/vec4 v00000204d2f04a30_0, 0;
T_5.33 ;
    %jmp T_5.29;
T_5.24 ;
    %pushi/vec4 0, 0, 32;
    %assign/vec4 v00000204d2f03d10_0, 0;
    %load/vec4 v00000204d2f0c370_0;
    %assign/vec4 v00000204d2f054d0_0, 0;
    %load/vec4 v00000204d2f0d450_0;
    %assign/vec4 v00000204d2f03bd0_0, 0;
    %load/vec4 v00000204d2f0c190_0;
    %flag_set/vec4 8;
    %jmp/0xz  T_5.34, 8;
    %load/vec4 v00000204d2f0d630_0;
    %assign/vec4 v00000204d2f04a30_0, 0;
    %jmp T_5.35;
T_5.34 ;
    %load/vec4 v00000204d2f0d450_0;
    %assign/vec4 v00000204d2f04a30_0, 0;
T_5.35 ;
    %jmp T_5.29;
T_5.25 ;
    %pushi/vec4 0, 0, 32;
    %assign/vec4 v00000204d2f03d10_0, 0;
    %load/vec4 v00000204d2f0c370_0;
    %assign/vec4 v00000204d2f054d0_0, 0;
    %load/vec4 v00000204d2f0d450_0;
    %assign/vec4 v00000204d2f03bd0_0, 0;
    %load/vec4 v00000204d2f0c190_0;
    %inv;
    %flag_set/vec4 8;
    %jmp/0xz  T_5.36, 8;
    %load/vec4 v00000204d2f0d630_0;
    %assign/vec4 v00000204d2f04a30_0, 0;
    %jmp T_5.37;
T_5.36 ;
    %load/vec4 v00000204d2f0d450_0;
    %assign/vec4 v00000204d2f04a30_0, 0;
T_5.37 ;
    %jmp T_5.29;
T_5.26 ;
    %pushi/vec4 0, 0, 32;
    %assign/vec4 v00000204d2f03d10_0, 0;
    %load/vec4 v00000204d2f0c370_0;
    %assign/vec4 v00000204d2f054d0_0, 0;
    %load/vec4 v00000204d2f0d450_0;
    %assign/vec4 v00000204d2f03bd0_0, 0;
    %load/vec4 v00000204d2f0cf50_0;
    %load/vec4 v00000204d2f0d4f0_0;
    %xor;
    %inv;
    %flag_set/vec4 8;
    %jmp/0xz  T_5.38, 8;
    %load/vec4 v00000204d2f0d630_0;
    %assign/vec4 v00000204d2f04a30_0, 0;
    %jmp T_5.39;
T_5.38 ;
    %load/vec4 v00000204d2f0d450_0;
    %assign/vec4 v00000204d2f04a30_0, 0;
T_5.39 ;
    %jmp T_5.29;
T_5.27 ;
    %pushi/vec4 0, 0, 32;
    %assign/vec4 v00000204d2f03d10_0, 0;
    %load/vec4 v00000204d2f0c370_0;
    %assign/vec4 v00000204d2f054d0_0, 0;
    %load/vec4 v00000204d2f0d450_0;
    %assign/vec4 v00000204d2f03bd0_0, 0;
    %load/vec4 v00000204d2f0cf50_0;
    %load/vec4 v00000204d2f0d4f0_0;
    %xor;
    %inv;
    %load/vec4 v00000204d2f0c190_0;
    %inv;
    %and;
    %flag_set/vec4 8;
    %jmp/0xz  T_5.40, 8;
    %load/vec4 v00000204d2f0d630_0;
    %assign/vec4 v00000204d2f04a30_0, 0;
    %jmp T_5.41;
T_5.40 ;
    %load/vec4 v00000204d2f0d450_0;
    %assign/vec4 v00000204d2f04a30_0, 0;
T_5.41 ;
    %jmp T_5.29;
T_5.29 ;
    %pop/vec4 1;
    %load/vec4 v00000204d2f0caf0_0;
    %assign/vec4 v00000204d2f04f30_0, 0;
    %load/vec4 v00000204d2f0ca50_0;
    %assign/vec4 v00000204d2f034f0_0, 0;
    %load/vec4 v00000204d2f0b0b0_0;
    %load/vec4 v00000204d2f0b6f0_0;
    %concat/vec4; draw_concat_vec4
    %cmpi/e 112, 0, 8;
    %jmp/0xz  T_5.42, 4;
    %pushi/vec4 1, 0, 1;
    %assign/vec4 v00000204d2f03270_0, 0;
    %jmp T_5.43;
T_5.42 ;
    %load/vec4 v00000204d2f0b0b0_0;
    %load/vec4 v00000204d2f0b6f0_0;
    %concat/vec4; draw_concat_vec4
    %pushi/vec4 113, 0, 8;
    %cmp/e;
    %flag_get/vec4 4;
    %load/vec4 v00000204d2f0cf50_0;
    %load/vec4 v00000204d2f0d4f0_0;
    %xor;
    %load/vec4 v00000204d2f0c190_0;
    %or;
    %and;
    %flag_set/vec4 8;
    %jmp/0xz  T_5.44, 8;
    %pushi/vec4 1, 0, 1;
    %assign/vec4 v00000204d2f03270_0, 0;
    %jmp T_5.45;
T_5.44 ;
    %load/vec4 v00000204d2f0b0b0_0;
    %load/vec4 v00000204d2f0b6f0_0;
    %concat/vec4; draw_concat_vec4
    %pushi/vec4 114, 0, 8;
    %cmp/e;
    %flag_get/vec4 4;
    %load/vec4 v00000204d2f0cf50_0;
    %load/vec4 v00000204d2f0d4f0_0;
    %xor;
    %and;
    %flag_set/vec4 8;
    %jmp/0xz  T_5.46, 8;
    %pushi/vec4 1, 0, 1;
    %assign/vec4 v00000204d2f03270_0, 0;
    %jmp T_5.47;
T_5.46 ;
    %load/vec4 v00000204d2f0b0b0_0;
    %load/vec4 v00000204d2f0b6f0_0;
    %concat/vec4; draw_concat_vec4
    %pushi/vec4 115, 0, 8;
    %cmp/e;
    %flag_get/vec4 4;
    %load/vec4 v00000204d2f0c190_0;
    %and;
    %flag_set/vec4 8;
    %jmp/0xz  T_5.48, 8;
    %pushi/vec4 1, 0, 1;
    %assign/vec4 v00000204d2f03270_0, 0;
    %jmp T_5.49;
T_5.48 ;
    %load/vec4 v00000204d2f0b0b0_0;
    %load/vec4 v00000204d2f0b6f0_0;
    %concat/vec4; draw_concat_vec4
    %pushi/vec4 116, 0, 8;
    %cmp/e;
    %flag_get/vec4 4;
    %load/vec4 v00000204d2f0c190_0;
    %inv;
    %and;
    %flag_set/vec4 8;
    %jmp/0xz  T_5.50, 8;
    %pushi/vec4 1, 0, 1;
    %assign/vec4 v00000204d2f03270_0, 0;
    %jmp T_5.51;
T_5.50 ;
    %load/vec4 v00000204d2f0b0b0_0;
    %load/vec4 v00000204d2f0b6f0_0;
    %concat/vec4; draw_concat_vec4
    %pushi/vec4 117, 0, 8;
    %cmp/e;
    %flag_get/vec4 4;
    %load/vec4 v00000204d2f0cf50_0;
    %load/vec4 v00000204d2f0d4f0_0;
    %xor;
    %inv;
    %and;
    %flag_set/vec4 8;
    %jmp/0xz  T_5.52, 8;
    %pushi/vec4 1, 0, 1;
    %assign/vec4 v00000204d2f03270_0, 0;
    %jmp T_5.53;
T_5.52 ;
    %load/vec4 v00000204d2f0b0b0_0;
    %load/vec4 v00000204d2f0b6f0_0;
    %concat/vec4; draw_concat_vec4
    %pushi/vec4 118, 0, 8;
    %cmp/e;
    %flag_get/vec4 4;
    %load/vec4 v00000204d2f0cf50_0;
    %load/vec4 v00000204d2f0d4f0_0;
    %xor;
    %inv;
    %load/vec4 v00000204d2f0c190_0;
    %inv;
    %and;
    %and;
    %flag_set/vec4 8;
    %jmp/0xz  T_5.54, 8;
    %pushi/vec4 1, 0, 1;
    %assign/vec4 v00000204d2f03270_0, 0;
    %jmp T_5.55;
T_5.54 ;
    %pushi/vec4 0, 0, 1;
    %assign/vec4 v00000204d2f03270_0, 0;
T_5.55 ;
T_5.53 ;
T_5.51 ;
T_5.49 ;
T_5.47 ;
T_5.45 ;
T_5.43 ;
T_5.3 ;
T_5.0 ;
    %jmp T_5;
    .thread T_5;
    .scope S_00000204d2d6b9f0;
T_6 ;
    %pushi/vec4 1, 0, 1;
    %assign/vec4 v00000204d2f0b790_0, 0;
    %delay 2000, 0;
    %pushi/vec4 0, 0, 1;
    %assign/vec4 v00000204d2f0b790_0, 0;
    %end;
    .thread T_6;
    .scope S_00000204d2d6b9f0;
T_7 ;
    %wait E_00000204d2dc8e90;
    %load/vec4 v00000204d2f03630_0;
    %load/vec4 v00000204d2f05430_0;
    %concat/vec4; draw_concat_vec4
    %cmpi/e 16, 0, 8;
    %jmp/0xz  T_7.0, 4;
    %load/vec4 v00000204d2f0b650_0;
    %assign/vec4 v00000204d2f042b0_0, 0;
    %load/vec4 v00000204d2f0d270_0;
    %assign/vec4 v00000204d2f04350_0, 0;
    %jmp T_7.1;
T_7.0 ;
    %pushi/vec4 15, 0, 4;
    %assign/vec4 v00000204d2f042b0_0, 0;
    %pushi/vec4 0, 4294967295, 32;
    %assign/vec4 v00000204d2f04350_0, 0;
T_7.1 ;
    %load/vec4 v00000204d2f0c4b0_0;
    %assign/vec4 v00000204d2f03a90_0, 0;
    %load/vec4 v00000204d2f0b8d0_0;
    %assign/vec4 v00000204d2f03c70_0, 0;
    %load/vec4 v00000204d2f0cb90_0;
    %assign/vec4 v00000204d2f05750_0, 0;
    %jmp T_7;
    .thread T_7;
    .scope S_00000204d2d6b860;
T_8 ;
    %pushi/vec4 0, 0, 1;
    %store/vec4 v00000204d2f0e5d0_0, 0, 1;
    %end;
    .thread T_8;
    .scope S_00000204d2d6b860;
T_9 ;
    %pushi/vec4 0, 0, 1;
    %assign/vec4 v00000204d2f0ddb0_0, 0;
    %pushi/vec4 0, 0, 32;
    %assign/vec4 v00000204d2f0e030_0, 0;
    %pushi/vec4 0, 0, 1;
    %assign/vec4 v00000204d2f0ef30_0, 0;
    %pushi/vec4 0, 0, 32;
    %assign/vec4 v00000204d2f0e170_0, 0;
    %pushi/vec4 0, 0, 1;
    %assign/vec4 v00000204d2f0ee90_0, 0;
    %delay 2000, 0;
    %pushi/vec4 0, 0, 32;
    %assign/vec4 v00000204d2f0e030_0, 0;
    %pushi/vec4 1, 0, 1;
    %assign/vec4 v00000204d2f0ef30_0, 0;
    %pushi/vec4 284164224, 0, 32;
    %assign/vec4 v00000204d2f0e170_0, 0;
    %delay 2000, 0;
    %pushi/vec4 1, 0, 32;
    %assign/vec4 v00000204d2f0e030_0, 0;
    %pushi/vec4 1, 0, 1;
    %assign/vec4 v00000204d2f0ef30_0, 0;
    %pushi/vec4 284229761, 0, 32;
    %assign/vec4 v00000204d2f0e170_0, 0;
    %delay 2000, 0;
    %pushi/vec4 2, 0, 32;
    %assign/vec4 v00000204d2f0e030_0, 0;
    %pushi/vec4 1, 0, 1;
    %assign/vec4 v00000204d2f0ef30_0, 0;
    %pushi/vec4 284295298, 0, 32;
    %assign/vec4 v00000204d2f0e170_0, 0;
    %delay 2000, 0;
    %pushi/vec4 3, 0, 32;
    %assign/vec4 v00000204d2f0e030_0, 0;
    %pushi/vec4 1, 0, 1;
    %assign/vec4 v00000204d2f0ef30_0, 0;
    %pushi/vec4 284360835, 0, 32;
    %assign/vec4 v00000204d2f0e170_0, 0;
    %delay 2000, 0;
    %pushi/vec4 4, 0, 32;
    %assign/vec4 v00000204d2f0e030_0, 0;
    %pushi/vec4 1, 0, 1;
    %assign/vec4 v00000204d2f0ef30_0, 0;
    %pushi/vec4 284426372, 0, 32;
    %assign/vec4 v00000204d2f0e170_0, 0;
    %delay 2000, 0;
    %pushi/vec4 5, 0, 32;
    %assign/vec4 v00000204d2f0e030_0, 0;
    %pushi/vec4 1, 0, 1;
    %assign/vec4 v00000204d2f0ef30_0, 0;
    %pushi/vec4 284491909, 0, 32;
    %assign/vec4 v00000204d2f0e170_0, 0;
    %delay 2000, 0;
    %pushi/vec4 6, 0, 32;
    %assign/vec4 v00000204d2f0e030_0, 0;
    %pushi/vec4 1, 0, 1;
    %assign/vec4 v00000204d2f0ef30_0, 0;
    %pushi/vec4 284557446, 0, 32;
    %assign/vec4 v00000204d2f0e170_0, 0;
    %delay 2000, 0;
    %pushi/vec4 7, 0, 32;
    %assign/vec4 v00000204d2f0e030_0, 0;
    %pushi/vec4 1, 0, 1;
    %assign/vec4 v00000204d2f0ef30_0, 0;
    %pushi/vec4 284622983, 0, 32;
    %assign/vec4 v00000204d2f0e170_0, 0;
    %delay 2000, 0;
    %pushi/vec4 8, 0, 32;
    %assign/vec4 v00000204d2f0e030_0, 0;
    %pushi/vec4 1, 0, 1;
    %assign/vec4 v00000204d2f0ef30_0, 0;
    %pushi/vec4 536936448, 0, 32;
    %assign/vec4 v00000204d2f0e170_0, 0;
    %delay 2000, 0;
    %pushi/vec4 9, 0, 32;
    %assign/vec4 v00000204d2f0e030_0, 0;
    %pushi/vec4 1, 0, 1;
    %assign/vec4 v00000204d2f0ef30_0, 0;
    %pushi/vec4 555941888, 0, 32;
    %assign/vec4 v00000204d2f0e170_0, 0;
    %delay 2000, 0;
    %pushi/vec4 10, 0, 32;
    %assign/vec4 v00000204d2f0e030_0, 0;
    %pushi/vec4 1, 0, 1;
    %assign/vec4 v00000204d2f0ef30_0, 0;
    %pushi/vec4 574947328, 0, 32;
    %assign/vec4 v00000204d2f0e170_0, 0;
    %delay 2000, 0;
    %pushi/vec4 11, 0, 32;
    %assign/vec4 v00000204d2f0e030_0, 0;
    %pushi/vec4 1, 0, 1;
    %assign/vec4 v00000204d2f0ef30_0, 0;
    %pushi/vec4 593952768, 0, 32;
    %assign/vec4 v00000204d2f0e170_0, 0;
    %delay 2000, 0;
    %pushi/vec4 0, 0, 32;
    %assign/vec4 v00000204d2f0e030_0, 0;
    %pushi/vec4 0, 0, 1;
    %assign/vec4 v00000204d2f0ef30_0, 0;
    %pushi/vec4 0, 0, 32;
    %assign/vec4 v00000204d2f0e170_0, 0;
    %delay 1000, 0;
    %pushi/vec4 1, 0, 1;
    %assign/vec4 v00000204d2f0ee90_0, 0;
    %delay 50000, 0;
    %vpi_call 2 58 "$stop" {0 0 0};
    %end;
    .thread T_9;
    .scope S_00000204d2d6b860;
T_10 ;
    %delay 1000, 0;
    %load/vec4 v00000204d2f0ddb0_0;
    %inv;
    %store/vec4 v00000204d2f0ddb0_0, 0, 1;
    %jmp T_10;
    .thread T_10;
    .scope S_00000204d2d6b860;
T_11 ;
    %vpi_call 2 62 "$dumpfile", "pro_tb3.vcd" {0 0 0};
    %vpi_call 2 63 "$dumpvars" {0 0 0};
    %end;
    .thread T_11;
# The file index is used to find the file name in the following table.
:file_names 7;
    "N/A";
    "<interactive>";
    ".\tb\pro_tb3.v";
    ".\processor.v";
    ".\alu.v";
    ".\ram.v";
    ".\regfile.v";
