#! /c/Source/iverilog-install/bin/vvp
:ivl_version "12.0 (devel)" "(s20150603-1110-g18392a46)";
:ivl_delay_selection "TYPICAL";
:vpi_time_precision - 11;
:vpi_module "D:\iVerilog\lib\ivl\system.vpi";
:vpi_module "D:\iVerilog\lib\ivl\vhdl_sys.vpi";
:vpi_module "D:\iVerilog\lib\ivl\vhdl_textio.vpi";
:vpi_module "D:\iVerilog\lib\ivl\v2005_math.vpi";
:vpi_module "D:\iVerilog\lib\ivl\va_math.vpi";
S_0000020190f43d60 .scope module, "regfile_tb" "regfile_tb" 2 89;
 .timescale -9 -11;
L_0000020190f4b260 .functor BUFZ 32, v0000020190fa9a30_0, C4<00000000000000000000000000000000>, C4<00000000000000000000000000000000>, C4<00000000000000000000000000000000>;
L_0000020190f4a8c0 .functor BUFZ 32, v0000020190fa9530_0, C4<00000000000000000000000000000000>, C4<00000000000000000000000000000000>, C4<00000000000000000000000000000000>;
v0000020190fa86d0_0 .var "clock", 0 0;
v0000020190fa9f30_0 .var "con", 12 0;
v0000020190fa8090_0 .var "dstE", 3 0;
v0000020190fa8770_0 .var "dstM", 3 0;
v0000020190fa97b0_0 .net "r0", 31 0, L_0000020190f4abd0;  1 drivers
v0000020190fa9210_0 .net "r1", 31 0, L_0000020190f4b2d0;  1 drivers
v0000020190fa90d0_0 .net "r2", 31 0, L_0000020190f4b340;  1 drivers
v0000020190fa8450_0 .net "r3", 31 0, L_0000020190f4b490;  1 drivers
v0000020190fa8630_0 .net "r4", 31 0, L_0000020190f4aee0;  1 drivers
v0000020190fa92b0_0 .net "r5", 31 0, L_0000020190f4ac40;  1 drivers
v0000020190fa9350_0 .net "r6", 31 0, L_0000020190f4a620;  1 drivers
v0000020190fa9cb0_0 .net "r7", 31 0, L_0000020190f4b180;  1 drivers
v0000020190fa9df0_0 .var "reset", 0 0;
v0000020190fa8e50_0 .net "valE", 31 0, L_0000020190f4b260;  1 drivers
v0000020190fa9990_0 .net "valM", 31 0, L_0000020190f4a8c0;  1 drivers
v0000020190fa9a30_0 .var "write_bufferE", 31 0;
v0000020190fa9530_0 .var "write_bufferM", 31 0;
E_000002019106c3f0 .event posedge, v0000020190f2ce50_0;
S_0000020190f43ef0 .scope module, "regfile" "regfile" 2 110, 2 3 0, S_0000020190f43d60;
 .timescale -9 -11;
    .port_info 0 /INPUT 4 "dstE";
    .port_info 1 /INPUT 32 "valE";
    .port_info 2 /INPUT 4 "dstM";
    .port_info 3 /INPUT 32 "valM";
    .port_info 4 /INPUT 1 "reset";
    .port_info 5 /INPUT 1 "clock";
    .port_info 6 /OUTPUT 32 "r0";
    .port_info 7 /OUTPUT 32 "r1";
    .port_info 8 /OUTPUT 32 "r2";
    .port_info 9 /OUTPUT 32 "r3";
    .port_info 10 /OUTPUT 32 "r4";
    .port_info 11 /OUTPUT 32 "r5";
    .port_info 12 /OUTPUT 32 "r6";
    .port_info 13 /OUTPUT 32 "r7";
L_0000020190f4abd0 .functor BUFZ 32, v0000020190f2cef0_0, C4<00000000000000000000000000000000>, C4<00000000000000000000000000000000>, C4<00000000000000000000000000000000>;
L_0000020190f4b2d0 .functor BUFZ 32, v0000020190f2d170_0, C4<00000000000000000000000000000000>, C4<00000000000000000000000000000000>, C4<00000000000000000000000000000000>;
L_0000020190f4b340 .functor BUFZ 32, v0000020190f2c810_0, C4<00000000000000000000000000000000>, C4<00000000000000000000000000000000>, C4<00000000000000000000000000000000>;
L_0000020190f4b490 .functor BUFZ 32, v0000020190f2c8b0_0, C4<00000000000000000000000000000000>, C4<00000000000000000000000000000000>, C4<00000000000000000000000000000000>;
L_0000020190f4aee0 .functor BUFZ 32, v0000020190f2ca90_0, C4<00000000000000000000000000000000>, C4<00000000000000000000000000000000>, C4<00000000000000000000000000000000>;
L_0000020190f4ac40 .functor BUFZ 32, v0000020190f2cd10_0, C4<00000000000000000000000000000000>, C4<00000000000000000000000000000000>, C4<00000000000000000000000000000000>;
L_0000020190f4a620 .functor BUFZ 32, v0000020190f2d2b0_0, C4<00000000000000000000000000000000>, C4<00000000000000000000000000000000>, C4<00000000000000000000000000000000>;
L_0000020190f4b180 .functor BUFZ 32, v0000020190f2c950_0, C4<00000000000000000000000000000000>, C4<00000000000000000000000000000000>, C4<00000000000000000000000000000000>;
v0000020190f2ce50_0 .net "clock", 0 0, v0000020190fa86d0_0;  1 drivers
v0000020190f2d530_0 .net "dstE", 3 0, v0000020190fa8090_0;  1 drivers
v0000020190f2d210_0 .net "dstM", 3 0, v0000020190fa8770_0;  1 drivers
v0000020190f2d350_0 .net "r0", 31 0, L_0000020190f4abd0;  alias, 1 drivers
v0000020190f2d3f0_0 .net "r1", 31 0, L_0000020190f4b2d0;  alias, 1 drivers
v0000020190f2c770_0 .net "r2", 31 0, L_0000020190f4b340;  alias, 1 drivers
v0000020190f2d5d0_0 .net "r3", 31 0, L_0000020190f4b490;  alias, 1 drivers
v0000020190f2d0d0_0 .net "r4", 31 0, L_0000020190f4aee0;  alias, 1 drivers
v0000020190f2d490_0 .net "r5", 31 0, L_0000020190f4ac40;  alias, 1 drivers
v0000020190f2d030_0 .net "r6", 31 0, L_0000020190f4a620;  alias, 1 drivers
v0000020190f2d670_0 .net "r7", 31 0, L_0000020190f4b180;  alias, 1 drivers
v0000020190f2cef0_0 .var "r_r0", 31 0;
v0000020190f2d170_0 .var "r_r1", 31 0;
v0000020190f2c810_0 .var "r_r2", 31 0;
v0000020190f2c8b0_0 .var "r_r3", 31 0;
v0000020190f2ca90_0 .var "r_r4", 31 0;
v0000020190f2cd10_0 .var "r_r5", 31 0;
v0000020190f2d2b0_0 .var "r_r6", 31 0;
v0000020190f2c950_0 .var "r_r7", 31 0;
v0000020190f2c9f0_0 .var "r_valA", 31 0;
v0000020190f2cb30_0 .var "r_valB", 31 0;
v0000020190f2cbd0_0 .net "reset", 0 0, v0000020190fa9df0_0;  1 drivers
v0000020190f2cc70_0 .net "valA", 0 0, L_0000020190fa93f0;  1 drivers
v0000020190f2cdb0_0 .net "valB", 0 0, L_0000020190fa9ad0;  1 drivers
v0000020190f2cf90_0 .net "valE", 31 0, L_0000020190f4b260;  alias, 1 drivers
v0000020190fa9c10_0 .net "valM", 31 0, L_0000020190f4a8c0;  alias, 1 drivers
E_000002019106c4f0/0 .event negedge, v0000020190f2cbd0_0;
E_000002019106c4f0/1 .event posedge, v0000020190f2ce50_0;
E_000002019106c4f0 .event/or E_000002019106c4f0/0, E_000002019106c4f0/1;
L_0000020190fa93f0 .part v0000020190f2c9f0_0, 0, 1;
L_0000020190fa9ad0 .part v0000020190f2cb30_0, 0, 1;
    .scope S_0000020190f43ef0;
T_0 ;
    %wait E_000002019106c4f0;
    %load/vec4 v0000020190f2cbd0_0;
    %flag_set/vec4 8;
    %jmp/0xz  T_0.0, 8;
    %pushi/vec4 0, 0, 32;
    %assign/vec4 v0000020190f2c9f0_0, 0;
    %pushi/vec4 0, 0, 32;
    %assign/vec4 v0000020190f2cb30_0, 0;
    %pushi/vec4 0, 0, 32;
    %assign/vec4 v0000020190f2cef0_0, 0;
    %pushi/vec4 0, 0, 32;
    %assign/vec4 v0000020190f2d170_0, 0;
    %pushi/vec4 0, 0, 32;
    %assign/vec4 v0000020190f2c810_0, 0;
    %pushi/vec4 0, 0, 32;
    %assign/vec4 v0000020190f2c8b0_0, 0;
    %pushi/vec4 0, 0, 32;
    %assign/vec4 v0000020190f2ca90_0, 0;
    %pushi/vec4 0, 0, 32;
    %assign/vec4 v0000020190f2cd10_0, 0;
    %pushi/vec4 0, 0, 32;
    %assign/vec4 v0000020190f2d2b0_0, 0;
    %pushi/vec4 0, 0, 32;
    %assign/vec4 v0000020190f2c950_0, 0;
    %jmp T_0.1;
T_0.0 ;
    %load/vec4 v0000020190f2d530_0;
    %dup/vec4;
    %pushi/vec4 0, 0, 4;
    %cmp/u;
    %jmp/1 T_0.2, 6;
    %dup/vec4;
    %pushi/vec4 1, 0, 4;
    %cmp/u;
    %jmp/1 T_0.3, 6;
    %dup/vec4;
    %pushi/vec4 2, 0, 4;
    %cmp/u;
    %jmp/1 T_0.4, 6;
    %dup/vec4;
    %pushi/vec4 3, 0, 4;
    %cmp/u;
    %jmp/1 T_0.5, 6;
    %dup/vec4;
    %pushi/vec4 4, 0, 4;
    %cmp/u;
    %jmp/1 T_0.6, 6;
    %dup/vec4;
    %pushi/vec4 5, 0, 4;
    %cmp/u;
    %jmp/1 T_0.7, 6;
    %dup/vec4;
    %pushi/vec4 6, 0, 4;
    %cmp/u;
    %jmp/1 T_0.8, 6;
    %dup/vec4;
    %pushi/vec4 7, 0, 4;
    %cmp/u;
    %jmp/1 T_0.9, 6;
    %jmp T_0.10;
T_0.2 ;
    %load/vec4 v0000020190f2cf90_0;
    %assign/vec4 v0000020190f2cef0_0, 0;
    %jmp T_0.10;
T_0.3 ;
    %load/vec4 v0000020190f2cf90_0;
    %assign/vec4 v0000020190f2d170_0, 0;
    %jmp T_0.10;
T_0.4 ;
    %load/vec4 v0000020190f2cf90_0;
    %assign/vec4 v0000020190f2c810_0, 0;
    %jmp T_0.10;
T_0.5 ;
    %load/vec4 v0000020190f2cf90_0;
    %assign/vec4 v0000020190f2c8b0_0, 0;
    %jmp T_0.10;
T_0.6 ;
    %load/vec4 v0000020190f2cf90_0;
    %assign/vec4 v0000020190f2ca90_0, 0;
    %jmp T_0.10;
T_0.7 ;
    %load/vec4 v0000020190f2cf90_0;
    %assign/vec4 v0000020190f2cd10_0, 0;
    %jmp T_0.10;
T_0.8 ;
    %load/vec4 v0000020190f2cf90_0;
    %assign/vec4 v0000020190f2d2b0_0, 0;
    %jmp T_0.10;
T_0.9 ;
    %load/vec4 v0000020190f2cf90_0;
    %assign/vec4 v0000020190f2c950_0, 0;
    %jmp T_0.10;
T_0.10 ;
    %pop/vec4 1;
    %load/vec4 v0000020190f2d210_0;
    %dup/vec4;
    %pushi/vec4 0, 0, 4;
    %cmp/u;
    %jmp/1 T_0.11, 6;
    %dup/vec4;
    %pushi/vec4 1, 0, 4;
    %cmp/u;
    %jmp/1 T_0.12, 6;
    %dup/vec4;
    %pushi/vec4 2, 0, 4;
    %cmp/u;
    %jmp/1 T_0.13, 6;
    %dup/vec4;
    %pushi/vec4 3, 0, 4;
    %cmp/u;
    %jmp/1 T_0.14, 6;
    %dup/vec4;
    %pushi/vec4 4, 0, 4;
    %cmp/u;
    %jmp/1 T_0.15, 6;
    %dup/vec4;
    %pushi/vec4 5, 0, 4;
    %cmp/u;
    %jmp/1 T_0.16, 6;
    %dup/vec4;
    %pushi/vec4 6, 0, 4;
    %cmp/u;
    %jmp/1 T_0.17, 6;
    %dup/vec4;
    %pushi/vec4 7, 0, 4;
    %cmp/u;
    %jmp/1 T_0.18, 6;
    %jmp T_0.19;
T_0.11 ;
    %load/vec4 v0000020190fa9c10_0;
    %assign/vec4 v0000020190f2cef0_0, 0;
    %jmp T_0.19;
T_0.12 ;
    %load/vec4 v0000020190fa9c10_0;
    %assign/vec4 v0000020190f2d170_0, 0;
    %jmp T_0.19;
T_0.13 ;
    %load/vec4 v0000020190fa9c10_0;
    %assign/vec4 v0000020190f2c810_0, 0;
    %jmp T_0.19;
T_0.14 ;
    %load/vec4 v0000020190fa9c10_0;
    %assign/vec4 v0000020190f2c8b0_0, 0;
    %jmp T_0.19;
T_0.15 ;
    %load/vec4 v0000020190fa9c10_0;
    %assign/vec4 v0000020190f2ca90_0, 0;
    %jmp T_0.19;
T_0.16 ;
    %load/vec4 v0000020190fa9c10_0;
    %assign/vec4 v0000020190f2cd10_0, 0;
    %jmp T_0.19;
T_0.17 ;
    %load/vec4 v0000020190fa9c10_0;
    %assign/vec4 v0000020190f2d2b0_0, 0;
    %jmp T_0.19;
T_0.18 ;
    %load/vec4 v0000020190fa9c10_0;
    %assign/vec4 v0000020190f2c950_0, 0;
    %jmp T_0.19;
T_0.19 ;
    %pop/vec4 1;
T_0.1 ;
    %jmp T_0;
    .thread T_0;
    .scope S_0000020190f43d60;
T_1 ;
    %pushi/vec4 0, 0, 1;
    %assign/vec4 v0000020190fa86d0_0, 0;
    %pushi/vec4 1, 0, 1;
    %assign/vec4 v0000020190fa9df0_0, 0;
    %pushi/vec4 0, 0, 4;
    %assign/vec4 v0000020190fa8090_0, 0;
    %pushi/vec4 1, 0, 4;
    %assign/vec4 v0000020190fa8770_0, 0;
    %pushi/vec4 1, 0, 13;
    %assign/vec4 v0000020190fa9f30_0, 0;
    %pushi/vec4 2882400152, 0, 32;
    %assign/vec4 v0000020190fa9a30_0, 0;
    %pushi/vec4 1985229338, 0, 32;
    %assign/vec4 v0000020190fa9530_0, 0;
    %delay 3700, 0;
    %pushi/vec4 0, 0, 1;
    %assign/vec4 v0000020190fa9df0_0, 0;
    %delay 200000, 0;
    %vpi_call 2 125 "$stop" {0 0 0};
    %end;
    .thread T_1;
    .scope S_0000020190f43d60;
T_2 ;
    %delay 1000, 0;
    %load/vec4 v0000020190fa86d0_0;
    %inv;
    %store/vec4 v0000020190fa86d0_0, 0, 1;
    %jmp T_2;
    .thread T_2;
    .scope S_0000020190f43d60;
T_3 ;
    %wait E_000002019106c3f0;
    %load/vec4 v0000020190fa9f30_0;
    %pad/u 32;
    %cmpi/e 3, 0, 32;
    %jmp/0xz  T_3.0, 4;
    %pushi/vec4 0, 0, 13;
    %assign/vec4 v0000020190fa9f30_0, 0;
    %jmp T_3.1;
T_3.0 ;
    %load/vec4 v0000020190fa9f30_0;
    %addi 1, 0, 13;
    %assign/vec4 v0000020190fa9f30_0, 0;
T_3.1 ;
    %load/vec4 v0000020190fa9f30_0;
    %pad/u 32;
    %cmpi/e 0, 0, 32;
    %jmp/0xz  T_3.2, 4;
    %load/vec4 v0000020190fa9a30_0;
    %parti/s 31, 0, 2;
    %ix/load 4, 1, 0;
    %ix/load 5, 0, 0;
    %flag_set/imm 4, 0;
    %assign/vec4/off/d v0000020190fa9a30_0, 4, 5;
    %load/vec4 v0000020190fa9a30_0;
    %parti/s 1, 31, 6;
    %ix/load 4, 0, 0;
    %ix/load 5, 0, 0;
    %flag_set/imm 4, 0;
    %assign/vec4/off/d v0000020190fa9a30_0, 4, 5;
    %load/vec4 v0000020190fa9530_0;
    %parti/s 31, 0, 2;
    %ix/load 4, 1, 0;
    %ix/load 5, 0, 0;
    %flag_set/imm 4, 0;
    %assign/vec4/off/d v0000020190fa9530_0, 4, 5;
    %load/vec4 v0000020190fa9530_0;
    %parti/s 1, 31, 6;
    %ix/load 4, 0, 0;
    %ix/load 5, 0, 0;
    %flag_set/imm 4, 0;
    %assign/vec4/off/d v0000020190fa9530_0, 4, 5;
    %load/vec4 v0000020190fa8090_0;
    %addi 2, 0, 4;
    %assign/vec4 v0000020190fa8090_0, 0;
    %load/vec4 v0000020190fa8770_0;
    %addi 2, 0, 4;
    %assign/vec4 v0000020190fa8770_0, 0;
    %load/vec4 v0000020190fa8090_0;
    %pad/u 32;
    %cmpi/e 6, 0, 32;
    %jmp/0xz  T_3.4, 4;
    %pushi/vec4 0, 0, 4;
    %assign/vec4 v0000020190fa8090_0, 0;
T_3.4 ;
    %load/vec4 v0000020190fa8770_0;
    %pad/u 32;
    %cmpi/e 7, 0, 32;
    %jmp/0xz  T_3.6, 4;
    %pushi/vec4 1, 0, 4;
    %assign/vec4 v0000020190fa8770_0, 0;
T_3.6 ;
T_3.2 ;
    %jmp T_3;
    .thread T_3;
    .scope S_0000020190f43d60;
T_4 ;
    %vpi_call 2 150 "$dumpfile", "regfile_tb.vcd" {0 0 0};
    %vpi_call 2 151 "$dumpvars" {0 0 0};
    %end;
    .thread T_4;
# The file index is used to find the file name in the following table.
:file_names 3;
    "N/A";
    "<interactive>";
    ".\regfile.v";
