#! /c/Source/iverilog-install/bin/vvp
:ivl_version "12.0 (devel)" "(s20150603-1110-g18392a46)";
:ivl_delay_selection "TYPICAL";
:vpi_time_precision - 11;
:vpi_module "D:\iVerilog\lib\ivl\system.vpi";
:vpi_module "D:\iVerilog\lib\ivl\vhdl_sys.vpi";
:vpi_module "D:\iVerilog\lib\ivl\vhdl_textio.vpi";
:vpi_module "D:\iVerilog\lib\ivl\v2005_math.vpi";
:vpi_module "D:\iVerilog\lib\ivl\va_math.vpi";
S_000001420891ec40 .scope module, "pro_tb4" "pro_tb4" 2 224;
 .timescale -9 -11;
v0000014208a23160_0 .var "addr", 8 0;
v0000014208a22ee0_0 .net "cc", 2 0, L_0000014208a7edf0;  1 drivers
v0000014208a228a0_0 .var "clock", 0 0;
v0000014208a21fe0_0 .var "flg", 0 0;
v0000014208a22080_0 .net "r0", 31 0, v0000014208a1c160_0;  1 drivers
v0000014208a229e0_0 .net "r1", 31 0, v0000014208a1b4e0_0;  1 drivers
v0000014208a21ea0_0 .net "r2", 31 0, v0000014208a1c200_0;  1 drivers
v0000014208a22c60_0 .net "r3", 31 0, v0000014208a1b620_0;  1 drivers
v0000014208a22620_0 .net "r4", 31 0, v0000014208a1e080_0;  1 drivers
v0000014208a23200_0 .net "r5", 31 0, v0000014208a1e1c0_0;  1 drivers
v0000014208a22a80_0 .net "r6", 31 0, v0000014208a1db80_0;  1 drivers
v0000014208a22760_0 .net "r7", 31 0, v0000014208a1e620_0;  1 drivers
v0000014208a22da0_0 .var "rID", 3 0;
v0000014208a21e00_0 .net "rdata", 31 0, L_0000014208a89de0;  1 drivers
v0000014208a23020_0 .net "valE", 31 0, L_0000014208a83250;  1 drivers
v0000014208a232a0_0 .var "wdata", 31 0;
v0000014208a22800_0 .var "working", 0 0;
v0000014208a22940_0 .var "wr", 0 0;
S_00000142088ac4a0 .scope module, "processor" "processor" 2 243, 2 3 0, S_000001420891ec40;
 .timescale -9 -11;
    .port_info 0 /INPUT 1 "clock";
    .port_info 1 /INPUT 9 "addr";
    .port_info 2 /INPUT 1 "wr";
    .port_info 3 /INPUT 32 "wdata";
    .port_info 4 /INPUT 1 "working";
    .port_info 5 /INPUT 4 "rID";
    .port_info 6 /OUTPUT 32 "valE";
    .port_info 7 /OUTPUT 32 "r0";
    .port_info 8 /OUTPUT 32 "r1";
    .port_info 9 /OUTPUT 32 "r2";
    .port_info 10 /OUTPUT 32 "r3";
    .port_info 11 /OUTPUT 32 "r4";
    .port_info 12 /OUTPUT 32 "r5";
    .port_info 13 /OUTPUT 32 "r6";
    .port_info 14 /OUTPUT 32 "r7";
    .port_info 15 /OUTPUT 32 "rdata";
    .port_info 16 /OUTPUT 3 "cc";
P_00000142088ac630 .param/l "ADD" 0 2 32, C4<00100000>;
P_00000142088ac668 .param/l "AND" 0 2 34, C4<00100010>;
P_00000142088ac6a0 .param/l "HALT" 0 2 30, C4<00010001>;
P_00000142088ac6d8 .param/l "IRMOV" 0 2 29, C4<00010000>;
P_00000142088ac710 .param/l "NOP" 0 2 31, C4<00010010>;
P_00000142088ac748 .param/l "SUB" 0 2 33, C4<00100001>;
P_00000142088ac780 .param/l "XOR" 0 2 35, C4<00100011>;
L_0000014208a836b0 .functor BUFZ 32, v0000014208a18820_0, C4<00000000000000000000000000000000>, C4<00000000000000000000000000000000>, C4<00000000000000000000000000000000>;
L_0000014208a83250 .functor BUFZ 32, L_0000014208a7d310, C4<00000000000000000000000000000000>, C4<00000000000000000000000000000000>, C4<00000000000000000000000000000000>;
L_0000014208a82d10 .functor BUFZ 1, v0000014208a1d9a0_0, C4<0>, C4<0>, C4<0>;
v0000014208a1d9a0_0 .var "D_halt", 0 0;
v0000014208a1e940_0 .var "D_icode", 3 0;
v0000014208a1dae0_0 .var "D_ifun", 3 0;
v0000014208a1e9e0_0 .var "D_rA", 3 0;
v0000014208a1ef80_0 .var "D_rB", 3 0;
v0000014208a1e4e0_0 .var "D_valA", 31 0;
v0000014208a1df40_0 .var "D_valB", 31 0;
v0000014208a1da40_0 .var "D_valC", 15 0;
v0000014208a1dc20_0 .var "E_dstE", 3 0;
v0000014208a1dea0_0 .var "E_dstM", 3 0;
v0000014208a1e120_0 .var "E_halt", 0 0;
v0000014208a1eb20_0 .var "E_valE", 31 0;
v0000014208a1f160_0 .var "E_valM", 31 0;
v0000014208a1dfe0_0 .net "F_read", 31 0, L_0000014208a836b0;  1 drivers
v0000014208a1eda0_0 .var "PC", 8 0;
L_0000014208a25f18 .functor BUFT 1, C4<0000000000000000000000000000>, C4<0>, C4<0>, C4<0>;
v0000014208a1f020_0 .net *"_ivl_101", 27 0, L_0000014208a25f18;  1 drivers
L_0000014208a25f60 .functor BUFT 1, C4<00000000000000000000000000000001>, C4<0>, C4<0>, C4<0>;
v0000014208a1e260_0 .net/2u *"_ivl_102", 31 0, L_0000014208a25f60;  1 drivers
v0000014208a1d540_0 .net *"_ivl_104", 0 0, L_0000014208a88120;  1 drivers
v0000014208a1ed00_0 .net *"_ivl_106", 31 0, L_0000014208a88e40;  1 drivers
L_0000014208a25fa8 .functor BUFT 1, C4<0000000000000000000000000000>, C4<0>, C4<0>, C4<0>;
v0000014208a1e580_0 .net *"_ivl_109", 27 0, L_0000014208a25fa8;  1 drivers
L_0000014208a25ff0 .functor BUFT 1, C4<00000000000000000000000000000010>, C4<0>, C4<0>, C4<0>;
v0000014208a1f340_0 .net/2u *"_ivl_110", 31 0, L_0000014208a25ff0;  1 drivers
v0000014208a1e760_0 .net *"_ivl_112", 0 0, L_0000014208a881c0;  1 drivers
v0000014208a1e300_0 .net *"_ivl_114", 31 0, L_0000014208a89660;  1 drivers
L_0000014208a26038 .functor BUFT 1, C4<0000000000000000000000000000>, C4<0>, C4<0>, C4<0>;
v0000014208a1f200_0 .net *"_ivl_117", 27 0, L_0000014208a26038;  1 drivers
L_0000014208a26080 .functor BUFT 1, C4<00000000000000000000000000000011>, C4<0>, C4<0>, C4<0>;
v0000014208a1dcc0_0 .net/2u *"_ivl_118", 31 0, L_0000014208a26080;  1 drivers
v0000014208a1d4a0_0 .net *"_ivl_120", 0 0, L_0000014208a88ee0;  1 drivers
v0000014208a1d5e0_0 .net *"_ivl_122", 31 0, L_0000014208a884e0;  1 drivers
L_0000014208a260c8 .functor BUFT 1, C4<0000000000000000000000000000>, C4<0>, C4<0>, C4<0>;
v0000014208a1e3a0_0 .net *"_ivl_125", 27 0, L_0000014208a260c8;  1 drivers
L_0000014208a26110 .functor BUFT 1, C4<00000000000000000000000000000100>, C4<0>, C4<0>, C4<0>;
v0000014208a1e800_0 .net/2u *"_ivl_126", 31 0, L_0000014208a26110;  1 drivers
v0000014208a1dd60_0 .net *"_ivl_128", 0 0, L_0000014208a88bc0;  1 drivers
v0000014208a1e8a0_0 .net *"_ivl_130", 31 0, L_0000014208a89c00;  1 drivers
L_0000014208a26158 .functor BUFT 1, C4<0000000000000000000000000000>, C4<0>, C4<0>, C4<0>;
v0000014208a1d720_0 .net *"_ivl_133", 27 0, L_0000014208a26158;  1 drivers
L_0000014208a261a0 .functor BUFT 1, C4<00000000000000000000000000000101>, C4<0>, C4<0>, C4<0>;
v0000014208a1d680_0 .net/2u *"_ivl_134", 31 0, L_0000014208a261a0;  1 drivers
v0000014208a1ebc0_0 .net *"_ivl_136", 0 0, L_0000014208a8a380;  1 drivers
v0000014208a1ee40_0 .net *"_ivl_138", 31 0, L_0000014208a89f20;  1 drivers
L_0000014208a261e8 .functor BUFT 1, C4<0000000000000000000000000000>, C4<0>, C4<0>, C4<0>;
v0000014208a1d860_0 .net *"_ivl_141", 27 0, L_0000014208a261e8;  1 drivers
L_0000014208a26230 .functor BUFT 1, C4<00000000000000000000000000000110>, C4<0>, C4<0>, C4<0>;
v0000014208a1eee0_0 .net/2u *"_ivl_142", 31 0, L_0000014208a26230;  1 drivers
v0000014208a1f0c0_0 .net *"_ivl_144", 0 0, L_0000014208a88f80;  1 drivers
v0000014208a1d900_0 .net *"_ivl_146", 31 0, L_0000014208a8a240;  1 drivers
L_0000014208a26278 .functor BUFT 1, C4<0000000000000000000000000000>, C4<0>, C4<0>, C4<0>;
v0000014208a1de00_0 .net *"_ivl_149", 27 0, L_0000014208a26278;  1 drivers
L_0000014208a262c0 .functor BUFT 1, C4<00000000000000000000000000000111>, C4<0>, C4<0>, C4<0>;
v0000014208a19e30_0 .net/2u *"_ivl_150", 31 0, L_0000014208a262c0;  1 drivers
v0000014208a20c80_0 .net *"_ivl_152", 0 0, L_0000014208a89840;  1 drivers
o00000142089d3478 .functor BUFZ 32, C4<zzzzzzzzzzzzzzzzzzzzzzzzzzzzzzzz>; HiZ drive
; Elide local net with no drivers, v0000014208a20640_0 name=_ivl_154
v0000014208a1fba0_0 .net *"_ivl_156", 31 0, L_0000014208a89520;  1 drivers
v0000014208a208c0_0 .net *"_ivl_158", 31 0, L_0000014208a88580;  1 drivers
v0000014208a1ff60_0 .net *"_ivl_16", 7 0, L_0000014208a7fcf0;  1 drivers
v0000014208a203c0_0 .net *"_ivl_160", 31 0, L_0000014208a89ca0;  1 drivers
v0000014208a20960_0 .net *"_ivl_162", 31 0, L_0000014208a883a0;  1 drivers
v0000014208a20a00_0 .net *"_ivl_164", 31 0, L_0000014208a89200;  1 drivers
v0000014208a21900_0 .net *"_ivl_166", 31 0, L_0000014208a89020;  1 drivers
v0000014208a21860_0 .net *"_ivl_168", 31 0, L_0000014208a89d40;  1 drivers
L_0000014208a25b70 .functor BUFT 1, C4<00010001>, C4<0>, C4<0>, C4<0>;
v0000014208a1fb00_0 .net/2u *"_ivl_18", 7 0, L_0000014208a25b70;  1 drivers
L_0000014208a25ae0 .functor BUFT 1, C4<01>, C4<0>, C4<0>, C4<0>;
v0000014208a20f00_0 .net/2s *"_ivl_2", 1 0, L_0000014208a25ae0;  1 drivers
v0000014208a21540_0 .net *"_ivl_20", 0 0, L_0000014208a7f390;  1 drivers
L_0000014208a25bb8 .functor BUFT 1, C4<01>, C4<0>, C4<0>, C4<0>;
v0000014208a21720_0 .net/2s *"_ivl_22", 1 0, L_0000014208a25bb8;  1 drivers
L_0000014208a25c00 .functor BUFT 1, C4<00>, C4<0>, C4<0>, C4<0>;
v0000014208a20820_0 .net/2s *"_ivl_24", 1 0, L_0000014208a25c00;  1 drivers
v0000014208a20aa0_0 .net *"_ivl_26", 1 0, L_0000014208a7f110;  1 drivers
L_0000014208a25b28 .functor BUFT 1, C4<00>, C4<0>, C4<0>, C4<0>;
v0000014208a20500_0 .net/2s *"_ivl_4", 1 0, L_0000014208a25b28;  1 drivers
v0000014208a21220_0 .net *"_ivl_48", 7 0, L_0000014208a80010;  1 drivers
L_0000014208a25c48 .functor BUFT 1, C4<00100000>, C4<0>, C4<0>, C4<0>;
v0000014208a205a0_0 .net/2u *"_ivl_50", 7 0, L_0000014208a25c48;  1 drivers
v0000014208a20b40_0 .net *"_ivl_52", 0 0, L_0000014208a7f4d0;  1 drivers
L_0000014208a25c90 .functor BUFT 1, C4<0000>, C4<0>, C4<0>, C4<0>;
v0000014208a20d20_0 .net/2u *"_ivl_54", 3 0, L_0000014208a25c90;  1 drivers
v0000014208a20320_0 .net *"_ivl_56", 7 0, L_0000014208a7f6b0;  1 drivers
L_0000014208a25cd8 .functor BUFT 1, C4<00100001>, C4<0>, C4<0>, C4<0>;
v0000014208a1f740_0 .net/2u *"_ivl_58", 7 0, L_0000014208a25cd8;  1 drivers
v0000014208a1fce0_0 .net *"_ivl_6", 1 0, L_0000014208a7fbb0;  1 drivers
v0000014208a1fd80_0 .net *"_ivl_60", 0 0, L_0000014208a7f750;  1 drivers
L_0000014208a25d20 .functor BUFT 1, C4<0001>, C4<0>, C4<0>, C4<0>;
v0000014208a201e0_0 .net/2u *"_ivl_62", 3 0, L_0000014208a25d20;  1 drivers
v0000014208a1f4c0_0 .net *"_ivl_64", 7 0, L_0000014208a7f7f0;  1 drivers
L_0000014208a25d68 .functor BUFT 1, C4<00100010>, C4<0>, C4<0>, C4<0>;
v0000014208a21b80_0 .net/2u *"_ivl_66", 7 0, L_0000014208a25d68;  1 drivers
v0000014208a21ae0_0 .net *"_ivl_68", 0 0, L_0000014208a7f890;  1 drivers
L_0000014208a25db0 .functor BUFT 1, C4<0010>, C4<0>, C4<0>, C4<0>;
v0000014208a20460_0 .net/2u *"_ivl_70", 3 0, L_0000014208a25db0;  1 drivers
v0000014208a215e0_0 .net *"_ivl_72", 7 0, L_0000014208a7fd90;  1 drivers
L_0000014208a25df8 .functor BUFT 1, C4<00100011>, C4<0>, C4<0>, C4<0>;
v0000014208a1f560_0 .net/2u *"_ivl_74", 7 0, L_0000014208a25df8;  1 drivers
v0000014208a1fc40_0 .net *"_ivl_76", 0 0, L_0000014208a7fed0;  1 drivers
L_0000014208a25e40 .functor BUFT 1, C4<0011>, C4<0>, C4<0>, C4<0>;
v0000014208a212c0_0 .net/2u *"_ivl_78", 3 0, L_0000014208a25e40;  1 drivers
o00000142089d3aa8 .functor BUFZ 4, C4<zzzz>; HiZ drive
; Elide local net with no drivers, v0000014208a20dc0_0 name=_ivl_80
v0000014208a21680_0 .net *"_ivl_82", 3 0, L_0000014208a88940;  1 drivers
v0000014208a1f7e0_0 .net *"_ivl_84", 3 0, L_0000014208a88620;  1 drivers
v0000014208a217c0_0 .net *"_ivl_86", 3 0, L_0000014208a892a0;  1 drivers
v0000014208a1f9c0_0 .net *"_ivl_90", 31 0, L_0000014208a88440;  1 drivers
L_0000014208a25e88 .functor BUFT 1, C4<0000000000000000000000000000>, C4<0>, C4<0>, C4<0>;
v0000014208a1fe20_0 .net *"_ivl_93", 27 0, L_0000014208a25e88;  1 drivers
L_0000014208a25ed0 .functor BUFT 1, C4<00000000000000000000000000000000>, C4<0>, C4<0>, C4<0>;
v0000014208a1fa60_0 .net/2u *"_ivl_94", 31 0, L_0000014208a25ed0;  1 drivers
v0000014208a20280_0 .net *"_ivl_96", 0 0, L_0000014208a895c0;  1 drivers
v0000014208a1fec0_0 .net *"_ivl_98", 31 0, L_0000014208a89b60;  1 drivers
v0000014208a20fa0_0 .net "addr", 8 0, v0000014208a23160_0;  1 drivers
v0000014208a20000_0 .net "cc", 2 0, L_0000014208a7edf0;  alias, 1 drivers
v0000014208a20be0_0 .net "clock", 0 0, v0000014208a228a0_0;  1 drivers
v0000014208a206e0_0 .net "d_halt", 0 0, L_0000014208a7f430;  1 drivers
v0000014208a20780_0 .var "d_icode", 3 0;
v0000014208a214a0_0 .var "d_ifun", 3 0;
v0000014208a219a0_0 .var "d_rA", 3 0;
v0000014208a20e60_0 .var "d_rB", 3 0;
v0000014208a1f920_0 .net "d_valA", 31 0, L_0000014208a7dc70;  1 drivers
v0000014208a21360_0 .net "d_valB", 31 0, L_0000014208a7ecb0;  1 drivers
v0000014208a21040_0 .var "d_valC", 15 0;
v0000014208a21c20_0 .net "e_alufun", 3 0, L_0000014208a89ac0;  1 drivers
v0000014208a210e0_0 .net "e_halt", 0 0, L_0000014208a82d10;  1 drivers
v0000014208a21180_0 .var "e_reg_rst", 0 0;
v0000014208a21400_0 .net "e_valA", 31 0, v0000014208a1e4e0_0;  1 drivers
v0000014208a21a40_0 .net "e_valB", 31 0, v0000014208a1df40_0;  1 drivers
v0000014208a20140_0 .net "e_valE", 31 0, L_0000014208a7d310;  1 drivers
v0000014208a1f600_0 .net "f_addr", 8 0, L_0000014208a7f2f0;  1 drivers
v0000014208a200a0_0 .net "f_rd", 0 0, L_0000014208a7fc50;  1 drivers
v0000014208a1f6a0_0 .net "f_rdata", 31 0, v0000014208a18820_0;  1 drivers
v0000014208a1f880_0 .net "r0", 31 0, v0000014208a1c160_0;  alias, 1 drivers
v0000014208a223a0_0 .net "r1", 31 0, v0000014208a1b4e0_0;  alias, 1 drivers
v0000014208a21d60_0 .net "r2", 31 0, v0000014208a1c200_0;  alias, 1 drivers
v0000014208a23340_0 .net "r3", 31 0, v0000014208a1b620_0;  alias, 1 drivers
v0000014208a22300_0 .net "r4", 31 0, v0000014208a1e080_0;  alias, 1 drivers
v0000014208a22e40_0 .net "r5", 31 0, v0000014208a1e1c0_0;  alias, 1 drivers
v0000014208a230c0_0 .net "r6", 31 0, v0000014208a1db80_0;  alias, 1 drivers
v0000014208a226c0_0 .net "r7", 31 0, v0000014208a1e620_0;  alias, 1 drivers
v0000014208a22bc0_0 .net "rID", 3 0, v0000014208a22da0_0;  1 drivers
v0000014208a21cc0_0 .net "rdata", 31 0, L_0000014208a89de0;  alias, 1 drivers
v0000014208a21f40_0 .net "valE", 31 0, L_0000014208a83250;  alias, 1 drivers
v0000014208a22440_0 .var "w_dstE", 3 0;
v0000014208a22260_0 .var "w_dstM", 3 0;
v0000014208a224e0_0 .var "w_valE", 31 0;
v0000014208a221c0_0 .var "w_valM", 31 0;
v0000014208a22f80_0 .net "wdata", 31 0, v0000014208a232a0_0;  1 drivers
v0000014208a22580_0 .net "working", 0 0, v0000014208a22800_0;  1 drivers
v0000014208a22120_0 .net "wr", 0 0, v0000014208a22940_0;  1 drivers
L_0000014208a7f2f0 .functor MUXZ 9, v0000014208a23160_0, v0000014208a1eda0_0, v0000014208a22800_0, C4<>;
L_0000014208a7fbb0 .functor MUXZ 2, L_0000014208a25b28, L_0000014208a25ae0, v0000014208a22800_0, C4<>;
L_0000014208a7fc50 .part L_0000014208a7fbb0, 0, 1;
L_0000014208a7fcf0 .concat [ 4 4 0 0], v0000014208a214a0_0, v0000014208a20780_0;
L_0000014208a7f390 .cmp/eq 8, L_0000014208a7fcf0, L_0000014208a25b70;
L_0000014208a7f110 .functor MUXZ 2, L_0000014208a25c00, L_0000014208a25bb8, L_0000014208a7f390, C4<>;
L_0000014208a7f430 .part L_0000014208a7f110, 0, 1;
L_0000014208a80010 .concat [ 4 4 0 0], v0000014208a1dae0_0, v0000014208a1e940_0;
L_0000014208a7f4d0 .cmp/eq 8, L_0000014208a80010, L_0000014208a25c48;
L_0000014208a7f6b0 .concat [ 4 4 0 0], v0000014208a1dae0_0, v0000014208a1e940_0;
L_0000014208a7f750 .cmp/eq 8, L_0000014208a7f6b0, L_0000014208a25cd8;
L_0000014208a7f7f0 .concat [ 4 4 0 0], v0000014208a1dae0_0, v0000014208a1e940_0;
L_0000014208a7f890 .cmp/eq 8, L_0000014208a7f7f0, L_0000014208a25d68;
L_0000014208a7fd90 .concat [ 4 4 0 0], v0000014208a1dae0_0, v0000014208a1e940_0;
L_0000014208a7fed0 .cmp/eq 8, L_0000014208a7fd90, L_0000014208a25df8;
L_0000014208a88940 .functor MUXZ 4, o00000142089d3aa8, L_0000014208a25e40, L_0000014208a7fed0, C4<>;
L_0000014208a88620 .functor MUXZ 4, L_0000014208a88940, L_0000014208a25db0, L_0000014208a7f890, C4<>;
L_0000014208a892a0 .functor MUXZ 4, L_0000014208a88620, L_0000014208a25d20, L_0000014208a7f750, C4<>;
L_0000014208a89ac0 .functor MUXZ 4, L_0000014208a892a0, L_0000014208a25c90, L_0000014208a7f4d0, C4<>;
L_0000014208a88440 .concat [ 4 28 0 0], v0000014208a22da0_0, L_0000014208a25e88;
L_0000014208a895c0 .cmp/eq 32, L_0000014208a88440, L_0000014208a25ed0;
L_0000014208a89b60 .concat [ 4 28 0 0], v0000014208a22da0_0, L_0000014208a25f18;
L_0000014208a88120 .cmp/eq 32, L_0000014208a89b60, L_0000014208a25f60;
L_0000014208a88e40 .concat [ 4 28 0 0], v0000014208a22da0_0, L_0000014208a25fa8;
L_0000014208a881c0 .cmp/eq 32, L_0000014208a88e40, L_0000014208a25ff0;
L_0000014208a89660 .concat [ 4 28 0 0], v0000014208a22da0_0, L_0000014208a26038;
L_0000014208a88ee0 .cmp/eq 32, L_0000014208a89660, L_0000014208a26080;
L_0000014208a884e0 .concat [ 4 28 0 0], v0000014208a22da0_0, L_0000014208a260c8;
L_0000014208a88bc0 .cmp/eq 32, L_0000014208a884e0, L_0000014208a26110;
L_0000014208a89c00 .concat [ 4 28 0 0], v0000014208a22da0_0, L_0000014208a26158;
L_0000014208a8a380 .cmp/eq 32, L_0000014208a89c00, L_0000014208a261a0;
L_0000014208a89f20 .concat [ 4 28 0 0], v0000014208a22da0_0, L_0000014208a261e8;
L_0000014208a88f80 .cmp/eq 32, L_0000014208a89f20, L_0000014208a26230;
L_0000014208a8a240 .concat [ 4 28 0 0], v0000014208a22da0_0, L_0000014208a26278;
L_0000014208a89840 .cmp/eq 32, L_0000014208a8a240, L_0000014208a262c0;
L_0000014208a89520 .functor MUXZ 32, o00000142089d3478, v0000014208a1e620_0, L_0000014208a89840, C4<>;
L_0000014208a88580 .functor MUXZ 32, L_0000014208a89520, v0000014208a1db80_0, L_0000014208a88f80, C4<>;
L_0000014208a89ca0 .functor MUXZ 32, L_0000014208a88580, v0000014208a1e1c0_0, L_0000014208a8a380, C4<>;
L_0000014208a883a0 .functor MUXZ 32, L_0000014208a89ca0, v0000014208a1e080_0, L_0000014208a88bc0, C4<>;
L_0000014208a89200 .functor MUXZ 32, L_0000014208a883a0, v0000014208a1b620_0, L_0000014208a88ee0, C4<>;
L_0000014208a89020 .functor MUXZ 32, L_0000014208a89200, v0000014208a1c200_0, L_0000014208a881c0, C4<>;
L_0000014208a89d40 .functor MUXZ 32, L_0000014208a89020, v0000014208a1b4e0_0, L_0000014208a88120, C4<>;
L_0000014208a89de0 .functor MUXZ 32, L_0000014208a89d40, v0000014208a1c160_0, L_0000014208a895c0, C4<>;
S_00000142088ac7c0 .scope module, "alu" "alu" 2 64, 3 2 0, S_00000142088ac4a0;
 .timescale -9 -11;
    .port_info 0 /INPUT 32 "aluA";
    .port_info 1 /INPUT 32 "aluB";
    .port_info 2 /INPUT 4 "alufun";
    .port_info 3 /OUTPUT 32 "valE";
    .port_info 4 /OUTPUT 3 "cc";
L_00000142088f6860 .functor BUFZ 32, v0000014208a1e4e0_0, C4<00000000000000000000000000000000>, C4<00000000000000000000000000000000>, C4<00000000000000000000000000000000>;
L_00000142088f72e0 .functor BUFZ 32, v0000014208a1df40_0, C4<00000000000000000000000000000000>, C4<00000000000000000000000000000000>, C4<00000000000000000000000000000000>;
L_00000142088f7510 .functor BUFZ 32, L_0000014208a7d310, C4<00000000000000000000000000000000>, C4<00000000000000000000000000000000>, C4<00000000000000000000000000000000>;
L_00000142088f6d30 .functor AND 32, v0000014208a1e4e0_0, v0000014208a1df40_0, C4<11111111111111111111111111111111>, C4<11111111111111111111111111111111>;
L_00000142088f6940 .functor NOT 32, v0000014208a1e4e0_0, C4<00000000000000000000000000000000>, C4<00000000000000000000000000000000>, C4<00000000000000000000000000000000>;
L_00000142088f6e80 .functor AND 32, L_00000142088f6940, v0000014208a1df40_0, C4<11111111111111111111111111111111>, C4<11111111111111111111111111111111>;
L_00000142088f6ef0 .functor NOT 32, v0000014208a1df40_0, C4<00000000000000000000000000000000>, C4<00000000000000000000000000000000>, C4<00000000000000000000000000000000>;
L_00000142088f6f60 .functor AND 32, v0000014208a1e4e0_0, L_00000142088f6ef0, C4<11111111111111111111111111111111>, C4<11111111111111111111111111111111>;
L_00000142088f7040 .functor OR 32, L_00000142088f6e80, L_00000142088f6f60, C4<00000000000000000000000000000000>, C4<00000000000000000000000000000000>;
L_00000142088f6fd0 .functor AND 1, L_0000014208a7fa70, L_0000014208a7f9d0, C4<1>, C4<1>;
L_00000142088f70b0 .functor AND 1, L_00000142088f6fd0, L_0000014208a7f570, C4<1>, C4<1>;
L_0000014208a82b50 .functor AND 1, L_0000014208a80790, L_0000014208a7f250, C4<1>, C4<1>;
L_0000014208a83170 .functor AND 1, L_0000014208a82b50, L_0000014208a800b0, C4<1>, C4<1>;
L_0000014208a83020 .functor OR 1, L_00000142088f70b0, L_0000014208a83170, C4<0>, C4<0>;
L_0000014208a82df0 .functor AND 1, L_0000014208a7f610, L_0000014208a80510, C4<1>, C4<1>;
L_0000014208a831e0 .functor AND 1, L_0000014208a82df0, L_0000014208a805b0, C4<1>, C4<1>;
L_0000014208a82e60 .functor AND 1, L_0000014208a7fb10, L_0000014208a80290, C4<1>, C4<1>;
L_0000014208a82a70 .functor AND 1, L_0000014208a82e60, L_0000014208a80330, C4<1>, C4<1>;
L_0000014208a83330 .functor OR 1, L_0000014208a831e0, L_0000014208a82a70, C4<0>, C4<0>;
v0000014208907c40_0 .net/s "A", 31 0, L_00000142088f6860;  1 drivers
v0000014208906c00_0 .net/s "B", 31 0, L_00000142088f72e0;  1 drivers
v0000014208907f60_0 .net/s "E", 31 0, L_00000142088f7510;  1 drivers
v00000142089083c0_0 .net "OF", 0 0, L_0000014208a80650;  1 drivers
v0000014208907ce0_0 .net "SF", 0 0, L_0000014208a806f0;  1 drivers
v0000014208907740_0 .net "ZF", 0 0, L_0000014208a7ccd0;  1 drivers
L_0000014208a25660 .functor BUFT 1, C4<00000000000000000000000000000000>, C4<0>, C4<0>, C4<0>;
v00000142089086e0_0 .net/2s *"_ivl_100", 31 0, L_0000014208a25660;  1 drivers
v0000014208907a60_0 .net *"_ivl_102", 0 0, L_0000014208a7fa70;  1 drivers
L_0000014208a256a8 .functor BUFT 1, C4<00000000000000000000000000000000>, C4<0>, C4<0>, C4<0>;
v0000014208907e20_0 .net/2s *"_ivl_104", 31 0, L_0000014208a256a8;  1 drivers
v0000014208907560_0 .net *"_ivl_106", 0 0, L_0000014208a7f9d0;  1 drivers
v0000014208907b00_0 .net *"_ivl_109", 0 0, L_00000142088f6fd0;  1 drivers
L_0000014208a25198 .functor BUFT 1, C4<0000000000000000000000000000>, C4<0>, C4<0>, C4<0>;
v0000014208907ec0_0 .net *"_ivl_11", 27 0, L_0000014208a25198;  1 drivers
L_0000014208a256f0 .functor BUFT 1, C4<00000000000000000000000000000000>, C4<0>, C4<0>, C4<0>;
v0000014208908000_0 .net/2s *"_ivl_110", 31 0, L_0000014208a256f0;  1 drivers
v0000014208908780_0 .net *"_ivl_112", 0 0, L_0000014208a7f570;  1 drivers
v0000014208907ba0_0 .net *"_ivl_115", 0 0, L_00000142088f70b0;  1 drivers
L_0000014208a25738 .functor BUFT 1, C4<00000000000000000000000000000000>, C4<0>, C4<0>, C4<0>;
v0000014208907420_0 .net/2s *"_ivl_116", 31 0, L_0000014208a25738;  1 drivers
v00000142089080a0_0 .net *"_ivl_118", 0 0, L_0000014208a80790;  1 drivers
L_0000014208a251e0 .functor BUFT 1, C4<00000000000000000000000000000000>, C4<0>, C4<0>, C4<0>;
v0000014208907060_0 .net/2u *"_ivl_12", 31 0, L_0000014208a251e0;  1 drivers
L_0000014208a25780 .functor BUFT 1, C4<00000000000000000000000000000000>, C4<0>, C4<0>, C4<0>;
v00000142089074c0_0 .net/2s *"_ivl_120", 31 0, L_0000014208a25780;  1 drivers
v0000014208908140_0 .net *"_ivl_122", 0 0, L_0000014208a7f250;  1 drivers
v0000014208908320_0 .net *"_ivl_125", 0 0, L_0000014208a82b50;  1 drivers
L_0000014208a257c8 .functor BUFT 1, C4<00000000000000000000000000000000>, C4<0>, C4<0>, C4<0>;
v0000014208908460_0 .net/2s *"_ivl_126", 31 0, L_0000014208a257c8;  1 drivers
v0000014208908500_0 .net *"_ivl_128", 0 0, L_0000014208a800b0;  1 drivers
v0000014208908820_0 .net *"_ivl_131", 0 0, L_0000014208a83170;  1 drivers
v00000142089088c0_0 .net *"_ivl_133", 0 0, L_0000014208a83020;  1 drivers
L_0000014208a25810 .functor BUFT 1, C4<01>, C4<0>, C4<0>, C4<0>;
v0000014208908a00_0 .net/2s *"_ivl_134", 1 0, L_0000014208a25810;  1 drivers
L_0000014208a25858 .functor BUFT 1, C4<00>, C4<0>, C4<0>, C4<0>;
v0000014208907600_0 .net/2s *"_ivl_136", 1 0, L_0000014208a25858;  1 drivers
v0000014208906ca0_0 .net *"_ivl_138", 1 0, L_0000014208a80150;  1 drivers
v0000014208908960_0 .net *"_ivl_14", 0 0, L_0000014208a7efd0;  1 drivers
L_0000014208a258a0 .functor BUFT 1, C4<00000000000000000000000000000000>, C4<0>, C4<0>, C4<0>;
v00000142089077e0_0 .net/2s *"_ivl_140", 31 0, L_0000014208a258a0;  1 drivers
v0000014208908aa0_0 .net *"_ivl_142", 0 0, L_0000014208a7f610;  1 drivers
L_0000014208a258e8 .functor BUFT 1, C4<00000000000000000000000000000000>, C4<0>, C4<0>, C4<0>;
v0000014208906e80_0 .net/2s *"_ivl_144", 31 0, L_0000014208a258e8;  1 drivers
v0000014208906f20_0 .net *"_ivl_146", 0 0, L_0000014208a80510;  1 drivers
v0000014208906fc0_0 .net *"_ivl_149", 0 0, L_0000014208a82df0;  1 drivers
L_0000014208a25930 .functor BUFT 1, C4<00000000000000000000000000000000>, C4<0>, C4<0>, C4<0>;
v0000014208907100_0 .net/2s *"_ivl_150", 31 0, L_0000014208a25930;  1 drivers
v00000142089071a0_0 .net *"_ivl_152", 0 0, L_0000014208a805b0;  1 drivers
v0000014208907240_0 .net *"_ivl_155", 0 0, L_0000014208a831e0;  1 drivers
L_0000014208a25978 .functor BUFT 1, C4<00000000000000000000000000000000>, C4<0>, C4<0>, C4<0>;
v00000142089072e0_0 .net/2s *"_ivl_156", 31 0, L_0000014208a25978;  1 drivers
v00000142088f4950_0 .net *"_ivl_158", 0 0, L_0000014208a7fb10;  1 drivers
v00000142088f4bd0_0 .net *"_ivl_16", 31 0, L_0000014208a7d130;  1 drivers
L_0000014208a259c0 .functor BUFT 1, C4<00000000000000000000000000000000>, C4<0>, C4<0>, C4<0>;
v00000142088f53f0_0 .net/2s *"_ivl_160", 31 0, L_0000014208a259c0;  1 drivers
v00000142088f5490_0 .net *"_ivl_162", 0 0, L_0000014208a80290;  1 drivers
v00000142088f5b70_0 .net *"_ivl_165", 0 0, L_0000014208a82e60;  1 drivers
L_0000014208a25a08 .functor BUFT 1, C4<00000000000000000000000000000000>, C4<0>, C4<0>, C4<0>;
v00000142088f5df0_0 .net/2s *"_ivl_166", 31 0, L_0000014208a25a08;  1 drivers
v00000142088f6250_0 .net *"_ivl_168", 0 0, L_0000014208a80330;  1 drivers
v00000142088f5e90_0 .net *"_ivl_171", 0 0, L_0000014208a82a70;  1 drivers
v00000142088c9ed0_0 .net *"_ivl_173", 0 0, L_0000014208a83330;  1 drivers
L_0000014208a25a50 .functor BUFT 1, C4<01>, C4<0>, C4<0>, C4<0>;
v00000142088c8490_0 .net/2s *"_ivl_174", 1 0, L_0000014208a25a50;  1 drivers
L_0000014208a25a98 .functor BUFT 1, C4<00>, C4<0>, C4<0>, C4<0>;
v00000142088b0b10_0 .net/2s *"_ivl_176", 1 0, L_0000014208a25a98;  1 drivers
v00000142088e08d0_0 .net *"_ivl_178", 1 0, L_0000014208a7ff70;  1 drivers
v0000014208a17100_0 .net *"_ivl_18", 31 0, L_0000014208a7f070;  1 drivers
v0000014208a18be0_0 .net *"_ivl_180", 1 0, L_0000014208a80470;  1 drivers
L_0000014208a25228 .functor BUFT 1, C4<0000000000000000000000000000>, C4<0>, C4<0>, C4<0>;
v0000014208a18e60_0 .net *"_ivl_21", 27 0, L_0000014208a25228;  1 drivers
L_0000014208a25270 .functor BUFT 1, C4<00000000000000000000000000000001>, C4<0>, C4<0>, C4<0>;
v0000014208a18640_0 .net/2u *"_ivl_22", 31 0, L_0000014208a25270;  1 drivers
v0000014208a18320_0 .net *"_ivl_24", 0 0, L_0000014208a7d8b0;  1 drivers
v0000014208a18960_0 .net *"_ivl_26", 31 0, L_0000014208a7d950;  1 drivers
v0000014208a17420_0 .net *"_ivl_28", 31 0, L_0000014208a7d270;  1 drivers
L_0000014208a252b8 .functor BUFT 1, C4<0000000000000000000000000000>, C4<0>, C4<0>, C4<0>;
v0000014208a18a00_0 .net *"_ivl_31", 27 0, L_0000014208a252b8;  1 drivers
L_0000014208a25300 .functor BUFT 1, C4<00000000000000000000000000000010>, C4<0>, C4<0>, C4<0>;
v0000014208a17d80_0 .net/2u *"_ivl_32", 31 0, L_0000014208a25300;  1 drivers
v0000014208a17880_0 .net *"_ivl_34", 0 0, L_0000014208a7ce10;  1 drivers
v0000014208a17c40_0 .net *"_ivl_36", 31 0, L_00000142088f6d30;  1 drivers
v0000014208a17f60_0 .net *"_ivl_38", 31 0, L_0000014208a7ca50;  1 drivers
L_0000014208a25348 .functor BUFT 1, C4<0000000000000000000000000000>, C4<0>, C4<0>, C4<0>;
v0000014208a18aa0_0 .net *"_ivl_41", 27 0, L_0000014208a25348;  1 drivers
L_0000014208a25390 .functor BUFT 1, C4<00000000000000000000000000000011>, C4<0>, C4<0>, C4<0>;
v0000014208a181e0_0 .net/2u *"_ivl_42", 31 0, L_0000014208a25390;  1 drivers
v0000014208a17ce0_0 .net *"_ivl_44", 0 0, L_0000014208a7da90;  1 drivers
v0000014208a186e0_0 .net *"_ivl_46", 31 0, L_00000142088f6940;  1 drivers
v0000014208a18780_0 .net *"_ivl_48", 31 0, L_00000142088f6e80;  1 drivers
v0000014208a17920_0 .net *"_ivl_50", 31 0, L_00000142088f6ef0;  1 drivers
v0000014208a18500_0 .net *"_ivl_52", 31 0, L_00000142088f6f60;  1 drivers
v0000014208a171a0_0 .net *"_ivl_54", 31 0, L_00000142088f7040;  1 drivers
o00000142089d0da8 .functor BUFZ 32, C4<zzzzzzzzzzzzzzzzzzzzzzzzzzzzzzzz>; HiZ drive
; Elide local net with no drivers, v0000014208a174c0_0 name=_ivl_56
v0000014208a17060_0 .net *"_ivl_58", 31 0, L_0000014208a7d590;  1 drivers
v0000014208a188c0_0 .net *"_ivl_60", 31 0, L_0000014208a7caf0;  1 drivers
v0000014208a185a0_0 .net *"_ivl_62", 31 0, L_0000014208a7db30;  1 drivers
L_0000014208a253d8 .functor BUFT 1, C4<00000000000000000000000000000000>, C4<0>, C4<0>, C4<0>;
v0000014208a18c80_0 .net/2u *"_ivl_66", 31 0, L_0000014208a253d8;  1 drivers
v0000014208a17560_0 .net *"_ivl_68", 0 0, L_0000014208a7dbd0;  1 drivers
L_0000014208a25420 .functor BUFT 1, C4<1>, C4<0>, C4<0>, C4<0>;
v0000014208a18140_0 .net/2u *"_ivl_70", 0 0, L_0000014208a25420;  1 drivers
L_0000014208a25468 .functor BUFT 1, C4<0>, C4<0>, C4<0>, C4<0>;
v0000014208a17e20_0 .net/2u *"_ivl_72", 0 0, L_0000014208a25468;  1 drivers
v0000014208a17ec0_0 .net *"_ivl_77", 0 0, L_0000014208a7ceb0;  1 drivers
v0000014208a18b40_0 .net *"_ivl_78", 31 0, L_0000014208a7f1b0;  1 drivers
v0000014208a17a60_0 .net *"_ivl_8", 31 0, L_0000014208a7ee90;  1 drivers
L_0000014208a254b0 .functor BUFT 1, C4<0000000000000000000000000000000>, C4<0>, C4<0>, C4<0>;
v0000014208a179c0_0 .net *"_ivl_81", 30 0, L_0000014208a254b0;  1 drivers
L_0000014208a254f8 .functor BUFT 1, C4<00000000000000000000000000000001>, C4<0>, C4<0>, C4<0>;
v0000014208a18f00_0 .net/2u *"_ivl_82", 31 0, L_0000014208a254f8;  1 drivers
v0000014208a17600_0 .net *"_ivl_84", 0 0, L_0000014208a801f0;  1 drivers
L_0000014208a25540 .functor BUFT 1, C4<1>, C4<0>, C4<0>, C4<0>;
v0000014208a183c0_0 .net/2u *"_ivl_86", 0 0, L_0000014208a25540;  1 drivers
L_0000014208a25588 .functor BUFT 1, C4<0>, C4<0>, C4<0>, C4<0>;
v0000014208a18280_0 .net/2u *"_ivl_88", 0 0, L_0000014208a25588;  1 drivers
v0000014208a18d20_0 .net *"_ivl_92", 31 0, L_0000014208a7fe30;  1 drivers
L_0000014208a255d0 .functor BUFT 1, C4<0000000000000000000000000000>, C4<0>, C4<0>, C4<0>;
v0000014208a18dc0_0 .net *"_ivl_95", 27 0, L_0000014208a255d0;  1 drivers
L_0000014208a25618 .functor BUFT 1, C4<00000000000000000000000000000001>, C4<0>, C4<0>, C4<0>;
v0000014208a17740_0 .net/2u *"_ivl_96", 31 0, L_0000014208a25618;  1 drivers
v0000014208a17240_0 .net *"_ivl_98", 0 0, L_0000014208a7f930;  1 drivers
v0000014208a17b00_0 .net "aluA", 31 0, v0000014208a1e4e0_0;  alias, 1 drivers
v0000014208a172e0_0 .net "aluB", 31 0, v0000014208a1df40_0;  alias, 1 drivers
v0000014208a17380_0 .net "alufun", 3 0, L_0000014208a89ac0;  alias, 1 drivers
v0000014208a176a0_0 .net "cc", 2 0, L_0000014208a7edf0;  alias, 1 drivers
v0000014208a17ba0_0 .net "valE", 31 0, L_0000014208a7d310;  alias, 1 drivers
L_0000014208a7edf0 .concat [ 1 1 1 0], L_0000014208a80650, L_0000014208a806f0, L_0000014208a7ccd0;
L_0000014208a7ee90 .concat [ 4 28 0 0], L_0000014208a89ac0, L_0000014208a25198;
L_0000014208a7efd0 .cmp/eq 32, L_0000014208a7ee90, L_0000014208a251e0;
L_0000014208a7d130 .arith/sum 32, v0000014208a1e4e0_0, v0000014208a1df40_0;
L_0000014208a7f070 .concat [ 4 28 0 0], L_0000014208a89ac0, L_0000014208a25228;
L_0000014208a7d8b0 .cmp/eq 32, L_0000014208a7f070, L_0000014208a25270;
L_0000014208a7d950 .arith/sub 32, v0000014208a1e4e0_0, v0000014208a1df40_0;
L_0000014208a7d270 .concat [ 4 28 0 0], L_0000014208a89ac0, L_0000014208a252b8;
L_0000014208a7ce10 .cmp/eq 32, L_0000014208a7d270, L_0000014208a25300;
L_0000014208a7ca50 .concat [ 4 28 0 0], L_0000014208a89ac0, L_0000014208a25348;
L_0000014208a7da90 .cmp/eq 32, L_0000014208a7ca50, L_0000014208a25390;
L_0000014208a7d590 .functor MUXZ 32, o00000142089d0da8, L_00000142088f7040, L_0000014208a7da90, C4<>;
L_0000014208a7caf0 .functor MUXZ 32, L_0000014208a7d590, L_00000142088f6d30, L_0000014208a7ce10, C4<>;
L_0000014208a7db30 .functor MUXZ 32, L_0000014208a7caf0, L_0000014208a7d950, L_0000014208a7d8b0, C4<>;
L_0000014208a7d310 .functor MUXZ 32, L_0000014208a7db30, L_0000014208a7d130, L_0000014208a7efd0, C4<>;
L_0000014208a7dbd0 .cmp/eq 32, L_0000014208a7d310, L_0000014208a253d8;
L_0000014208a7ccd0 .functor MUXZ 1, L_0000014208a25468, L_0000014208a25420, L_0000014208a7dbd0, C4<>;
L_0000014208a7ceb0 .part L_0000014208a7d310, 31, 1;
L_0000014208a7f1b0 .concat [ 1 31 0 0], L_0000014208a7ceb0, L_0000014208a254b0;
L_0000014208a801f0 .cmp/eq 32, L_0000014208a7f1b0, L_0000014208a254f8;
L_0000014208a806f0 .functor MUXZ 1, L_0000014208a25588, L_0000014208a25540, L_0000014208a801f0, C4<>;
L_0000014208a7fe30 .concat [ 4 28 0 0], L_0000014208a89ac0, L_0000014208a255d0;
L_0000014208a7f930 .cmp/eq 32, L_0000014208a7fe30, L_0000014208a25618;
L_0000014208a7fa70 .cmp/gt.s 32, L_00000142088f6860, L_0000014208a25660;
L_0000014208a7f9d0 .cmp/gt.s 32, L_0000014208a256a8, L_00000142088f72e0;
L_0000014208a7f570 .cmp/ge.s 32, L_0000014208a256f0, L_00000142088f7510;
L_0000014208a80790 .cmp/gt.s 32, L_0000014208a25738, L_00000142088f6860;
L_0000014208a7f250 .cmp/gt.s 32, L_00000142088f72e0, L_0000014208a25780;
L_0000014208a800b0 .cmp/ge.s 32, L_00000142088f7510, L_0000014208a257c8;
L_0000014208a80150 .functor MUXZ 2, L_0000014208a25858, L_0000014208a25810, L_0000014208a83020, C4<>;
L_0000014208a7f610 .cmp/gt.s 32, L_0000014208a258a0, L_00000142088f6860;
L_0000014208a80510 .cmp/gt.s 32, L_0000014208a258e8, L_00000142088f72e0;
L_0000014208a805b0 .cmp/ge.s 32, L_00000142088f7510, L_0000014208a25930;
L_0000014208a7fb10 .cmp/ge.s 32, L_00000142088f6860, L_0000014208a25978;
L_0000014208a80290 .cmp/ge.s 32, L_00000142088f72e0, L_0000014208a259c0;
L_0000014208a80330 .cmp/gt.s 32, L_0000014208a25a08, L_00000142088f7510;
L_0000014208a7ff70 .functor MUXZ 2, L_0000014208a25a98, L_0000014208a25a50, L_0000014208a83330, C4<>;
L_0000014208a80470 .functor MUXZ 2, L_0000014208a7ff70, L_0000014208a80150, L_0000014208a7f930, C4<>;
L_0000014208a80650 .part L_0000014208a80470, 0, 1;
S_0000014208894620 .scope module, "ram" "ram" 2 36, 4 3 0, S_00000142088ac4a0;
 .timescale -9 -11;
    .port_info 0 /INPUT 1 "clock";
    .port_info 1 /INPUT 9 "addr";
    .port_info 2 /INPUT 1 "wr";
    .port_info 3 /INPUT 32 "wdata";
    .port_info 4 /INPUT 1 "rd";
    .port_info 5 /OUTPUT 32 "rdata";
v0000014208a18460_0 .net "addr", 8 0, L_0000014208a7f2f0;  alias, 1 drivers
v0000014208a177e0_0 .net "clock", 0 0, v0000014208a228a0_0;  alias, 1 drivers
v0000014208a18000 .array "ram", 0 255, 31 0;
v0000014208a180a0_0 .net "rd", 0 0, L_0000014208a7fc50;  alias, 1 drivers
v0000014208a18820_0 .var "rdata", 31 0;
v0000014208a19110_0 .net "wdata", 31 0, v0000014208a232a0_0;  alias, 1 drivers
v0000014208a196b0_0 .net "wr", 0 0, v0000014208a22940_0;  alias, 1 drivers
E_0000014208914330 .event posedge, v0000014208a177e0_0;
S_00000142088947b0 .scope module, "regfile" "regfile" 2 44, 5 3 0, S_00000142088ac4a0;
 .timescale -9 -11;
    .port_info 0 /INPUT 4 "dstE";
    .port_info 1 /INPUT 32 "valE";
    .port_info 2 /INPUT 4 "dstM";
    .port_info 3 /INPUT 32 "valM";
    .port_info 4 /INPUT 4 "rA";
    .port_info 5 /INPUT 4 "rB";
    .port_info 6 /INPUT 1 "reset";
    .port_info 7 /INPUT 1 "clock";
    .port_info 8 /OUTPUT 32 "valA";
    .port_info 9 /OUTPUT 32 "valB";
    .port_info 10 /OUTPUT 32 "r0";
    .port_info 11 /OUTPUT 32 "r1";
    .port_info 12 /OUTPUT 32 "r2";
    .port_info 13 /OUTPUT 32 "r3";
    .port_info 14 /OUTPUT 32 "r4";
    .port_info 15 /OUTPUT 32 "r5";
    .port_info 16 /OUTPUT 32 "r6";
    .port_info 17 /OUTPUT 32 "r7";
v0000014208a1a650_0 .net *"_ivl_0", 31 0, L_0000014208a22b20;  1 drivers
L_0000014208a24e38 .functor BUFT 1, C4<0000000000000000000000000000>, C4<0>, C4<0>, C4<0>;
v0000014208a1af10_0 .net *"_ivl_101", 27 0, L_0000014208a24e38;  1 drivers
L_0000014208a24e80 .functor BUFT 1, C4<00000000000000000000000000000010>, C4<0>, C4<0>, C4<0>;
v0000014208a1a010_0 .net/2u *"_ivl_102", 31 0, L_0000014208a24e80;  1 drivers
v0000014208a19c50_0 .net *"_ivl_104", 0 0, L_0000014208a7d4f0;  1 drivers
v0000014208a197f0_0 .net *"_ivl_106", 31 0, L_0000014208a7d810;  1 drivers
L_0000014208a24ec8 .functor BUFT 1, C4<0000000000000000000000000000>, C4<0>, C4<0>, C4<0>;
v0000014208a1aab0_0 .net *"_ivl_109", 27 0, L_0000014208a24ec8;  1 drivers
L_0000014208a24928 .functor BUFT 1, C4<0000000000000000000000000000>, C4<0>, C4<0>, C4<0>;
v0000014208a1a510_0 .net *"_ivl_11", 27 0, L_0000014208a24928;  1 drivers
L_0000014208a24f10 .functor BUFT 1, C4<00000000000000000000000000000011>, C4<0>, C4<0>, C4<0>;
v0000014208a1a790_0 .net/2u *"_ivl_110", 31 0, L_0000014208a24f10;  1 drivers
v0000014208a1a470_0 .net *"_ivl_112", 0 0, L_0000014208a7c9b0;  1 drivers
v0000014208a1a6f0_0 .net *"_ivl_114", 31 0, L_0000014208a7ef30;  1 drivers
L_0000014208a24f58 .functor BUFT 1, C4<0000000000000000000000000000>, C4<0>, C4<0>, C4<0>;
v0000014208a1a830_0 .net *"_ivl_117", 27 0, L_0000014208a24f58;  1 drivers
L_0000014208a24fa0 .functor BUFT 1, C4<00000000000000000000000000000100>, C4<0>, C4<0>, C4<0>;
v0000014208a1a0b0_0 .net/2u *"_ivl_118", 31 0, L_0000014208a24fa0;  1 drivers
L_0000014208a24970 .functor BUFT 1, C4<00000000000000000000000000000001>, C4<0>, C4<0>, C4<0>;
v0000014208a1ad30_0 .net/2u *"_ivl_12", 31 0, L_0000014208a24970;  1 drivers
v0000014208a19250_0 .net *"_ivl_120", 0 0, L_0000014208a7def0;  1 drivers
v0000014208a1a8d0_0 .net *"_ivl_122", 31 0, L_0000014208a7cc30;  1 drivers
L_0000014208a24fe8 .functor BUFT 1, C4<0000000000000000000000000000>, C4<0>, C4<0>, C4<0>;
v0000014208a19930_0 .net *"_ivl_125", 27 0, L_0000014208a24fe8;  1 drivers
L_0000014208a25030 .functor BUFT 1, C4<00000000000000000000000000000101>, C4<0>, C4<0>, C4<0>;
v0000014208a1add0_0 .net/2u *"_ivl_126", 31 0, L_0000014208a25030;  1 drivers
v0000014208a19570_0 .net *"_ivl_128", 0 0, L_0000014208a7ec10;  1 drivers
v0000014208a19610_0 .net *"_ivl_130", 31 0, L_0000014208a7e5d0;  1 drivers
L_0000014208a25078 .functor BUFT 1, C4<0000000000000000000000000000>, C4<0>, C4<0>, C4<0>;
v0000014208a1a970_0 .net *"_ivl_133", 27 0, L_0000014208a25078;  1 drivers
L_0000014208a250c0 .functor BUFT 1, C4<00000000000000000000000000000110>, C4<0>, C4<0>, C4<0>;
v0000014208a19890_0 .net/2u *"_ivl_134", 31 0, L_0000014208a250c0;  1 drivers
v0000014208a1a5b0_0 .net *"_ivl_136", 0 0, L_0000014208a7d1d0;  1 drivers
v0000014208a1a150_0 .net *"_ivl_138", 31 0, L_0000014208a7e350;  1 drivers
v0000014208a1a1f0_0 .net *"_ivl_14", 0 0, L_0000014208a7d3b0;  1 drivers
L_0000014208a25108 .functor BUFT 1, C4<0000000000000000000000000000>, C4<0>, C4<0>, C4<0>;
v0000014208a192f0_0 .net *"_ivl_141", 27 0, L_0000014208a25108;  1 drivers
L_0000014208a25150 .functor BUFT 1, C4<00000000000000000000000000000111>, C4<0>, C4<0>, C4<0>;
v0000014208a1a290_0 .net/2u *"_ivl_142", 31 0, L_0000014208a25150;  1 drivers
v0000014208a1aa10_0 .net *"_ivl_144", 0 0, L_0000014208a7e030;  1 drivers
o00000142089d1a98 .functor BUFZ 32, C4<zzzzzzzzzzzzzzzzzzzzzzzzzzzzzzzz>; HiZ drive
; Elide local net with no drivers, v0000014208a1ab50_0 name=_ivl_146
v0000014208a1abf0_0 .net *"_ivl_148", 31 0, L_0000014208a7e670;  1 drivers
v0000014208a1ac90_0 .net *"_ivl_150", 31 0, L_0000014208a7d090;  1 drivers
v0000014208a1ae70_0 .net *"_ivl_152", 31 0, L_0000014208a7e3f0;  1 drivers
v0000014208a19070_0 .net *"_ivl_154", 31 0, L_0000014208a7e710;  1 drivers
v0000014208a1a330_0 .net *"_ivl_156", 31 0, L_0000014208a7e990;  1 drivers
v0000014208a191b0_0 .net *"_ivl_158", 31 0, L_0000014208a7ea30;  1 drivers
v0000014208a19750_0 .net *"_ivl_16", 31 0, L_0000014208a7cf50;  1 drivers
v0000014208a1a3d0_0 .net *"_ivl_160", 31 0, L_0000014208a7d6d0;  1 drivers
L_0000014208a249b8 .functor BUFT 1, C4<0000000000000000000000000000>, C4<0>, C4<0>, C4<0>;
v0000014208a19ed0_0 .net *"_ivl_19", 27 0, L_0000014208a249b8;  1 drivers
L_0000014208a24a00 .functor BUFT 1, C4<00000000000000000000000000000010>, C4<0>, C4<0>, C4<0>;
v0000014208a19390_0 .net/2u *"_ivl_20", 31 0, L_0000014208a24a00;  1 drivers
v0000014208a199d0_0 .net *"_ivl_22", 0 0, L_0000014208a7ddb0;  1 drivers
v0000014208a19a70_0 .net *"_ivl_24", 31 0, L_0000014208a7e8f0;  1 drivers
L_0000014208a24a48 .functor BUFT 1, C4<0000000000000000000000000000>, C4<0>, C4<0>, C4<0>;
v0000014208a19430_0 .net *"_ivl_27", 27 0, L_0000014208a24a48;  1 drivers
L_0000014208a24a90 .functor BUFT 1, C4<00000000000000000000000000000011>, C4<0>, C4<0>, C4<0>;
v0000014208a19cf0_0 .net/2u *"_ivl_28", 31 0, L_0000014208a24a90;  1 drivers
L_0000014208a24898 .functor BUFT 1, C4<0000000000000000000000000000>, C4<0>, C4<0>, C4<0>;
v0000014208a194d0_0 .net *"_ivl_3", 27 0, L_0000014208a24898;  1 drivers
v0000014208a19b10_0 .net *"_ivl_30", 0 0, L_0000014208a7c910;  1 drivers
v0000014208a19bb0_0 .net *"_ivl_32", 31 0, L_0000014208a7e850;  1 drivers
L_0000014208a24ad8 .functor BUFT 1, C4<0000000000000000000000000000>, C4<0>, C4<0>, C4<0>;
v0000014208a19d90_0 .net *"_ivl_35", 27 0, L_0000014208a24ad8;  1 drivers
L_0000014208a24b20 .functor BUFT 1, C4<00000000000000000000000000000100>, C4<0>, C4<0>, C4<0>;
v0000014208a19f70_0 .net/2u *"_ivl_36", 31 0, L_0000014208a24b20;  1 drivers
v0000014208a1ca20_0 .net *"_ivl_38", 0 0, L_0000014208a7d770;  1 drivers
L_0000014208a248e0 .functor BUFT 1, C4<00000000000000000000000000000000>, C4<0>, C4<0>, C4<0>;
v0000014208a1c3e0_0 .net/2u *"_ivl_4", 31 0, L_0000014208a248e0;  1 drivers
v0000014208a1ce80_0 .net *"_ivl_40", 31 0, L_0000014208a7d9f0;  1 drivers
L_0000014208a24b68 .functor BUFT 1, C4<0000000000000000000000000000>, C4<0>, C4<0>, C4<0>;
v0000014208a1c660_0 .net *"_ivl_43", 27 0, L_0000014208a24b68;  1 drivers
L_0000014208a24bb0 .functor BUFT 1, C4<00000000000000000000000000000101>, C4<0>, C4<0>, C4<0>;
v0000014208a1c340_0 .net/2u *"_ivl_44", 31 0, L_0000014208a24bb0;  1 drivers
v0000014208a1b260_0 .net *"_ivl_46", 0 0, L_0000014208a7cd70;  1 drivers
v0000014208a1b440_0 .net *"_ivl_48", 31 0, L_0000014208a7e7b0;  1 drivers
L_0000014208a24bf8 .functor BUFT 1, C4<0000000000000000000000000000>, C4<0>, C4<0>, C4<0>;
v0000014208a1cac0_0 .net *"_ivl_51", 27 0, L_0000014208a24bf8;  1 drivers
L_0000014208a24c40 .functor BUFT 1, C4<00000000000000000000000000000110>, C4<0>, C4<0>, C4<0>;
v0000014208a1bda0_0 .net/2u *"_ivl_52", 31 0, L_0000014208a24c40;  1 drivers
v0000014208a1b8a0_0 .net *"_ivl_54", 0 0, L_0000014208a7e210;  1 drivers
v0000014208a1bc60_0 .net *"_ivl_56", 31 0, L_0000014208a7cb90;  1 drivers
L_0000014208a24c88 .functor BUFT 1, C4<0000000000000000000000000000>, C4<0>, C4<0>, C4<0>;
v0000014208a1bf80_0 .net *"_ivl_59", 27 0, L_0000014208a24c88;  1 drivers
v0000014208a1cb60_0 .net *"_ivl_6", 0 0, L_0000014208a22d00;  1 drivers
L_0000014208a24cd0 .functor BUFT 1, C4<00000000000000000000000000000111>, C4<0>, C4<0>, C4<0>;
v0000014208a1b6c0_0 .net/2u *"_ivl_60", 31 0, L_0000014208a24cd0;  1 drivers
v0000014208a1b760_0 .net *"_ivl_62", 0 0, L_0000014208a7e0d0;  1 drivers
o00000142089d2128 .functor BUFZ 32, C4<zzzzzzzzzzzzzzzzzzzzzzzzzzzzzzzz>; HiZ drive
; Elide local net with no drivers, v0000014208a1ba80_0 name=_ivl_64
v0000014208a1b080_0 .net *"_ivl_66", 31 0, L_0000014208a7cff0;  1 drivers
v0000014208a1cf20_0 .net *"_ivl_68", 31 0, L_0000014208a7d450;  1 drivers
v0000014208a1b120_0 .net *"_ivl_70", 31 0, L_0000014208a7dd10;  1 drivers
v0000014208a1b1c0_0 .net *"_ivl_72", 31 0, L_0000014208a7ed50;  1 drivers
v0000014208a1c020_0 .net *"_ivl_74", 31 0, L_0000014208a7e490;  1 drivers
v0000014208a1b940_0 .net *"_ivl_76", 31 0, L_0000014208a7e2b0;  1 drivers
v0000014208a1b300_0 .net *"_ivl_78", 31 0, L_0000014208a7eb70;  1 drivers
v0000014208a1c8e0_0 .net *"_ivl_8", 31 0, L_0000014208a7ead0;  1 drivers
v0000014208a1c480_0 .net *"_ivl_82", 31 0, L_0000014208a7e530;  1 drivers
L_0000014208a24d18 .functor BUFT 1, C4<0000000000000000000000000000>, C4<0>, C4<0>, C4<0>;
v0000014208a1bd00_0 .net *"_ivl_85", 27 0, L_0000014208a24d18;  1 drivers
L_0000014208a24d60 .functor BUFT 1, C4<00000000000000000000000000000000>, C4<0>, C4<0>, C4<0>;
v0000014208a1c2a0_0 .net/2u *"_ivl_86", 31 0, L_0000014208a24d60;  1 drivers
v0000014208a1bee0_0 .net *"_ivl_88", 0 0, L_0000014208a7e170;  1 drivers
v0000014208a1c520_0 .net *"_ivl_90", 31 0, L_0000014208a7de50;  1 drivers
L_0000014208a24da8 .functor BUFT 1, C4<0000000000000000000000000000>, C4<0>, C4<0>, C4<0>;
v0000014208a1c840_0 .net *"_ivl_93", 27 0, L_0000014208a24da8;  1 drivers
L_0000014208a24df0 .functor BUFT 1, C4<00000000000000000000000000000001>, C4<0>, C4<0>, C4<0>;
v0000014208a1b800_0 .net/2u *"_ivl_94", 31 0, L_0000014208a24df0;  1 drivers
v0000014208a1be40_0 .net *"_ivl_96", 0 0, L_0000014208a7df90;  1 drivers
v0000014208a1b9e0_0 .net *"_ivl_98", 31 0, L_0000014208a7d630;  1 drivers
v0000014208a1c7a0_0 .net "clock", 0 0, v0000014208a228a0_0;  alias, 1 drivers
v0000014208a1b580_0 .net "dstE", 3 0, v0000014208a22440_0;  1 drivers
v0000014208a1c980_0 .net "dstM", 3 0, v0000014208a22260_0;  1 drivers
v0000014208a1c5c0_0 .net "r0", 31 0, v0000014208a1c160_0;  alias, 1 drivers
v0000014208a1bb20_0 .net "r1", 31 0, v0000014208a1b4e0_0;  alias, 1 drivers
v0000014208a1cc00_0 .net "r2", 31 0, v0000014208a1c200_0;  alias, 1 drivers
v0000014208a1c700_0 .net "r3", 31 0, v0000014208a1b620_0;  alias, 1 drivers
v0000014208a1cca0_0 .net "r4", 31 0, v0000014208a1e080_0;  alias, 1 drivers
v0000014208a1cd40_0 .net "r5", 31 0, v0000014208a1e1c0_0;  alias, 1 drivers
v0000014208a1cde0_0 .net "r6", 31 0, v0000014208a1db80_0;  alias, 1 drivers
v0000014208a1b3a0_0 .net "r7", 31 0, v0000014208a1e620_0;  alias, 1 drivers
v0000014208a1c0c0_0 .net "rA", 3 0, v0000014208a219a0_0;  1 drivers
v0000014208a1bbc0_0 .net "rB", 3 0, v0000014208a20e60_0;  1 drivers
v0000014208a1c160_0 .var "r_r0", 31 0;
v0000014208a1b4e0_0 .var "r_r1", 31 0;
v0000014208a1c200_0 .var "r_r2", 31 0;
v0000014208a1b620_0 .var "r_r3", 31 0;
v0000014208a1e080_0 .var "r_r4", 31 0;
v0000014208a1e1c0_0 .var "r_r5", 31 0;
v0000014208a1db80_0 .var "r_r6", 31 0;
v0000014208a1e620_0 .var "r_r7", 31 0;
v0000014208a1ea80_0 .net "reset", 0 0, v0000014208a21180_0;  1 drivers
v0000014208a1d7c0_0 .net "valA", 31 0, L_0000014208a7dc70;  alias, 1 drivers
v0000014208a1ec60_0 .net "valB", 31 0, L_0000014208a7ecb0;  alias, 1 drivers
v0000014208a1e440_0 .net "valE", 31 0, v0000014208a224e0_0;  1 drivers
v0000014208a1f2a0_0 .net "valM", 31 0, v0000014208a221c0_0;  1 drivers
E_0000014208914370/0 .event negedge, v0000014208a1ea80_0;
E_0000014208914370/1 .event posedge, v0000014208a177e0_0;
E_0000014208914370 .event/or E_0000014208914370/0, E_0000014208914370/1;
L_0000014208a22b20 .concat [ 4 28 0 0], v0000014208a219a0_0, L_0000014208a24898;
L_0000014208a22d00 .cmp/eq 32, L_0000014208a22b20, L_0000014208a248e0;
L_0000014208a7ead0 .concat [ 4 28 0 0], v0000014208a219a0_0, L_0000014208a24928;
L_0000014208a7d3b0 .cmp/eq 32, L_0000014208a7ead0, L_0000014208a24970;
L_0000014208a7cf50 .concat [ 4 28 0 0], v0000014208a219a0_0, L_0000014208a249b8;
L_0000014208a7ddb0 .cmp/eq 32, L_0000014208a7cf50, L_0000014208a24a00;
L_0000014208a7e8f0 .concat [ 4 28 0 0], v0000014208a219a0_0, L_0000014208a24a48;
L_0000014208a7c910 .cmp/eq 32, L_0000014208a7e8f0, L_0000014208a24a90;
L_0000014208a7e850 .concat [ 4 28 0 0], v0000014208a219a0_0, L_0000014208a24ad8;
L_0000014208a7d770 .cmp/eq 32, L_0000014208a7e850, L_0000014208a24b20;
L_0000014208a7d9f0 .concat [ 4 28 0 0], v0000014208a219a0_0, L_0000014208a24b68;
L_0000014208a7cd70 .cmp/eq 32, L_0000014208a7d9f0, L_0000014208a24bb0;
L_0000014208a7e7b0 .concat [ 4 28 0 0], v0000014208a219a0_0, L_0000014208a24bf8;
L_0000014208a7e210 .cmp/eq 32, L_0000014208a7e7b0, L_0000014208a24c40;
L_0000014208a7cb90 .concat [ 4 28 0 0], v0000014208a219a0_0, L_0000014208a24c88;
L_0000014208a7e0d0 .cmp/eq 32, L_0000014208a7cb90, L_0000014208a24cd0;
L_0000014208a7cff0 .functor MUXZ 32, o00000142089d2128, v0000014208a1e620_0, L_0000014208a7e0d0, C4<>;
L_0000014208a7d450 .functor MUXZ 32, L_0000014208a7cff0, v0000014208a1db80_0, L_0000014208a7e210, C4<>;
L_0000014208a7dd10 .functor MUXZ 32, L_0000014208a7d450, v0000014208a1e1c0_0, L_0000014208a7cd70, C4<>;
L_0000014208a7ed50 .functor MUXZ 32, L_0000014208a7dd10, v0000014208a1e080_0, L_0000014208a7d770, C4<>;
L_0000014208a7e490 .functor MUXZ 32, L_0000014208a7ed50, v0000014208a1b620_0, L_0000014208a7c910, C4<>;
L_0000014208a7e2b0 .functor MUXZ 32, L_0000014208a7e490, v0000014208a1c200_0, L_0000014208a7ddb0, C4<>;
L_0000014208a7eb70 .functor MUXZ 32, L_0000014208a7e2b0, v0000014208a1b4e0_0, L_0000014208a7d3b0, C4<>;
L_0000014208a7dc70 .functor MUXZ 32, L_0000014208a7eb70, v0000014208a1c160_0, L_0000014208a22d00, C4<>;
L_0000014208a7e530 .concat [ 4 28 0 0], v0000014208a20e60_0, L_0000014208a24d18;
L_0000014208a7e170 .cmp/eq 32, L_0000014208a7e530, L_0000014208a24d60;
L_0000014208a7de50 .concat [ 4 28 0 0], v0000014208a20e60_0, L_0000014208a24da8;
L_0000014208a7df90 .cmp/eq 32, L_0000014208a7de50, L_0000014208a24df0;
L_0000014208a7d630 .concat [ 4 28 0 0], v0000014208a20e60_0, L_0000014208a24e38;
L_0000014208a7d4f0 .cmp/eq 32, L_0000014208a7d630, L_0000014208a24e80;
L_0000014208a7d810 .concat [ 4 28 0 0], v0000014208a20e60_0, L_0000014208a24ec8;
L_0000014208a7c9b0 .cmp/eq 32, L_0000014208a7d810, L_0000014208a24f10;
L_0000014208a7ef30 .concat [ 4 28 0 0], v0000014208a20e60_0, L_0000014208a24f58;
L_0000014208a7def0 .cmp/eq 32, L_0000014208a7ef30, L_0000014208a24fa0;
L_0000014208a7cc30 .concat [ 4 28 0 0], v0000014208a20e60_0, L_0000014208a24fe8;
L_0000014208a7ec10 .cmp/eq 32, L_0000014208a7cc30, L_0000014208a25030;
L_0000014208a7e5d0 .concat [ 4 28 0 0], v0000014208a20e60_0, L_0000014208a25078;
L_0000014208a7d1d0 .cmp/eq 32, L_0000014208a7e5d0, L_0000014208a250c0;
L_0000014208a7e350 .concat [ 4 28 0 0], v0000014208a20e60_0, L_0000014208a25108;
L_0000014208a7e030 .cmp/eq 32, L_0000014208a7e350, L_0000014208a25150;
L_0000014208a7e670 .functor MUXZ 32, o00000142089d1a98, v0000014208a1e620_0, L_0000014208a7e030, C4<>;
L_0000014208a7d090 .functor MUXZ 32, L_0000014208a7e670, v0000014208a1db80_0, L_0000014208a7d1d0, C4<>;
L_0000014208a7e3f0 .functor MUXZ 32, L_0000014208a7d090, v0000014208a1e1c0_0, L_0000014208a7ec10, C4<>;
L_0000014208a7e710 .functor MUXZ 32, L_0000014208a7e3f0, v0000014208a1e080_0, L_0000014208a7def0, C4<>;
L_0000014208a7e990 .functor MUXZ 32, L_0000014208a7e710, v0000014208a1b620_0, L_0000014208a7c9b0, C4<>;
L_0000014208a7ea30 .functor MUXZ 32, L_0000014208a7e990, v0000014208a1c200_0, L_0000014208a7d4f0, C4<>;
L_0000014208a7d6d0 .functor MUXZ 32, L_0000014208a7ea30, v0000014208a1b4e0_0, L_0000014208a7df90, C4<>;
L_0000014208a7ecb0 .functor MUXZ 32, L_0000014208a7d6d0, v0000014208a1c160_0, L_0000014208a7e170, C4<>;
    .scope S_0000014208894620;
T_0 ;
    %pushi/vec4 0, 4294967295, 32;
    %store/vec4 v0000014208a18820_0, 0, 32;
    %end;
    .thread T_0;
    .scope S_0000014208894620;
T_1 ;
    %wait E_0000014208914330;
    %load/vec4 v0000014208a196b0_0;
    %flag_set/vec4 8;
    %jmp/0xz  T_1.0, 8;
    %load/vec4 v0000014208a19110_0;
    %load/vec4 v0000014208a18460_0;
    %pad/u 10;
    %ix/vec4 3;
    %ix/load 4, 0, 0; Constant delay
    %assign/vec4/a/d v0000014208a18000, 0, 4;
T_1.0 ;
    %load/vec4 v0000014208a180a0_0;
    %flag_set/vec4 8;
    %jmp/0xz  T_1.2, 8;
    %load/vec4 v0000014208a18460_0;
    %pad/u 10;
    %ix/vec4 4;
    %load/vec4a v0000014208a18000, 4;
    %assign/vec4 v0000014208a18820_0, 0;
    %jmp T_1.3;
T_1.2 ;
    %pushi/vec4 0, 4294967295, 32;
    %assign/vec4 v0000014208a18820_0, 0;
T_1.3 ;
    %jmp T_1;
    .thread T_1;
    .scope S_00000142088947b0;
T_2 ;
    %wait E_0000014208914370;
    %load/vec4 v0000014208a1ea80_0;
    %flag_set/vec4 8;
    %jmp/0xz  T_2.0, 8;
    %pushi/vec4 0, 0, 32;
    %assign/vec4 v0000014208a1c160_0, 0;
    %pushi/vec4 0, 0, 32;
    %assign/vec4 v0000014208a1b4e0_0, 0;
    %pushi/vec4 0, 0, 32;
    %assign/vec4 v0000014208a1c200_0, 0;
    %pushi/vec4 0, 0, 32;
    %assign/vec4 v0000014208a1b620_0, 0;
    %pushi/vec4 0, 0, 32;
    %assign/vec4 v0000014208a1e080_0, 0;
    %pushi/vec4 0, 0, 32;
    %assign/vec4 v0000014208a1e1c0_0, 0;
    %pushi/vec4 0, 0, 32;
    %assign/vec4 v0000014208a1db80_0, 0;
    %pushi/vec4 0, 0, 32;
    %assign/vec4 v0000014208a1e620_0, 0;
    %jmp T_2.1;
T_2.0 ;
    %load/vec4 v0000014208a1b580_0;
    %dup/vec4;
    %pushi/vec4 0, 0, 4;
    %cmp/u;
    %jmp/1 T_2.2, 6;
    %dup/vec4;
    %pushi/vec4 1, 0, 4;
    %cmp/u;
    %jmp/1 T_2.3, 6;
    %dup/vec4;
    %pushi/vec4 2, 0, 4;
    %cmp/u;
    %jmp/1 T_2.4, 6;
    %dup/vec4;
    %pushi/vec4 3, 0, 4;
    %cmp/u;
    %jmp/1 T_2.5, 6;
    %dup/vec4;
    %pushi/vec4 4, 0, 4;
    %cmp/u;
    %jmp/1 T_2.6, 6;
    %dup/vec4;
    %pushi/vec4 5, 0, 4;
    %cmp/u;
    %jmp/1 T_2.7, 6;
    %dup/vec4;
    %pushi/vec4 6, 0, 4;
    %cmp/u;
    %jmp/1 T_2.8, 6;
    %dup/vec4;
    %pushi/vec4 7, 0, 4;
    %cmp/u;
    %jmp/1 T_2.9, 6;
    %jmp T_2.10;
T_2.2 ;
    %load/vec4 v0000014208a1e440_0;
    %assign/vec4 v0000014208a1c160_0, 0;
    %jmp T_2.10;
T_2.3 ;
    %load/vec4 v0000014208a1e440_0;
    %assign/vec4 v0000014208a1b4e0_0, 0;
    %jmp T_2.10;
T_2.4 ;
    %load/vec4 v0000014208a1e440_0;
    %assign/vec4 v0000014208a1c200_0, 0;
    %jmp T_2.10;
T_2.5 ;
    %load/vec4 v0000014208a1e440_0;
    %assign/vec4 v0000014208a1b620_0, 0;
    %jmp T_2.10;
T_2.6 ;
    %load/vec4 v0000014208a1e440_0;
    %assign/vec4 v0000014208a1e080_0, 0;
    %jmp T_2.10;
T_2.7 ;
    %load/vec4 v0000014208a1e440_0;
    %assign/vec4 v0000014208a1e1c0_0, 0;
    %jmp T_2.10;
T_2.8 ;
    %load/vec4 v0000014208a1e440_0;
    %assign/vec4 v0000014208a1db80_0, 0;
    %jmp T_2.10;
T_2.9 ;
    %load/vec4 v0000014208a1e440_0;
    %assign/vec4 v0000014208a1e620_0, 0;
    %jmp T_2.10;
T_2.10 ;
    %pop/vec4 1;
    %load/vec4 v0000014208a1c980_0;
    %dup/vec4;
    %pushi/vec4 0, 0, 4;
    %cmp/u;
    %jmp/1 T_2.11, 6;
    %dup/vec4;
    %pushi/vec4 1, 0, 4;
    %cmp/u;
    %jmp/1 T_2.12, 6;
    %dup/vec4;
    %pushi/vec4 2, 0, 4;
    %cmp/u;
    %jmp/1 T_2.13, 6;
    %dup/vec4;
    %pushi/vec4 3, 0, 4;
    %cmp/u;
    %jmp/1 T_2.14, 6;
    %dup/vec4;
    %pushi/vec4 4, 0, 4;
    %cmp/u;
    %jmp/1 T_2.15, 6;
    %dup/vec4;
    %pushi/vec4 5, 0, 4;
    %cmp/u;
    %jmp/1 T_2.16, 6;
    %dup/vec4;
    %pushi/vec4 6, 0, 4;
    %cmp/u;
    %jmp/1 T_2.17, 6;
    %dup/vec4;
    %pushi/vec4 7, 0, 4;
    %cmp/u;
    %jmp/1 T_2.18, 6;
    %jmp T_2.19;
T_2.11 ;
    %load/vec4 v0000014208a1f2a0_0;
    %assign/vec4 v0000014208a1c160_0, 0;
    %jmp T_2.19;
T_2.12 ;
    %load/vec4 v0000014208a1f2a0_0;
    %assign/vec4 v0000014208a1b4e0_0, 0;
    %jmp T_2.19;
T_2.13 ;
    %load/vec4 v0000014208a1f2a0_0;
    %assign/vec4 v0000014208a1c200_0, 0;
    %jmp T_2.19;
T_2.14 ;
    %load/vec4 v0000014208a1f2a0_0;
    %assign/vec4 v0000014208a1b620_0, 0;
    %jmp T_2.19;
T_2.15 ;
    %load/vec4 v0000014208a1f2a0_0;
    %assign/vec4 v0000014208a1e080_0, 0;
    %jmp T_2.19;
T_2.16 ;
    %load/vec4 v0000014208a1f2a0_0;
    %assign/vec4 v0000014208a1e1c0_0, 0;
    %jmp T_2.19;
T_2.17 ;
    %load/vec4 v0000014208a1f2a0_0;
    %assign/vec4 v0000014208a1db80_0, 0;
    %jmp T_2.19;
T_2.18 ;
    %load/vec4 v0000014208a1f2a0_0;
    %assign/vec4 v0000014208a1e620_0, 0;
    %jmp T_2.19;
T_2.19 ;
    %pop/vec4 1;
T_2.1 ;
    %jmp T_2;
    .thread T_2;
    .scope S_00000142088ac4a0;
T_3 ;
    %pushi/vec4 0, 0, 9;
    %store/vec4 v0000014208a1eda0_0, 0, 9;
    %pushi/vec4 0, 15, 4;
    %store/vec4 v0000014208a20780_0, 0, 4;
    %pushi/vec4 0, 15, 4;
    %store/vec4 v0000014208a214a0_0, 0, 4;
    %pushi/vec4 0, 15, 4;
    %store/vec4 v0000014208a219a0_0, 0, 4;
    %pushi/vec4 0, 15, 4;
    %store/vec4 v0000014208a20e60_0, 0, 4;
    %pushi/vec4 0, 65535, 16;
    %store/vec4 v0000014208a21040_0, 0, 16;
    %pushi/vec4 0, 15, 4;
    %store/vec4 v0000014208a1e940_0, 0, 4;
    %pushi/vec4 0, 15, 4;
    %store/vec4 v0000014208a1dae0_0, 0, 4;
    %pushi/vec4 0, 15, 4;
    %store/vec4 v0000014208a1e9e0_0, 0, 4;
    %pushi/vec4 0, 15, 4;
    %store/vec4 v0000014208a1ef80_0, 0, 4;
    %pushi/vec4 0, 4294967295, 32;
    %store/vec4 v0000014208a1e4e0_0, 0, 32;
    %pushi/vec4 0, 4294967295, 32;
    %store/vec4 v0000014208a1df40_0, 0, 32;
    %pushi/vec4 0, 65535, 16;
    %store/vec4 v0000014208a1da40_0, 0, 16;
    %pushi/vec4 0, 1, 1;
    %store/vec4 v0000014208a1d9a0_0, 0, 1;
    %pushi/vec4 0, 15, 4;
    %store/vec4 v0000014208a1dea0_0, 0, 4;
    %pushi/vec4 0, 4294967295, 32;
    %store/vec4 v0000014208a1f160_0, 0, 32;
    %pushi/vec4 0, 15, 4;
    %store/vec4 v0000014208a1dc20_0, 0, 4;
    %pushi/vec4 0, 4294967295, 32;
    %store/vec4 v0000014208a1eb20_0, 0, 32;
    %pushi/vec4 0, 1, 1;
    %store/vec4 v0000014208a1e120_0, 0, 1;
    %pushi/vec4 0, 15, 4;
    %store/vec4 v0000014208a22260_0, 0, 4;
    %pushi/vec4 0, 4294967295, 32;
    %store/vec4 v0000014208a221c0_0, 0, 32;
    %pushi/vec4 0, 15, 4;
    %store/vec4 v0000014208a22440_0, 0, 4;
    %pushi/vec4 0, 4294967295, 32;
    %store/vec4 v0000014208a224e0_0, 0, 32;
    %end;
    .thread T_3;
    .scope S_00000142088ac4a0;
T_4 ;
    %wait E_0000014208914330;
    %load/vec4 v0000014208a22580_0;
    %flag_set/vec4 8;
    %jmp/0xz  T_4.0, 8;
    %load/vec4 v0000014208a1eda0_0;
    %addi 1, 0, 9;
    %assign/vec4 v0000014208a1eda0_0, 0;
T_4.0 ;
    %jmp T_4;
    .thread T_4;
    .scope S_00000142088ac4a0;
T_5 ;
    %wait E_0000014208914330;
    %load/vec4 v0000014208a22580_0;
    %flag_set/vec4 8;
    %jmp/0xz  T_5.0, 8;
    %load/vec4 v0000014208a1dfe0_0;
    %parti/s 4, 28, 6;
    %assign/vec4 v0000014208a20780_0, 0;
    %load/vec4 v0000014208a1dfe0_0;
    %parti/s 4, 24, 6;
    %assign/vec4 v0000014208a214a0_0, 0;
    %load/vec4 v0000014208a1dfe0_0;
    %parti/s 4, 20, 6;
    %assign/vec4 v0000014208a219a0_0, 0;
    %load/vec4 v0000014208a1dfe0_0;
    %parti/s 4, 16, 6;
    %assign/vec4 v0000014208a20e60_0, 0;
    %load/vec4 v0000014208a1dfe0_0;
    %parti/s 16, 0, 2;
    %assign/vec4 v0000014208a21040_0, 0;
    %load/vec4 v0000014208a20780_0;
    %load/vec4 v0000014208a214a0_0;
    %concat/vec4; draw_concat_vec4
    %cmpi/e 18, 0, 8;
    %jmp/0xz  T_5.2, 4;
    %pushi/vec4 34, 0, 8;
    %split/vec4 4;
    %assign/vec4 v0000014208a1dae0_0, 0;
    %assign/vec4 v0000014208a1e940_0, 0;
    %load/vec4 v0000014208a219a0_0;
    %assign/vec4 v0000014208a1e9e0_0, 0;
    %load/vec4 v0000014208a20e60_0;
    %assign/vec4 v0000014208a1ef80_0, 0;
    %load/vec4 v0000014208a21040_0;
    %assign/vec4 v0000014208a1da40_0, 0;
    %load/vec4 v0000014208a1f920_0;
    %assign/vec4 v0000014208a1e4e0_0, 0;
    %load/vec4 v0000014208a21360_0;
    %assign/vec4 v0000014208a1df40_0, 0;
    %load/vec4 v0000014208a206e0_0;
    %assign/vec4 v0000014208a1d9a0_0, 0;
    %jmp T_5.3;
T_5.2 ;
    %load/vec4 v0000014208a206e0_0;
    %flag_set/vec4 8;
    %jmp/0xz  T_5.4, 8;
    %pushi/vec4 0, 255, 8;
    %split/vec4 4;
    %assign/vec4 v0000014208a1dae0_0, 0;
    %assign/vec4 v0000014208a1e940_0, 0;
    %pushi/vec4 0, 15, 4;
    %assign/vec4 v0000014208a1e9e0_0, 0;
    %pushi/vec4 0, 15, 4;
    %assign/vec4 v0000014208a1ef80_0, 0;
    %pushi/vec4 0, 65535, 16;
    %assign/vec4 v0000014208a1da40_0, 0;
    %pushi/vec4 0, 4294967295, 32;
    %assign/vec4 v0000014208a1e4e0_0, 0;
    %pushi/vec4 0, 4294967295, 32;
    %assign/vec4 v0000014208a1df40_0, 0;
    %load/vec4 v0000014208a206e0_0;
    %assign/vec4 v0000014208a1d9a0_0, 0;
    %jmp T_5.5;
T_5.4 ;
    %load/vec4 v0000014208a20780_0;
    %assign/vec4 v0000014208a1e940_0, 0;
    %load/vec4 v0000014208a214a0_0;
    %assign/vec4 v0000014208a1dae0_0, 0;
    %load/vec4 v0000014208a219a0_0;
    %assign/vec4 v0000014208a1e9e0_0, 0;
    %load/vec4 v0000014208a20e60_0;
    %assign/vec4 v0000014208a1ef80_0, 0;
    %load/vec4 v0000014208a21040_0;
    %assign/vec4 v0000014208a1da40_0, 0;
    %load/vec4 v0000014208a1f920_0;
    %assign/vec4 v0000014208a1e4e0_0, 0;
    %load/vec4 v0000014208a21360_0;
    %assign/vec4 v0000014208a1df40_0, 0;
    %load/vec4 v0000014208a206e0_0;
    %assign/vec4 v0000014208a1d9a0_0, 0;
T_5.5 ;
T_5.3 ;
T_5.0 ;
    %jmp T_5;
    .thread T_5;
    .scope S_00000142088ac4a0;
T_6 ;
    %pushi/vec4 1, 0, 1;
    %assign/vec4 v0000014208a21180_0, 0;
    %delay 2000, 0;
    %pushi/vec4 0, 0, 1;
    %assign/vec4 v0000014208a21180_0, 0;
    %end;
    .thread T_6;
    .scope S_00000142088ac4a0;
T_7 ;
    %wait E_0000014208914330;
    %load/vec4 v0000014208a1e940_0;
    %load/vec4 v0000014208a1dae0_0;
    %concat/vec4; draw_concat_vec4
    %cmpi/e 16, 0, 8;
    %jmp/0xz  T_7.0, 4;
    %load/vec4 v0000014208a1ef80_0;
    %assign/vec4 v0000014208a1dea0_0, 0;
    %load/vec4 v0000014208a1da40_0;
    %pad/u 32;
    %assign/vec4 v0000014208a1f160_0, 0;
    %jmp T_7.1;
T_7.0 ;
    %pushi/vec4 0, 15, 4;
    %assign/vec4 v0000014208a1dea0_0, 0;
    %pushi/vec4 0, 4294967295, 32;
    %assign/vec4 v0000014208a1f160_0, 0;
T_7.1 ;
    %load/vec4 v0000014208a1e9e0_0;
    %assign/vec4 v0000014208a1dc20_0, 0;
    %load/vec4 v0000014208a20140_0;
    %assign/vec4 v0000014208a1eb20_0, 0;
    %load/vec4 v0000014208a210e0_0;
    %assign/vec4 v0000014208a1e120_0, 0;
    %jmp T_7;
    .thread T_7;
    .scope S_00000142088ac4a0;
T_8 ;
    %wait E_0000014208914330;
    %load/vec4 v0000014208a1dea0_0;
    %assign/vec4 v0000014208a22260_0, 0;
    %load/vec4 v0000014208a1f160_0;
    %assign/vec4 v0000014208a221c0_0, 0;
    %load/vec4 v0000014208a1dc20_0;
    %assign/vec4 v0000014208a22440_0, 0;
    %load/vec4 v0000014208a1eb20_0;
    %assign/vec4 v0000014208a224e0_0, 0;
    %jmp T_8;
    .thread T_8;
    .scope S_000001420891ec40;
T_9 ;
    %pushi/vec4 0, 0, 1;
    %store/vec4 v0000014208a21fe0_0, 0, 1;
    %end;
    .thread T_9;
    .scope S_000001420891ec40;
T_10 ;
    %pushi/vec4 0, 0, 1;
    %assign/vec4 v0000014208a228a0_0, 0;
    %pushi/vec4 0, 0, 9;
    %assign/vec4 v0000014208a23160_0, 0;
    %pushi/vec4 0, 0, 1;
    %assign/vec4 v0000014208a22940_0, 0;
    %pushi/vec4 0, 0, 32;
    %assign/vec4 v0000014208a232a0_0, 0;
    %pushi/vec4 0, 0, 1;
    %assign/vec4 v0000014208a22800_0, 0;
    %pushi/vec4 15, 0, 4;
    %assign/vec4 v0000014208a22da0_0, 0;
    %delay 2000, 0;
    %pushi/vec4 0, 0, 9;
    %assign/vec4 v0000014208a23160_0, 0;
    %pushi/vec4 1, 0, 1;
    %assign/vec4 v0000014208a22940_0, 0;
    %pushi/vec4 284164224, 0, 32;
    %assign/vec4 v0000014208a232a0_0, 0;
    %delay 2000, 0;
    %pushi/vec4 1, 0, 9;
    %assign/vec4 v0000014208a23160_0, 0;
    %pushi/vec4 1, 0, 1;
    %assign/vec4 v0000014208a22940_0, 0;
    %pushi/vec4 284229761, 0, 32;
    %assign/vec4 v0000014208a232a0_0, 0;
    %delay 2000, 0;
    %pushi/vec4 2, 0, 9;
    %assign/vec4 v0000014208a23160_0, 0;
    %pushi/vec4 1, 0, 1;
    %assign/vec4 v0000014208a22940_0, 0;
    %pushi/vec4 284295298, 0, 32;
    %assign/vec4 v0000014208a232a0_0, 0;
    %delay 2000, 0;
    %pushi/vec4 3, 0, 9;
    %assign/vec4 v0000014208a23160_0, 0;
    %pushi/vec4 1, 0, 1;
    %assign/vec4 v0000014208a22940_0, 0;
    %pushi/vec4 284360835, 0, 32;
    %assign/vec4 v0000014208a232a0_0, 0;
    %delay 2000, 0;
    %pushi/vec4 4, 0, 9;
    %assign/vec4 v0000014208a23160_0, 0;
    %pushi/vec4 1, 0, 1;
    %assign/vec4 v0000014208a22940_0, 0;
    %pushi/vec4 284426372, 0, 32;
    %assign/vec4 v0000014208a232a0_0, 0;
    %delay 2000, 0;
    %pushi/vec4 5, 0, 9;
    %assign/vec4 v0000014208a23160_0, 0;
    %pushi/vec4 1, 0, 1;
    %assign/vec4 v0000014208a22940_0, 0;
    %pushi/vec4 284491909, 0, 32;
    %assign/vec4 v0000014208a232a0_0, 0;
    %delay 2000, 0;
    %pushi/vec4 6, 0, 9;
    %assign/vec4 v0000014208a23160_0, 0;
    %pushi/vec4 1, 0, 1;
    %assign/vec4 v0000014208a22940_0, 0;
    %pushi/vec4 284557446, 0, 32;
    %assign/vec4 v0000014208a232a0_0, 0;
    %delay 2000, 0;
    %pushi/vec4 7, 0, 9;
    %assign/vec4 v0000014208a23160_0, 0;
    %pushi/vec4 1, 0, 1;
    %assign/vec4 v0000014208a22940_0, 0;
    %pushi/vec4 284622983, 0, 32;
    %assign/vec4 v0000014208a232a0_0, 0;
    %delay 2000, 0;
    %pushi/vec4 8, 0, 9;
    %assign/vec4 v0000014208a23160_0, 0;
    %pushi/vec4 1, 0, 1;
    %assign/vec4 v0000014208a22940_0, 0;
    %pushi/vec4 536936448, 0, 32;
    %assign/vec4 v0000014208a232a0_0, 0;
    %delay 2000, 0;
    %pushi/vec4 9, 0, 9;
    %assign/vec4 v0000014208a23160_0, 0;
    %pushi/vec4 1, 0, 1;
    %assign/vec4 v0000014208a22940_0, 0;
    %pushi/vec4 285212672, 0, 32;
    %assign/vec4 v0000014208a232a0_0, 0;
    %delay 2000, 0;
    %pushi/vec4 10, 0, 9;
    %assign/vec4 v0000014208a23160_0, 0;
    %pushi/vec4 1, 0, 1;
    %assign/vec4 v0000014208a22940_0, 0;
    %pushi/vec4 285212672, 0, 32;
    %assign/vec4 v0000014208a232a0_0, 0;
    %delay 2000, 0;
    %pushi/vec4 11, 0, 9;
    %assign/vec4 v0000014208a23160_0, 0;
    %pushi/vec4 1, 0, 1;
    %assign/vec4 v0000014208a22940_0, 0;
    %pushi/vec4 555941888, 0, 32;
    %assign/vec4 v0000014208a232a0_0, 0;
    %delay 2000, 0;
    %pushi/vec4 12, 0, 9;
    %assign/vec4 v0000014208a23160_0, 0;
    %pushi/vec4 1, 0, 1;
    %assign/vec4 v0000014208a22940_0, 0;
    %pushi/vec4 301989888, 0, 32;
    %assign/vec4 v0000014208a232a0_0, 0;
    %delay 2000, 0;
    %pushi/vec4 13, 0, 9;
    %assign/vec4 v0000014208a23160_0, 0;
    %pushi/vec4 1, 0, 1;
    %assign/vec4 v0000014208a22940_0, 0;
    %pushi/vec4 301989888, 0, 32;
    %assign/vec4 v0000014208a232a0_0, 0;
    %delay 2000, 0;
    %pushi/vec4 14, 0, 9;
    %assign/vec4 v0000014208a23160_0, 0;
    %pushi/vec4 1, 0, 1;
    %assign/vec4 v0000014208a22940_0, 0;
    %pushi/vec4 574947328, 0, 32;
    %assign/vec4 v0000014208a232a0_0, 0;
    %delay 2000, 0;
    %pushi/vec4 15, 0, 9;
    %assign/vec4 v0000014208a23160_0, 0;
    %pushi/vec4 1, 0, 1;
    %assign/vec4 v0000014208a22940_0, 0;
    %pushi/vec4 285212672, 0, 32;
    %assign/vec4 v0000014208a232a0_0, 0;
    %delay 2000, 0;
    %pushi/vec4 16, 0, 9;
    %assign/vec4 v0000014208a23160_0, 0;
    %pushi/vec4 1, 0, 1;
    %assign/vec4 v0000014208a22940_0, 0;
    %pushi/vec4 301989888, 0, 32;
    %assign/vec4 v0000014208a232a0_0, 0;
    %delay 2000, 0;
    %pushi/vec4 17, 0, 9;
    %assign/vec4 v0000014208a23160_0, 0;
    %pushi/vec4 1, 0, 1;
    %assign/vec4 v0000014208a22940_0, 0;
    %pushi/vec4 593952768, 0, 32;
    %assign/vec4 v0000014208a232a0_0, 0;
    %delay 2000, 0;
    %pushi/vec4 0, 0, 9;
    %assign/vec4 v0000014208a23160_0, 0;
    %pushi/vec4 0, 0, 1;
    %assign/vec4 v0000014208a22940_0, 0;
    %pushi/vec4 0, 0, 32;
    %assign/vec4 v0000014208a232a0_0, 0;
    %delay 1000, 0;
    %pushi/vec4 1, 0, 1;
    %assign/vec4 v0000014208a22800_0, 0;
    %delay 56000, 0;
    %pushi/vec4 0, 0, 1;
    %assign/vec4 v0000014208a22800_0, 0;
    %pushi/vec4 1, 0, 1;
    %assign/vec4 v0000014208a21fe0_0, 0;
    %delay 100000, 0;
    %vpi_call 2 317 "$stop" {0 0 0};
    %end;
    .thread T_10;
    .scope S_000001420891ec40;
T_11 ;
    %delay 1000, 0;
    %load/vec4 v0000014208a228a0_0;
    %inv;
    %store/vec4 v0000014208a228a0_0, 0, 1;
    %jmp T_11;
    .thread T_11;
    .scope S_000001420891ec40;
T_12 ;
    %wait E_0000014208914330;
    %load/vec4 v0000014208a21fe0_0;
    %flag_set/vec4 8;
    %jmp/0xz  T_12.0, 8;
    %load/vec4 v0000014208a22da0_0;
    %addi 1, 0, 4;
    %assign/vec4 v0000014208a22da0_0, 0;
T_12.0 ;
    %jmp T_12;
    .thread T_12;
    .scope S_000001420891ec40;
T_13 ;
    %vpi_call 2 326 "$dumpfile", "pro_tbe1.vcd" {0 0 0};
    %vpi_call 2 327 "$dumpvars" {0 0 0};
    %end;
    .thread T_13;
# The file index is used to find the file name in the following table.
:file_names 6;
    "N/A";
    "<interactive>";
    ".\processor.v";
    ".\alu.v";
    ".\ram.v";
    ".\regfile.v";
