#! /c/Source/iverilog-install/bin/vvp
:ivl_version "12.0 (devel)" "(s20150603-1110-g18392a46)";
:ivl_delay_selection "TYPICAL";
:vpi_time_precision - 11;
:vpi_module "D:\iVerilog\lib\ivl\system.vpi";
:vpi_module "D:\iVerilog\lib\ivl\vhdl_sys.vpi";
:vpi_module "D:\iVerilog\lib\ivl\vhdl_textio.vpi";
:vpi_module "D:\iVerilog\lib\ivl\v2005_math.vpi";
:vpi_module "D:\iVerilog\lib\ivl\va_math.vpi";
S_0000017f82ffe440 .scope module, "pro_tb2" "pro_tb2" 2 2;
 .timescale -9 -11;
v0000017f8309f100_0 .var "addr", 31 0;
v0000017f8309eac0_0 .net "cc", 2 0, L_0000017f830f8b80;  1 drivers
v0000017f8309e5c0_0 .var "clock", 0 0;
v0000017f8309e660_0 .var "flg", 0 0;
v0000017f8309f4c0_0 .net "r0", 31 0, v0000017f830934f0_0;  1 drivers
v0000017f8309f1a0_0 .net "r1", 31 0, v0000017f83093590_0;  1 drivers
v0000017f8309f380_0 .net "r2", 31 0, v0000017f83093b30_0;  1 drivers
v0000017f8309e200_0 .net "r3", 31 0, v0000017f83094490_0;  1 drivers
v0000017f8309e3e0_0 .net "r4", 31 0, v0000017f83094850_0;  1 drivers
v0000017f8309f560_0 .net "r5", 31 0, v0000017f83093ef0_0;  1 drivers
v0000017f8309e520_0 .net "r6", 31 0, v0000017f83093bd0_0;  1 drivers
v0000017f8309e700_0 .net "r7", 31 0, v0000017f830940d0_0;  1 drivers
v0000017f8309f600_0 .var "rID", 3 0;
v0000017f8309f6a0_0 .net "rdata", 31 0, L_0000017f83107ce0;  1 drivers
v0000017f8309e0c0_0 .net "valE", 31 0, L_0000017f8310ab40;  1 drivers
v0000017f8309e980_0 .var "wdata", 31 0;
v0000017f8309e2a0_0 .var "working", 0 0;
v0000017f8309e7a0_0 .var "wr", 0 0;
S_0000017f82f8b860 .scope module, "processor" "processor" 2 21, 3 3 0, S_0000017f82ffe440;
 .timescale -9 -11;
    .port_info 0 /INPUT 1 "clock";
    .port_info 1 /INPUT 32 "addr";
    .port_info 2 /INPUT 1 "wr";
    .port_info 3 /INPUT 32 "wdata";
    .port_info 4 /INPUT 1 "working";
    .port_info 5 /INPUT 4 "rID";
    .port_info 6 /OUTPUT 32 "valE";
    .port_info 7 /OUTPUT 32 "r0";
    .port_info 8 /OUTPUT 32 "r1";
    .port_info 9 /OUTPUT 32 "r2";
    .port_info 10 /OUTPUT 32 "r3";
    .port_info 11 /OUTPUT 32 "r4";
    .port_info 12 /OUTPUT 32 "r5";
    .port_info 13 /OUTPUT 32 "r6";
    .port_info 14 /OUTPUT 32 "r7";
    .port_info 15 /OUTPUT 32 "rdata";
    .port_info 16 /OUTPUT 3 "cc";
P_0000017f82f8af00 .param/l "ADD" 0 3 33, C4<00100000>;
P_0000017f82f8af38 .param/l "AND" 0 3 35, C4<00100010>;
P_0000017f82f8af70 .param/l "CMOVE" 0 3 40, C4<00110011>;
P_0000017f82f8afa8 .param/l "CMOVG" 0 3 43, C4<00110110>;
P_0000017f82f8afe0 .param/l "CMOVGE" 0 3 42, C4<00110101>;
P_0000017f82f8b018 .param/l "CMOVL" 0 3 39, C4<00110010>;
P_0000017f82f8b050 .param/l "CMOVLE" 0 3 38, C4<00110001>;
P_0000017f82f8b088 .param/l "CMOVNE" 0 3 41, C4<00110100>;
P_0000017f82f8b0c0 .param/l "HALT" 0 3 31, C4<00010001>;
P_0000017f82f8b0f8 .param/l "IRMOV" 0 3 30, C4<00010000>;
P_0000017f82f8b130 .param/l "JE" 0 3 47, C4<01110011>;
P_0000017f82f8b168 .param/l "JG" 0 3 50, C4<01110110>;
P_0000017f82f8b1a0 .param/l "JGE" 0 3 49, C4<01110101>;
P_0000017f82f8b1d8 .param/l "JL" 0 3 46, C4<01110010>;
P_0000017f82f8b210 .param/l "JLE" 0 3 45, C4<01110001>;
P_0000017f82f8b248 .param/l "JMP" 0 3 44, C4<01110000>;
P_0000017f82f8b280 .param/l "JNE" 0 3 48, C4<01110100>;
P_0000017f82f8b2b8 .param/l "NOP" 0 3 32, C4<00010010>;
P_0000017f82f8b2f0 .param/l "RRMOV" 0 3 37, C4<00110000>;
P_0000017f82f8b328 .param/l "SUB" 0 3 34, C4<00100001>;
P_0000017f82f8b360 .param/l "XOR" 0 3 36, C4<00100011>;
L_0000017f830fcc80 .functor BUFZ 32, v0000017f83092d30_0, C4<00000000000000000000000000000000>, C4<00000000000000000000000000000000>, C4<00000000000000000000000000000000>;
L_0000017f830fd230 .functor AND 1, L_0000017f831045e0, v0000017f8309e2a0_0, C4<1>, C4<1>;
L_0000017f830fccf0 .functor AND 1, L_0000017f83104cc0, v0000017f8309e2a0_0, C4<1>, C4<1>;
L_0000017f830fceb0 .functor XOR 1, L_0000017f83106020, L_0000017f83105d00, C4<0>, C4<0>;
L_0000017f830fcf20 .functor OR 1, L_0000017f830fceb0, L_0000017f831051c0, C4<0>, C4<0>;
L_0000017f830fd070 .functor AND 1, L_0000017f830fccf0, L_0000017f830fcf20, C4<1>, C4<1>;
L_0000017f830fd150 .functor AND 1, L_0000017f83105760, v0000017f8309e2a0_0, C4<1>, C4<1>;
L_0000017f830fd310 .functor XOR 1, L_0000017f83106020, L_0000017f83105d00, C4<0>, C4<0>;
L_0000017f830fd380 .functor AND 1, L_0000017f830fd150, L_0000017f830fd310, C4<1>, C4<1>;
L_0000017f8310a980 .functor AND 1, L_0000017f83104720, v0000017f8309e2a0_0, C4<1>, C4<1>;
L_0000017f8310a050 .functor AND 1, L_0000017f8310a980, L_0000017f831051c0, C4<1>, C4<1>;
L_0000017f8310ad00 .functor AND 1, L_0000017f831062a0, v0000017f8309e2a0_0, C4<1>, C4<1>;
L_0000017f83109e20 .functor NOT 1, L_0000017f831051c0, C4<0>, C4<0>, C4<0>;
L_0000017f8310abb0 .functor AND 1, L_0000017f8310ad00, L_0000017f83109e20, C4<1>, C4<1>;
L_0000017f8310a1a0 .functor AND 1, L_0000017f83104f40, v0000017f8309e2a0_0, C4<1>, C4<1>;
L_0000017f8310a6e0 .functor XOR 1, L_0000017f83106020, L_0000017f83105d00, C4<0>, C4<0>;
L_0000017f8310b860 .functor NOT 1, L_0000017f8310a6e0, C4<0>, C4<0>, C4<0>;
L_0000017f8310a910 .functor AND 1, L_0000017f8310a1a0, L_0000017f8310b860, C4<1>, C4<1>;
L_0000017f8310b1d0 .functor AND 1, L_0000017f831054e0, v0000017f8309e2a0_0, C4<1>, C4<1>;
L_0000017f8310b4e0 .functor XOR 1, L_0000017f83106020, L_0000017f83105d00, C4<0>, C4<0>;
L_0000017f8310b8d0 .functor NOT 1, L_0000017f8310b4e0, C4<0>, C4<0>, C4<0>;
L_0000017f8310a8a0 .functor NOT 1, L_0000017f831051c0, C4<0>, C4<0>, C4<0>;
L_0000017f8310a210 .functor AND 1, L_0000017f8310b8d0, L_0000017f8310a8a0, C4<1>, C4<1>;
L_0000017f8310a9f0 .functor AND 1, L_0000017f8310b1d0, L_0000017f8310a210, C4<1>, C4<1>;
L_0000017f8310ab40 .functor BUFZ 32, L_0000017f830f9260, C4<00000000000000000000000000000000>, C4<00000000000000000000000000000000>, C4<00000000000000000000000000000000>;
L_0000017f8310b240 .functor BUFZ 1, v0000017f83095cf0_0, C4<0>, C4<0>, C4<0>;
v0000017f83095cf0_0 .var "D_halt", 0 0;
v0000017f83096010_0 .var "D_icode", 3 0;
v0000017f830963d0_0 .var "D_ifun", 3 0;
v0000017f83096bf0_0 .var "D_jflg", 0 0;
v0000017f83096a10_0 .var "D_rA", 3 0;
v0000017f830965b0_0 .var "D_rB", 3 0;
v0000017f83096790_0 .var "D_valA", 31 0;
v0000017f83095930_0 .var "D_valB", 31 0;
v0000017f83096ab0_0 .var "D_valC", 15 0;
v0000017f830960b0_0 .var "E_dstE", 3 0;
v0000017f83095a70_0 .var "E_dstM", 3 0;
v0000017f83096b50_0 .var "E_halt", 0 0;
v0000017f83096f10_0 .var "E_valE", 31 0;
v0000017f83096510_0 .var "E_valM", 31 0;
v0000017f83096470_0 .net "F_read", 31 0, L_0000017f830fcc80;  1 drivers
v0000017f830968d0_0 .var "PC", 31 0;
v0000017f830966f0_0 .net *"_ivl_100", 7 0, L_0000017f83104540;  1 drivers
L_0000017f830a1cc8 .functor BUFT 1, C4<01110000>, C4<0>, C4<0>, C4<0>;
v0000017f83096650_0 .net/2u *"_ivl_102", 7 0, L_0000017f830a1cc8;  1 drivers
v0000017f83096c90_0 .net *"_ivl_104", 0 0, L_0000017f831045e0;  1 drivers
v0000017f83095b10_0 .net *"_ivl_107", 0 0, L_0000017f830fd230;  1 drivers
L_0000017f830a1d10 .functor BUFT 1, C4<01>, C4<0>, C4<0>, C4<0>;
v0000017f83096d30_0 .net/2s *"_ivl_108", 1 0, L_0000017f830a1d10;  1 drivers
v0000017f83096830_0 .net *"_ivl_110", 7 0, L_0000017f83104680;  1 drivers
L_0000017f830a1d58 .functor BUFT 1, C4<01110001>, C4<0>, C4<0>, C4<0>;
v0000017f83095bb0_0 .net/2u *"_ivl_112", 7 0, L_0000017f830a1d58;  1 drivers
v0000017f83096290_0 .net *"_ivl_114", 0 0, L_0000017f83104cc0;  1 drivers
v0000017f83096dd0_0 .net *"_ivl_117", 0 0, L_0000017f830fccf0;  1 drivers
v0000017f83095d90_0 .net *"_ivl_118", 0 0, L_0000017f830fceb0;  1 drivers
v0000017f83096e70_0 .net *"_ivl_120", 0 0, L_0000017f830fcf20;  1 drivers
v0000017f83095890_0 .net *"_ivl_123", 0 0, L_0000017f830fd070;  1 drivers
L_0000017f830a1da0 .functor BUFT 1, C4<01>, C4<0>, C4<0>, C4<0>;
v0000017f830959d0_0 .net/2s *"_ivl_124", 1 0, L_0000017f830a1da0;  1 drivers
v0000017f83095e30_0 .net *"_ivl_126", 7 0, L_0000017f831058a0;  1 drivers
L_0000017f830a1de8 .functor BUFT 1, C4<01110010>, C4<0>, C4<0>, C4<0>;
v0000017f83096150_0 .net/2u *"_ivl_128", 7 0, L_0000017f830a1de8;  1 drivers
v0000017f830961f0_0 .net *"_ivl_130", 0 0, L_0000017f83105760;  1 drivers
v0000017f83096330_0 .net *"_ivl_133", 0 0, L_0000017f830fd150;  1 drivers
v0000017f83095ed0_0 .net *"_ivl_134", 0 0, L_0000017f830fd310;  1 drivers
v0000017f83095f70_0 .net *"_ivl_137", 0 0, L_0000017f830fd380;  1 drivers
L_0000017f830a1e30 .functor BUFT 1, C4<01>, C4<0>, C4<0>, C4<0>;
v0000017f83092650_0 .net/2s *"_ivl_138", 1 0, L_0000017f830a1e30;  1 drivers
v0000017f83097960_0 .net *"_ivl_140", 7 0, L_0000017f83105120;  1 drivers
L_0000017f830a1e78 .functor BUFT 1, C4<01110011>, C4<0>, C4<0>, C4<0>;
v0000017f83098900_0 .net/2u *"_ivl_142", 7 0, L_0000017f830a1e78;  1 drivers
v0000017f83098f40_0 .net *"_ivl_144", 0 0, L_0000017f83104720;  1 drivers
v0000017f83098e00_0 .net *"_ivl_147", 0 0, L_0000017f8310a980;  1 drivers
v0000017f83098fe0_0 .net *"_ivl_149", 0 0, L_0000017f8310a050;  1 drivers
L_0000017f830a1ec0 .functor BUFT 1, C4<01>, C4<0>, C4<0>, C4<0>;
v0000017f83097aa0_0 .net/2s *"_ivl_150", 1 0, L_0000017f830a1ec0;  1 drivers
v0000017f83098b80_0 .net *"_ivl_152", 7 0, L_0000017f83104900;  1 drivers
L_0000017f830a1f08 .functor BUFT 1, C4<01110100>, C4<0>, C4<0>, C4<0>;
v0000017f83099620_0 .net/2u *"_ivl_154", 7 0, L_0000017f830a1f08;  1 drivers
v0000017f83097140_0 .net *"_ivl_156", 0 0, L_0000017f831062a0;  1 drivers
v0000017f83099260_0 .net *"_ivl_159", 0 0, L_0000017f8310ad00;  1 drivers
v0000017f83099300_0 .net *"_ivl_160", 0 0, L_0000017f83109e20;  1 drivers
v0000017f83098540_0 .net *"_ivl_163", 0 0, L_0000017f8310abb0;  1 drivers
L_0000017f830a1f50 .functor BUFT 1, C4<01>, C4<0>, C4<0>, C4<0>;
v0000017f83098040_0 .net/2s *"_ivl_164", 1 0, L_0000017f830a1f50;  1 drivers
v0000017f83097a00_0 .net *"_ivl_166", 7 0, L_0000017f83106a20;  1 drivers
L_0000017f830a1f98 .functor BUFT 1, C4<01110101>, C4<0>, C4<0>, C4<0>;
v0000017f83098720_0 .net/2u *"_ivl_168", 7 0, L_0000017f830a1f98;  1 drivers
v0000017f83097dc0_0 .net *"_ivl_170", 0 0, L_0000017f83104f40;  1 drivers
v0000017f83097e60_0 .net *"_ivl_173", 0 0, L_0000017f8310a1a0;  1 drivers
v0000017f83097b40_0 .net *"_ivl_174", 0 0, L_0000017f8310a6e0;  1 drivers
v0000017f830987c0_0 .net *"_ivl_176", 0 0, L_0000017f8310b860;  1 drivers
v0000017f83097f00_0 .net *"_ivl_179", 0 0, L_0000017f8310a910;  1 drivers
L_0000017f830a1fe0 .functor BUFT 1, C4<01>, C4<0>, C4<0>, C4<0>;
v0000017f830985e0_0 .net/2s *"_ivl_180", 1 0, L_0000017f830a1fe0;  1 drivers
v0000017f830989a0_0 .net *"_ivl_182", 7 0, L_0000017f83104c20;  1 drivers
L_0000017f830a2028 .functor BUFT 1, C4<01110110>, C4<0>, C4<0>, C4<0>;
v0000017f83099440_0 .net/2u *"_ivl_184", 7 0, L_0000017f830a2028;  1 drivers
v0000017f83097fa0_0 .net *"_ivl_186", 0 0, L_0000017f831054e0;  1 drivers
v0000017f83097640_0 .net *"_ivl_189", 0 0, L_0000017f8310b1d0;  1 drivers
v0000017f830994e0_0 .net *"_ivl_190", 0 0, L_0000017f8310b4e0;  1 drivers
v0000017f83099580_0 .net *"_ivl_192", 0 0, L_0000017f8310b8d0;  1 drivers
v0000017f83097be0_0 .net *"_ivl_194", 0 0, L_0000017f8310a8a0;  1 drivers
v0000017f830993a0_0 .net *"_ivl_196", 0 0, L_0000017f8310a210;  1 drivers
v0000017f83098a40_0 .net *"_ivl_199", 0 0, L_0000017f8310a9f0;  1 drivers
L_0000017f830a1ad0 .functor BUFT 1, C4<01>, C4<0>, C4<0>, C4<0>;
v0000017f83098360_0 .net/2s *"_ivl_2", 1 0, L_0000017f830a1ad0;  1 drivers
L_0000017f830a2070 .functor BUFT 1, C4<01>, C4<0>, C4<0>, C4<0>;
v0000017f830971e0_0 .net/2s *"_ivl_200", 1 0, L_0000017f830a2070;  1 drivers
L_0000017f830a20b8 .functor BUFT 1, C4<00>, C4<0>, C4<0>, C4<0>;
v0000017f83099120_0 .net/2s *"_ivl_202", 1 0, L_0000017f830a20b8;  1 drivers
v0000017f83098ae0_0 .net *"_ivl_204", 1 0, L_0000017f83105580;  1 drivers
v0000017f83099760_0 .net *"_ivl_206", 1 0, L_0000017f83106b60;  1 drivers
v0000017f83098ea0_0 .net *"_ivl_208", 1 0, L_0000017f831047c0;  1 drivers
v0000017f83097820_0 .net *"_ivl_210", 1 0, L_0000017f83105e40;  1 drivers
v0000017f83098c20_0 .net *"_ivl_212", 1 0, L_0000017f831060c0;  1 drivers
v0000017f83097c80_0 .net *"_ivl_214", 1 0, L_0000017f83105620;  1 drivers
v0000017f830996c0_0 .net *"_ivl_216", 1 0, L_0000017f831049a0;  1 drivers
L_0000017f830a2100 .functor BUFT 1, C4<00000000>, C4<0>, C4<0>, C4<0>;
v0000017f830973c0_0 .net/2u *"_ivl_220", 7 0, L_0000017f830a2100;  1 drivers
L_0000017f830a2148 .functor BUFT 1, C4<0000000000000000>, C4<0>, C4<0>, C4<0>;
v0000017f83099800_0 .net *"_ivl_249", 15 0, L_0000017f830a2148;  1 drivers
v0000017f830982c0_0 .net *"_ivl_254", 7 0, L_0000017f83105300;  1 drivers
L_0000017f830a2190 .functor BUFT 1, C4<00010000>, C4<0>, C4<0>, C4<0>;
v0000017f83098860_0 .net/2u *"_ivl_256", 7 0, L_0000017f830a2190;  1 drivers
v0000017f830980e0_0 .net *"_ivl_258", 0 0, L_0000017f83106160;  1 drivers
L_0000017f830a21d8 .functor BUFT 1, C4<1111>, C4<0>, C4<0>, C4<0>;
v0000017f83097460_0 .net/2u *"_ivl_260", 3 0, L_0000017f830a21d8;  1 drivers
v0000017f83097d20_0 .net *"_ivl_264", 7 0, L_0000017f83106340;  1 drivers
L_0000017f830a2220 .functor BUFT 1, C4<00100000>, C4<0>, C4<0>, C4<0>;
v0000017f83098400_0 .net/2u *"_ivl_266", 7 0, L_0000017f830a2220;  1 drivers
v0000017f83097280_0 .net *"_ivl_268", 0 0, L_0000017f83104ae0;  1 drivers
L_0000017f830a2268 .functor BUFT 1, C4<0000>, C4<0>, C4<0>, C4<0>;
v0000017f830976e0_0 .net/2u *"_ivl_270", 3 0, L_0000017f830a2268;  1 drivers
v0000017f83098cc0_0 .net *"_ivl_272", 7 0, L_0000017f831056c0;  1 drivers
L_0000017f830a22b0 .functor BUFT 1, C4<00100001>, C4<0>, C4<0>, C4<0>;
v0000017f83099080_0 .net/2u *"_ivl_274", 7 0, L_0000017f830a22b0;  1 drivers
v0000017f83098d60_0 .net *"_ivl_276", 0 0, L_0000017f83105080;  1 drivers
L_0000017f830a22f8 .functor BUFT 1, C4<0001>, C4<0>, C4<0>, C4<0>;
v0000017f83098180_0 .net/2u *"_ivl_278", 3 0, L_0000017f830a22f8;  1 drivers
v0000017f830991c0_0 .net *"_ivl_280", 7 0, L_0000017f83104b80;  1 drivers
L_0000017f830a2340 .functor BUFT 1, C4<00100010>, C4<0>, C4<0>, C4<0>;
v0000017f83098220_0 .net/2u *"_ivl_282", 7 0, L_0000017f830a2340;  1 drivers
v0000017f830970a0_0 .net *"_ivl_284", 0 0, L_0000017f831063e0;  1 drivers
L_0000017f830a2388 .functor BUFT 1, C4<0010>, C4<0>, C4<0>, C4<0>;
v0000017f830984a0_0 .net/2u *"_ivl_286", 3 0, L_0000017f830a2388;  1 drivers
v0000017f83097320_0 .net *"_ivl_288", 7 0, L_0000017f83106700;  1 drivers
L_0000017f830a23d0 .functor BUFT 1, C4<00100011>, C4<0>, C4<0>, C4<0>;
v0000017f83098680_0 .net/2u *"_ivl_290", 7 0, L_0000017f830a23d0;  1 drivers
v0000017f83097500_0 .net *"_ivl_292", 0 0, L_0000017f83105940;  1 drivers
L_0000017f830a2418 .functor BUFT 1, C4<0011>, C4<0>, C4<0>, C4<0>;
v0000017f830975a0_0 .net/2u *"_ivl_294", 3 0, L_0000017f830a2418;  1 drivers
o0000017f8303b018 .functor BUFZ 4, C4<zzzz>; HiZ drive
; Elide local net with no drivers, v0000017f83097780_0 name=_ivl_296
v0000017f830978c0_0 .net *"_ivl_298", 3 0, L_0000017f83105800;  1 drivers
v0000017f8309a980_0 .net *"_ivl_300", 3 0, L_0000017f83104d60;  1 drivers
v0000017f83099ee0_0 .net *"_ivl_302", 3 0, L_0000017f831053a0;  1 drivers
v0000017f8309a7a0_0 .net *"_ivl_320", 31 0, L_0000017f83106480;  1 drivers
L_0000017f830a2460 .functor BUFT 1, C4<0000000000000000000000000000>, C4<0>, C4<0>, C4<0>;
v0000017f8309ad40_0 .net *"_ivl_323", 27 0, L_0000017f830a2460;  1 drivers
L_0000017f830a24a8 .functor BUFT 1, C4<00000000000000000000000000000000>, C4<0>, C4<0>, C4<0>;
v0000017f8309a2a0_0 .net/2u *"_ivl_324", 31 0, L_0000017f830a24a8;  1 drivers
v0000017f83099f80_0 .net *"_ivl_326", 0 0, L_0000017f83106660;  1 drivers
v0000017f8309a0c0_0 .net *"_ivl_328", 31 0, L_0000017f83106840;  1 drivers
L_0000017f830a24f0 .functor BUFT 1, C4<0000000000000000000000000000>, C4<0>, C4<0>, C4<0>;
v0000017f83099a80_0 .net *"_ivl_331", 27 0, L_0000017f830a24f0;  1 drivers
L_0000017f830a2538 .functor BUFT 1, C4<00000000000000000000000000000001>, C4<0>, C4<0>, C4<0>;
v0000017f8309aa20_0 .net/2u *"_ivl_332", 31 0, L_0000017f830a2538;  1 drivers
v0000017f8309a5c0_0 .net *"_ivl_334", 0 0, L_0000017f83106980;  1 drivers
v0000017f8309a520_0 .net *"_ivl_336", 31 0, L_0000017f83106ac0;  1 drivers
L_0000017f830a2580 .functor BUFT 1, C4<0000000000000000000000000000>, C4<0>, C4<0>, C4<0>;
v0000017f8309a480_0 .net *"_ivl_339", 27 0, L_0000017f830a2580;  1 drivers
L_0000017f830a25c8 .functor BUFT 1, C4<00000000000000000000000000000010>, C4<0>, C4<0>, C4<0>;
v0000017f8309a8e0_0 .net/2u *"_ivl_340", 31 0, L_0000017f830a25c8;  1 drivers
v0000017f8309a700_0 .net *"_ivl_342", 0 0, L_0000017f83108820;  1 drivers
v0000017f8309aac0_0 .net *"_ivl_344", 31 0, L_0000017f83107240;  1 drivers
L_0000017f830a2610 .functor BUFT 1, C4<0000000000000000000000000000>, C4<0>, C4<0>, C4<0>;
v0000017f8309a840_0 .net *"_ivl_347", 27 0, L_0000017f830a2610;  1 drivers
L_0000017f830a2658 .functor BUFT 1, C4<00000000000000000000000000000011>, C4<0>, C4<0>, C4<0>;
v0000017f83099bc0_0 .net/2u *"_ivl_348", 31 0, L_0000017f830a2658;  1 drivers
v0000017f8309ac00_0 .net *"_ivl_350", 0 0, L_0000017f83109180;  1 drivers
v0000017f8309a020_0 .net *"_ivl_352", 31 0, L_0000017f831072e0;  1 drivers
L_0000017f830a26a0 .functor BUFT 1, C4<0000000000000000000000000000>, C4<0>, C4<0>, C4<0>;
v0000017f8309ab60_0 .net *"_ivl_355", 27 0, L_0000017f830a26a0;  1 drivers
L_0000017f830a26e8 .functor BUFT 1, C4<00000000000000000000000000000100>, C4<0>, C4<0>, C4<0>;
v0000017f8309aca0_0 .net/2u *"_ivl_356", 31 0, L_0000017f830a26e8;  1 drivers
v0000017f8309ade0_0 .net *"_ivl_358", 0 0, L_0000017f83109040;  1 drivers
v0000017f83099da0_0 .net *"_ivl_360", 31 0, L_0000017f831090e0;  1 drivers
L_0000017f830a2730 .functor BUFT 1, C4<0000000000000000000000000000>, C4<0>, C4<0>, C4<0>;
v0000017f8309ae80_0 .net *"_ivl_363", 27 0, L_0000017f830a2730;  1 drivers
L_0000017f830a2778 .functor BUFT 1, C4<00000000000000000000000000000101>, C4<0>, C4<0>, C4<0>;
v0000017f8309af20_0 .net/2u *"_ivl_364", 31 0, L_0000017f830a2778;  1 drivers
v0000017f830998a0_0 .net *"_ivl_366", 0 0, L_0000017f83108000;  1 drivers
v0000017f83099940_0 .net *"_ivl_368", 31 0, L_0000017f83107060;  1 drivers
L_0000017f830a1b60 .functor BUFT 1, C4<00010010>, C4<0>, C4<0>, C4<0>;
v0000017f83099b20_0 .net/2u *"_ivl_37", 7 0, L_0000017f830a1b60;  1 drivers
L_0000017f830a27c0 .functor BUFT 1, C4<0000000000000000000000000000>, C4<0>, C4<0>, C4<0>;
v0000017f83099d00_0 .net *"_ivl_371", 27 0, L_0000017f830a27c0;  1 drivers
L_0000017f830a2808 .functor BUFT 1, C4<00000000000000000000000000000110>, C4<0>, C4<0>, C4<0>;
v0000017f8309a660_0 .net/2u *"_ivl_372", 31 0, L_0000017f830a2808;  1 drivers
v0000017f8309a160_0 .net *"_ivl_374", 0 0, L_0000017f83108a00;  1 drivers
v0000017f8309a200_0 .net *"_ivl_376", 31 0, L_0000017f83108b40;  1 drivers
L_0000017f830a2850 .functor BUFT 1, C4<0000000000000000000000000000>, C4<0>, C4<0>, C4<0>;
v0000017f830999e0_0 .net *"_ivl_379", 27 0, L_0000017f830a2850;  1 drivers
L_0000017f830a2898 .functor BUFT 1, C4<00000000000000000000000000000111>, C4<0>, C4<0>, C4<0>;
v0000017f83099c60_0 .net/2u *"_ivl_380", 31 0, L_0000017f830a2898;  1 drivers
v0000017f83099e40_0 .net *"_ivl_382", 0 0, L_0000017f831086e0;  1 drivers
o0000017f8303b708 .functor BUFZ 32, C4<zzzzzzzzzzzzzzzzzzzzzzzzzzzzzzzz>; HiZ drive
; Elide local net with no drivers, v0000017f8309a340_0 name=_ivl_384
v0000017f8309a3e0_0 .net *"_ivl_386", 31 0, L_0000017f83107c40;  1 drivers
v0000017f8309bfa0_0 .net *"_ivl_388", 31 0, L_0000017f83107100;  1 drivers
v0000017f8309b8c0_0 .net *"_ivl_390", 31 0, L_0000017f83108dc0;  1 drivers
v0000017f8309d620_0 .net *"_ivl_392", 31 0, L_0000017f83109220;  1 drivers
v0000017f8309d260_0 .net *"_ivl_394", 31 0, L_0000017f83108c80;  1 drivers
v0000017f8309db20_0 .net *"_ivl_396", 31 0, L_0000017f83107f60;  1 drivers
v0000017f8309cd60_0 .net *"_ivl_398", 31 0, L_0000017f831074c0;  1 drivers
L_0000017f830a1b18 .functor BUFT 1, C4<00>, C4<0>, C4<0>, C4<0>;
v0000017f8309c540_0 .net/2s *"_ivl_4", 1 0, L_0000017f830a1b18;  1 drivers
v0000017f8309cae0_0 .net *"_ivl_40", 7 0, L_0000017f830faf20;  1 drivers
v0000017f8309c180_0 .net *"_ivl_41", 7 0, L_0000017f830f8ae0;  1 drivers
L_0000017f830a1ba8 .functor BUFT 1, C4<00000000>, C4<0>, C4<0>, C4<0>;
v0000017f8309d120_0 .net/2u *"_ivl_46", 7 0, L_0000017f830a1ba8;  1 drivers
v0000017f8309d760_0 .net *"_ivl_49", 7 0, L_0000017f830f9b20;  1 drivers
v0000017f8309dc60_0 .net *"_ivl_50", 7 0, L_0000017f830fa200;  1 drivers
v0000017f8309c2c0_0 .net *"_ivl_54", 0 0, L_0000017f830f9c60;  1 drivers
v0000017f8309df80_0 .net *"_ivl_56", 0 0, L_0000017f830f9d00;  1 drivers
v0000017f8309b960_0 .net *"_ivl_58", 0 0, L_0000017f830f9da0;  1 drivers
v0000017f8309bf00_0 .net *"_ivl_6", 1 0, L_0000017f830fa0c0;  1 drivers
v0000017f8309ba00_0 .net *"_ivl_60", 0 0, L_0000017f83105b20;  1 drivers
v0000017f8309da80_0 .net *"_ivl_62", 31 0, L_0000017f83104ea0;  1 drivers
v0000017f8309dda0_0 .net *"_ivl_64", 31 0, L_0000017f83106ca0;  1 drivers
v0000017f8309c4a0_0 .net *"_ivl_66", 31 0, L_0000017f83104860;  1 drivers
v0000017f8309d1c0_0 .net *"_ivl_70", 0 0, L_0000017f83106c00;  1 drivers
v0000017f8309dd00_0 .net *"_ivl_72", 0 0, L_0000017f83105a80;  1 drivers
v0000017f8309cf40_0 .net *"_ivl_74", 0 0, L_0000017f83106520;  1 drivers
v0000017f8309d3a0_0 .net *"_ivl_76", 0 0, L_0000017f83105ee0;  1 drivers
v0000017f8309bc80_0 .net *"_ivl_78", 31 0, L_0000017f831059e0;  1 drivers
v0000017f8309be60_0 .net *"_ivl_80", 31 0, L_0000017f83105bc0;  1 drivers
v0000017f8309dbc0_0 .net *"_ivl_82", 31 0, L_0000017f83104e00;  1 drivers
v0000017f8309de40_0 .net *"_ivl_86", 7 0, L_0000017f83105da0;  1 drivers
L_0000017f830a1bf0 .functor BUFT 1, C4<00010001>, C4<0>, C4<0>, C4<0>;
v0000017f8309c040_0 .net/2u *"_ivl_88", 7 0, L_0000017f830a1bf0;  1 drivers
v0000017f8309cb80_0 .net *"_ivl_90", 0 0, L_0000017f83105440;  1 drivers
L_0000017f830a1c38 .functor BUFT 1, C4<01>, C4<0>, C4<0>, C4<0>;
v0000017f8309dee0_0 .net/2s *"_ivl_92", 1 0, L_0000017f830a1c38;  1 drivers
L_0000017f830a1c80 .functor BUFT 1, C4<00>, C4<0>, C4<0>, C4<0>;
v0000017f8309c220_0 .net/2s *"_ivl_94", 1 0, L_0000017f830a1c80;  1 drivers
v0000017f8309e020_0 .net *"_ivl_96", 1 0, L_0000017f831065c0;  1 drivers
v0000017f8309d300_0 .net "addr", 31 0, v0000017f8309f100_0;  1 drivers
v0000017f8309baa0_0 .net "cc", 2 0, L_0000017f830f8b80;  alias, 1 drivers
v0000017f8309bbe0_0 .net "clock", 0 0, v0000017f8309e5c0_0;  1 drivers
v0000017f8309d940_0 .net "d_halt", 0 0, L_0000017f831068e0;  1 drivers
v0000017f8309bb40_0 .net "d_icode", 3 0, L_0000017f830fa160;  1 drivers
v0000017f8309d580_0 .net "d_ifun", 3 0, L_0000017f830fa5c0;  1 drivers
v0000017f8309d800_0 .net "d_jflg", 0 0, L_0000017f83105c60;  1 drivers
v0000017f8309bd20_0 .net "d_jpc", 31 0, L_0000017f83104a40;  1 drivers
v0000017f8309cfe0_0 .net "d_rA", 3 0, L_0000017f830fa340;  1 drivers
v0000017f8309bdc0_0 .net "d_rB", 3 0, L_0000017f830f93a0;  1 drivers
v0000017f8309c7c0_0 .net "d_valA", 31 0, L_0000017f83106200;  1 drivers
v0000017f8309cc20_0 .net "d_valA_reg", 31 0, L_0000017f830fc0a0;  1 drivers
v0000017f8309c860_0 .net "d_valB", 31 0, L_0000017f83105260;  1 drivers
v0000017f8309d440_0 .net "d_valB_reg", 31 0, L_0000017f830f9120;  1 drivers
v0000017f8309d6c0_0 .net "d_valC", 15 0, L_0000017f830fa660;  1 drivers
v0000017f8309c0e0_0 .net "e_OF", 0 0, L_0000017f83105d00;  1 drivers
v0000017f8309c5e0_0 .net "e_SF", 0 0, L_0000017f83106020;  1 drivers
v0000017f8309c360_0 .net "e_ZF", 0 0, L_0000017f831051c0;  1 drivers
v0000017f8309ccc0_0 .net "e_alufun", 3 0, L_0000017f831067a0;  1 drivers
v0000017f8309d8a0_0 .net "e_dstE", 3 0, v0000017f83096a10_0;  1 drivers
v0000017f8309c400_0 .net "e_dstM", 3 0, L_0000017f83104fe0;  1 drivers
v0000017f8309c680_0 .net "e_halt", 0 0, L_0000017f8310b240;  1 drivers
v0000017f8309c720_0 .var "e_reg_rst", 0 0;
v0000017f8309d4e0_0 .net "e_valA", 31 0, v0000017f83096790_0;  1 drivers
v0000017f8309c900_0 .net "e_valB", 31 0, v0000017f83095930_0;  1 drivers
v0000017f8309d9e0_0 .net "e_valE", 31 0, L_0000017f830f9260;  1 drivers
v0000017f8309c9a0_0 .net "e_valM", 31 0, L_0000017f83105f80;  1 drivers
v0000017f8309ca40_0 .net "f_addr", 31 0, L_0000017f830fb060;  1 drivers
v0000017f8309ce00_0 .net "f_rd", 0 0, L_0000017f830f99e0;  1 drivers
v0000017f8309cea0_0 .net "f_rdata", 31 0, v0000017f83092d30_0;  1 drivers
v0000017f8309d080_0 .net "r0", 31 0, v0000017f830934f0_0;  alias, 1 drivers
v0000017f8309eca0_0 .net "r1", 31 0, v0000017f83093590_0;  alias, 1 drivers
v0000017f8309f240_0 .net "r2", 31 0, v0000017f83093b30_0;  alias, 1 drivers
v0000017f8309ec00_0 .net "r3", 31 0, v0000017f83094490_0;  alias, 1 drivers
v0000017f8309eb60_0 .net "r4", 31 0, v0000017f83094850_0;  alias, 1 drivers
v0000017f8309f420_0 .net "r5", 31 0, v0000017f83093ef0_0;  alias, 1 drivers
v0000017f8309e8e0_0 .net "r6", 31 0, v0000017f83093bd0_0;  alias, 1 drivers
v0000017f8309ede0_0 .net "r7", 31 0, v0000017f830940d0_0;  alias, 1 drivers
v0000017f8309efc0_0 .net "rID", 3 0, v0000017f8309f600_0;  1 drivers
v0000017f8309e160_0 .net "rdata", 31 0, L_0000017f83107ce0;  alias, 1 drivers
v0000017f8309f2e0_0 .net "valE", 31 0, L_0000017f8310ab40;  alias, 1 drivers
v0000017f8309e340_0 .net "w_dstE", 3 0, v0000017f830960b0_0;  1 drivers
v0000017f8309ed40_0 .net "w_dstM", 3 0, v0000017f83095a70_0;  1 drivers
v0000017f8309e480_0 .net "w_valE", 31 0, v0000017f83096f10_0;  1 drivers
v0000017f8309f740_0 .net "w_valM", 31 0, v0000017f83096510_0;  1 drivers
v0000017f8309ee80_0 .net "wdata", 31 0, v0000017f8309e980_0;  1 drivers
v0000017f8309ef20_0 .net "working", 0 0, v0000017f8309e2a0_0;  1 drivers
v0000017f8309f060_0 .net "wr", 0 0, v0000017f8309e7a0_0;  1 drivers
L_0000017f830fb060 .functor MUXZ 32, v0000017f8309f100_0, v0000017f830968d0_0, v0000017f8309e2a0_0, C4<>;
L_0000017f830fa0c0 .functor MUXZ 2, L_0000017f830a1b18, L_0000017f830a1ad0, v0000017f8309e2a0_0, C4<>;
L_0000017f830f99e0 .part L_0000017f830fa0c0, 0, 1;
L_0000017f830fa160 .part L_0000017f830f8ae0, 4, 4;
L_0000017f830fa5c0 .part L_0000017f830f8ae0, 0, 4;
L_0000017f830faf20 .part L_0000017f830fcc80, 24, 8;
L_0000017f830f8ae0 .functor MUXZ 8, L_0000017f830faf20, L_0000017f830a1b60, v0000017f83096bf0_0, C4<>;
L_0000017f830fa340 .part L_0000017f830fa200, 4, 4;
L_0000017f830f93a0 .part L_0000017f830fa200, 0, 4;
L_0000017f830f9b20 .part L_0000017f830fcc80, 16, 8;
L_0000017f830fa200 .functor MUXZ 8, L_0000017f830f9b20, L_0000017f830a1ba8, v0000017f83096bf0_0, C4<>;
L_0000017f830fa660 .part L_0000017f830fcc80, 0, 16;
L_0000017f830f9c60 .cmp/eq 4, v0000017f83096a10_0, L_0000017f830fa340;
L_0000017f830f9d00 .cmp/eq 4, L_0000017f83104fe0, L_0000017f830fa340;
L_0000017f830f9da0 .cmp/eq 4, v0000017f830960b0_0, L_0000017f830fa340;
L_0000017f83105b20 .cmp/eq 4, v0000017f83095a70_0, L_0000017f830fa340;
L_0000017f83104ea0 .functor MUXZ 32, L_0000017f830fc0a0, v0000017f83096510_0, L_0000017f83105b20, C4<>;
L_0000017f83106ca0 .functor MUXZ 32, L_0000017f83104ea0, v0000017f83096f10_0, L_0000017f830f9da0, C4<>;
L_0000017f83104860 .functor MUXZ 32, L_0000017f83106ca0, L_0000017f83105f80, L_0000017f830f9d00, C4<>;
L_0000017f83106200 .functor MUXZ 32, L_0000017f83104860, L_0000017f830f9260, L_0000017f830f9c60, C4<>;
L_0000017f83106c00 .cmp/eq 4, v0000017f83096a10_0, L_0000017f830f93a0;
L_0000017f83105a80 .cmp/eq 4, L_0000017f83104fe0, L_0000017f830f93a0;
L_0000017f83106520 .cmp/eq 4, v0000017f830960b0_0, L_0000017f830f93a0;
L_0000017f83105ee0 .cmp/eq 4, v0000017f83095a70_0, L_0000017f830f93a0;
L_0000017f831059e0 .functor MUXZ 32, L_0000017f830f9120, v0000017f83096510_0, L_0000017f83105ee0, C4<>;
L_0000017f83105bc0 .functor MUXZ 32, L_0000017f831059e0, v0000017f83096f10_0, L_0000017f83106520, C4<>;
L_0000017f83104e00 .functor MUXZ 32, L_0000017f83105bc0, L_0000017f83105f80, L_0000017f83105a80, C4<>;
L_0000017f83105260 .functor MUXZ 32, L_0000017f83104e00, L_0000017f830f9260, L_0000017f83106c00, C4<>;
L_0000017f83105da0 .concat [ 4 4 0 0], L_0000017f830fa5c0, L_0000017f830fa160;
L_0000017f83105440 .cmp/eq 8, L_0000017f83105da0, L_0000017f830a1bf0;
L_0000017f831065c0 .functor MUXZ 2, L_0000017f830a1c80, L_0000017f830a1c38, L_0000017f83105440, C4<>;
L_0000017f831068e0 .part L_0000017f831065c0, 0, 1;
L_0000017f83104540 .concat [ 4 4 0 0], L_0000017f830fa5c0, L_0000017f830fa160;
L_0000017f831045e0 .cmp/eq 8, L_0000017f83104540, L_0000017f830a1cc8;
L_0000017f83104680 .concat [ 4 4 0 0], L_0000017f830fa5c0, L_0000017f830fa160;
L_0000017f83104cc0 .cmp/eq 8, L_0000017f83104680, L_0000017f830a1d58;
L_0000017f831058a0 .concat [ 4 4 0 0], L_0000017f830fa5c0, L_0000017f830fa160;
L_0000017f83105760 .cmp/eq 8, L_0000017f831058a0, L_0000017f830a1de8;
L_0000017f83105120 .concat [ 4 4 0 0], L_0000017f830fa5c0, L_0000017f830fa160;
L_0000017f83104720 .cmp/eq 8, L_0000017f83105120, L_0000017f830a1e78;
L_0000017f83104900 .concat [ 4 4 0 0], L_0000017f830fa5c0, L_0000017f830fa160;
L_0000017f831062a0 .cmp/eq 8, L_0000017f83104900, L_0000017f830a1f08;
L_0000017f83106a20 .concat [ 4 4 0 0], L_0000017f830fa5c0, L_0000017f830fa160;
L_0000017f83104f40 .cmp/eq 8, L_0000017f83106a20, L_0000017f830a1f98;
L_0000017f83104c20 .concat [ 4 4 0 0], L_0000017f830fa5c0, L_0000017f830fa160;
L_0000017f831054e0 .cmp/eq 8, L_0000017f83104c20, L_0000017f830a2028;
L_0000017f83105580 .functor MUXZ 2, L_0000017f830a20b8, L_0000017f830a2070, L_0000017f8310a9f0, C4<>;
L_0000017f83106b60 .functor MUXZ 2, L_0000017f83105580, L_0000017f830a1fe0, L_0000017f8310a910, C4<>;
L_0000017f831047c0 .functor MUXZ 2, L_0000017f83106b60, L_0000017f830a1f50, L_0000017f8310abb0, C4<>;
L_0000017f83105e40 .functor MUXZ 2, L_0000017f831047c0, L_0000017f830a1ec0, L_0000017f8310a050, C4<>;
L_0000017f831060c0 .functor MUXZ 2, L_0000017f83105e40, L_0000017f830a1e30, L_0000017f830fd380, C4<>;
L_0000017f83105620 .functor MUXZ 2, L_0000017f831060c0, L_0000017f830a1da0, L_0000017f830fd070, C4<>;
L_0000017f831049a0 .functor MUXZ 2, L_0000017f83105620, L_0000017f830a1d10, L_0000017f830fd230, C4<>;
L_0000017f83105c60 .part L_0000017f831049a0, 0, 1;
L_0000017f83104a40 .concat [ 16 4 4 8], L_0000017f830fa660, L_0000017f830f93a0, L_0000017f830fa340, L_0000017f830a2100;
L_0000017f83105f80 .concat [ 16 16 0 0], v0000017f83096ab0_0, L_0000017f830a2148;
L_0000017f83105300 .concat [ 4 4 0 0], v0000017f830963d0_0, v0000017f83096010_0;
L_0000017f83106160 .cmp/eq 8, L_0000017f83105300, L_0000017f830a2190;
L_0000017f83104fe0 .functor MUXZ 4, L_0000017f830a21d8, v0000017f830965b0_0, L_0000017f83106160, C4<>;
L_0000017f83106340 .concat [ 4 4 0 0], v0000017f830963d0_0, v0000017f83096010_0;
L_0000017f83104ae0 .cmp/eq 8, L_0000017f83106340, L_0000017f830a2220;
L_0000017f831056c0 .concat [ 4 4 0 0], v0000017f830963d0_0, v0000017f83096010_0;
L_0000017f83105080 .cmp/eq 8, L_0000017f831056c0, L_0000017f830a22b0;
L_0000017f83104b80 .concat [ 4 4 0 0], v0000017f830963d0_0, v0000017f83096010_0;
L_0000017f831063e0 .cmp/eq 8, L_0000017f83104b80, L_0000017f830a2340;
L_0000017f83106700 .concat [ 4 4 0 0], v0000017f830963d0_0, v0000017f83096010_0;
L_0000017f83105940 .cmp/eq 8, L_0000017f83106700, L_0000017f830a23d0;
L_0000017f83105800 .functor MUXZ 4, o0000017f8303b018, L_0000017f830a2418, L_0000017f83105940, C4<>;
L_0000017f83104d60 .functor MUXZ 4, L_0000017f83105800, L_0000017f830a2388, L_0000017f831063e0, C4<>;
L_0000017f831053a0 .functor MUXZ 4, L_0000017f83104d60, L_0000017f830a22f8, L_0000017f83105080, C4<>;
L_0000017f831067a0 .functor MUXZ 4, L_0000017f831053a0, L_0000017f830a2268, L_0000017f83104ae0, C4<>;
L_0000017f831051c0 .part L_0000017f830f8b80, 2, 1;
L_0000017f83106020 .part L_0000017f830f8b80, 1, 1;
L_0000017f83105d00 .part L_0000017f830f8b80, 0, 1;
L_0000017f83106480 .concat [ 4 28 0 0], v0000017f8309f600_0, L_0000017f830a2460;
L_0000017f83106660 .cmp/eq 32, L_0000017f83106480, L_0000017f830a24a8;
L_0000017f83106840 .concat [ 4 28 0 0], v0000017f8309f600_0, L_0000017f830a24f0;
L_0000017f83106980 .cmp/eq 32, L_0000017f83106840, L_0000017f830a2538;
L_0000017f83106ac0 .concat [ 4 28 0 0], v0000017f8309f600_0, L_0000017f830a2580;
L_0000017f83108820 .cmp/eq 32, L_0000017f83106ac0, L_0000017f830a25c8;
L_0000017f83107240 .concat [ 4 28 0 0], v0000017f8309f600_0, L_0000017f830a2610;
L_0000017f83109180 .cmp/eq 32, L_0000017f83107240, L_0000017f830a2658;
L_0000017f831072e0 .concat [ 4 28 0 0], v0000017f8309f600_0, L_0000017f830a26a0;
L_0000017f83109040 .cmp/eq 32, L_0000017f831072e0, L_0000017f830a26e8;
L_0000017f831090e0 .concat [ 4 28 0 0], v0000017f8309f600_0, L_0000017f830a2730;
L_0000017f83108000 .cmp/eq 32, L_0000017f831090e0, L_0000017f830a2778;
L_0000017f83107060 .concat [ 4 28 0 0], v0000017f8309f600_0, L_0000017f830a27c0;
L_0000017f83108a00 .cmp/eq 32, L_0000017f83107060, L_0000017f830a2808;
L_0000017f83108b40 .concat [ 4 28 0 0], v0000017f8309f600_0, L_0000017f830a2850;
L_0000017f831086e0 .cmp/eq 32, L_0000017f83108b40, L_0000017f830a2898;
L_0000017f83107c40 .functor MUXZ 32, o0000017f8303b708, v0000017f830940d0_0, L_0000017f831086e0, C4<>;
L_0000017f83107100 .functor MUXZ 32, L_0000017f83107c40, v0000017f83093bd0_0, L_0000017f83108a00, C4<>;
L_0000017f83108dc0 .functor MUXZ 32, L_0000017f83107100, v0000017f83093ef0_0, L_0000017f83108000, C4<>;
L_0000017f83109220 .functor MUXZ 32, L_0000017f83108dc0, v0000017f83094850_0, L_0000017f83109040, C4<>;
L_0000017f83108c80 .functor MUXZ 32, L_0000017f83109220, v0000017f83094490_0, L_0000017f83109180, C4<>;
L_0000017f83107f60 .functor MUXZ 32, L_0000017f83108c80, v0000017f83093b30_0, L_0000017f83108820, C4<>;
L_0000017f831074c0 .functor MUXZ 32, L_0000017f83107f60, v0000017f83093590_0, L_0000017f83106980, C4<>;
L_0000017f83107ce0 .functor MUXZ 32, L_0000017f831074c0, v0000017f830934f0_0, L_0000017f83106660, C4<>;
S_0000017f82f8b9f0 .scope module, "alu" "alu" 3 79, 4 2 0, S_0000017f82f8b860;
 .timescale -9 -11;
    .port_info 0 /INPUT 32 "aluA";
    .port_info 1 /INPUT 32 "aluB";
    .port_info 2 /INPUT 4 "alufun";
    .port_info 3 /OUTPUT 32 "valE";
    .port_info 4 /OUTPUT 3 "cc";
L_0000017f830fcc10 .functor BUFZ 32, v0000017f83096790_0, C4<00000000000000000000000000000000>, C4<00000000000000000000000000000000>, C4<00000000000000000000000000000000>;
L_0000017f830fd770 .functor BUFZ 32, v0000017f83095930_0, C4<00000000000000000000000000000000>, C4<00000000000000000000000000000000>, C4<00000000000000000000000000000000>;
L_0000017f830fd4d0 .functor BUFZ 32, L_0000017f830f9260, C4<00000000000000000000000000000000>, C4<00000000000000000000000000000000>, C4<00000000000000000000000000000000>;
L_0000017f830fd7e0 .functor AND 32, v0000017f83096790_0, v0000017f83095930_0, C4<11111111111111111111111111111111>, C4<11111111111111111111111111111111>;
L_0000017f830fcd60 .functor NOT 32, v0000017f83096790_0, C4<00000000000000000000000000000000>, C4<00000000000000000000000000000000>, C4<00000000000000000000000000000000>;
L_0000017f830fd2a0 .functor AND 32, L_0000017f830fcd60, v0000017f83095930_0, C4<11111111111111111111111111111111>, C4<11111111111111111111111111111111>;
L_0000017f830fd000 .functor NOT 32, v0000017f83095930_0, C4<00000000000000000000000000000000>, C4<00000000000000000000000000000000>, C4<00000000000000000000000000000000>;
L_0000017f830fca50 .functor AND 32, v0000017f83096790_0, L_0000017f830fd000, C4<11111111111111111111111111111111>, C4<11111111111111111111111111111111>;
L_0000017f830fd540 .functor OR 32, L_0000017f830fd2a0, L_0000017f830fca50, C4<00000000000000000000000000000000>, C4<00000000000000000000000000000000>;
L_0000017f830fd3f0 .functor AND 1, L_0000017f830f9bc0, L_0000017f830fad40, C4<1>, C4<1>;
L_0000017f830fd460 .functor AND 1, L_0000017f830fd3f0, L_0000017f830f8e00, C4<1>, C4<1>;
L_0000017f830fcba0 .functor AND 1, L_0000017f830f8f40, L_0000017f830fa480, C4<1>, C4<1>;
L_0000017f830fcdd0 .functor AND 1, L_0000017f830fcba0, L_0000017f830fa8e0, C4<1>, C4<1>;
L_0000017f830fd5b0 .functor OR 1, L_0000017f830fd460, L_0000017f830fcdd0, C4<0>, C4<0>;
L_0000017f830fc900 .functor AND 1, L_0000017f830f8c20, L_0000017f830f9940, C4<1>, C4<1>;
L_0000017f830fcac0 .functor AND 1, L_0000017f830fc900, L_0000017f830f9a80, C4<1>, C4<1>;
L_0000017f830fc970 .functor AND 1, L_0000017f830faa20, L_0000017f830f9300, C4<1>, C4<1>;
L_0000017f830fce40 .functor AND 1, L_0000017f830fc970, L_0000017f830fa2a0, C4<1>, C4<1>;
L_0000017f830fcb30 .functor OR 1, L_0000017f830fcac0, L_0000017f830fce40, C4<0>, C4<0>;
v0000017f830172d0_0 .net/s "A", 31 0, L_0000017f830fcc10;  1 drivers
v0000017f83016a10_0 .net/s "B", 31 0, L_0000017f830fd770;  1 drivers
v0000017f83016d30_0 .net/s "E", 31 0, L_0000017f830fd4d0;  1 drivers
v0000017f83016470_0 .net "OF", 0 0, L_0000017f830fae80;  1 drivers
v0000017f83016150_0 .net "SF", 0 0, L_0000017f830f9440;  1 drivers
v0000017f83016290_0 .net "ZF", 0 0, L_0000017f830f8900;  1 drivers
L_0000017f830a1650 .functor BUFT 1, C4<00000000000000000000000000000000>, C4<0>, C4<0>, C4<0>;
v0000017f83016510_0 .net/2s *"_ivl_100", 31 0, L_0000017f830a1650;  1 drivers
v0000017f83016b50_0 .net *"_ivl_102", 0 0, L_0000017f830f9bc0;  1 drivers
L_0000017f830a1698 .functor BUFT 1, C4<00000000000000000000000000000000>, C4<0>, C4<0>, C4<0>;
v0000017f83016dd0_0 .net/2s *"_ivl_104", 31 0, L_0000017f830a1698;  1 drivers
v0000017f83016e70_0 .net *"_ivl_106", 0 0, L_0000017f830fad40;  1 drivers
v0000017f83016f10_0 .net *"_ivl_109", 0 0, L_0000017f830fd3f0;  1 drivers
L_0000017f830a1188 .functor BUFT 1, C4<0000000000000000000000000000>, C4<0>, C4<0>, C4<0>;
v0000017f830165b0_0 .net *"_ivl_11", 27 0, L_0000017f830a1188;  1 drivers
L_0000017f830a16e0 .functor BUFT 1, C4<00000000000000000000000000000000>, C4<0>, C4<0>, C4<0>;
v0000017f83016fb0_0 .net/2s *"_ivl_110", 31 0, L_0000017f830a16e0;  1 drivers
v0000017f83016330_0 .net *"_ivl_112", 0 0, L_0000017f830f8e00;  1 drivers
v0000017f83017370_0 .net *"_ivl_115", 0 0, L_0000017f830fd460;  1 drivers
L_0000017f830a1728 .functor BUFT 1, C4<00000000000000000000000000000000>, C4<0>, C4<0>, C4<0>;
v0000017f830170f0_0 .net/2s *"_ivl_116", 31 0, L_0000017f830a1728;  1 drivers
v0000017f83016650_0 .net *"_ivl_118", 0 0, L_0000017f830f8f40;  1 drivers
L_0000017f830a11d0 .functor BUFT 1, C4<00000000000000000000000000000000>, C4<0>, C4<0>, C4<0>;
v0000017f83017190_0 .net/2u *"_ivl_12", 31 0, L_0000017f830a11d0;  1 drivers
L_0000017f830a1770 .functor BUFT 1, C4<00000000000000000000000000000000>, C4<0>, C4<0>, C4<0>;
v0000017f830174b0_0 .net/2s *"_ivl_120", 31 0, L_0000017f830a1770;  1 drivers
v0000017f83017410_0 .net *"_ivl_122", 0 0, L_0000017f830fa480;  1 drivers
v0000017f83005410_0 .net *"_ivl_125", 0 0, L_0000017f830fcba0;  1 drivers
L_0000017f830a17b8 .functor BUFT 1, C4<00000000000000000000000000000000>, C4<0>, C4<0>, C4<0>;
v0000017f83005370_0 .net/2s *"_ivl_126", 31 0, L_0000017f830a17b8;  1 drivers
v0000017f83005a50_0 .net *"_ivl_128", 0 0, L_0000017f830fa8e0;  1 drivers
v0000017f83006bd0_0 .net *"_ivl_131", 0 0, L_0000017f830fcdd0;  1 drivers
v0000017f830066d0_0 .net *"_ivl_133", 0 0, L_0000017f830fd5b0;  1 drivers
L_0000017f830a1800 .functor BUFT 1, C4<01>, C4<0>, C4<0>, C4<0>;
v0000017f83005af0_0 .net/2s *"_ivl_134", 1 0, L_0000017f830a1800;  1 drivers
L_0000017f830a1848 .functor BUFT 1, C4<00>, C4<0>, C4<0>, C4<0>;
v0000017f83005d70_0 .net/2s *"_ivl_136", 1 0, L_0000017f830a1848;  1 drivers
v0000017f83005e10_0 .net *"_ivl_138", 1 0, L_0000017f830fa980;  1 drivers
v0000017f83005eb0_0 .net *"_ivl_14", 0 0, L_0000017f830f94e0;  1 drivers
L_0000017f830a1890 .functor BUFT 1, C4<00000000000000000000000000000000>, C4<0>, C4<0>, C4<0>;
v0000017f82ff3270_0 .net/2s *"_ivl_140", 31 0, L_0000017f830a1890;  1 drivers
v0000017f82ff48f0_0 .net *"_ivl_142", 0 0, L_0000017f830f8c20;  1 drivers
L_0000017f830a18d8 .functor BUFT 1, C4<00000000000000000000000000000000>, C4<0>, C4<0>, C4<0>;
v0000017f82ff2e10_0 .net/2s *"_ivl_144", 31 0, L_0000017f830a18d8;  1 drivers
v0000017f82ff3f90_0 .net *"_ivl_146", 0 0, L_0000017f830f9940;  1 drivers
v0000017f82ff3db0_0 .net *"_ivl_149", 0 0, L_0000017f830fc900;  1 drivers
L_0000017f830a1920 .functor BUFT 1, C4<00000000000000000000000000000000>, C4<0>, C4<0>, C4<0>;
v0000017f82ff3770_0 .net/2s *"_ivl_150", 31 0, L_0000017f830a1920;  1 drivers
v0000017f82ff4490_0 .net *"_ivl_152", 0 0, L_0000017f830f9a80;  1 drivers
v0000017f82fdc7d0_0 .net *"_ivl_155", 0 0, L_0000017f830fcac0;  1 drivers
L_0000017f830a1968 .functor BUFT 1, C4<00000000000000000000000000000000>, C4<0>, C4<0>, C4<0>;
v0000017f82fdae30_0 .net/2s *"_ivl_156", 31 0, L_0000017f830a1968;  1 drivers
v0000017f82fdaed0_0 .net *"_ivl_158", 0 0, L_0000017f830faa20;  1 drivers
v0000017f82fdb150_0 .net *"_ivl_16", 31 0, L_0000017f830faca0;  1 drivers
L_0000017f830a19b0 .functor BUFT 1, C4<00000000000000000000000000000000>, C4<0>, C4<0>, C4<0>;
v0000017f82f88330_0 .net/2s *"_ivl_160", 31 0, L_0000017f830a19b0;  1 drivers
v0000017f82f886f0_0 .net *"_ivl_162", 0 0, L_0000017f830f9300;  1 drivers
v0000017f82fc01c0_0 .net *"_ivl_165", 0 0, L_0000017f830fc970;  1 drivers
L_0000017f830a19f8 .functor BUFT 1, C4<00000000000000000000000000000000>, C4<0>, C4<0>, C4<0>;
v0000017f82fc12a0_0 .net/2s *"_ivl_166", 31 0, L_0000017f830a19f8;  1 drivers
v0000017f8308f240_0 .net *"_ivl_168", 0 0, L_0000017f830fa2a0;  1 drivers
v0000017f83090780_0 .net *"_ivl_171", 0 0, L_0000017f830fce40;  1 drivers
v0000017f8308f9c0_0 .net *"_ivl_173", 0 0, L_0000017f830fcb30;  1 drivers
L_0000017f830a1a40 .functor BUFT 1, C4<01>, C4<0>, C4<0>, C4<0>;
v0000017f830901e0_0 .net/2s *"_ivl_174", 1 0, L_0000017f830a1a40;  1 drivers
L_0000017f830a1a88 .functor BUFT 1, C4<00>, C4<0>, C4<0>, C4<0>;
v0000017f83090aa0_0 .net/2s *"_ivl_176", 1 0, L_0000017f830a1a88;  1 drivers
v0000017f8308fba0_0 .net *"_ivl_178", 1 0, L_0000017f830fa020;  1 drivers
v0000017f8308fec0_0 .net *"_ivl_18", 31 0, L_0000017f830fa3e0;  1 drivers
v0000017f8308fc40_0 .net *"_ivl_180", 1 0, L_0000017f830fade0;  1 drivers
L_0000017f830a1218 .functor BUFT 1, C4<0000000000000000000000000000>, C4<0>, C4<0>, C4<0>;
v0000017f830905a0_0 .net *"_ivl_21", 27 0, L_0000017f830a1218;  1 drivers
L_0000017f830a1260 .functor BUFT 1, C4<00000000000000000000000000000001>, C4<0>, C4<0>, C4<0>;
v0000017f830906e0_0 .net/2u *"_ivl_22", 31 0, L_0000017f830a1260;  1 drivers
v0000017f83090be0_0 .net *"_ivl_24", 0 0, L_0000017f830f91c0;  1 drivers
v0000017f8308fa60_0 .net *"_ivl_26", 31 0, L_0000017f830f9800;  1 drivers
v0000017f830908c0_0 .net *"_ivl_28", 31 0, L_0000017f830f9620;  1 drivers
L_0000017f830a12a8 .functor BUFT 1, C4<0000000000000000000000000000>, C4<0>, C4<0>, C4<0>;
v0000017f83090820_0 .net *"_ivl_31", 27 0, L_0000017f830a12a8;  1 drivers
L_0000017f830a12f0 .functor BUFT 1, C4<00000000000000000000000000000010>, C4<0>, C4<0>, C4<0>;
v0000017f8308fce0_0 .net/2u *"_ivl_32", 31 0, L_0000017f830a12f0;  1 drivers
v0000017f83090960_0 .net *"_ivl_34", 0 0, L_0000017f830f98a0;  1 drivers
v0000017f83090b40_0 .net *"_ivl_36", 31 0, L_0000017f830fd7e0;  1 drivers
v0000017f83090500_0 .net *"_ivl_38", 31 0, L_0000017f830f9760;  1 drivers
L_0000017f830a1338 .functor BUFT 1, C4<0000000000000000000000000000>, C4<0>, C4<0>, C4<0>;
v0000017f8308f600_0 .net *"_ivl_41", 27 0, L_0000017f830a1338;  1 drivers
L_0000017f830a1380 .functor BUFT 1, C4<00000000000000000000000000000011>, C4<0>, C4<0>, C4<0>;
v0000017f83090a00_0 .net/2u *"_ivl_42", 31 0, L_0000017f830a1380;  1 drivers
v0000017f83090c80_0 .net *"_ivl_44", 0 0, L_0000017f830fafc0;  1 drivers
v0000017f8308fd80_0 .net *"_ivl_46", 31 0, L_0000017f830fcd60;  1 drivers
v0000017f83090d20_0 .net *"_ivl_48", 31 0, L_0000017f830fd2a0;  1 drivers
v0000017f8308f060_0 .net *"_ivl_50", 31 0, L_0000017f830fd000;  1 drivers
v0000017f83090460_0 .net *"_ivl_52", 31 0, L_0000017f830fca50;  1 drivers
v0000017f8308f560_0 .net *"_ivl_54", 31 0, L_0000017f830fd540;  1 drivers
o0000017f83037ec8 .functor BUFZ 32, C4<zzzzzzzzzzzzzzzzzzzzzzzzzzzzzzzz>; HiZ drive
; Elide local net with no drivers, v0000017f8308fe20_0 name=_ivl_56
v0000017f83090640_0 .net *"_ivl_58", 31 0, L_0000017f830faac0;  1 drivers
v0000017f830900a0_0 .net *"_ivl_60", 31 0, L_0000017f830fa700;  1 drivers
v0000017f83090140_0 .net *"_ivl_62", 31 0, L_0000017f830f8ea0;  1 drivers
L_0000017f830a13c8 .functor BUFT 1, C4<00000000000000000000000000000000>, C4<0>, C4<0>, C4<0>;
v0000017f83090dc0_0 .net/2u *"_ivl_66", 31 0, L_0000017f830a13c8;  1 drivers
v0000017f8308fb00_0 .net *"_ivl_68", 0 0, L_0000017f830fa7a0;  1 drivers
L_0000017f830a1410 .functor BUFT 1, C4<1>, C4<0>, C4<0>, C4<0>;
v0000017f83090e60_0 .net/2u *"_ivl_70", 0 0, L_0000017f830a1410;  1 drivers
L_0000017f830a1458 .functor BUFT 1, C4<0>, C4<0>, C4<0>, C4<0>;
v0000017f8308f4c0_0 .net/2u *"_ivl_72", 0 0, L_0000017f830a1458;  1 drivers
v0000017f83090f00_0 .net *"_ivl_77", 0 0, L_0000017f830f9ee0;  1 drivers
v0000017f83090280_0 .net *"_ivl_78", 31 0, L_0000017f830fa840;  1 drivers
v0000017f8308ff60_0 .net *"_ivl_8", 31 0, L_0000017f830f89a0;  1 drivers
L_0000017f830a14a0 .functor BUFT 1, C4<0000000000000000000000000000000>, C4<0>, C4<0>, C4<0>;
v0000017f8308f420_0 .net *"_ivl_81", 30 0, L_0000017f830a14a0;  1 drivers
L_0000017f830a14e8 .functor BUFT 1, C4<00000000000000000000000000000001>, C4<0>, C4<0>, C4<0>;
v0000017f8308f100_0 .net/2u *"_ivl_82", 31 0, L_0000017f830a14e8;  1 drivers
v0000017f830903c0_0 .net *"_ivl_84", 0 0, L_0000017f830f9f80;  1 drivers
L_0000017f830a1530 .functor BUFT 1, C4<1>, C4<0>, C4<0>, C4<0>;
v0000017f83090320_0 .net/2u *"_ivl_86", 0 0, L_0000017f830a1530;  1 drivers
L_0000017f830a1578 .functor BUFT 1, C4<0>, C4<0>, C4<0>, C4<0>;
v0000017f8308f1a0_0 .net/2u *"_ivl_88", 0 0, L_0000017f830a1578;  1 drivers
v0000017f8308f2e0_0 .net *"_ivl_92", 31 0, L_0000017f830f9580;  1 drivers
L_0000017f830a15c0 .functor BUFT 1, C4<0000000000000000000000000000>, C4<0>, C4<0>, C4<0>;
v0000017f8308f380_0 .net *"_ivl_95", 27 0, L_0000017f830a15c0;  1 drivers
L_0000017f830a1608 .functor BUFT 1, C4<00000000000000000000000000000001>, C4<0>, C4<0>, C4<0>;
v0000017f83090000_0 .net/2u *"_ivl_96", 31 0, L_0000017f830a1608;  1 drivers
v0000017f8308f6a0_0 .net *"_ivl_98", 0 0, L_0000017f830fac00;  1 drivers
v0000017f8308f740_0 .net "aluA", 31 0, v0000017f83096790_0;  alias, 1 drivers
v0000017f8308f7e0_0 .net "aluB", 31 0, v0000017f83095930_0;  alias, 1 drivers
v0000017f8308f880_0 .net "alufun", 3 0, L_0000017f831067a0;  alias, 1 drivers
v0000017f8308f920_0 .net "cc", 2 0, L_0000017f830f8b80;  alias, 1 drivers
v0000017f83091930_0 .net "valE", 31 0, L_0000017f830f9260;  alias, 1 drivers
L_0000017f830f8b80 .concat [ 1 1 1 0], L_0000017f830fae80, L_0000017f830f9440, L_0000017f830f8900;
L_0000017f830f89a0 .concat [ 4 28 0 0], L_0000017f831067a0, L_0000017f830a1188;
L_0000017f830f94e0 .cmp/eq 32, L_0000017f830f89a0, L_0000017f830a11d0;
L_0000017f830faca0 .arith/sum 32, v0000017f83096790_0, v0000017f83095930_0;
L_0000017f830fa3e0 .concat [ 4 28 0 0], L_0000017f831067a0, L_0000017f830a1218;
L_0000017f830f91c0 .cmp/eq 32, L_0000017f830fa3e0, L_0000017f830a1260;
L_0000017f830f9800 .arith/sub 32, v0000017f83096790_0, v0000017f83095930_0;
L_0000017f830f9620 .concat [ 4 28 0 0], L_0000017f831067a0, L_0000017f830a12a8;
L_0000017f830f98a0 .cmp/eq 32, L_0000017f830f9620, L_0000017f830a12f0;
L_0000017f830f9760 .concat [ 4 28 0 0], L_0000017f831067a0, L_0000017f830a1338;
L_0000017f830fafc0 .cmp/eq 32, L_0000017f830f9760, L_0000017f830a1380;
L_0000017f830faac0 .functor MUXZ 32, o0000017f83037ec8, L_0000017f830fd540, L_0000017f830fafc0, C4<>;
L_0000017f830fa700 .functor MUXZ 32, L_0000017f830faac0, L_0000017f830fd7e0, L_0000017f830f98a0, C4<>;
L_0000017f830f8ea0 .functor MUXZ 32, L_0000017f830fa700, L_0000017f830f9800, L_0000017f830f91c0, C4<>;
L_0000017f830f9260 .functor MUXZ 32, L_0000017f830f8ea0, L_0000017f830faca0, L_0000017f830f94e0, C4<>;
L_0000017f830fa7a0 .cmp/eq 32, L_0000017f830f9260, L_0000017f830a13c8;
L_0000017f830f8900 .functor MUXZ 1, L_0000017f830a1458, L_0000017f830a1410, L_0000017f830fa7a0, C4<>;
L_0000017f830f9ee0 .part L_0000017f830f9260, 31, 1;
L_0000017f830fa840 .concat [ 1 31 0 0], L_0000017f830f9ee0, L_0000017f830a14a0;
L_0000017f830f9f80 .cmp/eq 32, L_0000017f830fa840, L_0000017f830a14e8;
L_0000017f830f9440 .functor MUXZ 1, L_0000017f830a1578, L_0000017f830a1530, L_0000017f830f9f80, C4<>;
L_0000017f830f9580 .concat [ 4 28 0 0], L_0000017f831067a0, L_0000017f830a15c0;
L_0000017f830fac00 .cmp/eq 32, L_0000017f830f9580, L_0000017f830a1608;
L_0000017f830f9bc0 .cmp/gt.s 32, L_0000017f830fcc10, L_0000017f830a1650;
L_0000017f830fad40 .cmp/gt.s 32, L_0000017f830a1698, L_0000017f830fd770;
L_0000017f830f8e00 .cmp/ge.s 32, L_0000017f830a16e0, L_0000017f830fd4d0;
L_0000017f830f8f40 .cmp/gt.s 32, L_0000017f830a1728, L_0000017f830fcc10;
L_0000017f830fa480 .cmp/gt.s 32, L_0000017f830fd770, L_0000017f830a1770;
L_0000017f830fa8e0 .cmp/ge.s 32, L_0000017f830fd4d0, L_0000017f830a17b8;
L_0000017f830fa980 .functor MUXZ 2, L_0000017f830a1848, L_0000017f830a1800, L_0000017f830fd5b0, C4<>;
L_0000017f830f8c20 .cmp/gt.s 32, L_0000017f830a1890, L_0000017f830fcc10;
L_0000017f830f9940 .cmp/gt.s 32, L_0000017f830a18d8, L_0000017f830fd770;
L_0000017f830f9a80 .cmp/ge.s 32, L_0000017f830fd4d0, L_0000017f830a1920;
L_0000017f830faa20 .cmp/ge.s 32, L_0000017f830fcc10, L_0000017f830a1968;
L_0000017f830f9300 .cmp/ge.s 32, L_0000017f830fd770, L_0000017f830a19b0;
L_0000017f830fa2a0 .cmp/gt.s 32, L_0000017f830a19f8, L_0000017f830fd4d0;
L_0000017f830fa020 .functor MUXZ 2, L_0000017f830a1a88, L_0000017f830a1a40, L_0000017f830fcb30, C4<>;
L_0000017f830fade0 .functor MUXZ 2, L_0000017f830fa020, L_0000017f830fa980, L_0000017f830fac00, C4<>;
L_0000017f830fae80 .part L_0000017f830fade0, 0, 1;
S_0000017f82f8bb80 .scope module, "ram" "ram" 3 51, 5 3 0, S_0000017f82f8b860;
 .timescale -9 -11;
    .port_info 0 /INPUT 1 "clock";
    .port_info 1 /INPUT 32 "addr";
    .port_info 2 /INPUT 1 "wr";
    .port_info 3 /INPUT 32 "wdata";
    .port_info 4 /INPUT 1 "rd";
    .port_info 5 /OUTPUT 32 "rdata";
v0000017f83092c90_0 .net "addr", 31 0, L_0000017f830fb060;  alias, 1 drivers
v0000017f830928d0_0 .net "clock", 0 0, v0000017f8309e5c0_0;  alias, 1 drivers
v0000017f83091390 .array "ram", 0 255, 31 0;
v0000017f830920b0_0 .net "rd", 0 0, L_0000017f830f99e0;  alias, 1 drivers
v0000017f83092d30_0 .var "rdata", 31 0;
v0000017f83092e70_0 .net "wdata", 31 0, v0000017f8309e980_0;  alias, 1 drivers
v0000017f830921f0_0 .net "wr", 0 0, v0000017f8309e7a0_0;  alias, 1 drivers
E_0000017f82fe5b70 .event posedge, v0000017f830928d0_0;
S_0000017f82fa5360 .scope module, "regfile" "regfile" 3 59, 6 3 0, S_0000017f82f8b860;
 .timescale -9 -11;
    .port_info 0 /INPUT 4 "dstE";
    .port_info 1 /INPUT 32 "valE";
    .port_info 2 /INPUT 4 "dstM";
    .port_info 3 /INPUT 32 "valM";
    .port_info 4 /INPUT 4 "rA";
    .port_info 5 /INPUT 4 "rB";
    .port_info 6 /INPUT 1 "reset";
    .port_info 7 /INPUT 1 "clock";
    .port_info 8 /OUTPUT 32 "valA";
    .port_info 9 /OUTPUT 32 "valB";
    .port_info 10 /OUTPUT 32 "r0";
    .port_info 11 /OUTPUT 32 "r1";
    .port_info 12 /OUTPUT 32 "r2";
    .port_info 13 /OUTPUT 32 "r3";
    .port_info 14 /OUTPUT 32 "r4";
    .port_info 15 /OUTPUT 32 "r5";
    .port_info 16 /OUTPUT 32 "r6";
    .port_info 17 /OUTPUT 32 "r7";
v0000017f83091cf0_0 .net *"_ivl_0", 31 0, L_0000017f8309e840;  1 drivers
L_0000017f830a0e28 .functor BUFT 1, C4<0000000000000000000000000000>, C4<0>, C4<0>, C4<0>;
v0000017f83091250_0 .net *"_ivl_101", 27 0, L_0000017f830a0e28;  1 drivers
L_0000017f830a0e70 .functor BUFT 1, C4<00000000000000000000000000000010>, C4<0>, C4<0>, C4<0>;
v0000017f83092290_0 .net/2u *"_ivl_102", 31 0, L_0000017f830a0e70;  1 drivers
v0000017f83092330_0 .net *"_ivl_104", 0 0, L_0000017f830fb2e0;  1 drivers
v0000017f83091d90_0 .net *"_ivl_106", 31 0, L_0000017f830fc1e0;  1 drivers
L_0000017f830a0eb8 .functor BUFT 1, C4<0000000000000000000000000000>, C4<0>, C4<0>, C4<0>;
v0000017f830916b0_0 .net *"_ivl_109", 27 0, L_0000017f830a0eb8;  1 drivers
L_0000017f830a0918 .functor BUFT 1, C4<0000000000000000000000000000>, C4<0>, C4<0>, C4<0>;
v0000017f830926f0_0 .net *"_ivl_11", 27 0, L_0000017f830a0918;  1 drivers
L_0000017f830a0f00 .functor BUFT 1, C4<00000000000000000000000000000011>, C4<0>, C4<0>, C4<0>;
v0000017f83092dd0_0 .net/2u *"_ivl_110", 31 0, L_0000017f830a0f00;  1 drivers
v0000017f83092f10_0 .net *"_ivl_112", 0 0, L_0000017f830fbce0;  1 drivers
v0000017f83091070_0 .net *"_ivl_114", 31 0, L_0000017f830fc280;  1 drivers
L_0000017f830a0f48 .functor BUFT 1, C4<0000000000000000000000000000>, C4<0>, C4<0>, C4<0>;
v0000017f830912f0_0 .net *"_ivl_117", 27 0, L_0000017f830a0f48;  1 drivers
L_0000017f830a0f90 .functor BUFT 1, C4<00000000000000000000000000000100>, C4<0>, C4<0>, C4<0>;
v0000017f83092150_0 .net/2u *"_ivl_118", 31 0, L_0000017f830a0f90;  1 drivers
L_0000017f830a0960 .functor BUFT 1, C4<00000000000000000000000000000001>, C4<0>, C4<0>, C4<0>;
v0000017f830925b0_0 .net/2u *"_ivl_12", 31 0, L_0000017f830a0960;  1 drivers
v0000017f83091b10_0 .net *"_ivl_120", 0 0, L_0000017f830fb560;  1 drivers
v0000017f83091110_0 .net *"_ivl_122", 31 0, L_0000017f830fb7e0;  1 drivers
L_0000017f830a0fd8 .functor BUFT 1, C4<0000000000000000000000000000>, C4<0>, C4<0>, C4<0>;
v0000017f83091ed0_0 .net *"_ivl_125", 27 0, L_0000017f830a0fd8;  1 drivers
L_0000017f830a1020 .functor BUFT 1, C4<00000000000000000000000000000101>, C4<0>, C4<0>, C4<0>;
v0000017f830923d0_0 .net/2u *"_ivl_126", 31 0, L_0000017f830a1020;  1 drivers
v0000017f83092970_0 .net *"_ivl_128", 0 0, L_0000017f830fc6e0;  1 drivers
v0000017f83092a10_0 .net *"_ivl_130", 31 0, L_0000017f830fb880;  1 drivers
L_0000017f830a1068 .functor BUFT 1, C4<0000000000000000000000000000>, C4<0>, C4<0>, C4<0>;
v0000017f83091e30_0 .net *"_ivl_133", 27 0, L_0000017f830a1068;  1 drivers
L_0000017f830a10b0 .functor BUFT 1, C4<00000000000000000000000000000110>, C4<0>, C4<0>, C4<0>;
v0000017f830919d0_0 .net/2u *"_ivl_134", 31 0, L_0000017f830a10b0;  1 drivers
v0000017f83092790_0 .net *"_ivl_136", 0 0, L_0000017f830fb9c0;  1 drivers
v0000017f830911b0_0 .net *"_ivl_138", 31 0, L_0000017f830fba60;  1 drivers
v0000017f83092830_0 .net *"_ivl_14", 0 0, L_0000017f830fbf60;  1 drivers
L_0000017f830a10f8 .functor BUFT 1, C4<0000000000000000000000000000>, C4<0>, C4<0>, C4<0>;
v0000017f83092470_0 .net *"_ivl_141", 27 0, L_0000017f830a10f8;  1 drivers
L_0000017f830a1140 .functor BUFT 1, C4<00000000000000000000000000000111>, C4<0>, C4<0>, C4<0>;
v0000017f83091f70_0 .net/2u *"_ivl_142", 31 0, L_0000017f830a1140;  1 drivers
v0000017f83092010_0 .net *"_ivl_144", 0 0, L_0000017f830f9e40;  1 drivers
o0000017f83038bb8 .functor BUFZ 32, C4<zzzzzzzzzzzzzzzzzzzzzzzzzzzzzzzz>; HiZ drive
; Elide local net with no drivers, v0000017f83092ab0_0 name=_ivl_146
v0000017f83091430_0 .net *"_ivl_148", 31 0, L_0000017f830f8a40;  1 drivers
v0000017f83092b50_0 .net *"_ivl_150", 31 0, L_0000017f830f8d60;  1 drivers
v0000017f83092510_0 .net *"_ivl_152", 31 0, L_0000017f830f8fe0;  1 drivers
v0000017f83092bf0_0 .net *"_ivl_154", 31 0, L_0000017f830fab60;  1 drivers
v0000017f830914d0_0 .net *"_ivl_156", 31 0, L_0000017f830fa520;  1 drivers
v0000017f83091570_0 .net *"_ivl_158", 31 0, L_0000017f830f9080;  1 drivers
v0000017f830917f0_0 .net *"_ivl_16", 31 0, L_0000017f830fc000;  1 drivers
v0000017f83091610_0 .net *"_ivl_160", 31 0, L_0000017f830f8cc0;  1 drivers
L_0000017f830a09a8 .functor BUFT 1, C4<0000000000000000000000000000>, C4<0>, C4<0>, C4<0>;
v0000017f83091750_0 .net *"_ivl_19", 27 0, L_0000017f830a09a8;  1 drivers
L_0000017f830a09f0 .functor BUFT 1, C4<00000000000000000000000000000010>, C4<0>, C4<0>, C4<0>;
v0000017f83091890_0 .net/2u *"_ivl_20", 31 0, L_0000017f830a09f0;  1 drivers
v0000017f83091a70_0 .net *"_ivl_22", 0 0, L_0000017f830fbe20;  1 drivers
v0000017f83091bb0_0 .net *"_ivl_24", 31 0, L_0000017f830fc3c0;  1 drivers
L_0000017f830a0a38 .functor BUFT 1, C4<0000000000000000000000000000>, C4<0>, C4<0>, C4<0>;
v0000017f83091c50_0 .net *"_ivl_27", 27 0, L_0000017f830a0a38;  1 drivers
L_0000017f830a0a80 .functor BUFT 1, C4<00000000000000000000000000000011>, C4<0>, C4<0>, C4<0>;
v0000017f83095110_0 .net/2u *"_ivl_28", 31 0, L_0000017f830a0a80;  1 drivers
L_0000017f830a0888 .functor BUFT 1, C4<0000000000000000000000000000>, C4<0>, C4<0>, C4<0>;
v0000017f83094a30_0 .net *"_ivl_3", 27 0, L_0000017f830a0888;  1 drivers
v0000017f83095750_0 .net *"_ivl_30", 0 0, L_0000017f830fb6a0;  1 drivers
v0000017f83094fd0_0 .net *"_ivl_32", 31 0, L_0000017f830fb380;  1 drivers
L_0000017f830a0ac8 .functor BUFT 1, C4<0000000000000000000000000000>, C4<0>, C4<0>, C4<0>;
v0000017f83093c70_0 .net *"_ivl_35", 27 0, L_0000017f830a0ac8;  1 drivers
L_0000017f830a0b10 .functor BUFT 1, C4<00000000000000000000000000000100>, C4<0>, C4<0>, C4<0>;
v0000017f83093950_0 .net/2u *"_ivl_36", 31 0, L_0000017f830a0b10;  1 drivers
v0000017f83095250_0 .net *"_ivl_38", 0 0, L_0000017f830fb240;  1 drivers
L_0000017f830a08d0 .functor BUFT 1, C4<00000000000000000000000000000000>, C4<0>, C4<0>, C4<0>;
v0000017f83093f90_0 .net/2u *"_ivl_4", 31 0, L_0000017f830a08d0;  1 drivers
v0000017f83094350_0 .net *"_ivl_40", 31 0, L_0000017f830fbd80;  1 drivers
L_0000017f830a0b58 .functor BUFT 1, C4<0000000000000000000000000000>, C4<0>, C4<0>, C4<0>;
v0000017f83094030_0 .net *"_ivl_43", 27 0, L_0000017f830a0b58;  1 drivers
L_0000017f830a0ba0 .functor BUFT 1, C4<00000000000000000000000000000101>, C4<0>, C4<0>, C4<0>;
v0000017f83094c10_0 .net/2u *"_ivl_44", 31 0, L_0000017f830a0ba0;  1 drivers
v0000017f83094df0_0 .net *"_ivl_46", 0 0, L_0000017f830fbb00;  1 drivers
v0000017f830947b0_0 .net *"_ivl_48", 31 0, L_0000017f830fb420;  1 drivers
L_0000017f830a0be8 .functor BUFT 1, C4<0000000000000000000000000000>, C4<0>, C4<0>, C4<0>;
v0000017f83093db0_0 .net *"_ivl_51", 27 0, L_0000017f830a0be8;  1 drivers
L_0000017f830a0c30 .functor BUFT 1, C4<00000000000000000000000000000110>, C4<0>, C4<0>, C4<0>;
v0000017f83095070_0 .net/2u *"_ivl_52", 31 0, L_0000017f830a0c30;  1 drivers
v0000017f83094e90_0 .net *"_ivl_54", 0 0, L_0000017f830fc780;  1 drivers
v0000017f830942b0_0 .net *"_ivl_56", 31 0, L_0000017f830fb100;  1 drivers
L_0000017f830a0c78 .functor BUFT 1, C4<0000000000000000000000000000>, C4<0>, C4<0>, C4<0>;
v0000017f83093270_0 .net *"_ivl_59", 27 0, L_0000017f830a0c78;  1 drivers
v0000017f830952f0_0 .net *"_ivl_6", 0 0, L_0000017f8309ea20;  1 drivers
L_0000017f830a0cc0 .functor BUFT 1, C4<00000000000000000000000000000111>, C4<0>, C4<0>, C4<0>;
v0000017f83094990_0 .net/2u *"_ivl_60", 31 0, L_0000017f830a0cc0;  1 drivers
v0000017f83094f30_0 .net *"_ivl_62", 0 0, L_0000017f830fc500;  1 drivers
o0000017f83039248 .functor BUFZ 32, C4<zzzzzzzzzzzzzzzzzzzzzzzzzzzzzzzz>; HiZ drive
; Elide local net with no drivers, v0000017f83094670_0 name=_ivl_64
v0000017f830939f0_0 .net *"_ivl_66", 31 0, L_0000017f830fbec0;  1 drivers
v0000017f830951b0_0 .net *"_ivl_68", 31 0, L_0000017f830fc640;  1 drivers
v0000017f83093d10_0 .net *"_ivl_70", 31 0, L_0000017f830fb4c0;  1 drivers
v0000017f83094710_0 .net *"_ivl_72", 31 0, L_0000017f830fc5a0;  1 drivers
v0000017f83095390_0 .net *"_ivl_74", 31 0, L_0000017f830fb740;  1 drivers
v0000017f83095430_0 .net *"_ivl_76", 31 0, L_0000017f830fb920;  1 drivers
v0000017f83093770_0 .net *"_ivl_78", 31 0, L_0000017f830fbba0;  1 drivers
v0000017f83093e50_0 .net *"_ivl_8", 31 0, L_0000017f830fb600;  1 drivers
v0000017f830938b0_0 .net *"_ivl_82", 31 0, L_0000017f830fb1a0;  1 drivers
L_0000017f830a0d08 .functor BUFT 1, C4<0000000000000000000000000000>, C4<0>, C4<0>, C4<0>;
v0000017f830933b0_0 .net *"_ivl_85", 27 0, L_0000017f830a0d08;  1 drivers
L_0000017f830a0d50 .functor BUFT 1, C4<00000000000000000000000000000000>, C4<0>, C4<0>, C4<0>;
v0000017f83094d50_0 .net/2u *"_ivl_86", 31 0, L_0000017f830a0d50;  1 drivers
v0000017f830945d0_0 .net *"_ivl_88", 0 0, L_0000017f830fc320;  1 drivers
v0000017f83093630_0 .net *"_ivl_90", 31 0, L_0000017f830fc460;  1 drivers
L_0000017f830a0d98 .functor BUFT 1, C4<0000000000000000000000000000>, C4<0>, C4<0>, C4<0>;
v0000017f830954d0_0 .net *"_ivl_93", 27 0, L_0000017f830a0d98;  1 drivers
L_0000017f830a0de0 .functor BUFT 1, C4<00000000000000000000000000000001>, C4<0>, C4<0>, C4<0>;
v0000017f83095570_0 .net/2u *"_ivl_94", 31 0, L_0000017f830a0de0;  1 drivers
v0000017f830936d0_0 .net *"_ivl_96", 0 0, L_0000017f830fc140;  1 drivers
v0000017f83095610_0 .net *"_ivl_98", 31 0, L_0000017f830fbc40;  1 drivers
v0000017f830956b0_0 .net "clock", 0 0, v0000017f8309e5c0_0;  alias, 1 drivers
v0000017f83094cb0_0 .net "dstE", 3 0, v0000017f830960b0_0;  alias, 1 drivers
v0000017f830957f0_0 .net "dstM", 3 0, v0000017f83095a70_0;  alias, 1 drivers
v0000017f83093090_0 .net "r0", 31 0, v0000017f830934f0_0;  alias, 1 drivers
v0000017f830943f0_0 .net "r1", 31 0, v0000017f83093590_0;  alias, 1 drivers
v0000017f83093130_0 .net "r2", 31 0, v0000017f83093b30_0;  alias, 1 drivers
v0000017f830931d0_0 .net "r3", 31 0, v0000017f83094490_0;  alias, 1 drivers
v0000017f83094ad0_0 .net "r4", 31 0, v0000017f83094850_0;  alias, 1 drivers
v0000017f83093310_0 .net "r5", 31 0, v0000017f83093ef0_0;  alias, 1 drivers
v0000017f83093450_0 .net "r6", 31 0, v0000017f83093bd0_0;  alias, 1 drivers
v0000017f83093810_0 .net "r7", 31 0, v0000017f830940d0_0;  alias, 1 drivers
v0000017f83094b70_0 .net "rA", 3 0, L_0000017f830fa340;  alias, 1 drivers
v0000017f83093a90_0 .net "rB", 3 0, L_0000017f830f93a0;  alias, 1 drivers
v0000017f830934f0_0 .var "r_r0", 31 0;
v0000017f83093590_0 .var "r_r1", 31 0;
v0000017f83093b30_0 .var "r_r2", 31 0;
v0000017f83094490_0 .var "r_r3", 31 0;
v0000017f83094850_0 .var "r_r4", 31 0;
v0000017f83093ef0_0 .var "r_r5", 31 0;
v0000017f83093bd0_0 .var "r_r6", 31 0;
v0000017f830940d0_0 .var "r_r7", 31 0;
v0000017f83094170_0 .net "reset", 0 0, v0000017f8309c720_0;  1 drivers
v0000017f83094210_0 .net "valA", 31 0, L_0000017f830fc0a0;  alias, 1 drivers
v0000017f83094530_0 .net "valB", 31 0, L_0000017f830f9120;  alias, 1 drivers
v0000017f830948f0_0 .net "valE", 31 0, v0000017f83096f10_0;  alias, 1 drivers
v0000017f83095c50_0 .net "valM", 31 0, v0000017f83096510_0;  alias, 1 drivers
E_0000017f82fe5830/0 .event negedge, v0000017f83094170_0;
E_0000017f82fe5830/1 .event posedge, v0000017f830928d0_0;
E_0000017f82fe5830 .event/or E_0000017f82fe5830/0, E_0000017f82fe5830/1;
L_0000017f8309e840 .concat [ 4 28 0 0], L_0000017f830fa340, L_0000017f830a0888;
L_0000017f8309ea20 .cmp/eq 32, L_0000017f8309e840, L_0000017f830a08d0;
L_0000017f830fb600 .concat [ 4 28 0 0], L_0000017f830fa340, L_0000017f830a0918;
L_0000017f830fbf60 .cmp/eq 32, L_0000017f830fb600, L_0000017f830a0960;
L_0000017f830fc000 .concat [ 4 28 0 0], L_0000017f830fa340, L_0000017f830a09a8;
L_0000017f830fbe20 .cmp/eq 32, L_0000017f830fc000, L_0000017f830a09f0;
L_0000017f830fc3c0 .concat [ 4 28 0 0], L_0000017f830fa340, L_0000017f830a0a38;
L_0000017f830fb6a0 .cmp/eq 32, L_0000017f830fc3c0, L_0000017f830a0a80;
L_0000017f830fb380 .concat [ 4 28 0 0], L_0000017f830fa340, L_0000017f830a0ac8;
L_0000017f830fb240 .cmp/eq 32, L_0000017f830fb380, L_0000017f830a0b10;
L_0000017f830fbd80 .concat [ 4 28 0 0], L_0000017f830fa340, L_0000017f830a0b58;
L_0000017f830fbb00 .cmp/eq 32, L_0000017f830fbd80, L_0000017f830a0ba0;
L_0000017f830fb420 .concat [ 4 28 0 0], L_0000017f830fa340, L_0000017f830a0be8;
L_0000017f830fc780 .cmp/eq 32, L_0000017f830fb420, L_0000017f830a0c30;
L_0000017f830fb100 .concat [ 4 28 0 0], L_0000017f830fa340, L_0000017f830a0c78;
L_0000017f830fc500 .cmp/eq 32, L_0000017f830fb100, L_0000017f830a0cc0;
L_0000017f830fbec0 .functor MUXZ 32, o0000017f83039248, v0000017f830940d0_0, L_0000017f830fc500, C4<>;
L_0000017f830fc640 .functor MUXZ 32, L_0000017f830fbec0, v0000017f83093bd0_0, L_0000017f830fc780, C4<>;
L_0000017f830fb4c0 .functor MUXZ 32, L_0000017f830fc640, v0000017f83093ef0_0, L_0000017f830fbb00, C4<>;
L_0000017f830fc5a0 .functor MUXZ 32, L_0000017f830fb4c0, v0000017f83094850_0, L_0000017f830fb240, C4<>;
L_0000017f830fb740 .functor MUXZ 32, L_0000017f830fc5a0, v0000017f83094490_0, L_0000017f830fb6a0, C4<>;
L_0000017f830fb920 .functor MUXZ 32, L_0000017f830fb740, v0000017f83093b30_0, L_0000017f830fbe20, C4<>;
L_0000017f830fbba0 .functor MUXZ 32, L_0000017f830fb920, v0000017f83093590_0, L_0000017f830fbf60, C4<>;
L_0000017f830fc0a0 .functor MUXZ 32, L_0000017f830fbba0, v0000017f830934f0_0, L_0000017f8309ea20, C4<>;
L_0000017f830fb1a0 .concat [ 4 28 0 0], L_0000017f830f93a0, L_0000017f830a0d08;
L_0000017f830fc320 .cmp/eq 32, L_0000017f830fb1a0, L_0000017f830a0d50;
L_0000017f830fc460 .concat [ 4 28 0 0], L_0000017f830f93a0, L_0000017f830a0d98;
L_0000017f830fc140 .cmp/eq 32, L_0000017f830fc460, L_0000017f830a0de0;
L_0000017f830fbc40 .concat [ 4 28 0 0], L_0000017f830f93a0, L_0000017f830a0e28;
L_0000017f830fb2e0 .cmp/eq 32, L_0000017f830fbc40, L_0000017f830a0e70;
L_0000017f830fc1e0 .concat [ 4 28 0 0], L_0000017f830f93a0, L_0000017f830a0eb8;
L_0000017f830fbce0 .cmp/eq 32, L_0000017f830fc1e0, L_0000017f830a0f00;
L_0000017f830fc280 .concat [ 4 28 0 0], L_0000017f830f93a0, L_0000017f830a0f48;
L_0000017f830fb560 .cmp/eq 32, L_0000017f830fc280, L_0000017f830a0f90;
L_0000017f830fb7e0 .concat [ 4 28 0 0], L_0000017f830f93a0, L_0000017f830a0fd8;
L_0000017f830fc6e0 .cmp/eq 32, L_0000017f830fb7e0, L_0000017f830a1020;
L_0000017f830fb880 .concat [ 4 28 0 0], L_0000017f830f93a0, L_0000017f830a1068;
L_0000017f830fb9c0 .cmp/eq 32, L_0000017f830fb880, L_0000017f830a10b0;
L_0000017f830fba60 .concat [ 4 28 0 0], L_0000017f830f93a0, L_0000017f830a10f8;
L_0000017f830f9e40 .cmp/eq 32, L_0000017f830fba60, L_0000017f830a1140;
L_0000017f830f8a40 .functor MUXZ 32, o0000017f83038bb8, v0000017f830940d0_0, L_0000017f830f9e40, C4<>;
L_0000017f830f8d60 .functor MUXZ 32, L_0000017f830f8a40, v0000017f83093bd0_0, L_0000017f830fb9c0, C4<>;
L_0000017f830f8fe0 .functor MUXZ 32, L_0000017f830f8d60, v0000017f83093ef0_0, L_0000017f830fc6e0, C4<>;
L_0000017f830fab60 .functor MUXZ 32, L_0000017f830f8fe0, v0000017f83094850_0, L_0000017f830fb560, C4<>;
L_0000017f830fa520 .functor MUXZ 32, L_0000017f830fab60, v0000017f83094490_0, L_0000017f830fbce0, C4<>;
L_0000017f830f9080 .functor MUXZ 32, L_0000017f830fa520, v0000017f83093b30_0, L_0000017f830fb2e0, C4<>;
L_0000017f830f8cc0 .functor MUXZ 32, L_0000017f830f9080, v0000017f83093590_0, L_0000017f830fc140, C4<>;
L_0000017f830f9120 .functor MUXZ 32, L_0000017f830f8cc0, v0000017f830934f0_0, L_0000017f830fc320, C4<>;
    .scope S_0000017f82f8bb80;
T_0 ;
    %pushi/vec4 0, 4294967295, 32;
    %store/vec4 v0000017f83092d30_0, 0, 32;
    %end;
    .thread T_0;
    .scope S_0000017f82f8bb80;
T_1 ;
    %wait E_0000017f82fe5b70;
    %load/vec4 v0000017f830921f0_0;
    %flag_set/vec4 8;
    %jmp/0xz  T_1.0, 8;
    %load/vec4 v0000017f83092e70_0;
    %ix/getv 3, v0000017f83092c90_0;
    %ix/load 4, 0, 0; Constant delay
    %assign/vec4/a/d v0000017f83091390, 0, 4;
T_1.0 ;
    %load/vec4 v0000017f830920b0_0;
    %flag_set/vec4 8;
    %jmp/0xz  T_1.2, 8;
    %ix/getv 4, v0000017f83092c90_0;
    %load/vec4a v0000017f83091390, 4;
    %assign/vec4 v0000017f83092d30_0, 0;
    %jmp T_1.3;
T_1.2 ;
    %pushi/vec4 0, 4294967295, 32;
    %assign/vec4 v0000017f83092d30_0, 0;
T_1.3 ;
    %jmp T_1;
    .thread T_1;
    .scope S_0000017f82fa5360;
T_2 ;
    %wait E_0000017f82fe5830;
    %load/vec4 v0000017f83094170_0;
    %flag_set/vec4 8;
    %jmp/0xz  T_2.0, 8;
    %pushi/vec4 0, 0, 32;
    %assign/vec4 v0000017f830934f0_0, 0;
    %pushi/vec4 0, 0, 32;
    %assign/vec4 v0000017f83093590_0, 0;
    %pushi/vec4 0, 0, 32;
    %assign/vec4 v0000017f83093b30_0, 0;
    %pushi/vec4 0, 0, 32;
    %assign/vec4 v0000017f83094490_0, 0;
    %pushi/vec4 0, 0, 32;
    %assign/vec4 v0000017f83094850_0, 0;
    %pushi/vec4 0, 0, 32;
    %assign/vec4 v0000017f83093ef0_0, 0;
    %pushi/vec4 0, 0, 32;
    %assign/vec4 v0000017f83093bd0_0, 0;
    %pushi/vec4 0, 0, 32;
    %assign/vec4 v0000017f830940d0_0, 0;
    %jmp T_2.1;
T_2.0 ;
    %load/vec4 v0000017f83094cb0_0;
    %dup/vec4;
    %pushi/vec4 0, 0, 4;
    %cmp/u;
    %jmp/1 T_2.2, 6;
    %dup/vec4;
    %pushi/vec4 1, 0, 4;
    %cmp/u;
    %jmp/1 T_2.3, 6;
    %dup/vec4;
    %pushi/vec4 2, 0, 4;
    %cmp/u;
    %jmp/1 T_2.4, 6;
    %dup/vec4;
    %pushi/vec4 3, 0, 4;
    %cmp/u;
    %jmp/1 T_2.5, 6;
    %dup/vec4;
    %pushi/vec4 4, 0, 4;
    %cmp/u;
    %jmp/1 T_2.6, 6;
    %dup/vec4;
    %pushi/vec4 5, 0, 4;
    %cmp/u;
    %jmp/1 T_2.7, 6;
    %dup/vec4;
    %pushi/vec4 6, 0, 4;
    %cmp/u;
    %jmp/1 T_2.8, 6;
    %dup/vec4;
    %pushi/vec4 7, 0, 4;
    %cmp/u;
    %jmp/1 T_2.9, 6;
    %jmp T_2.10;
T_2.2 ;
    %load/vec4 v0000017f830948f0_0;
    %assign/vec4 v0000017f830934f0_0, 0;
    %jmp T_2.10;
T_2.3 ;
    %load/vec4 v0000017f830948f0_0;
    %assign/vec4 v0000017f83093590_0, 0;
    %jmp T_2.10;
T_2.4 ;
    %load/vec4 v0000017f830948f0_0;
    %assign/vec4 v0000017f83093b30_0, 0;
    %jmp T_2.10;
T_2.5 ;
    %load/vec4 v0000017f830948f0_0;
    %assign/vec4 v0000017f83094490_0, 0;
    %jmp T_2.10;
T_2.6 ;
    %load/vec4 v0000017f830948f0_0;
    %assign/vec4 v0000017f83094850_0, 0;
    %jmp T_2.10;
T_2.7 ;
    %load/vec4 v0000017f830948f0_0;
    %assign/vec4 v0000017f83093ef0_0, 0;
    %jmp T_2.10;
T_2.8 ;
    %load/vec4 v0000017f830948f0_0;
    %assign/vec4 v0000017f83093bd0_0, 0;
    %jmp T_2.10;
T_2.9 ;
    %load/vec4 v0000017f830948f0_0;
    %assign/vec4 v0000017f830940d0_0, 0;
    %jmp T_2.10;
T_2.10 ;
    %pop/vec4 1;
    %load/vec4 v0000017f830957f0_0;
    %dup/vec4;
    %pushi/vec4 0, 0, 4;
    %cmp/u;
    %jmp/1 T_2.11, 6;
    %dup/vec4;
    %pushi/vec4 1, 0, 4;
    %cmp/u;
    %jmp/1 T_2.12, 6;
    %dup/vec4;
    %pushi/vec4 2, 0, 4;
    %cmp/u;
    %jmp/1 T_2.13, 6;
    %dup/vec4;
    %pushi/vec4 3, 0, 4;
    %cmp/u;
    %jmp/1 T_2.14, 6;
    %dup/vec4;
    %pushi/vec4 4, 0, 4;
    %cmp/u;
    %jmp/1 T_2.15, 6;
    %dup/vec4;
    %pushi/vec4 5, 0, 4;
    %cmp/u;
    %jmp/1 T_2.16, 6;
    %dup/vec4;
    %pushi/vec4 6, 0, 4;
    %cmp/u;
    %jmp/1 T_2.17, 6;
    %dup/vec4;
    %pushi/vec4 7, 0, 4;
    %cmp/u;
    %jmp/1 T_2.18, 6;
    %jmp T_2.19;
T_2.11 ;
    %load/vec4 v0000017f83095c50_0;
    %assign/vec4 v0000017f830934f0_0, 0;
    %jmp T_2.19;
T_2.12 ;
    %load/vec4 v0000017f83095c50_0;
    %assign/vec4 v0000017f83093590_0, 0;
    %jmp T_2.19;
T_2.13 ;
    %load/vec4 v0000017f83095c50_0;
    %assign/vec4 v0000017f83093b30_0, 0;
    %jmp T_2.19;
T_2.14 ;
    %load/vec4 v0000017f83095c50_0;
    %assign/vec4 v0000017f83094490_0, 0;
    %jmp T_2.19;
T_2.15 ;
    %load/vec4 v0000017f83095c50_0;
    %assign/vec4 v0000017f83094850_0, 0;
    %jmp T_2.19;
T_2.16 ;
    %load/vec4 v0000017f83095c50_0;
    %assign/vec4 v0000017f83093ef0_0, 0;
    %jmp T_2.19;
T_2.17 ;
    %load/vec4 v0000017f83095c50_0;
    %assign/vec4 v0000017f83093bd0_0, 0;
    %jmp T_2.19;
T_2.18 ;
    %load/vec4 v0000017f83095c50_0;
    %assign/vec4 v0000017f830940d0_0, 0;
    %jmp T_2.19;
T_2.19 ;
    %pop/vec4 1;
T_2.1 ;
    %jmp T_2;
    .thread T_2;
    .scope S_0000017f82f8b860;
T_3 ;
    %pushi/vec4 0, 0, 32;
    %store/vec4 v0000017f830968d0_0, 0, 32;
    %pushi/vec4 0, 15, 4;
    %store/vec4 v0000017f83096010_0, 0, 4;
    %pushi/vec4 0, 15, 4;
    %store/vec4 v0000017f830963d0_0, 0, 4;
    %pushi/vec4 0, 15, 4;
    %store/vec4 v0000017f83096a10_0, 0, 4;
    %pushi/vec4 0, 15, 4;
    %store/vec4 v0000017f830965b0_0, 0, 4;
    %pushi/vec4 0, 4294967295, 32;
    %store/vec4 v0000017f83096790_0, 0, 32;
    %pushi/vec4 0, 4294967295, 32;
    %store/vec4 v0000017f83095930_0, 0, 32;
    %pushi/vec4 0, 65535, 16;
    %store/vec4 v0000017f83096ab0_0, 0, 16;
    %pushi/vec4 0, 1, 1;
    %store/vec4 v0000017f83095cf0_0, 0, 1;
    %pushi/vec4 0, 0, 1;
    %store/vec4 v0000017f83096bf0_0, 0, 1;
    %pushi/vec4 0, 15, 4;
    %store/vec4 v0000017f83095a70_0, 0, 4;
    %pushi/vec4 0, 4294967295, 32;
    %store/vec4 v0000017f83096510_0, 0, 32;
    %pushi/vec4 0, 15, 4;
    %store/vec4 v0000017f830960b0_0, 0, 4;
    %pushi/vec4 0, 4294967295, 32;
    %store/vec4 v0000017f83096f10_0, 0, 32;
    %pushi/vec4 0, 1, 1;
    %store/vec4 v0000017f83096b50_0, 0, 1;
    %end;
    .thread T_3;
    .scope S_0000017f82f8b860;
T_4 ;
    %wait E_0000017f82fe5b70;
    %load/vec4 v0000017f8309ef20_0;
    %flag_set/vec4 8;
    %jmp/0xz  T_4.0, 8;
    %load/vec4 v0000017f8309d800_0;
    %dup/vec4;
    %pushi/vec4 0, 0, 1;
    %cmp/u;
    %jmp/1 T_4.2, 6;
    %dup/vec4;
    %pushi/vec4 1, 0, 1;
    %cmp/u;
    %jmp/1 T_4.3, 6;
    %load/vec4 v0000017f830968d0_0;
    %addi 1, 0, 32;
    %assign/vec4 v0000017f830968d0_0, 0;
    %jmp T_4.5;
T_4.2 ;
    %load/vec4 v0000017f830968d0_0;
    %addi 1, 0, 32;
    %assign/vec4 v0000017f830968d0_0, 0;
    %jmp T_4.5;
T_4.3 ;
    %load/vec4 v0000017f8309bd20_0;
    %assign/vec4 v0000017f830968d0_0, 0;
    %jmp T_4.5;
T_4.5 ;
    %pop/vec4 1;
T_4.0 ;
    %jmp T_4;
    .thread T_4;
    .scope S_0000017f82f8b860;
T_5 ;
    %wait E_0000017f82fe5b70;
    %load/vec4 v0000017f8309ef20_0;
    %flag_set/vec4 8;
    %jmp/0xz  T_5.0, 8;
    %load/vec4 v0000017f8309d940_0;
    %flag_set/vec4 8;
    %jmp/0xz  T_5.2, 8;
    %load/vec4 v0000017f83096010_0;
    %load/vec4 v0000017f830963d0_0;
    %concat/vec4; draw_concat_vec4
    %split/vec4 4;
    %assign/vec4 v0000017f830963d0_0, 0;
    %assign/vec4 v0000017f83096010_0, 0;
    %pushi/vec4 15, 0, 4;
    %assign/vec4 v0000017f83096a10_0, 0;
    %pushi/vec4 15, 0, 4;
    %assign/vec4 v0000017f830965b0_0, 0;
    %load/vec4 v0000017f83096ab0_0;
    %assign/vec4 v0000017f83096ab0_0, 0;
    %load/vec4 v0000017f83096790_0;
    %assign/vec4 v0000017f83096790_0, 0;
    %load/vec4 v0000017f83095930_0;
    %assign/vec4 v0000017f83095930_0, 0;
    %load/vec4 v0000017f8309d940_0;
    %assign/vec4 v0000017f83095cf0_0, 0;
    %jmp T_5.3;
T_5.2 ;
    %load/vec4 v0000017f8309bb40_0;
    %load/vec4 v0000017f8309d580_0;
    %concat/vec4; draw_concat_vec4
    %dup/vec4;
    %pushi/vec4 18, 0, 8;
    %cmp/u;
    %jmp/1 T_5.4, 6;
    %dup/vec4;
    %pushi/vec4 48, 0, 8;
    %cmp/u;
    %jmp/1 T_5.5, 6;
    %dup/vec4;
    %pushi/vec4 49, 0, 8;
    %cmp/u;
    %jmp/1 T_5.6, 6;
    %dup/vec4;
    %pushi/vec4 50, 0, 8;
    %cmp/u;
    %jmp/1 T_5.7, 6;
    %dup/vec4;
    %pushi/vec4 51, 0, 8;
    %cmp/u;
    %jmp/1 T_5.8, 6;
    %dup/vec4;
    %pushi/vec4 52, 0, 8;
    %cmp/u;
    %jmp/1 T_5.9, 6;
    %dup/vec4;
    %pushi/vec4 53, 0, 8;
    %cmp/u;
    %jmp/1 T_5.10, 6;
    %dup/vec4;
    %pushi/vec4 54, 0, 8;
    %cmp/u;
    %jmp/1 T_5.11, 6;
    %dup/vec4;
    %pushi/vec4 112, 0, 8;
    %cmp/u;
    %jmp/1 T_5.12, 6;
    %dup/vec4;
    %pushi/vec4 113, 0, 8;
    %cmp/u;
    %jmp/1 T_5.13, 6;
    %dup/vec4;
    %pushi/vec4 114, 0, 8;
    %cmp/u;
    %jmp/1 T_5.14, 6;
    %dup/vec4;
    %pushi/vec4 115, 0, 8;
    %cmp/u;
    %jmp/1 T_5.15, 6;
    %dup/vec4;
    %pushi/vec4 116, 0, 8;
    %cmp/u;
    %jmp/1 T_5.16, 6;
    %dup/vec4;
    %pushi/vec4 117, 0, 8;
    %cmp/u;
    %jmp/1 T_5.17, 6;
    %dup/vec4;
    %pushi/vec4 118, 0, 8;
    %cmp/u;
    %jmp/1 T_5.18, 6;
    %load/vec4 v0000017f8309bb40_0;
    %assign/vec4 v0000017f83096010_0, 0;
    %load/vec4 v0000017f8309d580_0;
    %assign/vec4 v0000017f830963d0_0, 0;
    %jmp T_5.20;
T_5.4 ;
    %pushi/vec4 34, 0, 8;
    %split/vec4 4;
    %assign/vec4 v0000017f830963d0_0, 0;
    %assign/vec4 v0000017f83096010_0, 0;
    %jmp T_5.20;
T_5.5 ;
    %pushi/vec4 32, 0, 8;
    %split/vec4 4;
    %assign/vec4 v0000017f830963d0_0, 0;
    %assign/vec4 v0000017f83096010_0, 0;
    %jmp T_5.20;
T_5.6 ;
    %pushi/vec4 32, 0, 8;
    %split/vec4 4;
    %assign/vec4 v0000017f830963d0_0, 0;
    %assign/vec4 v0000017f83096010_0, 0;
    %jmp T_5.20;
T_5.7 ;
    %pushi/vec4 32, 0, 8;
    %split/vec4 4;
    %assign/vec4 v0000017f830963d0_0, 0;
    %assign/vec4 v0000017f83096010_0, 0;
    %jmp T_5.20;
T_5.8 ;
    %pushi/vec4 32, 0, 8;
    %split/vec4 4;
    %assign/vec4 v0000017f830963d0_0, 0;
    %assign/vec4 v0000017f83096010_0, 0;
    %jmp T_5.20;
T_5.9 ;
    %pushi/vec4 32, 0, 8;
    %split/vec4 4;
    %assign/vec4 v0000017f830963d0_0, 0;
    %assign/vec4 v0000017f83096010_0, 0;
    %jmp T_5.20;
T_5.10 ;
    %pushi/vec4 32, 0, 8;
    %split/vec4 4;
    %assign/vec4 v0000017f830963d0_0, 0;
    %assign/vec4 v0000017f83096010_0, 0;
    %jmp T_5.20;
T_5.11 ;
    %pushi/vec4 32, 0, 8;
    %split/vec4 4;
    %assign/vec4 v0000017f830963d0_0, 0;
    %assign/vec4 v0000017f83096010_0, 0;
    %jmp T_5.20;
T_5.12 ;
    %pushi/vec4 34, 0, 8;
    %split/vec4 4;
    %assign/vec4 v0000017f830963d0_0, 0;
    %assign/vec4 v0000017f83096010_0, 0;
    %jmp T_5.20;
T_5.13 ;
    %pushi/vec4 34, 0, 8;
    %split/vec4 4;
    %assign/vec4 v0000017f830963d0_0, 0;
    %assign/vec4 v0000017f83096010_0, 0;
    %jmp T_5.20;
T_5.14 ;
    %pushi/vec4 34, 0, 8;
    %split/vec4 4;
    %assign/vec4 v0000017f830963d0_0, 0;
    %assign/vec4 v0000017f83096010_0, 0;
    %jmp T_5.20;
T_5.15 ;
    %pushi/vec4 34, 0, 8;
    %split/vec4 4;
    %assign/vec4 v0000017f830963d0_0, 0;
    %assign/vec4 v0000017f83096010_0, 0;
    %jmp T_5.20;
T_5.16 ;
    %pushi/vec4 34, 0, 8;
    %split/vec4 4;
    %assign/vec4 v0000017f830963d0_0, 0;
    %assign/vec4 v0000017f83096010_0, 0;
    %jmp T_5.20;
T_5.17 ;
    %pushi/vec4 34, 0, 8;
    %split/vec4 4;
    %assign/vec4 v0000017f830963d0_0, 0;
    %assign/vec4 v0000017f83096010_0, 0;
    %jmp T_5.20;
T_5.18 ;
    %pushi/vec4 34, 0, 8;
    %split/vec4 4;
    %assign/vec4 v0000017f830963d0_0, 0;
    %assign/vec4 v0000017f83096010_0, 0;
    %jmp T_5.20;
T_5.20 ;
    %pop/vec4 1;
    %load/vec4 v0000017f8309bb40_0;
    %load/vec4 v0000017f8309d580_0;
    %concat/vec4; draw_concat_vec4
    %dup/vec4;
    %pushi/vec4 48, 0, 8;
    %cmp/u;
    %jmp/1 T_5.21, 6;
    %dup/vec4;
    %pushi/vec4 49, 0, 8;
    %cmp/u;
    %jmp/1 T_5.22, 6;
    %dup/vec4;
    %pushi/vec4 50, 0, 8;
    %cmp/u;
    %jmp/1 T_5.23, 6;
    %dup/vec4;
    %pushi/vec4 51, 0, 8;
    %cmp/u;
    %jmp/1 T_5.24, 6;
    %dup/vec4;
    %pushi/vec4 52, 0, 8;
    %cmp/u;
    %jmp/1 T_5.25, 6;
    %dup/vec4;
    %pushi/vec4 53, 0, 8;
    %cmp/u;
    %jmp/1 T_5.26, 6;
    %dup/vec4;
    %pushi/vec4 54, 0, 8;
    %cmp/u;
    %jmp/1 T_5.27, 6;
    %load/vec4 v0000017f8309c7c0_0;
    %assign/vec4 v0000017f83096790_0, 0;
    %load/vec4 v0000017f8309c860_0;
    %assign/vec4 v0000017f83095930_0, 0;
    %load/vec4 v0000017f8309cfe0_0;
    %assign/vec4 v0000017f83096a10_0, 0;
    %load/vec4 v0000017f8309bdc0_0;
    %assign/vec4 v0000017f830965b0_0, 0;
    %jmp T_5.29;
T_5.21 ;
    %pushi/vec4 0, 0, 32;
    %assign/vec4 v0000017f83096790_0, 0;
    %load/vec4 v0000017f8309c860_0;
    %assign/vec4 v0000017f83095930_0, 0;
    %load/vec4 v0000017f8309cfe0_0;
    %assign/vec4 v0000017f83096a10_0, 0;
    %load/vec4 v0000017f8309bdc0_0;
    %assign/vec4 v0000017f830965b0_0, 0;
    %jmp T_5.29;
T_5.22 ;
    %pushi/vec4 0, 0, 32;
    %assign/vec4 v0000017f83096790_0, 0;
    %load/vec4 v0000017f8309c860_0;
    %assign/vec4 v0000017f83095930_0, 0;
    %load/vec4 v0000017f8309bdc0_0;
    %assign/vec4 v0000017f830965b0_0, 0;
    %load/vec4 v0000017f8309c5e0_0;
    %load/vec4 v0000017f8309c0e0_0;
    %xor;
    %load/vec4 v0000017f8309c360_0;
    %or;
    %flag_set/vec4 8;
    %jmp/0xz  T_5.30, 8;
    %load/vec4 v0000017f8309cfe0_0;
    %assign/vec4 v0000017f83096a10_0, 0;
    %jmp T_5.31;
T_5.30 ;
    %load/vec4 v0000017f8309bdc0_0;
    %assign/vec4 v0000017f83096a10_0, 0;
T_5.31 ;
    %jmp T_5.29;
T_5.23 ;
    %pushi/vec4 0, 0, 32;
    %assign/vec4 v0000017f83096790_0, 0;
    %load/vec4 v0000017f8309c860_0;
    %assign/vec4 v0000017f83095930_0, 0;
    %load/vec4 v0000017f8309bdc0_0;
    %assign/vec4 v0000017f830965b0_0, 0;
    %load/vec4 v0000017f8309c5e0_0;
    %load/vec4 v0000017f8309c0e0_0;
    %xor;
    %flag_set/vec4 8;
    %jmp/0xz  T_5.32, 8;
    %load/vec4 v0000017f8309cfe0_0;
    %assign/vec4 v0000017f83096a10_0, 0;
    %jmp T_5.33;
T_5.32 ;
    %load/vec4 v0000017f8309bdc0_0;
    %assign/vec4 v0000017f83096a10_0, 0;
T_5.33 ;
    %jmp T_5.29;
T_5.24 ;
    %pushi/vec4 0, 0, 32;
    %assign/vec4 v0000017f83096790_0, 0;
    %load/vec4 v0000017f8309c860_0;
    %assign/vec4 v0000017f83095930_0, 0;
    %load/vec4 v0000017f8309bdc0_0;
    %assign/vec4 v0000017f830965b0_0, 0;
    %load/vec4 v0000017f8309c360_0;
    %flag_set/vec4 8;
    %jmp/0xz  T_5.34, 8;
    %load/vec4 v0000017f8309cfe0_0;
    %assign/vec4 v0000017f83096a10_0, 0;
    %jmp T_5.35;
T_5.34 ;
    %load/vec4 v0000017f8309bdc0_0;
    %assign/vec4 v0000017f83096a10_0, 0;
T_5.35 ;
    %jmp T_5.29;
T_5.25 ;
    %pushi/vec4 0, 0, 32;
    %assign/vec4 v0000017f83096790_0, 0;
    %load/vec4 v0000017f8309c860_0;
    %assign/vec4 v0000017f83095930_0, 0;
    %load/vec4 v0000017f8309bdc0_0;
    %assign/vec4 v0000017f830965b0_0, 0;
    %load/vec4 v0000017f8309c360_0;
    %inv;
    %flag_set/vec4 8;
    %jmp/0xz  T_5.36, 8;
    %load/vec4 v0000017f8309cfe0_0;
    %assign/vec4 v0000017f83096a10_0, 0;
    %jmp T_5.37;
T_5.36 ;
    %load/vec4 v0000017f8309bdc0_0;
    %assign/vec4 v0000017f83096a10_0, 0;
T_5.37 ;
    %jmp T_5.29;
T_5.26 ;
    %pushi/vec4 0, 0, 32;
    %assign/vec4 v0000017f83096790_0, 0;
    %load/vec4 v0000017f8309c860_0;
    %assign/vec4 v0000017f83095930_0, 0;
    %load/vec4 v0000017f8309bdc0_0;
    %assign/vec4 v0000017f830965b0_0, 0;
    %load/vec4 v0000017f8309c5e0_0;
    %load/vec4 v0000017f8309c0e0_0;
    %xor;
    %inv;
    %flag_set/vec4 8;
    %jmp/0xz  T_5.38, 8;
    %load/vec4 v0000017f8309cfe0_0;
    %assign/vec4 v0000017f83096a10_0, 0;
    %jmp T_5.39;
T_5.38 ;
    %load/vec4 v0000017f8309bdc0_0;
    %assign/vec4 v0000017f83096a10_0, 0;
T_5.39 ;
    %jmp T_5.29;
T_5.27 ;
    %pushi/vec4 0, 0, 32;
    %assign/vec4 v0000017f83096790_0, 0;
    %load/vec4 v0000017f8309c860_0;
    %assign/vec4 v0000017f83095930_0, 0;
    %load/vec4 v0000017f8309bdc0_0;
    %assign/vec4 v0000017f830965b0_0, 0;
    %load/vec4 v0000017f8309c5e0_0;
    %load/vec4 v0000017f8309c0e0_0;
    %xor;
    %inv;
    %load/vec4 v0000017f8309c360_0;
    %inv;
    %and;
    %flag_set/vec4 8;
    %jmp/0xz  T_5.40, 8;
    %load/vec4 v0000017f8309cfe0_0;
    %assign/vec4 v0000017f83096a10_0, 0;
    %jmp T_5.41;
T_5.40 ;
    %load/vec4 v0000017f8309bdc0_0;
    %assign/vec4 v0000017f83096a10_0, 0;
T_5.41 ;
    %jmp T_5.29;
T_5.29 ;
    %pop/vec4 1;
    %load/vec4 v0000017f8309d6c0_0;
    %assign/vec4 v0000017f83096ab0_0, 0;
    %load/vec4 v0000017f8309d940_0;
    %assign/vec4 v0000017f83095cf0_0, 0;
    %load/vec4 v0000017f8309bb40_0;
    %load/vec4 v0000017f8309d580_0;
    %concat/vec4; draw_concat_vec4
    %cmpi/e 112, 0, 8;
    %jmp/0xz  T_5.42, 4;
    %pushi/vec4 1, 0, 1;
    %assign/vec4 v0000017f83096bf0_0, 0;
    %jmp T_5.43;
T_5.42 ;
    %load/vec4 v0000017f8309bb40_0;
    %load/vec4 v0000017f8309d580_0;
    %concat/vec4; draw_concat_vec4
    %pushi/vec4 113, 0, 8;
    %cmp/e;
    %flag_get/vec4 4;
    %load/vec4 v0000017f8309c5e0_0;
    %load/vec4 v0000017f8309c0e0_0;
    %xor;
    %load/vec4 v0000017f8309c360_0;
    %or;
    %and;
    %flag_set/vec4 8;
    %jmp/0xz  T_5.44, 8;
    %pushi/vec4 1, 0, 1;
    %assign/vec4 v0000017f83096bf0_0, 0;
    %jmp T_5.45;
T_5.44 ;
    %load/vec4 v0000017f8309bb40_0;
    %load/vec4 v0000017f8309d580_0;
    %concat/vec4; draw_concat_vec4
    %pushi/vec4 114, 0, 8;
    %cmp/e;
    %flag_get/vec4 4;
    %load/vec4 v0000017f8309c5e0_0;
    %load/vec4 v0000017f8309c0e0_0;
    %xor;
    %and;
    %flag_set/vec4 8;
    %jmp/0xz  T_5.46, 8;
    %pushi/vec4 1, 0, 1;
    %assign/vec4 v0000017f83096bf0_0, 0;
    %jmp T_5.47;
T_5.46 ;
    %load/vec4 v0000017f8309bb40_0;
    %load/vec4 v0000017f8309d580_0;
    %concat/vec4; draw_concat_vec4
    %pushi/vec4 115, 0, 8;
    %cmp/e;
    %flag_get/vec4 4;
    %load/vec4 v0000017f8309c360_0;
    %and;
    %flag_set/vec4 8;
    %jmp/0xz  T_5.48, 8;
    %pushi/vec4 1, 0, 1;
    %assign/vec4 v0000017f83096bf0_0, 0;
    %jmp T_5.49;
T_5.48 ;
    %load/vec4 v0000017f8309bb40_0;
    %load/vec4 v0000017f8309d580_0;
    %concat/vec4; draw_concat_vec4
    %pushi/vec4 116, 0, 8;
    %cmp/e;
    %flag_get/vec4 4;
    %load/vec4 v0000017f8309c360_0;
    %inv;
    %and;
    %flag_set/vec4 8;
    %jmp/0xz  T_5.50, 8;
    %pushi/vec4 1, 0, 1;
    %assign/vec4 v0000017f83096bf0_0, 0;
    %jmp T_5.51;
T_5.50 ;
    %load/vec4 v0000017f8309bb40_0;
    %load/vec4 v0000017f8309d580_0;
    %concat/vec4; draw_concat_vec4
    %pushi/vec4 117, 0, 8;
    %cmp/e;
    %flag_get/vec4 4;
    %load/vec4 v0000017f8309c5e0_0;
    %load/vec4 v0000017f8309c0e0_0;
    %xor;
    %inv;
    %and;
    %flag_set/vec4 8;
    %jmp/0xz  T_5.52, 8;
    %pushi/vec4 1, 0, 1;
    %assign/vec4 v0000017f83096bf0_0, 0;
    %jmp T_5.53;
T_5.52 ;
    %load/vec4 v0000017f8309bb40_0;
    %load/vec4 v0000017f8309d580_0;
    %concat/vec4; draw_concat_vec4
    %pushi/vec4 118, 0, 8;
    %cmp/e;
    %flag_get/vec4 4;
    %load/vec4 v0000017f8309c5e0_0;
    %load/vec4 v0000017f8309c0e0_0;
    %xor;
    %inv;
    %load/vec4 v0000017f8309c360_0;
    %inv;
    %and;
    %and;
    %flag_set/vec4 8;
    %jmp/0xz  T_5.54, 8;
    %pushi/vec4 1, 0, 1;
    %assign/vec4 v0000017f83096bf0_0, 0;
    %jmp T_5.55;
T_5.54 ;
    %pushi/vec4 0, 0, 1;
    %assign/vec4 v0000017f83096bf0_0, 0;
T_5.55 ;
T_5.53 ;
T_5.51 ;
T_5.49 ;
T_5.47 ;
T_5.45 ;
T_5.43 ;
T_5.3 ;
T_5.0 ;
    %jmp T_5;
    .thread T_5;
    .scope S_0000017f82f8b860;
T_6 ;
    %pushi/vec4 1, 0, 1;
    %assign/vec4 v0000017f8309c720_0, 0;
    %delay 2000, 0;
    %pushi/vec4 0, 0, 1;
    %assign/vec4 v0000017f8309c720_0, 0;
    %end;
    .thread T_6;
    .scope S_0000017f82f8b860;
T_7 ;
    %wait E_0000017f82fe5b70;
    %load/vec4 v0000017f83096010_0;
    %load/vec4 v0000017f830963d0_0;
    %concat/vec4; draw_concat_vec4
    %cmpi/e 16, 0, 8;
    %jmp/0xz  T_7.0, 4;
    %load/vec4 v0000017f8309c400_0;
    %assign/vec4 v0000017f83095a70_0, 0;
    %load/vec4 v0000017f8309c9a0_0;
    %assign/vec4 v0000017f83096510_0, 0;
    %jmp T_7.1;
T_7.0 ;
    %pushi/vec4 15, 0, 4;
    %assign/vec4 v0000017f83095a70_0, 0;
    %pushi/vec4 0, 4294967295, 32;
    %assign/vec4 v0000017f83096510_0, 0;
T_7.1 ;
    %load/vec4 v0000017f8309d8a0_0;
    %assign/vec4 v0000017f830960b0_0, 0;
    %load/vec4 v0000017f8309d9e0_0;
    %assign/vec4 v0000017f83096f10_0, 0;
    %load/vec4 v0000017f8309c680_0;
    %assign/vec4 v0000017f83096b50_0, 0;
    %jmp T_7;
    .thread T_7;
    .scope S_0000017f82ffe440;
T_8 ;
    %pushi/vec4 0, 0, 1;
    %store/vec4 v0000017f8309e660_0, 0, 1;
    %end;
    .thread T_8;
    .scope S_0000017f82ffe440;
T_9 ;
    %pushi/vec4 0, 0, 1;
    %assign/vec4 v0000017f8309e5c0_0, 0;
    %pushi/vec4 0, 0, 32;
    %assign/vec4 v0000017f8309f100_0, 0;
    %pushi/vec4 0, 0, 1;
    %assign/vec4 v0000017f8309e7a0_0, 0;
    %pushi/vec4 0, 0, 32;
    %assign/vec4 v0000017f8309e980_0, 0;
    %pushi/vec4 0, 0, 1;
    %assign/vec4 v0000017f8309e2a0_0, 0;
    %pushi/vec4 15, 0, 4;
    %assign/vec4 v0000017f8309f600_0, 0;
    %delay 2000, 0;
    %pushi/vec4 0, 0, 32;
    %assign/vec4 v0000017f8309f100_0, 0;
    %pushi/vec4 1, 0, 1;
    %assign/vec4 v0000017f8309e7a0_0, 0;
    %pushi/vec4 284164224, 0, 32;
    %assign/vec4 v0000017f8309e980_0, 0;
    %delay 2000, 0;
    %pushi/vec4 1, 0, 32;
    %assign/vec4 v0000017f8309f100_0, 0;
    %pushi/vec4 1, 0, 1;
    %assign/vec4 v0000017f8309e7a0_0, 0;
    %pushi/vec4 284229761, 0, 32;
    %assign/vec4 v0000017f8309e980_0, 0;
    %delay 2000, 0;
    %pushi/vec4 2, 0, 32;
    %assign/vec4 v0000017f8309f100_0, 0;
    %pushi/vec4 1, 0, 1;
    %assign/vec4 v0000017f8309e7a0_0, 0;
    %pushi/vec4 284295298, 0, 32;
    %assign/vec4 v0000017f8309e980_0, 0;
    %delay 2000, 0;
    %pushi/vec4 3, 0, 32;
    %assign/vec4 v0000017f8309f100_0, 0;
    %pushi/vec4 1, 0, 1;
    %assign/vec4 v0000017f8309e7a0_0, 0;
    %pushi/vec4 284360835, 0, 32;
    %assign/vec4 v0000017f8309e980_0, 0;
    %delay 2000, 0;
    %pushi/vec4 4, 0, 32;
    %assign/vec4 v0000017f8309f100_0, 0;
    %pushi/vec4 1, 0, 1;
    %assign/vec4 v0000017f8309e7a0_0, 0;
    %pushi/vec4 284426372, 0, 32;
    %assign/vec4 v0000017f8309e980_0, 0;
    %delay 2000, 0;
    %pushi/vec4 5, 0, 32;
    %assign/vec4 v0000017f8309f100_0, 0;
    %pushi/vec4 1, 0, 1;
    %assign/vec4 v0000017f8309e7a0_0, 0;
    %pushi/vec4 284491909, 0, 32;
    %assign/vec4 v0000017f8309e980_0, 0;
    %delay 2000, 0;
    %pushi/vec4 6, 0, 32;
    %assign/vec4 v0000017f8309f100_0, 0;
    %pushi/vec4 1, 0, 1;
    %assign/vec4 v0000017f8309e7a0_0, 0;
    %pushi/vec4 284557446, 0, 32;
    %assign/vec4 v0000017f8309e980_0, 0;
    %delay 2000, 0;
    %pushi/vec4 7, 0, 32;
    %assign/vec4 v0000017f8309f100_0, 0;
    %pushi/vec4 1, 0, 1;
    %assign/vec4 v0000017f8309e7a0_0, 0;
    %pushi/vec4 284622983, 0, 32;
    %assign/vec4 v0000017f8309e980_0, 0;
    %delay 2000, 0;
    %pushi/vec4 8, 0, 32;
    %assign/vec4 v0000017f8309f100_0, 0;
    %pushi/vec4 1, 0, 1;
    %assign/vec4 v0000017f8309e7a0_0, 0;
    %pushi/vec4 536936448, 0, 32;
    %assign/vec4 v0000017f8309e980_0, 0;
    %delay 2000, 0;
    %pushi/vec4 9, 0, 32;
    %assign/vec4 v0000017f8309f100_0, 0;
    %pushi/vec4 1, 0, 1;
    %assign/vec4 v0000017f8309e7a0_0, 0;
    %pushi/vec4 285212672, 0, 32;
    %assign/vec4 v0000017f8309e980_0, 0;
    %delay 2000, 0;
    %pushi/vec4 10, 0, 32;
    %assign/vec4 v0000017f8309f100_0, 0;
    %pushi/vec4 1, 0, 1;
    %assign/vec4 v0000017f8309e7a0_0, 0;
    %pushi/vec4 285212672, 0, 32;
    %assign/vec4 v0000017f8309e980_0, 0;
    %delay 2000, 0;
    %pushi/vec4 11, 0, 32;
    %assign/vec4 v0000017f8309f100_0, 0;
    %pushi/vec4 1, 0, 1;
    %assign/vec4 v0000017f8309e7a0_0, 0;
    %pushi/vec4 555941888, 0, 32;
    %assign/vec4 v0000017f8309e980_0, 0;
    %delay 2000, 0;
    %pushi/vec4 12, 0, 32;
    %assign/vec4 v0000017f8309f100_0, 0;
    %pushi/vec4 1, 0, 1;
    %assign/vec4 v0000017f8309e7a0_0, 0;
    %pushi/vec4 301989888, 0, 32;
    %assign/vec4 v0000017f8309e980_0, 0;
    %delay 2000, 0;
    %pushi/vec4 13, 0, 32;
    %assign/vec4 v0000017f8309f100_0, 0;
    %pushi/vec4 1, 0, 1;
    %assign/vec4 v0000017f8309e7a0_0, 0;
    %pushi/vec4 301989888, 0, 32;
    %assign/vec4 v0000017f8309e980_0, 0;
    %delay 2000, 0;
    %pushi/vec4 14, 0, 32;
    %assign/vec4 v0000017f8309f100_0, 0;
    %pushi/vec4 1, 0, 1;
    %assign/vec4 v0000017f8309e7a0_0, 0;
    %pushi/vec4 574947328, 0, 32;
    %assign/vec4 v0000017f8309e980_0, 0;
    %delay 2000, 0;
    %pushi/vec4 15, 0, 32;
    %assign/vec4 v0000017f8309f100_0, 0;
    %pushi/vec4 1, 0, 1;
    %assign/vec4 v0000017f8309e7a0_0, 0;
    %pushi/vec4 285212672, 0, 32;
    %assign/vec4 v0000017f8309e980_0, 0;
    %delay 2000, 0;
    %pushi/vec4 16, 0, 32;
    %assign/vec4 v0000017f8309f100_0, 0;
    %pushi/vec4 1, 0, 1;
    %assign/vec4 v0000017f8309e7a0_0, 0;
    %pushi/vec4 301989888, 0, 32;
    %assign/vec4 v0000017f8309e980_0, 0;
    %delay 2000, 0;
    %pushi/vec4 17, 0, 32;
    %assign/vec4 v0000017f8309f100_0, 0;
    %pushi/vec4 1, 0, 1;
    %assign/vec4 v0000017f8309e7a0_0, 0;
    %pushi/vec4 593952768, 0, 32;
    %assign/vec4 v0000017f8309e980_0, 0;
    %delay 2000, 0;
    %pushi/vec4 0, 0, 32;
    %assign/vec4 v0000017f8309f100_0, 0;
    %pushi/vec4 0, 0, 1;
    %assign/vec4 v0000017f8309e7a0_0, 0;
    %pushi/vec4 0, 0, 32;
    %assign/vec4 v0000017f8309e980_0, 0;
    %delay 1000, 0;
    %pushi/vec4 1, 0, 1;
    %assign/vec4 v0000017f8309e2a0_0, 0;
    %delay 56000, 0;
    %pushi/vec4 0, 0, 1;
    %assign/vec4 v0000017f8309e2a0_0, 0;
    %pushi/vec4 1, 0, 1;
    %assign/vec4 v0000017f8309e660_0, 0;
    %delay 100000, 0;
    %vpi_call 2 65 "$stop" {0 0 0};
    %end;
    .thread T_9;
    .scope S_0000017f82ffe440;
T_10 ;
    %delay 1000, 0;
    %load/vec4 v0000017f8309e5c0_0;
    %inv;
    %store/vec4 v0000017f8309e5c0_0, 0, 1;
    %jmp T_10;
    .thread T_10;
    .scope S_0000017f82ffe440;
T_11 ;
    %wait E_0000017f82fe5b70;
    %load/vec4 v0000017f8309e660_0;
    %flag_set/vec4 8;
    %jmp/0xz  T_11.0, 8;
    %load/vec4 v0000017f8309f600_0;
    %addi 1, 0, 4;
    %assign/vec4 v0000017f8309f600_0, 0;
T_11.0 ;
    %jmp T_11;
    .thread T_11;
    .scope S_0000017f82ffe440;
T_12 ;
    %vpi_call 2 74 "$dumpfile", "pro_tbex1.vcd" {0 0 0};
    %vpi_call 2 75 "$dumpvars" {0 0 0};
    %end;
    .thread T_12;
# The file index is used to find the file name in the following table.
:file_names 7;
    "N/A";
    "<interactive>";
    ".\tb\pro_tbex1.v";
    ".\processor.v";
    ".\alu.v";
    ".\ram.v";
    ".\regfile.v";
