#! /c/Source/iverilog-install/bin/vvp
:ivl_version "12.0 (devel)" "(s20150603-1110-g18392a46)";
:ivl_delay_selection "TYPICAL";
:vpi_time_precision - 11;
:vpi_module "D:\iVerilog\lib\ivl\system.vpi";
:vpi_module "D:\iVerilog\lib\ivl\vhdl_sys.vpi";
:vpi_module "D:\iVerilog\lib\ivl\vhdl_textio.vpi";
:vpi_module "D:\iVerilog\lib\ivl\v2005_math.vpi";
:vpi_module "D:\iVerilog\lib\ivl\va_math.vpi";
S_000002251c808390 .scope module, "pro_tb4" "pro_tb4" 2 184;
 .timescale -9 -11;
v000002251c911230_0 .var "addr", 8 0;
v000002251c911370_0 .var "clock", 0 0;
v000002251c911c30_0 .var "flg", 0 0;
v000002251c911ff0_0 .net "r0", 31 0, v000002251c8876b0_0;  1 drivers
v000002251c911410_0 .net "r1", 31 0, v000002251c887e30_0;  1 drivers
v000002251c9112d0_0 .net "r2", 31 0, v000002251c8871b0_0;  1 drivers
v000002251c911870_0 .net "r3", 31 0, v000002251c888ab0_0;  1 drivers
v000002251c9119b0_0 .net "r4", 31 0, v000002251c887750_0;  1 drivers
v000002251c911af0_0 .net "r5", 31 0, v000002251c888b50_0;  1 drivers
v000002251c912e50_0 .net "r6", 31 0, v000002251c888290_0;  1 drivers
v000002251c9123b0_0 .net "r7", 31 0, v000002251c887890_0;  1 drivers
v000002251c9115f0_0 .var "rID", 3 0;
v000002251c912ef0_0 .net "rdata", 31 0, L_000002251c96fb20;  1 drivers
v000002251c912450_0 .net "valE", 31 0, L_000002251c88df60;  1 drivers
v000002251c911730_0 .var "wdata", 31 0;
v000002251c911eb0_0 .var "working", 0 0;
v000002251c911190_0 .var "wr", 0 0;
S_000002251c808520 .scope module, "processor" "processor" 2 202, 2 3 0, S_000002251c808390;
 .timescale -9 -11;
    .port_info 0 /INPUT 1 "clock";
    .port_info 1 /INPUT 9 "addr";
    .port_info 2 /INPUT 1 "wr";
    .port_info 3 /INPUT 32 "wdata";
    .port_info 4 /INPUT 1 "working";
    .port_info 5 /INPUT 4 "rID";
    .port_info 6 /OUTPUT 32 "valE";
    .port_info 7 /OUTPUT 32 "r0";
    .port_info 8 /OUTPUT 32 "r1";
    .port_info 9 /OUTPUT 32 "r2";
    .port_info 10 /OUTPUT 32 "r3";
    .port_info 11 /OUTPUT 32 "r4";
    .port_info 12 /OUTPUT 32 "r5";
    .port_info 13 /OUTPUT 32 "r6";
    .port_info 14 /OUTPUT 32 "r7";
    .port_info 15 /OUTPUT 32 "rdata";
P_000002251c848210 .param/l "ADD" 0 2 29, C4<00100000>;
P_000002251c848248 .param/l "AND" 0 2 31, C4<00100010>;
P_000002251c848280 .param/l "IRMOV" 0 2 28, C4<00010000>;
P_000002251c8482b8 .param/l "SUB" 0 2 30, C4<00100001>;
P_000002251c8482f0 .param/l "XOR" 0 2 32, C4<00100011>;
L_000002251c88de10 .functor BUFZ 32, v000002251c851a30_0, C4<00000000000000000000000000000000>, C4<00000000000000000000000000000000>, C4<00000000000000000000000000000000>;
L_000002251c88df60 .functor BUFZ 32, L_000002251c96de60, C4<00000000000000000000000000000000>, C4<00000000000000000000000000000000>, C4<00000000000000000000000000000000>;
v000002251c888c90_0 .var "D_icode", 3 0;
v000002251c887930_0 .var "D_ifun", 3 0;
v000002251c888d30_0 .var "D_rA", 3 0;
v000002251c888f10_0 .var "D_rB", 3 0;
v000002251c887070_0 .var "D_valA", 31 0;
v000002251c8879d0_0 .var "D_valB", 31 0;
v000002251c887ed0_0 .var "D_valC", 15 0;
v000002251c887c50_0 .var "E_dstE", 3 0;
v000002251c887d90_0 .var "E_dstM", 3 0;
v000002251c852430_0 .var "E_valE", 31 0;
v000002251c88a520_0 .var "E_valM", 31 0;
v000002251c88a160_0 .net "F_read", 31 0, L_000002251c88de10;  1 drivers
v000002251c8893a0_0 .var "PC", 8 0;
L_000002251c9140c0 .functor BUFT 1, C4<00000000000000000000000000000011>, C4<0>, C4<0>, C4<0>;
v000002251c88a8e0_0 .net/2u *"_ivl_100", 31 0, L_000002251c9140c0;  1 drivers
v000002251c889800_0 .net *"_ivl_102", 0 0, L_000002251c96f300;  1 drivers
v000002251c889d00_0 .net *"_ivl_104", 31 0, L_000002251c96db40;  1 drivers
L_000002251c914108 .functor BUFT 1, C4<0000000000000000000000000000>, C4<0>, C4<0>, C4<0>;
v000002251c88a020_0 .net *"_ivl_107", 27 0, L_000002251c914108;  1 drivers
L_000002251c914150 .functor BUFT 1, C4<00000000000000000000000000000100>, C4<0>, C4<0>, C4<0>;
v000002251c889ee0_0 .net/2u *"_ivl_108", 31 0, L_000002251c914150;  1 drivers
v000002251c88aac0_0 .net *"_ivl_110", 0 0, L_000002251c96dc80;  1 drivers
v000002251c889b20_0 .net *"_ivl_112", 31 0, L_000002251c96dd20;  1 drivers
L_000002251c914198 .functor BUFT 1, C4<0000000000000000000000000000>, C4<0>, C4<0>, C4<0>;
v000002251c889bc0_0 .net *"_ivl_115", 27 0, L_000002251c914198;  1 drivers
L_000002251c9141e0 .functor BUFT 1, C4<00000000000000000000000000000101>, C4<0>, C4<0>, C4<0>;
v000002251c8894e0_0 .net/2u *"_ivl_116", 31 0, L_000002251c9141e0;  1 drivers
v000002251c88ac00_0 .net *"_ivl_118", 0 0, L_000002251c96e180;  1 drivers
v000002251c889da0_0 .net *"_ivl_120", 31 0, L_000002251c96ecc0;  1 drivers
L_000002251c914228 .functor BUFT 1, C4<0000000000000000000000000000>, C4<0>, C4<0>, C4<0>;
v000002251c889c60_0 .net *"_ivl_123", 27 0, L_000002251c914228;  1 drivers
L_000002251c914270 .functor BUFT 1, C4<00000000000000000000000000000110>, C4<0>, C4<0>, C4<0>;
v000002251c889080_0 .net/2u *"_ivl_124", 31 0, L_000002251c914270;  1 drivers
v000002251c889f80_0 .net *"_ivl_126", 0 0, L_000002251c96e220;  1 drivers
v000002251c88a0c0_0 .net *"_ivl_128", 31 0, L_000002251c96efe0;  1 drivers
L_000002251c9142b8 .functor BUFT 1, C4<0000000000000000000000000000>, C4<0>, C4<0>, C4<0>;
v000002251c88a980_0 .net *"_ivl_131", 27 0, L_000002251c9142b8;  1 drivers
L_000002251c914300 .functor BUFT 1, C4<00000000000000000000000000000111>, C4<0>, C4<0>, C4<0>;
v000002251c88a840_0 .net/2u *"_ivl_132", 31 0, L_000002251c914300;  1 drivers
v000002251c889a80_0 .net *"_ivl_134", 0 0, L_000002251c96f3a0;  1 drivers
o000002251c8e2668 .functor BUFZ 32, C4<zzzzzzzzzzzzzzzzzzzzzzzzzzzzzzzz>; HiZ drive
; Elide local net with no drivers, v000002251c889440_0 name=_ivl_136
v000002251c889e40_0 .net *"_ivl_138", 31 0, L_000002251c96e4a0;  1 drivers
v000002251c88aa20_0 .net *"_ivl_140", 31 0, L_000002251c96ea40;  1 drivers
v000002251c88ab60_0 .net *"_ivl_142", 31 0, L_000002251c96f440;  1 drivers
v000002251c889760_0 .net *"_ivl_144", 31 0, L_000002251c96f9e0;  1 drivers
v000002251c88a660_0 .net *"_ivl_146", 31 0, L_000002251c9703e0;  1 drivers
v000002251c889120_0 .net *"_ivl_148", 31 0, L_000002251c970b60;  1 drivers
v000002251c88af20_0 .net *"_ivl_150", 31 0, L_000002251c970840;  1 drivers
L_000002251c913bf8 .functor BUFT 1, C4<01>, C4<0>, C4<0>, C4<0>;
v000002251c88a200_0 .net/2s *"_ivl_2", 1 0, L_000002251c913bf8;  1 drivers
v000002251c8896c0_0 .net *"_ivl_30", 7 0, L_000002251c96d140;  1 drivers
L_000002251c913c88 .functor BUFT 1, C4<00100000>, C4<0>, C4<0>, C4<0>;
v000002251c889580_0 .net/2u *"_ivl_32", 7 0, L_000002251c913c88;  1 drivers
v000002251c8898a0_0 .net *"_ivl_34", 0 0, L_000002251c96d3c0;  1 drivers
L_000002251c913cd0 .functor BUFT 1, C4<0000>, C4<0>, C4<0>, C4<0>;
v000002251c8891c0_0 .net/2u *"_ivl_36", 3 0, L_000002251c913cd0;  1 drivers
v000002251c88a5c0_0 .net *"_ivl_38", 7 0, L_000002251c96ddc0;  1 drivers
L_000002251c913c40 .functor BUFT 1, C4<00>, C4<0>, C4<0>, C4<0>;
v000002251c889940_0 .net/2s *"_ivl_4", 1 0, L_000002251c913c40;  1 drivers
L_000002251c913d18 .functor BUFT 1, C4<00100001>, C4<0>, C4<0>, C4<0>;
v000002251c889260_0 .net/2u *"_ivl_40", 7 0, L_000002251c913d18;  1 drivers
v000002251c88a700_0 .net *"_ivl_42", 0 0, L_000002251c96f080;  1 drivers
L_000002251c913d60 .functor BUFT 1, C4<0001>, C4<0>, C4<0>, C4<0>;
v000002251c88a2a0_0 .net/2u *"_ivl_44", 3 0, L_000002251c913d60;  1 drivers
v000002251c88a340_0 .net *"_ivl_46", 7 0, L_000002251c96ef40;  1 drivers
L_000002251c913da8 .functor BUFT 1, C4<00100010>, C4<0>, C4<0>, C4<0>;
v000002251c889620_0 .net/2u *"_ivl_48", 7 0, L_000002251c913da8;  1 drivers
v000002251c88aca0_0 .net *"_ivl_50", 0 0, L_000002251c96f260;  1 drivers
L_000002251c913df0 .functor BUFT 1, C4<0010>, C4<0>, C4<0>, C4<0>;
v000002251c889300_0 .net/2u *"_ivl_52", 3 0, L_000002251c913df0;  1 drivers
v000002251c88ad40_0 .net *"_ivl_54", 7 0, L_000002251c96dfa0;  1 drivers
L_000002251c913e38 .functor BUFT 1, C4<00100011>, C4<0>, C4<0>, C4<0>;
v000002251c88a3e0_0 .net/2u *"_ivl_56", 7 0, L_000002251c913e38;  1 drivers
v000002251c88a480_0 .net *"_ivl_58", 0 0, L_000002251c96da00;  1 drivers
v000002251c88a7a0_0 .net *"_ivl_6", 1 0, L_000002251c96eb80;  1 drivers
L_000002251c913e80 .functor BUFT 1, C4<0011>, C4<0>, C4<0>, C4<0>;
v000002251c88ade0_0 .net/2u *"_ivl_60", 3 0, L_000002251c913e80;  1 drivers
o000002251c8e2b78 .functor BUFZ 4, C4<zzzz>; HiZ drive
; Elide local net with no drivers, v000002251c88ae80_0 name=_ivl_62
v000002251c8899e0_0 .net *"_ivl_64", 3 0, L_000002251c96d280;  1 drivers
v000002251c88b590_0 .net *"_ivl_66", 3 0, L_000002251c96e9a0;  1 drivers
v000002251c88c5d0_0 .net *"_ivl_68", 3 0, L_000002251c96d6e0;  1 drivers
v000002251c88b130_0 .net *"_ivl_72", 31 0, L_000002251c96e040;  1 drivers
L_000002251c913ec8 .functor BUFT 1, C4<0000000000000000000000000000>, C4<0>, C4<0>, C4<0>;
v000002251c88b1d0_0 .net *"_ivl_75", 27 0, L_000002251c913ec8;  1 drivers
L_000002251c913f10 .functor BUFT 1, C4<00000000000000000000000000000000>, C4<0>, C4<0>, C4<0>;
v000002251c88ba90_0 .net/2u *"_ivl_76", 31 0, L_000002251c913f10;  1 drivers
v000002251c88c210_0 .net *"_ivl_78", 0 0, L_000002251c96d320;  1 drivers
v000002251c88b4f0_0 .net *"_ivl_80", 31 0, L_000002251c96e0e0;  1 drivers
L_000002251c913f58 .functor BUFT 1, C4<0000000000000000000000000000>, C4<0>, C4<0>, C4<0>;
v000002251c88c670_0 .net *"_ivl_83", 27 0, L_000002251c913f58;  1 drivers
L_000002251c913fa0 .functor BUFT 1, C4<00000000000000000000000000000001>, C4<0>, C4<0>, C4<0>;
v000002251c88c030_0 .net/2u *"_ivl_84", 31 0, L_000002251c913fa0;  1 drivers
v000002251c88ccb0_0 .net *"_ivl_86", 0 0, L_000002251c96f6c0;  1 drivers
v000002251c88bb30_0 .net *"_ivl_88", 31 0, L_000002251c96d960;  1 drivers
L_000002251c913fe8 .functor BUFT 1, C4<0000000000000000000000000000>, C4<0>, C4<0>, C4<0>;
v000002251c88c990_0 .net *"_ivl_91", 27 0, L_000002251c913fe8;  1 drivers
L_000002251c914030 .functor BUFT 1, C4<00000000000000000000000000000010>, C4<0>, C4<0>, C4<0>;
v000002251c88c7b0_0 .net/2u *"_ivl_92", 31 0, L_000002251c914030;  1 drivers
v000002251c88cd50_0 .net *"_ivl_94", 0 0, L_000002251c96f120;  1 drivers
v000002251c88cad0_0 .net *"_ivl_96", 31 0, L_000002251c96e540;  1 drivers
L_000002251c914078 .functor BUFT 1, C4<0000000000000000000000000000>, C4<0>, C4<0>, C4<0>;
v000002251c88ca30_0 .net *"_ivl_99", 27 0, L_000002251c914078;  1 drivers
v000002251c88b270_0 .net "addr", 8 0, v000002251c911230_0;  1 drivers
v000002251c88bc70_0 .net "clock", 0 0, v000002251c911370_0;  1 drivers
v000002251c88b3b0_0 .var "d_icode", 3 0;
v000002251c88be50_0 .var "d_ifun", 3 0;
v000002251c88b310_0 .var "d_rA", 3 0;
v000002251c88c530_0 .var "d_rB", 3 0;
v000002251c88c170_0 .net "d_valA", 31 0, L_000002251c911910;  1 drivers
v000002251c88b450_0 .net "d_valB", 31 0, L_000002251c96f800;  1 drivers
v000002251c88c8f0_0 .var "d_valC", 15 0;
v000002251c88b810_0 .net "e_alufun", 3 0, L_000002251c96d460;  1 drivers
v000002251c88b6d0_0 .var "e_reg_rst", 0 0;
v000002251c88c0d0_0 .net "e_valA", 31 0, v000002251c887070_0;  1 drivers
v000002251c88b8b0_0 .net "e_valB", 31 0, v000002251c8879d0_0;  1 drivers
v000002251c88cdf0_0 .net "e_valE", 31 0, L_000002251c96de60;  1 drivers
v000002251c88bbd0_0 .net "f_addr", 8 0, L_000002251c96e360;  1 drivers
v000002251c88bd10_0 .net "f_rd", 0 0, L_000002251c96d1e0;  1 drivers
v000002251c88b630_0 .net "f_rdata", 31 0, v000002251c851a30_0;  1 drivers
v000002251c88b770_0 .net "r0", 31 0, v000002251c8876b0_0;  alias, 1 drivers
v000002251c88bdb0_0 .net "r1", 31 0, v000002251c887e30_0;  alias, 1 drivers
v000002251c88bef0_0 .net "r2", 31 0, v000002251c8871b0_0;  alias, 1 drivers
v000002251c88b090_0 .net "r3", 31 0, v000002251c888ab0_0;  alias, 1 drivers
v000002251c88c2b0_0 .net "r4", 31 0, v000002251c887750_0;  alias, 1 drivers
v000002251c88c710_0 .net "r5", 31 0, v000002251c888b50_0;  alias, 1 drivers
v000002251c88b950_0 .net "r6", 31 0, v000002251c888290_0;  alias, 1 drivers
v000002251c88ce90_0 .net "r7", 31 0, v000002251c887890_0;  alias, 1 drivers
v000002251c88bf90_0 .net "rID", 3 0, v000002251c9115f0_0;  1 drivers
v000002251c88c850_0 .net "rdata", 31 0, L_000002251c96fb20;  alias, 1 drivers
v000002251c88b9f0_0 .net "valE", 31 0, L_000002251c88df60;  alias, 1 drivers
v000002251c88c350_0 .var "w_dstE", 3 0;
v000002251c88cb70_0 .var "w_dstM", 3 0;
v000002251c88cc10_0 .var "w_valE", 31 0;
v000002251c88c3f0_0 .var "w_valM", 31 0;
v000002251c88c490_0 .net "wdata", 31 0, v000002251c911730_0;  1 drivers
v000002251c88cf30_0 .net "working", 0 0, v000002251c911eb0_0;  1 drivers
v000002251c912a90_0 .net "wr", 0 0, v000002251c911190_0;  1 drivers
L_000002251c96e360 .functor MUXZ 9, v000002251c911230_0, v000002251c8893a0_0, v000002251c911eb0_0, C4<>;
L_000002251c96eb80 .functor MUXZ 2, L_000002251c913c40, L_000002251c913bf8, v000002251c911eb0_0, C4<>;
L_000002251c96d1e0 .part L_000002251c96eb80, 0, 1;
L_000002251c96d140 .concat [ 4 4 0 0], v000002251c887930_0, v000002251c888c90_0;
L_000002251c96d3c0 .cmp/eq 8, L_000002251c96d140, L_000002251c913c88;
L_000002251c96ddc0 .concat [ 4 4 0 0], v000002251c887930_0, v000002251c888c90_0;
L_000002251c96f080 .cmp/eq 8, L_000002251c96ddc0, L_000002251c913d18;
L_000002251c96ef40 .concat [ 4 4 0 0], v000002251c887930_0, v000002251c888c90_0;
L_000002251c96f260 .cmp/eq 8, L_000002251c96ef40, L_000002251c913da8;
L_000002251c96dfa0 .concat [ 4 4 0 0], v000002251c887930_0, v000002251c888c90_0;
L_000002251c96da00 .cmp/eq 8, L_000002251c96dfa0, L_000002251c913e38;
L_000002251c96d280 .functor MUXZ 4, o000002251c8e2b78, L_000002251c913e80, L_000002251c96da00, C4<>;
L_000002251c96e9a0 .functor MUXZ 4, L_000002251c96d280, L_000002251c913df0, L_000002251c96f260, C4<>;
L_000002251c96d6e0 .functor MUXZ 4, L_000002251c96e9a0, L_000002251c913d60, L_000002251c96f080, C4<>;
L_000002251c96d460 .functor MUXZ 4, L_000002251c96d6e0, L_000002251c913cd0, L_000002251c96d3c0, C4<>;
L_000002251c96e040 .concat [ 4 28 0 0], v000002251c9115f0_0, L_000002251c913ec8;
L_000002251c96d320 .cmp/eq 32, L_000002251c96e040, L_000002251c913f10;
L_000002251c96e0e0 .concat [ 4 28 0 0], v000002251c9115f0_0, L_000002251c913f58;
L_000002251c96f6c0 .cmp/eq 32, L_000002251c96e0e0, L_000002251c913fa0;
L_000002251c96d960 .concat [ 4 28 0 0], v000002251c9115f0_0, L_000002251c913fe8;
L_000002251c96f120 .cmp/eq 32, L_000002251c96d960, L_000002251c914030;
L_000002251c96e540 .concat [ 4 28 0 0], v000002251c9115f0_0, L_000002251c914078;
L_000002251c96f300 .cmp/eq 32, L_000002251c96e540, L_000002251c9140c0;
L_000002251c96db40 .concat [ 4 28 0 0], v000002251c9115f0_0, L_000002251c914108;
L_000002251c96dc80 .cmp/eq 32, L_000002251c96db40, L_000002251c914150;
L_000002251c96dd20 .concat [ 4 28 0 0], v000002251c9115f0_0, L_000002251c914198;
L_000002251c96e180 .cmp/eq 32, L_000002251c96dd20, L_000002251c9141e0;
L_000002251c96ecc0 .concat [ 4 28 0 0], v000002251c9115f0_0, L_000002251c914228;
L_000002251c96e220 .cmp/eq 32, L_000002251c96ecc0, L_000002251c914270;
L_000002251c96efe0 .concat [ 4 28 0 0], v000002251c9115f0_0, L_000002251c9142b8;
L_000002251c96f3a0 .cmp/eq 32, L_000002251c96efe0, L_000002251c914300;
L_000002251c96e4a0 .functor MUXZ 32, o000002251c8e2668, v000002251c887890_0, L_000002251c96f3a0, C4<>;
L_000002251c96ea40 .functor MUXZ 32, L_000002251c96e4a0, v000002251c888290_0, L_000002251c96e220, C4<>;
L_000002251c96f440 .functor MUXZ 32, L_000002251c96ea40, v000002251c888b50_0, L_000002251c96e180, C4<>;
L_000002251c96f9e0 .functor MUXZ 32, L_000002251c96f440, v000002251c887750_0, L_000002251c96dc80, C4<>;
L_000002251c9703e0 .functor MUXZ 32, L_000002251c96f9e0, v000002251c888ab0_0, L_000002251c96f300, C4<>;
L_000002251c970b60 .functor MUXZ 32, L_000002251c9703e0, v000002251c8871b0_0, L_000002251c96f120, C4<>;
L_000002251c970840 .functor MUXZ 32, L_000002251c970b60, v000002251c887e30_0, L_000002251c96f6c0, C4<>;
L_000002251c96fb20 .functor MUXZ 32, L_000002251c970840, v000002251c8876b0_0, L_000002251c96d320, C4<>;
S_000002251c8086b0 .scope module, "alu" "alu" 2 61, 3 2 0, S_000002251c808520;
 .timescale -9 -11;
    .port_info 0 /INPUT 32 "aluA";
    .port_info 1 /INPUT 32 "aluB";
    .port_info 2 /INPUT 4 "alufun";
    .port_info 3 /OUTPUT 32 "valE";
L_000002251c82d130 .functor AND 32, v000002251c887070_0, v000002251c8879d0_0, C4<11111111111111111111111111111111>, C4<11111111111111111111111111111111>;
L_000002251c82d210 .functor NOT 32, v000002251c887070_0, C4<00000000000000000000000000000000>, C4<00000000000000000000000000000000>, C4<00000000000000000000000000000000>;
L_000002251c88d7f0 .functor AND 32, L_000002251c82d210, v000002251c8879d0_0, C4<11111111111111111111111111111111>, C4<11111111111111111111111111111111>;
L_000002251c88d2b0 .functor NOT 32, v000002251c8879d0_0, C4<00000000000000000000000000000000>, C4<00000000000000000000000000000000>, C4<00000000000000000000000000000000>;
L_000002251c88d4e0 .functor AND 32, v000002251c887070_0, L_000002251c88d2b0, C4<11111111111111111111111111111111>, C4<11111111111111111111111111111111>;
L_000002251c88d630 .functor OR 32, L_000002251c88d7f0, L_000002251c88d4e0, C4<00000000000000000000000000000000>, C4<00000000000000000000000000000000>;
v000002251c853150_0 .net *"_ivl_0", 31 0, L_000002251c96e7c0;  1 drivers
v000002251c852930_0 .net *"_ivl_10", 31 0, L_000002251c96df00;  1 drivers
L_000002251c913a48 .functor BUFT 1, C4<0000000000000000000000000000>, C4<0>, C4<0>, C4<0>;
v000002251c852070_0 .net *"_ivl_13", 27 0, L_000002251c913a48;  1 drivers
L_000002251c913a90 .functor BUFT 1, C4<00000000000000000000000000000001>, C4<0>, C4<0>, C4<0>;
v000002251c852c50_0 .net/2u *"_ivl_14", 31 0, L_000002251c913a90;  1 drivers
v000002251c8531f0_0 .net *"_ivl_16", 0 0, L_000002251c96e860;  1 drivers
v000002251c852d90_0 .net *"_ivl_18", 31 0, L_000002251c96ed60;  1 drivers
v000002251c853010_0 .net *"_ivl_20", 31 0, L_000002251c96f8a0;  1 drivers
L_000002251c913ad8 .functor BUFT 1, C4<0000000000000000000000000000>, C4<0>, C4<0>, C4<0>;
v000002251c851d50_0 .net *"_ivl_23", 27 0, L_000002251c913ad8;  1 drivers
L_000002251c913b20 .functor BUFT 1, C4<00000000000000000000000000000010>, C4<0>, C4<0>, C4<0>;
v000002251c852e30_0 .net/2u *"_ivl_24", 31 0, L_000002251c913b20;  1 drivers
v000002251c8526b0_0 .net *"_ivl_26", 0 0, L_000002251c96e900;  1 drivers
v000002251c852a70_0 .net *"_ivl_28", 31 0, L_000002251c82d130;  1 drivers
L_000002251c9139b8 .functor BUFT 1, C4<0000000000000000000000000000>, C4<0>, C4<0>, C4<0>;
v000002251c851cb0_0 .net *"_ivl_3", 27 0, L_000002251c9139b8;  1 drivers
v000002251c8535b0_0 .net *"_ivl_30", 31 0, L_000002251c96f1c0;  1 drivers
L_000002251c913b68 .functor BUFT 1, C4<0000000000000000000000000000>, C4<0>, C4<0>, C4<0>;
v000002251c852b10_0 .net *"_ivl_33", 27 0, L_000002251c913b68;  1 drivers
L_000002251c913bb0 .functor BUFT 1, C4<00000000000000000000000000000011>, C4<0>, C4<0>, C4<0>;
v000002251c851df0_0 .net/2u *"_ivl_34", 31 0, L_000002251c913bb0;  1 drivers
v000002251c852570_0 .net *"_ivl_36", 0 0, L_000002251c96d5a0;  1 drivers
v000002251c851850_0 .net *"_ivl_38", 31 0, L_000002251c82d210;  1 drivers
L_000002251c913a00 .functor BUFT 1, C4<00000000000000000000000000000000>, C4<0>, C4<0>, C4<0>;
v000002251c853290_0 .net/2u *"_ivl_4", 31 0, L_000002251c913a00;  1 drivers
v000002251c8517b0_0 .net *"_ivl_40", 31 0, L_000002251c88d7f0;  1 drivers
v000002251c853330_0 .net *"_ivl_42", 31 0, L_000002251c88d2b0;  1 drivers
v000002251c8529d0_0 .net *"_ivl_44", 31 0, L_000002251c88d4e0;  1 drivers
v000002251c851f30_0 .net *"_ivl_46", 31 0, L_000002251c88d630;  1 drivers
o000002251c8e04a8 .functor BUFZ 32, C4<zzzzzzzzzzzzzzzzzzzzzzzzzzzzzzzz>; HiZ drive
; Elide local net with no drivers, v000002251c852750_0 name=_ivl_48
v000002251c8521b0_0 .net *"_ivl_50", 31 0, L_000002251c96e400;  1 drivers
v000002251c851fd0_0 .net *"_ivl_52", 31 0, L_000002251c96d780;  1 drivers
v000002251c852cf0_0 .net *"_ivl_54", 31 0, L_000002251c96f580;  1 drivers
v000002251c8522f0_0 .net *"_ivl_6", 0 0, L_000002251c96dbe0;  1 drivers
v000002251c852ed0_0 .net *"_ivl_8", 31 0, L_000002251c96d500;  1 drivers
v000002251c852610_0 .net "aluA", 31 0, v000002251c887070_0;  alias, 1 drivers
v000002251c853470_0 .net "aluB", 31 0, v000002251c8879d0_0;  alias, 1 drivers
v000002251c852f70_0 .net "alufun", 3 0, L_000002251c96d460;  alias, 1 drivers
v000002251c852110_0 .net "valE", 31 0, L_000002251c96de60;  alias, 1 drivers
L_000002251c96e7c0 .concat [ 4 28 0 0], L_000002251c96d460, L_000002251c9139b8;
L_000002251c96dbe0 .cmp/eq 32, L_000002251c96e7c0, L_000002251c913a00;
L_000002251c96d500 .arith/sum 32, v000002251c887070_0, v000002251c8879d0_0;
L_000002251c96df00 .concat [ 4 28 0 0], L_000002251c96d460, L_000002251c913a48;
L_000002251c96e860 .cmp/eq 32, L_000002251c96df00, L_000002251c913a90;
L_000002251c96ed60 .arith/sub 32, v000002251c887070_0, v000002251c8879d0_0;
L_000002251c96f8a0 .concat [ 4 28 0 0], L_000002251c96d460, L_000002251c913ad8;
L_000002251c96e900 .cmp/eq 32, L_000002251c96f8a0, L_000002251c913b20;
L_000002251c96f1c0 .concat [ 4 28 0 0], L_000002251c96d460, L_000002251c913b68;
L_000002251c96d5a0 .cmp/eq 32, L_000002251c96f1c0, L_000002251c913bb0;
L_000002251c96e400 .functor MUXZ 32, o000002251c8e04a8, L_000002251c88d630, L_000002251c96d5a0, C4<>;
L_000002251c96d780 .functor MUXZ 32, L_000002251c96e400, L_000002251c82d130, L_000002251c96e900, C4<>;
L_000002251c96f580 .functor MUXZ 32, L_000002251c96d780, L_000002251c96ed60, L_000002251c96e860, C4<>;
L_000002251c96de60 .functor MUXZ 32, L_000002251c96f580, L_000002251c96d500, L_000002251c96dbe0, C4<>;
S_000002251c8dde00 .scope module, "ram" "ram" 2 33, 4 3 0, S_000002251c808520;
 .timescale -9 -11;
    .port_info 0 /INPUT 1 "clock";
    .port_info 1 /INPUT 9 "addr";
    .port_info 2 /INPUT 1 "wr";
    .port_info 3 /INPUT 32 "wdata";
    .port_info 4 /INPUT 1 "rd";
    .port_info 5 /OUTPUT 32 "rdata";
v000002251c853510_0 .net "addr", 8 0, L_000002251c96e360;  alias, 1 drivers
v000002251c853650_0 .net "clock", 0 0, v000002251c911370_0;  alias, 1 drivers
v000002251c851990 .array "ram", 0 255, 31 0;
v000002251c8518f0_0 .net "rd", 0 0, L_000002251c96d1e0;  alias, 1 drivers
v000002251c851a30_0 .var "rdata", 31 0;
v000002251c852250_0 .net "wdata", 31 0, v000002251c911730_0;  alias, 1 drivers
v000002251c852390_0 .net "wr", 0 0, v000002251c911190_0;  alias, 1 drivers
E_000002251c85af60 .event posedge, v000002251c853650_0;
S_000002251c8ddf90 .scope module, "regfile" "regfile" 2 41, 5 3 0, S_000002251c808520;
 .timescale -9 -11;
    .port_info 0 /INPUT 4 "dstE";
    .port_info 1 /INPUT 32 "valE";
    .port_info 2 /INPUT 4 "dstM";
    .port_info 3 /INPUT 32 "valM";
    .port_info 4 /INPUT 4 "rA";
    .port_info 5 /INPUT 4 "rB";
    .port_info 6 /INPUT 1 "reset";
    .port_info 7 /INPUT 1 "clock";
    .port_info 8 /OUTPUT 32 "valA";
    .port_info 9 /OUTPUT 32 "valB";
    .port_info 10 /OUTPUT 32 "r0";
    .port_info 11 /OUTPUT 32 "r1";
    .port_info 12 /OUTPUT 32 "r2";
    .port_info 13 /OUTPUT 32 "r3";
    .port_info 14 /OUTPUT 32 "r4";
    .port_info 15 /OUTPUT 32 "r5";
    .port_info 16 /OUTPUT 32 "r6";
    .port_info 17 /OUTPUT 32 "r7";
v000002251c8524d0_0 .net *"_ivl_0", 31 0, L_000002251c9126d0;  1 drivers
L_000002251c913658 .functor BUFT 1, C4<0000000000000000000000000000>, C4<0>, C4<0>, C4<0>;
v000002251c851ad0_0 .net *"_ivl_101", 27 0, L_000002251c913658;  1 drivers
L_000002251c9136a0 .functor BUFT 1, C4<00000000000000000000000000000010>, C4<0>, C4<0>, C4<0>;
v000002251c8527f0_0 .net/2u *"_ivl_102", 31 0, L_000002251c9136a0;  1 drivers
v000002251c851b70_0 .net *"_ivl_104", 0 0, L_000002251c9129f0;  1 drivers
v000002251c851c10_0 .net *"_ivl_106", 31 0, L_000002251c912d10;  1 drivers
L_000002251c9136e8 .functor BUFT 1, C4<0000000000000000000000000000>, C4<0>, C4<0>, C4<0>;
v000002251c83b300_0 .net *"_ivl_109", 27 0, L_000002251c9136e8;  1 drivers
L_000002251c913148 .functor BUFT 1, C4<0000000000000000000000000000>, C4<0>, C4<0>, C4<0>;
v000002251c83c840_0 .net *"_ivl_11", 27 0, L_000002251c913148;  1 drivers
L_000002251c913730 .functor BUFT 1, C4<00000000000000000000000000000011>, C4<0>, C4<0>, C4<0>;
v000002251c83ac20_0 .net/2u *"_ivl_110", 31 0, L_000002251c913730;  1 drivers
v000002251c83b440_0 .net *"_ivl_112", 0 0, L_000002251c9110f0;  1 drivers
v000002251c83bb20_0 .net *"_ivl_114", 31 0, L_000002251c96f620;  1 drivers
L_000002251c913778 .functor BUFT 1, C4<0000000000000000000000000000>, C4<0>, C4<0>, C4<0>;
v000002251c83b4e0_0 .net *"_ivl_117", 27 0, L_000002251c913778;  1 drivers
L_000002251c9137c0 .functor BUFT 1, C4<00000000000000000000000000000100>, C4<0>, C4<0>, C4<0>;
v000002251c83bee0_0 .net/2u *"_ivl_118", 31 0, L_000002251c9137c0;  1 drivers
L_000002251c913190 .functor BUFT 1, C4<00000000000000000000000000000001>, C4<0>, C4<0>, C4<0>;
v000002251c83c020_0 .net/2u *"_ivl_12", 31 0, L_000002251c913190;  1 drivers
v000002251c83c200_0 .net *"_ivl_120", 0 0, L_000002251c96d820;  1 drivers
v000002251c821e70_0 .net *"_ivl_122", 31 0, L_000002251c96e5e0;  1 drivers
L_000002251c913808 .functor BUFT 1, C4<0000000000000000000000000000>, C4<0>, C4<0>, C4<0>;
v000002251c821010_0 .net *"_ivl_125", 27 0, L_000002251c913808;  1 drivers
L_000002251c913850 .functor BUFT 1, C4<00000000000000000000000000000101>, C4<0>, C4<0>, C4<0>;
v000002251c885740_0 .net/2u *"_ivl_126", 31 0, L_000002251c913850;  1 drivers
v000002251c8854c0_0 .net *"_ivl_128", 0 0, L_000002251c96e720;  1 drivers
v000002251c886000_0 .net *"_ivl_130", 31 0, L_000002251c96d640;  1 drivers
L_000002251c913898 .functor BUFT 1, C4<0000000000000000000000000000>, C4<0>, C4<0>, C4<0>;
v000002251c885600_0 .net *"_ivl_133", 27 0, L_000002251c913898;  1 drivers
L_000002251c9138e0 .functor BUFT 1, C4<00000000000000000000000000000110>, C4<0>, C4<0>, C4<0>;
v000002251c8861e0_0 .net/2u *"_ivl_134", 31 0, L_000002251c9138e0;  1 drivers
v000002251c8852e0_0 .net *"_ivl_136", 0 0, L_000002251c96ee00;  1 drivers
v000002251c886960_0 .net *"_ivl_138", 31 0, L_000002251c96eae0;  1 drivers
v000002251c8866e0_0 .net *"_ivl_14", 0 0, L_000002251c911cd0;  1 drivers
L_000002251c913928 .functor BUFT 1, C4<0000000000000000000000000000>, C4<0>, C4<0>, C4<0>;
v000002251c885560_0 .net *"_ivl_141", 27 0, L_000002251c913928;  1 drivers
L_000002251c913970 .functor BUFT 1, C4<00000000000000000000000000000111>, C4<0>, C4<0>, C4<0>;
v000002251c8865a0_0 .net/2u *"_ivl_142", 31 0, L_000002251c913970;  1 drivers
v000002251c885100_0 .net *"_ivl_144", 0 0, L_000002251c96e680;  1 drivers
o000002251c8e0e98 .functor BUFZ 32, C4<zzzzzzzzzzzzzzzzzzzzzzzzzzzzzzzz>; HiZ drive
; Elide local net with no drivers, v000002251c885b00_0 name=_ivl_146
v000002251c8851a0_0 .net *"_ivl_148", 31 0, L_000002251c96f4e0;  1 drivers
v000002251c886d20_0 .net *"_ivl_150", 31 0, L_000002251c96f760;  1 drivers
v000002251c8856a0_0 .net *"_ivl_152", 31 0, L_000002251c96e2c0;  1 drivers
v000002251c886640_0 .net *"_ivl_154", 31 0, L_000002251c96daa0;  1 drivers
v000002251c8860a0_0 .net *"_ivl_156", 31 0, L_000002251c96ec20;  1 drivers
v000002251c886c80_0 .net *"_ivl_158", 31 0, L_000002251c96eea0;  1 drivers
v000002251c886780_0 .net *"_ivl_16", 31 0, L_000002251c911550;  1 drivers
v000002251c886140_0 .net *"_ivl_160", 31 0, L_000002251c96d8c0;  1 drivers
L_000002251c9131d8 .functor BUFT 1, C4<0000000000000000000000000000>, C4<0>, C4<0>, C4<0>;
v000002251c886280_0 .net *"_ivl_19", 27 0, L_000002251c9131d8;  1 drivers
L_000002251c913220 .functor BUFT 1, C4<00000000000000000000000000000010>, C4<0>, C4<0>, C4<0>;
v000002251c886460_0 .net/2u *"_ivl_20", 31 0, L_000002251c913220;  1 drivers
v000002251c886a00_0 .net *"_ivl_22", 0 0, L_000002251c912630;  1 drivers
v000002251c886aa0_0 .net *"_ivl_24", 31 0, L_000002251c912db0;  1 drivers
L_000002251c913268 .functor BUFT 1, C4<0000000000000000000000000000>, C4<0>, C4<0>, C4<0>;
v000002251c885e20_0 .net *"_ivl_27", 27 0, L_000002251c913268;  1 drivers
L_000002251c9132b0 .functor BUFT 1, C4<00000000000000000000000000000011>, C4<0>, C4<0>, C4<0>;
v000002251c885c40_0 .net/2u *"_ivl_28", 31 0, L_000002251c9132b0;  1 drivers
L_000002251c9130b8 .functor BUFT 1, C4<0000000000000000000000000000>, C4<0>, C4<0>, C4<0>;
v000002251c886dc0_0 .net *"_ivl_3", 27 0, L_000002251c9130b8;  1 drivers
v000002251c886320_0 .net *"_ivl_30", 0 0, L_000002251c9121d0;  1 drivers
v000002251c8863c0_0 .net *"_ivl_32", 31 0, L_000002251c912090;  1 drivers
L_000002251c9132f8 .functor BUFT 1, C4<0000000000000000000000000000>, C4<0>, C4<0>, C4<0>;
v000002251c886820_0 .net *"_ivl_35", 27 0, L_000002251c9132f8;  1 drivers
L_000002251c913340 .functor BUFT 1, C4<00000000000000000000000000000100>, C4<0>, C4<0>, C4<0>;
v000002251c8857e0_0 .net/2u *"_ivl_36", 31 0, L_000002251c913340;  1 drivers
v000002251c886500_0 .net *"_ivl_38", 0 0, L_000002251c9124f0;  1 drivers
L_000002251c913100 .functor BUFT 1, C4<00000000000000000000000000000000>, C4<0>, C4<0>, C4<0>;
v000002251c8868c0_0 .net/2u *"_ivl_4", 31 0, L_000002251c913100;  1 drivers
v000002251c885880_0 .net *"_ivl_40", 31 0, L_000002251c912b30;  1 drivers
L_000002251c913388 .functor BUFT 1, C4<0000000000000000000000000000>, C4<0>, C4<0>, C4<0>;
v000002251c885920_0 .net *"_ivl_43", 27 0, L_000002251c913388;  1 drivers
L_000002251c9133d0 .functor BUFT 1, C4<00000000000000000000000000000101>, C4<0>, C4<0>, C4<0>;
v000002251c886b40_0 .net/2u *"_ivl_44", 31 0, L_000002251c9133d0;  1 drivers
v000002251c885ec0_0 .net *"_ivl_46", 0 0, L_000002251c911690;  1 drivers
v000002251c886e60_0 .net *"_ivl_48", 31 0, L_000002251c912590;  1 drivers
L_000002251c913418 .functor BUFT 1, C4<0000000000000000000000000000>, C4<0>, C4<0>, C4<0>;
v000002251c885ba0_0 .net *"_ivl_51", 27 0, L_000002251c913418;  1 drivers
L_000002251c913460 .functor BUFT 1, C4<00000000000000000000000000000110>, C4<0>, C4<0>, C4<0>;
v000002251c885ce0_0 .net/2u *"_ivl_52", 31 0, L_000002251c913460;  1 drivers
v000002251c8859c0_0 .net *"_ivl_54", 0 0, L_000002251c912f90;  1 drivers
v000002251c885380_0 .net *"_ivl_56", 31 0, L_000002251c912950;  1 drivers
L_000002251c9134a8 .functor BUFT 1, C4<0000000000000000000000000000>, C4<0>, C4<0>, C4<0>;
v000002251c885d80_0 .net *"_ivl_59", 27 0, L_000002251c9134a8;  1 drivers
v000002251c885f60_0 .net *"_ivl_6", 0 0, L_000002251c9114b0;  1 drivers
L_000002251c9134f0 .functor BUFT 1, C4<00000000000000000000000000000111>, C4<0>, C4<0>, C4<0>;
v000002251c886be0_0 .net/2u *"_ivl_60", 31 0, L_000002251c9134f0;  1 drivers
v000002251c886f00_0 .net *"_ivl_62", 0 0, L_000002251c912c70;  1 drivers
o000002251c8e1528 .functor BUFZ 32, C4<zzzzzzzzzzzzzzzzzzzzzzzzzzzzzzzz>; HiZ drive
; Elide local net with no drivers, v000002251c885060_0 name=_ivl_64
v000002251c885a60_0 .net *"_ivl_66", 31 0, L_000002251c911f50;  1 drivers
v000002251c885240_0 .net *"_ivl_68", 31 0, L_000002251c911d70;  1 drivers
v000002251c885420_0 .net *"_ivl_70", 31 0, L_000002251c912130;  1 drivers
v000002251c887a70_0 .net *"_ivl_72", 31 0, L_000002251c9117d0;  1 drivers
v000002251c8885b0_0 .net *"_ivl_74", 31 0, L_000002251c912270;  1 drivers
v000002251c8880b0_0 .net *"_ivl_76", 31 0, L_000002251c912310;  1 drivers
v000002251c888330_0 .net *"_ivl_78", 31 0, L_000002251c912810;  1 drivers
v000002251c887110_0 .net *"_ivl_8", 31 0, L_000002251c911b90;  1 drivers
v000002251c8886f0_0 .net *"_ivl_82", 31 0, L_000002251c911a50;  1 drivers
L_000002251c913538 .functor BUFT 1, C4<0000000000000000000000000000>, C4<0>, C4<0>, C4<0>;
v000002251c888010_0 .net *"_ivl_85", 27 0, L_000002251c913538;  1 drivers
L_000002251c913580 .functor BUFT 1, C4<00000000000000000000000000000000>, C4<0>, C4<0>, C4<0>;
v000002251c887250_0 .net/2u *"_ivl_86", 31 0, L_000002251c913580;  1 drivers
v000002251c8872f0_0 .net *"_ivl_88", 0 0, L_000002251c912bd0;  1 drivers
v000002251c887bb0_0 .net *"_ivl_90", 31 0, L_000002251c912770;  1 drivers
L_000002251c9135c8 .functor BUFT 1, C4<0000000000000000000000000000>, C4<0>, C4<0>, C4<0>;
v000002251c887f70_0 .net *"_ivl_93", 27 0, L_000002251c9135c8;  1 drivers
L_000002251c913610 .functor BUFT 1, C4<00000000000000000000000000000001>, C4<0>, C4<0>, C4<0>;
v000002251c887390_0 .net/2u *"_ivl_94", 31 0, L_000002251c913610;  1 drivers
v000002251c8877f0_0 .net *"_ivl_96", 0 0, L_000002251c911e10;  1 drivers
v000002251c888150_0 .net *"_ivl_98", 31 0, L_000002251c9128b0;  1 drivers
v000002251c8881f0_0 .net "clock", 0 0, v000002251c911370_0;  alias, 1 drivers
v000002251c887b10_0 .net "dstE", 3 0, v000002251c88c350_0;  1 drivers
v000002251c888510_0 .net "dstM", 3 0, v000002251c88cb70_0;  1 drivers
v000002251c888a10_0 .net "r0", 31 0, v000002251c8876b0_0;  alias, 1 drivers
v000002251c888650_0 .net "r1", 31 0, v000002251c887e30_0;  alias, 1 drivers
v000002251c8888d0_0 .net "r2", 31 0, v000002251c8871b0_0;  alias, 1 drivers
v000002251c887610_0 .net "r3", 31 0, v000002251c888ab0_0;  alias, 1 drivers
v000002251c888790_0 .net "r4", 31 0, v000002251c887750_0;  alias, 1 drivers
v000002251c888dd0_0 .net "r5", 31 0, v000002251c888b50_0;  alias, 1 drivers
v000002251c8883d0_0 .net "r6", 31 0, v000002251c888290_0;  alias, 1 drivers
v000002251c887570_0 .net "r7", 31 0, v000002251c887890_0;  alias, 1 drivers
v000002251c888e70_0 .net "rA", 3 0, v000002251c88b310_0;  1 drivers
v000002251c888470_0 .net "rB", 3 0, v000002251c88c530_0;  1 drivers
v000002251c8876b0_0 .var "r_r0", 31 0;
v000002251c887e30_0 .var "r_r1", 31 0;
v000002251c8871b0_0 .var "r_r2", 31 0;
v000002251c888ab0_0 .var "r_r3", 31 0;
v000002251c887750_0 .var "r_r4", 31 0;
v000002251c888b50_0 .var "r_r5", 31 0;
v000002251c888290_0 .var "r_r6", 31 0;
v000002251c887890_0 .var "r_r7", 31 0;
v000002251c888830_0 .net "reset", 0 0, v000002251c88b6d0_0;  1 drivers
v000002251c887cf0_0 .net "valA", 31 0, L_000002251c911910;  alias, 1 drivers
v000002251c888970_0 .net "valB", 31 0, L_000002251c96f800;  alias, 1 drivers
v000002251c888bf0_0 .net "valE", 31 0, v000002251c88cc10_0;  1 drivers
v000002251c887430_0 .net "valM", 31 0, v000002251c88c3f0_0;  1 drivers
E_000002251c85ace0/0 .event negedge, v000002251c888830_0;
E_000002251c85ace0/1 .event posedge, v000002251c853650_0;
E_000002251c85ace0 .event/or E_000002251c85ace0/0, E_000002251c85ace0/1;
L_000002251c9126d0 .concat [ 4 28 0 0], v000002251c88b310_0, L_000002251c9130b8;
L_000002251c9114b0 .cmp/eq 32, L_000002251c9126d0, L_000002251c913100;
L_000002251c911b90 .concat [ 4 28 0 0], v000002251c88b310_0, L_000002251c913148;
L_000002251c911cd0 .cmp/eq 32, L_000002251c911b90, L_000002251c913190;
L_000002251c911550 .concat [ 4 28 0 0], v000002251c88b310_0, L_000002251c9131d8;
L_000002251c912630 .cmp/eq 32, L_000002251c911550, L_000002251c913220;
L_000002251c912db0 .concat [ 4 28 0 0], v000002251c88b310_0, L_000002251c913268;
L_000002251c9121d0 .cmp/eq 32, L_000002251c912db0, L_000002251c9132b0;
L_000002251c912090 .concat [ 4 28 0 0], v000002251c88b310_0, L_000002251c9132f8;
L_000002251c9124f0 .cmp/eq 32, L_000002251c912090, L_000002251c913340;
L_000002251c912b30 .concat [ 4 28 0 0], v000002251c88b310_0, L_000002251c913388;
L_000002251c911690 .cmp/eq 32, L_000002251c912b30, L_000002251c9133d0;
L_000002251c912590 .concat [ 4 28 0 0], v000002251c88b310_0, L_000002251c913418;
L_000002251c912f90 .cmp/eq 32, L_000002251c912590, L_000002251c913460;
L_000002251c912950 .concat [ 4 28 0 0], v000002251c88b310_0, L_000002251c9134a8;
L_000002251c912c70 .cmp/eq 32, L_000002251c912950, L_000002251c9134f0;
L_000002251c911f50 .functor MUXZ 32, o000002251c8e1528, v000002251c887890_0, L_000002251c912c70, C4<>;
L_000002251c911d70 .functor MUXZ 32, L_000002251c911f50, v000002251c888290_0, L_000002251c912f90, C4<>;
L_000002251c912130 .functor MUXZ 32, L_000002251c911d70, v000002251c888b50_0, L_000002251c911690, C4<>;
L_000002251c9117d0 .functor MUXZ 32, L_000002251c912130, v000002251c887750_0, L_000002251c9124f0, C4<>;
L_000002251c912270 .functor MUXZ 32, L_000002251c9117d0, v000002251c888ab0_0, L_000002251c9121d0, C4<>;
L_000002251c912310 .functor MUXZ 32, L_000002251c912270, v000002251c8871b0_0, L_000002251c912630, C4<>;
L_000002251c912810 .functor MUXZ 32, L_000002251c912310, v000002251c887e30_0, L_000002251c911cd0, C4<>;
L_000002251c911910 .functor MUXZ 32, L_000002251c912810, v000002251c8876b0_0, L_000002251c9114b0, C4<>;
L_000002251c911a50 .concat [ 4 28 0 0], v000002251c88c530_0, L_000002251c913538;
L_000002251c912bd0 .cmp/eq 32, L_000002251c911a50, L_000002251c913580;
L_000002251c912770 .concat [ 4 28 0 0], v000002251c88c530_0, L_000002251c9135c8;
L_000002251c911e10 .cmp/eq 32, L_000002251c912770, L_000002251c913610;
L_000002251c9128b0 .concat [ 4 28 0 0], v000002251c88c530_0, L_000002251c913658;
L_000002251c9129f0 .cmp/eq 32, L_000002251c9128b0, L_000002251c9136a0;
L_000002251c912d10 .concat [ 4 28 0 0], v000002251c88c530_0, L_000002251c9136e8;
L_000002251c9110f0 .cmp/eq 32, L_000002251c912d10, L_000002251c913730;
L_000002251c96f620 .concat [ 4 28 0 0], v000002251c88c530_0, L_000002251c913778;
L_000002251c96d820 .cmp/eq 32, L_000002251c96f620, L_000002251c9137c0;
L_000002251c96e5e0 .concat [ 4 28 0 0], v000002251c88c530_0, L_000002251c913808;
L_000002251c96e720 .cmp/eq 32, L_000002251c96e5e0, L_000002251c913850;
L_000002251c96d640 .concat [ 4 28 0 0], v000002251c88c530_0, L_000002251c913898;
L_000002251c96ee00 .cmp/eq 32, L_000002251c96d640, L_000002251c9138e0;
L_000002251c96eae0 .concat [ 4 28 0 0], v000002251c88c530_0, L_000002251c913928;
L_000002251c96e680 .cmp/eq 32, L_000002251c96eae0, L_000002251c913970;
L_000002251c96f4e0 .functor MUXZ 32, o000002251c8e0e98, v000002251c887890_0, L_000002251c96e680, C4<>;
L_000002251c96f760 .functor MUXZ 32, L_000002251c96f4e0, v000002251c888290_0, L_000002251c96ee00, C4<>;
L_000002251c96e2c0 .functor MUXZ 32, L_000002251c96f760, v000002251c888b50_0, L_000002251c96e720, C4<>;
L_000002251c96daa0 .functor MUXZ 32, L_000002251c96e2c0, v000002251c887750_0, L_000002251c96d820, C4<>;
L_000002251c96ec20 .functor MUXZ 32, L_000002251c96daa0, v000002251c888ab0_0, L_000002251c9110f0, C4<>;
L_000002251c96eea0 .functor MUXZ 32, L_000002251c96ec20, v000002251c8871b0_0, L_000002251c9129f0, C4<>;
L_000002251c96d8c0 .functor MUXZ 32, L_000002251c96eea0, v000002251c887e30_0, L_000002251c911e10, C4<>;
L_000002251c96f800 .functor MUXZ 32, L_000002251c96d8c0, v000002251c8876b0_0, L_000002251c912bd0, C4<>;
    .scope S_000002251c8dde00;
T_0 ;
    %pushi/vec4 0, 4294967295, 32;
    %store/vec4 v000002251c851a30_0, 0, 32;
    %end;
    .thread T_0;
    .scope S_000002251c8dde00;
T_1 ;
    %wait E_000002251c85af60;
    %load/vec4 v000002251c852390_0;
    %flag_set/vec4 8;
    %jmp/0xz  T_1.0, 8;
    %load/vec4 v000002251c852250_0;
    %load/vec4 v000002251c853510_0;
    %pad/u 10;
    %ix/vec4 3;
    %ix/load 4, 0, 0; Constant delay
    %assign/vec4/a/d v000002251c851990, 0, 4;
T_1.0 ;
    %load/vec4 v000002251c8518f0_0;
    %flag_set/vec4 8;
    %jmp/0xz  T_1.2, 8;
    %load/vec4 v000002251c853510_0;
    %pad/u 10;
    %ix/vec4 4;
    %load/vec4a v000002251c851990, 4;
    %assign/vec4 v000002251c851a30_0, 0;
    %jmp T_1.3;
T_1.2 ;
    %pushi/vec4 0, 4294967295, 32;
    %assign/vec4 v000002251c851a30_0, 0;
T_1.3 ;
    %jmp T_1;
    .thread T_1;
    .scope S_000002251c8ddf90;
T_2 ;
    %wait E_000002251c85ace0;
    %load/vec4 v000002251c888830_0;
    %flag_set/vec4 8;
    %jmp/0xz  T_2.0, 8;
    %pushi/vec4 0, 0, 32;
    %assign/vec4 v000002251c8876b0_0, 0;
    %pushi/vec4 0, 0, 32;
    %assign/vec4 v000002251c887e30_0, 0;
    %pushi/vec4 0, 0, 32;
    %assign/vec4 v000002251c8871b0_0, 0;
    %pushi/vec4 0, 0, 32;
    %assign/vec4 v000002251c888ab0_0, 0;
    %pushi/vec4 0, 0, 32;
    %assign/vec4 v000002251c887750_0, 0;
    %pushi/vec4 0, 0, 32;
    %assign/vec4 v000002251c888b50_0, 0;
    %pushi/vec4 0, 0, 32;
    %assign/vec4 v000002251c888290_0, 0;
    %pushi/vec4 0, 0, 32;
    %assign/vec4 v000002251c887890_0, 0;
    %jmp T_2.1;
T_2.0 ;
    %load/vec4 v000002251c887b10_0;
    %dup/vec4;
    %pushi/vec4 0, 0, 4;
    %cmp/u;
    %jmp/1 T_2.2, 6;
    %dup/vec4;
    %pushi/vec4 1, 0, 4;
    %cmp/u;
    %jmp/1 T_2.3, 6;
    %dup/vec4;
    %pushi/vec4 2, 0, 4;
    %cmp/u;
    %jmp/1 T_2.4, 6;
    %dup/vec4;
    %pushi/vec4 3, 0, 4;
    %cmp/u;
    %jmp/1 T_2.5, 6;
    %dup/vec4;
    %pushi/vec4 4, 0, 4;
    %cmp/u;
    %jmp/1 T_2.6, 6;
    %dup/vec4;
    %pushi/vec4 5, 0, 4;
    %cmp/u;
    %jmp/1 T_2.7, 6;
    %dup/vec4;
    %pushi/vec4 6, 0, 4;
    %cmp/u;
    %jmp/1 T_2.8, 6;
    %dup/vec4;
    %pushi/vec4 7, 0, 4;
    %cmp/u;
    %jmp/1 T_2.9, 6;
    %jmp T_2.10;
T_2.2 ;
    %load/vec4 v000002251c888bf0_0;
    %assign/vec4 v000002251c8876b0_0, 0;
    %jmp T_2.10;
T_2.3 ;
    %load/vec4 v000002251c888bf0_0;
    %assign/vec4 v000002251c887e30_0, 0;
    %jmp T_2.10;
T_2.4 ;
    %load/vec4 v000002251c888bf0_0;
    %assign/vec4 v000002251c8871b0_0, 0;
    %jmp T_2.10;
T_2.5 ;
    %load/vec4 v000002251c888bf0_0;
    %assign/vec4 v000002251c888ab0_0, 0;
    %jmp T_2.10;
T_2.6 ;
    %load/vec4 v000002251c888bf0_0;
    %assign/vec4 v000002251c887750_0, 0;
    %jmp T_2.10;
T_2.7 ;
    %load/vec4 v000002251c888bf0_0;
    %assign/vec4 v000002251c888b50_0, 0;
    %jmp T_2.10;
T_2.8 ;
    %load/vec4 v000002251c888bf0_0;
    %assign/vec4 v000002251c888290_0, 0;
    %jmp T_2.10;
T_2.9 ;
    %load/vec4 v000002251c888bf0_0;
    %assign/vec4 v000002251c887890_0, 0;
    %jmp T_2.10;
T_2.10 ;
    %pop/vec4 1;
    %load/vec4 v000002251c888510_0;
    %dup/vec4;
    %pushi/vec4 0, 0, 4;
    %cmp/u;
    %jmp/1 T_2.11, 6;
    %dup/vec4;
    %pushi/vec4 1, 0, 4;
    %cmp/u;
    %jmp/1 T_2.12, 6;
    %dup/vec4;
    %pushi/vec4 2, 0, 4;
    %cmp/u;
    %jmp/1 T_2.13, 6;
    %dup/vec4;
    %pushi/vec4 3, 0, 4;
    %cmp/u;
    %jmp/1 T_2.14, 6;
    %dup/vec4;
    %pushi/vec4 4, 0, 4;
    %cmp/u;
    %jmp/1 T_2.15, 6;
    %dup/vec4;
    %pushi/vec4 5, 0, 4;
    %cmp/u;
    %jmp/1 T_2.16, 6;
    %dup/vec4;
    %pushi/vec4 6, 0, 4;
    %cmp/u;
    %jmp/1 T_2.17, 6;
    %dup/vec4;
    %pushi/vec4 7, 0, 4;
    %cmp/u;
    %jmp/1 T_2.18, 6;
    %jmp T_2.19;
T_2.11 ;
    %load/vec4 v000002251c887430_0;
    %assign/vec4 v000002251c8876b0_0, 0;
    %jmp T_2.19;
T_2.12 ;
    %load/vec4 v000002251c887430_0;
    %assign/vec4 v000002251c887e30_0, 0;
    %jmp T_2.19;
T_2.13 ;
    %load/vec4 v000002251c887430_0;
    %assign/vec4 v000002251c8871b0_0, 0;
    %jmp T_2.19;
T_2.14 ;
    %load/vec4 v000002251c887430_0;
    %assign/vec4 v000002251c888ab0_0, 0;
    %jmp T_2.19;
T_2.15 ;
    %load/vec4 v000002251c887430_0;
    %assign/vec4 v000002251c887750_0, 0;
    %jmp T_2.19;
T_2.16 ;
    %load/vec4 v000002251c887430_0;
    %assign/vec4 v000002251c888b50_0, 0;
    %jmp T_2.19;
T_2.17 ;
    %load/vec4 v000002251c887430_0;
    %assign/vec4 v000002251c888290_0, 0;
    %jmp T_2.19;
T_2.18 ;
    %load/vec4 v000002251c887430_0;
    %assign/vec4 v000002251c887890_0, 0;
    %jmp T_2.19;
T_2.19 ;
    %pop/vec4 1;
T_2.1 ;
    %jmp T_2;
    .thread T_2;
    .scope S_000002251c808520;
T_3 ;
    %pushi/vec4 0, 0, 9;
    %store/vec4 v000002251c8893a0_0, 0, 9;
    %pushi/vec4 0, 15, 4;
    %store/vec4 v000002251c88b3b0_0, 0, 4;
    %pushi/vec4 0, 15, 4;
    %store/vec4 v000002251c88be50_0, 0, 4;
    %pushi/vec4 0, 15, 4;
    %store/vec4 v000002251c88b310_0, 0, 4;
    %pushi/vec4 0, 15, 4;
    %store/vec4 v000002251c88c530_0, 0, 4;
    %pushi/vec4 0, 65535, 16;
    %store/vec4 v000002251c88c8f0_0, 0, 16;
    %pushi/vec4 0, 15, 4;
    %store/vec4 v000002251c888c90_0, 0, 4;
    %pushi/vec4 0, 15, 4;
    %store/vec4 v000002251c887930_0, 0, 4;
    %pushi/vec4 0, 15, 4;
    %store/vec4 v000002251c888d30_0, 0, 4;
    %pushi/vec4 0, 15, 4;
    %store/vec4 v000002251c888f10_0, 0, 4;
    %pushi/vec4 0, 4294967295, 32;
    %store/vec4 v000002251c887070_0, 0, 32;
    %pushi/vec4 0, 4294967295, 32;
    %store/vec4 v000002251c8879d0_0, 0, 32;
    %pushi/vec4 0, 65535, 16;
    %store/vec4 v000002251c887ed0_0, 0, 16;
    %pushi/vec4 0, 15, 4;
    %store/vec4 v000002251c887d90_0, 0, 4;
    %pushi/vec4 0, 4294967295, 32;
    %store/vec4 v000002251c88a520_0, 0, 32;
    %pushi/vec4 0, 15, 4;
    %store/vec4 v000002251c887c50_0, 0, 4;
    %pushi/vec4 0, 4294967295, 32;
    %store/vec4 v000002251c852430_0, 0, 32;
    %pushi/vec4 0, 15, 4;
    %store/vec4 v000002251c88cb70_0, 0, 4;
    %pushi/vec4 0, 4294967295, 32;
    %store/vec4 v000002251c88c3f0_0, 0, 32;
    %pushi/vec4 0, 15, 4;
    %store/vec4 v000002251c88c350_0, 0, 4;
    %pushi/vec4 0, 4294967295, 32;
    %store/vec4 v000002251c88cc10_0, 0, 32;
    %end;
    .thread T_3;
    .scope S_000002251c808520;
T_4 ;
    %wait E_000002251c85af60;
    %load/vec4 v000002251c88cf30_0;
    %flag_set/vec4 8;
    %jmp/0xz  T_4.0, 8;
    %load/vec4 v000002251c8893a0_0;
    %addi 1, 0, 9;
    %assign/vec4 v000002251c8893a0_0, 0;
T_4.0 ;
    %jmp T_4;
    .thread T_4;
    .scope S_000002251c808520;
T_5 ;
    %wait E_000002251c85af60;
    %load/vec4 v000002251c88cf30_0;
    %flag_set/vec4 8;
    %jmp/0xz  T_5.0, 8;
    %load/vec4 v000002251c88a160_0;
    %parti/s 4, 28, 6;
    %assign/vec4 v000002251c88b3b0_0, 0;
    %load/vec4 v000002251c88a160_0;
    %parti/s 4, 24, 6;
    %assign/vec4 v000002251c88be50_0, 0;
    %load/vec4 v000002251c88a160_0;
    %parti/s 4, 20, 6;
    %assign/vec4 v000002251c88b310_0, 0;
    %load/vec4 v000002251c88a160_0;
    %parti/s 4, 16, 6;
    %assign/vec4 v000002251c88c530_0, 0;
    %load/vec4 v000002251c88a160_0;
    %parti/s 16, 0, 2;
    %assign/vec4 v000002251c88c8f0_0, 0;
    %load/vec4 v000002251c88b3b0_0;
    %assign/vec4 v000002251c888c90_0, 0;
    %load/vec4 v000002251c88be50_0;
    %assign/vec4 v000002251c887930_0, 0;
    %load/vec4 v000002251c88b310_0;
    %assign/vec4 v000002251c888d30_0, 0;
    %load/vec4 v000002251c88c530_0;
    %assign/vec4 v000002251c888f10_0, 0;
    %load/vec4 v000002251c88c8f0_0;
    %assign/vec4 v000002251c887ed0_0, 0;
    %load/vec4 v000002251c88c170_0;
    %assign/vec4 v000002251c887070_0, 0;
    %load/vec4 v000002251c88b450_0;
    %assign/vec4 v000002251c8879d0_0, 0;
T_5.0 ;
    %jmp T_5;
    .thread T_5;
    .scope S_000002251c808520;
T_6 ;
    %pushi/vec4 1, 0, 1;
    %assign/vec4 v000002251c88b6d0_0, 0;
    %delay 2000, 0;
    %pushi/vec4 0, 0, 1;
    %assign/vec4 v000002251c88b6d0_0, 0;
    %end;
    .thread T_6;
    .scope S_000002251c808520;
T_7 ;
    %wait E_000002251c85af60;
    %load/vec4 v000002251c888c90_0;
    %load/vec4 v000002251c887930_0;
    %concat/vec4; draw_concat_vec4
    %cmpi/e 16, 0, 8;
    %jmp/0xz  T_7.0, 4;
    %load/vec4 v000002251c888f10_0;
    %assign/vec4 v000002251c887d90_0, 0;
    %load/vec4 v000002251c887ed0_0;
    %pad/u 32;
    %assign/vec4 v000002251c88a520_0, 0;
    %jmp T_7.1;
T_7.0 ;
    %pushi/vec4 0, 15, 4;
    %assign/vec4 v000002251c887d90_0, 0;
    %pushi/vec4 0, 4294967295, 32;
    %assign/vec4 v000002251c88a520_0, 0;
T_7.1 ;
    %load/vec4 v000002251c888d30_0;
    %assign/vec4 v000002251c887c50_0, 0;
    %load/vec4 v000002251c88cdf0_0;
    %assign/vec4 v000002251c852430_0, 0;
    %jmp T_7;
    .thread T_7;
    .scope S_000002251c808520;
T_8 ;
    %wait E_000002251c85af60;
    %load/vec4 v000002251c887d90_0;
    %assign/vec4 v000002251c88cb70_0, 0;
    %load/vec4 v000002251c88a520_0;
    %assign/vec4 v000002251c88c3f0_0, 0;
    %load/vec4 v000002251c887c50_0;
    %assign/vec4 v000002251c88c350_0, 0;
    %load/vec4 v000002251c852430_0;
    %assign/vec4 v000002251c88cc10_0, 0;
    %jmp T_8;
    .thread T_8;
    .scope S_000002251c808390;
T_9 ;
    %pushi/vec4 0, 0, 1;
    %store/vec4 v000002251c911c30_0, 0, 1;
    %end;
    .thread T_9;
    .scope S_000002251c808390;
T_10 ;
    %pushi/vec4 0, 0, 1;
    %assign/vec4 v000002251c911370_0, 0;
    %pushi/vec4 0, 0, 9;
    %assign/vec4 v000002251c911230_0, 0;
    %pushi/vec4 0, 0, 1;
    %assign/vec4 v000002251c911190_0, 0;
    %pushi/vec4 0, 0, 32;
    %assign/vec4 v000002251c911730_0, 0;
    %pushi/vec4 0, 0, 1;
    %assign/vec4 v000002251c911eb0_0, 0;
    %pushi/vec4 15, 0, 4;
    %assign/vec4 v000002251c9115f0_0, 0;
    %delay 2000, 0;
    %pushi/vec4 0, 0, 9;
    %assign/vec4 v000002251c911230_0, 0;
    %pushi/vec4 1, 0, 1;
    %assign/vec4 v000002251c911190_0, 0;
    %pushi/vec4 284164224, 0, 32;
    %assign/vec4 v000002251c911730_0, 0;
    %delay 2000, 0;
    %pushi/vec4 1, 0, 9;
    %assign/vec4 v000002251c911230_0, 0;
    %pushi/vec4 1, 0, 1;
    %assign/vec4 v000002251c911190_0, 0;
    %pushi/vec4 284229761, 0, 32;
    %assign/vec4 v000002251c911730_0, 0;
    %delay 2000, 0;
    %pushi/vec4 2, 0, 9;
    %assign/vec4 v000002251c911230_0, 0;
    %pushi/vec4 1, 0, 1;
    %assign/vec4 v000002251c911190_0, 0;
    %pushi/vec4 284295298, 0, 32;
    %assign/vec4 v000002251c911730_0, 0;
    %delay 2000, 0;
    %pushi/vec4 3, 0, 9;
    %assign/vec4 v000002251c911230_0, 0;
    %pushi/vec4 1, 0, 1;
    %assign/vec4 v000002251c911190_0, 0;
    %pushi/vec4 284360835, 0, 32;
    %assign/vec4 v000002251c911730_0, 0;
    %delay 2000, 0;
    %pushi/vec4 4, 0, 9;
    %assign/vec4 v000002251c911230_0, 0;
    %pushi/vec4 1, 0, 1;
    %assign/vec4 v000002251c911190_0, 0;
    %pushi/vec4 284426372, 0, 32;
    %assign/vec4 v000002251c911730_0, 0;
    %delay 2000, 0;
    %pushi/vec4 5, 0, 9;
    %assign/vec4 v000002251c911230_0, 0;
    %pushi/vec4 1, 0, 1;
    %assign/vec4 v000002251c911190_0, 0;
    %pushi/vec4 284491909, 0, 32;
    %assign/vec4 v000002251c911730_0, 0;
    %delay 2000, 0;
    %pushi/vec4 6, 0, 9;
    %assign/vec4 v000002251c911230_0, 0;
    %pushi/vec4 1, 0, 1;
    %assign/vec4 v000002251c911190_0, 0;
    %pushi/vec4 284557446, 0, 32;
    %assign/vec4 v000002251c911730_0, 0;
    %delay 2000, 0;
    %pushi/vec4 7, 0, 9;
    %assign/vec4 v000002251c911230_0, 0;
    %pushi/vec4 1, 0, 1;
    %assign/vec4 v000002251c911190_0, 0;
    %pushi/vec4 284622983, 0, 32;
    %assign/vec4 v000002251c911730_0, 0;
    %delay 2000, 0;
    %pushi/vec4 8, 0, 9;
    %assign/vec4 v000002251c911230_0, 0;
    %pushi/vec4 1, 0, 1;
    %assign/vec4 v000002251c911190_0, 0;
    %pushi/vec4 536936448, 0, 32;
    %assign/vec4 v000002251c911730_0, 0;
    %delay 2000, 0;
    %pushi/vec4 9, 0, 9;
    %assign/vec4 v000002251c911230_0, 0;
    %pushi/vec4 1, 0, 1;
    %assign/vec4 v000002251c911190_0, 0;
    %pushi/vec4 555941888, 0, 32;
    %assign/vec4 v000002251c911730_0, 0;
    %delay 2000, 0;
    %pushi/vec4 10, 0, 9;
    %assign/vec4 v000002251c911230_0, 0;
    %pushi/vec4 1, 0, 1;
    %assign/vec4 v000002251c911190_0, 0;
    %pushi/vec4 574947328, 0, 32;
    %assign/vec4 v000002251c911730_0, 0;
    %delay 2000, 0;
    %pushi/vec4 11, 0, 9;
    %assign/vec4 v000002251c911230_0, 0;
    %pushi/vec4 1, 0, 1;
    %assign/vec4 v000002251c911190_0, 0;
    %pushi/vec4 593952768, 0, 32;
    %assign/vec4 v000002251c911730_0, 0;
    %delay 2000, 0;
    %pushi/vec4 12, 0, 9;
    %assign/vec4 v000002251c911230_0, 0;
    %pushi/vec4 1, 0, 1;
    %assign/vec4 v000002251c911190_0, 0;
    %pushi/vec4 559153152, 0, 32;
    %assign/vec4 v000002251c911730_0, 0;
    %delay 2000, 0;
    %pushi/vec4 13, 0, 9;
    %assign/vec4 v000002251c911230_0, 0;
    %pushi/vec4 1, 0, 1;
    %assign/vec4 v000002251c911190_0, 0;
    %pushi/vec4 578158592, 0, 32;
    %assign/vec4 v000002251c911730_0, 0;
    %delay 2000, 0;
    %pushi/vec4 14, 0, 9;
    %assign/vec4 v000002251c911230_0, 0;
    %pushi/vec4 1, 0, 1;
    %assign/vec4 v000002251c911190_0, 0;
    %pushi/vec4 540147712, 0, 32;
    %assign/vec4 v000002251c911730_0, 0;
    %delay 2000, 0;
    %pushi/vec4 15, 0, 9;
    %assign/vec4 v000002251c911230_0, 0;
    %pushi/vec4 1, 0, 1;
    %assign/vec4 v000002251c911190_0, 0;
    %pushi/vec4 588251136, 0, 32;
    %assign/vec4 v000002251c911730_0, 0;
    %delay 2000, 0;
    %pushi/vec4 16, 0, 9;
    %assign/vec4 v000002251c911230_0, 0;
    %pushi/vec4 1, 0, 1;
    %assign/vec4 v000002251c911190_0, 0;
    %pushi/vec4 540344320, 0, 32;
    %assign/vec4 v000002251c911730_0, 0;
    %delay 2000, 0;
    %pushi/vec4 17, 0, 9;
    %assign/vec4 v000002251c911230_0, 0;
    %pushi/vec4 1, 0, 1;
    %assign/vec4 v000002251c911190_0, 0;
    %pushi/vec4 556007424, 0, 32;
    %assign/vec4 v000002251c911730_0, 0;
    %delay 2000, 0;
    %pushi/vec4 18, 0, 9;
    %assign/vec4 v000002251c911230_0, 0;
    %pushi/vec4 1, 0, 1;
    %assign/vec4 v000002251c911190_0, 0;
    %pushi/vec4 587595776, 0, 32;
    %assign/vec4 v000002251c911730_0, 0;
    %delay 2000, 0;
    %pushi/vec4 19, 0, 9;
    %assign/vec4 v000002251c911230_0, 0;
    %pushi/vec4 1, 0, 1;
    %assign/vec4 v000002251c911190_0, 0;
    %pushi/vec4 571932672, 0, 32;
    %assign/vec4 v000002251c911730_0, 0;
    %delay 2000, 0;
    %pushi/vec4 0, 0, 9;
    %assign/vec4 v000002251c911230_0, 0;
    %pushi/vec4 0, 0, 1;
    %assign/vec4 v000002251c911190_0, 0;
    %pushi/vec4 0, 0, 32;
    %assign/vec4 v000002251c911730_0, 0;
    %delay 1000, 0;
    %pushi/vec4 1, 0, 1;
    %assign/vec4 v000002251c911eb0_0, 0;
    %delay 56000, 0;
    %pushi/vec4 0, 0, 1;
    %assign/vec4 v000002251c911eb0_0, 0;
    %pushi/vec4 1, 0, 1;
    %assign/vec4 v000002251c911c30_0, 0;
    %delay 100000, 0;
    %vpi_call 2 247 "$stop" {0 0 0};
    %end;
    .thread T_10;
    .scope S_000002251c808390;
T_11 ;
    %delay 1000, 0;
    %load/vec4 v000002251c911370_0;
    %inv;
    %store/vec4 v000002251c911370_0, 0, 1;
    %jmp T_11;
    .thread T_11;
    .scope S_000002251c808390;
T_12 ;
    %wait E_000002251c85af60;
    %load/vec4 v000002251c911c30_0;
    %flag_set/vec4 8;
    %jmp/0xz  T_12.0, 8;
    %load/vec4 v000002251c9115f0_0;
    %addi 1, 0, 4;
    %assign/vec4 v000002251c9115f0_0, 0;
T_12.0 ;
    %jmp T_12;
    .thread T_12;
    .scope S_000002251c808390;
T_13 ;
    %vpi_call 2 256 "$dumpfile", "pro_tb5.vcd" {0 0 0};
    %vpi_call 2 257 "$dumpvars" {0 0 0};
    %end;
    .thread T_13;
# The file index is used to find the file name in the following table.
:file_names 6;
    "N/A";
    "<interactive>";
    ".\processor.v";
    ".\alu.v";
    ".\ram.v";
    ".\regfile.v";
