#! /c/Source/iverilog-install/bin/vvp
:ivl_version "12.0 (devel)" "(s20150603-1110-g18392a46)";
:ivl_delay_selection "TYPICAL";
:vpi_time_precision - 11;
:vpi_module "D:\iVerilog\lib\ivl\system.vpi";
:vpi_module "D:\iVerilog\lib\ivl\vhdl_sys.vpi";
:vpi_module "D:\iVerilog\lib\ivl\vhdl_textio.vpi";
:vpi_module "D:\iVerilog\lib\ivl\v2005_math.vpi";
:vpi_module "D:\iVerilog\lib\ivl\va_math.vpi";
S_000001c664a4e7d0 .scope module, "pro_tb2" "pro_tb2" 2 115;
 .timescale -9 -11;
v000001c664ac2020_0 .var "addr", 8 0;
v000001c664ac20c0_0 .var "clock", 0 0;
v000001c664ac2a20_0 .net "r0", 31 0, L_000001c664a52190;  1 drivers
v000001c664ac2ac0_0 .net "r1", 31 0, L_000001c664a525f0;  1 drivers
v000001c664ac2c00_0 .net "r2", 31 0, L_000001c664a52660;  1 drivers
v000001c664ac4ad0_0 .net "r3", 31 0, L_000001c664a52ba0;  1 drivers
v000001c664ac4990_0 .net "r4", 31 0, L_000001c664a51f60;  1 drivers
v000001c664ac3c70_0 .net "r5", 31 0, L_000001c664a52430;  1 drivers
v000001c664ac33b0_0 .net "r6", 31 0, L_000001c664a51e10;  1 drivers
v000001c664ac45d0_0 .net "r7", 31 0, L_000001c664a52200;  1 drivers
v000001c664ac4350_0 .var "wdata", 31 0;
v000001c664ac3810_0 .var "working", 0 0;
v000001c664ac3a90_0 .var "wr", 0 0;
S_000001c664a4e960 .scope module, "processor" "processor" 2 129, 2 3 0, S_000001c664a4e7d0;
 .timescale -9 -11;
    .port_info 0 /INPUT 1 "clock";
    .port_info 1 /INPUT 9 "addr";
    .port_info 2 /INPUT 1 "wr";
    .port_info 3 /INPUT 32 "wdata";
    .port_info 4 /INPUT 1 "working";
    .port_info 5 /OUTPUT 32 "r0";
    .port_info 6 /OUTPUT 32 "r1";
    .port_info 7 /OUTPUT 32 "r2";
    .port_info 8 /OUTPUT 32 "r3";
    .port_info 9 /OUTPUT 32 "r4";
    .port_info 10 /OUTPUT 32 "r5";
    .port_info 11 /OUTPUT 32 "r6";
    .port_info 12 /OUTPUT 32 "r7";
P_000001c664a28df0 .param/l "IRMOV" 0 2 23, C4<00010000>;
L_000001c664a52ac0 .functor BUFZ 32, v000001c664a30d50_0, C4<00000000000000000000000000000000>, C4<00000000000000000000000000000000>, C4<00000000000000000000000000000000>;
v000001c664ac1ee0_0 .var "D_icode", 3 0;
v000001c664ac2160_0 .var "D_ifun", 3 0;
v000001c664ac1760_0 .var "D_rA", 3 0;
v000001c664ac2e80_0 .var "D_rB", 3 0;
v000001c664ac2480_0 .var "D_valC", 15 0;
v000001c664ac2f20_0 .var "E_dstM", 3 0;
v000001c664ac1a80_0 .var "E_valM", 31 0;
v000001c664ac2340_0 .net "F_read", 31 0, L_000001c664a52ac0;  1 drivers
v000001c664ac1300_0 .var "PC", 8 0;
L_000001c664b60088 .functor BUFT 1, C4<01>, C4<0>, C4<0>, C4<0>;
v000001c664ac2700_0 .net/2s *"_ivl_2", 1 0, L_000001c664b60088;  1 drivers
L_000001c664b600d0 .functor BUFT 1, C4<00>, C4<0>, C4<0>, C4<0>;
v000001c664ac1440_0 .net/2s *"_ivl_4", 1 0, L_000001c664b600d0;  1 drivers
v000001c664ac23e0_0 .net *"_ivl_6", 1 0, L_000001c664ac3db0;  1 drivers
v000001c664ac1c60_0 .net "addr", 8 0, v000001c664ac2020_0;  1 drivers
v000001c664ac13a0_0 .net "addr_w", 8 0, L_000001c664ac3d10;  1 drivers
v000001c664ac25c0_0 .net "clock", 0 0, v000001c664ac20c0_0;  1 drivers
v000001c664ac14e0_0 .var "e_reg_rst", 0 0;
v000001c664ac1d00_0 .net "r0", 31 0, L_000001c664a52190;  alias, 1 drivers
v000001c664ac1620_0 .net "r1", 31 0, L_000001c664a525f0;  alias, 1 drivers
v000001c664ac2ca0_0 .net "r2", 31 0, L_000001c664a52660;  alias, 1 drivers
v000001c664ac1da0_0 .net "r3", 31 0, L_000001c664a52ba0;  alias, 1 drivers
v000001c664ac19e0_0 .net "r4", 31 0, L_000001c664a51f60;  alias, 1 drivers
v000001c664ac1e40_0 .net "r5", 31 0, L_000001c664a52430;  alias, 1 drivers
v000001c664ac18a0_0 .net "r6", 31 0, L_000001c664a51e10;  alias, 1 drivers
v000001c664ac2b60_0 .net "r7", 31 0, L_000001c664a52200;  alias, 1 drivers
v000001c664ac2980_0 .net "rd", 0 0, L_000001c664ac3e50;  1 drivers
v000001c664ac1f80_0 .net "rdata", 31 0, v000001c664a30d50_0;  1 drivers
v000001c664ac1800_0 .var "w_dstM", 3 0;
v000001c664ac1940_0 .var "w_valM", 31 0;
v000001c664ac28e0_0 .net "wdata", 31 0, v000001c664ac4350_0;  1 drivers
v000001c664ac2660_0 .net "working", 0 0, v000001c664ac3810_0;  1 drivers
v000001c664ac27a0_0 .net "wr", 0 0, v000001c664ac3a90_0;  1 drivers
L_000001c664ac3d10 .functor MUXZ 9, v000001c664ac2020_0, v000001c664ac1300_0, v000001c664ac3810_0, C4<>;
L_000001c664ac3db0 .functor MUXZ 2, L_000001c664b600d0, L_000001c664b60088, v000001c664ac3810_0, C4<>;
L_000001c664ac3e50 .part L_000001c664ac3db0, 0, 1;
S_000001c664a4eaf0 .scope module, "ram" "ram" 2 24, 3 3 0, S_000001c664a4e960;
 .timescale -9 -11;
    .port_info 0 /INPUT 1 "clock";
    .port_info 1 /INPUT 9 "addr";
    .port_info 2 /INPUT 1 "wr";
    .port_info 3 /INPUT 32 "wdata";
    .port_info 4 /INPUT 1 "rd";
    .port_info 5 /OUTPUT 32 "rdata";
v000001c664a312f0_0 .net "addr", 8 0, L_000001c664ac3d10;  alias, 1 drivers
v000001c664a31390_0 .net "clock", 0 0, v000001c664ac20c0_0;  alias, 1 drivers
v000001c664a31750 .array "ram", 0 255, 31 0;
v000001c664a31a70_0 .net "rd", 0 0, L_000001c664ac3e50;  alias, 1 drivers
v000001c664a30d50_0 .var "rdata", 31 0;
v000001c664a31430_0 .net "wdata", 31 0, v000001c664ac4350_0;  alias, 1 drivers
v000001c664a314d0_0 .net "wr", 0 0, v000001c664ac3a90_0;  alias, 1 drivers
E_000001c664a29030 .event posedge, v000001c664a31390_0;
S_000001c664b5de40 .scope module, "regfile" "regfile" 2 32, 4 3 0, S_000001c664a4e960;
 .timescale -9 -11;
    .port_info 0 /INPUT 4 "dstE";
    .port_info 1 /INPUT 32 "valE";
    .port_info 2 /INPUT 4 "dstM";
    .port_info 3 /INPUT 32 "valM";
    .port_info 4 /INPUT 1 "reset";
    .port_info 5 /INPUT 1 "clock";
    .port_info 6 /OUTPUT 32 "r0";
    .port_info 7 /OUTPUT 32 "r1";
    .port_info 8 /OUTPUT 32 "r2";
    .port_info 9 /OUTPUT 32 "r3";
    .port_info 10 /OUTPUT 32 "r4";
    .port_info 11 /OUTPUT 32 "r5";
    .port_info 12 /OUTPUT 32 "r6";
    .port_info 13 /OUTPUT 32 "r7";
L_000001c664a52190 .functor BUFZ 32, v000001c664a31110_0, C4<00000000000000000000000000000000>, C4<00000000000000000000000000000000>, C4<00000000000000000000000000000000>;
L_000001c664a525f0 .functor BUFZ 32, v000001c664ac2520_0, C4<00000000000000000000000000000000>, C4<00000000000000000000000000000000>, C4<00000000000000000000000000000000>;
L_000001c664a52660 .functor BUFZ 32, v000001c664ac1580_0, C4<00000000000000000000000000000000>, C4<00000000000000000000000000000000>, C4<00000000000000000000000000000000>;
L_000001c664a52ba0 .functor BUFZ 32, v000001c664ac16c0_0, C4<00000000000000000000000000000000>, C4<00000000000000000000000000000000>, C4<00000000000000000000000000000000>;
L_000001c664a51f60 .functor BUFZ 32, v000001c664ac2200_0, C4<00000000000000000000000000000000>, C4<00000000000000000000000000000000>, C4<00000000000000000000000000000000>;
L_000001c664a52430 .functor BUFZ 32, v000001c664ac1080_0, C4<00000000000000000000000000000000>, C4<00000000000000000000000000000000>, C4<00000000000000000000000000000000>;
L_000001c664a51e10 .functor BUFZ 32, v000001c664ac1b20_0, C4<00000000000000000000000000000000>, C4<00000000000000000000000000000000>, C4<00000000000000000000000000000000>;
L_000001c664a52200 .functor BUFZ 32, v000001c664ac1bc0_0, C4<00000000000000000000000000000000>, C4<00000000000000000000000000000000>, C4<00000000000000000000000000000000>;
v000001c664a30f30_0 .net "clock", 0 0, v000001c664ac20c0_0;  alias, 1 drivers
o000001c664a69228 .functor BUFZ 4, C4<zzzz>; HiZ drive
v000001c664a30fd0_0 .net "dstE", 3 0, o000001c664a69228;  0 drivers
v000001c664a31570_0 .net "dstM", 3 0, v000001c664ac1800_0;  1 drivers
v000001c664a317f0_0 .net "r0", 31 0, L_000001c664a52190;  alias, 1 drivers
v000001c664a30df0_0 .net "r1", 31 0, L_000001c664a525f0;  alias, 1 drivers
v000001c664a31610_0 .net "r2", 31 0, L_000001c664a52660;  alias, 1 drivers
v000001c664a31070_0 .net "r3", 31 0, L_000001c664a52ba0;  alias, 1 drivers
v000001c664a31930_0 .net "r4", 31 0, L_000001c664a51f60;  alias, 1 drivers
v000001c664a316b0_0 .net "r5", 31 0, L_000001c664a52430;  alias, 1 drivers
v000001c664a31890_0 .net "r6", 31 0, L_000001c664a51e10;  alias, 1 drivers
v000001c664a31b10_0 .net "r7", 31 0, L_000001c664a52200;  alias, 1 drivers
v000001c664a31110_0 .var "r_r0", 31 0;
v000001c664ac2520_0 .var "r_r1", 31 0;
v000001c664ac1580_0 .var "r_r2", 31 0;
v000001c664ac16c0_0 .var "r_r3", 31 0;
v000001c664ac2200_0 .var "r_r4", 31 0;
v000001c664ac1080_0 .var "r_r5", 31 0;
v000001c664ac1b20_0 .var "r_r6", 31 0;
v000001c664ac1bc0_0 .var "r_r7", 31 0;
v000001c664ac11c0_0 .var "r_valA", 31 0;
v000001c664ac1120_0 .var "r_valB", 31 0;
v000001c664ac2d40_0 .net "reset", 0 0, v000001c664ac14e0_0;  1 drivers
v000001c664ac2de0_0 .net "valA", 0 0, L_000001c664ac43f0;  1 drivers
v000001c664ac1260_0 .net "valB", 0 0, L_000001c664ac4030;  1 drivers
o000001c664a69678 .functor BUFZ 32, C4<zzzzzzzzzzzzzzzzzzzzzzzzzzzzzzzz>; HiZ drive
v000001c664ac22a0_0 .net "valE", 31 0, o000001c664a69678;  0 drivers
v000001c664ac2840_0 .net "valM", 31 0, v000001c664ac1940_0;  1 drivers
E_000001c664a287f0/0 .event negedge, v000001c664ac2d40_0;
E_000001c664a287f0/1 .event posedge, v000001c664a31390_0;
E_000001c664a287f0 .event/or E_000001c664a287f0/0, E_000001c664a287f0/1;
L_000001c664ac43f0 .part v000001c664ac11c0_0, 0, 1;
L_000001c664ac4030 .part v000001c664ac1120_0, 0, 1;
    .scope S_000001c664a4eaf0;
T_0 ;
    %pushi/vec4 0, 4294967295, 32;
    %store/vec4 v000001c664a30d50_0, 0, 32;
    %end;
    .thread T_0;
    .scope S_000001c664a4eaf0;
T_1 ;
    %wait E_000001c664a29030;
    %load/vec4 v000001c664a314d0_0;
    %flag_set/vec4 8;
    %jmp/0xz  T_1.0, 8;
    %load/vec4 v000001c664a31430_0;
    %load/vec4 v000001c664a312f0_0;
    %pad/u 10;
    %ix/vec4 3;
    %ix/load 4, 0, 0; Constant delay
    %assign/vec4/a/d v000001c664a31750, 0, 4;
T_1.0 ;
    %load/vec4 v000001c664a31a70_0;
    %flag_set/vec4 8;
    %jmp/0xz  T_1.2, 8;
    %load/vec4 v000001c664a312f0_0;
    %pad/u 10;
    %ix/vec4 4;
    %load/vec4a v000001c664a31750, 4;
    %assign/vec4 v000001c664a30d50_0, 0;
    %jmp T_1.3;
T_1.2 ;
    %pushi/vec4 0, 4294967295, 32;
    %assign/vec4 v000001c664a30d50_0, 0;
T_1.3 ;
    %jmp T_1;
    .thread T_1;
    .scope S_000001c664b5de40;
T_2 ;
    %wait E_000001c664a287f0;
    %load/vec4 v000001c664ac2d40_0;
    %flag_set/vec4 8;
    %jmp/0xz  T_2.0, 8;
    %pushi/vec4 0, 0, 32;
    %assign/vec4 v000001c664ac11c0_0, 0;
    %pushi/vec4 0, 0, 32;
    %assign/vec4 v000001c664ac1120_0, 0;
    %pushi/vec4 0, 0, 32;
    %assign/vec4 v000001c664a31110_0, 0;
    %pushi/vec4 0, 0, 32;
    %assign/vec4 v000001c664ac2520_0, 0;
    %pushi/vec4 0, 0, 32;
    %assign/vec4 v000001c664ac1580_0, 0;
    %pushi/vec4 0, 0, 32;
    %assign/vec4 v000001c664ac16c0_0, 0;
    %pushi/vec4 0, 0, 32;
    %assign/vec4 v000001c664ac2200_0, 0;
    %pushi/vec4 0, 0, 32;
    %assign/vec4 v000001c664ac1080_0, 0;
    %pushi/vec4 0, 0, 32;
    %assign/vec4 v000001c664ac1b20_0, 0;
    %pushi/vec4 0, 0, 32;
    %assign/vec4 v000001c664ac1bc0_0, 0;
    %jmp T_2.1;
T_2.0 ;
    %load/vec4 v000001c664a30fd0_0;
    %dup/vec4;
    %pushi/vec4 0, 0, 4;
    %cmp/u;
    %jmp/1 T_2.2, 6;
    %dup/vec4;
    %pushi/vec4 1, 0, 4;
    %cmp/u;
    %jmp/1 T_2.3, 6;
    %dup/vec4;
    %pushi/vec4 2, 0, 4;
    %cmp/u;
    %jmp/1 T_2.4, 6;
    %dup/vec4;
    %pushi/vec4 3, 0, 4;
    %cmp/u;
    %jmp/1 T_2.5, 6;
    %dup/vec4;
    %pushi/vec4 4, 0, 4;
    %cmp/u;
    %jmp/1 T_2.6, 6;
    %dup/vec4;
    %pushi/vec4 5, 0, 4;
    %cmp/u;
    %jmp/1 T_2.7, 6;
    %dup/vec4;
    %pushi/vec4 6, 0, 4;
    %cmp/u;
    %jmp/1 T_2.8, 6;
    %dup/vec4;
    %pushi/vec4 7, 0, 4;
    %cmp/u;
    %jmp/1 T_2.9, 6;
    %jmp T_2.10;
T_2.2 ;
    %load/vec4 v000001c664ac22a0_0;
    %assign/vec4 v000001c664a31110_0, 0;
    %jmp T_2.10;
T_2.3 ;
    %load/vec4 v000001c664ac22a0_0;
    %assign/vec4 v000001c664ac2520_0, 0;
    %jmp T_2.10;
T_2.4 ;
    %load/vec4 v000001c664ac22a0_0;
    %assign/vec4 v000001c664ac1580_0, 0;
    %jmp T_2.10;
T_2.5 ;
    %load/vec4 v000001c664ac22a0_0;
    %assign/vec4 v000001c664ac16c0_0, 0;
    %jmp T_2.10;
T_2.6 ;
    %load/vec4 v000001c664ac22a0_0;
    %assign/vec4 v000001c664ac2200_0, 0;
    %jmp T_2.10;
T_2.7 ;
    %load/vec4 v000001c664ac22a0_0;
    %assign/vec4 v000001c664ac1080_0, 0;
    %jmp T_2.10;
T_2.8 ;
    %load/vec4 v000001c664ac22a0_0;
    %assign/vec4 v000001c664ac1b20_0, 0;
    %jmp T_2.10;
T_2.9 ;
    %load/vec4 v000001c664ac22a0_0;
    %assign/vec4 v000001c664ac1bc0_0, 0;
    %jmp T_2.10;
T_2.10 ;
    %pop/vec4 1;
    %load/vec4 v000001c664a31570_0;
    %dup/vec4;
    %pushi/vec4 0, 0, 4;
    %cmp/u;
    %jmp/1 T_2.11, 6;
    %dup/vec4;
    %pushi/vec4 1, 0, 4;
    %cmp/u;
    %jmp/1 T_2.12, 6;
    %dup/vec4;
    %pushi/vec4 2, 0, 4;
    %cmp/u;
    %jmp/1 T_2.13, 6;
    %dup/vec4;
    %pushi/vec4 3, 0, 4;
    %cmp/u;
    %jmp/1 T_2.14, 6;
    %dup/vec4;
    %pushi/vec4 4, 0, 4;
    %cmp/u;
    %jmp/1 T_2.15, 6;
    %dup/vec4;
    %pushi/vec4 5, 0, 4;
    %cmp/u;
    %jmp/1 T_2.16, 6;
    %dup/vec4;
    %pushi/vec4 6, 0, 4;
    %cmp/u;
    %jmp/1 T_2.17, 6;
    %dup/vec4;
    %pushi/vec4 7, 0, 4;
    %cmp/u;
    %jmp/1 T_2.18, 6;
    %jmp T_2.19;
T_2.11 ;
    %load/vec4 v000001c664ac2840_0;
    %assign/vec4 v000001c664a31110_0, 0;
    %jmp T_2.19;
T_2.12 ;
    %load/vec4 v000001c664ac2840_0;
    %assign/vec4 v000001c664ac2520_0, 0;
    %jmp T_2.19;
T_2.13 ;
    %load/vec4 v000001c664ac2840_0;
    %assign/vec4 v000001c664ac1580_0, 0;
    %jmp T_2.19;
T_2.14 ;
    %load/vec4 v000001c664ac2840_0;
    %assign/vec4 v000001c664ac16c0_0, 0;
    %jmp T_2.19;
T_2.15 ;
    %load/vec4 v000001c664ac2840_0;
    %assign/vec4 v000001c664ac2200_0, 0;
    %jmp T_2.19;
T_2.16 ;
    %load/vec4 v000001c664ac2840_0;
    %assign/vec4 v000001c664ac1080_0, 0;
    %jmp T_2.19;
T_2.17 ;
    %load/vec4 v000001c664ac2840_0;
    %assign/vec4 v000001c664ac1b20_0, 0;
    %jmp T_2.19;
T_2.18 ;
    %load/vec4 v000001c664ac2840_0;
    %assign/vec4 v000001c664ac1bc0_0, 0;
    %jmp T_2.19;
T_2.19 ;
    %pop/vec4 1;
T_2.1 ;
    %jmp T_2;
    .thread T_2;
    .scope S_000001c664a4e960;
T_3 ;
    %pushi/vec4 0, 0, 9;
    %store/vec4 v000001c664ac1300_0, 0, 9;
    %pushi/vec4 0, 15, 4;
    %store/vec4 v000001c664ac1ee0_0, 0, 4;
    %pushi/vec4 0, 15, 4;
    %store/vec4 v000001c664ac2160_0, 0, 4;
    %pushi/vec4 0, 15, 4;
    %store/vec4 v000001c664ac1760_0, 0, 4;
    %pushi/vec4 0, 15, 4;
    %store/vec4 v000001c664ac2e80_0, 0, 4;
    %pushi/vec4 0, 65535, 16;
    %store/vec4 v000001c664ac2480_0, 0, 16;
    %pushi/vec4 0, 15, 4;
    %store/vec4 v000001c664ac2f20_0, 0, 4;
    %pushi/vec4 0, 4294967295, 32;
    %store/vec4 v000001c664ac1a80_0, 0, 32;
    %pushi/vec4 0, 15, 4;
    %store/vec4 v000001c664ac1800_0, 0, 4;
    %pushi/vec4 0, 4294967295, 32;
    %store/vec4 v000001c664ac1940_0, 0, 32;
    %end;
    .thread T_3;
    .scope S_000001c664a4e960;
T_4 ;
    %wait E_000001c664a29030;
    %load/vec4 v000001c664ac2660_0;
    %flag_set/vec4 8;
    %jmp/0xz  T_4.0, 8;
    %load/vec4 v000001c664ac1300_0;
    %addi 1, 0, 9;
    %assign/vec4 v000001c664ac1300_0, 0;
T_4.0 ;
    %jmp T_4;
    .thread T_4;
    .scope S_000001c664a4e960;
T_5 ;
    %wait E_000001c664a29030;
    %load/vec4 v000001c664ac2660_0;
    %flag_set/vec4 8;
    %jmp/0xz  T_5.0, 8;
    %load/vec4 v000001c664ac2340_0;
    %parti/s 4, 28, 6;
    %assign/vec4 v000001c664ac1ee0_0, 0;
    %load/vec4 v000001c664ac2340_0;
    %parti/s 4, 24, 6;
    %assign/vec4 v000001c664ac2160_0, 0;
    %load/vec4 v000001c664ac2340_0;
    %parti/s 4, 20, 6;
    %assign/vec4 v000001c664ac1760_0, 0;
    %load/vec4 v000001c664ac2340_0;
    %parti/s 4, 16, 6;
    %assign/vec4 v000001c664ac2e80_0, 0;
    %load/vec4 v000001c664ac2340_0;
    %parti/s 16, 0, 2;
    %assign/vec4 v000001c664ac2480_0, 0;
T_5.0 ;
    %jmp T_5;
    .thread T_5;
    .scope S_000001c664a4e960;
T_6 ;
    %pushi/vec4 1, 0, 1;
    %assign/vec4 v000001c664ac14e0_0, 0;
    %delay 2000, 0;
    %pushi/vec4 0, 0, 1;
    %assign/vec4 v000001c664ac14e0_0, 0;
    %end;
    .thread T_6;
    .scope S_000001c664a4e960;
T_7 ;
    %wait E_000001c664a29030;
    %load/vec4 v000001c664ac1ee0_0;
    %load/vec4 v000001c664ac2160_0;
    %concat/vec4; draw_concat_vec4
    %cmpi/e 16, 0, 8;
    %jmp/0xz  T_7.0, 4;
    %load/vec4 v000001c664ac2e80_0;
    %assign/vec4 v000001c664ac2f20_0, 0;
    %load/vec4 v000001c664ac2480_0;
    %pad/u 32;
    %assign/vec4 v000001c664ac1a80_0, 0;
T_7.0 ;
    %jmp T_7;
    .thread T_7;
    .scope S_000001c664a4e960;
T_8 ;
    %wait E_000001c664a29030;
    %load/vec4 v000001c664ac2f20_0;
    %assign/vec4 v000001c664ac1800_0, 0;
    %load/vec4 v000001c664ac1a80_0;
    %assign/vec4 v000001c664ac1940_0, 0;
    %jmp T_8;
    .thread T_8;
    .scope S_000001c664a4e7d0;
T_9 ;
    %pushi/vec4 0, 0, 1;
    %assign/vec4 v000001c664ac20c0_0, 0;
    %pushi/vec4 0, 0, 9;
    %assign/vec4 v000001c664ac2020_0, 0;
    %pushi/vec4 0, 0, 1;
    %assign/vec4 v000001c664ac3a90_0, 0;
    %pushi/vec4 0, 0, 32;
    %assign/vec4 v000001c664ac4350_0, 0;
    %pushi/vec4 0, 0, 1;
    %assign/vec4 v000001c664ac3810_0, 0;
    %delay 2000, 0;
    %pushi/vec4 0, 0, 9;
    %assign/vec4 v000001c664ac2020_0, 0;
    %pushi/vec4 1, 0, 1;
    %assign/vec4 v000001c664ac3a90_0, 0;
    %pushi/vec4 284164224, 0, 32;
    %assign/vec4 v000001c664ac4350_0, 0;
    %delay 2000, 0;
    %pushi/vec4 1, 0, 9;
    %assign/vec4 v000001c664ac2020_0, 0;
    %pushi/vec4 1, 0, 1;
    %assign/vec4 v000001c664ac3a90_0, 0;
    %pushi/vec4 284229761, 0, 32;
    %assign/vec4 v000001c664ac4350_0, 0;
    %delay 2000, 0;
    %pushi/vec4 2, 0, 9;
    %assign/vec4 v000001c664ac2020_0, 0;
    %pushi/vec4 1, 0, 1;
    %assign/vec4 v000001c664ac3a90_0, 0;
    %pushi/vec4 284295298, 0, 32;
    %assign/vec4 v000001c664ac4350_0, 0;
    %delay 2000, 0;
    %pushi/vec4 3, 0, 9;
    %assign/vec4 v000001c664ac2020_0, 0;
    %pushi/vec4 1, 0, 1;
    %assign/vec4 v000001c664ac3a90_0, 0;
    %pushi/vec4 284360835, 0, 32;
    %assign/vec4 v000001c664ac4350_0, 0;
    %delay 2000, 0;
    %pushi/vec4 4, 0, 9;
    %assign/vec4 v000001c664ac2020_0, 0;
    %pushi/vec4 1, 0, 1;
    %assign/vec4 v000001c664ac3a90_0, 0;
    %pushi/vec4 284426372, 0, 32;
    %assign/vec4 v000001c664ac4350_0, 0;
    %delay 2000, 0;
    %pushi/vec4 5, 0, 9;
    %assign/vec4 v000001c664ac2020_0, 0;
    %pushi/vec4 1, 0, 1;
    %assign/vec4 v000001c664ac3a90_0, 0;
    %pushi/vec4 284491909, 0, 32;
    %assign/vec4 v000001c664ac4350_0, 0;
    %delay 2000, 0;
    %pushi/vec4 6, 0, 9;
    %assign/vec4 v000001c664ac2020_0, 0;
    %pushi/vec4 1, 0, 1;
    %assign/vec4 v000001c664ac3a90_0, 0;
    %pushi/vec4 284557446, 0, 32;
    %assign/vec4 v000001c664ac4350_0, 0;
    %delay 2000, 0;
    %pushi/vec4 7, 0, 9;
    %assign/vec4 v000001c664ac2020_0, 0;
    %pushi/vec4 1, 0, 1;
    %assign/vec4 v000001c664ac3a90_0, 0;
    %pushi/vec4 284622983, 0, 32;
    %assign/vec4 v000001c664ac4350_0, 0;
    %delay 2000, 0;
    %pushi/vec4 0, 0, 9;
    %assign/vec4 v000001c664ac2020_0, 0;
    %pushi/vec4 0, 0, 1;
    %assign/vec4 v000001c664ac3a90_0, 0;
    %pushi/vec4 0, 0, 32;
    %assign/vec4 v000001c664ac4350_0, 0;
    %delay 1000, 0;
    %pushi/vec4 1, 0, 1;
    %assign/vec4 v000001c664ac3810_0, 0;
    %delay 50000, 0;
    %vpi_call 2 161 "$stop" {0 0 0};
    %end;
    .thread T_9;
    .scope S_000001c664a4e7d0;
T_10 ;
    %delay 1000, 0;
    %load/vec4 v000001c664ac20c0_0;
    %inv;
    %store/vec4 v000001c664ac20c0_0, 0, 1;
    %jmp T_10;
    .thread T_10;
    .scope S_000001c664a4e7d0;
T_11 ;
    %vpi_call 2 165 "$dumpfile", "pro_tb2.vcd" {0 0 0};
    %vpi_call 2 166 "$dumpvars" {0 0 0};
    %end;
    .thread T_11;
# The file index is used to find the file name in the following table.
:file_names 5;
    "N/A";
    "<interactive>";
    ".\processor.v";
    ".\ram.v";
    ".\regfile.v";
