#! /c/Source/iverilog-install/bin/vvp
:ivl_version "12.0 (devel)" "(s20150603-1110-g18392a46)";
:ivl_delay_selection "TYPICAL";
:vpi_time_precision + 0;
:vpi_module "D:\iVerilog\lib\ivl\system.vpi";
:vpi_module "D:\iVerilog\lib\ivl\vhdl_sys.vpi";
:vpi_module "D:\iVerilog\lib\ivl\vhdl_textio.vpi";
:vpi_module "D:\iVerilog\lib\ivl\v2005_math.vpi";
:vpi_module "D:\iVerilog\lib\ivl\va_math.vpi";
S_000001ffb229d7c0 .scope module, "alu_tb" "alu_tb" 2 18;
 .timescale 0 0;
v000001ffb2336390_0 .var "aluA", 31 0;
v000001ffb23366b0_0 .var "aluB", 31 0;
v000001ffb2336430_0 .var "alufun", 3 0;
v000001ffb2335e90_0 .net "valE", 31 0, L_000001ffb23364d0;  1 drivers
S_000001ffb229d950 .scope module, "alu" "alu" 2 23, 2 2 0, S_000001ffb229d7c0;
 .timescale 0 0;
    .port_info 0 /INPUT 32 "aluA";
    .port_info 1 /INPUT 32 "aluB";
    .port_info 2 /INPUT 4 "alufun";
    .port_info 3 /OUTPUT 32 "valE";
L_000001ffb22d8250 .functor AND 32, v000001ffb2336390_0, v000001ffb23366b0_0, C4<11111111111111111111111111111111>, C4<11111111111111111111111111111111>;
L_000001ffb22d83a0 .functor NOT 32, v000001ffb2336390_0, C4<00000000000000000000000000000000>, C4<00000000000000000000000000000000>, C4<00000000000000000000000000000000>;
L_000001ffb22d7ed0 .functor AND 32, L_000001ffb22d83a0, v000001ffb23366b0_0, C4<11111111111111111111111111111111>, C4<11111111111111111111111111111111>;
L_000001ffb22d8090 .functor NOT 32, v000001ffb23366b0_0, C4<00000000000000000000000000000000>, C4<00000000000000000000000000000000>, C4<00000000000000000000000000000000>;
L_000001ffb22d7ca0 .functor AND 32, v000001ffb2336390_0, L_000001ffb22d8090, C4<11111111111111111111111111111111>, C4<11111111111111111111111111111111>;
L_000001ffb22d7f40 .functor OR 32, L_000001ffb22d7ed0, L_000001ffb22d7ca0, C4<00000000000000000000000000000000>, C4<00000000000000000000000000000000>;
v000001ffb22dc620_0 .net *"_ivl_0", 31 0, L_000001ffb2334ef0;  1 drivers
v000001ffb22dc1c0_0 .net *"_ivl_10", 31 0, L_000001ffb2334bd0;  1 drivers
L_000001ffb233e918 .functor BUFT 1, C4<0000000000000000000000000000>, C4<0>, C4<0>, C4<0>;
v000001ffb22dbe00_0 .net *"_ivl_13", 27 0, L_000001ffb233e918;  1 drivers
L_000001ffb233e960 .functor BUFT 1, C4<00000000000000000000000000000001>, C4<0>, C4<0>, C4<0>;
v000001ffb22dcb20_0 .net/2u *"_ivl_14", 31 0, L_000001ffb233e960;  1 drivers
v000001ffb22dc8a0_0 .net *"_ivl_16", 0 0, L_000001ffb2335710;  1 drivers
v000001ffb22dbf40_0 .net *"_ivl_18", 31 0, L_000001ffb2334e50;  1 drivers
v000001ffb22dc4e0_0 .net *"_ivl_20", 31 0, L_000001ffb2334c70;  1 drivers
L_000001ffb233e9a8 .functor BUFT 1, C4<0000000000000000000000000000>, C4<0>, C4<0>, C4<0>;
v000001ffb22dc580_0 .net *"_ivl_23", 27 0, L_000001ffb233e9a8;  1 drivers
L_000001ffb233e9f0 .functor BUFT 1, C4<00000000000000000000000000000010>, C4<0>, C4<0>, C4<0>;
v000001ffb22dbcc0_0 .net/2u *"_ivl_24", 31 0, L_000001ffb233e9f0;  1 drivers
v000001ffb22dc940_0 .net *"_ivl_26", 0 0, L_000001ffb2334d10;  1 drivers
v000001ffb22dc120_0 .net *"_ivl_28", 31 0, L_000001ffb22d8250;  1 drivers
L_000001ffb233e888 .functor BUFT 1, C4<0000000000000000000000000000>, C4<0>, C4<0>, C4<0>;
v000001ffb22dbd60_0 .net *"_ivl_3", 27 0, L_000001ffb233e888;  1 drivers
v000001ffb22dca80_0 .net *"_ivl_30", 31 0, L_000001ffb2334b30;  1 drivers
L_000001ffb233ea38 .functor BUFT 1, C4<0000000000000000000000000000>, C4<0>, C4<0>, C4<0>;
v000001ffb22dbea0_0 .net *"_ivl_33", 27 0, L_000001ffb233ea38;  1 drivers
L_000001ffb233ea80 .functor BUFT 1, C4<00000000000000000000000000000011>, C4<0>, C4<0>, C4<0>;
v000001ffb22dc9e0_0 .net/2u *"_ivl_34", 31 0, L_000001ffb233ea80;  1 drivers
v000001ffb22dc260_0 .net *"_ivl_36", 0 0, L_000001ffb2335f30;  1 drivers
v000001ffb22dc300_0 .net *"_ivl_38", 31 0, L_000001ffb22d83a0;  1 drivers
L_000001ffb233e8d0 .functor BUFT 1, C4<00000000000000000000000000000000>, C4<0>, C4<0>, C4<0>;
v000001ffb22dcbc0_0 .net/2u *"_ivl_4", 31 0, L_000001ffb233e8d0;  1 drivers
v000001ffb22dc3a0_0 .net *"_ivl_40", 31 0, L_000001ffb22d7ed0;  1 drivers
v000001ffb22dc760_0 .net *"_ivl_42", 31 0, L_000001ffb22d8090;  1 drivers
v000001ffb22dc440_0 .net *"_ivl_44", 31 0, L_000001ffb22d7ca0;  1 drivers
v000001ffb22dbfe0_0 .net *"_ivl_46", 31 0, L_000001ffb22d7f40;  1 drivers
o000001ffb22e83f8 .functor BUFZ 32, C4<zzzzzzzzzzzzzzzzzzzzzzzzzzzzzzzz>; HiZ drive
; Elide local net with no drivers, v000001ffb22dc6c0_0 name=_ivl_48
v000001ffb22dc800_0 .net *"_ivl_50", 31 0, L_000001ffb2335cb0;  1 drivers
v000001ffb2335670_0 .net *"_ivl_52", 31 0, L_000001ffb2334f90;  1 drivers
v000001ffb2334a90_0 .net *"_ivl_54", 31 0, L_000001ffb23350d0;  1 drivers
v000001ffb2335350_0 .net *"_ivl_6", 0 0, L_000001ffb2335530;  1 drivers
v000001ffb2335030_0 .net *"_ivl_8", 31 0, L_000001ffb2335b70;  1 drivers
v000001ffb2335490_0 .net "aluA", 31 0, v000001ffb2336390_0;  1 drivers
v000001ffb23362f0_0 .net "aluB", 31 0, v000001ffb23366b0_0;  1 drivers
v000001ffb2334db0_0 .net "alufun", 3 0, v000001ffb2336430_0;  1 drivers
v000001ffb2336750_0 .net "valE", 31 0, L_000001ffb23364d0;  alias, 1 drivers
L_000001ffb2334ef0 .concat [ 4 28 0 0], v000001ffb2336430_0, L_000001ffb233e888;
L_000001ffb2335530 .cmp/eq 32, L_000001ffb2334ef0, L_000001ffb233e8d0;
L_000001ffb2335b70 .arith/sum 32, v000001ffb2336390_0, v000001ffb23366b0_0;
L_000001ffb2334bd0 .concat [ 4 28 0 0], v000001ffb2336430_0, L_000001ffb233e918;
L_000001ffb2335710 .cmp/eq 32, L_000001ffb2334bd0, L_000001ffb233e960;
L_000001ffb2334e50 .arith/sub 32, v000001ffb2336390_0, v000001ffb23366b0_0;
L_000001ffb2334c70 .concat [ 4 28 0 0], v000001ffb2336430_0, L_000001ffb233e9a8;
L_000001ffb2334d10 .cmp/eq 32, L_000001ffb2334c70, L_000001ffb233e9f0;
L_000001ffb2334b30 .concat [ 4 28 0 0], v000001ffb2336430_0, L_000001ffb233ea38;
L_000001ffb2335f30 .cmp/eq 32, L_000001ffb2334b30, L_000001ffb233ea80;
L_000001ffb2335cb0 .functor MUXZ 32, o000001ffb22e83f8, L_000001ffb22d7f40, L_000001ffb2335f30, C4<>;
L_000001ffb2334f90 .functor MUXZ 32, L_000001ffb2335cb0, L_000001ffb22d8250, L_000001ffb2334d10, C4<>;
L_000001ffb23350d0 .functor MUXZ 32, L_000001ffb2334f90, L_000001ffb2334e50, L_000001ffb2335710, C4<>;
L_000001ffb23364d0 .functor MUXZ 32, L_000001ffb23350d0, L_000001ffb2335b70, L_000001ffb2335530, C4<>;
    .scope S_000001ffb229d7c0;
T_0 ;
    %pushi/vec4 0, 0, 4;
    %assign/vec4 v000001ffb2336430_0, 0;
    %pushi/vec4 182586730, 0, 32;
    %assign/vec4 v000001ffb2336390_0, 0;
    %pushi/vec4 1505445355, 0, 32;
    %assign/vec4 v000001ffb23366b0_0, 0;
    %delay 30, 0;
    %pushi/vec4 1, 0, 4;
    %assign/vec4 v000001ffb2336430_0, 0;
    %delay 30, 0;
    %pushi/vec4 2, 0, 4;
    %assign/vec4 v000001ffb2336430_0, 0;
    %delay 30, 0;
    %pushi/vec4 3, 0, 4;
    %assign/vec4 v000001ffb2336430_0, 0;
    %delay 80, 0;
    %vpi_call 2 34 "$stop" {0 0 0};
    %end;
    .thread T_0;
    .scope S_000001ffb229d7c0;
T_1 ;
    %vpi_call 2 37 "$dumpfile", "alu_tb.vcd" {0 0 0};
    %vpi_call 2 38 "$dumpvars" {0 0 0};
    %end;
    .thread T_1;
# The file index is used to find the file name in the following table.
:file_names 3;
    "N/A";
    "<interactive>";
    ".\alu.v";
