#! /c/Source/iverilog-install/bin/vvp
:ivl_version "12.0 (devel)" "(s20150603-1110-g18392a46)";
:ivl_delay_selection "TYPICAL";
:vpi_time_precision - 11;
:vpi_module "D:\iVerilog\lib\ivl\system.vpi";
:vpi_module "D:\iVerilog\lib\ivl\vhdl_sys.vpi";
:vpi_module "D:\iVerilog\lib\ivl\vhdl_textio.vpi";
:vpi_module "D:\iVerilog\lib\ivl\v2005_math.vpi";
:vpi_module "D:\iVerilog\lib\ivl\va_math.vpi";
S_00000252da2bcb60 .scope module, "pro_tb2" "pro_tb2" 2 170;
 .timescale -9 -11;
v00000252da36ec20_0 .var "addr", 8 0;
v00000252da36ddc0_0 .var "clock", 0 0;
v00000252da36e5e0_0 .net "r0", 31 0, v00000252da36a3e0_0;  1 drivers
v00000252da36e900_0 .net "r1", 31 0, v00000252da36ab60_0;  1 drivers
v00000252da36d500_0 .net "r2", 31 0, v00000252da36a980_0;  1 drivers
v00000252da36e680_0 .net "r3", 31 0, v00000252da369800_0;  1 drivers
v00000252da36ed60_0 .net "r4", 31 0, v00000252da369e40_0;  1 drivers
v00000252da36d6e0_0 .net "r5", 31 0, v00000252da3698a0_0;  1 drivers
v00000252da36ea40_0 .net "r6", 31 0, v00000252da36a020_0;  1 drivers
v00000252da36d5a0_0 .net "r7", 31 0, v00000252da369b20_0;  1 drivers
v00000252da36ecc0_0 .net "valE", 31 0, L_00000252da2fbf20;  1 drivers
v00000252da36d780_0 .var "wdata", 31 0;
v00000252da36d640_0 .var "working", 0 0;
v00000252da36d280_0 .var "wr", 0 0;
S_00000252da2bccf0 .scope module, "processor" "processor" 2 186, 2 3 0, S_00000252da2bcb60;
 .timescale -9 -11;
    .port_info 0 /INPUT 1 "clock";
    .port_info 1 /INPUT 9 "addr";
    .port_info 2 /INPUT 1 "wr";
    .port_info 3 /INPUT 32 "wdata";
    .port_info 4 /INPUT 1 "working";
    .port_info 5 /OUTPUT 32 "valE";
    .port_info 6 /OUTPUT 32 "r0";
    .port_info 7 /OUTPUT 32 "r1";
    .port_info 8 /OUTPUT 32 "r2";
    .port_info 9 /OUTPUT 32 "r3";
    .port_info 10 /OUTPUT 32 "r4";
    .port_info 11 /OUTPUT 32 "r5";
    .port_info 12 /OUTPUT 32 "r6";
    .port_info 13 /OUTPUT 32 "r7";
P_00000252da2ff4e0 .param/l "ADD" 0 2 27, C4<00100000>;
P_00000252da2ff518 .param/l "AND" 0 2 29, C4<00100010>;
P_00000252da2ff550 .param/l "IRMOV" 0 2 26, C4<00010000>;
P_00000252da2ff588 .param/l "SUB" 0 2 28, C4<00100001>;
P_00000252da2ff5c0 .param/l "XOR" 0 2 30, C4<00100011>;
L_00000252da2fb3c0 .functor BUFZ 32, v00000252da34d5b0_0, C4<00000000000000000000000000000000>, C4<00000000000000000000000000000000>, C4<00000000000000000000000000000000>;
L_00000252da2fbf20 .functor BUFZ 32, L_00000252da3ca300, C4<00000000000000000000000000000000>, C4<00000000000000000000000000000000>, C4<00000000000000000000000000000000>;
v00000252da36a2a0_0 .var "D_icode", 3 0;
v00000252da369120_0 .var "D_ifun", 3 0;
v00000252da3691c0_0 .var "D_rA", 3 0;
v00000252da369940_0 .var "D_rB", 3 0;
v00000252da369bc0_0 .var "D_valA", 31 0;
v00000252da369260_0 .var "D_valB", 31 0;
v00000252da36a5c0_0 .var "D_valC", 15 0;
v00000252da369ee0_0 .var "E_dstM", 3 0;
v00000252da3699e0_0 .var "E_rA", 3 0;
v00000252da36a840_0 .var "E_valE", 31 0;
v00000252da369300_0 .var "E_valM", 31 0;
v00000252da36a520_0 .net "F_read", 31 0, L_00000252da2fb3c0;  1 drivers
v00000252da369a80_0 .var "PC", 8 0;
L_00000252da36fd58 .functor BUFT 1, C4<01>, C4<0>, C4<0>, C4<0>;
v00000252da369440_0 .net/2s *"_ivl_2", 1 0, L_00000252da36fd58;  1 drivers
v00000252da369f80_0 .net *"_ivl_30", 7 0, L_00000252da3ca1c0;  1 drivers
L_00000252da36fde8 .functor BUFT 1, C4<00100000>, C4<0>, C4<0>, C4<0>;
v00000252da36a8e0_0 .net/2u *"_ivl_32", 7 0, L_00000252da36fde8;  1 drivers
v00000252da36a340_0 .net *"_ivl_34", 0 0, L_00000252da3ca760;  1 drivers
L_00000252da36fe30 .functor BUFT 1, C4<0000>, C4<0>, C4<0>, C4<0>;
v00000252da36a0c0_0 .net/2u *"_ivl_36", 3 0, L_00000252da36fe30;  1 drivers
v00000252da34d6f0_0 .net *"_ivl_38", 7 0, L_00000252da3c9860;  1 drivers
L_00000252da36fda0 .functor BUFT 1, C4<00>, C4<0>, C4<0>, C4<0>;
v00000252da36b590_0 .net/2s *"_ivl_4", 1 0, L_00000252da36fda0;  1 drivers
L_00000252da36fe78 .functor BUFT 1, C4<00100001>, C4<0>, C4<0>, C4<0>;
v00000252da36c170_0 .net/2u *"_ivl_40", 7 0, L_00000252da36fe78;  1 drivers
v00000252da36b1d0_0 .net *"_ivl_42", 0 0, L_00000252da3ca260;  1 drivers
L_00000252da36fec0 .functor BUFT 1, C4<0001>, C4<0>, C4<0>, C4<0>;
v00000252da36b270_0 .net/2u *"_ivl_44", 3 0, L_00000252da36fec0;  1 drivers
v00000252da36be50_0 .net *"_ivl_46", 7 0, L_00000252da3ca3a0;  1 drivers
L_00000252da36ff08 .functor BUFT 1, C4<00100010>, C4<0>, C4<0>, C4<0>;
v00000252da36c5d0_0 .net/2u *"_ivl_48", 7 0, L_00000252da36ff08;  1 drivers
v00000252da36bf90_0 .net *"_ivl_50", 0 0, L_00000252da3c92c0;  1 drivers
L_00000252da36ff50 .functor BUFT 1, C4<0010>, C4<0>, C4<0>, C4<0>;
v00000252da36c210_0 .net/2u *"_ivl_52", 3 0, L_00000252da36ff50;  1 drivers
v00000252da36b450_0 .net *"_ivl_54", 7 0, L_00000252da3ca440;  1 drivers
L_00000252da36ff98 .functor BUFT 1, C4<00100011>, C4<0>, C4<0>, C4<0>;
v00000252da36b6d0_0 .net/2u *"_ivl_56", 7 0, L_00000252da36ff98;  1 drivers
v00000252da36b8b0_0 .net *"_ivl_58", 0 0, L_00000252da3ca800;  1 drivers
v00000252da36cad0_0 .net *"_ivl_6", 1 0, L_00000252da3ca6c0;  1 drivers
L_00000252da36ffe0 .functor BUFT 1, C4<0011>, C4<0>, C4<0>, C4<0>;
v00000252da36b310_0 .net/2u *"_ivl_60", 3 0, L_00000252da36ffe0;  1 drivers
o00000252da3111f8 .functor BUFZ 4, C4<zzzz>; HiZ drive
; Elide local net with no drivers, v00000252da36b3b0_0 name=_ivl_62
v00000252da36b630_0 .net *"_ivl_64", 3 0, L_00000252da3cab20;  1 drivers
v00000252da36c530_0 .net *"_ivl_66", 3 0, L_00000252da3cad00;  1 drivers
v00000252da36c3f0_0 .net *"_ivl_68", 3 0, L_00000252da3cada0;  1 drivers
v00000252da36b4f0_0 .net "addr", 8 0, v00000252da36ec20_0;  1 drivers
v00000252da36c2b0_0 .net "addr_w", 8 0, L_00000252da3cac60;  1 drivers
v00000252da36cc10_0 .net "clock", 0 0, v00000252da36ddc0_0;  1 drivers
v00000252da36ba90_0 .var "d_icode", 3 0;
v00000252da36ccb0_0 .var "d_ifun", 3 0;
v00000252da36bc70_0 .var "d_rA", 3 0;
v00000252da36cf30_0 .var "d_rB", 3 0;
v00000252da36cd50_0 .net "d_valA", 31 0, L_00000252da36dbe0;  1 drivers
v00000252da36b090_0 .net "d_valB", 31 0, L_00000252da3c9e00;  1 drivers
v00000252da36c850_0 .var "d_valC", 15 0;
v00000252da36bef0_0 .net "e_alufun", 3 0, L_00000252da3caee0;  1 drivers
v00000252da36cdf0_0 .var "e_reg_rst", 0 0;
v00000252da36c710_0 .net "e_valA", 31 0, v00000252da369bc0_0;  1 drivers
v00000252da36b950_0 .net "e_valB", 31 0, v00000252da369260_0;  1 drivers
v00000252da36cb70_0 .net "e_valE", 31 0, L_00000252da3ca300;  1 drivers
v00000252da36b9f0_0 .net "r0", 31 0, v00000252da36a3e0_0;  alias, 1 drivers
v00000252da36c030_0 .net "r1", 31 0, v00000252da36ab60_0;  alias, 1 drivers
v00000252da36bd10_0 .net "r2", 31 0, v00000252da36a980_0;  alias, 1 drivers
v00000252da36c7b0_0 .net "r3", 31 0, v00000252da369800_0;  alias, 1 drivers
v00000252da36c8f0_0 .net "r4", 31 0, v00000252da369e40_0;  alias, 1 drivers
v00000252da36c670_0 .net "r5", 31 0, v00000252da3698a0_0;  alias, 1 drivers
v00000252da36b770_0 .net "r6", 31 0, v00000252da36a020_0;  alias, 1 drivers
v00000252da36b130_0 .net "r7", 31 0, v00000252da369b20_0;  alias, 1 drivers
v00000252da36b810_0 .net "rd", 0 0, L_00000252da3ca8a0;  1 drivers
v00000252da36bb30_0 .net "rdata", 31 0, v00000252da34d5b0_0;  1 drivers
v00000252da36c350_0 .net "valE", 31 0, L_00000252da2fbf20;  alias, 1 drivers
v00000252da36bbd0_0 .var "w_dstE", 3 0;
v00000252da36c490_0 .var "w_dstM", 3 0;
v00000252da36bdb0_0 .var "w_valE", 31 0;
v00000252da36c990_0 .var "w_valM", 31 0;
v00000252da36ca30_0 .net "wdata", 31 0, v00000252da36d780_0;  1 drivers
v00000252da36c0d0_0 .net "working", 0 0, v00000252da36d640_0;  1 drivers
v00000252da36ce90_0 .net "wr", 0 0, v00000252da36d280_0;  1 drivers
L_00000252da3cac60 .functor MUXZ 9, v00000252da36ec20_0, v00000252da369a80_0, v00000252da36d640_0, C4<>;
L_00000252da3ca6c0 .functor MUXZ 2, L_00000252da36fda0, L_00000252da36fd58, v00000252da36d640_0, C4<>;
L_00000252da3ca8a0 .part L_00000252da3ca6c0, 0, 1;
L_00000252da3ca1c0 .concat [ 4 4 0 0], v00000252da369120_0, v00000252da36a2a0_0;
L_00000252da3ca760 .cmp/eq 8, L_00000252da3ca1c0, L_00000252da36fde8;
L_00000252da3c9860 .concat [ 4 4 0 0], v00000252da369120_0, v00000252da36a2a0_0;
L_00000252da3ca260 .cmp/eq 8, L_00000252da3c9860, L_00000252da36fe78;
L_00000252da3ca3a0 .concat [ 4 4 0 0], v00000252da369120_0, v00000252da36a2a0_0;
L_00000252da3c92c0 .cmp/eq 8, L_00000252da3ca3a0, L_00000252da36ff08;
L_00000252da3ca440 .concat [ 4 4 0 0], v00000252da369120_0, v00000252da36a2a0_0;
L_00000252da3ca800 .cmp/eq 8, L_00000252da3ca440, L_00000252da36ff98;
L_00000252da3cab20 .functor MUXZ 4, o00000252da3111f8, L_00000252da36ffe0, L_00000252da3ca800, C4<>;
L_00000252da3cad00 .functor MUXZ 4, L_00000252da3cab20, L_00000252da36ff50, L_00000252da3c92c0, C4<>;
L_00000252da3cada0 .functor MUXZ 4, L_00000252da3cad00, L_00000252da36fec0, L_00000252da3ca260, C4<>;
L_00000252da3caee0 .functor MUXZ 4, L_00000252da3cada0, L_00000252da36fe30, L_00000252da3ca760, C4<>;
S_00000252da2bce80 .scope module, "alu" "alu" 2 59, 3 2 0, S_00000252da2bccf0;
 .timescale -9 -11;
    .port_info 0 /INPUT 32 "aluA";
    .port_info 1 /INPUT 32 "aluB";
    .port_info 2 /INPUT 4 "alufun";
    .port_info 3 /OUTPUT 32 "valE";
L_00000252da2fb5f0 .functor AND 1, L_00000252da3c99a0, L_00000252da3c9c20, C4<1>, C4<1>;
L_00000252da2fb270 .functor AND 1, L_00000252da3c9cc0, L_00000252da3c9fe0, C4<1>, C4<1>;
L_00000252da2fb660 .functor AND 1, L_00000252da3c9d60, L_00000252da3c9360, C4<1>, C4<1>;
L_00000252da2fb6d0 .functor OR 1, L_00000252da2fb270, L_00000252da2fb660, C4<0>, C4<0>;
v00000252da2f43e0_0 .net *"_ivl_0", 31 0, L_00000252da3cabc0;  1 drivers
v00000252da2f3ee0_0 .net *"_ivl_10", 31 0, L_00000252da3ca940;  1 drivers
L_00000252da36f9f8 .functor BUFT 1, C4<0000000000000000000000000000>, C4<0>, C4<0>, C4<0>;
v00000252da2f5600_0 .net *"_ivl_13", 27 0, L_00000252da36f9f8;  1 drivers
L_00000252da36fa40 .functor BUFT 1, C4<00000000000000000000000000000001>, C4<0>, C4<0>, C4<0>;
v00000252da2f5060_0 .net/2u *"_ivl_14", 31 0, L_00000252da36fa40;  1 drivers
v00000252da2f4700_0 .net *"_ivl_16", 0 0, L_00000252da3c9f40;  1 drivers
v00000252da2f3940_0 .net *"_ivl_18", 31 0, L_00000252da3c9540;  1 drivers
v00000252da2f4200_0 .net *"_ivl_20", 31 0, L_00000252da3c9680;  1 drivers
L_00000252da36fa88 .functor BUFT 1, C4<0000000000000000000000000000>, C4<0>, C4<0>, C4<0>;
v00000252da2f45c0_0 .net *"_ivl_23", 27 0, L_00000252da36fa88;  1 drivers
L_00000252da36fad0 .functor BUFT 1, C4<00000000000000000000000000000010>, C4<0>, C4<0>, C4<0>;
v00000252da2f4520_0 .net/2u *"_ivl_24", 31 0, L_00000252da36fad0;  1 drivers
v00000252da2f4160_0 .net *"_ivl_26", 0 0, L_00000252da3c9900;  1 drivers
L_00000252da36fb18 .functor BUFT 1, C4<00000000000000000000000000000000>, C4<0>, C4<0>, C4<0>;
v00000252da2f42a0_0 .net/2u *"_ivl_28", 31 0, L_00000252da36fb18;  1 drivers
L_00000252da36f968 .functor BUFT 1, C4<0000000000000000000000000000>, C4<0>, C4<0>, C4<0>;
v00000252da2f3da0_0 .net *"_ivl_3", 27 0, L_00000252da36f968;  1 drivers
v00000252da2f4ac0_0 .net *"_ivl_30", 0 0, L_00000252da3c99a0;  1 drivers
L_00000252da36fb60 .functor BUFT 1, C4<00000000000000000000000000000000>, C4<0>, C4<0>, C4<0>;
v00000252da2f4020_0 .net/2u *"_ivl_32", 31 0, L_00000252da36fb60;  1 drivers
v00000252da2f4340_0 .net *"_ivl_34", 0 0, L_00000252da3c9c20;  1 drivers
v00000252da2f4660_0 .net *"_ivl_37", 0 0, L_00000252da2fb5f0;  1 drivers
v00000252da2f47a0_0 .net *"_ivl_38", 31 0, L_00000252da3c9220;  1 drivers
L_00000252da36f9b0 .functor BUFT 1, C4<00000000000000000000000000000000>, C4<0>, C4<0>, C4<0>;
v00000252da2f5240_0 .net/2u *"_ivl_4", 31 0, L_00000252da36f9b0;  1 drivers
L_00000252da36fba8 .functor BUFT 1, C4<0000000000000000000000000000000>, C4<0>, C4<0>, C4<0>;
v00000252da2f4840_0 .net *"_ivl_41", 30 0, L_00000252da36fba8;  1 drivers
v00000252da2f52e0_0 .net *"_ivl_42", 31 0, L_00000252da3ca9e0;  1 drivers
L_00000252da36fbf0 .functor BUFT 1, C4<0000000000000000000000000000>, C4<0>, C4<0>, C4<0>;
v00000252da2f4b60_0 .net *"_ivl_45", 27 0, L_00000252da36fbf0;  1 drivers
L_00000252da36fc38 .functor BUFT 1, C4<00000000000000000000000000000011>, C4<0>, C4<0>, C4<0>;
v00000252da2f5100_0 .net/2u *"_ivl_46", 31 0, L_00000252da36fc38;  1 drivers
v00000252da2f4ca0_0 .net *"_ivl_48", 0 0, L_00000252da3c9720;  1 drivers
v00000252da2f54c0_0 .net *"_ivl_51", 0 0, L_00000252da3c9cc0;  1 drivers
L_00000252da36fc80 .functor BUFT 1, C4<00000000000000000000000000000000>, C4<0>, C4<0>, C4<0>;
v00000252da2f4d40_0 .net/2u *"_ivl_52", 31 0, L_00000252da36fc80;  1 drivers
v00000252da2dfdd0_0 .net *"_ivl_54", 0 0, L_00000252da3c9fe0;  1 drivers
v00000252da2de2f0_0 .net *"_ivl_57", 0 0, L_00000252da2fb270;  1 drivers
L_00000252da36fcc8 .functor BUFT 1, C4<00000000000000000000000000000000>, C4<0>, C4<0>, C4<0>;
v00000252da34e690_0 .net/2u *"_ivl_58", 31 0, L_00000252da36fcc8;  1 drivers
v00000252da34db50_0 .net *"_ivl_6", 0 0, L_00000252da3c94a0;  1 drivers
v00000252da34dab0_0 .net *"_ivl_60", 0 0, L_00000252da3c9d60;  1 drivers
v00000252da34df10_0 .net *"_ivl_63", 0 0, L_00000252da3c9360;  1 drivers
v00000252da34dfb0_0 .net *"_ivl_65", 0 0, L_00000252da2fb660;  1 drivers
v00000252da34e410_0 .net *"_ivl_67", 0 0, L_00000252da2fb6d0;  1 drivers
v00000252da34e370_0 .net *"_ivl_68", 31 0, L_00000252da3ca080;  1 drivers
L_00000252da36fd10 .functor BUFT 1, C4<0000000000000000000000000000000>, C4<0>, C4<0>, C4<0>;
v00000252da34dbf0_0 .net *"_ivl_71", 30 0, L_00000252da36fd10;  1 drivers
o00000252da30f038 .functor BUFZ 32, C4<zzzzzzzzzzzzzzzzzzzzzzzzzzzzzzzz>; HiZ drive
; Elide local net with no drivers, v00000252da34da10_0 name=_ivl_72
v00000252da34d0b0_0 .net *"_ivl_74", 31 0, L_00000252da3cae40;  1 drivers
v00000252da34ce30_0 .net *"_ivl_76", 31 0, L_00000252da3ca120;  1 drivers
v00000252da34d970_0 .net *"_ivl_78", 31 0, L_00000252da3c97c0;  1 drivers
v00000252da34dc90_0 .net *"_ivl_8", 31 0, L_00000252da3c95e0;  1 drivers
v00000252da34e050_0 .net "aluA", 31 0, v00000252da369bc0_0;  alias, 1 drivers
v00000252da34e730_0 .net "aluB", 31 0, v00000252da369260_0;  alias, 1 drivers
v00000252da34d150_0 .net "alufun", 3 0, L_00000252da3caee0;  alias, 1 drivers
v00000252da34d650_0 .net "valE", 31 0, L_00000252da3ca300;  alias, 1 drivers
L_00000252da3cabc0 .concat [ 4 28 0 0], L_00000252da3caee0, L_00000252da36f968;
L_00000252da3c94a0 .cmp/eq 32, L_00000252da3cabc0, L_00000252da36f9b0;
L_00000252da3c95e0 .arith/sum 32, v00000252da369bc0_0, v00000252da369260_0;
L_00000252da3ca940 .concat [ 4 28 0 0], L_00000252da3caee0, L_00000252da36f9f8;
L_00000252da3c9f40 .cmp/eq 32, L_00000252da3ca940, L_00000252da36fa40;
L_00000252da3c9540 .arith/sub 32, v00000252da369bc0_0, v00000252da369260_0;
L_00000252da3c9680 .concat [ 4 28 0 0], L_00000252da3caee0, L_00000252da36fa88;
L_00000252da3c9900 .cmp/eq 32, L_00000252da3c9680, L_00000252da36fad0;
L_00000252da3c99a0 .cmp/ne 32, v00000252da369bc0_0, L_00000252da36fb18;
L_00000252da3c9c20 .cmp/ne 32, v00000252da369260_0, L_00000252da36fb60;
L_00000252da3c9220 .concat [ 1 31 0 0], L_00000252da2fb5f0, L_00000252da36fba8;
L_00000252da3ca9e0 .concat [ 4 28 0 0], L_00000252da3caee0, L_00000252da36fbf0;
L_00000252da3c9720 .cmp/eq 32, L_00000252da3ca9e0, L_00000252da36fc38;
L_00000252da3c9cc0 .reduce/nor v00000252da369bc0_0;
L_00000252da3c9fe0 .cmp/ne 32, v00000252da369260_0, L_00000252da36fc80;
L_00000252da3c9d60 .cmp/ne 32, v00000252da369bc0_0, L_00000252da36fcc8;
L_00000252da3c9360 .reduce/nor v00000252da369260_0;
L_00000252da3ca080 .concat [ 1 31 0 0], L_00000252da2fb6d0, L_00000252da36fd10;
L_00000252da3cae40 .functor MUXZ 32, o00000252da30f038, L_00000252da3ca080, L_00000252da3c9720, C4<>;
L_00000252da3ca120 .functor MUXZ 32, L_00000252da3cae40, L_00000252da3c9220, L_00000252da3c9900, C4<>;
L_00000252da3c97c0 .functor MUXZ 32, L_00000252da3ca120, L_00000252da3c9540, L_00000252da3c9f40, C4<>;
L_00000252da3ca300 .functor MUXZ 32, L_00000252da3c97c0, L_00000252da3c95e0, L_00000252da3c94a0, C4<>;
S_00000252da2b1390 .scope module, "ram" "ram" 2 31, 4 3 0, S_00000252da2bccf0;
 .timescale -9 -11;
    .port_info 0 /INPUT 1 "clock";
    .port_info 1 /INPUT 9 "addr";
    .port_info 2 /INPUT 1 "wr";
    .port_info 3 /INPUT 32 "wdata";
    .port_info 4 /INPUT 1 "rd";
    .port_info 5 /OUTPUT 32 "rdata";
v00000252da34ddd0_0 .net "addr", 8 0, L_00000252da3cac60;  alias, 1 drivers
v00000252da34e190_0 .net "clock", 0 0, v00000252da36ddc0_0;  alias, 1 drivers
v00000252da34d1f0 .array "ram", 0 255, 31 0;
v00000252da34dd30_0 .net "rd", 0 0, L_00000252da3ca8a0;  alias, 1 drivers
v00000252da34d5b0_0 .var "rdata", 31 0;
v00000252da34de70_0 .net "wdata", 31 0, v00000252da36d780_0;  alias, 1 drivers
v00000252da34d510_0 .net "wr", 0 0, v00000252da36d280_0;  alias, 1 drivers
E_00000252da306f30 .event posedge, v00000252da34e190_0;
S_00000252da2d1be0 .scope module, "regfile" "regfile" 2 39, 5 3 0, S_00000252da2bccf0;
 .timescale -9 -11;
    .port_info 0 /INPUT 4 "dstE";
    .port_info 1 /INPUT 32 "valE";
    .port_info 2 /INPUT 4 "dstM";
    .port_info 3 /INPUT 32 "valM";
    .port_info 4 /INPUT 4 "rA";
    .port_info 5 /INPUT 4 "rB";
    .port_info 6 /INPUT 1 "reset";
    .port_info 7 /INPUT 1 "clock";
    .port_info 8 /OUTPUT 32 "valA";
    .port_info 9 /OUTPUT 32 "valB";
    .port_info 10 /OUTPUT 32 "r0";
    .port_info 11 /OUTPUT 32 "r1";
    .port_info 12 /OUTPUT 32 "r2";
    .port_info 13 /OUTPUT 32 "r3";
    .port_info 14 /OUTPUT 32 "r4";
    .port_info 15 /OUTPUT 32 "r5";
    .port_info 16 /OUTPUT 32 "r6";
    .port_info 17 /OUTPUT 32 "r7";
v00000252da34e0f0_0 .net *"_ivl_0", 31 0, L_00000252da36d140;  1 drivers
L_00000252da36f608 .functor BUFT 1, C4<0000000000000000000000000000>, C4<0>, C4<0>, C4<0>;
v00000252da34e230_0 .net *"_ivl_101", 27 0, L_00000252da36f608;  1 drivers
L_00000252da36f650 .functor BUFT 1, C4<00000000000000000000000000000010>, C4<0>, C4<0>, C4<0>;
v00000252da34e2d0_0 .net/2u *"_ivl_102", 31 0, L_00000252da36f650;  1 drivers
v00000252da34cbb0_0 .net *"_ivl_104", 0 0, L_00000252da36e0e0;  1 drivers
v00000252da34e4b0_0 .net *"_ivl_106", 31 0, L_00000252da36dc80;  1 drivers
L_00000252da36f698 .functor BUFT 1, C4<0000000000000000000000000000>, C4<0>, C4<0>, C4<0>;
v00000252da34e550_0 .net *"_ivl_109", 27 0, L_00000252da36f698;  1 drivers
L_00000252da36f0f8 .functor BUFT 1, C4<0000000000000000000000000000>, C4<0>, C4<0>, C4<0>;
v00000252da34e5f0_0 .net *"_ivl_11", 27 0, L_00000252da36f0f8;  1 drivers
L_00000252da36f6e0 .functor BUFT 1, C4<00000000000000000000000000000011>, C4<0>, C4<0>, C4<0>;
v00000252da34d790_0 .net/2u *"_ivl_110", 31 0, L_00000252da36f6e0;  1 drivers
v00000252da34e7d0_0 .net *"_ivl_112", 0 0, L_00000252da36de60;  1 drivers
v00000252da34d830_0 .net *"_ivl_114", 31 0, L_00000252da36e540;  1 drivers
L_00000252da36f728 .functor BUFT 1, C4<0000000000000000000000000000>, C4<0>, C4<0>, C4<0>;
v00000252da34e870_0 .net *"_ivl_117", 27 0, L_00000252da36f728;  1 drivers
L_00000252da36f770 .functor BUFT 1, C4<00000000000000000000000000000100>, C4<0>, C4<0>, C4<0>;
v00000252da34e910_0 .net/2u *"_ivl_118", 31 0, L_00000252da36f770;  1 drivers
L_00000252da36f140 .functor BUFT 1, C4<00000000000000000000000000000001>, C4<0>, C4<0>, C4<0>;
v00000252da34ca70_0 .net/2u *"_ivl_12", 31 0, L_00000252da36f140;  1 drivers
v00000252da34cb10_0 .net *"_ivl_120", 0 0, L_00000252da36d3c0;  1 drivers
v00000252da34cc50_0 .net *"_ivl_122", 31 0, L_00000252da36df00;  1 drivers
L_00000252da36f7b8 .functor BUFT 1, C4<0000000000000000000000000000>, C4<0>, C4<0>, C4<0>;
v00000252da34ccf0_0 .net *"_ivl_125", 27 0, L_00000252da36f7b8;  1 drivers
L_00000252da36f800 .functor BUFT 1, C4<00000000000000000000000000000101>, C4<0>, C4<0>, C4<0>;
v00000252da34cd90_0 .net/2u *"_ivl_126", 31 0, L_00000252da36f800;  1 drivers
v00000252da34ced0_0 .net *"_ivl_128", 0 0, L_00000252da36d460;  1 drivers
v00000252da34d290_0 .net *"_ivl_130", 31 0, L_00000252da3c90e0;  1 drivers
L_00000252da36f848 .functor BUFT 1, C4<0000000000000000000000000000>, C4<0>, C4<0>, C4<0>;
v00000252da34d330_0 .net *"_ivl_133", 27 0, L_00000252da36f848;  1 drivers
L_00000252da36f890 .functor BUFT 1, C4<00000000000000000000000000000110>, C4<0>, C4<0>, C4<0>;
v00000252da34cf70_0 .net/2u *"_ivl_134", 31 0, L_00000252da36f890;  1 drivers
v00000252da34d010_0 .net *"_ivl_136", 0 0, L_00000252da3caa80;  1 drivers
v00000252da34d8d0_0 .net *"_ivl_138", 31 0, L_00000252da3c9a40;  1 drivers
v00000252da34d3d0_0 .net *"_ivl_14", 0 0, L_00000252da36e720;  1 drivers
L_00000252da36f8d8 .functor BUFT 1, C4<0000000000000000000000000000>, C4<0>, C4<0>, C4<0>;
v00000252da34d470_0 .net *"_ivl_141", 27 0, L_00000252da36f8d8;  1 drivers
L_00000252da36f920 .functor BUFT 1, C4<00000000000000000000000000000111>, C4<0>, C4<0>, C4<0>;
v00000252da3667e0_0 .net/2u *"_ivl_142", 31 0, L_00000252da36f920;  1 drivers
v00000252da366100_0 .net *"_ivl_144", 0 0, L_00000252da3c9ae0;  1 drivers
o00000252da30f9f8 .functor BUFZ 32, C4<zzzzzzzzzzzzzzzzzzzzzzzzzzzzzzzz>; HiZ drive
; Elide local net with no drivers, v00000252da367b40_0 name=_ivl_146
v00000252da3670a0_0 .net *"_ivl_148", 31 0, L_00000252da3c9ea0;  1 drivers
v00000252da366560_0 .net *"_ivl_150", 31 0, L_00000252da3c9b80;  1 drivers
v00000252da367640_0 .net *"_ivl_152", 31 0, L_00000252da3ca580;  1 drivers
v00000252da367140_0 .net *"_ivl_154", 31 0, L_00000252da3ca4e0;  1 drivers
v00000252da3666a0_0 .net *"_ivl_156", 31 0, L_00000252da3c9180;  1 drivers
v00000252da3661a0_0 .net *"_ivl_158", 31 0, L_00000252da3c9400;  1 drivers
v00000252da366880_0 .net *"_ivl_16", 31 0, L_00000252da36dfa0;  1 drivers
v00000252da366420_0 .net *"_ivl_160", 31 0, L_00000252da3ca620;  1 drivers
L_00000252da36f188 .functor BUFT 1, C4<0000000000000000000000000000>, C4<0>, C4<0>, C4<0>;
v00000252da366380_0 .net *"_ivl_19", 27 0, L_00000252da36f188;  1 drivers
L_00000252da36f1d0 .functor BUFT 1, C4<00000000000000000000000000000010>, C4<0>, C4<0>, C4<0>;
v00000252da366ce0_0 .net/2u *"_ivl_20", 31 0, L_00000252da36f1d0;  1 drivers
v00000252da366600_0 .net *"_ivl_22", 0 0, L_00000252da36ee00;  1 drivers
v00000252da366b00_0 .net *"_ivl_24", 31 0, L_00000252da36daa0;  1 drivers
L_00000252da36f218 .functor BUFT 1, C4<0000000000000000000000000000>, C4<0>, C4<0>, C4<0>;
v00000252da367dc0_0 .net *"_ivl_27", 27 0, L_00000252da36f218;  1 drivers
L_00000252da36f260 .functor BUFT 1, C4<00000000000000000000000000000011>, C4<0>, C4<0>, C4<0>;
v00000252da3671e0_0 .net/2u *"_ivl_28", 31 0, L_00000252da36f260;  1 drivers
L_00000252da36f068 .functor BUFT 1, C4<0000000000000000000000000000>, C4<0>, C4<0>, C4<0>;
v00000252da3678c0_0 .net *"_ivl_3", 27 0, L_00000252da36f068;  1 drivers
v00000252da367280_0 .net *"_ivl_30", 0 0, L_00000252da36e040;  1 drivers
v00000252da367a00_0 .net *"_ivl_32", 31 0, L_00000252da36e400;  1 drivers
L_00000252da36f2a8 .functor BUFT 1, C4<0000000000000000000000000000>, C4<0>, C4<0>, C4<0>;
v00000252da367f00_0 .net *"_ivl_35", 27 0, L_00000252da36f2a8;  1 drivers
L_00000252da36f2f0 .functor BUFT 1, C4<00000000000000000000000000000100>, C4<0>, C4<0>, C4<0>;
v00000252da366d80_0 .net/2u *"_ivl_36", 31 0, L_00000252da36f2f0;  1 drivers
v00000252da367aa0_0 .net *"_ivl_38", 0 0, L_00000252da36e7c0;  1 drivers
L_00000252da36f0b0 .functor BUFT 1, C4<00000000000000000000000000000000>, C4<0>, C4<0>, C4<0>;
v00000252da366240_0 .net/2u *"_ivl_4", 31 0, L_00000252da36f0b0;  1 drivers
v00000252da3662e0_0 .net *"_ivl_40", 31 0, L_00000252da36da00;  1 drivers
L_00000252da36f338 .functor BUFT 1, C4<0000000000000000000000000000>, C4<0>, C4<0>, C4<0>;
v00000252da367820_0 .net *"_ivl_43", 27 0, L_00000252da36f338;  1 drivers
L_00000252da36f380 .functor BUFT 1, C4<00000000000000000000000000000101>, C4<0>, C4<0>, C4<0>;
v00000252da366ec0_0 .net/2u *"_ivl_44", 31 0, L_00000252da36f380;  1 drivers
v00000252da366740_0 .net *"_ivl_46", 0 0, L_00000252da36e360;  1 drivers
v00000252da367320_0 .net *"_ivl_48", 31 0, L_00000252da36dd20;  1 drivers
L_00000252da36f3c8 .functor BUFT 1, C4<0000000000000000000000000000>, C4<0>, C4<0>, C4<0>;
v00000252da3664c0_0 .net *"_ivl_51", 27 0, L_00000252da36f3c8;  1 drivers
L_00000252da36f410 .functor BUFT 1, C4<00000000000000000000000000000110>, C4<0>, C4<0>, C4<0>;
v00000252da366920_0 .net/2u *"_ivl_52", 31 0, L_00000252da36f410;  1 drivers
v00000252da3673c0_0 .net *"_ivl_54", 0 0, L_00000252da36eb80;  1 drivers
v00000252da367960_0 .net *"_ivl_56", 31 0, L_00000252da36e180;  1 drivers
L_00000252da36f458 .functor BUFT 1, C4<0000000000000000000000000000>, C4<0>, C4<0>, C4<0>;
v00000252da367be0_0 .net *"_ivl_59", 27 0, L_00000252da36f458;  1 drivers
v00000252da3669c0_0 .net *"_ivl_6", 0 0, L_00000252da36d820;  1 drivers
L_00000252da36f4a0 .functor BUFT 1, C4<00000000000000000000000000000111>, C4<0>, C4<0>, C4<0>;
v00000252da366060_0 .net/2u *"_ivl_60", 31 0, L_00000252da36f4a0;  1 drivers
v00000252da366a60_0 .net *"_ivl_62", 0 0, L_00000252da36e2c0;  1 drivers
o00000252da310088 .functor BUFZ 32, C4<zzzzzzzzzzzzzzzzzzzzzzzzzzzzzzzz>; HiZ drive
; Elide local net with no drivers, v00000252da366ba0_0 name=_ivl_64
v00000252da367c80_0 .net *"_ivl_66", 31 0, L_00000252da36d1e0;  1 drivers
v00000252da367d20_0 .net *"_ivl_68", 31 0, L_00000252da36e860;  1 drivers
v00000252da366c40_0 .net *"_ivl_70", 31 0, L_00000252da36eae0;  1 drivers
v00000252da366e20_0 .net *"_ivl_72", 31 0, L_00000252da36db40;  1 drivers
v00000252da3676e0_0 .net *"_ivl_74", 31 0, L_00000252da36d8c0;  1 drivers
v00000252da366f60_0 .net *"_ivl_76", 31 0, L_00000252da36d0a0;  1 drivers
v00000252da367e60_0 .net *"_ivl_78", 31 0, L_00000252da36d320;  1 drivers
v00000252da367460_0 .net *"_ivl_8", 31 0, L_00000252da36e220;  1 drivers
v00000252da367500_0 .net *"_ivl_82", 31 0, L_00000252da36d960;  1 drivers
L_00000252da36f4e8 .functor BUFT 1, C4<0000000000000000000000000000>, C4<0>, C4<0>, C4<0>;
v00000252da367000_0 .net *"_ivl_85", 27 0, L_00000252da36f4e8;  1 drivers
L_00000252da36f530 .functor BUFT 1, C4<00000000000000000000000000000000>, C4<0>, C4<0>, C4<0>;
v00000252da3675a0_0 .net/2u *"_ivl_86", 31 0, L_00000252da36f530;  1 drivers
v00000252da367780_0 .net *"_ivl_88", 0 0, L_00000252da36e4a0;  1 drivers
v00000252da3696c0_0 .net *"_ivl_90", 31 0, L_00000252da36e9a0;  1 drivers
L_00000252da36f578 .functor BUFT 1, C4<0000000000000000000000000000>, C4<0>, C4<0>, C4<0>;
v00000252da369c60_0 .net *"_ivl_93", 27 0, L_00000252da36f578;  1 drivers
L_00000252da36f5c0 .functor BUFT 1, C4<00000000000000000000000000000001>, C4<0>, C4<0>, C4<0>;
v00000252da36aac0_0 .net/2u *"_ivl_94", 31 0, L_00000252da36f5c0;  1 drivers
v00000252da369d00_0 .net *"_ivl_96", 0 0, L_00000252da36eea0;  1 drivers
v00000252da36a660_0 .net *"_ivl_98", 31 0, L_00000252da36ef40;  1 drivers
v00000252da3693a0_0 .net "clock", 0 0, v00000252da36ddc0_0;  alias, 1 drivers
o00000252da3103e8 .functor BUFZ 4, C4<zzzz>; HiZ drive
v00000252da3694e0_0 .net "dstE", 3 0, o00000252da3103e8;  0 drivers
v00000252da36aca0_0 .net "dstM", 3 0, v00000252da36c490_0;  1 drivers
v00000252da369760_0 .net "r0", 31 0, v00000252da36a3e0_0;  alias, 1 drivers
v00000252da369580_0 .net "r1", 31 0, v00000252da36ab60_0;  alias, 1 drivers
v00000252da36a700_0 .net "r2", 31 0, v00000252da36a980_0;  alias, 1 drivers
v00000252da36ad40_0 .net "r3", 31 0, v00000252da369800_0;  alias, 1 drivers
v00000252da36a160_0 .net "r4", 31 0, v00000252da369e40_0;  alias, 1 drivers
v00000252da369080_0 .net "r5", 31 0, v00000252da3698a0_0;  alias, 1 drivers
v00000252da36a7a0_0 .net "r6", 31 0, v00000252da36a020_0;  alias, 1 drivers
v00000252da36aa20_0 .net "r7", 31 0, v00000252da369b20_0;  alias, 1 drivers
v00000252da36ade0_0 .net "rA", 3 0, v00000252da36bc70_0;  1 drivers
v00000252da369620_0 .net "rB", 3 0, v00000252da36cf30_0;  1 drivers
v00000252da36a3e0_0 .var "r_r0", 31 0;
v00000252da36ab60_0 .var "r_r1", 31 0;
v00000252da36a980_0 .var "r_r2", 31 0;
v00000252da369800_0 .var "r_r3", 31 0;
v00000252da369e40_0 .var "r_r4", 31 0;
v00000252da3698a0_0 .var "r_r5", 31 0;
v00000252da36a020_0 .var "r_r6", 31 0;
v00000252da369b20_0 .var "r_r7", 31 0;
v00000252da369da0_0 .net "reset", 0 0, v00000252da36cdf0_0;  1 drivers
v00000252da36ac00_0 .net "valA", 31 0, L_00000252da36dbe0;  alias, 1 drivers
v00000252da36a480_0 .net "valB", 31 0, L_00000252da3c9e00;  alias, 1 drivers
o00000252da310838 .functor BUFZ 32, C4<zzzzzzzzzzzzzzzzzzzzzzzzzzzzzzzz>; HiZ drive
v00000252da36ae80_0 .net "valE", 31 0, o00000252da310838;  0 drivers
v00000252da36af20_0 .net "valM", 31 0, v00000252da36c990_0;  1 drivers
E_00000252da306630/0 .event negedge, v00000252da369da0_0;
E_00000252da306630/1 .event posedge, v00000252da34e190_0;
E_00000252da306630 .event/or E_00000252da306630/0, E_00000252da306630/1;
L_00000252da36d140 .concat [ 4 28 0 0], v00000252da36bc70_0, L_00000252da36f068;
L_00000252da36d820 .cmp/eq 32, L_00000252da36d140, L_00000252da36f0b0;
L_00000252da36e220 .concat [ 4 28 0 0], v00000252da36bc70_0, L_00000252da36f0f8;
L_00000252da36e720 .cmp/eq 32, L_00000252da36e220, L_00000252da36f140;
L_00000252da36dfa0 .concat [ 4 28 0 0], v00000252da36bc70_0, L_00000252da36f188;
L_00000252da36ee00 .cmp/eq 32, L_00000252da36dfa0, L_00000252da36f1d0;
L_00000252da36daa0 .concat [ 4 28 0 0], v00000252da36bc70_0, L_00000252da36f218;
L_00000252da36e040 .cmp/eq 32, L_00000252da36daa0, L_00000252da36f260;
L_00000252da36e400 .concat [ 4 28 0 0], v00000252da36bc70_0, L_00000252da36f2a8;
L_00000252da36e7c0 .cmp/eq 32, L_00000252da36e400, L_00000252da36f2f0;
L_00000252da36da00 .concat [ 4 28 0 0], v00000252da36bc70_0, L_00000252da36f338;
L_00000252da36e360 .cmp/eq 32, L_00000252da36da00, L_00000252da36f380;
L_00000252da36dd20 .concat [ 4 28 0 0], v00000252da36bc70_0, L_00000252da36f3c8;
L_00000252da36eb80 .cmp/eq 32, L_00000252da36dd20, L_00000252da36f410;
L_00000252da36e180 .concat [ 4 28 0 0], v00000252da36bc70_0, L_00000252da36f458;
L_00000252da36e2c0 .cmp/eq 32, L_00000252da36e180, L_00000252da36f4a0;
L_00000252da36d1e0 .functor MUXZ 32, o00000252da310088, v00000252da369b20_0, L_00000252da36e2c0, C4<>;
L_00000252da36e860 .functor MUXZ 32, L_00000252da36d1e0, v00000252da36a020_0, L_00000252da36eb80, C4<>;
L_00000252da36eae0 .functor MUXZ 32, L_00000252da36e860, v00000252da3698a0_0, L_00000252da36e360, C4<>;
L_00000252da36db40 .functor MUXZ 32, L_00000252da36eae0, v00000252da369e40_0, L_00000252da36e7c0, C4<>;
L_00000252da36d8c0 .functor MUXZ 32, L_00000252da36db40, v00000252da369800_0, L_00000252da36e040, C4<>;
L_00000252da36d0a0 .functor MUXZ 32, L_00000252da36d8c0, v00000252da36a980_0, L_00000252da36ee00, C4<>;
L_00000252da36d320 .functor MUXZ 32, L_00000252da36d0a0, v00000252da36ab60_0, L_00000252da36e720, C4<>;
L_00000252da36dbe0 .functor MUXZ 32, L_00000252da36d320, v00000252da36a3e0_0, L_00000252da36d820, C4<>;
L_00000252da36d960 .concat [ 4 28 0 0], v00000252da36cf30_0, L_00000252da36f4e8;
L_00000252da36e4a0 .cmp/eq 32, L_00000252da36d960, L_00000252da36f530;
L_00000252da36e9a0 .concat [ 4 28 0 0], v00000252da36cf30_0, L_00000252da36f578;
L_00000252da36eea0 .cmp/eq 32, L_00000252da36e9a0, L_00000252da36f5c0;
L_00000252da36ef40 .concat [ 4 28 0 0], v00000252da36cf30_0, L_00000252da36f608;
L_00000252da36e0e0 .cmp/eq 32, L_00000252da36ef40, L_00000252da36f650;
L_00000252da36dc80 .concat [ 4 28 0 0], v00000252da36cf30_0, L_00000252da36f698;
L_00000252da36de60 .cmp/eq 32, L_00000252da36dc80, L_00000252da36f6e0;
L_00000252da36e540 .concat [ 4 28 0 0], v00000252da36cf30_0, L_00000252da36f728;
L_00000252da36d3c0 .cmp/eq 32, L_00000252da36e540, L_00000252da36f770;
L_00000252da36df00 .concat [ 4 28 0 0], v00000252da36cf30_0, L_00000252da36f7b8;
L_00000252da36d460 .cmp/eq 32, L_00000252da36df00, L_00000252da36f800;
L_00000252da3c90e0 .concat [ 4 28 0 0], v00000252da36cf30_0, L_00000252da36f848;
L_00000252da3caa80 .cmp/eq 32, L_00000252da3c90e0, L_00000252da36f890;
L_00000252da3c9a40 .concat [ 4 28 0 0], v00000252da36cf30_0, L_00000252da36f8d8;
L_00000252da3c9ae0 .cmp/eq 32, L_00000252da3c9a40, L_00000252da36f920;
L_00000252da3c9ea0 .functor MUXZ 32, o00000252da30f9f8, v00000252da369b20_0, L_00000252da3c9ae0, C4<>;
L_00000252da3c9b80 .functor MUXZ 32, L_00000252da3c9ea0, v00000252da36a020_0, L_00000252da3caa80, C4<>;
L_00000252da3ca580 .functor MUXZ 32, L_00000252da3c9b80, v00000252da3698a0_0, L_00000252da36d460, C4<>;
L_00000252da3ca4e0 .functor MUXZ 32, L_00000252da3ca580, v00000252da369e40_0, L_00000252da36d3c0, C4<>;
L_00000252da3c9180 .functor MUXZ 32, L_00000252da3ca4e0, v00000252da369800_0, L_00000252da36de60, C4<>;
L_00000252da3c9400 .functor MUXZ 32, L_00000252da3c9180, v00000252da36a980_0, L_00000252da36e0e0, C4<>;
L_00000252da3ca620 .functor MUXZ 32, L_00000252da3c9400, v00000252da36ab60_0, L_00000252da36eea0, C4<>;
L_00000252da3c9e00 .functor MUXZ 32, L_00000252da3ca620, v00000252da36a3e0_0, L_00000252da36e4a0, C4<>;
    .scope S_00000252da2b1390;
T_0 ;
    %pushi/vec4 0, 4294967295, 32;
    %store/vec4 v00000252da34d5b0_0, 0, 32;
    %end;
    .thread T_0;
    .scope S_00000252da2b1390;
T_1 ;
    %wait E_00000252da306f30;
    %load/vec4 v00000252da34d510_0;
    %flag_set/vec4 8;
    %jmp/0xz  T_1.0, 8;
    %load/vec4 v00000252da34de70_0;
    %load/vec4 v00000252da34ddd0_0;
    %pad/u 10;
    %ix/vec4 3;
    %ix/load 4, 0, 0; Constant delay
    %assign/vec4/a/d v00000252da34d1f0, 0, 4;
T_1.0 ;
    %load/vec4 v00000252da34dd30_0;
    %flag_set/vec4 8;
    %jmp/0xz  T_1.2, 8;
    %load/vec4 v00000252da34ddd0_0;
    %pad/u 10;
    %ix/vec4 4;
    %load/vec4a v00000252da34d1f0, 4;
    %assign/vec4 v00000252da34d5b0_0, 0;
    %jmp T_1.3;
T_1.2 ;
    %pushi/vec4 0, 4294967295, 32;
    %assign/vec4 v00000252da34d5b0_0, 0;
T_1.3 ;
    %jmp T_1;
    .thread T_1;
    .scope S_00000252da2d1be0;
T_2 ;
    %wait E_00000252da306630;
    %load/vec4 v00000252da369da0_0;
    %flag_set/vec4 8;
    %jmp/0xz  T_2.0, 8;
    %pushi/vec4 0, 0, 32;
    %assign/vec4 v00000252da36a3e0_0, 0;
    %pushi/vec4 0, 0, 32;
    %assign/vec4 v00000252da36ab60_0, 0;
    %pushi/vec4 0, 0, 32;
    %assign/vec4 v00000252da36a980_0, 0;
    %pushi/vec4 0, 0, 32;
    %assign/vec4 v00000252da369800_0, 0;
    %pushi/vec4 0, 0, 32;
    %assign/vec4 v00000252da369e40_0, 0;
    %pushi/vec4 0, 0, 32;
    %assign/vec4 v00000252da3698a0_0, 0;
    %pushi/vec4 0, 0, 32;
    %assign/vec4 v00000252da36a020_0, 0;
    %pushi/vec4 0, 0, 32;
    %assign/vec4 v00000252da369b20_0, 0;
    %jmp T_2.1;
T_2.0 ;
    %load/vec4 v00000252da3694e0_0;
    %dup/vec4;
    %pushi/vec4 0, 0, 4;
    %cmp/u;
    %jmp/1 T_2.2, 6;
    %dup/vec4;
    %pushi/vec4 1, 0, 4;
    %cmp/u;
    %jmp/1 T_2.3, 6;
    %dup/vec4;
    %pushi/vec4 2, 0, 4;
    %cmp/u;
    %jmp/1 T_2.4, 6;
    %dup/vec4;
    %pushi/vec4 3, 0, 4;
    %cmp/u;
    %jmp/1 T_2.5, 6;
    %dup/vec4;
    %pushi/vec4 4, 0, 4;
    %cmp/u;
    %jmp/1 T_2.6, 6;
    %dup/vec4;
    %pushi/vec4 5, 0, 4;
    %cmp/u;
    %jmp/1 T_2.7, 6;
    %dup/vec4;
    %pushi/vec4 6, 0, 4;
    %cmp/u;
    %jmp/1 T_2.8, 6;
    %dup/vec4;
    %pushi/vec4 7, 0, 4;
    %cmp/u;
    %jmp/1 T_2.9, 6;
    %jmp T_2.10;
T_2.2 ;
    %load/vec4 v00000252da36ae80_0;
    %assign/vec4 v00000252da36a3e0_0, 0;
    %jmp T_2.10;
T_2.3 ;
    %load/vec4 v00000252da36ae80_0;
    %assign/vec4 v00000252da36ab60_0, 0;
    %jmp T_2.10;
T_2.4 ;
    %load/vec4 v00000252da36ae80_0;
    %assign/vec4 v00000252da36a980_0, 0;
    %jmp T_2.10;
T_2.5 ;
    %load/vec4 v00000252da36ae80_0;
    %assign/vec4 v00000252da369800_0, 0;
    %jmp T_2.10;
T_2.6 ;
    %load/vec4 v00000252da36ae80_0;
    %assign/vec4 v00000252da369e40_0, 0;
    %jmp T_2.10;
T_2.7 ;
    %load/vec4 v00000252da36ae80_0;
    %assign/vec4 v00000252da3698a0_0, 0;
    %jmp T_2.10;
T_2.8 ;
    %load/vec4 v00000252da36ae80_0;
    %assign/vec4 v00000252da36a020_0, 0;
    %jmp T_2.10;
T_2.9 ;
    %load/vec4 v00000252da36ae80_0;
    %assign/vec4 v00000252da369b20_0, 0;
    %jmp T_2.10;
T_2.10 ;
    %pop/vec4 1;
    %load/vec4 v00000252da36aca0_0;
    %dup/vec4;
    %pushi/vec4 0, 0, 4;
    %cmp/u;
    %jmp/1 T_2.11, 6;
    %dup/vec4;
    %pushi/vec4 1, 0, 4;
    %cmp/u;
    %jmp/1 T_2.12, 6;
    %dup/vec4;
    %pushi/vec4 2, 0, 4;
    %cmp/u;
    %jmp/1 T_2.13, 6;
    %dup/vec4;
    %pushi/vec4 3, 0, 4;
    %cmp/u;
    %jmp/1 T_2.14, 6;
    %dup/vec4;
    %pushi/vec4 4, 0, 4;
    %cmp/u;
    %jmp/1 T_2.15, 6;
    %dup/vec4;
    %pushi/vec4 5, 0, 4;
    %cmp/u;
    %jmp/1 T_2.16, 6;
    %dup/vec4;
    %pushi/vec4 6, 0, 4;
    %cmp/u;
    %jmp/1 T_2.17, 6;
    %dup/vec4;
    %pushi/vec4 7, 0, 4;
    %cmp/u;
    %jmp/1 T_2.18, 6;
    %jmp T_2.19;
T_2.11 ;
    %load/vec4 v00000252da36af20_0;
    %assign/vec4 v00000252da36a3e0_0, 0;
    %jmp T_2.19;
T_2.12 ;
    %load/vec4 v00000252da36af20_0;
    %assign/vec4 v00000252da36ab60_0, 0;
    %jmp T_2.19;
T_2.13 ;
    %load/vec4 v00000252da36af20_0;
    %assign/vec4 v00000252da36a980_0, 0;
    %jmp T_2.19;
T_2.14 ;
    %load/vec4 v00000252da36af20_0;
    %assign/vec4 v00000252da369800_0, 0;
    %jmp T_2.19;
T_2.15 ;
    %load/vec4 v00000252da36af20_0;
    %assign/vec4 v00000252da369e40_0, 0;
    %jmp T_2.19;
T_2.16 ;
    %load/vec4 v00000252da36af20_0;
    %assign/vec4 v00000252da3698a0_0, 0;
    %jmp T_2.19;
T_2.17 ;
    %load/vec4 v00000252da36af20_0;
    %assign/vec4 v00000252da36a020_0, 0;
    %jmp T_2.19;
T_2.18 ;
    %load/vec4 v00000252da36af20_0;
    %assign/vec4 v00000252da369b20_0, 0;
    %jmp T_2.19;
T_2.19 ;
    %pop/vec4 1;
T_2.1 ;
    %jmp T_2;
    .thread T_2;
    .scope S_00000252da2bccf0;
T_3 ;
    %pushi/vec4 0, 0, 9;
    %store/vec4 v00000252da369a80_0, 0, 9;
    %pushi/vec4 0, 15, 4;
    %store/vec4 v00000252da36ba90_0, 0, 4;
    %pushi/vec4 0, 15, 4;
    %store/vec4 v00000252da36ccb0_0, 0, 4;
    %pushi/vec4 0, 15, 4;
    %store/vec4 v00000252da36bc70_0, 0, 4;
    %pushi/vec4 0, 15, 4;
    %store/vec4 v00000252da36cf30_0, 0, 4;
    %pushi/vec4 0, 65535, 16;
    %store/vec4 v00000252da36c850_0, 0, 16;
    %pushi/vec4 0, 15, 4;
    %store/vec4 v00000252da36a2a0_0, 0, 4;
    %pushi/vec4 0, 15, 4;
    %store/vec4 v00000252da369120_0, 0, 4;
    %pushi/vec4 0, 15, 4;
    %store/vec4 v00000252da3691c0_0, 0, 4;
    %pushi/vec4 0, 15, 4;
    %store/vec4 v00000252da369940_0, 0, 4;
    %pushi/vec4 0, 4294967295, 32;
    %store/vec4 v00000252da369bc0_0, 0, 32;
    %pushi/vec4 0, 4294967295, 32;
    %store/vec4 v00000252da369260_0, 0, 32;
    %pushi/vec4 0, 65535, 16;
    %store/vec4 v00000252da36a5c0_0, 0, 16;
    %pushi/vec4 0, 15, 4;
    %store/vec4 v00000252da369ee0_0, 0, 4;
    %pushi/vec4 0, 4294967295, 32;
    %store/vec4 v00000252da369300_0, 0, 32;
    %pushi/vec4 0, 15, 4;
    %store/vec4 v00000252da3699e0_0, 0, 4;
    %pushi/vec4 0, 4294967295, 32;
    %store/vec4 v00000252da36a840_0, 0, 32;
    %pushi/vec4 0, 15, 4;
    %store/vec4 v00000252da36c490_0, 0, 4;
    %pushi/vec4 0, 4294967295, 32;
    %store/vec4 v00000252da36c990_0, 0, 32;
    %pushi/vec4 0, 15, 4;
    %store/vec4 v00000252da36bbd0_0, 0, 4;
    %pushi/vec4 0, 4294967295, 32;
    %store/vec4 v00000252da36bdb0_0, 0, 32;
    %end;
    .thread T_3;
    .scope S_00000252da2bccf0;
T_4 ;
    %wait E_00000252da306f30;
    %load/vec4 v00000252da36c0d0_0;
    %flag_set/vec4 8;
    %jmp/0xz  T_4.0, 8;
    %load/vec4 v00000252da369a80_0;
    %addi 1, 0, 9;
    %assign/vec4 v00000252da369a80_0, 0;
T_4.0 ;
    %jmp T_4;
    .thread T_4;
    .scope S_00000252da2bccf0;
T_5 ;
    %wait E_00000252da306f30;
    %load/vec4 v00000252da36c0d0_0;
    %flag_set/vec4 8;
    %jmp/0xz  T_5.0, 8;
    %load/vec4 v00000252da36a520_0;
    %parti/s 4, 28, 6;
    %assign/vec4 v00000252da36ba90_0, 0;
    %load/vec4 v00000252da36a520_0;
    %parti/s 4, 24, 6;
    %assign/vec4 v00000252da36ccb0_0, 0;
    %load/vec4 v00000252da36a520_0;
    %parti/s 4, 20, 6;
    %assign/vec4 v00000252da36bc70_0, 0;
    %load/vec4 v00000252da36a520_0;
    %parti/s 4, 16, 6;
    %assign/vec4 v00000252da36cf30_0, 0;
    %load/vec4 v00000252da36a520_0;
    %parti/s 16, 0, 2;
    %assign/vec4 v00000252da36c850_0, 0;
    %load/vec4 v00000252da36ba90_0;
    %assign/vec4 v00000252da36a2a0_0, 0;
    %load/vec4 v00000252da36ccb0_0;
    %assign/vec4 v00000252da369120_0, 0;
    %load/vec4 v00000252da36bc70_0;
    %assign/vec4 v00000252da3691c0_0, 0;
    %load/vec4 v00000252da36cf30_0;
    %assign/vec4 v00000252da369940_0, 0;
    %load/vec4 v00000252da36c850_0;
    %assign/vec4 v00000252da36a5c0_0, 0;
    %load/vec4 v00000252da36cd50_0;
    %assign/vec4 v00000252da369bc0_0, 0;
    %load/vec4 v00000252da36b090_0;
    %assign/vec4 v00000252da369260_0, 0;
T_5.0 ;
    %jmp T_5;
    .thread T_5;
    .scope S_00000252da2bccf0;
T_6 ;
    %pushi/vec4 1, 0, 1;
    %assign/vec4 v00000252da36cdf0_0, 0;
    %delay 2000, 0;
    %pushi/vec4 0, 0, 1;
    %assign/vec4 v00000252da36cdf0_0, 0;
    %end;
    .thread T_6;
    .scope S_00000252da2bccf0;
T_7 ;
    %wait E_00000252da306f30;
    %load/vec4 v00000252da36a2a0_0;
    %load/vec4 v00000252da369120_0;
    %concat/vec4; draw_concat_vec4
    %cmpi/e 16, 0, 8;
    %jmp/0xz  T_7.0, 4;
    %load/vec4 v00000252da369940_0;
    %assign/vec4 v00000252da369ee0_0, 0;
    %load/vec4 v00000252da36a5c0_0;
    %pad/u 32;
    %assign/vec4 v00000252da369300_0, 0;
T_7.0 ;
    %load/vec4 v00000252da3691c0_0;
    %assign/vec4 v00000252da3699e0_0, 0;
    %load/vec4 v00000252da36cb70_0;
    %assign/vec4 v00000252da36a840_0, 0;
    %jmp T_7;
    .thread T_7;
    .scope S_00000252da2bccf0;
T_8 ;
    %wait E_00000252da306f30;
    %load/vec4 v00000252da369ee0_0;
    %assign/vec4 v00000252da36c490_0, 0;
    %load/vec4 v00000252da369300_0;
    %assign/vec4 v00000252da36c990_0, 0;
    %load/vec4 v00000252da3699e0_0;
    %assign/vec4 v00000252da36bbd0_0, 0;
    %load/vec4 v00000252da36a840_0;
    %assign/vec4 v00000252da36bdb0_0, 0;
    %jmp T_8;
    .thread T_8;
    .scope S_00000252da2bcb60;
T_9 ;
    %pushi/vec4 0, 0, 1;
    %assign/vec4 v00000252da36ddc0_0, 0;
    %pushi/vec4 0, 0, 9;
    %assign/vec4 v00000252da36ec20_0, 0;
    %pushi/vec4 0, 0, 1;
    %assign/vec4 v00000252da36d280_0, 0;
    %pushi/vec4 0, 0, 32;
    %assign/vec4 v00000252da36d780_0, 0;
    %pushi/vec4 0, 0, 1;
    %assign/vec4 v00000252da36d640_0, 0;
    %delay 2000, 0;
    %pushi/vec4 0, 0, 9;
    %assign/vec4 v00000252da36ec20_0, 0;
    %pushi/vec4 1, 0, 1;
    %assign/vec4 v00000252da36d280_0, 0;
    %pushi/vec4 284164224, 0, 32;
    %assign/vec4 v00000252da36d780_0, 0;
    %delay 2000, 0;
    %pushi/vec4 1, 0, 9;
    %assign/vec4 v00000252da36ec20_0, 0;
    %pushi/vec4 1, 0, 1;
    %assign/vec4 v00000252da36d280_0, 0;
    %pushi/vec4 284229761, 0, 32;
    %assign/vec4 v00000252da36d780_0, 0;
    %delay 2000, 0;
    %pushi/vec4 2, 0, 9;
    %assign/vec4 v00000252da36ec20_0, 0;
    %pushi/vec4 1, 0, 1;
    %assign/vec4 v00000252da36d280_0, 0;
    %pushi/vec4 284295298, 0, 32;
    %assign/vec4 v00000252da36d780_0, 0;
    %delay 2000, 0;
    %pushi/vec4 3, 0, 9;
    %assign/vec4 v00000252da36ec20_0, 0;
    %pushi/vec4 1, 0, 1;
    %assign/vec4 v00000252da36d280_0, 0;
    %pushi/vec4 284360835, 0, 32;
    %assign/vec4 v00000252da36d780_0, 0;
    %delay 2000, 0;
    %pushi/vec4 4, 0, 9;
    %assign/vec4 v00000252da36ec20_0, 0;
    %pushi/vec4 1, 0, 1;
    %assign/vec4 v00000252da36d280_0, 0;
    %pushi/vec4 284426372, 0, 32;
    %assign/vec4 v00000252da36d780_0, 0;
    %delay 2000, 0;
    %pushi/vec4 5, 0, 9;
    %assign/vec4 v00000252da36ec20_0, 0;
    %pushi/vec4 1, 0, 1;
    %assign/vec4 v00000252da36d280_0, 0;
    %pushi/vec4 284491909, 0, 32;
    %assign/vec4 v00000252da36d780_0, 0;
    %delay 2000, 0;
    %pushi/vec4 6, 0, 9;
    %assign/vec4 v00000252da36ec20_0, 0;
    %pushi/vec4 1, 0, 1;
    %assign/vec4 v00000252da36d280_0, 0;
    %pushi/vec4 284557446, 0, 32;
    %assign/vec4 v00000252da36d780_0, 0;
    %delay 2000, 0;
    %pushi/vec4 7, 0, 9;
    %assign/vec4 v00000252da36ec20_0, 0;
    %pushi/vec4 1, 0, 1;
    %assign/vec4 v00000252da36d280_0, 0;
    %pushi/vec4 284622983, 0, 32;
    %assign/vec4 v00000252da36d780_0, 0;
    %delay 2000, 0;
    %pushi/vec4 8, 0, 9;
    %assign/vec4 v00000252da36ec20_0, 0;
    %pushi/vec4 1, 0, 1;
    %assign/vec4 v00000252da36d280_0, 0;
    %pushi/vec4 536936448, 0, 32;
    %assign/vec4 v00000252da36d780_0, 0;
    %delay 2000, 0;
    %pushi/vec4 9, 0, 9;
    %assign/vec4 v00000252da36ec20_0, 0;
    %pushi/vec4 1, 0, 1;
    %assign/vec4 v00000252da36d280_0, 0;
    %pushi/vec4 555941888, 0, 32;
    %assign/vec4 v00000252da36d780_0, 0;
    %delay 2000, 0;
    %pushi/vec4 10, 0, 9;
    %assign/vec4 v00000252da36ec20_0, 0;
    %pushi/vec4 1, 0, 1;
    %assign/vec4 v00000252da36d280_0, 0;
    %pushi/vec4 574947328, 0, 32;
    %assign/vec4 v00000252da36d780_0, 0;
    %delay 2000, 0;
    %pushi/vec4 11, 0, 9;
    %assign/vec4 v00000252da36ec20_0, 0;
    %pushi/vec4 1, 0, 1;
    %assign/vec4 v00000252da36d280_0, 0;
    %pushi/vec4 593952768, 0, 32;
    %assign/vec4 v00000252da36d780_0, 0;
    %delay 2000, 0;
    %pushi/vec4 0, 0, 9;
    %assign/vec4 v00000252da36ec20_0, 0;
    %pushi/vec4 0, 0, 1;
    %assign/vec4 v00000252da36d280_0, 0;
    %pushi/vec4 0, 0, 32;
    %assign/vec4 v00000252da36d780_0, 0;
    %delay 1000, 0;
    %pushi/vec4 1, 0, 1;
    %assign/vec4 v00000252da36d640_0, 0;
    %delay 50000, 0;
    %vpi_call 2 219 "$stop" {0 0 0};
    %end;
    .thread T_9;
    .scope S_00000252da2bcb60;
T_10 ;
    %delay 1000, 0;
    %load/vec4 v00000252da36ddc0_0;
    %inv;
    %store/vec4 v00000252da36ddc0_0, 0, 1;
    %jmp T_10;
    .thread T_10;
    .scope S_00000252da2bcb60;
T_11 ;
    %vpi_call 2 223 "$dumpfile", "pro_tb4.vcd" {0 0 0};
    %vpi_call 2 224 "$dumpvars" {0 0 0};
    %end;
    .thread T_11;
# The file index is used to find the file name in the following table.
:file_names 6;
    "N/A";
    "<interactive>";
    ".\processor.v";
    ".\alu.v";
    ".\ram.v";
    ".\regfile.v";
