#! /c/Source/iverilog-install/bin/vvp
:ivl_version "12.0 (devel)" "(s20150603-1110-g18392a46)";
:ivl_delay_selection "TYPICAL";
:vpi_time_precision - 11;
:vpi_module "D:\iVerilog\lib\ivl\system.vpi";
:vpi_module "D:\iVerilog\lib\ivl\vhdl_sys.vpi";
:vpi_module "D:\iVerilog\lib\ivl\vhdl_textio.vpi";
:vpi_module "D:\iVerilog\lib\ivl\v2005_math.vpi";
:vpi_module "D:\iVerilog\lib\ivl\va_math.vpi";
S_000001b0d22ae6e0 .scope module, "pro_tb4" "pro_tb4" 2 407;
 .timescale -9 -11;
v000001b0d235da30_0 .var "addr", 31 0;
v000001b0d235d670_0 .net "cc", 2 0, L_000001b0d23ba610;  1 drivers
v000001b0d235c270_0 .var "clock", 0 0;
v000001b0d235d210_0 .var "flg", 0 0;
v000001b0d235e1b0_0 .net "r0", 31 0, v000001b0d2354cb0_0;  1 drivers
v000001b0d235c590_0 .net "r1", 31 0, v000001b0d23554d0_0;  1 drivers
v000001b0d235ca90_0 .net "r2", 31 0, v000001b0d2354ad0_0;  1 drivers
v000001b0d235cdb0_0 .net "r3", 31 0, v000001b0d2354210_0;  1 drivers
v000001b0d235dcb0_0 .net "r4", 31 0, v000001b0d2354e90_0;  1 drivers
v000001b0d235ce50_0 .net "r5", 31 0, v000001b0d2354b70_0;  1 drivers
v000001b0d235d350_0 .net "r6", 31 0, v000001b0d23531d0_0;  1 drivers
v000001b0d235ddf0_0 .net "r7", 31 0, v000001b0d23534f0_0;  1 drivers
v000001b0d235d710_0 .var "rID", 3 0;
v000001b0d235d030_0 .net "rdata", 31 0, L_000001b0d23c3d30;  1 drivers
v000001b0d235e250_0 .net "valE", 31 0, L_000001b0d23c2630;  1 drivers
v000001b0d235d490_0 .var "wdata", 31 0;
v000001b0d235e390_0 .var "working", 0 0;
v000001b0d235d0d0_0 .var "wr", 0 0;
S_000001b0d2253550 .scope module, "processor" "processor" 2 426, 2 3 0, S_000001b0d22ae6e0;
 .timescale -9 -11;
    .port_info 0 /INPUT 1 "clock";
    .port_info 1 /INPUT 32 "addr";
    .port_info 2 /INPUT 1 "wr";
    .port_info 3 /INPUT 32 "wdata";
    .port_info 4 /INPUT 1 "working";
    .port_info 5 /INPUT 4 "rID";
    .port_info 6 /OUTPUT 32 "valE";
    .port_info 7 /OUTPUT 32 "r0";
    .port_info 8 /OUTPUT 32 "r1";
    .port_info 9 /OUTPUT 32 "r2";
    .port_info 10 /OUTPUT 32 "r3";
    .port_info 11 /OUTPUT 32 "r4";
    .port_info 12 /OUTPUT 32 "r5";
    .port_info 13 /OUTPUT 32 "r6";
    .port_info 14 /OUTPUT 32 "r7";
    .port_info 15 /OUTPUT 32 "rdata";
    .port_info 16 /OUTPUT 3 "cc";
P_000001b0d224d440 .param/l "ADD" 0 2 32, C4<00100000>;
P_000001b0d224d478 .param/l "AND" 0 2 34, C4<00100010>;
P_000001b0d224d4b0 .param/l "CMOVE" 0 2 39, C4<00110011>;
P_000001b0d224d4e8 .param/l "CMOVG" 0 2 42, C4<00110110>;
P_000001b0d224d520 .param/l "CMOVGE" 0 2 41, C4<00110101>;
P_000001b0d224d558 .param/l "CMOVL" 0 2 38, C4<00110010>;
P_000001b0d224d590 .param/l "CMOVLE" 0 2 37, C4<00110001>;
P_000001b0d224d5c8 .param/l "CMOVNE" 0 2 40, C4<00110100>;
P_000001b0d224d600 .param/l "HALT" 0 2 30, C4<00010001>;
P_000001b0d224d638 .param/l "IRMOV" 0 2 29, C4<00010000>;
P_000001b0d224d670 .param/l "JE" 0 2 46, C4<01110011>;
P_000001b0d224d6a8 .param/l "JG" 0 2 49, C4<01110110>;
P_000001b0d224d6e0 .param/l "JGE" 0 2 48, C4<01110101>;
P_000001b0d224d718 .param/l "JL" 0 2 45, C4<01110010>;
P_000001b0d224d750 .param/l "JLE" 0 2 44, C4<01110001>;
P_000001b0d224d788 .param/l "JMP" 0 2 43, C4<01110000>;
P_000001b0d224d7c0 .param/l "JNE" 0 2 47, C4<01110100>;
P_000001b0d224d7f8 .param/l "NOP" 0 2 31, C4<00010010>;
P_000001b0d224d830 .param/l "RRMOV" 0 2 36, C4<00110000>;
P_000001b0d224d868 .param/l "SUB" 0 2 33, C4<00100001>;
P_000001b0d224d8a0 .param/l "XOR" 0 2 35, C4<00100011>;
L_000001b0d22c94e0 .functor BUFZ 32, v000001b0d234fce0_0, C4<00000000000000000000000000000000>, C4<00000000000000000000000000000000>, C4<00000000000000000000000000000000>;
L_000001b0d23c2550 .functor AND 1, L_000001b0d23c3290, v000001b0d235e390_0, C4<1>, C4<1>;
L_000001b0d23c2a20 .functor AND 1, L_000001b0d23c49b0, v000001b0d235e390_0, C4<1>, C4<1>;
L_000001b0d23c27f0 .functor XOR 1, L_000001b0d23c4c30, L_000001b0d23c47d0, C4<0>, C4<0>;
L_000001b0d23c1c20 .functor OR 1, L_000001b0d23c27f0, L_000001b0d23c3dd0, C4<0>, C4<0>;
L_000001b0d23c29b0 .functor AND 1, L_000001b0d23c2a20, L_000001b0d23c1c20, C4<1>, C4<1>;
L_000001b0d23c1a60 .functor AND 1, L_000001b0d23c4eb0, v000001b0d235e390_0, C4<1>, C4<1>;
L_000001b0d23c14b0 .functor XOR 1, L_000001b0d23c4c30, L_000001b0d23c47d0, C4<0>, C4<0>;
L_000001b0d23c1360 .functor AND 1, L_000001b0d23c1a60, L_000001b0d23c14b0, C4<1>, C4<1>;
L_000001b0d23c1c90 .functor AND 1, L_000001b0d23c5130, v000001b0d235e390_0, C4<1>, C4<1>;
L_000001b0d23c2320 .functor AND 1, L_000001b0d23c1c90, L_000001b0d23c3dd0, C4<1>, C4<1>;
L_000001b0d23c1210 .functor AND 1, L_000001b0d23c3fb0, v000001b0d235e390_0, C4<1>, C4<1>;
L_000001b0d23c1980 .functor NOT 1, L_000001b0d23c3dd0, C4<0>, C4<0>, C4<0>;
L_000001b0d23c2240 .functor AND 1, L_000001b0d23c1210, L_000001b0d23c1980, C4<1>, C4<1>;
L_000001b0d23c1670 .functor AND 1, L_000001b0d23c51d0, v000001b0d235e390_0, C4<1>, C4<1>;
L_000001b0d23c1d00 .functor XOR 1, L_000001b0d23c4c30, L_000001b0d23c47d0, C4<0>, C4<0>;
L_000001b0d23c13d0 .functor NOT 1, L_000001b0d23c1d00, C4<0>, C4<0>, C4<0>;
L_000001b0d23c2a90 .functor AND 1, L_000001b0d23c1670, L_000001b0d23c13d0, C4<1>, C4<1>;
L_000001b0d23c1590 .functor AND 1, L_000001b0d23c3790, v000001b0d235e390_0, C4<1>, C4<1>;
L_000001b0d23c19f0 .functor XOR 1, L_000001b0d23c4c30, L_000001b0d23c47d0, C4<0>, C4<0>;
L_000001b0d23c1d70 .functor NOT 1, L_000001b0d23c19f0, C4<0>, C4<0>, C4<0>;
L_000001b0d23c1fa0 .functor NOT 1, L_000001b0d23c3dd0, C4<0>, C4<0>, C4<0>;
L_000001b0d23c2010 .functor AND 1, L_000001b0d23c1d70, L_000001b0d23c1fa0, C4<1>, C4<1>;
L_000001b0d23c2b00 .functor AND 1, L_000001b0d23c1590, L_000001b0d23c2010, C4<1>, C4<1>;
L_000001b0d23c2630 .functor BUFZ 32, L_000001b0d23b9f30, C4<00000000000000000000000000000000>, C4<00000000000000000000000000000000>, C4<00000000000000000000000000000000>;
L_000001b0d23c2080 .functor BUFZ 1, v000001b0d23551b0_0, C4<0>, C4<0>, C4<0>;
L_000001b0d23c2cc0 .functor BUFZ 4, v000001b0d23563d0_0, C4<0000>, C4<0000>, C4<0000>;
L_000001b0d23c1910 .functor BUFZ 32, v000001b0d2355ed0_0, C4<00000000000000000000000000000000>, C4<00000000000000000000000000000000>, C4<00000000000000000000000000000000>;
v000001b0d23551b0_0 .var "D_halt", 0 0;
v000001b0d2355250_0 .var "D_icode", 3 0;
v000001b0d2355570_0 .var "D_ifun", 3 0;
v000001b0d2355610_0 .var "D_jflg", 0 0;
v000001b0d2353770_0 .var "D_rA", 3 0;
v000001b0d2353810_0 .var "D_rB", 3 0;
v000001b0d2355a70_0 .var "D_valA", 31 0;
v000001b0d23566f0_0 .var "D_valB", 31 0;
v000001b0d2355bb0_0 .var "D_valC", 15 0;
v000001b0d23563d0_0 .var "E_dstE", 3 0;
v000001b0d2356e70_0 .var "E_dstM", 3 0;
v000001b0d2355930_0 .var "E_halt", 0 0;
v000001b0d2355ed0_0 .var "E_valE", 31 0;
v000001b0d2356c90_0 .var "E_valM", 31 0;
v000001b0d2356970_0 .net "F_read", 31 0, L_000001b0d22c94e0;  1 drivers
v000001b0d23559d0_0 .var "PC", 31 0;
v000001b0d2356470_0 .net *"_ivl_100", 7 0, L_000001b0d23c53b0;  1 drivers
L_000001b0d23620d8 .functor BUFT 1, C4<01110000>, C4<0>, C4<0>, C4<0>;
v000001b0d2355b10_0 .net/2u *"_ivl_102", 7 0, L_000001b0d23620d8;  1 drivers
v000001b0d2356330_0 .net *"_ivl_104", 0 0, L_000001b0d23c3290;  1 drivers
v000001b0d2356a10_0 .net *"_ivl_107", 0 0, L_000001b0d23c2550;  1 drivers
L_000001b0d2362120 .functor BUFT 1, C4<01>, C4<0>, C4<0>, C4<0>;
v000001b0d2356b50_0 .net/2s *"_ivl_108", 1 0, L_000001b0d2362120;  1 drivers
v000001b0d2356010_0 .net *"_ivl_110", 7 0, L_000001b0d23c4870;  1 drivers
L_000001b0d2362168 .functor BUFT 1, C4<01110001>, C4<0>, C4<0>, C4<0>;
v000001b0d2356790_0 .net/2u *"_ivl_112", 7 0, L_000001b0d2362168;  1 drivers
v000001b0d2356bf0_0 .net *"_ivl_114", 0 0, L_000001b0d23c49b0;  1 drivers
v000001b0d2356dd0_0 .net *"_ivl_117", 0 0, L_000001b0d23c2a20;  1 drivers
v000001b0d2355c50_0 .net *"_ivl_118", 0 0, L_000001b0d23c27f0;  1 drivers
v000001b0d23565b0_0 .net *"_ivl_120", 0 0, L_000001b0d23c1c20;  1 drivers
v000001b0d2356510_0 .net *"_ivl_123", 0 0, L_000001b0d23c29b0;  1 drivers
L_000001b0d23621b0 .functor BUFT 1, C4<01>, C4<0>, C4<0>, C4<0>;
v000001b0d23568d0_0 .net/2s *"_ivl_124", 1 0, L_000001b0d23621b0;  1 drivers
v000001b0d23560b0_0 .net *"_ivl_126", 7 0, L_000001b0d23c3f10;  1 drivers
L_000001b0d23621f8 .functor BUFT 1, C4<01110010>, C4<0>, C4<0>, C4<0>;
v000001b0d2356650_0 .net/2u *"_ivl_128", 7 0, L_000001b0d23621f8;  1 drivers
v000001b0d23561f0_0 .net *"_ivl_130", 0 0, L_000001b0d23c4eb0;  1 drivers
v000001b0d2356d30_0 .net *"_ivl_133", 0 0, L_000001b0d23c1a60;  1 drivers
v000001b0d2356ab0_0 .net *"_ivl_134", 0 0, L_000001b0d23c14b0;  1 drivers
v000001b0d2356150_0 .net *"_ivl_137", 0 0, L_000001b0d23c1360;  1 drivers
L_000001b0d2362240 .functor BUFT 1, C4<01>, C4<0>, C4<0>, C4<0>;
v000001b0d2355cf0_0 .net/2s *"_ivl_138", 1 0, L_000001b0d2362240;  1 drivers
v000001b0d2356830_0 .net *"_ivl_140", 7 0, L_000001b0d23c56d0;  1 drivers
L_000001b0d2362288 .functor BUFT 1, C4<01110011>, C4<0>, C4<0>, C4<0>;
v000001b0d2355d90_0 .net/2u *"_ivl_142", 7 0, L_000001b0d2362288;  1 drivers
v000001b0d2355f70_0 .net *"_ivl_144", 0 0, L_000001b0d23c5130;  1 drivers
v000001b0d2356f10_0 .net *"_ivl_147", 0 0, L_000001b0d23c1c90;  1 drivers
v000001b0d2355890_0 .net *"_ivl_149", 0 0, L_000001b0d23c2320;  1 drivers
L_000001b0d23622d0 .functor BUFT 1, C4<01>, C4<0>, C4<0>, C4<0>;
v000001b0d2355e30_0 .net/2s *"_ivl_150", 1 0, L_000001b0d23622d0;  1 drivers
v000001b0d2356290_0 .net *"_ivl_152", 7 0, L_000001b0d23c4410;  1 drivers
L_000001b0d2362318 .functor BUFT 1, C4<01110100>, C4<0>, C4<0>, C4<0>;
v000001b0d2351890_0 .net/2u *"_ivl_154", 7 0, L_000001b0d2362318;  1 drivers
v000001b0d23593a0_0 .net *"_ivl_156", 0 0, L_000001b0d23c3fb0;  1 drivers
v000001b0d2357f00_0 .net *"_ivl_159", 0 0, L_000001b0d23c1210;  1 drivers
v000001b0d2358040_0 .net *"_ivl_160", 0 0, L_000001b0d23c1980;  1 drivers
v000001b0d2357640_0 .net *"_ivl_163", 0 0, L_000001b0d23c2240;  1 drivers
L_000001b0d2362360 .functor BUFT 1, C4<01>, C4<0>, C4<0>, C4<0>;
v000001b0d2358860_0 .net/2s *"_ivl_164", 1 0, L_000001b0d2362360;  1 drivers
v000001b0d23580e0_0 .net *"_ivl_166", 7 0, L_000001b0d23c4af0;  1 drivers
L_000001b0d23623a8 .functor BUFT 1, C4<01110101>, C4<0>, C4<0>, C4<0>;
v000001b0d2357140_0 .net/2u *"_ivl_168", 7 0, L_000001b0d23623a8;  1 drivers
v000001b0d2359800_0 .net *"_ivl_170", 0 0, L_000001b0d23c51d0;  1 drivers
v000001b0d2358900_0 .net *"_ivl_173", 0 0, L_000001b0d23c1670;  1 drivers
v000001b0d2357280_0 .net *"_ivl_174", 0 0, L_000001b0d23c1d00;  1 drivers
v000001b0d2357500_0 .net *"_ivl_176", 0 0, L_000001b0d23c13d0;  1 drivers
v000001b0d23571e0_0 .net *"_ivl_179", 0 0, L_000001b0d23c2a90;  1 drivers
L_000001b0d23623f0 .functor BUFT 1, C4<01>, C4<0>, C4<0>, C4<0>;
v000001b0d2357960_0 .net/2s *"_ivl_180", 1 0, L_000001b0d23623f0;  1 drivers
v000001b0d2358680_0 .net *"_ivl_182", 7 0, L_000001b0d23c4050;  1 drivers
L_000001b0d2362438 .functor BUFT 1, C4<01110110>, C4<0>, C4<0>, C4<0>;
v000001b0d23582c0_0 .net/2u *"_ivl_184", 7 0, L_000001b0d2362438;  1 drivers
v000001b0d2357780_0 .net *"_ivl_186", 0 0, L_000001b0d23c3790;  1 drivers
v000001b0d2358720_0 .net *"_ivl_189", 0 0, L_000001b0d23c1590;  1 drivers
v000001b0d2358400_0 .net *"_ivl_190", 0 0, L_000001b0d23c19f0;  1 drivers
v000001b0d2359620_0 .net *"_ivl_192", 0 0, L_000001b0d23c1d70;  1 drivers
v000001b0d2357320_0 .net *"_ivl_194", 0 0, L_000001b0d23c1fa0;  1 drivers
v000001b0d23585e0_0 .net *"_ivl_196", 0 0, L_000001b0d23c2010;  1 drivers
v000001b0d2357b40_0 .net *"_ivl_199", 0 0, L_000001b0d23c2b00;  1 drivers
L_000001b0d2361ee0 .functor BUFT 1, C4<01>, C4<0>, C4<0>, C4<0>;
v000001b0d2357be0_0 .net/2s *"_ivl_2", 1 0, L_000001b0d2361ee0;  1 drivers
L_000001b0d2362480 .functor BUFT 1, C4<01>, C4<0>, C4<0>, C4<0>;
v000001b0d2359300_0 .net/2s *"_ivl_200", 1 0, L_000001b0d2362480;  1 drivers
L_000001b0d23624c8 .functor BUFT 1, C4<00>, C4<0>, C4<0>, C4<0>;
v000001b0d23573c0_0 .net/2s *"_ivl_202", 1 0, L_000001b0d23624c8;  1 drivers
v000001b0d2358f40_0 .net *"_ivl_204", 1 0, L_000001b0d23c40f0;  1 drivers
v000001b0d2357820_0 .net *"_ivl_206", 1 0, L_000001b0d23c4190;  1 drivers
v000001b0d2359440_0 .net *"_ivl_208", 1 0, L_000001b0d23c3bf0;  1 drivers
v000001b0d2358360_0 .net *"_ivl_210", 1 0, L_000001b0d23c4550;  1 drivers
v000001b0d2358a40_0 .net *"_ivl_212", 1 0, L_000001b0d23c3c90;  1 drivers
v000001b0d2357e60_0 .net *"_ivl_214", 1 0, L_000001b0d23c5810;  1 drivers
v000001b0d23584a0_0 .net *"_ivl_216", 1 0, L_000001b0d23c4230;  1 drivers
L_000001b0d2362510 .functor BUFT 1, C4<00000000>, C4<0>, C4<0>, C4<0>;
v000001b0d2357460_0 .net/2u *"_ivl_220", 7 0, L_000001b0d2362510;  1 drivers
v000001b0d2357d20_0 .net *"_ivl_246", 7 0, L_000001b0d23c54f0;  1 drivers
L_000001b0d2362558 .functor BUFT 1, C4<00100000>, C4<0>, C4<0>, C4<0>;
v000001b0d23587c0_0 .net/2u *"_ivl_248", 7 0, L_000001b0d2362558;  1 drivers
v000001b0d2357c80_0 .net *"_ivl_250", 0 0, L_000001b0d23c4b90;  1 drivers
L_000001b0d23625a0 .functor BUFT 1, C4<0000>, C4<0>, C4<0>, C4<0>;
v000001b0d2357dc0_0 .net/2u *"_ivl_252", 3 0, L_000001b0d23625a0;  1 drivers
v000001b0d23589a0_0 .net *"_ivl_254", 7 0, L_000001b0d23c42d0;  1 drivers
L_000001b0d23625e8 .functor BUFT 1, C4<00100001>, C4<0>, C4<0>, C4<0>;
v000001b0d2357fa0_0 .net/2u *"_ivl_256", 7 0, L_000001b0d23625e8;  1 drivers
v000001b0d23594e0_0 .net *"_ivl_258", 0 0, L_000001b0d23c5450;  1 drivers
L_000001b0d2362630 .functor BUFT 1, C4<0001>, C4<0>, C4<0>, C4<0>;
v000001b0d2358ae0_0 .net/2u *"_ivl_260", 3 0, L_000001b0d2362630;  1 drivers
v000001b0d2359760_0 .net *"_ivl_262", 7 0, L_000001b0d23c4e10;  1 drivers
L_000001b0d2362678 .functor BUFT 1, C4<00100010>, C4<0>, C4<0>, C4<0>;
v000001b0d23575a0_0 .net/2u *"_ivl_264", 7 0, L_000001b0d2362678;  1 drivers
v000001b0d2359580_0 .net *"_ivl_266", 0 0, L_000001b0d23c5090;  1 drivers
L_000001b0d23626c0 .functor BUFT 1, C4<0010>, C4<0>, C4<0>, C4<0>;
v000001b0d23576e0_0 .net/2u *"_ivl_268", 3 0, L_000001b0d23626c0;  1 drivers
v000001b0d2358180_0 .net *"_ivl_270", 7 0, L_000001b0d23c5590;  1 drivers
L_000001b0d2362708 .functor BUFT 1, C4<00100011>, C4<0>, C4<0>, C4<0>;
v000001b0d23578c0_0 .net/2u *"_ivl_272", 7 0, L_000001b0d2362708;  1 drivers
v000001b0d2358c20_0 .net *"_ivl_274", 0 0, L_000001b0d23c3a10;  1 drivers
L_000001b0d2362750 .functor BUFT 1, C4<0011>, C4<0>, C4<0>, C4<0>;
v000001b0d2358220_0 .net/2u *"_ivl_276", 3 0, L_000001b0d2362750;  1 drivers
o000001b0d22f6f48 .functor BUFZ 4, C4<zzzz>; HiZ drive
; Elide local net with no drivers, v000001b0d2358540_0 name=_ivl_278
v000001b0d23596c0_0 .net *"_ivl_280", 3 0, L_000001b0d23c4a50;  1 drivers
v000001b0d23570a0_0 .net *"_ivl_282", 3 0, L_000001b0d23c58b0;  1 drivers
v000001b0d2357a00_0 .net *"_ivl_284", 3 0, L_000001b0d23c5270;  1 drivers
v000001b0d2358cc0_0 .net *"_ivl_302", 31 0, L_000001b0d23c4ff0;  1 drivers
L_000001b0d2362798 .functor BUFT 1, C4<0000000000000000000000000000>, C4<0>, C4<0>, C4<0>;
v000001b0d2358b80_0 .net *"_ivl_305", 27 0, L_000001b0d2362798;  1 drivers
L_000001b0d23627e0 .functor BUFT 1, C4<00000000000000000000000000000000>, C4<0>, C4<0>, C4<0>;
v000001b0d2358d60_0 .net/2u *"_ivl_306", 31 0, L_000001b0d23627e0;  1 drivers
v000001b0d2358e00_0 .net *"_ivl_308", 0 0, L_000001b0d23c3e70;  1 drivers
v000001b0d2359080_0 .net *"_ivl_310", 31 0, L_000001b0d23c5630;  1 drivers
L_000001b0d2362828 .functor BUFT 1, C4<0000000000000000000000000000>, C4<0>, C4<0>, C4<0>;
v000001b0d2357aa0_0 .net *"_ivl_313", 27 0, L_000001b0d2362828;  1 drivers
L_000001b0d2362870 .functor BUFT 1, C4<00000000000000000000000000000001>, C4<0>, C4<0>, C4<0>;
v000001b0d2358ea0_0 .net/2u *"_ivl_314", 31 0, L_000001b0d2362870;  1 drivers
v000001b0d2358fe0_0 .net *"_ivl_316", 0 0, L_000001b0d23c4370;  1 drivers
v000001b0d2359120_0 .net *"_ivl_318", 31 0, L_000001b0d23c44b0;  1 drivers
L_000001b0d23628b8 .functor BUFT 1, C4<0000000000000000000000000000>, C4<0>, C4<0>, C4<0>;
v000001b0d23591c0_0 .net *"_ivl_321", 27 0, L_000001b0d23628b8;  1 drivers
L_000001b0d2362900 .functor BUFT 1, C4<00000000000000000000000000000010>, C4<0>, C4<0>, C4<0>;
v000001b0d2359260_0 .net/2u *"_ivl_322", 31 0, L_000001b0d2362900;  1 drivers
v000001b0d2359ee0_0 .net *"_ivl_324", 0 0, L_000001b0d23c45f0;  1 drivers
v000001b0d235ae80_0 .net *"_ivl_326", 31 0, L_000001b0d23c5770;  1 drivers
L_000001b0d2362948 .functor BUFT 1, C4<0000000000000000000000000000>, C4<0>, C4<0>, C4<0>;
v000001b0d235a3e0_0 .net *"_ivl_329", 27 0, L_000001b0d2362948;  1 drivers
L_000001b0d2362990 .functor BUFT 1, C4<00000000000000000000000000000011>, C4<0>, C4<0>, C4<0>;
v000001b0d235a480_0 .net/2u *"_ivl_330", 31 0, L_000001b0d2362990;  1 drivers
v000001b0d235a660_0 .net *"_ivl_332", 0 0, L_000001b0d23c3150;  1 drivers
v000001b0d235a980_0 .net *"_ivl_334", 31 0, L_000001b0d23c3ab0;  1 drivers
L_000001b0d23629d8 .functor BUFT 1, C4<0000000000000000000000000000>, C4<0>, C4<0>, C4<0>;
v000001b0d2359940_0 .net *"_ivl_337", 27 0, L_000001b0d23629d8;  1 drivers
L_000001b0d2362a20 .functor BUFT 1, C4<00000000000000000000000000000100>, C4<0>, C4<0>, C4<0>;
v000001b0d235a340_0 .net/2u *"_ivl_338", 31 0, L_000001b0d2362a20;  1 drivers
v000001b0d235a700_0 .net *"_ivl_340", 0 0, L_000001b0d23c31f0;  1 drivers
v000001b0d235ab60_0 .net *"_ivl_342", 31 0, L_000001b0d23c3330;  1 drivers
L_000001b0d2362a68 .functor BUFT 1, C4<0000000000000000000000000000>, C4<0>, C4<0>, C4<0>;
v000001b0d235a520_0 .net *"_ivl_345", 27 0, L_000001b0d2362a68;  1 drivers
L_000001b0d2362ab0 .functor BUFT 1, C4<00000000000000000000000000000101>, C4<0>, C4<0>, C4<0>;
v000001b0d2359e40_0 .net/2u *"_ivl_346", 31 0, L_000001b0d2362ab0;  1 drivers
v000001b0d235a5c0_0 .net *"_ivl_348", 0 0, L_000001b0d23c33d0;  1 drivers
v000001b0d235aac0_0 .net *"_ivl_350", 31 0, L_000001b0d23c3470;  1 drivers
L_000001b0d2362af8 .functor BUFT 1, C4<0000000000000000000000000000>, C4<0>, C4<0>, C4<0>;
v000001b0d235af20_0 .net *"_ivl_353", 27 0, L_000001b0d2362af8;  1 drivers
L_000001b0d2362b40 .functor BUFT 1, C4<00000000000000000000000000000110>, C4<0>, C4<0>, C4<0>;
v000001b0d23598a0_0 .net/2u *"_ivl_354", 31 0, L_000001b0d2362b40;  1 drivers
v000001b0d235aa20_0 .net *"_ivl_356", 0 0, L_000001b0d23c3510;  1 drivers
v000001b0d235a7a0_0 .net *"_ivl_358", 31 0, L_000001b0d23c4910;  1 drivers
L_000001b0d2362b88 .functor BUFT 1, C4<0000000000000000000000000000>, C4<0>, C4<0>, C4<0>;
v000001b0d235a020_0 .net *"_ivl_361", 27 0, L_000001b0d2362b88;  1 drivers
L_000001b0d2362bd0 .functor BUFT 1, C4<00000000000000000000000000000111>, C4<0>, C4<0>, C4<0>;
v000001b0d23599e0_0 .net/2u *"_ivl_362", 31 0, L_000001b0d2362bd0;  1 drivers
v000001b0d235ade0_0 .net *"_ivl_364", 0 0, L_000001b0d23c4690;  1 drivers
o000001b0d22f7608 .functor BUFZ 32, C4<zzzzzzzzzzzzzzzzzzzzzzzzzzzzzzzz>; HiZ drive
; Elide local net with no drivers, v000001b0d235ac00_0 name=_ivl_366
v000001b0d235a840_0 .net *"_ivl_368", 31 0, L_000001b0d23c35b0;  1 drivers
L_000001b0d2361f70 .functor BUFT 1, C4<00010010>, C4<0>, C4<0>, C4<0>;
v000001b0d235aca0_0 .net/2u *"_ivl_37", 7 0, L_000001b0d2361f70;  1 drivers
v000001b0d235a0c0_0 .net *"_ivl_370", 31 0, L_000001b0d23c4d70;  1 drivers
v000001b0d2359a80_0 .net *"_ivl_372", 31 0, L_000001b0d23c4730;  1 drivers
v000001b0d235a8e0_0 .net *"_ivl_374", 31 0, L_000001b0d23c3830;  1 drivers
v000001b0d235ad40_0 .net *"_ivl_376", 31 0, L_000001b0d23c38d0;  1 drivers
v000001b0d2359b20_0 .net *"_ivl_378", 31 0, L_000001b0d23c3970;  1 drivers
v000001b0d235a160_0 .net *"_ivl_380", 31 0, L_000001b0d23c3b50;  1 drivers
L_000001b0d2361f28 .functor BUFT 1, C4<00>, C4<0>, C4<0>, C4<0>;
v000001b0d2359bc0_0 .net/2s *"_ivl_4", 1 0, L_000001b0d2361f28;  1 drivers
v000001b0d2359c60_0 .net *"_ivl_40", 7 0, L_000001b0d23bbbf0;  1 drivers
v000001b0d2359d00_0 .net *"_ivl_41", 7 0, L_000001b0d23bc370;  1 drivers
L_000001b0d2361fb8 .functor BUFT 1, C4<00000000>, C4<0>, C4<0>, C4<0>;
v000001b0d2359da0_0 .net/2u *"_ivl_46", 7 0, L_000001b0d2361fb8;  1 drivers
v000001b0d2359f80_0 .net *"_ivl_49", 7 0, L_000001b0d23bc7d0;  1 drivers
v000001b0d235a200_0 .net *"_ivl_50", 7 0, L_000001b0d23bc230;  1 drivers
v000001b0d235a2a0_0 .net *"_ivl_54", 0 0, L_000001b0d23bc910;  1 drivers
v000001b0d235f6f0_0 .net *"_ivl_56", 0 0, L_000001b0d23bc410;  1 drivers
v000001b0d235f010_0 .net *"_ivl_58", 0 0, L_000001b0d23bc4b0;  1 drivers
v000001b0d235ecf0_0 .net *"_ivl_6", 1 0, L_000001b0d23bb650;  1 drivers
v000001b0d235f3d0_0 .net *"_ivl_60", 0 0, L_000001b0d23bc550;  1 drivers
v000001b0d235f5b0_0 .net *"_ivl_62", 31 0, L_000001b0d23bb970;  1 drivers
v000001b0d235e9d0_0 .net *"_ivl_64", 31 0, L_000001b0d23bc690;  1 drivers
v000001b0d235f150_0 .net *"_ivl_66", 31 0, L_000001b0d23bb830;  1 drivers
v000001b0d235ef70_0 .net *"_ivl_70", 0 0, L_000001b0d23bbab0;  1 drivers
v000001b0d235f470_0 .net *"_ivl_72", 0 0, L_000001b0d23bc730;  1 drivers
v000001b0d235e930_0 .net *"_ivl_74", 0 0, L_000001b0d23bc870;  1 drivers
v000001b0d235f650_0 .net *"_ivl_76", 0 0, L_000001b0d23bc9b0;  1 drivers
v000001b0d235e750_0 .net *"_ivl_78", 31 0, L_000001b0d23bca50;  1 drivers
v000001b0d235fb50_0 .net *"_ivl_80", 31 0, L_000001b0d23bbb50;  1 drivers
v000001b0d235eb10_0 .net *"_ivl_82", 31 0, L_000001b0d23bcb90;  1 drivers
v000001b0d235ea70_0 .net *"_ivl_86", 7 0, L_000001b0d23bb6f0;  1 drivers
L_000001b0d2362000 .functor BUFT 1, C4<00010001>, C4<0>, C4<0>, C4<0>;
v000001b0d235ebb0_0 .net/2u *"_ivl_88", 7 0, L_000001b0d2362000;  1 drivers
v000001b0d235e7f0_0 .net *"_ivl_90", 0 0, L_000001b0d23bb790;  1 drivers
L_000001b0d2362048 .functor BUFT 1, C4<01>, C4<0>, C4<0>, C4<0>;
v000001b0d235f1f0_0 .net/2s *"_ivl_92", 1 0, L_000001b0d2362048;  1 drivers
L_000001b0d2362090 .functor BUFT 1, C4<00>, C4<0>, C4<0>, C4<0>;
v000001b0d235e4d0_0 .net/2s *"_ivl_94", 1 0, L_000001b0d2362090;  1 drivers
v000001b0d235f330_0 .net *"_ivl_96", 1 0, L_000001b0d23c36f0;  1 drivers
v000001b0d235eed0_0 .net "addr", 31 0, v000001b0d235da30_0;  1 drivers
v000001b0d235e570_0 .net "cc", 2 0, L_000001b0d23ba610;  alias, 1 drivers
v000001b0d235f970_0 .net "clock", 0 0, v000001b0d235c270_0;  1 drivers
v000001b0d235f510_0 .net "d_halt", 0 0, L_000001b0d23c4f50;  1 drivers
v000001b0d235e610_0 .net "d_icode", 3 0, L_000001b0d23bb5b0;  1 drivers
v000001b0d235f0b0_0 .net "d_ifun", 3 0, L_000001b0d23bcaf0;  1 drivers
v000001b0d235f790_0 .net "d_jflg", 0 0, L_000001b0d23c3650;  1 drivers
v000001b0d235ec50_0 .net "d_jpc", 31 0, L_000001b0d23c4cd0;  1 drivers
v000001b0d235f830_0 .net "d_rA", 3 0, L_000001b0d23bba10;  1 drivers
v000001b0d235f8d0_0 .net "d_rB", 3 0, L_000001b0d23bc190;  1 drivers
v000001b0d235f290_0 .net "d_valA", 31 0, L_000001b0d23bc5f0;  1 drivers
v000001b0d235ed90_0 .net "d_valA_reg", 31 0, L_000001b0d23bb010;  1 drivers
v000001b0d235fa10_0 .net "d_valB", 31 0, L_000001b0d23bb510;  1 drivers
v000001b0d235ee30_0 .net "d_valB_reg", 31 0, L_000001b0d23b9c10;  1 drivers
v000001b0d235fab0_0 .net "d_valC", 15 0, L_000001b0d23bc050;  1 drivers
v000001b0d235e6b0_0 .net "e_OF", 0 0, L_000001b0d23c47d0;  1 drivers
v000001b0d235e890_0 .net "e_SF", 0 0, L_000001b0d23c4c30;  1 drivers
v000001b0d235c090_0 .net "e_ZF", 0 0, L_000001b0d23c3dd0;  1 drivers
v000001b0d235c8b0_0 .net "e_alufun", 3 0, L_000001b0d23c5310;  1 drivers
v000001b0d235c810_0 .net "e_dstE", 3 0, v000001b0d2353770_0;  1 drivers
v000001b0d235bcd0_0 .net "e_halt", 0 0, L_000001b0d23c2080;  1 drivers
v000001b0d235cef0_0 .var "e_reg_rst", 0 0;
v000001b0d235d2b0_0 .net "e_valA", 31 0, v000001b0d2355a70_0;  1 drivers
v000001b0d235cf90_0 .net "e_valB", 31 0, v000001b0d23566f0_0;  1 drivers
v000001b0d235c3b0_0 .net "e_valE", 31 0, L_000001b0d23b9f30;  1 drivers
v000001b0d235dad0_0 .net "f_addr", 31 0, L_000001b0d23bbe70;  1 drivers
v000001b0d235df30_0 .net "f_rd", 0 0, L_000001b0d23bbf10;  1 drivers
v000001b0d235e430_0 .net "f_rdata", 31 0, v000001b0d234fce0_0;  1 drivers
v000001b0d235c950_0 .net "r0", 31 0, v000001b0d2354cb0_0;  alias, 1 drivers
v000001b0d235c4f0_0 .net "r1", 31 0, v000001b0d23554d0_0;  alias, 1 drivers
v000001b0d235c9f0_0 .net "r2", 31 0, v000001b0d2354ad0_0;  alias, 1 drivers
v000001b0d235c1d0_0 .net "r3", 31 0, v000001b0d2354210_0;  alias, 1 drivers
v000001b0d235bff0_0 .net "r4", 31 0, v000001b0d2354e90_0;  alias, 1 drivers
v000001b0d235e2f0_0 .net "r5", 31 0, v000001b0d2354b70_0;  alias, 1 drivers
v000001b0d235d530_0 .net "r6", 31 0, v000001b0d23531d0_0;  alias, 1 drivers
v000001b0d235dfd0_0 .net "r7", 31 0, v000001b0d23534f0_0;  alias, 1 drivers
v000001b0d235e070_0 .net "rID", 3 0, v000001b0d235d710_0;  1 drivers
v000001b0d235dd50_0 .net "rdata", 31 0, L_000001b0d23c3d30;  alias, 1 drivers
v000001b0d235bd70_0 .net "valE", 31 0, L_000001b0d23c2630;  alias, 1 drivers
v000001b0d235cc70_0 .net "w_dstE", 3 0, L_000001b0d23c2cc0;  1 drivers
v000001b0d235d8f0_0 .net "w_dstM", 3 0, v000001b0d2356e70_0;  1 drivers
v000001b0d235e110_0 .net "w_valE", 31 0, L_000001b0d23c1910;  1 drivers
v000001b0d235d5d0_0 .net "w_valM", 31 0, v000001b0d2356c90_0;  1 drivers
v000001b0d235cd10_0 .net "wdata", 31 0, v000001b0d235d490_0;  1 drivers
v000001b0d235d990_0 .net "working", 0 0, v000001b0d235e390_0;  1 drivers
v000001b0d235be10_0 .net "wr", 0 0, v000001b0d235d0d0_0;  1 drivers
L_000001b0d23bbe70 .functor MUXZ 32, v000001b0d235da30_0, v000001b0d23559d0_0, v000001b0d235e390_0, C4<>;
L_000001b0d23bb650 .functor MUXZ 2, L_000001b0d2361f28, L_000001b0d2361ee0, v000001b0d235e390_0, C4<>;
L_000001b0d23bbf10 .part L_000001b0d23bb650, 0, 1;
L_000001b0d23bb5b0 .part L_000001b0d23bc370, 4, 4;
L_000001b0d23bcaf0 .part L_000001b0d23bc370, 0, 4;
L_000001b0d23bbbf0 .part L_000001b0d22c94e0, 24, 8;
L_000001b0d23bc370 .functor MUXZ 8, L_000001b0d23bbbf0, L_000001b0d2361f70, v000001b0d2355610_0, C4<>;
L_000001b0d23bba10 .part L_000001b0d23bc230, 4, 4;
L_000001b0d23bc190 .part L_000001b0d23bc230, 0, 4;
L_000001b0d23bc7d0 .part L_000001b0d22c94e0, 16, 8;
L_000001b0d23bc230 .functor MUXZ 8, L_000001b0d23bc7d0, L_000001b0d2361fb8, v000001b0d2355610_0, C4<>;
L_000001b0d23bc050 .part L_000001b0d22c94e0, 0, 16;
L_000001b0d23bc910 .cmp/eq 4, v000001b0d2353770_0, L_000001b0d23bba10;
L_000001b0d23bc410 .cmp/eq 4, v000001b0d23563d0_0, L_000001b0d23bba10;
L_000001b0d23bc4b0 .cmp/eq 4, L_000001b0d23c2cc0, L_000001b0d23bba10;
L_000001b0d23bc550 .cmp/eq 4, v000001b0d2356e70_0, L_000001b0d23bba10;
L_000001b0d23bb970 .functor MUXZ 32, L_000001b0d23bb010, v000001b0d2356c90_0, L_000001b0d23bc550, C4<>;
L_000001b0d23bc690 .functor MUXZ 32, L_000001b0d23bb970, L_000001b0d23c1910, L_000001b0d23bc4b0, C4<>;
L_000001b0d23bb830 .functor MUXZ 32, L_000001b0d23bc690, v000001b0d2355ed0_0, L_000001b0d23bc410, C4<>;
L_000001b0d23bc5f0 .functor MUXZ 32, L_000001b0d23bb830, L_000001b0d23b9f30, L_000001b0d23bc910, C4<>;
L_000001b0d23bbab0 .cmp/eq 4, v000001b0d2353770_0, L_000001b0d23bc190;
L_000001b0d23bc730 .cmp/eq 4, v000001b0d23563d0_0, L_000001b0d23bc190;
L_000001b0d23bc870 .cmp/eq 4, L_000001b0d23c2cc0, L_000001b0d23bc190;
L_000001b0d23bc9b0 .cmp/eq 4, v000001b0d2356e70_0, L_000001b0d23bc190;
L_000001b0d23bca50 .functor MUXZ 32, L_000001b0d23b9c10, v000001b0d2356c90_0, L_000001b0d23bc9b0, C4<>;
L_000001b0d23bbb50 .functor MUXZ 32, L_000001b0d23bca50, L_000001b0d23c1910, L_000001b0d23bc870, C4<>;
L_000001b0d23bcb90 .functor MUXZ 32, L_000001b0d23bbb50, v000001b0d2355ed0_0, L_000001b0d23bc730, C4<>;
L_000001b0d23bb510 .functor MUXZ 32, L_000001b0d23bcb90, L_000001b0d23b9f30, L_000001b0d23bbab0, C4<>;
L_000001b0d23bb6f0 .concat [ 4 4 0 0], L_000001b0d23bcaf0, L_000001b0d23bb5b0;
L_000001b0d23bb790 .cmp/eq 8, L_000001b0d23bb6f0, L_000001b0d2362000;
L_000001b0d23c36f0 .functor MUXZ 2, L_000001b0d2362090, L_000001b0d2362048, L_000001b0d23bb790, C4<>;
L_000001b0d23c4f50 .part L_000001b0d23c36f0, 0, 1;
L_000001b0d23c53b0 .concat [ 4 4 0 0], L_000001b0d23bcaf0, L_000001b0d23bb5b0;
L_000001b0d23c3290 .cmp/eq 8, L_000001b0d23c53b0, L_000001b0d23620d8;
L_000001b0d23c4870 .concat [ 4 4 0 0], L_000001b0d23bcaf0, L_000001b0d23bb5b0;
L_000001b0d23c49b0 .cmp/eq 8, L_000001b0d23c4870, L_000001b0d2362168;
L_000001b0d23c3f10 .concat [ 4 4 0 0], L_000001b0d23bcaf0, L_000001b0d23bb5b0;
L_000001b0d23c4eb0 .cmp/eq 8, L_000001b0d23c3f10, L_000001b0d23621f8;
L_000001b0d23c56d0 .concat [ 4 4 0 0], L_000001b0d23bcaf0, L_000001b0d23bb5b0;
L_000001b0d23c5130 .cmp/eq 8, L_000001b0d23c56d0, L_000001b0d2362288;
L_000001b0d23c4410 .concat [ 4 4 0 0], L_000001b0d23bcaf0, L_000001b0d23bb5b0;
L_000001b0d23c3fb0 .cmp/eq 8, L_000001b0d23c4410, L_000001b0d2362318;
L_000001b0d23c4af0 .concat [ 4 4 0 0], L_000001b0d23bcaf0, L_000001b0d23bb5b0;
L_000001b0d23c51d0 .cmp/eq 8, L_000001b0d23c4af0, L_000001b0d23623a8;
L_000001b0d23c4050 .concat [ 4 4 0 0], L_000001b0d23bcaf0, L_000001b0d23bb5b0;
L_000001b0d23c3790 .cmp/eq 8, L_000001b0d23c4050, L_000001b0d2362438;
L_000001b0d23c40f0 .functor MUXZ 2, L_000001b0d23624c8, L_000001b0d2362480, L_000001b0d23c2b00, C4<>;
L_000001b0d23c4190 .functor MUXZ 2, L_000001b0d23c40f0, L_000001b0d23623f0, L_000001b0d23c2a90, C4<>;
L_000001b0d23c3bf0 .functor MUXZ 2, L_000001b0d23c4190, L_000001b0d2362360, L_000001b0d23c2240, C4<>;
L_000001b0d23c4550 .functor MUXZ 2, L_000001b0d23c3bf0, L_000001b0d23622d0, L_000001b0d23c2320, C4<>;
L_000001b0d23c3c90 .functor MUXZ 2, L_000001b0d23c4550, L_000001b0d2362240, L_000001b0d23c1360, C4<>;
L_000001b0d23c5810 .functor MUXZ 2, L_000001b0d23c3c90, L_000001b0d23621b0, L_000001b0d23c29b0, C4<>;
L_000001b0d23c4230 .functor MUXZ 2, L_000001b0d23c5810, L_000001b0d2362120, L_000001b0d23c2550, C4<>;
L_000001b0d23c3650 .part L_000001b0d23c4230, 0, 1;
L_000001b0d23c4cd0 .concat [ 16 4 4 8], L_000001b0d23bc050, L_000001b0d23bc190, L_000001b0d23bba10, L_000001b0d2362510;
L_000001b0d23c54f0 .concat [ 4 4 0 0], v000001b0d2355570_0, v000001b0d2355250_0;
L_000001b0d23c4b90 .cmp/eq 8, L_000001b0d23c54f0, L_000001b0d2362558;
L_000001b0d23c42d0 .concat [ 4 4 0 0], v000001b0d2355570_0, v000001b0d2355250_0;
L_000001b0d23c5450 .cmp/eq 8, L_000001b0d23c42d0, L_000001b0d23625e8;
L_000001b0d23c4e10 .concat [ 4 4 0 0], v000001b0d2355570_0, v000001b0d2355250_0;
L_000001b0d23c5090 .cmp/eq 8, L_000001b0d23c4e10, L_000001b0d2362678;
L_000001b0d23c5590 .concat [ 4 4 0 0], v000001b0d2355570_0, v000001b0d2355250_0;
L_000001b0d23c3a10 .cmp/eq 8, L_000001b0d23c5590, L_000001b0d2362708;
L_000001b0d23c4a50 .functor MUXZ 4, o000001b0d22f6f48, L_000001b0d2362750, L_000001b0d23c3a10, C4<>;
L_000001b0d23c58b0 .functor MUXZ 4, L_000001b0d23c4a50, L_000001b0d23626c0, L_000001b0d23c5090, C4<>;
L_000001b0d23c5270 .functor MUXZ 4, L_000001b0d23c58b0, L_000001b0d2362630, L_000001b0d23c5450, C4<>;
L_000001b0d23c5310 .functor MUXZ 4, L_000001b0d23c5270, L_000001b0d23625a0, L_000001b0d23c4b90, C4<>;
L_000001b0d23c3dd0 .part L_000001b0d23ba610, 2, 1;
L_000001b0d23c4c30 .part L_000001b0d23ba610, 1, 1;
L_000001b0d23c47d0 .part L_000001b0d23ba610, 0, 1;
L_000001b0d23c4ff0 .concat [ 4 28 0 0], v000001b0d235d710_0, L_000001b0d2362798;
L_000001b0d23c3e70 .cmp/eq 32, L_000001b0d23c4ff0, L_000001b0d23627e0;
L_000001b0d23c5630 .concat [ 4 28 0 0], v000001b0d235d710_0, L_000001b0d2362828;
L_000001b0d23c4370 .cmp/eq 32, L_000001b0d23c5630, L_000001b0d2362870;
L_000001b0d23c44b0 .concat [ 4 28 0 0], v000001b0d235d710_0, L_000001b0d23628b8;
L_000001b0d23c45f0 .cmp/eq 32, L_000001b0d23c44b0, L_000001b0d2362900;
L_000001b0d23c5770 .concat [ 4 28 0 0], v000001b0d235d710_0, L_000001b0d2362948;
L_000001b0d23c3150 .cmp/eq 32, L_000001b0d23c5770, L_000001b0d2362990;
L_000001b0d23c3ab0 .concat [ 4 28 0 0], v000001b0d235d710_0, L_000001b0d23629d8;
L_000001b0d23c31f0 .cmp/eq 32, L_000001b0d23c3ab0, L_000001b0d2362a20;
L_000001b0d23c3330 .concat [ 4 28 0 0], v000001b0d235d710_0, L_000001b0d2362a68;
L_000001b0d23c33d0 .cmp/eq 32, L_000001b0d23c3330, L_000001b0d2362ab0;
L_000001b0d23c3470 .concat [ 4 28 0 0], v000001b0d235d710_0, L_000001b0d2362af8;
L_000001b0d23c3510 .cmp/eq 32, L_000001b0d23c3470, L_000001b0d2362b40;
L_000001b0d23c4910 .concat [ 4 28 0 0], v000001b0d235d710_0, L_000001b0d2362b88;
L_000001b0d23c4690 .cmp/eq 32, L_000001b0d23c4910, L_000001b0d2362bd0;
L_000001b0d23c35b0 .functor MUXZ 32, o000001b0d22f7608, v000001b0d23534f0_0, L_000001b0d23c4690, C4<>;
L_000001b0d23c4d70 .functor MUXZ 32, L_000001b0d23c35b0, v000001b0d23531d0_0, L_000001b0d23c3510, C4<>;
L_000001b0d23c4730 .functor MUXZ 32, L_000001b0d23c4d70, v000001b0d2354b70_0, L_000001b0d23c33d0, C4<>;
L_000001b0d23c3830 .functor MUXZ 32, L_000001b0d23c4730, v000001b0d2354e90_0, L_000001b0d23c31f0, C4<>;
L_000001b0d23c38d0 .functor MUXZ 32, L_000001b0d23c3830, v000001b0d2354210_0, L_000001b0d23c3150, C4<>;
L_000001b0d23c3970 .functor MUXZ 32, L_000001b0d23c38d0, v000001b0d2354ad0_0, L_000001b0d23c45f0, C4<>;
L_000001b0d23c3b50 .functor MUXZ 32, L_000001b0d23c3970, v000001b0d23554d0_0, L_000001b0d23c4370, C4<>;
L_000001b0d23c3d30 .functor MUXZ 32, L_000001b0d23c3b50, v000001b0d2354cb0_0, L_000001b0d23c3e70, C4<>;
S_000001b0d22536e0 .scope module, "alu" "alu" 2 78, 3 2 0, S_000001b0d2253550;
 .timescale -9 -11;
    .port_info 0 /INPUT 32 "aluA";
    .port_info 1 /INPUT 32 "aluB";
    .port_info 2 /INPUT 4 "alufun";
    .port_info 3 /OUTPUT 32 "valE";
    .port_info 4 /OUTPUT 3 "cc";
L_000001b0d22c9fd0 .functor BUFZ 32, v000001b0d2355a70_0, C4<00000000000000000000000000000000>, C4<00000000000000000000000000000000>, C4<00000000000000000000000000000000>;
L_000001b0d22c9320 .functor BUFZ 32, v000001b0d23566f0_0, C4<00000000000000000000000000000000>, C4<00000000000000000000000000000000>, C4<00000000000000000000000000000000>;
L_000001b0d22c9630 .functor BUFZ 32, L_000001b0d23b9f30, C4<00000000000000000000000000000000>, C4<00000000000000000000000000000000>, C4<00000000000000000000000000000000>;
L_000001b0d22c9390 .functor AND 32, v000001b0d2355a70_0, v000001b0d23566f0_0, C4<11111111111111111111111111111111>, C4<11111111111111111111111111111111>;
L_000001b0d22c98d0 .functor NOT 32, v000001b0d2355a70_0, C4<00000000000000000000000000000000>, C4<00000000000000000000000000000000>, C4<00000000000000000000000000000000>;
L_000001b0d22c9940 .functor AND 32, L_000001b0d22c98d0, v000001b0d23566f0_0, C4<11111111111111111111111111111111>, C4<11111111111111111111111111111111>;
L_000001b0d22c9d30 .functor NOT 32, v000001b0d23566f0_0, C4<00000000000000000000000000000000>, C4<00000000000000000000000000000000>, C4<00000000000000000000000000000000>;
L_000001b0d22c9a90 .functor AND 32, v000001b0d2355a70_0, L_000001b0d22c9d30, C4<11111111111111111111111111111111>, C4<11111111111111111111111111111111>;
L_000001b0d22c9c50 .functor OR 32, L_000001b0d22c9940, L_000001b0d22c9a90, C4<00000000000000000000000000000000>, C4<00000000000000000000000000000000>;
L_000001b0d22c91d0 .functor AND 1, L_000001b0d23b9530, L_000001b0d23bb470, C4<1>, C4<1>;
L_000001b0d22c9e80 .functor AND 1, L_000001b0d22c91d0, L_000001b0d23b8f90, C4<1>, C4<1>;
L_000001b0d22c9f60 .functor AND 1, L_000001b0d23b9030, L_000001b0d23b90d0, C4<1>, C4<1>;
L_000001b0d22c99b0 .functor AND 1, L_000001b0d22c9f60, L_000001b0d23b92b0, C4<1>, C4<1>;
L_000001b0d22c9b00 .functor OR 1, L_000001b0d22c9e80, L_000001b0d22c99b0, C4<0>, C4<0>;
L_000001b0d22c9be0 .functor AND 1, L_000001b0d23b95d0, L_000001b0d23b9670, C4<1>, C4<1>;
L_000001b0d22c9e10 .functor AND 1, L_000001b0d22c9be0, L_000001b0d23b9710, C4<1>, C4<1>;
L_000001b0d22c9400 .functor AND 1, L_000001b0d23bb8d0, L_000001b0d23bbc90, C4<1>, C4<1>;
L_000001b0d22c9160 .functor AND 1, L_000001b0d22c9400, L_000001b0d23bbd30, C4<1>, C4<1>;
L_000001b0d22c9240 .functor OR 1, L_000001b0d22c9e10, L_000001b0d22c9160, C4<0>, C4<0>;
v000001b0d22c2a30_0 .net/s "A", 31 0, L_000001b0d22c9fd0;  1 drivers
v000001b0d22c1f90_0 .net/s "B", 31 0, L_000001b0d22c9320;  1 drivers
v000001b0d22c2030_0 .net/s "E", 31 0, L_000001b0d22c9630;  1 drivers
v000001b0d22c1130_0 .net "OF", 0 0, L_000001b0d23bbdd0;  1 drivers
v000001b0d22c1c70_0 .net "SF", 0 0, L_000001b0d23b98f0;  1 drivers
v000001b0d22c25d0_0 .net "ZF", 0 0, L_000001b0d23bb0b0;  1 drivers
L_000001b0d2361a60 .functor BUFT 1, C4<00000000000000000000000000000000>, C4<0>, C4<0>, C4<0>;
v000001b0d22c2530_0 .net/2s *"_ivl_100", 31 0, L_000001b0d2361a60;  1 drivers
v000001b0d22c2990_0 .net *"_ivl_102", 0 0, L_000001b0d23b9530;  1 drivers
L_000001b0d2361aa8 .functor BUFT 1, C4<00000000000000000000000000000000>, C4<0>, C4<0>, C4<0>;
v000001b0d22c2670_0 .net/2s *"_ivl_104", 31 0, L_000001b0d2361aa8;  1 drivers
v000001b0d22c1810_0 .net *"_ivl_106", 0 0, L_000001b0d23bb470;  1 drivers
v000001b0d22c1950_0 .net *"_ivl_109", 0 0, L_000001b0d22c91d0;  1 drivers
L_000001b0d2361598 .functor BUFT 1, C4<0000000000000000000000000000>, C4<0>, C4<0>, C4<0>;
v000001b0d22c1db0_0 .net *"_ivl_11", 27 0, L_000001b0d2361598;  1 drivers
L_000001b0d2361af0 .functor BUFT 1, C4<00000000000000000000000000000000>, C4<0>, C4<0>, C4<0>;
v000001b0d22c19f0_0 .net/2s *"_ivl_110", 31 0, L_000001b0d2361af0;  1 drivers
v000001b0d22c1e50_0 .net *"_ivl_112", 0 0, L_000001b0d23b8f90;  1 drivers
v000001b0d22c2c10_0 .net *"_ivl_115", 0 0, L_000001b0d22c9e80;  1 drivers
L_000001b0d2361b38 .functor BUFT 1, C4<00000000000000000000000000000000>, C4<0>, C4<0>, C4<0>;
v000001b0d22c1ef0_0 .net/2s *"_ivl_116", 31 0, L_000001b0d2361b38;  1 drivers
v000001b0d22c1270_0 .net *"_ivl_118", 0 0, L_000001b0d23b9030;  1 drivers
L_000001b0d23615e0 .functor BUFT 1, C4<00000000000000000000000000000000>, C4<0>, C4<0>, C4<0>;
v000001b0d22c11d0_0 .net/2u *"_ivl_12", 31 0, L_000001b0d23615e0;  1 drivers
L_000001b0d2361b80 .functor BUFT 1, C4<00000000000000000000000000000000>, C4<0>, C4<0>, C4<0>;
v000001b0d22c20d0_0 .net/2s *"_ivl_120", 31 0, L_000001b0d2361b80;  1 drivers
v000001b0d22c2d50_0 .net *"_ivl_122", 0 0, L_000001b0d23b90d0;  1 drivers
v000001b0d22c2710_0 .net *"_ivl_125", 0 0, L_000001b0d22c9f60;  1 drivers
L_000001b0d2361bc8 .functor BUFT 1, C4<00000000000000000000000000000000>, C4<0>, C4<0>, C4<0>;
v000001b0d22c13b0_0 .net/2s *"_ivl_126", 31 0, L_000001b0d2361bc8;  1 drivers
v000001b0d22c2ad0_0 .net *"_ivl_128", 0 0, L_000001b0d23b92b0;  1 drivers
v000001b0d22c2fd0_0 .net *"_ivl_131", 0 0, L_000001b0d22c99b0;  1 drivers
v000001b0d22c1310_0 .net *"_ivl_133", 0 0, L_000001b0d22c9b00;  1 drivers
L_000001b0d2361c10 .functor BUFT 1, C4<01>, C4<0>, C4<0>, C4<0>;
v000001b0d22c1590_0 .net/2s *"_ivl_134", 1 0, L_000001b0d2361c10;  1 drivers
L_000001b0d2361c58 .functor BUFT 1, C4<00>, C4<0>, C4<0>, C4<0>;
v000001b0d22b8c30_0 .net/2s *"_ivl_136", 1 0, L_000001b0d2361c58;  1 drivers
v000001b0d22b94f0_0 .net *"_ivl_138", 1 0, L_000001b0d23b9350;  1 drivers
v000001b0d22b84b0_0 .net *"_ivl_14", 0 0, L_000001b0d23bb290;  1 drivers
L_000001b0d2361ca0 .functor BUFT 1, C4<00000000000000000000000000000000>, C4<0>, C4<0>, C4<0>;
v000001b0d22b9db0_0 .net/2s *"_ivl_140", 31 0, L_000001b0d2361ca0;  1 drivers
v000001b0d22b8d70_0 .net *"_ivl_142", 0 0, L_000001b0d23b95d0;  1 drivers
L_000001b0d2361ce8 .functor BUFT 1, C4<00000000000000000000000000000000>, C4<0>, C4<0>, C4<0>;
v000001b0d22b9590_0 .net/2s *"_ivl_144", 31 0, L_000001b0d2361ce8;  1 drivers
v000001b0d22b9810_0 .net *"_ivl_146", 0 0, L_000001b0d23b9670;  1 drivers
v000001b0d22b9f90_0 .net *"_ivl_149", 0 0, L_000001b0d22c9be0;  1 drivers
L_000001b0d2361d30 .functor BUFT 1, C4<00000000000000000000000000000000>, C4<0>, C4<0>, C4<0>;
v000001b0d22b8550_0 .net/2s *"_ivl_150", 31 0, L_000001b0d2361d30;  1 drivers
v000001b0d22b85f0_0 .net *"_ivl_152", 0 0, L_000001b0d23b9710;  1 drivers
v000001b0d22b8730_0 .net *"_ivl_155", 0 0, L_000001b0d22c9e10;  1 drivers
L_000001b0d2361d78 .functor BUFT 1, C4<00000000000000000000000000000000>, C4<0>, C4<0>, C4<0>;
v000001b0d2295050_0 .net/2s *"_ivl_156", 31 0, L_000001b0d2361d78;  1 drivers
v000001b0d2295690_0 .net *"_ivl_158", 0 0, L_000001b0d23bb8d0;  1 drivers
v000001b0d22957d0_0 .net *"_ivl_16", 31 0, L_000001b0d23ba750;  1 drivers
L_000001b0d2361dc0 .functor BUFT 1, C4<00000000000000000000000000000000>, C4<0>, C4<0>, C4<0>;
v000001b0d2295a50_0 .net/2s *"_ivl_160", 31 0, L_000001b0d2361dc0;  1 drivers
v000001b0d2295af0_0 .net *"_ivl_162", 0 0, L_000001b0d23bbc90;  1 drivers
v000001b0d2295c30_0 .net *"_ivl_165", 0 0, L_000001b0d22c9400;  1 drivers
L_000001b0d2361e08 .functor BUFT 1, C4<00000000000000000000000000000000>, C4<0>, C4<0>, C4<0>;
v000001b0d2295eb0_0 .net/2s *"_ivl_166", 31 0, L_000001b0d2361e08;  1 drivers
v000001b0d2295cd0_0 .net *"_ivl_168", 0 0, L_000001b0d23bbd30;  1 drivers
v000001b0d22a82b0_0 .net *"_ivl_171", 0 0, L_000001b0d22c9160;  1 drivers
v000001b0d22a91b0_0 .net *"_ivl_173", 0 0, L_000001b0d22c9240;  1 drivers
L_000001b0d2361e50 .functor BUFT 1, C4<01>, C4<0>, C4<0>, C4<0>;
v000001b0d22a8d50_0 .net/2s *"_ivl_174", 1 0, L_000001b0d2361e50;  1 drivers
L_000001b0d2361e98 .functor BUFT 1, C4<00>, C4<0>, C4<0>, C4<0>;
v000001b0d223adf0_0 .net/2s *"_ivl_176", 1 0, L_000001b0d2361e98;  1 drivers
v000001b0d2239090_0 .net *"_ivl_178", 1 0, L_000001b0d23bbfb0;  1 drivers
v000001b0d2273d40_0 .net *"_ivl_18", 31 0, L_000001b0d23b9e90;  1 drivers
v000001b0d2272da0_0 .net *"_ivl_180", 1 0, L_000001b0d23bc0f0;  1 drivers
L_000001b0d2361628 .functor BUFT 1, C4<0000000000000000000000000000>, C4<0>, C4<0>, C4<0>;
v000001b0d234f1a0_0 .net *"_ivl_21", 27 0, L_000001b0d2361628;  1 drivers
L_000001b0d2361670 .functor BUFT 1, C4<00000000000000000000000000000001>, C4<0>, C4<0>, C4<0>;
v000001b0d234fec0_0 .net/2u *"_ivl_22", 31 0, L_000001b0d2361670;  1 drivers
v000001b0d2350320_0 .net *"_ivl_24", 0 0, L_000001b0d23ba7f0;  1 drivers
v000001b0d2350960_0 .net *"_ivl_26", 31 0, L_000001b0d23b8ef0;  1 drivers
v000001b0d2350140_0 .net *"_ivl_28", 31 0, L_000001b0d23b9d50;  1 drivers
L_000001b0d23616b8 .functor BUFT 1, C4<0000000000000000000000000000>, C4<0>, C4<0>, C4<0>;
v000001b0d234f7e0_0 .net *"_ivl_31", 27 0, L_000001b0d23616b8;  1 drivers
L_000001b0d2361700 .functor BUFT 1, C4<00000000000000000000000000000010>, C4<0>, C4<0>, C4<0>;
v000001b0d2350000_0 .net/2u *"_ivl_32", 31 0, L_000001b0d2361700;  1 drivers
v000001b0d234f380_0 .net *"_ivl_34", 0 0, L_000001b0d23ba9d0;  1 drivers
v000001b0d2350e60_0 .net *"_ivl_36", 31 0, L_000001b0d22c9390;  1 drivers
v000001b0d234f6a0_0 .net *"_ivl_38", 31 0, L_000001b0d23baa70;  1 drivers
L_000001b0d2361748 .functor BUFT 1, C4<0000000000000000000000000000>, C4<0>, C4<0>, C4<0>;
v000001b0d2350f00_0 .net *"_ivl_41", 27 0, L_000001b0d2361748;  1 drivers
L_000001b0d2361790 .functor BUFT 1, C4<00000000000000000000000000000011>, C4<0>, C4<0>, C4<0>;
v000001b0d234f420_0 .net/2u *"_ivl_42", 31 0, L_000001b0d2361790;  1 drivers
v000001b0d234ff60_0 .net *"_ivl_44", 0 0, L_000001b0d23bab10;  1 drivers
v000001b0d2350d20_0 .net *"_ivl_46", 31 0, L_000001b0d22c98d0;  1 drivers
v000001b0d2350aa0_0 .net *"_ivl_48", 31 0, L_000001b0d22c9940;  1 drivers
v000001b0d234f880_0 .net *"_ivl_50", 31 0, L_000001b0d22c9d30;  1 drivers
v000001b0d23500a0_0 .net *"_ivl_52", 31 0, L_000001b0d22c9a90;  1 drivers
v000001b0d234f240_0 .net *"_ivl_54", 31 0, L_000001b0d22c9c50;  1 drivers
o000001b0d22f3ee8 .functor BUFZ 32, C4<zzzzzzzzzzzzzzzzzzzzzzzzzzzzzzzz>; HiZ drive
; Elide local net with no drivers, v000001b0d234f060_0 name=_ivl_56
v000001b0d2350280_0 .net *"_ivl_58", 31 0, L_000001b0d23babb0;  1 drivers
v000001b0d23501e0_0 .net *"_ivl_60", 31 0, L_000001b0d23bac50;  1 drivers
v000001b0d23503c0_0 .net *"_ivl_62", 31 0, L_000001b0d23bae30;  1 drivers
L_000001b0d23617d8 .functor BUFT 1, C4<00000000000000000000000000000000>, C4<0>, C4<0>, C4<0>;
v000001b0d2350780_0 .net/2u *"_ivl_66", 31 0, L_000001b0d23617d8;  1 drivers
v000001b0d2350a00_0 .net *"_ivl_68", 0 0, L_000001b0d23baf70;  1 drivers
L_000001b0d2361820 .functor BUFT 1, C4<1>, C4<0>, C4<0>, C4<0>;
v000001b0d2350500_0 .net/2u *"_ivl_70", 0 0, L_000001b0d2361820;  1 drivers
L_000001b0d2361868 .functor BUFT 1, C4<0>, C4<0>, C4<0>, C4<0>;
v000001b0d234f740_0 .net/2u *"_ivl_72", 0 0, L_000001b0d2361868;  1 drivers
v000001b0d2350b40_0 .net *"_ivl_77", 0 0, L_000001b0d23bb150;  1 drivers
v000001b0d2350460_0 .net *"_ivl_78", 31 0, L_000001b0d23bb3d0;  1 drivers
v000001b0d23505a0_0 .net *"_ivl_8", 31 0, L_000001b0d23ba390;  1 drivers
L_000001b0d23618b0 .functor BUFT 1, C4<0000000000000000000000000000000>, C4<0>, C4<0>, C4<0>;
v000001b0d234fd80_0 .net *"_ivl_81", 30 0, L_000001b0d23618b0;  1 drivers
L_000001b0d23618f8 .functor BUFT 1, C4<00000000000000000000000000000001>, C4<0>, C4<0>, C4<0>;
v000001b0d234f2e0_0 .net/2u *"_ivl_82", 31 0, L_000001b0d23618f8;  1 drivers
v000001b0d234f100_0 .net *"_ivl_84", 0 0, L_000001b0d23bb1f0;  1 drivers
L_000001b0d2361940 .functor BUFT 1, C4<1>, C4<0>, C4<0>, C4<0>;
v000001b0d23506e0_0 .net/2u *"_ivl_86", 0 0, L_000001b0d2361940;  1 drivers
L_000001b0d2361988 .functor BUFT 1, C4<0>, C4<0>, C4<0>, C4<0>;
v000001b0d234f9c0_0 .net/2u *"_ivl_88", 0 0, L_000001b0d2361988;  1 drivers
v000001b0d234fe20_0 .net *"_ivl_92", 31 0, L_000001b0d23b8d10;  1 drivers
L_000001b0d23619d0 .functor BUFT 1, C4<0000000000000000000000000000>, C4<0>, C4<0>, C4<0>;
v000001b0d234f4c0_0 .net *"_ivl_95", 27 0, L_000001b0d23619d0;  1 drivers
L_000001b0d2361a18 .functor BUFT 1, C4<00000000000000000000000000000001>, C4<0>, C4<0>, C4<0>;
v000001b0d234f560_0 .net/2u *"_ivl_96", 31 0, L_000001b0d2361a18;  1 drivers
v000001b0d234fb00_0 .net *"_ivl_98", 0 0, L_000001b0d23b93f0;  1 drivers
v000001b0d234f600_0 .net "aluA", 31 0, v000001b0d2355a70_0;  alias, 1 drivers
v000001b0d2350640_0 .net "aluB", 31 0, v000001b0d23566f0_0;  alias, 1 drivers
v000001b0d2350820_0 .net "alufun", 3 0, L_000001b0d23c5310;  alias, 1 drivers
v000001b0d234f920_0 .net "cc", 2 0, L_000001b0d23ba610;  alias, 1 drivers
v000001b0d234fba0_0 .net "valE", 31 0, L_000001b0d23b9f30;  alias, 1 drivers
L_000001b0d23ba610 .concat [ 1 1 1 0], L_000001b0d23bbdd0, L_000001b0d23b98f0, L_000001b0d23bb0b0;
L_000001b0d23ba390 .concat [ 4 28 0 0], L_000001b0d23c5310, L_000001b0d2361598;
L_000001b0d23bb290 .cmp/eq 32, L_000001b0d23ba390, L_000001b0d23615e0;
L_000001b0d23ba750 .arith/sum 32, v000001b0d2355a70_0, v000001b0d23566f0_0;
L_000001b0d23b9e90 .concat [ 4 28 0 0], L_000001b0d23c5310, L_000001b0d2361628;
L_000001b0d23ba7f0 .cmp/eq 32, L_000001b0d23b9e90, L_000001b0d2361670;
L_000001b0d23b8ef0 .arith/sub 32, v000001b0d2355a70_0, v000001b0d23566f0_0;
L_000001b0d23b9d50 .concat [ 4 28 0 0], L_000001b0d23c5310, L_000001b0d23616b8;
L_000001b0d23ba9d0 .cmp/eq 32, L_000001b0d23b9d50, L_000001b0d2361700;
L_000001b0d23baa70 .concat [ 4 28 0 0], L_000001b0d23c5310, L_000001b0d2361748;
L_000001b0d23bab10 .cmp/eq 32, L_000001b0d23baa70, L_000001b0d2361790;
L_000001b0d23babb0 .functor MUXZ 32, o000001b0d22f3ee8, L_000001b0d22c9c50, L_000001b0d23bab10, C4<>;
L_000001b0d23bac50 .functor MUXZ 32, L_000001b0d23babb0, L_000001b0d22c9390, L_000001b0d23ba9d0, C4<>;
L_000001b0d23bae30 .functor MUXZ 32, L_000001b0d23bac50, L_000001b0d23b8ef0, L_000001b0d23ba7f0, C4<>;
L_000001b0d23b9f30 .functor MUXZ 32, L_000001b0d23bae30, L_000001b0d23ba750, L_000001b0d23bb290, C4<>;
L_000001b0d23baf70 .cmp/eq 32, L_000001b0d23b9f30, L_000001b0d23617d8;
L_000001b0d23bb0b0 .functor MUXZ 1, L_000001b0d2361868, L_000001b0d2361820, L_000001b0d23baf70, C4<>;
L_000001b0d23bb150 .part L_000001b0d23b9f30, 31, 1;
L_000001b0d23bb3d0 .concat [ 1 31 0 0], L_000001b0d23bb150, L_000001b0d23618b0;
L_000001b0d23bb1f0 .cmp/eq 32, L_000001b0d23bb3d0, L_000001b0d23618f8;
L_000001b0d23b98f0 .functor MUXZ 1, L_000001b0d2361988, L_000001b0d2361940, L_000001b0d23bb1f0, C4<>;
L_000001b0d23b8d10 .concat [ 4 28 0 0], L_000001b0d23c5310, L_000001b0d23619d0;
L_000001b0d23b93f0 .cmp/eq 32, L_000001b0d23b8d10, L_000001b0d2361a18;
L_000001b0d23b9530 .cmp/gt.s 32, L_000001b0d22c9fd0, L_000001b0d2361a60;
L_000001b0d23bb470 .cmp/gt.s 32, L_000001b0d2361aa8, L_000001b0d22c9320;
L_000001b0d23b8f90 .cmp/ge.s 32, L_000001b0d2361af0, L_000001b0d22c9630;
L_000001b0d23b9030 .cmp/gt.s 32, L_000001b0d2361b38, L_000001b0d22c9fd0;
L_000001b0d23b90d0 .cmp/gt.s 32, L_000001b0d22c9320, L_000001b0d2361b80;
L_000001b0d23b92b0 .cmp/ge.s 32, L_000001b0d22c9630, L_000001b0d2361bc8;
L_000001b0d23b9350 .functor MUXZ 2, L_000001b0d2361c58, L_000001b0d2361c10, L_000001b0d22c9b00, C4<>;
L_000001b0d23b95d0 .cmp/gt.s 32, L_000001b0d2361ca0, L_000001b0d22c9fd0;
L_000001b0d23b9670 .cmp/gt.s 32, L_000001b0d2361ce8, L_000001b0d22c9320;
L_000001b0d23b9710 .cmp/ge.s 32, L_000001b0d22c9630, L_000001b0d2361d30;
L_000001b0d23bb8d0 .cmp/ge.s 32, L_000001b0d22c9fd0, L_000001b0d2361d78;
L_000001b0d23bbc90 .cmp/ge.s 32, L_000001b0d22c9320, L_000001b0d2361dc0;
L_000001b0d23bbd30 .cmp/gt.s 32, L_000001b0d2361e08, L_000001b0d22c9630;
L_000001b0d23bbfb0 .functor MUXZ 2, L_000001b0d2361e98, L_000001b0d2361e50, L_000001b0d22c9240, C4<>;
L_000001b0d23bc0f0 .functor MUXZ 2, L_000001b0d23bbfb0, L_000001b0d23b9350, L_000001b0d23b93f0, C4<>;
L_000001b0d23bbdd0 .part L_000001b0d23bc0f0, 0, 1;
S_000001b0d2253870 .scope module, "ram" "ram" 2 50, 4 3 0, S_000001b0d2253550;
 .timescale -9 -11;
    .port_info 0 /INPUT 1 "clock";
    .port_info 1 /INPUT 32 "addr";
    .port_info 2 /INPUT 1 "wr";
    .port_info 3 /INPUT 32 "wdata";
    .port_info 4 /INPUT 1 "rd";
    .port_info 5 /OUTPUT 32 "rdata";
v000001b0d234fa60_0 .net "addr", 31 0, L_000001b0d23bbe70;  alias, 1 drivers
v000001b0d23508c0_0 .net "clock", 0 0, v000001b0d235c270_0;  alias, 1 drivers
v000001b0d234fc40 .array "ram", 0 255, 31 0;
v000001b0d2350be0_0 .net "rd", 0 0, L_000001b0d23bbf10;  alias, 1 drivers
v000001b0d234fce0_0 .var "rdata", 31 0;
v000001b0d2350c80_0 .net "wdata", 31 0, v000001b0d235d490_0;  alias, 1 drivers
v000001b0d2350dc0_0 .net "wr", 0 0, v000001b0d235d0d0_0;  alias, 1 drivers
E_000001b0d22e53a0 .event posedge, v000001b0d23508c0_0;
S_000001b0d223af10 .scope module, "regfile" "regfile" 2 58, 5 3 0, S_000001b0d2253550;
 .timescale -9 -11;
    .port_info 0 /INPUT 4 "dstE";
    .port_info 1 /INPUT 32 "valE";
    .port_info 2 /INPUT 4 "dstM";
    .port_info 3 /INPUT 32 "valM";
    .port_info 4 /INPUT 4 "rA";
    .port_info 5 /INPUT 4 "rB";
    .port_info 6 /INPUT 1 "reset";
    .port_info 7 /INPUT 1 "clock";
    .port_info 8 /OUTPUT 32 "valA";
    .port_info 9 /OUTPUT 32 "valB";
    .port_info 10 /OUTPUT 32 "r0";
    .port_info 11 /OUTPUT 32 "r1";
    .port_info 12 /OUTPUT 32 "r2";
    .port_info 13 /OUTPUT 32 "r3";
    .port_info 14 /OUTPUT 32 "r4";
    .port_info 15 /OUTPUT 32 "r5";
    .port_info 16 /OUTPUT 32 "r6";
    .port_info 17 /OUTPUT 32 "r7";
v000001b0d2352f10_0 .net *"_ivl_0", 31 0, L_000001b0d235cb30;  1 drivers
L_000001b0d2361238 .functor BUFT 1, C4<0000000000000000000000000000>, C4<0>, C4<0>, C4<0>;
v000001b0d2352e70_0 .net *"_ivl_101", 27 0, L_000001b0d2361238;  1 drivers
L_000001b0d2361280 .functor BUFT 1, C4<00000000000000000000000000000010>, C4<0>, C4<0>, C4<0>;
v000001b0d2352b50_0 .net/2u *"_ivl_102", 31 0, L_000001b0d2361280;  1 drivers
v000001b0d23511b0_0 .net *"_ivl_104", 0 0, L_000001b0d23b8e50;  1 drivers
v000001b0d2351ed0_0 .net *"_ivl_106", 31 0, L_000001b0d23bb330;  1 drivers
L_000001b0d23612c8 .functor BUFT 1, C4<0000000000000000000000000000>, C4<0>, C4<0>, C4<0>;
v000001b0d2351430_0 .net *"_ivl_109", 27 0, L_000001b0d23612c8;  1 drivers
L_000001b0d2360d28 .functor BUFT 1, C4<0000000000000000000000000000>, C4<0>, C4<0>, C4<0>;
v000001b0d23525b0_0 .net *"_ivl_11", 27 0, L_000001b0d2360d28;  1 drivers
L_000001b0d2361310 .functor BUFT 1, C4<00000000000000000000000000000011>, C4<0>, C4<0>, C4<0>;
v000001b0d2351cf0_0 .net/2u *"_ivl_110", 31 0, L_000001b0d2361310;  1 drivers
v000001b0d2352970_0 .net *"_ivl_112", 0 0, L_000001b0d23ba1b0;  1 drivers
v000001b0d2351f70_0 .net *"_ivl_114", 31 0, L_000001b0d23ba110;  1 drivers
L_000001b0d2361358 .functor BUFT 1, C4<0000000000000000000000000000>, C4<0>, C4<0>, C4<0>;
v000001b0d2352bf0_0 .net *"_ivl_117", 27 0, L_000001b0d2361358;  1 drivers
L_000001b0d23613a0 .functor BUFT 1, C4<00000000000000000000000000000100>, C4<0>, C4<0>, C4<0>;
v000001b0d2351750_0 .net/2u *"_ivl_118", 31 0, L_000001b0d23613a0;  1 drivers
L_000001b0d2360d70 .functor BUFT 1, C4<00000000000000000000000000000001>, C4<0>, C4<0>, C4<0>;
v000001b0d2351250_0 .net/2u *"_ivl_12", 31 0, L_000001b0d2360d70;  1 drivers
v000001b0d2351b10_0 .net *"_ivl_120", 0 0, L_000001b0d23ba6b0;  1 drivers
v000001b0d2351610_0 .net *"_ivl_122", 31 0, L_000001b0d23ba570;  1 drivers
L_000001b0d23613e8 .functor BUFT 1, C4<0000000000000000000000000000>, C4<0>, C4<0>, C4<0>;
v000001b0d23526f0_0 .net *"_ivl_125", 27 0, L_000001b0d23613e8;  1 drivers
L_000001b0d2361430 .functor BUFT 1, C4<00000000000000000000000000000101>, C4<0>, C4<0>, C4<0>;
v000001b0d2351a70_0 .net/2u *"_ivl_126", 31 0, L_000001b0d2361430;  1 drivers
v000001b0d2352a10_0 .net *"_ivl_128", 0 0, L_000001b0d23b9490;  1 drivers
v000001b0d2352ab0_0 .net *"_ivl_130", 31 0, L_000001b0d23baed0;  1 drivers
L_000001b0d2361478 .functor BUFT 1, C4<0000000000000000000000000000>, C4<0>, C4<0>, C4<0>;
v000001b0d2351070_0 .net *"_ivl_133", 27 0, L_000001b0d2361478;  1 drivers
L_000001b0d23614c0 .functor BUFT 1, C4<00000000000000000000000000000110>, C4<0>, C4<0>, C4<0>;
v000001b0d2351390_0 .net/2u *"_ivl_134", 31 0, L_000001b0d23614c0;  1 drivers
v000001b0d2352650_0 .net *"_ivl_136", 0 0, L_000001b0d23ba4d0;  1 drivers
v000001b0d2351bb0_0 .net *"_ivl_138", 31 0, L_000001b0d23ba930;  1 drivers
v000001b0d2351d90_0 .net *"_ivl_14", 0 0, L_000001b0d235beb0;  1 drivers
L_000001b0d2361508 .functor BUFT 1, C4<0000000000000000000000000000>, C4<0>, C4<0>, C4<0>;
v000001b0d2352150_0 .net *"_ivl_141", 27 0, L_000001b0d2361508;  1 drivers
L_000001b0d2361550 .functor BUFT 1, C4<00000000000000000000000000000111>, C4<0>, C4<0>, C4<0>;
v000001b0d2351e30_0 .net/2u *"_ivl_142", 31 0, L_000001b0d2361550;  1 drivers
v000001b0d23514d0_0 .net *"_ivl_144", 0 0, L_000001b0d23b9850;  1 drivers
o000001b0d22f4bd8 .functor BUFZ 32, C4<zzzzzzzzzzzzzzzzzzzzzzzzzzzzzzzz>; HiZ drive
; Elide local net with no drivers, v000001b0d23521f0_0 name=_ivl_146
v000001b0d2352c90_0 .net *"_ivl_148", 31 0, L_000001b0d23b9df0;  1 drivers
v000001b0d2352790_0 .net *"_ivl_150", 31 0, L_000001b0d23b97b0;  1 drivers
v000001b0d2352010_0 .net *"_ivl_152", 31 0, L_000001b0d23ba250;  1 drivers
v000001b0d2352dd0_0 .net *"_ivl_154", 31 0, L_000001b0d23b9990;  1 drivers
v000001b0d23523d0_0 .net *"_ivl_156", 31 0, L_000001b0d23ba2f0;  1 drivers
v000001b0d2351110_0 .net *"_ivl_158", 31 0, L_000001b0d23ba430;  1 drivers
v000001b0d2352290_0 .net *"_ivl_16", 31 0, L_000001b0d235bf50;  1 drivers
v000001b0d2352330_0 .net *"_ivl_160", 31 0, L_000001b0d23b9b70;  1 drivers
L_000001b0d2360db8 .functor BUFT 1, C4<0000000000000000000000000000>, C4<0>, C4<0>, C4<0>;
v000001b0d2352830_0 .net *"_ivl_19", 27 0, L_000001b0d2360db8;  1 drivers
L_000001b0d2360e00 .functor BUFT 1, C4<00000000000000000000000000000010>, C4<0>, C4<0>, C4<0>;
v000001b0d23528d0_0 .net/2u *"_ivl_20", 31 0, L_000001b0d2360e00;  1 drivers
v000001b0d2351c50_0 .net *"_ivl_22", 0 0, L_000001b0d235d3f0;  1 drivers
v000001b0d2352470_0 .net *"_ivl_24", 31 0, L_000001b0d235d7b0;  1 drivers
L_000001b0d2360e48 .functor BUFT 1, C4<0000000000000000000000000000>, C4<0>, C4<0>, C4<0>;
v000001b0d2352d30_0 .net *"_ivl_27", 27 0, L_000001b0d2360e48;  1 drivers
L_000001b0d2360e90 .functor BUFT 1, C4<00000000000000000000000000000011>, C4<0>, C4<0>, C4<0>;
v000001b0d23512f0_0 .net/2u *"_ivl_28", 31 0, L_000001b0d2360e90;  1 drivers
L_000001b0d2360c98 .functor BUFT 1, C4<0000000000000000000000000000>, C4<0>, C4<0>, C4<0>;
v000001b0d23520b0_0 .net *"_ivl_3", 27 0, L_000001b0d2360c98;  1 drivers
v000001b0d2351570_0 .net *"_ivl_30", 0 0, L_000001b0d235c630;  1 drivers
v000001b0d23516b0_0 .net *"_ivl_32", 31 0, L_000001b0d235db70;  1 drivers
L_000001b0d2360ed8 .functor BUFT 1, C4<0000000000000000000000000000>, C4<0>, C4<0>, C4<0>;
v000001b0d2352510_0 .net *"_ivl_35", 27 0, L_000001b0d2360ed8;  1 drivers
L_000001b0d2360f20 .functor BUFT 1, C4<00000000000000000000000000000100>, C4<0>, C4<0>, C4<0>;
v000001b0d23517f0_0 .net/2u *"_ivl_36", 31 0, L_000001b0d2360f20;  1 drivers
v000001b0d2351930_0 .net *"_ivl_38", 0 0, L_000001b0d235cbd0;  1 drivers
L_000001b0d2360ce0 .functor BUFT 1, C4<00000000000000000000000000000000>, C4<0>, C4<0>, C4<0>;
v000001b0d23519d0_0 .net/2u *"_ivl_4", 31 0, L_000001b0d2360ce0;  1 drivers
v000001b0d2354990_0 .net *"_ivl_40", 31 0, L_000001b0d235d850;  1 drivers
L_000001b0d2360f68 .functor BUFT 1, C4<0000000000000000000000000000>, C4<0>, C4<0>, C4<0>;
v000001b0d2354350_0 .net *"_ivl_43", 27 0, L_000001b0d2360f68;  1 drivers
L_000001b0d2360fb0 .functor BUFT 1, C4<00000000000000000000000000000101>, C4<0>, C4<0>, C4<0>;
v000001b0d23538b0_0 .net/2u *"_ivl_44", 31 0, L_000001b0d2360fb0;  1 drivers
v000001b0d2354d50_0 .net *"_ivl_46", 0 0, L_000001b0d235c130;  1 drivers
v000001b0d2353b30_0 .net *"_ivl_48", 31 0, L_000001b0d235c450;  1 drivers
L_000001b0d2360ff8 .functor BUFT 1, C4<0000000000000000000000000000>, C4<0>, C4<0>, C4<0>;
v000001b0d23533b0_0 .net *"_ivl_51", 27 0, L_000001b0d2360ff8;  1 drivers
L_000001b0d2361040 .functor BUFT 1, C4<00000000000000000000000000000110>, C4<0>, C4<0>, C4<0>;
v000001b0d23543f0_0 .net/2u *"_ivl_52", 31 0, L_000001b0d2361040;  1 drivers
v000001b0d2353630_0 .net *"_ivl_54", 0 0, L_000001b0d235c310;  1 drivers
v000001b0d2354710_0 .net *"_ivl_56", 31 0, L_000001b0d235c6d0;  1 drivers
L_000001b0d2361088 .functor BUFT 1, C4<0000000000000000000000000000>, C4<0>, C4<0>, C4<0>;
v000001b0d2354530_0 .net *"_ivl_59", 27 0, L_000001b0d2361088;  1 drivers
v000001b0d2354670_0 .net *"_ivl_6", 0 0, L_000001b0d235d170;  1 drivers
L_000001b0d23610d0 .functor BUFT 1, C4<00000000000000000000000000000111>, C4<0>, C4<0>, C4<0>;
v000001b0d2354850_0 .net/2u *"_ivl_60", 31 0, L_000001b0d23610d0;  1 drivers
v000001b0d23547b0_0 .net *"_ivl_62", 0 0, L_000001b0d235c770;  1 drivers
o000001b0d22f5268 .functor BUFZ 32, C4<zzzzzzzzzzzzzzzzzzzzzzzzzzzzzzzz>; HiZ drive
; Elide local net with no drivers, v000001b0d23540d0_0 name=_ivl_64
v000001b0d2353a90_0 .net *"_ivl_66", 31 0, L_000001b0d235dc10;  1 drivers
v000001b0d2353ef0_0 .net *"_ivl_68", 31 0, L_000001b0d23b9a30;  1 drivers
v000001b0d2353bd0_0 .net *"_ivl_70", 31 0, L_000001b0d23b9170;  1 drivers
v000001b0d2353e50_0 .net *"_ivl_72", 31 0, L_000001b0d23b9ad0;  1 drivers
v000001b0d2353950_0 .net *"_ivl_74", 31 0, L_000001b0d23b9210;  1 drivers
v000001b0d2353c70_0 .net *"_ivl_76", 31 0, L_000001b0d23ba070;  1 drivers
v000001b0d2354df0_0 .net *"_ivl_78", 31 0, L_000001b0d23b9fd0;  1 drivers
v000001b0d23548f0_0 .net *"_ivl_8", 31 0, L_000001b0d235de90;  1 drivers
v000001b0d23536d0_0 .net *"_ivl_82", 31 0, L_000001b0d23ba890;  1 drivers
L_000001b0d2361118 .functor BUFT 1, C4<0000000000000000000000000000>, C4<0>, C4<0>, C4<0>;
v000001b0d2353d10_0 .net *"_ivl_85", 27 0, L_000001b0d2361118;  1 drivers
L_000001b0d2361160 .functor BUFT 1, C4<00000000000000000000000000000000>, C4<0>, C4<0>, C4<0>;
v000001b0d2353090_0 .net/2u *"_ivl_86", 31 0, L_000001b0d2361160;  1 drivers
v000001b0d2355750_0 .net *"_ivl_88", 0 0, L_000001b0d23bacf0;  1 drivers
v000001b0d23557f0_0 .net *"_ivl_90", 31 0, L_000001b0d23b9cb0;  1 drivers
L_000001b0d23611a8 .functor BUFT 1, C4<0000000000000000000000000000>, C4<0>, C4<0>, C4<0>;
v000001b0d2355070_0 .net *"_ivl_93", 27 0, L_000001b0d23611a8;  1 drivers
L_000001b0d23611f0 .functor BUFT 1, C4<00000000000000000000000000000001>, C4<0>, C4<0>, C4<0>;
v000001b0d23539f0_0 .net/2u *"_ivl_94", 31 0, L_000001b0d23611f0;  1 drivers
v000001b0d2354490_0 .net *"_ivl_96", 0 0, L_000001b0d23bad90;  1 drivers
v000001b0d23552f0_0 .net *"_ivl_98", 31 0, L_000001b0d23b8db0;  1 drivers
v000001b0d2354c10_0 .net "clock", 0 0, v000001b0d235c270_0;  alias, 1 drivers
v000001b0d2353db0_0 .net "dstE", 3 0, L_000001b0d23c2cc0;  alias, 1 drivers
v000001b0d2353f90_0 .net "dstM", 3 0, v000001b0d2356e70_0;  alias, 1 drivers
v000001b0d2354030_0 .net "r0", 31 0, v000001b0d2354cb0_0;  alias, 1 drivers
v000001b0d2353590_0 .net "r1", 31 0, v000001b0d23554d0_0;  alias, 1 drivers
v000001b0d2353450_0 .net "r2", 31 0, v000001b0d2354ad0_0;  alias, 1 drivers
v000001b0d23556b0_0 .net "r3", 31 0, v000001b0d2354210_0;  alias, 1 drivers
v000001b0d2354a30_0 .net "r4", 31 0, v000001b0d2354e90_0;  alias, 1 drivers
v000001b0d2355390_0 .net "r5", 31 0, v000001b0d2354b70_0;  alias, 1 drivers
v000001b0d2355430_0 .net "r6", 31 0, v000001b0d23531d0_0;  alias, 1 drivers
v000001b0d2355110_0 .net "r7", 31 0, v000001b0d23534f0_0;  alias, 1 drivers
v000001b0d2353130_0 .net "rA", 3 0, L_000001b0d23bba10;  alias, 1 drivers
v000001b0d2354170_0 .net "rB", 3 0, L_000001b0d23bc190;  alias, 1 drivers
v000001b0d2354cb0_0 .var "r_r0", 31 0;
v000001b0d23554d0_0 .var "r_r1", 31 0;
v000001b0d2354ad0_0 .var "r_r2", 31 0;
v000001b0d2354210_0 .var "r_r3", 31 0;
v000001b0d2354e90_0 .var "r_r4", 31 0;
v000001b0d2354b70_0 .var "r_r5", 31 0;
v000001b0d23531d0_0 .var "r_r6", 31 0;
v000001b0d23534f0_0 .var "r_r7", 31 0;
v000001b0d2354f30_0 .net "reset", 0 0, v000001b0d235cef0_0;  1 drivers
v000001b0d2353270_0 .net "valA", 31 0, L_000001b0d23bb010;  alias, 1 drivers
v000001b0d23542b0_0 .net "valB", 31 0, L_000001b0d23b9c10;  alias, 1 drivers
v000001b0d23545d0_0 .net "valE", 31 0, L_000001b0d23c1910;  alias, 1 drivers
v000001b0d2354fd0_0 .net "valM", 31 0, v000001b0d2356c90_0;  alias, 1 drivers
E_000001b0d22e5660/0 .event negedge, v000001b0d2354f30_0;
E_000001b0d22e5660/1 .event posedge, v000001b0d23508c0_0;
E_000001b0d22e5660 .event/or E_000001b0d22e5660/0, E_000001b0d22e5660/1;
L_000001b0d235cb30 .concat [ 4 28 0 0], L_000001b0d23bba10, L_000001b0d2360c98;
L_000001b0d235d170 .cmp/eq 32, L_000001b0d235cb30, L_000001b0d2360ce0;
L_000001b0d235de90 .concat [ 4 28 0 0], L_000001b0d23bba10, L_000001b0d2360d28;
L_000001b0d235beb0 .cmp/eq 32, L_000001b0d235de90, L_000001b0d2360d70;
L_000001b0d235bf50 .concat [ 4 28 0 0], L_000001b0d23bba10, L_000001b0d2360db8;
L_000001b0d235d3f0 .cmp/eq 32, L_000001b0d235bf50, L_000001b0d2360e00;
L_000001b0d235d7b0 .concat [ 4 28 0 0], L_000001b0d23bba10, L_000001b0d2360e48;
L_000001b0d235c630 .cmp/eq 32, L_000001b0d235d7b0, L_000001b0d2360e90;
L_000001b0d235db70 .concat [ 4 28 0 0], L_000001b0d23bba10, L_000001b0d2360ed8;
L_000001b0d235cbd0 .cmp/eq 32, L_000001b0d235db70, L_000001b0d2360f20;
L_000001b0d235d850 .concat [ 4 28 0 0], L_000001b0d23bba10, L_000001b0d2360f68;
L_000001b0d235c130 .cmp/eq 32, L_000001b0d235d850, L_000001b0d2360fb0;
L_000001b0d235c450 .concat [ 4 28 0 0], L_000001b0d23bba10, L_000001b0d2360ff8;
L_000001b0d235c310 .cmp/eq 32, L_000001b0d235c450, L_000001b0d2361040;
L_000001b0d235c6d0 .concat [ 4 28 0 0], L_000001b0d23bba10, L_000001b0d2361088;
L_000001b0d235c770 .cmp/eq 32, L_000001b0d235c6d0, L_000001b0d23610d0;
L_000001b0d235dc10 .functor MUXZ 32, o000001b0d22f5268, v000001b0d23534f0_0, L_000001b0d235c770, C4<>;
L_000001b0d23b9a30 .functor MUXZ 32, L_000001b0d235dc10, v000001b0d23531d0_0, L_000001b0d235c310, C4<>;
L_000001b0d23b9170 .functor MUXZ 32, L_000001b0d23b9a30, v000001b0d2354b70_0, L_000001b0d235c130, C4<>;
L_000001b0d23b9ad0 .functor MUXZ 32, L_000001b0d23b9170, v000001b0d2354e90_0, L_000001b0d235cbd0, C4<>;
L_000001b0d23b9210 .functor MUXZ 32, L_000001b0d23b9ad0, v000001b0d2354210_0, L_000001b0d235c630, C4<>;
L_000001b0d23ba070 .functor MUXZ 32, L_000001b0d23b9210, v000001b0d2354ad0_0, L_000001b0d235d3f0, C4<>;
L_000001b0d23b9fd0 .functor MUXZ 32, L_000001b0d23ba070, v000001b0d23554d0_0, L_000001b0d235beb0, C4<>;
L_000001b0d23bb010 .functor MUXZ 32, L_000001b0d23b9fd0, v000001b0d2354cb0_0, L_000001b0d235d170, C4<>;
L_000001b0d23ba890 .concat [ 4 28 0 0], L_000001b0d23bc190, L_000001b0d2361118;
L_000001b0d23bacf0 .cmp/eq 32, L_000001b0d23ba890, L_000001b0d2361160;
L_000001b0d23b9cb0 .concat [ 4 28 0 0], L_000001b0d23bc190, L_000001b0d23611a8;
L_000001b0d23bad90 .cmp/eq 32, L_000001b0d23b9cb0, L_000001b0d23611f0;
L_000001b0d23b8db0 .concat [ 4 28 0 0], L_000001b0d23bc190, L_000001b0d2361238;
L_000001b0d23b8e50 .cmp/eq 32, L_000001b0d23b8db0, L_000001b0d2361280;
L_000001b0d23bb330 .concat [ 4 28 0 0], L_000001b0d23bc190, L_000001b0d23612c8;
L_000001b0d23ba1b0 .cmp/eq 32, L_000001b0d23bb330, L_000001b0d2361310;
L_000001b0d23ba110 .concat [ 4 28 0 0], L_000001b0d23bc190, L_000001b0d2361358;
L_000001b0d23ba6b0 .cmp/eq 32, L_000001b0d23ba110, L_000001b0d23613a0;
L_000001b0d23ba570 .concat [ 4 28 0 0], L_000001b0d23bc190, L_000001b0d23613e8;
L_000001b0d23b9490 .cmp/eq 32, L_000001b0d23ba570, L_000001b0d2361430;
L_000001b0d23baed0 .concat [ 4 28 0 0], L_000001b0d23bc190, L_000001b0d2361478;
L_000001b0d23ba4d0 .cmp/eq 32, L_000001b0d23baed0, L_000001b0d23614c0;
L_000001b0d23ba930 .concat [ 4 28 0 0], L_000001b0d23bc190, L_000001b0d2361508;
L_000001b0d23b9850 .cmp/eq 32, L_000001b0d23ba930, L_000001b0d2361550;
L_000001b0d23b9df0 .functor MUXZ 32, o000001b0d22f4bd8, v000001b0d23534f0_0, L_000001b0d23b9850, C4<>;
L_000001b0d23b97b0 .functor MUXZ 32, L_000001b0d23b9df0, v000001b0d23531d0_0, L_000001b0d23ba4d0, C4<>;
L_000001b0d23ba250 .functor MUXZ 32, L_000001b0d23b97b0, v000001b0d2354b70_0, L_000001b0d23b9490, C4<>;
L_000001b0d23b9990 .functor MUXZ 32, L_000001b0d23ba250, v000001b0d2354e90_0, L_000001b0d23ba6b0, C4<>;
L_000001b0d23ba2f0 .functor MUXZ 32, L_000001b0d23b9990, v000001b0d2354210_0, L_000001b0d23ba1b0, C4<>;
L_000001b0d23ba430 .functor MUXZ 32, L_000001b0d23ba2f0, v000001b0d2354ad0_0, L_000001b0d23b8e50, C4<>;
L_000001b0d23b9b70 .functor MUXZ 32, L_000001b0d23ba430, v000001b0d23554d0_0, L_000001b0d23bad90, C4<>;
L_000001b0d23b9c10 .functor MUXZ 32, L_000001b0d23b9b70, v000001b0d2354cb0_0, L_000001b0d23bacf0, C4<>;
    .scope S_000001b0d2253870;
T_0 ;
    %pushi/vec4 0, 4294967295, 32;
    %store/vec4 v000001b0d234fce0_0, 0, 32;
    %end;
    .thread T_0;
    .scope S_000001b0d2253870;
T_1 ;
    %wait E_000001b0d22e53a0;
    %load/vec4 v000001b0d2350dc0_0;
    %flag_set/vec4 8;
    %jmp/0xz  T_1.0, 8;
    %load/vec4 v000001b0d2350c80_0;
    %ix/getv 3, v000001b0d234fa60_0;
    %ix/load 4, 0, 0; Constant delay
    %assign/vec4/a/d v000001b0d234fc40, 0, 4;
T_1.0 ;
    %load/vec4 v000001b0d2350be0_0;
    %flag_set/vec4 8;
    %jmp/0xz  T_1.2, 8;
    %ix/getv 4, v000001b0d234fa60_0;
    %load/vec4a v000001b0d234fc40, 4;
    %assign/vec4 v000001b0d234fce0_0, 0;
    %jmp T_1.3;
T_1.2 ;
    %pushi/vec4 0, 4294967295, 32;
    %assign/vec4 v000001b0d234fce0_0, 0;
T_1.3 ;
    %jmp T_1;
    .thread T_1;
    .scope S_000001b0d223af10;
T_2 ;
    %wait E_000001b0d22e5660;
    %load/vec4 v000001b0d2354f30_0;
    %flag_set/vec4 8;
    %jmp/0xz  T_2.0, 8;
    %pushi/vec4 0, 0, 32;
    %assign/vec4 v000001b0d2354cb0_0, 0;
    %pushi/vec4 0, 0, 32;
    %assign/vec4 v000001b0d23554d0_0, 0;
    %pushi/vec4 0, 0, 32;
    %assign/vec4 v000001b0d2354ad0_0, 0;
    %pushi/vec4 0, 0, 32;
    %assign/vec4 v000001b0d2354210_0, 0;
    %pushi/vec4 0, 0, 32;
    %assign/vec4 v000001b0d2354e90_0, 0;
    %pushi/vec4 0, 0, 32;
    %assign/vec4 v000001b0d2354b70_0, 0;
    %pushi/vec4 0, 0, 32;
    %assign/vec4 v000001b0d23531d0_0, 0;
    %pushi/vec4 0, 0, 32;
    %assign/vec4 v000001b0d23534f0_0, 0;
    %jmp T_2.1;
T_2.0 ;
    %load/vec4 v000001b0d2353db0_0;
    %dup/vec4;
    %pushi/vec4 0, 0, 4;
    %cmp/u;
    %jmp/1 T_2.2, 6;
    %dup/vec4;
    %pushi/vec4 1, 0, 4;
    %cmp/u;
    %jmp/1 T_2.3, 6;
    %dup/vec4;
    %pushi/vec4 2, 0, 4;
    %cmp/u;
    %jmp/1 T_2.4, 6;
    %dup/vec4;
    %pushi/vec4 3, 0, 4;
    %cmp/u;
    %jmp/1 T_2.5, 6;
    %dup/vec4;
    %pushi/vec4 4, 0, 4;
    %cmp/u;
    %jmp/1 T_2.6, 6;
    %dup/vec4;
    %pushi/vec4 5, 0, 4;
    %cmp/u;
    %jmp/1 T_2.7, 6;
    %dup/vec4;
    %pushi/vec4 6, 0, 4;
    %cmp/u;
    %jmp/1 T_2.8, 6;
    %dup/vec4;
    %pushi/vec4 7, 0, 4;
    %cmp/u;
    %jmp/1 T_2.9, 6;
    %jmp T_2.10;
T_2.2 ;
    %load/vec4 v000001b0d23545d0_0;
    %assign/vec4 v000001b0d2354cb0_0, 0;
    %jmp T_2.10;
T_2.3 ;
    %load/vec4 v000001b0d23545d0_0;
    %assign/vec4 v000001b0d23554d0_0, 0;
    %jmp T_2.10;
T_2.4 ;
    %load/vec4 v000001b0d23545d0_0;
    %assign/vec4 v000001b0d2354ad0_0, 0;
    %jmp T_2.10;
T_2.5 ;
    %load/vec4 v000001b0d23545d0_0;
    %assign/vec4 v000001b0d2354210_0, 0;
    %jmp T_2.10;
T_2.6 ;
    %load/vec4 v000001b0d23545d0_0;
    %assign/vec4 v000001b0d2354e90_0, 0;
    %jmp T_2.10;
T_2.7 ;
    %load/vec4 v000001b0d23545d0_0;
    %assign/vec4 v000001b0d2354b70_0, 0;
    %jmp T_2.10;
T_2.8 ;
    %load/vec4 v000001b0d23545d0_0;
    %assign/vec4 v000001b0d23531d0_0, 0;
    %jmp T_2.10;
T_2.9 ;
    %load/vec4 v000001b0d23545d0_0;
    %assign/vec4 v000001b0d23534f0_0, 0;
    %jmp T_2.10;
T_2.10 ;
    %pop/vec4 1;
    %load/vec4 v000001b0d2353f90_0;
    %dup/vec4;
    %pushi/vec4 0, 0, 4;
    %cmp/u;
    %jmp/1 T_2.11, 6;
    %dup/vec4;
    %pushi/vec4 1, 0, 4;
    %cmp/u;
    %jmp/1 T_2.12, 6;
    %dup/vec4;
    %pushi/vec4 2, 0, 4;
    %cmp/u;
    %jmp/1 T_2.13, 6;
    %dup/vec4;
    %pushi/vec4 3, 0, 4;
    %cmp/u;
    %jmp/1 T_2.14, 6;
    %dup/vec4;
    %pushi/vec4 4, 0, 4;
    %cmp/u;
    %jmp/1 T_2.15, 6;
    %dup/vec4;
    %pushi/vec4 5, 0, 4;
    %cmp/u;
    %jmp/1 T_2.16, 6;
    %dup/vec4;
    %pushi/vec4 6, 0, 4;
    %cmp/u;
    %jmp/1 T_2.17, 6;
    %dup/vec4;
    %pushi/vec4 7, 0, 4;
    %cmp/u;
    %jmp/1 T_2.18, 6;
    %jmp T_2.19;
T_2.11 ;
    %load/vec4 v000001b0d2354fd0_0;
    %assign/vec4 v000001b0d2354cb0_0, 0;
    %jmp T_2.19;
T_2.12 ;
    %load/vec4 v000001b0d2354fd0_0;
    %assign/vec4 v000001b0d23554d0_0, 0;
    %jmp T_2.19;
T_2.13 ;
    %load/vec4 v000001b0d2354fd0_0;
    %assign/vec4 v000001b0d2354ad0_0, 0;
    %jmp T_2.19;
T_2.14 ;
    %load/vec4 v000001b0d2354fd0_0;
    %assign/vec4 v000001b0d2354210_0, 0;
    %jmp T_2.19;
T_2.15 ;
    %load/vec4 v000001b0d2354fd0_0;
    %assign/vec4 v000001b0d2354e90_0, 0;
    %jmp T_2.19;
T_2.16 ;
    %load/vec4 v000001b0d2354fd0_0;
    %assign/vec4 v000001b0d2354b70_0, 0;
    %jmp T_2.19;
T_2.17 ;
    %load/vec4 v000001b0d2354fd0_0;
    %assign/vec4 v000001b0d23531d0_0, 0;
    %jmp T_2.19;
T_2.18 ;
    %load/vec4 v000001b0d2354fd0_0;
    %assign/vec4 v000001b0d23534f0_0, 0;
    %jmp T_2.19;
T_2.19 ;
    %pop/vec4 1;
T_2.1 ;
    %jmp T_2;
    .thread T_2;
    .scope S_000001b0d2253550;
T_3 ;
    %pushi/vec4 0, 0, 32;
    %store/vec4 v000001b0d23559d0_0, 0, 32;
    %pushi/vec4 0, 15, 4;
    %store/vec4 v000001b0d2355250_0, 0, 4;
    %pushi/vec4 0, 15, 4;
    %store/vec4 v000001b0d2355570_0, 0, 4;
    %pushi/vec4 0, 15, 4;
    %store/vec4 v000001b0d2353770_0, 0, 4;
    %pushi/vec4 0, 15, 4;
    %store/vec4 v000001b0d2353810_0, 0, 4;
    %pushi/vec4 0, 4294967295, 32;
    %store/vec4 v000001b0d2355a70_0, 0, 32;
    %pushi/vec4 0, 4294967295, 32;
    %store/vec4 v000001b0d23566f0_0, 0, 32;
    %pushi/vec4 0, 65535, 16;
    %store/vec4 v000001b0d2355bb0_0, 0, 16;
    %pushi/vec4 0, 1, 1;
    %store/vec4 v000001b0d23551b0_0, 0, 1;
    %pushi/vec4 0, 0, 1;
    %store/vec4 v000001b0d2355610_0, 0, 1;
    %pushi/vec4 0, 15, 4;
    %store/vec4 v000001b0d2356e70_0, 0, 4;
    %pushi/vec4 0, 4294967295, 32;
    %store/vec4 v000001b0d2356c90_0, 0, 32;
    %pushi/vec4 0, 15, 4;
    %store/vec4 v000001b0d23563d0_0, 0, 4;
    %pushi/vec4 0, 4294967295, 32;
    %store/vec4 v000001b0d2355ed0_0, 0, 32;
    %pushi/vec4 0, 1, 1;
    %store/vec4 v000001b0d2355930_0, 0, 1;
    %end;
    .thread T_3;
    .scope S_000001b0d2253550;
T_4 ;
    %wait E_000001b0d22e53a0;
    %load/vec4 v000001b0d235d990_0;
    %flag_set/vec4 8;
    %jmp/0xz  T_4.0, 8;
    %load/vec4 v000001b0d235f790_0;
    %dup/vec4;
    %pushi/vec4 0, 0, 1;
    %cmp/u;
    %jmp/1 T_4.2, 6;
    %dup/vec4;
    %pushi/vec4 1, 0, 1;
    %cmp/u;
    %jmp/1 T_4.3, 6;
    %load/vec4 v000001b0d23559d0_0;
    %addi 1, 0, 32;
    %assign/vec4 v000001b0d23559d0_0, 0;
    %jmp T_4.5;
T_4.2 ;
    %load/vec4 v000001b0d23559d0_0;
    %addi 1, 0, 32;
    %assign/vec4 v000001b0d23559d0_0, 0;
    %jmp T_4.5;
T_4.3 ;
    %load/vec4 v000001b0d235ec50_0;
    %assign/vec4 v000001b0d23559d0_0, 0;
    %jmp T_4.5;
T_4.5 ;
    %pop/vec4 1;
T_4.0 ;
    %jmp T_4;
    .thread T_4;
    .scope S_000001b0d2253550;
T_5 ;
    %wait E_000001b0d22e53a0;
    %load/vec4 v000001b0d235d990_0;
    %flag_set/vec4 8;
    %jmp/0xz  T_5.0, 8;
    %load/vec4 v000001b0d235f510_0;
    %flag_set/vec4 8;
    %jmp/0xz  T_5.2, 8;
    %pushi/vec4 0, 255, 8;
    %split/vec4 4;
    %assign/vec4 v000001b0d2355570_0, 0;
    %assign/vec4 v000001b0d2355250_0, 0;
    %pushi/vec4 15, 0, 4;
    %assign/vec4 v000001b0d2353770_0, 0;
    %pushi/vec4 15, 0, 4;
    %assign/vec4 v000001b0d2353810_0, 0;
    %pushi/vec4 0, 65535, 16;
    %assign/vec4 v000001b0d2355bb0_0, 0;
    %pushi/vec4 0, 4294967295, 32;
    %assign/vec4 v000001b0d2355a70_0, 0;
    %pushi/vec4 0, 4294967295, 32;
    %assign/vec4 v000001b0d23566f0_0, 0;
    %load/vec4 v000001b0d235f510_0;
    %assign/vec4 v000001b0d23551b0_0, 0;
    %jmp T_5.3;
T_5.2 ;
    %load/vec4 v000001b0d235e610_0;
    %load/vec4 v000001b0d235f0b0_0;
    %concat/vec4; draw_concat_vec4
    %dup/vec4;
    %pushi/vec4 18, 0, 8;
    %cmp/u;
    %jmp/1 T_5.4, 6;
    %dup/vec4;
    %pushi/vec4 48, 0, 8;
    %cmp/u;
    %jmp/1 T_5.5, 6;
    %dup/vec4;
    %pushi/vec4 49, 0, 8;
    %cmp/u;
    %jmp/1 T_5.6, 6;
    %dup/vec4;
    %pushi/vec4 50, 0, 8;
    %cmp/u;
    %jmp/1 T_5.7, 6;
    %dup/vec4;
    %pushi/vec4 51, 0, 8;
    %cmp/u;
    %jmp/1 T_5.8, 6;
    %dup/vec4;
    %pushi/vec4 52, 0, 8;
    %cmp/u;
    %jmp/1 T_5.9, 6;
    %dup/vec4;
    %pushi/vec4 53, 0, 8;
    %cmp/u;
    %jmp/1 T_5.10, 6;
    %dup/vec4;
    %pushi/vec4 54, 0, 8;
    %cmp/u;
    %jmp/1 T_5.11, 6;
    %dup/vec4;
    %pushi/vec4 112, 0, 8;
    %cmp/u;
    %jmp/1 T_5.12, 6;
    %dup/vec4;
    %pushi/vec4 113, 0, 8;
    %cmp/u;
    %jmp/1 T_5.13, 6;
    %dup/vec4;
    %pushi/vec4 114, 0, 8;
    %cmp/u;
    %jmp/1 T_5.14, 6;
    %dup/vec4;
    %pushi/vec4 115, 0, 8;
    %cmp/u;
    %jmp/1 T_5.15, 6;
    %dup/vec4;
    %pushi/vec4 116, 0, 8;
    %cmp/u;
    %jmp/1 T_5.16, 6;
    %dup/vec4;
    %pushi/vec4 117, 0, 8;
    %cmp/u;
    %jmp/1 T_5.17, 6;
    %dup/vec4;
    %pushi/vec4 118, 0, 8;
    %cmp/u;
    %jmp/1 T_5.18, 6;
    %load/vec4 v000001b0d235e610_0;
    %assign/vec4 v000001b0d2355250_0, 0;
    %load/vec4 v000001b0d235f0b0_0;
    %assign/vec4 v000001b0d2355570_0, 0;
    %jmp T_5.20;
T_5.4 ;
    %pushi/vec4 34, 0, 8;
    %split/vec4 4;
    %assign/vec4 v000001b0d2355570_0, 0;
    %assign/vec4 v000001b0d2355250_0, 0;
    %jmp T_5.20;
T_5.5 ;
    %pushi/vec4 32, 0, 8;
    %split/vec4 4;
    %assign/vec4 v000001b0d2355570_0, 0;
    %assign/vec4 v000001b0d2355250_0, 0;
    %jmp T_5.20;
T_5.6 ;
    %pushi/vec4 32, 0, 8;
    %split/vec4 4;
    %assign/vec4 v000001b0d2355570_0, 0;
    %assign/vec4 v000001b0d2355250_0, 0;
    %jmp T_5.20;
T_5.7 ;
    %pushi/vec4 32, 0, 8;
    %split/vec4 4;
    %assign/vec4 v000001b0d2355570_0, 0;
    %assign/vec4 v000001b0d2355250_0, 0;
    %jmp T_5.20;
T_5.8 ;
    %pushi/vec4 32, 0, 8;
    %split/vec4 4;
    %assign/vec4 v000001b0d2355570_0, 0;
    %assign/vec4 v000001b0d2355250_0, 0;
    %jmp T_5.20;
T_5.9 ;
    %pushi/vec4 32, 0, 8;
    %split/vec4 4;
    %assign/vec4 v000001b0d2355570_0, 0;
    %assign/vec4 v000001b0d2355250_0, 0;
    %jmp T_5.20;
T_5.10 ;
    %pushi/vec4 32, 0, 8;
    %split/vec4 4;
    %assign/vec4 v000001b0d2355570_0, 0;
    %assign/vec4 v000001b0d2355250_0, 0;
    %jmp T_5.20;
T_5.11 ;
    %pushi/vec4 32, 0, 8;
    %split/vec4 4;
    %assign/vec4 v000001b0d2355570_0, 0;
    %assign/vec4 v000001b0d2355250_0, 0;
    %jmp T_5.20;
T_5.12 ;
    %pushi/vec4 34, 0, 8;
    %split/vec4 4;
    %assign/vec4 v000001b0d2355570_0, 0;
    %assign/vec4 v000001b0d2355250_0, 0;
    %jmp T_5.20;
T_5.13 ;
    %pushi/vec4 34, 0, 8;
    %split/vec4 4;
    %assign/vec4 v000001b0d2355570_0, 0;
    %assign/vec4 v000001b0d2355250_0, 0;
    %jmp T_5.20;
T_5.14 ;
    %pushi/vec4 34, 0, 8;
    %split/vec4 4;
    %assign/vec4 v000001b0d2355570_0, 0;
    %assign/vec4 v000001b0d2355250_0, 0;
    %jmp T_5.20;
T_5.15 ;
    %pushi/vec4 34, 0, 8;
    %split/vec4 4;
    %assign/vec4 v000001b0d2355570_0, 0;
    %assign/vec4 v000001b0d2355250_0, 0;
    %jmp T_5.20;
T_5.16 ;
    %pushi/vec4 34, 0, 8;
    %split/vec4 4;
    %assign/vec4 v000001b0d2355570_0, 0;
    %assign/vec4 v000001b0d2355250_0, 0;
    %jmp T_5.20;
T_5.17 ;
    %pushi/vec4 34, 0, 8;
    %split/vec4 4;
    %assign/vec4 v000001b0d2355570_0, 0;
    %assign/vec4 v000001b0d2355250_0, 0;
    %jmp T_5.20;
T_5.18 ;
    %pushi/vec4 34, 0, 8;
    %split/vec4 4;
    %assign/vec4 v000001b0d2355570_0, 0;
    %assign/vec4 v000001b0d2355250_0, 0;
    %jmp T_5.20;
T_5.20 ;
    %pop/vec4 1;
    %load/vec4 v000001b0d235e610_0;
    %load/vec4 v000001b0d235f0b0_0;
    %concat/vec4; draw_concat_vec4
    %dup/vec4;
    %pushi/vec4 48, 0, 8;
    %cmp/u;
    %jmp/1 T_5.21, 6;
    %dup/vec4;
    %pushi/vec4 49, 0, 8;
    %cmp/u;
    %jmp/1 T_5.22, 6;
    %dup/vec4;
    %pushi/vec4 50, 0, 8;
    %cmp/u;
    %jmp/1 T_5.23, 6;
    %dup/vec4;
    %pushi/vec4 51, 0, 8;
    %cmp/u;
    %jmp/1 T_5.24, 6;
    %dup/vec4;
    %pushi/vec4 52, 0, 8;
    %cmp/u;
    %jmp/1 T_5.25, 6;
    %dup/vec4;
    %pushi/vec4 53, 0, 8;
    %cmp/u;
    %jmp/1 T_5.26, 6;
    %dup/vec4;
    %pushi/vec4 54, 0, 8;
    %cmp/u;
    %jmp/1 T_5.27, 6;
    %load/vec4 v000001b0d235f290_0;
    %assign/vec4 v000001b0d2355a70_0, 0;
    %load/vec4 v000001b0d235fa10_0;
    %assign/vec4 v000001b0d23566f0_0, 0;
    %load/vec4 v000001b0d235f830_0;
    %assign/vec4 v000001b0d2353770_0, 0;
    %load/vec4 v000001b0d235f8d0_0;
    %assign/vec4 v000001b0d2353810_0, 0;
    %jmp T_5.29;
T_5.21 ;
    %load/vec4 v000001b0d235f290_0;
    %assign/vec4 v000001b0d2355a70_0, 0;
    %pushi/vec4 0, 0, 32;
    %assign/vec4 v000001b0d23566f0_0, 0;
    %load/vec4 v000001b0d235f8d0_0;
    %assign/vec4 v000001b0d2353770_0, 0;
    %load/vec4 v000001b0d235f830_0;
    %assign/vec4 v000001b0d2353810_0, 0;
    %jmp T_5.29;
T_5.22 ;
    %load/vec4 v000001b0d235f290_0;
    %assign/vec4 v000001b0d2355a70_0, 0;
    %pushi/vec4 0, 0, 32;
    %assign/vec4 v000001b0d23566f0_0, 0;
    %load/vec4 v000001b0d235e890_0;
    %load/vec4 v000001b0d235e6b0_0;
    %xor;
    %load/vec4 v000001b0d235c090_0;
    %or;
    %flag_set/vec4 8;
    %jmp/0xz  T_5.30, 8;
    %load/vec4 v000001b0d235f8d0_0;
    %assign/vec4 v000001b0d2353770_0, 0;
    %load/vec4 v000001b0d235f830_0;
    %assign/vec4 v000001b0d2353810_0, 0;
    %jmp T_5.31;
T_5.30 ;
    %load/vec4 v000001b0d235f830_0;
    %assign/vec4 v000001b0d2353770_0, 0;
    %load/vec4 v000001b0d235f8d0_0;
    %assign/vec4 v000001b0d2353810_0, 0;
T_5.31 ;
    %jmp T_5.29;
T_5.23 ;
    %load/vec4 v000001b0d235f290_0;
    %assign/vec4 v000001b0d2355a70_0, 0;
    %pushi/vec4 0, 0, 32;
    %assign/vec4 v000001b0d23566f0_0, 0;
    %load/vec4 v000001b0d235e890_0;
    %load/vec4 v000001b0d235e6b0_0;
    %xor;
    %flag_set/vec4 8;
    %jmp/0xz  T_5.32, 8;
    %load/vec4 v000001b0d235f8d0_0;
    %assign/vec4 v000001b0d2353770_0, 0;
    %load/vec4 v000001b0d235f830_0;
    %assign/vec4 v000001b0d2353810_0, 0;
    %jmp T_5.33;
T_5.32 ;
    %load/vec4 v000001b0d235f830_0;
    %assign/vec4 v000001b0d2353770_0, 0;
    %load/vec4 v000001b0d235f8d0_0;
    %assign/vec4 v000001b0d2353810_0, 0;
T_5.33 ;
    %jmp T_5.29;
T_5.24 ;
    %load/vec4 v000001b0d235f290_0;
    %assign/vec4 v000001b0d2355a70_0, 0;
    %pushi/vec4 0, 0, 32;
    %assign/vec4 v000001b0d23566f0_0, 0;
    %load/vec4 v000001b0d235c090_0;
    %flag_set/vec4 8;
    %jmp/0xz  T_5.34, 8;
    %load/vec4 v000001b0d235f8d0_0;
    %assign/vec4 v000001b0d2353770_0, 0;
    %load/vec4 v000001b0d235f830_0;
    %assign/vec4 v000001b0d2353810_0, 0;
    %jmp T_5.35;
T_5.34 ;
    %load/vec4 v000001b0d235f830_0;
    %assign/vec4 v000001b0d2353770_0, 0;
    %load/vec4 v000001b0d235f8d0_0;
    %assign/vec4 v000001b0d2353810_0, 0;
T_5.35 ;
    %jmp T_5.29;
T_5.25 ;
    %load/vec4 v000001b0d235f290_0;
    %assign/vec4 v000001b0d2355a70_0, 0;
    %pushi/vec4 0, 0, 32;
    %assign/vec4 v000001b0d23566f0_0, 0;
    %load/vec4 v000001b0d235c090_0;
    %inv;
    %flag_set/vec4 8;
    %jmp/0xz  T_5.36, 8;
    %load/vec4 v000001b0d235f8d0_0;
    %assign/vec4 v000001b0d2353770_0, 0;
    %load/vec4 v000001b0d235f830_0;
    %assign/vec4 v000001b0d2353810_0, 0;
    %jmp T_5.37;
T_5.36 ;
    %load/vec4 v000001b0d235f830_0;
    %assign/vec4 v000001b0d2353770_0, 0;
    %load/vec4 v000001b0d235f8d0_0;
    %assign/vec4 v000001b0d2353810_0, 0;
T_5.37 ;
    %jmp T_5.29;
T_5.26 ;
    %load/vec4 v000001b0d235f290_0;
    %assign/vec4 v000001b0d2355a70_0, 0;
    %pushi/vec4 0, 0, 32;
    %assign/vec4 v000001b0d23566f0_0, 0;
    %load/vec4 v000001b0d235e890_0;
    %load/vec4 v000001b0d235e6b0_0;
    %xor;
    %inv;
    %flag_set/vec4 8;
    %jmp/0xz  T_5.38, 8;
    %load/vec4 v000001b0d235f8d0_0;
    %assign/vec4 v000001b0d2353770_0, 0;
    %load/vec4 v000001b0d235f830_0;
    %assign/vec4 v000001b0d2353810_0, 0;
    %jmp T_5.39;
T_5.38 ;
    %load/vec4 v000001b0d235f830_0;
    %assign/vec4 v000001b0d2353770_0, 0;
    %load/vec4 v000001b0d235f8d0_0;
    %assign/vec4 v000001b0d2353810_0, 0;
T_5.39 ;
    %jmp T_5.29;
T_5.27 ;
    %load/vec4 v000001b0d235f290_0;
    %assign/vec4 v000001b0d2355a70_0, 0;
    %pushi/vec4 0, 0, 32;
    %assign/vec4 v000001b0d23566f0_0, 0;
    %load/vec4 v000001b0d235e890_0;
    %load/vec4 v000001b0d235e6b0_0;
    %xor;
    %inv;
    %load/vec4 v000001b0d235c090_0;
    %inv;
    %and;
    %flag_set/vec4 8;
    %jmp/0xz  T_5.40, 8;
    %load/vec4 v000001b0d235f8d0_0;
    %assign/vec4 v000001b0d2353770_0, 0;
    %load/vec4 v000001b0d235f830_0;
    %assign/vec4 v000001b0d2353810_0, 0;
    %jmp T_5.41;
T_5.40 ;
    %load/vec4 v000001b0d235f830_0;
    %assign/vec4 v000001b0d2353770_0, 0;
    %load/vec4 v000001b0d235f8d0_0;
    %assign/vec4 v000001b0d2353810_0, 0;
T_5.41 ;
    %jmp T_5.29;
T_5.29 ;
    %pop/vec4 1;
    %load/vec4 v000001b0d235fab0_0;
    %assign/vec4 v000001b0d2355bb0_0, 0;
    %load/vec4 v000001b0d235f510_0;
    %assign/vec4 v000001b0d23551b0_0, 0;
    %load/vec4 v000001b0d235e610_0;
    %load/vec4 v000001b0d235f0b0_0;
    %concat/vec4; draw_concat_vec4
    %cmpi/e 112, 0, 8;
    %jmp/0xz  T_5.42, 4;
    %pushi/vec4 1, 0, 1;
    %assign/vec4 v000001b0d2355610_0, 0;
    %jmp T_5.43;
T_5.42 ;
    %load/vec4 v000001b0d235e610_0;
    %load/vec4 v000001b0d235f0b0_0;
    %concat/vec4; draw_concat_vec4
    %pushi/vec4 113, 0, 8;
    %cmp/e;
    %flag_get/vec4 4;
    %load/vec4 v000001b0d235e890_0;
    %load/vec4 v000001b0d235e6b0_0;
    %xor;
    %load/vec4 v000001b0d235c090_0;
    %or;
    %and;
    %flag_set/vec4 8;
    %jmp/0xz  T_5.44, 8;
    %pushi/vec4 1, 0, 1;
    %assign/vec4 v000001b0d2355610_0, 0;
    %jmp T_5.45;
T_5.44 ;
    %load/vec4 v000001b0d235e610_0;
    %load/vec4 v000001b0d235f0b0_0;
    %concat/vec4; draw_concat_vec4
    %pushi/vec4 114, 0, 8;
    %cmp/e;
    %flag_get/vec4 4;
    %load/vec4 v000001b0d235e890_0;
    %load/vec4 v000001b0d235e6b0_0;
    %xor;
    %and;
    %flag_set/vec4 8;
    %jmp/0xz  T_5.46, 8;
    %pushi/vec4 1, 0, 1;
    %assign/vec4 v000001b0d2355610_0, 0;
    %jmp T_5.47;
T_5.46 ;
    %load/vec4 v000001b0d235e610_0;
    %load/vec4 v000001b0d235f0b0_0;
    %concat/vec4; draw_concat_vec4
    %pushi/vec4 115, 0, 8;
    %cmp/e;
    %flag_get/vec4 4;
    %load/vec4 v000001b0d235c090_0;
    %and;
    %flag_set/vec4 8;
    %jmp/0xz  T_5.48, 8;
    %pushi/vec4 1, 0, 1;
    %assign/vec4 v000001b0d2355610_0, 0;
    %jmp T_5.49;
T_5.48 ;
    %load/vec4 v000001b0d235e610_0;
    %load/vec4 v000001b0d235f0b0_0;
    %concat/vec4; draw_concat_vec4
    %pushi/vec4 116, 0, 8;
    %cmp/e;
    %flag_get/vec4 4;
    %load/vec4 v000001b0d235c090_0;
    %inv;
    %and;
    %flag_set/vec4 8;
    %jmp/0xz  T_5.50, 8;
    %pushi/vec4 1, 0, 1;
    %assign/vec4 v000001b0d2355610_0, 0;
    %jmp T_5.51;
T_5.50 ;
    %load/vec4 v000001b0d235e610_0;
    %load/vec4 v000001b0d235f0b0_0;
    %concat/vec4; draw_concat_vec4
    %pushi/vec4 117, 0, 8;
    %cmp/e;
    %flag_get/vec4 4;
    %load/vec4 v000001b0d235e890_0;
    %load/vec4 v000001b0d235e6b0_0;
    %xor;
    %inv;
    %and;
    %flag_set/vec4 8;
    %jmp/0xz  T_5.52, 8;
    %pushi/vec4 1, 0, 1;
    %assign/vec4 v000001b0d2355610_0, 0;
    %jmp T_5.53;
T_5.52 ;
    %load/vec4 v000001b0d235e610_0;
    %load/vec4 v000001b0d235f0b0_0;
    %concat/vec4; draw_concat_vec4
    %pushi/vec4 118, 0, 8;
    %cmp/e;
    %flag_get/vec4 4;
    %load/vec4 v000001b0d235e890_0;
    %load/vec4 v000001b0d235e6b0_0;
    %xor;
    %inv;
    %load/vec4 v000001b0d235c090_0;
    %inv;
    %and;
    %and;
    %flag_set/vec4 8;
    %jmp/0xz  T_5.54, 8;
    %pushi/vec4 1, 0, 1;
    %assign/vec4 v000001b0d2355610_0, 0;
    %jmp T_5.55;
T_5.54 ;
    %pushi/vec4 0, 0, 1;
    %assign/vec4 v000001b0d2355610_0, 0;
T_5.55 ;
T_5.53 ;
T_5.51 ;
T_5.49 ;
T_5.47 ;
T_5.45 ;
T_5.43 ;
T_5.3 ;
T_5.0 ;
    %jmp T_5;
    .thread T_5;
    .scope S_000001b0d2253550;
T_6 ;
    %pushi/vec4 1, 0, 1;
    %assign/vec4 v000001b0d235cef0_0, 0;
    %delay 2000, 0;
    %pushi/vec4 0, 0, 1;
    %assign/vec4 v000001b0d235cef0_0, 0;
    %end;
    .thread T_6;
    .scope S_000001b0d2253550;
T_7 ;
    %wait E_000001b0d22e53a0;
    %load/vec4 v000001b0d2355250_0;
    %load/vec4 v000001b0d2355570_0;
    %concat/vec4; draw_concat_vec4
    %cmpi/e 16, 0, 8;
    %jmp/0xz  T_7.0, 4;
    %load/vec4 v000001b0d2353810_0;
    %assign/vec4 v000001b0d2356e70_0, 0;
    %load/vec4 v000001b0d2355bb0_0;
    %pad/u 32;
    %assign/vec4 v000001b0d2356c90_0, 0;
    %jmp T_7.1;
T_7.0 ;
    %pushi/vec4 15, 0, 4;
    %assign/vec4 v000001b0d2356e70_0, 0;
    %pushi/vec4 0, 4294967295, 32;
    %assign/vec4 v000001b0d2356c90_0, 0;
T_7.1 ;
    %load/vec4 v000001b0d235c810_0;
    %assign/vec4 v000001b0d23563d0_0, 0;
    %load/vec4 v000001b0d235c3b0_0;
    %assign/vec4 v000001b0d2355ed0_0, 0;
    %load/vec4 v000001b0d235bcd0_0;
    %assign/vec4 v000001b0d2355930_0, 0;
    %jmp T_7;
    .thread T_7;
    .scope S_000001b0d22ae6e0;
T_8 ;
    %pushi/vec4 0, 0, 1;
    %store/vec4 v000001b0d235d210_0, 0, 1;
    %end;
    .thread T_8;
    .scope S_000001b0d22ae6e0;
T_9 ;
    %pushi/vec4 0, 0, 1;
    %assign/vec4 v000001b0d235c270_0, 0;
    %pushi/vec4 0, 0, 32;
    %assign/vec4 v000001b0d235da30_0, 0;
    %pushi/vec4 0, 0, 1;
    %assign/vec4 v000001b0d235d0d0_0, 0;
    %pushi/vec4 0, 0, 32;
    %assign/vec4 v000001b0d235d490_0, 0;
    %pushi/vec4 0, 0, 1;
    %assign/vec4 v000001b0d235e390_0, 0;
    %pushi/vec4 15, 0, 4;
    %assign/vec4 v000001b0d235d710_0, 0;
    %delay 2000, 0;
    %pushi/vec4 0, 0, 32;
    %assign/vec4 v000001b0d235da30_0, 0;
    %pushi/vec4 1, 0, 1;
    %assign/vec4 v000001b0d235d0d0_0, 0;
    %pushi/vec4 284164097, 0, 32;
    %assign/vec4 v000001b0d235d490_0, 0;
    %delay 2000, 0;
    %pushi/vec4 1, 0, 32;
    %assign/vec4 v000001b0d235da30_0, 0;
    %pushi/vec4 1, 0, 1;
    %assign/vec4 v000001b0d235d0d0_0, 0;
    %pushi/vec4 284229634, 0, 32;
    %assign/vec4 v000001b0d235d490_0, 0;
    %delay 2000, 0;
    %pushi/vec4 2, 0, 32;
    %assign/vec4 v000001b0d235da30_0, 0;
    %pushi/vec4 1, 0, 1;
    %assign/vec4 v000001b0d235d0d0_0, 0;
    %pushi/vec4 284295171, 0, 32;
    %assign/vec4 v000001b0d235d490_0, 0;
    %delay 2000, 0;
    %pushi/vec4 3, 0, 32;
    %assign/vec4 v000001b0d235da30_0, 0;
    %pushi/vec4 1, 0, 1;
    %assign/vec4 v000001b0d235d0d0_0, 0;
    %pushi/vec4 284360708, 0, 32;
    %assign/vec4 v000001b0d235d490_0, 0;
    %delay 2000, 0;
    %pushi/vec4 4, 0, 32;
    %assign/vec4 v000001b0d235da30_0, 0;
    %pushi/vec4 1, 0, 1;
    %assign/vec4 v000001b0d235d0d0_0, 0;
    %pushi/vec4 284426245, 0, 32;
    %assign/vec4 v000001b0d235d490_0, 0;
    %delay 2000, 0;
    %pushi/vec4 5, 0, 32;
    %assign/vec4 v000001b0d235da30_0, 0;
    %pushi/vec4 1, 0, 1;
    %assign/vec4 v000001b0d235d0d0_0, 0;
    %pushi/vec4 284491782, 0, 32;
    %assign/vec4 v000001b0d235d490_0, 0;
    %delay 2000, 0;
    %pushi/vec4 6, 0, 32;
    %assign/vec4 v000001b0d235da30_0, 0;
    %pushi/vec4 1, 0, 1;
    %assign/vec4 v000001b0d235d0d0_0, 0;
    %pushi/vec4 284557319, 0, 32;
    %assign/vec4 v000001b0d235d490_0, 0;
    %delay 2000, 0;
    %pushi/vec4 7, 0, 32;
    %assign/vec4 v000001b0d235da30_0, 0;
    %pushi/vec4 1, 0, 1;
    %assign/vec4 v000001b0d235d0d0_0, 0;
    %pushi/vec4 284622856, 0, 32;
    %assign/vec4 v000001b0d235d490_0, 0;
    %delay 2000, 0;
    %pushi/vec4 8, 0, 32;
    %assign/vec4 v000001b0d235da30_0, 0;
    %pushi/vec4 1, 0, 1;
    %assign/vec4 v000001b0d235d0d0_0, 0;
    %pushi/vec4 1879048202, 0, 32;
    %assign/vec4 v000001b0d235d490_0, 0;
    %delay 2000, 0;
    %pushi/vec4 9, 0, 32;
    %assign/vec4 v000001b0d235da30_0, 0;
    %pushi/vec4 1, 0, 1;
    %assign/vec4 v000001b0d235d0d0_0, 0;
    %pushi/vec4 561381376, 0, 32;
    %assign/vec4 v000001b0d235d490_0, 0;
    %delay 2000, 0;
    %pushi/vec4 10, 0, 32;
    %assign/vec4 v000001b0d235da30_0, 0;
    %pushi/vec4 1, 0, 1;
    %assign/vec4 v000001b0d235d0d0_0, 0;
    %pushi/vec4 544604160, 0, 32;
    %assign/vec4 v000001b0d235d490_0, 0;
    %delay 2000, 0;
    %pushi/vec4 11, 0, 32;
    %assign/vec4 v000001b0d235da30_0, 0;
    %pushi/vec4 1, 0, 1;
    %assign/vec4 v000001b0d235d0d0_0, 0;
    %pushi/vec4 537919488, 0, 32;
    %assign/vec4 v000001b0d235d490_0, 0;
    %delay 2000, 0;
    %pushi/vec4 12, 0, 32;
    %assign/vec4 v000001b0d235da30_0, 0;
    %pushi/vec4 1, 0, 1;
    %assign/vec4 v000001b0d235d0d0_0, 0;
    %pushi/vec4 560988160, 0, 32;
    %assign/vec4 v000001b0d235d490_0, 0;
    %delay 2000, 0;
    %pushi/vec4 13, 0, 32;
    %assign/vec4 v000001b0d235da30_0, 0;
    %pushi/vec4 1, 0, 1;
    %assign/vec4 v000001b0d235d0d0_0, 0;
    %pushi/vec4 1962934283, 0, 32;
    %assign/vec4 v000001b0d235d490_0, 0;
    %delay 2000, 0;
    %pushi/vec4 14, 0, 32;
    %assign/vec4 v000001b0d235da30_0, 0;
    %pushi/vec4 1, 0, 1;
    %assign/vec4 v000001b0d235d0d0_0, 0;
    %pushi/vec4 544604160, 0, 32;
    %assign/vec4 v000001b0d235d490_0, 0;
    %delay 2000, 0;
    %pushi/vec4 15, 0, 32;
    %assign/vec4 v000001b0d235da30_0, 0;
    %pushi/vec4 1, 0, 1;
    %assign/vec4 v000001b0d235d0d0_0, 0;
    %pushi/vec4 538968064, 0, 32;
    %assign/vec4 v000001b0d235d490_0, 0;
    %delay 2000, 0;
    %pushi/vec4 16, 0, 32;
    %assign/vec4 v000001b0d235da30_0, 0;
    %pushi/vec4 1, 0, 1;
    %assign/vec4 v000001b0d235d0d0_0, 0;
    %pushi/vec4 560988160, 0, 32;
    %assign/vec4 v000001b0d235d490_0, 0;
    %delay 2000, 0;
    %pushi/vec4 17, 0, 32;
    %assign/vec4 v000001b0d235da30_0, 0;
    %pushi/vec4 1, 0, 1;
    %assign/vec4 v000001b0d235d0d0_0, 0;
    %pushi/vec4 1979711503, 0, 32;
    %assign/vec4 v000001b0d235d490_0, 0;
    %delay 2000, 0;
    %pushi/vec4 18, 0, 32;
    %assign/vec4 v000001b0d235da30_0, 0;
    %pushi/vec4 1, 0, 1;
    %assign/vec4 v000001b0d235d0d0_0, 0;
    %pushi/vec4 544538624, 0, 32;
    %assign/vec4 v000001b0d235d490_0, 0;
    %delay 2000, 0;
    %pushi/vec4 19, 0, 32;
    %assign/vec4 v000001b0d235da30_0, 0;
    %pushi/vec4 1, 0, 1;
    %assign/vec4 v000001b0d235d0d0_0, 0;
    %pushi/vec4 540016640, 0, 32;
    %assign/vec4 v000001b0d235d490_0, 0;
    %delay 2000, 0;
    %pushi/vec4 20, 0, 32;
    %assign/vec4 v000001b0d235da30_0, 0;
    %pushi/vec4 1, 0, 1;
    %assign/vec4 v000001b0d235d0d0_0, 0;
    %pushi/vec4 560988160, 0, 32;
    %assign/vec4 v000001b0d235d490_0, 0;
    %delay 2000, 0;
    %pushi/vec4 21, 0, 32;
    %assign/vec4 v000001b0d235da30_0, 0;
    %pushi/vec4 1, 0, 1;
    %assign/vec4 v000001b0d235d0d0_0, 0;
    %pushi/vec4 1929379859, 0, 32;
    %assign/vec4 v000001b0d235d490_0, 0;
    %delay 2000, 0;
    %pushi/vec4 22, 0, 32;
    %assign/vec4 v000001b0d235da30_0, 0;
    %pushi/vec4 1, 0, 1;
    %assign/vec4 v000001b0d235d0d0_0, 0;
    %pushi/vec4 544538624, 0, 32;
    %assign/vec4 v000001b0d235d490_0, 0;
    %delay 2000, 0;
    %pushi/vec4 23, 0, 32;
    %assign/vec4 v000001b0d235da30_0, 0;
    %pushi/vec4 1, 0, 1;
    %assign/vec4 v000001b0d235d0d0_0, 0;
    %pushi/vec4 540016640, 0, 32;
    %assign/vec4 v000001b0d235d490_0, 0;
    %delay 2000, 0;
    %pushi/vec4 24, 0, 32;
    %assign/vec4 v000001b0d235da30_0, 0;
    %pushi/vec4 1, 0, 1;
    %assign/vec4 v000001b0d235d0d0_0, 0;
    %pushi/vec4 560988160, 0, 32;
    %assign/vec4 v000001b0d235d490_0, 0;
    %delay 2000, 0;
    %pushi/vec4 25, 0, 32;
    %assign/vec4 v000001b0d235da30_0, 0;
    %pushi/vec4 1, 0, 1;
    %assign/vec4 v000001b0d235d0d0_0, 0;
    %pushi/vec4 1946157079, 0, 32;
    %assign/vec4 v000001b0d235d490_0, 0;
    %delay 2000, 0;
    %pushi/vec4 26, 0, 32;
    %assign/vec4 v000001b0d235da30_0, 0;
    %pushi/vec4 1, 0, 1;
    %assign/vec4 v000001b0d235d0d0_0, 0;
    %pushi/vec4 559939584, 0, 32;
    %assign/vec4 v000001b0d235d490_0, 0;
    %delay 2000, 0;
    %pushi/vec4 27, 0, 32;
    %assign/vec4 v000001b0d235da30_0, 0;
    %pushi/vec4 1, 0, 1;
    %assign/vec4 v000001b0d235d0d0_0, 0;
    %pushi/vec4 560398336, 0, 32;
    %assign/vec4 v000001b0d235d490_0, 0;
    %delay 2000, 0;
    %pushi/vec4 28, 0, 32;
    %assign/vec4 v000001b0d235da30_0, 0;
    %pushi/vec4 1, 0, 1;
    %assign/vec4 v000001b0d235d0d0_0, 0;
    %pushi/vec4 1895825434, 0, 32;
    %assign/vec4 v000001b0d235d490_0, 0;
    %delay 2000, 0;
    %pushi/vec4 29, 0, 32;
    %assign/vec4 v000001b0d235da30_0, 0;
    %pushi/vec4 1, 0, 1;
    %assign/vec4 v000001b0d235d0d0_0, 0;
    %pushi/vec4 558891008, 0, 32;
    %assign/vec4 v000001b0d235d490_0, 0;
    %delay 2000, 0;
    %pushi/vec4 30, 0, 32;
    %assign/vec4 v000001b0d235da30_0, 0;
    %pushi/vec4 1, 0, 1;
    %assign/vec4 v000001b0d235d0d0_0, 0;
    %pushi/vec4 559349760, 0, 32;
    %assign/vec4 v000001b0d235d490_0, 0;
    %delay 2000, 0;
    %pushi/vec4 31, 0, 32;
    %assign/vec4 v000001b0d235da30_0, 0;
    %pushi/vec4 1, 0, 1;
    %assign/vec4 v000001b0d235d0d0_0, 0;
    %pushi/vec4 1912602653, 0, 32;
    %assign/vec4 v000001b0d235d490_0, 0;
    %delay 2000, 0;
    %pushi/vec4 0, 0, 32;
    %assign/vec4 v000001b0d235da30_0, 0;
    %pushi/vec4 0, 0, 1;
    %assign/vec4 v000001b0d235d0d0_0, 0;
    %pushi/vec4 0, 0, 32;
    %assign/vec4 v000001b0d235d490_0, 0;
    %delay 1000, 0;
    %pushi/vec4 1, 0, 1;
    %assign/vec4 v000001b0d235e390_0, 0;
    %delay 310000, 0;
    %pushi/vec4 0, 0, 1;
    %assign/vec4 v000001b0d235e390_0, 0;
    %pushi/vec4 1, 0, 1;
    %assign/vec4 v000001b0d235d210_0, 0;
    %delay 10000, 0;
    %vpi_call 2 508 "$stop" {0 0 0};
    %end;
    .thread T_9;
    .scope S_000001b0d22ae6e0;
T_10 ;
    %delay 1000, 0;
    %load/vec4 v000001b0d235c270_0;
    %inv;
    %store/vec4 v000001b0d235c270_0, 0, 1;
    %jmp T_10;
    .thread T_10;
    .scope S_000001b0d22ae6e0;
T_11 ;
    %wait E_000001b0d22e53a0;
    %load/vec4 v000001b0d235d210_0;
    %flag_set/vec4 8;
    %jmp/0xz  T_11.0, 8;
    %load/vec4 v000001b0d235d710_0;
    %addi 1, 0, 4;
    %assign/vec4 v000001b0d235d710_0, 0;
T_11.0 ;
    %jmp T_11;
    .thread T_11;
    .scope S_000001b0d22ae6e0;
T_12 ;
    %vpi_call 2 517 "$dumpfile", "pro_tbe1.vcd" {0 0 0};
    %vpi_call 2 518 "$dumpvars" {0 0 0};
    %end;
    .thread T_12;
# The file index is used to find the file name in the following table.
:file_names 6;
    "N/A";
    "<interactive>";
    ".\processor.v";
    ".\alu.v";
    ".\ram.v";
    ".\regfile.v";
