#! /c/Source/iverilog-install/bin/vvp
:ivl_version "12.0 (devel)" "(s20150603-1110-g18392a46)";
:ivl_delay_selection "TYPICAL";
:vpi_time_precision - 11;
:vpi_module "D:\iVerilog\lib\ivl\system.vpi";
:vpi_module "D:\iVerilog\lib\ivl\vhdl_sys.vpi";
:vpi_module "D:\iVerilog\lib\ivl\vhdl_textio.vpi";
:vpi_module "D:\iVerilog\lib\ivl\v2005_math.vpi";
:vpi_module "D:\iVerilog\lib\ivl\va_math.vpi";
S_000002795eea5a10 .scope module, "pro_tb2" "pro_tb2" 2 146;
 .timescale -9 -11;
v000002795ef3a660_0 .var "addr", 8 0;
v000002795ef3a700_0 .var "clock", 0 0;
v000002795ef3a7a0_0 .net "r0", 31 0, v000002795ef38660_0;  1 drivers
v000002795ef3b380_0 .net "r1", 31 0, v000002795ef37800_0;  1 drivers
v000002795ef3b2e0_0 .net "r2", 31 0, v000002795ef38020_0;  1 drivers
v000002795ef3a840_0 .net "r3", 31 0, v000002795ef37940_0;  1 drivers
v000002795ef3a8e0_0 .net "r4", 31 0, v000002795ef38b60_0;  1 drivers
v000002795ef3aac0_0 .net "r5", 31 0, v000002795ef379e0_0;  1 drivers
v000002795ef3b060_0 .net "r6", 31 0, v000002795ef38700_0;  1 drivers
v000002795ef3b1a0_0 .net "r7", 31 0, v000002795ef37c60_0;  1 drivers
o000002795eee09e8 .functor BUFZ 32, C4<zzzzzzzzzzzzzzzzzzzzzzzzzzzzzzzz>; HiZ drive
v000002795ef3b420_0 .net "valE", 31 0, o000002795eee09e8;  0 drivers
v000002795ef3b4c0_0 .var "wdata", 31 0;
v000002795ef3ab60_0 .var "working", 0 0;
v000002795ef3ac00_0 .var "wr", 0 0;
S_000002795eea5ba0 .scope module, "processor" "processor" 2 162, 2 3 0, S_000002795eea5a10;
 .timescale -9 -11;
    .port_info 0 /INPUT 1 "clock";
    .port_info 1 /INPUT 9 "addr";
    .port_info 2 /INPUT 1 "wr";
    .port_info 3 /INPUT 32 "wdata";
    .port_info 4 /INPUT 1 "working";
    .port_info 5 /OUTPUT 32 "valE";
    .port_info 6 /OUTPUT 32 "r0";
    .port_info 7 /OUTPUT 32 "r1";
    .port_info 8 /OUTPUT 32 "r2";
    .port_info 9 /OUTPUT 32 "r3";
    .port_info 10 /OUTPUT 32 "r4";
    .port_info 11 /OUTPUT 32 "r5";
    .port_info 12 /OUTPUT 32 "r6";
    .port_info 13 /OUTPUT 32 "r7";
P_000002795eed7240 .param/l "IRMOV" 0 2 26, C4<00010000>;
L_000002795eec5ce0 .functor BUFZ 32, v000002795eec0ad0_0, C4<00000000000000000000000000000000>, C4<00000000000000000000000000000000>, C4<00000000000000000000000000000000>;
v000002795ef38520_0 .var "D_icode", 3 0;
v000002795ef387a0_0 .var "D_ifun", 3 0;
v000002795ef38840_0 .var "D_rA", 3 0;
v000002795ef388e0_0 .var "D_rB", 3 0;
v000002795ef38a20_0 .var "D_valA", 31 0;
v000002795eebfbd0_0 .var "D_valB", 31 0;
v000002795ef3a480_0 .var "D_valC", 15 0;
v000002795ef3ad40_0 .var "E_dstM", 3 0;
v000002795ef3ae80_0 .var "E_valM", 31 0;
v000002795ef3a160_0 .net "F_read", 31 0, L_000002795eec5ce0;  1 drivers
v000002795ef3a980_0 .var "PC", 8 0;
L_000002795ef50988 .functor BUFT 1, C4<01>, C4<0>, C4<0>, C4<0>;
v000002795ef39b20_0 .net/2s *"_ivl_2", 1 0, L_000002795ef50988;  1 drivers
L_000002795ef509d0 .functor BUFT 1, C4<00>, C4<0>, C4<0>, C4<0>;
v000002795ef3a340_0 .net/2s *"_ivl_4", 1 0, L_000002795ef509d0;  1 drivers
v000002795ef3b560_0 .net *"_ivl_6", 1 0, L_000002795efa8730;  1 drivers
v000002795ef3b240_0 .net "addr", 8 0, v000002795ef3a660_0;  1 drivers
v000002795ef3b600_0 .net "addr_w", 8 0, L_000002795efa8690;  1 drivers
v000002795ef3a200_0 .net "clock", 0 0, v000002795ef3a700_0;  1 drivers
v000002795ef39bc0_0 .var "d_icode", 3 0;
v000002795ef3b6a0_0 .var "d_ifun", 3 0;
v000002795ef3a2a0_0 .var "d_rA", 3 0;
v000002795ef39d00_0 .var "d_rB", 3 0;
v000002795ef3ade0_0 .net "d_valA", 31 0, L_000002795efa9130;  1 drivers
v000002795ef39940_0 .net "d_valB", 31 0, L_000002795efa85f0;  1 drivers
v000002795ef3a0c0_0 .var "d_valC", 15 0;
v000002795ef39da0_0 .var "e_reg_rst", 0 0;
v000002795ef3b740_0 .net "r0", 31 0, v000002795ef38660_0;  alias, 1 drivers
v000002795ef398a0_0 .net "r1", 31 0, v000002795ef37800_0;  alias, 1 drivers
v000002795ef3a3e0_0 .net "r2", 31 0, v000002795ef38020_0;  alias, 1 drivers
v000002795ef39f80_0 .net "r3", 31 0, v000002795ef37940_0;  alias, 1 drivers
v000002795ef3af20_0 .net "r4", 31 0, v000002795ef38b60_0;  alias, 1 drivers
v000002795ef3afc0_0 .net "r5", 31 0, v000002795ef379e0_0;  alias, 1 drivers
v000002795ef39ee0_0 .net "r6", 31 0, v000002795ef38700_0;  alias, 1 drivers
v000002795ef39e40_0 .net "r7", 31 0, v000002795ef37c60_0;  alias, 1 drivers
v000002795ef39a80_0 .net "rd", 0 0, L_000002795efa8870;  1 drivers
v000002795ef39c60_0 .net "rdata", 31 0, v000002795eec0ad0_0;  1 drivers
v000002795ef3a020_0 .net "valE", 31 0, o000002795eee09e8;  alias, 0 drivers
v000002795ef3a520_0 .var "w_dstM", 3 0;
v000002795ef3b100_0 .var "w_valM", 31 0;
v000002795ef3aa20_0 .net "wdata", 31 0, v000002795ef3b4c0_0;  1 drivers
v000002795ef3a5c0_0 .net "working", 0 0, v000002795ef3ab60_0;  1 drivers
v000002795ef399e0_0 .net "wr", 0 0, v000002795ef3ac00_0;  1 drivers
L_000002795efa8690 .functor MUXZ 9, v000002795ef3a660_0, v000002795ef3a980_0, v000002795ef3ab60_0, C4<>;
L_000002795efa8730 .functor MUXZ 2, L_000002795ef509d0, L_000002795ef50988, v000002795ef3ab60_0, C4<>;
L_000002795efa8870 .part L_000002795efa8730, 0, 1;
S_000002795eea5d30 .scope module, "ram" "ram" 2 27, 3 3 0, S_000002795eea5ba0;
 .timescale -9 -11;
    .port_info 0 /INPUT 1 "clock";
    .port_info 1 /INPUT 9 "addr";
    .port_info 2 /INPUT 1 "wr";
    .port_info 3 /INPUT 32 "wdata";
    .port_info 4 /INPUT 1 "rd";
    .port_info 5 /OUTPUT 32 "rdata";
v000002795eec1610_0 .net "addr", 8 0, L_000002795efa8690;  alias, 1 drivers
v000002795eec0490_0 .net "clock", 0 0, v000002795ef3a700_0;  alias, 1 drivers
v000002795eec02b0 .array "ram", 0 255, 31 0;
v000002795eec1430_0 .net "rd", 0 0, L_000002795efa8870;  alias, 1 drivers
v000002795eec0ad0_0 .var "rdata", 31 0;
v000002795eec14d0_0 .net "wdata", 31 0, v000002795ef3b4c0_0;  alias, 1 drivers
v000002795eec0c10_0 .net "wr", 0 0, v000002795ef3ac00_0;  alias, 1 drivers
E_000002795eed7940 .event posedge, v000002795eec0490_0;
S_000002795ef4de00 .scope module, "regfile" "regfile" 2 35, 4 3 0, S_000002795eea5ba0;
 .timescale -9 -11;
    .port_info 0 /INPUT 4 "dstE";
    .port_info 1 /INPUT 32 "valE";
    .port_info 2 /INPUT 4 "dstM";
    .port_info 3 /INPUT 32 "valM";
    .port_info 4 /INPUT 4 "rA";
    .port_info 5 /INPUT 4 "rB";
    .port_info 6 /INPUT 1 "reset";
    .port_info 7 /INPUT 1 "clock";
    .port_info 8 /OUTPUT 32 "valA";
    .port_info 9 /OUTPUT 32 "valB";
    .port_info 10 /OUTPUT 32 "r0";
    .port_info 11 /OUTPUT 32 "r1";
    .port_info 12 /OUTPUT 32 "r2";
    .port_info 13 /OUTPUT 32 "r3";
    .port_info 14 /OUTPUT 32 "r4";
    .port_info 15 /OUTPUT 32 "r5";
    .port_info 16 /OUTPUT 32 "r6";
    .port_info 17 /OUTPUT 32 "r7";
v000002795eebf810_0 .net *"_ivl_0", 31 0, L_000002795ef3aca0;  1 drivers
L_000002795ef50628 .functor BUFT 1, C4<0000000000000000000000000000>, C4<0>, C4<0>, C4<0>;
v000002795eec0df0_0 .net *"_ivl_101", 27 0, L_000002795ef50628;  1 drivers
L_000002795ef50670 .functor BUFT 1, C4<00000000000000000000000000000010>, C4<0>, C4<0>, C4<0>;
v000002795eec0e90_0 .net/2u *"_ivl_102", 31 0, L_000002795ef50670;  1 drivers
v000002795eebfa90_0 .net *"_ivl_104", 0 0, L_000002795efa82d0;  1 drivers
v000002795eebfc70_0 .net *"_ivl_106", 31 0, L_000002795efa98b0;  1 drivers
L_000002795ef506b8 .functor BUFT 1, C4<0000000000000000000000000000>, C4<0>, C4<0>, C4<0>;
v000002795eec0fd0_0 .net *"_ivl_109", 27 0, L_000002795ef506b8;  1 drivers
L_000002795ef50118 .functor BUFT 1, C4<0000000000000000000000000000>, C4<0>, C4<0>, C4<0>;
v000002795eebfdb0_0 .net *"_ivl_11", 27 0, L_000002795ef50118;  1 drivers
L_000002795ef50700 .functor BUFT 1, C4<00000000000000000000000000000011>, C4<0>, C4<0>, C4<0>;
v000002795eec0170_0 .net/2u *"_ivl_110", 31 0, L_000002795ef50700;  1 drivers
v000002795eebfef0_0 .net *"_ivl_112", 0 0, L_000002795efa9c70;  1 drivers
v000002795eec0030_0 .net *"_ivl_114", 31 0, L_000002795efa84b0;  1 drivers
L_000002795ef50748 .functor BUFT 1, C4<0000000000000000000000000000>, C4<0>, C4<0>, C4<0>;
v000002795ee7f350_0 .net *"_ivl_117", 27 0, L_000002795ef50748;  1 drivers
L_000002795ef50790 .functor BUFT 1, C4<00000000000000000000000000000100>, C4<0>, C4<0>, C4<0>;
v000002795ee7f850_0 .net/2u *"_ivl_118", 31 0, L_000002795ef50790;  1 drivers
L_000002795ef50160 .functor BUFT 1, C4<00000000000000000000000000000001>, C4<0>, C4<0>, C4<0>;
v000002795ef35f70_0 .net/2u *"_ivl_12", 31 0, L_000002795ef50160;  1 drivers
v000002795ef35b10_0 .net *"_ivl_120", 0 0, L_000002795efa96d0;  1 drivers
v000002795ef36e70_0 .net *"_ivl_122", 31 0, L_000002795efa8550;  1 drivers
L_000002795ef507d8 .functor BUFT 1, C4<0000000000000000000000000000>, C4<0>, C4<0>, C4<0>;
v000002795ef35930_0 .net *"_ivl_125", 27 0, L_000002795ef507d8;  1 drivers
L_000002795ef50820 .functor BUFT 1, C4<00000000000000000000000000000101>, C4<0>, C4<0>, C4<0>;
v000002795ef354d0_0 .net/2u *"_ivl_126", 31 0, L_000002795ef50820;  1 drivers
v000002795ef36510_0 .net *"_ivl_128", 0 0, L_000002795efa91d0;  1 drivers
v000002795ef35110_0 .net *"_ivl_130", 31 0, L_000002795efa9770;  1 drivers
L_000002795ef50868 .functor BUFT 1, C4<0000000000000000000000000000>, C4<0>, C4<0>, C4<0>;
v000002795ef35890_0 .net *"_ivl_133", 27 0, L_000002795ef50868;  1 drivers
L_000002795ef508b0 .functor BUFT 1, C4<00000000000000000000000000000110>, C4<0>, C4<0>, C4<0>;
v000002795ef35570_0 .net/2u *"_ivl_134", 31 0, L_000002795ef508b0;  1 drivers
v000002795ef36790_0 .net *"_ivl_136", 0 0, L_000002795efa9810;  1 drivers
v000002795ef36f10_0 .net *"_ivl_138", 31 0, L_000002795efa9310;  1 drivers
v000002795ef357f0_0 .net *"_ivl_14", 0 0, L_000002795efa9b30;  1 drivers
L_000002795ef508f8 .functor BUFT 1, C4<0000000000000000000000000000>, C4<0>, C4<0>, C4<0>;
v000002795ef36330_0 .net *"_ivl_141", 27 0, L_000002795ef508f8;  1 drivers
L_000002795ef50940 .functor BUFT 1, C4<00000000000000000000000000000111>, C4<0>, C4<0>, C4<0>;
v000002795ef35610_0 .net/2u *"_ivl_142", 31 0, L_000002795ef50940;  1 drivers
v000002795ef36290_0 .net *"_ivl_144", 0 0, L_000002795efa99f0;  1 drivers
o000002795eedf488 .functor BUFZ 32, C4<zzzzzzzzzzzzzzzzzzzzzzzzzzzzzzzz>; HiZ drive
; Elide local net with no drivers, v000002795ef360b0_0 name=_ivl_146
v000002795ef359d0_0 .net *"_ivl_148", 31 0, L_000002795efa9bd0;  1 drivers
v000002795ef36150_0 .net *"_ivl_150", 31 0, L_000002795efa9d10;  1 drivers
v000002795ef35390_0 .net *"_ivl_152", 31 0, L_000002795efa9f90;  1 drivers
v000002795ef35e30_0 .net *"_ivl_154", 31 0, L_000002795efa8190;  1 drivers
v000002795ef36bf0_0 .net *"_ivl_156", 31 0, L_000002795efa87d0;  1 drivers
v000002795ef35070_0 .net *"_ivl_158", 31 0, L_000002795efa8370;  1 drivers
v000002795ef36dd0_0 .net *"_ivl_16", 31 0, L_000002795efa8f50;  1 drivers
v000002795ef36010_0 .net *"_ivl_160", 31 0, L_000002795efa8410;  1 drivers
L_000002795ef501a8 .functor BUFT 1, C4<0000000000000000000000000000>, C4<0>, C4<0>, C4<0>;
v000002795ef36d30_0 .net *"_ivl_19", 27 0, L_000002795ef501a8;  1 drivers
L_000002795ef501f0 .functor BUFT 1, C4<00000000000000000000000000000010>, C4<0>, C4<0>, C4<0>;
v000002795ef351b0_0 .net/2u *"_ivl_20", 31 0, L_000002795ef501f0;  1 drivers
v000002795ef35250_0 .net *"_ivl_22", 0 0, L_000002795efa8c30;  1 drivers
v000002795ef36c90_0 .net *"_ivl_24", 31 0, L_000002795efa89b0;  1 drivers
L_000002795ef50238 .functor BUFT 1, C4<0000000000000000000000000000>, C4<0>, C4<0>, C4<0>;
v000002795ef35a70_0 .net *"_ivl_27", 27 0, L_000002795ef50238;  1 drivers
L_000002795ef50280 .functor BUFT 1, C4<00000000000000000000000000000011>, C4<0>, C4<0>, C4<0>;
v000002795ef36ab0_0 .net/2u *"_ivl_28", 31 0, L_000002795ef50280;  1 drivers
L_000002795ef50088 .functor BUFT 1, C4<0000000000000000000000000000>, C4<0>, C4<0>, C4<0>;
v000002795ef35bb0_0 .net *"_ivl_3", 27 0, L_000002795ef50088;  1 drivers
v000002795ef35c50_0 .net *"_ivl_30", 0 0, L_000002795efa9590;  1 drivers
v000002795ef35cf0_0 .net *"_ivl_32", 31 0, L_000002795efa8910;  1 drivers
L_000002795ef502c8 .functor BUFT 1, C4<0000000000000000000000000000>, C4<0>, C4<0>, C4<0>;
v000002795ef36b50_0 .net *"_ivl_35", 27 0, L_000002795ef502c8;  1 drivers
L_000002795ef50310 .functor BUFT 1, C4<00000000000000000000000000000100>, C4<0>, C4<0>, C4<0>;
v000002795ef36830_0 .net/2u *"_ivl_36", 31 0, L_000002795ef50310;  1 drivers
v000002795ef365b0_0 .net *"_ivl_38", 0 0, L_000002795efa9ef0;  1 drivers
L_000002795ef500d0 .functor BUFT 1, C4<00000000000000000000000000000000>, C4<0>, C4<0>, C4<0>;
v000002795ef352f0_0 .net/2u *"_ivl_4", 31 0, L_000002795ef500d0;  1 drivers
v000002795ef35430_0 .net *"_ivl_40", 31 0, L_000002795efa9450;  1 drivers
L_000002795ef50358 .functor BUFT 1, C4<0000000000000000000000000000>, C4<0>, C4<0>, C4<0>;
v000002795ef36a10_0 .net *"_ivl_43", 27 0, L_000002795ef50358;  1 drivers
L_000002795ef503a0 .functor BUFT 1, C4<00000000000000000000000000000101>, C4<0>, C4<0>, C4<0>;
v000002795ef35d90_0 .net/2u *"_ivl_44", 31 0, L_000002795ef503a0;  1 drivers
v000002795ef356b0_0 .net *"_ivl_46", 0 0, L_000002795efa9630;  1 drivers
v000002795ef361f0_0 .net *"_ivl_48", 31 0, L_000002795efa8a50;  1 drivers
L_000002795ef503e8 .functor BUFT 1, C4<0000000000000000000000000000>, C4<0>, C4<0>, C4<0>;
v000002795ef35ed0_0 .net *"_ivl_51", 27 0, L_000002795ef503e8;  1 drivers
L_000002795ef50430 .functor BUFT 1, C4<00000000000000000000000000000110>, C4<0>, C4<0>, C4<0>;
v000002795ef363d0_0 .net/2u *"_ivl_52", 31 0, L_000002795ef50430;  1 drivers
v000002795ef368d0_0 .net *"_ivl_54", 0 0, L_000002795efa8eb0;  1 drivers
v000002795ef35750_0 .net *"_ivl_56", 31 0, L_000002795efa8af0;  1 drivers
L_000002795ef50478 .functor BUFT 1, C4<0000000000000000000000000000>, C4<0>, C4<0>, C4<0>;
v000002795ef36470_0 .net *"_ivl_59", 27 0, L_000002795ef50478;  1 drivers
v000002795ef366f0_0 .net *"_ivl_6", 0 0, L_000002795efa8b90;  1 drivers
L_000002795ef504c0 .functor BUFT 1, C4<00000000000000000000000000000111>, C4<0>, C4<0>, C4<0>;
v000002795ef36650_0 .net/2u *"_ivl_60", 31 0, L_000002795ef504c0;  1 drivers
v000002795ef36970_0 .net *"_ivl_62", 0 0, L_000002795efa8ff0;  1 drivers
o000002795eedfb18 .functor BUFZ 32, C4<zzzzzzzzzzzzzzzzzzzzzzzzzzzzzzzz>; HiZ drive
; Elide local net with no drivers, v000002795ef385c0_0 name=_ivl_64
v000002795ef371c0_0 .net *"_ivl_66", 31 0, L_000002795efa8e10;  1 drivers
v000002795ef38f20_0 .net *"_ivl_68", 31 0, L_000002795efa9270;  1 drivers
v000002795ef38ca0_0 .net *"_ivl_70", 31 0, L_000002795efa9e50;  1 drivers
v000002795ef37e40_0 .net *"_ivl_72", 31 0, L_000002795efa8d70;  1 drivers
v000002795ef38c00_0 .net *"_ivl_74", 31 0, L_000002795efa9090;  1 drivers
v000002795ef38de0_0 .net *"_ivl_76", 31 0, L_000002795efa8cd0;  1 drivers
v000002795ef38d40_0 .net *"_ivl_78", 31 0, L_000002795efa9950;  1 drivers
v000002795ef38ac0_0 .net *"_ivl_8", 31 0, L_000002795efa93b0;  1 drivers
v000002795ef37ee0_0 .net *"_ivl_82", 31 0, L_000002795efa9a90;  1 drivers
L_000002795ef50508 .functor BUFT 1, C4<0000000000000000000000000000>, C4<0>, C4<0>, C4<0>;
v000002795ef38e80_0 .net *"_ivl_85", 27 0, L_000002795ef50508;  1 drivers
L_000002795ef50550 .functor BUFT 1, C4<00000000000000000000000000000000>, C4<0>, C4<0>, C4<0>;
v000002795ef380c0_0 .net/2u *"_ivl_86", 31 0, L_000002795ef50550;  1 drivers
v000002795ef37b20_0 .net *"_ivl_88", 0 0, L_000002795efa9db0;  1 drivers
v000002795ef378a0_0 .net *"_ivl_90", 31 0, L_000002795efa80f0;  1 drivers
L_000002795ef50598 .functor BUFT 1, C4<0000000000000000000000000000>, C4<0>, C4<0>, C4<0>;
v000002795ef37da0_0 .net *"_ivl_93", 27 0, L_000002795ef50598;  1 drivers
L_000002795ef505e0 .functor BUFT 1, C4<00000000000000000000000000000001>, C4<0>, C4<0>, C4<0>;
v000002795ef37080_0 .net/2u *"_ivl_94", 31 0, L_000002795ef505e0;  1 drivers
v000002795ef37120_0 .net *"_ivl_96", 0 0, L_000002795efa8230;  1 drivers
v000002795ef38980_0 .net *"_ivl_98", 31 0, L_000002795efa94f0;  1 drivers
v000002795ef37260_0 .net "clock", 0 0, v000002795ef3a700_0;  alias, 1 drivers
o000002795eedfe78 .functor BUFZ 4, C4<zzzz>; HiZ drive
v000002795ef37bc0_0 .net "dstE", 3 0, o000002795eedfe78;  0 drivers
v000002795ef37300_0 .net "dstM", 3 0, v000002795ef3a520_0;  1 drivers
v000002795ef373a0_0 .net "r0", 31 0, v000002795ef38660_0;  alias, 1 drivers
v000002795ef38160_0 .net "r1", 31 0, v000002795ef37800_0;  alias, 1 drivers
v000002795ef37440_0 .net "r2", 31 0, v000002795ef38020_0;  alias, 1 drivers
v000002795ef374e0_0 .net "r3", 31 0, v000002795ef37940_0;  alias, 1 drivers
v000002795ef37580_0 .net "r4", 31 0, v000002795ef38b60_0;  alias, 1 drivers
v000002795ef37f80_0 .net "r5", 31 0, v000002795ef379e0_0;  alias, 1 drivers
v000002795ef376c0_0 .net "r6", 31 0, v000002795ef38700_0;  alias, 1 drivers
v000002795ef37620_0 .net "r7", 31 0, v000002795ef37c60_0;  alias, 1 drivers
v000002795ef37760_0 .net "rA", 3 0, v000002795ef3a2a0_0;  1 drivers
v000002795ef37a80_0 .net "rB", 3 0, v000002795ef39d00_0;  1 drivers
v000002795ef38660_0 .var "r_r0", 31 0;
v000002795ef37800_0 .var "r_r1", 31 0;
v000002795ef38020_0 .var "r_r2", 31 0;
v000002795ef37940_0 .var "r_r3", 31 0;
v000002795ef38b60_0 .var "r_r4", 31 0;
v000002795ef379e0_0 .var "r_r5", 31 0;
v000002795ef38700_0 .var "r_r6", 31 0;
v000002795ef37c60_0 .var "r_r7", 31 0;
v000002795ef37d00_0 .net "reset", 0 0, v000002795ef39da0_0;  1 drivers
v000002795ef38200_0 .net "valA", 31 0, L_000002795efa9130;  alias, 1 drivers
v000002795ef382a0_0 .net "valB", 31 0, L_000002795efa85f0;  alias, 1 drivers
o000002795eee02c8 .functor BUFZ 32, C4<zzzzzzzzzzzzzzzzzzzzzzzzzzzzzzzz>; HiZ drive
v000002795ef38340_0 .net "valE", 31 0, o000002795eee02c8;  0 drivers
v000002795ef383e0_0 .net "valM", 31 0, v000002795ef3b100_0;  1 drivers
E_000002795eed72c0/0 .event negedge, v000002795ef37d00_0;
E_000002795eed72c0/1 .event posedge, v000002795eec0490_0;
E_000002795eed72c0 .event/or E_000002795eed72c0/0, E_000002795eed72c0/1;
L_000002795ef3aca0 .concat [ 4 28 0 0], v000002795ef3a2a0_0, L_000002795ef50088;
L_000002795efa8b90 .cmp/eq 32, L_000002795ef3aca0, L_000002795ef500d0;
L_000002795efa93b0 .concat [ 4 28 0 0], v000002795ef3a2a0_0, L_000002795ef50118;
L_000002795efa9b30 .cmp/eq 32, L_000002795efa93b0, L_000002795ef50160;
L_000002795efa8f50 .concat [ 4 28 0 0], v000002795ef3a2a0_0, L_000002795ef501a8;
L_000002795efa8c30 .cmp/eq 32, L_000002795efa8f50, L_000002795ef501f0;
L_000002795efa89b0 .concat [ 4 28 0 0], v000002795ef3a2a0_0, L_000002795ef50238;
L_000002795efa9590 .cmp/eq 32, L_000002795efa89b0, L_000002795ef50280;
L_000002795efa8910 .concat [ 4 28 0 0], v000002795ef3a2a0_0, L_000002795ef502c8;
L_000002795efa9ef0 .cmp/eq 32, L_000002795efa8910, L_000002795ef50310;
L_000002795efa9450 .concat [ 4 28 0 0], v000002795ef3a2a0_0, L_000002795ef50358;
L_000002795efa9630 .cmp/eq 32, L_000002795efa9450, L_000002795ef503a0;
L_000002795efa8a50 .concat [ 4 28 0 0], v000002795ef3a2a0_0, L_000002795ef503e8;
L_000002795efa8eb0 .cmp/eq 32, L_000002795efa8a50, L_000002795ef50430;
L_000002795efa8af0 .concat [ 4 28 0 0], v000002795ef3a2a0_0, L_000002795ef50478;
L_000002795efa8ff0 .cmp/eq 32, L_000002795efa8af0, L_000002795ef504c0;
L_000002795efa8e10 .functor MUXZ 32, o000002795eedfb18, v000002795ef37c60_0, L_000002795efa8ff0, C4<>;
L_000002795efa9270 .functor MUXZ 32, L_000002795efa8e10, v000002795ef38700_0, L_000002795efa8eb0, C4<>;
L_000002795efa9e50 .functor MUXZ 32, L_000002795efa9270, v000002795ef379e0_0, L_000002795efa9630, C4<>;
L_000002795efa8d70 .functor MUXZ 32, L_000002795efa9e50, v000002795ef38b60_0, L_000002795efa9ef0, C4<>;
L_000002795efa9090 .functor MUXZ 32, L_000002795efa8d70, v000002795ef37940_0, L_000002795efa9590, C4<>;
L_000002795efa8cd0 .functor MUXZ 32, L_000002795efa9090, v000002795ef38020_0, L_000002795efa8c30, C4<>;
L_000002795efa9950 .functor MUXZ 32, L_000002795efa8cd0, v000002795ef37800_0, L_000002795efa9b30, C4<>;
L_000002795efa9130 .functor MUXZ 32, L_000002795efa9950, v000002795ef38660_0, L_000002795efa8b90, C4<>;
L_000002795efa9a90 .concat [ 4 28 0 0], v000002795ef39d00_0, L_000002795ef50508;
L_000002795efa9db0 .cmp/eq 32, L_000002795efa9a90, L_000002795ef50550;
L_000002795efa80f0 .concat [ 4 28 0 0], v000002795ef39d00_0, L_000002795ef50598;
L_000002795efa8230 .cmp/eq 32, L_000002795efa80f0, L_000002795ef505e0;
L_000002795efa94f0 .concat [ 4 28 0 0], v000002795ef39d00_0, L_000002795ef50628;
L_000002795efa82d0 .cmp/eq 32, L_000002795efa94f0, L_000002795ef50670;
L_000002795efa98b0 .concat [ 4 28 0 0], v000002795ef39d00_0, L_000002795ef506b8;
L_000002795efa9c70 .cmp/eq 32, L_000002795efa98b0, L_000002795ef50700;
L_000002795efa84b0 .concat [ 4 28 0 0], v000002795ef39d00_0, L_000002795ef50748;
L_000002795efa96d0 .cmp/eq 32, L_000002795efa84b0, L_000002795ef50790;
L_000002795efa8550 .concat [ 4 28 0 0], v000002795ef39d00_0, L_000002795ef507d8;
L_000002795efa91d0 .cmp/eq 32, L_000002795efa8550, L_000002795ef50820;
L_000002795efa9770 .concat [ 4 28 0 0], v000002795ef39d00_0, L_000002795ef50868;
L_000002795efa9810 .cmp/eq 32, L_000002795efa9770, L_000002795ef508b0;
L_000002795efa9310 .concat [ 4 28 0 0], v000002795ef39d00_0, L_000002795ef508f8;
L_000002795efa99f0 .cmp/eq 32, L_000002795efa9310, L_000002795ef50940;
L_000002795efa9bd0 .functor MUXZ 32, o000002795eedf488, v000002795ef37c60_0, L_000002795efa99f0, C4<>;
L_000002795efa9d10 .functor MUXZ 32, L_000002795efa9bd0, v000002795ef38700_0, L_000002795efa9810, C4<>;
L_000002795efa9f90 .functor MUXZ 32, L_000002795efa9d10, v000002795ef379e0_0, L_000002795efa91d0, C4<>;
L_000002795efa8190 .functor MUXZ 32, L_000002795efa9f90, v000002795ef38b60_0, L_000002795efa96d0, C4<>;
L_000002795efa87d0 .functor MUXZ 32, L_000002795efa8190, v000002795ef37940_0, L_000002795efa9c70, C4<>;
L_000002795efa8370 .functor MUXZ 32, L_000002795efa87d0, v000002795ef38020_0, L_000002795efa82d0, C4<>;
L_000002795efa8410 .functor MUXZ 32, L_000002795efa8370, v000002795ef37800_0, L_000002795efa8230, C4<>;
L_000002795efa85f0 .functor MUXZ 32, L_000002795efa8410, v000002795ef38660_0, L_000002795efa9db0, C4<>;
    .scope S_000002795eea5d30;
T_0 ;
    %pushi/vec4 0, 4294967295, 32;
    %store/vec4 v000002795eec0ad0_0, 0, 32;
    %end;
    .thread T_0;
    .scope S_000002795eea5d30;
T_1 ;
    %wait E_000002795eed7940;
    %load/vec4 v000002795eec0c10_0;
    %flag_set/vec4 8;
    %jmp/0xz  T_1.0, 8;
    %load/vec4 v000002795eec14d0_0;
    %load/vec4 v000002795eec1610_0;
    %pad/u 10;
    %ix/vec4 3;
    %ix/load 4, 0, 0; Constant delay
    %assign/vec4/a/d v000002795eec02b0, 0, 4;
T_1.0 ;
    %load/vec4 v000002795eec1430_0;
    %flag_set/vec4 8;
    %jmp/0xz  T_1.2, 8;
    %load/vec4 v000002795eec1610_0;
    %pad/u 10;
    %ix/vec4 4;
    %load/vec4a v000002795eec02b0, 4;
    %assign/vec4 v000002795eec0ad0_0, 0;
    %jmp T_1.3;
T_1.2 ;
    %pushi/vec4 0, 4294967295, 32;
    %assign/vec4 v000002795eec0ad0_0, 0;
T_1.3 ;
    %jmp T_1;
    .thread T_1;
    .scope S_000002795ef4de00;
T_2 ;
    %wait E_000002795eed72c0;
    %load/vec4 v000002795ef37d00_0;
    %flag_set/vec4 8;
    %jmp/0xz  T_2.0, 8;
    %pushi/vec4 0, 0, 32;
    %assign/vec4 v000002795ef38660_0, 0;
    %pushi/vec4 0, 0, 32;
    %assign/vec4 v000002795ef37800_0, 0;
    %pushi/vec4 0, 0, 32;
    %assign/vec4 v000002795ef38020_0, 0;
    %pushi/vec4 0, 0, 32;
    %assign/vec4 v000002795ef37940_0, 0;
    %pushi/vec4 0, 0, 32;
    %assign/vec4 v000002795ef38b60_0, 0;
    %pushi/vec4 0, 0, 32;
    %assign/vec4 v000002795ef379e0_0, 0;
    %pushi/vec4 0, 0, 32;
    %assign/vec4 v000002795ef38700_0, 0;
    %pushi/vec4 0, 0, 32;
    %assign/vec4 v000002795ef37c60_0, 0;
    %jmp T_2.1;
T_2.0 ;
    %load/vec4 v000002795ef37bc0_0;
    %dup/vec4;
    %pushi/vec4 0, 0, 4;
    %cmp/u;
    %jmp/1 T_2.2, 6;
    %dup/vec4;
    %pushi/vec4 1, 0, 4;
    %cmp/u;
    %jmp/1 T_2.3, 6;
    %dup/vec4;
    %pushi/vec4 2, 0, 4;
    %cmp/u;
    %jmp/1 T_2.4, 6;
    %dup/vec4;
    %pushi/vec4 3, 0, 4;
    %cmp/u;
    %jmp/1 T_2.5, 6;
    %dup/vec4;
    %pushi/vec4 4, 0, 4;
    %cmp/u;
    %jmp/1 T_2.6, 6;
    %dup/vec4;
    %pushi/vec4 5, 0, 4;
    %cmp/u;
    %jmp/1 T_2.7, 6;
    %dup/vec4;
    %pushi/vec4 6, 0, 4;
    %cmp/u;
    %jmp/1 T_2.8, 6;
    %dup/vec4;
    %pushi/vec4 7, 0, 4;
    %cmp/u;
    %jmp/1 T_2.9, 6;
    %jmp T_2.10;
T_2.2 ;
    %load/vec4 v000002795ef38340_0;
    %assign/vec4 v000002795ef38660_0, 0;
    %jmp T_2.10;
T_2.3 ;
    %load/vec4 v000002795ef38340_0;
    %assign/vec4 v000002795ef37800_0, 0;
    %jmp T_2.10;
T_2.4 ;
    %load/vec4 v000002795ef38340_0;
    %assign/vec4 v000002795ef38020_0, 0;
    %jmp T_2.10;
T_2.5 ;
    %load/vec4 v000002795ef38340_0;
    %assign/vec4 v000002795ef37940_0, 0;
    %jmp T_2.10;
T_2.6 ;
    %load/vec4 v000002795ef38340_0;
    %assign/vec4 v000002795ef38b60_0, 0;
    %jmp T_2.10;
T_2.7 ;
    %load/vec4 v000002795ef38340_0;
    %assign/vec4 v000002795ef379e0_0, 0;
    %jmp T_2.10;
T_2.8 ;
    %load/vec4 v000002795ef38340_0;
    %assign/vec4 v000002795ef38700_0, 0;
    %jmp T_2.10;
T_2.9 ;
    %load/vec4 v000002795ef38340_0;
    %assign/vec4 v000002795ef37c60_0, 0;
    %jmp T_2.10;
T_2.10 ;
    %pop/vec4 1;
    %load/vec4 v000002795ef37300_0;
    %dup/vec4;
    %pushi/vec4 0, 0, 4;
    %cmp/u;
    %jmp/1 T_2.11, 6;
    %dup/vec4;
    %pushi/vec4 1, 0, 4;
    %cmp/u;
    %jmp/1 T_2.12, 6;
    %dup/vec4;
    %pushi/vec4 2, 0, 4;
    %cmp/u;
    %jmp/1 T_2.13, 6;
    %dup/vec4;
    %pushi/vec4 3, 0, 4;
    %cmp/u;
    %jmp/1 T_2.14, 6;
    %dup/vec4;
    %pushi/vec4 4, 0, 4;
    %cmp/u;
    %jmp/1 T_2.15, 6;
    %dup/vec4;
    %pushi/vec4 5, 0, 4;
    %cmp/u;
    %jmp/1 T_2.16, 6;
    %dup/vec4;
    %pushi/vec4 6, 0, 4;
    %cmp/u;
    %jmp/1 T_2.17, 6;
    %dup/vec4;
    %pushi/vec4 7, 0, 4;
    %cmp/u;
    %jmp/1 T_2.18, 6;
    %jmp T_2.19;
T_2.11 ;
    %load/vec4 v000002795ef383e0_0;
    %assign/vec4 v000002795ef38660_0, 0;
    %jmp T_2.19;
T_2.12 ;
    %load/vec4 v000002795ef383e0_0;
    %assign/vec4 v000002795ef37800_0, 0;
    %jmp T_2.19;
T_2.13 ;
    %load/vec4 v000002795ef383e0_0;
    %assign/vec4 v000002795ef38020_0, 0;
    %jmp T_2.19;
T_2.14 ;
    %load/vec4 v000002795ef383e0_0;
    %assign/vec4 v000002795ef37940_0, 0;
    %jmp T_2.19;
T_2.15 ;
    %load/vec4 v000002795ef383e0_0;
    %assign/vec4 v000002795ef38b60_0, 0;
    %jmp T_2.19;
T_2.16 ;
    %load/vec4 v000002795ef383e0_0;
    %assign/vec4 v000002795ef379e0_0, 0;
    %jmp T_2.19;
T_2.17 ;
    %load/vec4 v000002795ef383e0_0;
    %assign/vec4 v000002795ef38700_0, 0;
    %jmp T_2.19;
T_2.18 ;
    %load/vec4 v000002795ef383e0_0;
    %assign/vec4 v000002795ef37c60_0, 0;
    %jmp T_2.19;
T_2.19 ;
    %pop/vec4 1;
T_2.1 ;
    %jmp T_2;
    .thread T_2;
    .scope S_000002795eea5ba0;
T_3 ;
    %pushi/vec4 0, 0, 9;
    %store/vec4 v000002795ef3a980_0, 0, 9;
    %pushi/vec4 0, 15, 4;
    %store/vec4 v000002795ef39bc0_0, 0, 4;
    %pushi/vec4 0, 15, 4;
    %store/vec4 v000002795ef3b6a0_0, 0, 4;
    %pushi/vec4 0, 15, 4;
    %store/vec4 v000002795ef3a2a0_0, 0, 4;
    %pushi/vec4 0, 15, 4;
    %store/vec4 v000002795ef39d00_0, 0, 4;
    %pushi/vec4 0, 65535, 16;
    %store/vec4 v000002795ef3a0c0_0, 0, 16;
    %pushi/vec4 0, 15, 4;
    %store/vec4 v000002795ef38520_0, 0, 4;
    %pushi/vec4 0, 15, 4;
    %store/vec4 v000002795ef387a0_0, 0, 4;
    %pushi/vec4 0, 15, 4;
    %store/vec4 v000002795ef38840_0, 0, 4;
    %pushi/vec4 0, 15, 4;
    %store/vec4 v000002795ef388e0_0, 0, 4;
    %pushi/vec4 0, 4294967295, 32;
    %store/vec4 v000002795ef38a20_0, 0, 32;
    %pushi/vec4 0, 4294967295, 32;
    %store/vec4 v000002795eebfbd0_0, 0, 32;
    %pushi/vec4 0, 65535, 16;
    %store/vec4 v000002795ef3a480_0, 0, 16;
    %pushi/vec4 0, 15, 4;
    %store/vec4 v000002795ef3ad40_0, 0, 4;
    %pushi/vec4 0, 4294967295, 32;
    %store/vec4 v000002795ef3ae80_0, 0, 32;
    %pushi/vec4 0, 15, 4;
    %store/vec4 v000002795ef3a520_0, 0, 4;
    %pushi/vec4 0, 4294967295, 32;
    %store/vec4 v000002795ef3b100_0, 0, 32;
    %end;
    .thread T_3;
    .scope S_000002795eea5ba0;
T_4 ;
    %wait E_000002795eed7940;
    %load/vec4 v000002795ef3a5c0_0;
    %flag_set/vec4 8;
    %jmp/0xz  T_4.0, 8;
    %load/vec4 v000002795ef3a980_0;
    %addi 1, 0, 9;
    %assign/vec4 v000002795ef3a980_0, 0;
T_4.0 ;
    %jmp T_4;
    .thread T_4;
    .scope S_000002795eea5ba0;
T_5 ;
    %wait E_000002795eed7940;
    %load/vec4 v000002795ef3a5c0_0;
    %flag_set/vec4 8;
    %jmp/0xz  T_5.0, 8;
    %load/vec4 v000002795ef3a160_0;
    %parti/s 4, 28, 6;
    %assign/vec4 v000002795ef39bc0_0, 0;
    %load/vec4 v000002795ef3a160_0;
    %parti/s 4, 24, 6;
    %assign/vec4 v000002795ef3b6a0_0, 0;
    %load/vec4 v000002795ef3a160_0;
    %parti/s 4, 20, 6;
    %assign/vec4 v000002795ef3a2a0_0, 0;
    %load/vec4 v000002795ef3a160_0;
    %parti/s 4, 16, 6;
    %assign/vec4 v000002795ef39d00_0, 0;
    %load/vec4 v000002795ef3a160_0;
    %parti/s 16, 0, 2;
    %assign/vec4 v000002795ef3a0c0_0, 0;
    %load/vec4 v000002795ef39bc0_0;
    %assign/vec4 v000002795ef38520_0, 0;
    %load/vec4 v000002795ef3b6a0_0;
    %assign/vec4 v000002795ef387a0_0, 0;
    %load/vec4 v000002795ef3a2a0_0;
    %assign/vec4 v000002795ef38840_0, 0;
    %load/vec4 v000002795ef39d00_0;
    %assign/vec4 v000002795ef388e0_0, 0;
    %load/vec4 v000002795ef3a0c0_0;
    %assign/vec4 v000002795ef3a480_0, 0;
    %load/vec4 v000002795ef3ade0_0;
    %assign/vec4 v000002795ef38a20_0, 0;
    %load/vec4 v000002795ef39940_0;
    %assign/vec4 v000002795eebfbd0_0, 0;
T_5.0 ;
    %jmp T_5;
    .thread T_5;
    .scope S_000002795eea5ba0;
T_6 ;
    %pushi/vec4 1, 0, 1;
    %assign/vec4 v000002795ef39da0_0, 0;
    %delay 2000, 0;
    %pushi/vec4 0, 0, 1;
    %assign/vec4 v000002795ef39da0_0, 0;
    %end;
    .thread T_6;
    .scope S_000002795eea5ba0;
T_7 ;
    %wait E_000002795eed7940;
    %load/vec4 v000002795ef38520_0;
    %load/vec4 v000002795ef387a0_0;
    %concat/vec4; draw_concat_vec4
    %cmpi/e 16, 0, 8;
    %jmp/0xz  T_7.0, 4;
    %load/vec4 v000002795ef388e0_0;
    %assign/vec4 v000002795ef3ad40_0, 0;
    %load/vec4 v000002795ef3a480_0;
    %pad/u 32;
    %assign/vec4 v000002795ef3ae80_0, 0;
T_7.0 ;
    %jmp T_7;
    .thread T_7;
    .scope S_000002795eea5ba0;
T_8 ;
    %wait E_000002795eed7940;
    %load/vec4 v000002795ef3ad40_0;
    %assign/vec4 v000002795ef3a520_0, 0;
    %load/vec4 v000002795ef3ae80_0;
    %assign/vec4 v000002795ef3b100_0, 0;
    %jmp T_8;
    .thread T_8;
    .scope S_000002795eea5a10;
T_9 ;
    %pushi/vec4 0, 0, 1;
    %assign/vec4 v000002795ef3a700_0, 0;
    %pushi/vec4 0, 0, 9;
    %assign/vec4 v000002795ef3a660_0, 0;
    %pushi/vec4 0, 0, 1;
    %assign/vec4 v000002795ef3ac00_0, 0;
    %pushi/vec4 0, 0, 32;
    %assign/vec4 v000002795ef3b4c0_0, 0;
    %pushi/vec4 0, 0, 1;
    %assign/vec4 v000002795ef3ab60_0, 0;
    %delay 2000, 0;
    %pushi/vec4 0, 0, 9;
    %assign/vec4 v000002795ef3a660_0, 0;
    %pushi/vec4 1, 0, 1;
    %assign/vec4 v000002795ef3ac00_0, 0;
    %pushi/vec4 284164224, 0, 32;
    %assign/vec4 v000002795ef3b4c0_0, 0;
    %delay 2000, 0;
    %pushi/vec4 1, 0, 9;
    %assign/vec4 v000002795ef3a660_0, 0;
    %pushi/vec4 1, 0, 1;
    %assign/vec4 v000002795ef3ac00_0, 0;
    %pushi/vec4 284229761, 0, 32;
    %assign/vec4 v000002795ef3b4c0_0, 0;
    %delay 2000, 0;
    %pushi/vec4 2, 0, 9;
    %assign/vec4 v000002795ef3a660_0, 0;
    %pushi/vec4 1, 0, 1;
    %assign/vec4 v000002795ef3ac00_0, 0;
    %pushi/vec4 284295298, 0, 32;
    %assign/vec4 v000002795ef3b4c0_0, 0;
    %delay 2000, 0;
    %pushi/vec4 3, 0, 9;
    %assign/vec4 v000002795ef3a660_0, 0;
    %pushi/vec4 1, 0, 1;
    %assign/vec4 v000002795ef3ac00_0, 0;
    %pushi/vec4 284360835, 0, 32;
    %assign/vec4 v000002795ef3b4c0_0, 0;
    %delay 2000, 0;
    %pushi/vec4 4, 0, 9;
    %assign/vec4 v000002795ef3a660_0, 0;
    %pushi/vec4 1, 0, 1;
    %assign/vec4 v000002795ef3ac00_0, 0;
    %pushi/vec4 284426372, 0, 32;
    %assign/vec4 v000002795ef3b4c0_0, 0;
    %delay 2000, 0;
    %pushi/vec4 5, 0, 9;
    %assign/vec4 v000002795ef3a660_0, 0;
    %pushi/vec4 1, 0, 1;
    %assign/vec4 v000002795ef3ac00_0, 0;
    %pushi/vec4 284491909, 0, 32;
    %assign/vec4 v000002795ef3b4c0_0, 0;
    %delay 2000, 0;
    %pushi/vec4 6, 0, 9;
    %assign/vec4 v000002795ef3a660_0, 0;
    %pushi/vec4 1, 0, 1;
    %assign/vec4 v000002795ef3ac00_0, 0;
    %pushi/vec4 284557446, 0, 32;
    %assign/vec4 v000002795ef3b4c0_0, 0;
    %delay 2000, 0;
    %pushi/vec4 7, 0, 9;
    %assign/vec4 v000002795ef3a660_0, 0;
    %pushi/vec4 1, 0, 1;
    %assign/vec4 v000002795ef3ac00_0, 0;
    %pushi/vec4 284622983, 0, 32;
    %assign/vec4 v000002795ef3b4c0_0, 0;
    %delay 2000, 0;
    %pushi/vec4 8, 0, 9;
    %assign/vec4 v000002795ef3a660_0, 0;
    %pushi/vec4 1, 0, 1;
    %assign/vec4 v000002795ef3ac00_0, 0;
    %pushi/vec4 536936448, 0, 32;
    %assign/vec4 v000002795ef3b4c0_0, 0;
    %delay 2000, 0;
    %pushi/vec4 9, 0, 9;
    %assign/vec4 v000002795ef3a660_0, 0;
    %pushi/vec4 1, 0, 1;
    %assign/vec4 v000002795ef3ac00_0, 0;
    %pushi/vec4 555941888, 0, 32;
    %assign/vec4 v000002795ef3b4c0_0, 0;
    %delay 2000, 0;
    %pushi/vec4 10, 0, 9;
    %assign/vec4 v000002795ef3a660_0, 0;
    %pushi/vec4 1, 0, 1;
    %assign/vec4 v000002795ef3ac00_0, 0;
    %pushi/vec4 574947328, 0, 32;
    %assign/vec4 v000002795ef3b4c0_0, 0;
    %delay 2000, 0;
    %pushi/vec4 11, 0, 9;
    %assign/vec4 v000002795ef3a660_0, 0;
    %pushi/vec4 1, 0, 1;
    %assign/vec4 v000002795ef3ac00_0, 0;
    %pushi/vec4 593952768, 0, 32;
    %assign/vec4 v000002795ef3b4c0_0, 0;
    %delay 2000, 0;
    %pushi/vec4 0, 0, 9;
    %assign/vec4 v000002795ef3a660_0, 0;
    %pushi/vec4 0, 0, 1;
    %assign/vec4 v000002795ef3ac00_0, 0;
    %pushi/vec4 0, 0, 32;
    %assign/vec4 v000002795ef3b4c0_0, 0;
    %delay 1000, 0;
    %pushi/vec4 1, 0, 1;
    %assign/vec4 v000002795ef3ab60_0, 0;
    %delay 50000, 0;
    %vpi_call 2 195 "$stop" {0 0 0};
    %end;
    .thread T_9;
    .scope S_000002795eea5a10;
T_10 ;
    %delay 1000, 0;
    %load/vec4 v000002795ef3a700_0;
    %inv;
    %store/vec4 v000002795ef3a700_0, 0, 1;
    %jmp T_10;
    .thread T_10;
    .scope S_000002795eea5a10;
T_11 ;
    %vpi_call 2 199 "$dumpfile", "pro_tb3.vcd" {0 0 0};
    %vpi_call 2 200 "$dumpvars" {0 0 0};
    %end;
    .thread T_11;
# The file index is used to find the file name in the following table.
:file_names 5;
    "N/A";
    "<interactive>";
    ".\processor.v";
    ".\ram.v";
    ".\regfile.v";
