#! /c/Source/iverilog-install/bin/vvp
:ivl_version "12.0 (devel)" "(s20150603-1110-g18392a46)";
:ivl_delay_selection "TYPICAL";
:vpi_time_precision - 11;
:vpi_module "D:\iVerilog\lib\ivl\system.vpi";
:vpi_module "D:\iVerilog\lib\ivl\vhdl_sys.vpi";
:vpi_module "D:\iVerilog\lib\ivl\vhdl_textio.vpi";
:vpi_module "D:\iVerilog\lib\ivl\v2005_math.vpi";
:vpi_module "D:\iVerilog\lib\ivl\va_math.vpi";
S_00000259ec73e750 .scope module, "pro_tb4" "pro_tb4" 2 171;
 .timescale -9 -11;
v00000259ec87d3c0_0 .var "addr", 8 0;
v00000259ec87e9a0_0 .var "clock", 0 0;
v00000259ec87d820_0 .net "r0", 31 0, v00000259ec8799e0_0;  1 drivers
v00000259ec87eea0_0 .net "r1", 31 0, v00000259ec87a520_0;  1 drivers
v00000259ec87e220_0 .net "r2", 31 0, v00000259ec87a200_0;  1 drivers
v00000259ec87d460_0 .net "r3", 31 0, v00000259ec87a660_0;  1 drivers
v00000259ec87ef40_0 .net "r4", 31 0, v00000259ec87a7a0_0;  1 drivers
v00000259ec87e040_0 .net "r5", 31 0, v00000259ec879e40_0;  1 drivers
v00000259ec87ddc0_0 .net "r6", 31 0, v00000259ec87a2a0_0;  1 drivers
v00000259ec87ea40_0 .net "r7", 31 0, v00000259ec87a3e0_0;  1 drivers
v00000259ec87eae0_0 .net "valE", 31 0, L_00000259ec72b5a0;  1 drivers
v00000259ec87e360_0 .var "wdata", 31 0;
v00000259ec87d500_0 .var "working", 0 0;
v00000259ec87eb80_0 .var "wr", 0 0;
S_00000259ec6ecb60 .scope module, "processor" "processor" 2 186, 2 3 0, S_00000259ec73e750;
 .timescale -9 -11;
    .port_info 0 /INPUT 1 "clock";
    .port_info 1 /INPUT 9 "addr";
    .port_info 2 /INPUT 1 "wr";
    .port_info 3 /INPUT 32 "wdata";
    .port_info 4 /INPUT 1 "working";
    .port_info 5 /OUTPUT 32 "valE";
    .port_info 6 /OUTPUT 32 "r0";
    .port_info 7 /OUTPUT 32 "r1";
    .port_info 8 /OUTPUT 32 "r2";
    .port_info 9 /OUTPUT 32 "r3";
    .port_info 10 /OUTPUT 32 "r4";
    .port_info 11 /OUTPUT 32 "r5";
    .port_info 12 /OUTPUT 32 "r6";
    .port_info 13 /OUTPUT 32 "r7";
P_00000259ec72d710 .param/l "ADD" 0 2 27, C4<00100000>;
P_00000259ec72d748 .param/l "AND" 0 2 29, C4<00100010>;
P_00000259ec72d780 .param/l "IRMOV" 0 2 26, C4<00010000>;
P_00000259ec72d7b8 .param/l "SUB" 0 2 28, C4<00100001>;
P_00000259ec72d7f0 .param/l "XOR" 0 2 30, C4<00100011>;
L_00000259ec72bae0 .functor BUFZ 32, v00000259ec77d020_0, C4<00000000000000000000000000000000>, C4<00000000000000000000000000000000>, C4<00000000000000000000000000000000>;
L_00000259ec72b5a0 .functor BUFZ 32, L_00000259ec8da800, C4<00000000000000000000000000000000>, C4<00000000000000000000000000000000>, C4<00000000000000000000000000000000>;
v00000259ec87ade0_0 .var "D_icode", 3 0;
v00000259ec87a5c0_0 .var "D_ifun", 3 0;
v00000259ec87a840_0 .var "D_rA", 3 0;
v00000259ec879440_0 .var "D_rB", 3 0;
v00000259ec87a8e0_0 .var "D_valA", 31 0;
v00000259ec879260_0 .var "D_valB", 31 0;
v00000259ec87a980_0 .var "D_valC", 15 0;
v00000259ec879620_0 .var "E_dstE", 3 0;
v00000259ec879f80_0 .var "E_dstM", 3 0;
v00000259ec87aa20_0 .var "E_valE", 31 0;
v00000259ec879da0_0 .var "E_valM", 31 0;
v00000259ec87ac00_0 .net "F_read", 31 0, L_00000259ec72bae0;  1 drivers
v00000259ec8793a0_0 .var "PC", 8 0;
L_00000259ec87fd58 .functor BUFT 1, C4<01>, C4<0>, C4<0>, C4<0>;
v00000259ec8794e0_0 .net/2s *"_ivl_2", 1 0, L_00000259ec87fd58;  1 drivers
v00000259ec879940_0 .net *"_ivl_30", 7 0, L_00000259ec8d95e0;  1 drivers
L_00000259ec87fde8 .functor BUFT 1, C4<00100000>, C4<0>, C4<0>, C4<0>;
v00000259ec87a020_0 .net/2u *"_ivl_32", 7 0, L_00000259ec87fde8;  1 drivers
v00000259ec87a0c0_0 .net *"_ivl_34", 0 0, L_00000259ec8d9e00;  1 drivers
L_00000259ec87fe30 .functor BUFT 1, C4<0000>, C4<0>, C4<0>, C4<0>;
v00000259ec87a160_0 .net/2u *"_ivl_36", 3 0, L_00000259ec87fe30;  1 drivers
v00000259ec77d700_0 .net *"_ivl_38", 7 0, L_00000259ec8dabc0;  1 drivers
L_00000259ec87fda0 .functor BUFT 1, C4<00>, C4<0>, C4<0>, C4<0>;
v00000259ec87c2b0_0 .net/2s *"_ivl_4", 1 0, L_00000259ec87fda0;  1 drivers
L_00000259ec87fe78 .functor BUFT 1, C4<00100001>, C4<0>, C4<0>, C4<0>;
v00000259ec87b1d0_0 .net/2u *"_ivl_40", 7 0, L_00000259ec87fe78;  1 drivers
v00000259ec87c530_0 .net *"_ivl_42", 0 0, L_00000259ec8d99a0;  1 drivers
L_00000259ec87fec0 .functor BUFT 1, C4<0001>, C4<0>, C4<0>, C4<0>;
v00000259ec87cd50_0 .net/2u *"_ivl_44", 3 0, L_00000259ec87fec0;  1 drivers
v00000259ec87b130_0 .net *"_ivl_46", 7 0, L_00000259ec8dad00;  1 drivers
L_00000259ec87ff08 .functor BUFT 1, C4<00100010>, C4<0>, C4<0>, C4<0>;
v00000259ec87b6d0_0 .net/2u *"_ivl_48", 7 0, L_00000259ec87ff08;  1 drivers
v00000259ec87b9f0_0 .net *"_ivl_50", 0 0, L_00000259ec8da120;  1 drivers
L_00000259ec87ff50 .functor BUFT 1, C4<0010>, C4<0>, C4<0>, C4<0>;
v00000259ec87c350_0 .net/2u *"_ivl_52", 3 0, L_00000259ec87ff50;  1 drivers
v00000259ec87c710_0 .net *"_ivl_54", 7 0, L_00000259ec8da1c0;  1 drivers
L_00000259ec87ff98 .functor BUFT 1, C4<00100011>, C4<0>, C4<0>, C4<0>;
v00000259ec87bdb0_0 .net/2u *"_ivl_56", 7 0, L_00000259ec87ff98;  1 drivers
v00000259ec87c990_0 .net *"_ivl_58", 0 0, L_00000259ec8dac60;  1 drivers
v00000259ec87ba90_0 .net *"_ivl_6", 1 0, L_00000259ec8da8a0;  1 drivers
L_00000259ec87ffe0 .functor BUFT 1, C4<0011>, C4<0>, C4<0>, C4<0>;
v00000259ec87ccb0_0 .net/2u *"_ivl_60", 3 0, L_00000259ec87ffe0;  1 drivers
o00000259ec741348 .functor BUFZ 4, C4<zzzz>; HiZ drive
; Elide local net with no drivers, v00000259ec87ca30_0 name=_ivl_62
v00000259ec87cad0_0 .net *"_ivl_64", 3 0, L_00000259ec8daee0;  1 drivers
v00000259ec87c7b0_0 .net *"_ivl_66", 3 0, L_00000259ec8d9b80;  1 drivers
v00000259ec87b3b0_0 .net *"_ivl_68", 3 0, L_00000259ec8dada0;  1 drivers
v00000259ec87b770_0 .net "addr", 8 0, v00000259ec87d3c0_0;  1 drivers
v00000259ec87c850_0 .net "addr_w", 8 0, L_00000259ec8daf80;  1 drivers
v00000259ec87b450_0 .net "clock", 0 0, v00000259ec87e9a0_0;  1 drivers
v00000259ec87b810_0 .var "d_icode", 3 0;
v00000259ec87b590_0 .var "d_ifun", 3 0;
v00000259ec87cc10_0 .var "d_rA", 3 0;
v00000259ec87c8f0_0 .var "d_rB", 3 0;
v00000259ec87cdf0_0 .net "d_valA", 31 0, L_00000259ec87e540;  1 drivers
v00000259ec87b090_0 .net "d_valB", 31 0, L_00000259ec8da9e0;  1 drivers
v00000259ec87be50_0 .var "d_valC", 15 0;
v00000259ec87cb70_0 .net "e_alufun", 3 0, L_00000259ec8d9a40;  1 drivers
v00000259ec87c3f0_0 .var "e_reg_rst", 0 0;
v00000259ec87ce90_0 .net "e_valA", 31 0, v00000259ec87a8e0_0;  1 drivers
v00000259ec87c030_0 .net "e_valB", 31 0, v00000259ec879260_0;  1 drivers
v00000259ec87bc70_0 .net "e_valE", 31 0, L_00000259ec8da800;  1 drivers
v00000259ec87c490_0 .net "r0", 31 0, v00000259ec8799e0_0;  alias, 1 drivers
v00000259ec87b8b0_0 .net "r1", 31 0, v00000259ec87a520_0;  alias, 1 drivers
v00000259ec87bef0_0 .net "r2", 31 0, v00000259ec87a200_0;  alias, 1 drivers
v00000259ec87c5d0_0 .net "r3", 31 0, v00000259ec87a660_0;  alias, 1 drivers
v00000259ec87b4f0_0 .net "r4", 31 0, v00000259ec87a7a0_0;  alias, 1 drivers
v00000259ec87c670_0 .net "r5", 31 0, v00000259ec879e40_0;  alias, 1 drivers
v00000259ec87bf90_0 .net "r6", 31 0, v00000259ec87a2a0_0;  alias, 1 drivers
v00000259ec87b630_0 .net "r7", 31 0, v00000259ec87a3e0_0;  alias, 1 drivers
v00000259ec87bb30_0 .net "rd", 0 0, L_00000259ec8d92c0;  1 drivers
v00000259ec87bbd0_0 .net "rdata", 31 0, v00000259ec77d020_0;  1 drivers
v00000259ec87cf30_0 .net "valE", 31 0, L_00000259ec72b5a0;  alias, 1 drivers
v00000259ec87b270_0 .var "w_dstE", 3 0;
v00000259ec87b950_0 .var "w_dstM", 3 0;
v00000259ec87bd10_0 .var "w_valE", 31 0;
v00000259ec87b310_0 .var "w_valM", 31 0;
v00000259ec87c0d0_0 .net "wdata", 31 0, v00000259ec87e360_0;  1 drivers
v00000259ec87c170_0 .net "working", 0 0, v00000259ec87d500_0;  1 drivers
v00000259ec87c210_0 .net "wr", 0 0, v00000259ec87eb80_0;  1 drivers
L_00000259ec8daf80 .functor MUXZ 9, v00000259ec87d3c0_0, v00000259ec8793a0_0, v00000259ec87d500_0, C4<>;
L_00000259ec8da8a0 .functor MUXZ 2, L_00000259ec87fda0, L_00000259ec87fd58, v00000259ec87d500_0, C4<>;
L_00000259ec8d92c0 .part L_00000259ec8da8a0, 0, 1;
L_00000259ec8d95e0 .concat [ 4 4 0 0], v00000259ec87a5c0_0, v00000259ec87ade0_0;
L_00000259ec8d9e00 .cmp/eq 8, L_00000259ec8d95e0, L_00000259ec87fde8;
L_00000259ec8dabc0 .concat [ 4 4 0 0], v00000259ec87a5c0_0, v00000259ec87ade0_0;
L_00000259ec8d99a0 .cmp/eq 8, L_00000259ec8dabc0, L_00000259ec87fe78;
L_00000259ec8dad00 .concat [ 4 4 0 0], v00000259ec87a5c0_0, v00000259ec87ade0_0;
L_00000259ec8da120 .cmp/eq 8, L_00000259ec8dad00, L_00000259ec87ff08;
L_00000259ec8da1c0 .concat [ 4 4 0 0], v00000259ec87a5c0_0, v00000259ec87ade0_0;
L_00000259ec8dac60 .cmp/eq 8, L_00000259ec8da1c0, L_00000259ec87ff98;
L_00000259ec8daee0 .functor MUXZ 4, o00000259ec741348, L_00000259ec87ffe0, L_00000259ec8dac60, C4<>;
L_00000259ec8d9b80 .functor MUXZ 4, L_00000259ec8daee0, L_00000259ec87ff50, L_00000259ec8da120, C4<>;
L_00000259ec8dada0 .functor MUXZ 4, L_00000259ec8d9b80, L_00000259ec87fec0, L_00000259ec8d99a0, C4<>;
L_00000259ec8d9a40 .functor MUXZ 4, L_00000259ec8dada0, L_00000259ec87fe30, L_00000259ec8d9e00, C4<>;
S_00000259ec6eccf0 .scope module, "alu" "alu" 2 59, 3 2 0, S_00000259ec6ecb60;
 .timescale -9 -11;
    .port_info 0 /INPUT 32 "aluA";
    .port_info 1 /INPUT 32 "aluB";
    .port_info 2 /INPUT 4 "alufun";
    .port_info 3 /OUTPUT 32 "valE";
L_00000259ec72b450 .functor AND 1, L_00000259ec8dae40, L_00000259ec8d90e0, C4<1>, C4<1>;
L_00000259ec72b530 .functor AND 1, L_00000259ec8da440, L_00000259ec8da260, C4<1>, C4<1>;
L_00000259ec72c100 .functor AND 1, L_00000259ec8d94a0, L_00000259ec8d9180, C4<1>, C4<1>;
L_00000259ec72b840 .functor OR 1, L_00000259ec72b530, L_00000259ec72c100, C4<0>, C4<0>;
v00000259ec724290_0 .net *"_ivl_0", 31 0, L_00000259ec8d9400;  1 drivers
v00000259ec7257d0_0 .net *"_ivl_10", 31 0, L_00000259ec8da080;  1 drivers
L_00000259ec87f9f8 .functor BUFT 1, C4<0000000000000000000000000000>, C4<0>, C4<0>, C4<0>;
v00000259ec7239d0_0 .net *"_ivl_13", 27 0, L_00000259ec87f9f8;  1 drivers
L_00000259ec87fa40 .functor BUFT 1, C4<00000000000000000000000000000001>, C4<0>, C4<0>, C4<0>;
v00000259ec724ab0_0 .net/2u *"_ivl_14", 31 0, L_00000259ec87fa40;  1 drivers
v00000259ec7246f0_0 .net *"_ivl_16", 0 0, L_00000259ec8dab20;  1 drivers
v00000259ec724e70_0 .net *"_ivl_18", 31 0, L_00000259ec8d9d60;  1 drivers
v00000259ec724330_0 .net *"_ivl_20", 31 0, L_00000259ec8d9860;  1 drivers
L_00000259ec87fa88 .functor BUFT 1, C4<0000000000000000000000000000>, C4<0>, C4<0>, C4<0>;
v00000259ec724790_0 .net *"_ivl_23", 27 0, L_00000259ec87fa88;  1 drivers
L_00000259ec87fad0 .functor BUFT 1, C4<00000000000000000000000000000010>, C4<0>, C4<0>, C4<0>;
v00000259ec724f10_0 .net/2u *"_ivl_24", 31 0, L_00000259ec87fad0;  1 drivers
v00000259ec725190_0 .net *"_ivl_26", 0 0, L_00000259ec8d9ae0;  1 drivers
L_00000259ec87fb18 .functor BUFT 1, C4<00000000000000000000000000000000>, C4<0>, C4<0>, C4<0>;
v00000259ec725230_0 .net/2u *"_ivl_28", 31 0, L_00000259ec87fb18;  1 drivers
L_00000259ec87f968 .functor BUFT 1, C4<0000000000000000000000000000>, C4<0>, C4<0>, C4<0>;
v00000259ec724830_0 .net *"_ivl_3", 27 0, L_00000259ec87f968;  1 drivers
v00000259ec723e30_0 .net *"_ivl_30", 0 0, L_00000259ec8dae40;  1 drivers
L_00000259ec87fb60 .functor BUFT 1, C4<00000000000000000000000000000000>, C4<0>, C4<0>, C4<0>;
v00000259ec723c50_0 .net/2u *"_ivl_32", 31 0, L_00000259ec87fb60;  1 drivers
v00000259ec7252d0_0 .net *"_ivl_34", 0 0, L_00000259ec8d90e0;  1 drivers
v00000259ec725370_0 .net *"_ivl_37", 0 0, L_00000259ec72b450;  1 drivers
v00000259ec724470_0 .net *"_ivl_38", 31 0, L_00000259ec8d9c20;  1 drivers
L_00000259ec87f9b0 .functor BUFT 1, C4<00000000000000000000000000000000>, C4<0>, C4<0>, C4<0>;
v00000259ec723ed0_0 .net/2u *"_ivl_4", 31 0, L_00000259ec87f9b0;  1 drivers
L_00000259ec87fba8 .functor BUFT 1, C4<0000000000000000000000000000000>, C4<0>, C4<0>, C4<0>;
v00000259ec725690_0 .net *"_ivl_41", 30 0, L_00000259ec87fba8;  1 drivers
v00000259ec725550_0 .net *"_ivl_42", 31 0, L_00000259ec8d9900;  1 drivers
L_00000259ec87fbf0 .functor BUFT 1, C4<0000000000000000000000000000>, C4<0>, C4<0>, C4<0>;
v00000259ec7245b0_0 .net *"_ivl_45", 27 0, L_00000259ec87fbf0;  1 drivers
L_00000259ec87fc38 .functor BUFT 1, C4<00000000000000000000000000000011>, C4<0>, C4<0>, C4<0>;
v00000259ec724010_0 .net/2u *"_ivl_46", 31 0, L_00000259ec87fc38;  1 drivers
v00000259ec725410_0 .net *"_ivl_48", 0 0, L_00000259ec8d9680;  1 drivers
v00000259ec7255f0_0 .net *"_ivl_51", 0 0, L_00000259ec8da440;  1 drivers
L_00000259ec87fc80 .functor BUFT 1, C4<00000000000000000000000000000000>, C4<0>, C4<0>, C4<0>;
v00000259ec725730_0 .net/2u *"_ivl_52", 31 0, L_00000259ec87fc80;  1 drivers
v00000259ec70e9e0_0 .net *"_ivl_54", 0 0, L_00000259ec8da260;  1 drivers
v00000259ec70eee0_0 .net *"_ivl_57", 0 0, L_00000259ec72b530;  1 drivers
L_00000259ec87fcc8 .functor BUFT 1, C4<00000000000000000000000000000000>, C4<0>, C4<0>, C4<0>;
v00000259ec77e920_0 .net/2u *"_ivl_58", 31 0, L_00000259ec87fcc8;  1 drivers
v00000259ec77dd40_0 .net *"_ivl_6", 0 0, L_00000259ec8da760;  1 drivers
v00000259ec77d8e0_0 .net *"_ivl_60", 0 0, L_00000259ec8d94a0;  1 drivers
v00000259ec77cc60_0 .net *"_ivl_63", 0 0, L_00000259ec8d9180;  1 drivers
v00000259ec77e6a0_0 .net *"_ivl_65", 0 0, L_00000259ec72c100;  1 drivers
v00000259ec77cda0_0 .net *"_ivl_67", 0 0, L_00000259ec72b840;  1 drivers
v00000259ec77d3e0_0 .net *"_ivl_68", 31 0, L_00000259ec8d9220;  1 drivers
L_00000259ec87fd10 .functor BUFT 1, C4<0000000000000000000000000000000>, C4<0>, C4<0>, C4<0>;
v00000259ec77e9c0_0 .net *"_ivl_71", 30 0, L_00000259ec87fd10;  1 drivers
o00000259ec73f188 .functor BUFZ 32, C4<zzzzzzzzzzzzzzzzzzzzzzzzzzzzzzzz>; HiZ drive
; Elide local net with no drivers, v00000259ec77dde0_0 name=_ivl_72
v00000259ec77cf80_0 .net *"_ivl_74", 31 0, L_00000259ec8d9ea0;  1 drivers
v00000259ec77de80_0 .net *"_ivl_76", 31 0, L_00000259ec8d9540;  1 drivers
v00000259ec77e740_0 .net *"_ivl_78", 31 0, L_00000259ec8da4e0;  1 drivers
v00000259ec77d660_0 .net *"_ivl_8", 31 0, L_00000259ec8da3a0;  1 drivers
v00000259ec77d7a0_0 .net "aluA", 31 0, v00000259ec87a8e0_0;  alias, 1 drivers
v00000259ec77e1a0_0 .net "aluB", 31 0, v00000259ec879260_0;  alias, 1 drivers
v00000259ec77df20_0 .net "alufun", 3 0, L_00000259ec8d9a40;  alias, 1 drivers
v00000259ec77d480_0 .net "valE", 31 0, L_00000259ec8da800;  alias, 1 drivers
L_00000259ec8d9400 .concat [ 4 28 0 0], L_00000259ec8d9a40, L_00000259ec87f968;
L_00000259ec8da760 .cmp/eq 32, L_00000259ec8d9400, L_00000259ec87f9b0;
L_00000259ec8da3a0 .arith/sum 32, v00000259ec87a8e0_0, v00000259ec879260_0;
L_00000259ec8da080 .concat [ 4 28 0 0], L_00000259ec8d9a40, L_00000259ec87f9f8;
L_00000259ec8dab20 .cmp/eq 32, L_00000259ec8da080, L_00000259ec87fa40;
L_00000259ec8d9d60 .arith/sub 32, v00000259ec87a8e0_0, v00000259ec879260_0;
L_00000259ec8d9860 .concat [ 4 28 0 0], L_00000259ec8d9a40, L_00000259ec87fa88;
L_00000259ec8d9ae0 .cmp/eq 32, L_00000259ec8d9860, L_00000259ec87fad0;
L_00000259ec8dae40 .cmp/ne 32, v00000259ec87a8e0_0, L_00000259ec87fb18;
L_00000259ec8d90e0 .cmp/ne 32, v00000259ec879260_0, L_00000259ec87fb60;
L_00000259ec8d9c20 .concat [ 1 31 0 0], L_00000259ec72b450, L_00000259ec87fba8;
L_00000259ec8d9900 .concat [ 4 28 0 0], L_00000259ec8d9a40, L_00000259ec87fbf0;
L_00000259ec8d9680 .cmp/eq 32, L_00000259ec8d9900, L_00000259ec87fc38;
L_00000259ec8da440 .reduce/nor v00000259ec87a8e0_0;
L_00000259ec8da260 .cmp/ne 32, v00000259ec879260_0, L_00000259ec87fc80;
L_00000259ec8d94a0 .cmp/ne 32, v00000259ec87a8e0_0, L_00000259ec87fcc8;
L_00000259ec8d9180 .reduce/nor v00000259ec879260_0;
L_00000259ec8d9220 .concat [ 1 31 0 0], L_00000259ec72b840, L_00000259ec87fd10;
L_00000259ec8d9ea0 .functor MUXZ 32, o00000259ec73f188, L_00000259ec8d9220, L_00000259ec8d9680, C4<>;
L_00000259ec8d9540 .functor MUXZ 32, L_00000259ec8d9ea0, L_00000259ec8d9c20, L_00000259ec8d9ae0, C4<>;
L_00000259ec8da4e0 .functor MUXZ 32, L_00000259ec8d9540, L_00000259ec8d9d60, L_00000259ec8dab20, C4<>;
L_00000259ec8da800 .functor MUXZ 32, L_00000259ec8da4e0, L_00000259ec8da3a0, L_00000259ec8da760, C4<>;
S_00000259ec6ece80 .scope module, "ram" "ram" 2 31, 4 3 0, S_00000259ec6ecb60;
 .timescale -9 -11;
    .port_info 0 /INPUT 1 "clock";
    .port_info 1 /INPUT 9 "addr";
    .port_info 2 /INPUT 1 "wr";
    .port_info 3 /INPUT 32 "wdata";
    .port_info 4 /INPUT 1 "rd";
    .port_info 5 /OUTPUT 32 "rdata";
v00000259ec77cee0_0 .net "addr", 8 0, L_00000259ec8daf80;  alias, 1 drivers
v00000259ec77ce40_0 .net "clock", 0 0, v00000259ec87e9a0_0;  alias, 1 drivers
v00000259ec77d2a0 .array "ram", 0 255, 31 0;
v00000259ec77d340_0 .net "rd", 0 0, L_00000259ec8d92c0;  alias, 1 drivers
v00000259ec77d020_0 .var "rdata", 31 0;
v00000259ec77db60_0 .net "wdata", 31 0, v00000259ec87e360_0;  alias, 1 drivers
v00000259ec77dca0_0 .net "wr", 0 0, v00000259ec87eb80_0;  alias, 1 drivers
E_00000259ec735d00 .event posedge, v00000259ec77ce40_0;
S_00000259ec85e010 .scope module, "regfile" "regfile" 2 39, 5 3 0, S_00000259ec6ecb60;
 .timescale -9 -11;
    .port_info 0 /INPUT 4 "dstE";
    .port_info 1 /INPUT 32 "valE";
    .port_info 2 /INPUT 4 "dstM";
    .port_info 3 /INPUT 32 "valM";
    .port_info 4 /INPUT 4 "rA";
    .port_info 5 /INPUT 4 "rB";
    .port_info 6 /INPUT 1 "reset";
    .port_info 7 /INPUT 1 "clock";
    .port_info 8 /OUTPUT 32 "valA";
    .port_info 9 /OUTPUT 32 "valB";
    .port_info 10 /OUTPUT 32 "r0";
    .port_info 11 /OUTPUT 32 "r1";
    .port_info 12 /OUTPUT 32 "r2";
    .port_info 13 /OUTPUT 32 "r3";
    .port_info 14 /OUTPUT 32 "r4";
    .port_info 15 /OUTPUT 32 "r5";
    .port_info 16 /OUTPUT 32 "r6";
    .port_info 17 /OUTPUT 32 "r7";
v00000259ec77d840_0 .net *"_ivl_0", 31 0, L_00000259ec87d320;  1 drivers
L_00000259ec87f608 .functor BUFT 1, C4<0000000000000000000000000000>, C4<0>, C4<0>, C4<0>;
v00000259ec77dc00_0 .net *"_ivl_101", 27 0, L_00000259ec87f608;  1 drivers
L_00000259ec87f650 .functor BUFT 1, C4<00000000000000000000000000000010>, C4<0>, C4<0>, C4<0>;
v00000259ec77e600_0 .net/2u *"_ivl_102", 31 0, L_00000259ec87f650;  1 drivers
v00000259ec77d980_0 .net *"_ivl_104", 0 0, L_00000259ec87ec20;  1 drivers
v00000259ec77e240_0 .net *"_ivl_106", 31 0, L_00000259ec87ecc0;  1 drivers
L_00000259ec87f698 .functor BUFT 1, C4<0000000000000000000000000000>, C4<0>, C4<0>, C4<0>;
v00000259ec77e060_0 .net *"_ivl_109", 27 0, L_00000259ec87f698;  1 drivers
L_00000259ec87f0f8 .functor BUFT 1, C4<0000000000000000000000000000>, C4<0>, C4<0>, C4<0>;
v00000259ec77dfc0_0 .net *"_ivl_11", 27 0, L_00000259ec87f0f8;  1 drivers
L_00000259ec87f6e0 .functor BUFT 1, C4<00000000000000000000000000000011>, C4<0>, C4<0>, C4<0>;
v00000259ec77e7e0_0 .net/2u *"_ivl_110", 31 0, L_00000259ec87f6e0;  1 drivers
v00000259ec77d520_0 .net *"_ivl_112", 0 0, L_00000259ec87ed60;  1 drivers
v00000259ec77e2e0_0 .net *"_ivl_114", 31 0, L_00000259ec87ee00;  1 drivers
L_00000259ec87f728 .functor BUFT 1, C4<0000000000000000000000000000>, C4<0>, C4<0>, C4<0>;
v00000259ec77d0c0_0 .net *"_ivl_117", 27 0, L_00000259ec87f728;  1 drivers
L_00000259ec87f770 .functor BUFT 1, C4<00000000000000000000000000000100>, C4<0>, C4<0>, C4<0>;
v00000259ec77d200_0 .net/2u *"_ivl_118", 31 0, L_00000259ec87f770;  1 drivers
L_00000259ec87f140 .functor BUFT 1, C4<00000000000000000000000000000001>, C4<0>, C4<0>, C4<0>;
v00000259ec77e880_0 .net/2u *"_ivl_12", 31 0, L_00000259ec87f140;  1 drivers
v00000259ec77d5c0_0 .net *"_ivl_120", 0 0, L_00000259ec87d1e0;  1 drivers
v00000259ec77da20_0 .net *"_ivl_122", 31 0, L_00000259ec87d280;  1 drivers
L_00000259ec87f7b8 .functor BUFT 1, C4<0000000000000000000000000000>, C4<0>, C4<0>, C4<0>;
v00000259ec77e100_0 .net *"_ivl_125", 27 0, L_00000259ec87f7b8;  1 drivers
L_00000259ec87f800 .functor BUFT 1, C4<00000000000000000000000000000101>, C4<0>, C4<0>, C4<0>;
v00000259ec77e380_0 .net/2u *"_ivl_126", 31 0, L_00000259ec87f800;  1 drivers
v00000259ec77e420_0 .net *"_ivl_128", 0 0, L_00000259ec87d6e0;  1 drivers
v00000259ec77dac0_0 .net *"_ivl_130", 31 0, L_00000259ec8da940;  1 drivers
L_00000259ec87f848 .functor BUFT 1, C4<0000000000000000000000000000>, C4<0>, C4<0>, C4<0>;
v00000259ec77e4c0_0 .net *"_ivl_133", 27 0, L_00000259ec87f848;  1 drivers
L_00000259ec87f890 .functor BUFT 1, C4<00000000000000000000000000000110>, C4<0>, C4<0>, C4<0>;
v00000259ec77e560_0 .net/2u *"_ivl_134", 31 0, L_00000259ec87f890;  1 drivers
v00000259ec77ea60_0 .net *"_ivl_136", 0 0, L_00000259ec8da580;  1 drivers
v00000259ec77cbc0_0 .net *"_ivl_138", 31 0, L_00000259ec8daa80;  1 drivers
v00000259ec77d160_0 .net *"_ivl_14", 0 0, L_00000259ec87e2c0;  1 drivers
L_00000259ec87f8d8 .functor BUFT 1, C4<0000000000000000000000000000>, C4<0>, C4<0>, C4<0>;
v00000259ec77cd00_0 .net *"_ivl_141", 27 0, L_00000259ec87f8d8;  1 drivers
L_00000259ec87f920 .functor BUFT 1, C4<00000000000000000000000000000111>, C4<0>, C4<0>, C4<0>;
v00000259ec876a60_0 .net/2u *"_ivl_142", 31 0, L_00000259ec87f920;  1 drivers
v00000259ec876060_0 .net *"_ivl_144", 0 0, L_00000259ec8da300;  1 drivers
o00000259ec73fb48 .functor BUFZ 32, C4<zzzzzzzzzzzzzzzzzzzzzzzzzzzzzzzz>; HiZ drive
; Elide local net with no drivers, v00000259ec8771e0_0 name=_ivl_146
v00000259ec877280_0 .net *"_ivl_148", 31 0, L_00000259ec8da620;  1 drivers
v00000259ec8775a0_0 .net *"_ivl_150", 31 0, L_00000259ec8da6c0;  1 drivers
v00000259ec8770a0_0 .net *"_ivl_152", 31 0, L_00000259ec8d9360;  1 drivers
v00000259ec877a00_0 .net *"_ivl_154", 31 0, L_00000259ec8d9f40;  1 drivers
v00000259ec877500_0 .net *"_ivl_156", 31 0, L_00000259ec8d9cc0;  1 drivers
v00000259ec876600_0 .net *"_ivl_158", 31 0, L_00000259ec8d9720;  1 drivers
v00000259ec877640_0 .net *"_ivl_16", 31 0, L_00000259ec87d0a0;  1 drivers
v00000259ec877320_0 .net *"_ivl_160", 31 0, L_00000259ec8d97c0;  1 drivers
L_00000259ec87f188 .functor BUFT 1, C4<0000000000000000000000000000>, C4<0>, C4<0>, C4<0>;
v00000259ec8773c0_0 .net *"_ivl_19", 27 0, L_00000259ec87f188;  1 drivers
L_00000259ec87f1d0 .functor BUFT 1, C4<00000000000000000000000000000010>, C4<0>, C4<0>, C4<0>;
v00000259ec8769c0_0 .net/2u *"_ivl_20", 31 0, L_00000259ec87f1d0;  1 drivers
v00000259ec877dc0_0 .net *"_ivl_22", 0 0, L_00000259ec87e400;  1 drivers
v00000259ec877000_0 .net *"_ivl_24", 31 0, L_00000259ec87dfa0;  1 drivers
L_00000259ec87f218 .functor BUFT 1, C4<0000000000000000000000000000>, C4<0>, C4<0>, C4<0>;
v00000259ec876420_0 .net *"_ivl_27", 27 0, L_00000259ec87f218;  1 drivers
L_00000259ec87f260 .functor BUFT 1, C4<00000000000000000000000000000011>, C4<0>, C4<0>, C4<0>;
v00000259ec877960_0 .net/2u *"_ivl_28", 31 0, L_00000259ec87f260;  1 drivers
L_00000259ec87f068 .functor BUFT 1, C4<0000000000000000000000000000>, C4<0>, C4<0>, C4<0>;
v00000259ec877c80_0 .net *"_ivl_3", 27 0, L_00000259ec87f068;  1 drivers
v00000259ec8766a0_0 .net *"_ivl_30", 0 0, L_00000259ec87e0e0;  1 drivers
v00000259ec877460_0 .net *"_ivl_32", 31 0, L_00000259ec87dc80;  1 drivers
L_00000259ec87f2a8 .functor BUFT 1, C4<0000000000000000000000000000>, C4<0>, C4<0>, C4<0>;
v00000259ec8776e0_0 .net *"_ivl_35", 27 0, L_00000259ec87f2a8;  1 drivers
L_00000259ec87f2f0 .functor BUFT 1, C4<00000000000000000000000000000100>, C4<0>, C4<0>, C4<0>;
v00000259ec877140_0 .net/2u *"_ivl_36", 31 0, L_00000259ec87f2f0;  1 drivers
v00000259ec877be0_0 .net *"_ivl_38", 0 0, L_00000259ec87e5e0;  1 drivers
L_00000259ec87f0b0 .functor BUFT 1, C4<00000000000000000000000000000000>, C4<0>, C4<0>, C4<0>;
v00000259ec876ce0_0 .net/2u *"_ivl_4", 31 0, L_00000259ec87f0b0;  1 drivers
v00000259ec876e20_0 .net *"_ivl_40", 31 0, L_00000259ec87e4a0;  1 drivers
L_00000259ec87f338 .functor BUFT 1, C4<0000000000000000000000000000>, C4<0>, C4<0>, C4<0>;
v00000259ec8762e0_0 .net *"_ivl_43", 27 0, L_00000259ec87f338;  1 drivers
L_00000259ec87f380 .functor BUFT 1, C4<00000000000000000000000000000101>, C4<0>, C4<0>, C4<0>;
v00000259ec877e60_0 .net/2u *"_ivl_44", 31 0, L_00000259ec87f380;  1 drivers
v00000259ec877780_0 .net *"_ivl_46", 0 0, L_00000259ec87da00;  1 drivers
v00000259ec876ec0_0 .net *"_ivl_48", 31 0, L_00000259ec87d8c0;  1 drivers
L_00000259ec87f3c8 .functor BUFT 1, C4<0000000000000000000000000000>, C4<0>, C4<0>, C4<0>;
v00000259ec877f00_0 .net *"_ivl_51", 27 0, L_00000259ec87f3c8;  1 drivers
L_00000259ec87f410 .functor BUFT 1, C4<00000000000000000000000000000110>, C4<0>, C4<0>, C4<0>;
v00000259ec876380_0 .net/2u *"_ivl_52", 31 0, L_00000259ec87f410;  1 drivers
v00000259ec877820_0 .net *"_ivl_54", 0 0, L_00000259ec87d640;  1 drivers
v00000259ec876100_0 .net *"_ivl_56", 31 0, L_00000259ec87e680;  1 drivers
L_00000259ec87f458 .functor BUFT 1, C4<0000000000000000000000000000>, C4<0>, C4<0>, C4<0>;
v00000259ec8778c0_0 .net *"_ivl_59", 27 0, L_00000259ec87f458;  1 drivers
v00000259ec876560_0 .net *"_ivl_6", 0 0, L_00000259ec87df00;  1 drivers
L_00000259ec87f4a0 .functor BUFT 1, C4<00000000000000000000000000000111>, C4<0>, C4<0>, C4<0>;
v00000259ec877aa0_0 .net/2u *"_ivl_60", 31 0, L_00000259ec87f4a0;  1 drivers
v00000259ec877b40_0 .net *"_ivl_62", 0 0, L_00000259ec87dbe0;  1 drivers
o00000259ec7401d8 .functor BUFZ 32, C4<zzzzzzzzzzzzzzzzzzzzzzzzzzzzzzzz>; HiZ drive
; Elide local net with no drivers, v00000259ec877d20_0 name=_ivl_64
v00000259ec876f60_0 .net *"_ivl_66", 31 0, L_00000259ec87dd20;  1 drivers
v00000259ec8761a0_0 .net *"_ivl_68", 31 0, L_00000259ec87d780;  1 drivers
v00000259ec8767e0_0 .net *"_ivl_70", 31 0, L_00000259ec87de60;  1 drivers
v00000259ec876240_0 .net *"_ivl_72", 31 0, L_00000259ec87d960;  1 drivers
v00000259ec8764c0_0 .net *"_ivl_74", 31 0, L_00000259ec87d140;  1 drivers
v00000259ec876d80_0 .net *"_ivl_76", 31 0, L_00000259ec87daa0;  1 drivers
v00000259ec876920_0 .net *"_ivl_78", 31 0, L_00000259ec87e180;  1 drivers
v00000259ec876740_0 .net *"_ivl_8", 31 0, L_00000259ec87db40;  1 drivers
v00000259ec876b00_0 .net *"_ivl_82", 31 0, L_00000259ec87e720;  1 drivers
L_00000259ec87f4e8 .functor BUFT 1, C4<0000000000000000000000000000>, C4<0>, C4<0>, C4<0>;
v00000259ec876880_0 .net *"_ivl_85", 27 0, L_00000259ec87f4e8;  1 drivers
L_00000259ec87f530 .functor BUFT 1, C4<00000000000000000000000000000000>, C4<0>, C4<0>, C4<0>;
v00000259ec876ba0_0 .net/2u *"_ivl_86", 31 0, L_00000259ec87f530;  1 drivers
v00000259ec876c40_0 .net *"_ivl_88", 0 0, L_00000259ec87e7c0;  1 drivers
v00000259ec879c60_0 .net *"_ivl_90", 31 0, L_00000259ec87e900;  1 drivers
L_00000259ec87f578 .functor BUFT 1, C4<0000000000000000000000000000>, C4<0>, C4<0>, C4<0>;
v00000259ec87a340_0 .net *"_ivl_93", 27 0, L_00000259ec87f578;  1 drivers
L_00000259ec87f5c0 .functor BUFT 1, C4<00000000000000000000000000000001>, C4<0>, C4<0>, C4<0>;
v00000259ec8796c0_0 .net/2u *"_ivl_94", 31 0, L_00000259ec87f5c0;  1 drivers
v00000259ec8798a0_0 .net *"_ivl_96", 0 0, L_00000259ec87d5a0;  1 drivers
v00000259ec87ab60_0 .net *"_ivl_98", 31 0, L_00000259ec87e860;  1 drivers
v00000259ec879120_0 .net "clock", 0 0, v00000259ec87e9a0_0;  alias, 1 drivers
v00000259ec87af20_0 .net "dstE", 3 0, v00000259ec87b270_0;  1 drivers
v00000259ec879b20_0 .net "dstM", 3 0, v00000259ec87b950_0;  1 drivers
v00000259ec879760_0 .net "r0", 31 0, v00000259ec8799e0_0;  alias, 1 drivers
v00000259ec879a80_0 .net "r1", 31 0, v00000259ec87a520_0;  alias, 1 drivers
v00000259ec879580_0 .net "r2", 31 0, v00000259ec87a200_0;  alias, 1 drivers
v00000259ec87aac0_0 .net "r3", 31 0, v00000259ec87a660_0;  alias, 1 drivers
v00000259ec879bc0_0 .net "r4", 31 0, v00000259ec87a7a0_0;  alias, 1 drivers
v00000259ec87a700_0 .net "r5", 31 0, v00000259ec879e40_0;  alias, 1 drivers
v00000259ec87aca0_0 .net "r6", 31 0, v00000259ec87a2a0_0;  alias, 1 drivers
v00000259ec87ad40_0 .net "r7", 31 0, v00000259ec87a3e0_0;  alias, 1 drivers
v00000259ec8791c0_0 .net "rA", 3 0, v00000259ec87cc10_0;  1 drivers
v00000259ec879800_0 .net "rB", 3 0, v00000259ec87c8f0_0;  1 drivers
v00000259ec8799e0_0 .var "r_r0", 31 0;
v00000259ec87a520_0 .var "r_r1", 31 0;
v00000259ec87a200_0 .var "r_r2", 31 0;
v00000259ec87a660_0 .var "r_r3", 31 0;
v00000259ec87a7a0_0 .var "r_r4", 31 0;
v00000259ec879e40_0 .var "r_r5", 31 0;
v00000259ec87a2a0_0 .var "r_r6", 31 0;
v00000259ec87a3e0_0 .var "r_r7", 31 0;
v00000259ec879300_0 .net "reset", 0 0, v00000259ec87c3f0_0;  1 drivers
v00000259ec87ae80_0 .net "valA", 31 0, L_00000259ec87e540;  alias, 1 drivers
v00000259ec879080_0 .net "valB", 31 0, L_00000259ec8da9e0;  alias, 1 drivers
v00000259ec87a480_0 .net "valE", 31 0, v00000259ec87bd10_0;  1 drivers
v00000259ec879ee0_0 .net "valM", 31 0, v00000259ec87b310_0;  1 drivers
E_00000259ec735740/0 .event negedge, v00000259ec879300_0;
E_00000259ec735740/1 .event posedge, v00000259ec77ce40_0;
E_00000259ec735740 .event/or E_00000259ec735740/0, E_00000259ec735740/1;
L_00000259ec87d320 .concat [ 4 28 0 0], v00000259ec87cc10_0, L_00000259ec87f068;
L_00000259ec87df00 .cmp/eq 32, L_00000259ec87d320, L_00000259ec87f0b0;
L_00000259ec87db40 .concat [ 4 28 0 0], v00000259ec87cc10_0, L_00000259ec87f0f8;
L_00000259ec87e2c0 .cmp/eq 32, L_00000259ec87db40, L_00000259ec87f140;
L_00000259ec87d0a0 .concat [ 4 28 0 0], v00000259ec87cc10_0, L_00000259ec87f188;
L_00000259ec87e400 .cmp/eq 32, L_00000259ec87d0a0, L_00000259ec87f1d0;
L_00000259ec87dfa0 .concat [ 4 28 0 0], v00000259ec87cc10_0, L_00000259ec87f218;
L_00000259ec87e0e0 .cmp/eq 32, L_00000259ec87dfa0, L_00000259ec87f260;
L_00000259ec87dc80 .concat [ 4 28 0 0], v00000259ec87cc10_0, L_00000259ec87f2a8;
L_00000259ec87e5e0 .cmp/eq 32, L_00000259ec87dc80, L_00000259ec87f2f0;
L_00000259ec87e4a0 .concat [ 4 28 0 0], v00000259ec87cc10_0, L_00000259ec87f338;
L_00000259ec87da00 .cmp/eq 32, L_00000259ec87e4a0, L_00000259ec87f380;
L_00000259ec87d8c0 .concat [ 4 28 0 0], v00000259ec87cc10_0, L_00000259ec87f3c8;
L_00000259ec87d640 .cmp/eq 32, L_00000259ec87d8c0, L_00000259ec87f410;
L_00000259ec87e680 .concat [ 4 28 0 0], v00000259ec87cc10_0, L_00000259ec87f458;
L_00000259ec87dbe0 .cmp/eq 32, L_00000259ec87e680, L_00000259ec87f4a0;
L_00000259ec87dd20 .functor MUXZ 32, o00000259ec7401d8, v00000259ec87a3e0_0, L_00000259ec87dbe0, C4<>;
L_00000259ec87d780 .functor MUXZ 32, L_00000259ec87dd20, v00000259ec87a2a0_0, L_00000259ec87d640, C4<>;
L_00000259ec87de60 .functor MUXZ 32, L_00000259ec87d780, v00000259ec879e40_0, L_00000259ec87da00, C4<>;
L_00000259ec87d960 .functor MUXZ 32, L_00000259ec87de60, v00000259ec87a7a0_0, L_00000259ec87e5e0, C4<>;
L_00000259ec87d140 .functor MUXZ 32, L_00000259ec87d960, v00000259ec87a660_0, L_00000259ec87e0e0, C4<>;
L_00000259ec87daa0 .functor MUXZ 32, L_00000259ec87d140, v00000259ec87a200_0, L_00000259ec87e400, C4<>;
L_00000259ec87e180 .functor MUXZ 32, L_00000259ec87daa0, v00000259ec87a520_0, L_00000259ec87e2c0, C4<>;
L_00000259ec87e540 .functor MUXZ 32, L_00000259ec87e180, v00000259ec8799e0_0, L_00000259ec87df00, C4<>;
L_00000259ec87e720 .concat [ 4 28 0 0], v00000259ec87c8f0_0, L_00000259ec87f4e8;
L_00000259ec87e7c0 .cmp/eq 32, L_00000259ec87e720, L_00000259ec87f530;
L_00000259ec87e900 .concat [ 4 28 0 0], v00000259ec87c8f0_0, L_00000259ec87f578;
L_00000259ec87d5a0 .cmp/eq 32, L_00000259ec87e900, L_00000259ec87f5c0;
L_00000259ec87e860 .concat [ 4 28 0 0], v00000259ec87c8f0_0, L_00000259ec87f608;
L_00000259ec87ec20 .cmp/eq 32, L_00000259ec87e860, L_00000259ec87f650;
L_00000259ec87ecc0 .concat [ 4 28 0 0], v00000259ec87c8f0_0, L_00000259ec87f698;
L_00000259ec87ed60 .cmp/eq 32, L_00000259ec87ecc0, L_00000259ec87f6e0;
L_00000259ec87ee00 .concat [ 4 28 0 0], v00000259ec87c8f0_0, L_00000259ec87f728;
L_00000259ec87d1e0 .cmp/eq 32, L_00000259ec87ee00, L_00000259ec87f770;
L_00000259ec87d280 .concat [ 4 28 0 0], v00000259ec87c8f0_0, L_00000259ec87f7b8;
L_00000259ec87d6e0 .cmp/eq 32, L_00000259ec87d280, L_00000259ec87f800;
L_00000259ec8da940 .concat [ 4 28 0 0], v00000259ec87c8f0_0, L_00000259ec87f848;
L_00000259ec8da580 .cmp/eq 32, L_00000259ec8da940, L_00000259ec87f890;
L_00000259ec8daa80 .concat [ 4 28 0 0], v00000259ec87c8f0_0, L_00000259ec87f8d8;
L_00000259ec8da300 .cmp/eq 32, L_00000259ec8daa80, L_00000259ec87f920;
L_00000259ec8da620 .functor MUXZ 32, o00000259ec73fb48, v00000259ec87a3e0_0, L_00000259ec8da300, C4<>;
L_00000259ec8da6c0 .functor MUXZ 32, L_00000259ec8da620, v00000259ec87a2a0_0, L_00000259ec8da580, C4<>;
L_00000259ec8d9360 .functor MUXZ 32, L_00000259ec8da6c0, v00000259ec879e40_0, L_00000259ec87d6e0, C4<>;
L_00000259ec8d9f40 .functor MUXZ 32, L_00000259ec8d9360, v00000259ec87a7a0_0, L_00000259ec87d1e0, C4<>;
L_00000259ec8d9cc0 .functor MUXZ 32, L_00000259ec8d9f40, v00000259ec87a660_0, L_00000259ec87ed60, C4<>;
L_00000259ec8d9720 .functor MUXZ 32, L_00000259ec8d9cc0, v00000259ec87a200_0, L_00000259ec87ec20, C4<>;
L_00000259ec8d97c0 .functor MUXZ 32, L_00000259ec8d9720, v00000259ec87a520_0, L_00000259ec87d5a0, C4<>;
L_00000259ec8da9e0 .functor MUXZ 32, L_00000259ec8d97c0, v00000259ec8799e0_0, L_00000259ec87e7c0, C4<>;
    .scope S_00000259ec6ece80;
T_0 ;
    %pushi/vec4 0, 4294967295, 32;
    %store/vec4 v00000259ec77d020_0, 0, 32;
    %end;
    .thread T_0;
    .scope S_00000259ec6ece80;
T_1 ;
    %wait E_00000259ec735d00;
    %load/vec4 v00000259ec77dca0_0;
    %flag_set/vec4 8;
    %jmp/0xz  T_1.0, 8;
    %load/vec4 v00000259ec77db60_0;
    %load/vec4 v00000259ec77cee0_0;
    %pad/u 10;
    %ix/vec4 3;
    %ix/load 4, 0, 0; Constant delay
    %assign/vec4/a/d v00000259ec77d2a0, 0, 4;
T_1.0 ;
    %load/vec4 v00000259ec77d340_0;
    %flag_set/vec4 8;
    %jmp/0xz  T_1.2, 8;
    %load/vec4 v00000259ec77cee0_0;
    %pad/u 10;
    %ix/vec4 4;
    %load/vec4a v00000259ec77d2a0, 4;
    %assign/vec4 v00000259ec77d020_0, 0;
    %jmp T_1.3;
T_1.2 ;
    %pushi/vec4 0, 4294967295, 32;
    %assign/vec4 v00000259ec77d020_0, 0;
T_1.3 ;
    %jmp T_1;
    .thread T_1;
    .scope S_00000259ec85e010;
T_2 ;
    %wait E_00000259ec735740;
    %load/vec4 v00000259ec879300_0;
    %flag_set/vec4 8;
    %jmp/0xz  T_2.0, 8;
    %pushi/vec4 0, 0, 32;
    %assign/vec4 v00000259ec8799e0_0, 0;
    %pushi/vec4 0, 0, 32;
    %assign/vec4 v00000259ec87a520_0, 0;
    %pushi/vec4 0, 0, 32;
    %assign/vec4 v00000259ec87a200_0, 0;
    %pushi/vec4 0, 0, 32;
    %assign/vec4 v00000259ec87a660_0, 0;
    %pushi/vec4 0, 0, 32;
    %assign/vec4 v00000259ec87a7a0_0, 0;
    %pushi/vec4 0, 0, 32;
    %assign/vec4 v00000259ec879e40_0, 0;
    %pushi/vec4 0, 0, 32;
    %assign/vec4 v00000259ec87a2a0_0, 0;
    %pushi/vec4 0, 0, 32;
    %assign/vec4 v00000259ec87a3e0_0, 0;
    %jmp T_2.1;
T_2.0 ;
    %load/vec4 v00000259ec87af20_0;
    %dup/vec4;
    %pushi/vec4 0, 0, 4;
    %cmp/u;
    %jmp/1 T_2.2, 6;
    %dup/vec4;
    %pushi/vec4 1, 0, 4;
    %cmp/u;
    %jmp/1 T_2.3, 6;
    %dup/vec4;
    %pushi/vec4 2, 0, 4;
    %cmp/u;
    %jmp/1 T_2.4, 6;
    %dup/vec4;
    %pushi/vec4 3, 0, 4;
    %cmp/u;
    %jmp/1 T_2.5, 6;
    %dup/vec4;
    %pushi/vec4 4, 0, 4;
    %cmp/u;
    %jmp/1 T_2.6, 6;
    %dup/vec4;
    %pushi/vec4 5, 0, 4;
    %cmp/u;
    %jmp/1 T_2.7, 6;
    %dup/vec4;
    %pushi/vec4 6, 0, 4;
    %cmp/u;
    %jmp/1 T_2.8, 6;
    %dup/vec4;
    %pushi/vec4 7, 0, 4;
    %cmp/u;
    %jmp/1 T_2.9, 6;
    %jmp T_2.10;
T_2.2 ;
    %load/vec4 v00000259ec87a480_0;
    %assign/vec4 v00000259ec8799e0_0, 0;
    %jmp T_2.10;
T_2.3 ;
    %load/vec4 v00000259ec87a480_0;
    %assign/vec4 v00000259ec87a520_0, 0;
    %jmp T_2.10;
T_2.4 ;
    %load/vec4 v00000259ec87a480_0;
    %assign/vec4 v00000259ec87a200_0, 0;
    %jmp T_2.10;
T_2.5 ;
    %load/vec4 v00000259ec87a480_0;
    %assign/vec4 v00000259ec87a660_0, 0;
    %jmp T_2.10;
T_2.6 ;
    %load/vec4 v00000259ec87a480_0;
    %assign/vec4 v00000259ec87a7a0_0, 0;
    %jmp T_2.10;
T_2.7 ;
    %load/vec4 v00000259ec87a480_0;
    %assign/vec4 v00000259ec879e40_0, 0;
    %jmp T_2.10;
T_2.8 ;
    %load/vec4 v00000259ec87a480_0;
    %assign/vec4 v00000259ec87a2a0_0, 0;
    %jmp T_2.10;
T_2.9 ;
    %load/vec4 v00000259ec87a480_0;
    %assign/vec4 v00000259ec87a3e0_0, 0;
    %jmp T_2.10;
T_2.10 ;
    %pop/vec4 1;
    %load/vec4 v00000259ec879b20_0;
    %dup/vec4;
    %pushi/vec4 0, 0, 4;
    %cmp/u;
    %jmp/1 T_2.11, 6;
    %dup/vec4;
    %pushi/vec4 1, 0, 4;
    %cmp/u;
    %jmp/1 T_2.12, 6;
    %dup/vec4;
    %pushi/vec4 2, 0, 4;
    %cmp/u;
    %jmp/1 T_2.13, 6;
    %dup/vec4;
    %pushi/vec4 3, 0, 4;
    %cmp/u;
    %jmp/1 T_2.14, 6;
    %dup/vec4;
    %pushi/vec4 4, 0, 4;
    %cmp/u;
    %jmp/1 T_2.15, 6;
    %dup/vec4;
    %pushi/vec4 5, 0, 4;
    %cmp/u;
    %jmp/1 T_2.16, 6;
    %dup/vec4;
    %pushi/vec4 6, 0, 4;
    %cmp/u;
    %jmp/1 T_2.17, 6;
    %dup/vec4;
    %pushi/vec4 7, 0, 4;
    %cmp/u;
    %jmp/1 T_2.18, 6;
    %jmp T_2.19;
T_2.11 ;
    %load/vec4 v00000259ec879ee0_0;
    %assign/vec4 v00000259ec8799e0_0, 0;
    %jmp T_2.19;
T_2.12 ;
    %load/vec4 v00000259ec879ee0_0;
    %assign/vec4 v00000259ec87a520_0, 0;
    %jmp T_2.19;
T_2.13 ;
    %load/vec4 v00000259ec879ee0_0;
    %assign/vec4 v00000259ec87a200_0, 0;
    %jmp T_2.19;
T_2.14 ;
    %load/vec4 v00000259ec879ee0_0;
    %assign/vec4 v00000259ec87a660_0, 0;
    %jmp T_2.19;
T_2.15 ;
    %load/vec4 v00000259ec879ee0_0;
    %assign/vec4 v00000259ec87a7a0_0, 0;
    %jmp T_2.19;
T_2.16 ;
    %load/vec4 v00000259ec879ee0_0;
    %assign/vec4 v00000259ec879e40_0, 0;
    %jmp T_2.19;
T_2.17 ;
    %load/vec4 v00000259ec879ee0_0;
    %assign/vec4 v00000259ec87a2a0_0, 0;
    %jmp T_2.19;
T_2.18 ;
    %load/vec4 v00000259ec879ee0_0;
    %assign/vec4 v00000259ec87a3e0_0, 0;
    %jmp T_2.19;
T_2.19 ;
    %pop/vec4 1;
T_2.1 ;
    %jmp T_2;
    .thread T_2;
    .scope S_00000259ec6ecb60;
T_3 ;
    %pushi/vec4 0, 0, 9;
    %store/vec4 v00000259ec8793a0_0, 0, 9;
    %pushi/vec4 0, 15, 4;
    %store/vec4 v00000259ec87b810_0, 0, 4;
    %pushi/vec4 0, 15, 4;
    %store/vec4 v00000259ec87b590_0, 0, 4;
    %pushi/vec4 0, 15, 4;
    %store/vec4 v00000259ec87cc10_0, 0, 4;
    %pushi/vec4 0, 15, 4;
    %store/vec4 v00000259ec87c8f0_0, 0, 4;
    %pushi/vec4 0, 65535, 16;
    %store/vec4 v00000259ec87be50_0, 0, 16;
    %pushi/vec4 0, 15, 4;
    %store/vec4 v00000259ec87ade0_0, 0, 4;
    %pushi/vec4 0, 15, 4;
    %store/vec4 v00000259ec87a5c0_0, 0, 4;
    %pushi/vec4 0, 15, 4;
    %store/vec4 v00000259ec87a840_0, 0, 4;
    %pushi/vec4 0, 15, 4;
    %store/vec4 v00000259ec879440_0, 0, 4;
    %pushi/vec4 0, 4294967295, 32;
    %store/vec4 v00000259ec87a8e0_0, 0, 32;
    %pushi/vec4 0, 4294967295, 32;
    %store/vec4 v00000259ec879260_0, 0, 32;
    %pushi/vec4 0, 65535, 16;
    %store/vec4 v00000259ec87a980_0, 0, 16;
    %pushi/vec4 0, 15, 4;
    %store/vec4 v00000259ec879f80_0, 0, 4;
    %pushi/vec4 0, 4294967295, 32;
    %store/vec4 v00000259ec879da0_0, 0, 32;
    %pushi/vec4 0, 15, 4;
    %store/vec4 v00000259ec879620_0, 0, 4;
    %pushi/vec4 0, 4294967295, 32;
    %store/vec4 v00000259ec87aa20_0, 0, 32;
    %pushi/vec4 0, 15, 4;
    %store/vec4 v00000259ec87b950_0, 0, 4;
    %pushi/vec4 0, 4294967295, 32;
    %store/vec4 v00000259ec87b310_0, 0, 32;
    %pushi/vec4 0, 15, 4;
    %store/vec4 v00000259ec87b270_0, 0, 4;
    %pushi/vec4 0, 4294967295, 32;
    %store/vec4 v00000259ec87bd10_0, 0, 32;
    %end;
    .thread T_3;
    .scope S_00000259ec6ecb60;
T_4 ;
    %wait E_00000259ec735d00;
    %load/vec4 v00000259ec87c170_0;
    %flag_set/vec4 8;
    %jmp/0xz  T_4.0, 8;
    %load/vec4 v00000259ec8793a0_0;
    %addi 1, 0, 9;
    %assign/vec4 v00000259ec8793a0_0, 0;
T_4.0 ;
    %jmp T_4;
    .thread T_4;
    .scope S_00000259ec6ecb60;
T_5 ;
    %wait E_00000259ec735d00;
    %load/vec4 v00000259ec87c170_0;
    %flag_set/vec4 8;
    %jmp/0xz  T_5.0, 8;
    %load/vec4 v00000259ec87ac00_0;
    %parti/s 4, 28, 6;
    %assign/vec4 v00000259ec87b810_0, 0;
    %load/vec4 v00000259ec87ac00_0;
    %parti/s 4, 24, 6;
    %assign/vec4 v00000259ec87b590_0, 0;
    %load/vec4 v00000259ec87ac00_0;
    %parti/s 4, 20, 6;
    %assign/vec4 v00000259ec87cc10_0, 0;
    %load/vec4 v00000259ec87ac00_0;
    %parti/s 4, 16, 6;
    %assign/vec4 v00000259ec87c8f0_0, 0;
    %load/vec4 v00000259ec87ac00_0;
    %parti/s 16, 0, 2;
    %assign/vec4 v00000259ec87be50_0, 0;
    %load/vec4 v00000259ec87b810_0;
    %assign/vec4 v00000259ec87ade0_0, 0;
    %load/vec4 v00000259ec87b590_0;
    %assign/vec4 v00000259ec87a5c0_0, 0;
    %load/vec4 v00000259ec87cc10_0;
    %assign/vec4 v00000259ec87a840_0, 0;
    %load/vec4 v00000259ec87c8f0_0;
    %assign/vec4 v00000259ec879440_0, 0;
    %load/vec4 v00000259ec87be50_0;
    %assign/vec4 v00000259ec87a980_0, 0;
    %load/vec4 v00000259ec87cdf0_0;
    %assign/vec4 v00000259ec87a8e0_0, 0;
    %load/vec4 v00000259ec87b090_0;
    %assign/vec4 v00000259ec879260_0, 0;
T_5.0 ;
    %jmp T_5;
    .thread T_5;
    .scope S_00000259ec6ecb60;
T_6 ;
    %pushi/vec4 1, 0, 1;
    %assign/vec4 v00000259ec87c3f0_0, 0;
    %delay 2000, 0;
    %pushi/vec4 0, 0, 1;
    %assign/vec4 v00000259ec87c3f0_0, 0;
    %end;
    .thread T_6;
    .scope S_00000259ec6ecb60;
T_7 ;
    %wait E_00000259ec735d00;
    %load/vec4 v00000259ec87ade0_0;
    %load/vec4 v00000259ec87a5c0_0;
    %concat/vec4; draw_concat_vec4
    %cmpi/e 16, 0, 8;
    %jmp/0xz  T_7.0, 4;
    %load/vec4 v00000259ec879440_0;
    %assign/vec4 v00000259ec879f80_0, 0;
    %load/vec4 v00000259ec87a980_0;
    %pad/u 32;
    %assign/vec4 v00000259ec879da0_0, 0;
T_7.0 ;
    %load/vec4 v00000259ec87a840_0;
    %assign/vec4 v00000259ec879620_0, 0;
    %load/vec4 v00000259ec87bc70_0;
    %assign/vec4 v00000259ec87aa20_0, 0;
    %jmp T_7;
    .thread T_7;
    .scope S_00000259ec6ecb60;
T_8 ;
    %wait E_00000259ec735d00;
    %load/vec4 v00000259ec879f80_0;
    %assign/vec4 v00000259ec87b950_0, 0;
    %load/vec4 v00000259ec879da0_0;
    %assign/vec4 v00000259ec87b310_0, 0;
    %load/vec4 v00000259ec879620_0;
    %assign/vec4 v00000259ec87b270_0, 0;
    %load/vec4 v00000259ec87aa20_0;
    %assign/vec4 v00000259ec87bd10_0, 0;
    %jmp T_8;
    .thread T_8;
    .scope S_00000259ec73e750;
T_9 ;
    %pushi/vec4 0, 0, 1;
    %assign/vec4 v00000259ec87e9a0_0, 0;
    %pushi/vec4 0, 0, 9;
    %assign/vec4 v00000259ec87d3c0_0, 0;
    %pushi/vec4 0, 0, 1;
    %assign/vec4 v00000259ec87eb80_0, 0;
    %pushi/vec4 0, 0, 32;
    %assign/vec4 v00000259ec87e360_0, 0;
    %pushi/vec4 0, 0, 1;
    %assign/vec4 v00000259ec87d500_0, 0;
    %delay 2000, 0;
    %pushi/vec4 0, 0, 9;
    %assign/vec4 v00000259ec87d3c0_0, 0;
    %pushi/vec4 1, 0, 1;
    %assign/vec4 v00000259ec87eb80_0, 0;
    %pushi/vec4 284164224, 0, 32;
    %assign/vec4 v00000259ec87e360_0, 0;
    %delay 2000, 0;
    %pushi/vec4 1, 0, 9;
    %assign/vec4 v00000259ec87d3c0_0, 0;
    %pushi/vec4 1, 0, 1;
    %assign/vec4 v00000259ec87eb80_0, 0;
    %pushi/vec4 284229761, 0, 32;
    %assign/vec4 v00000259ec87e360_0, 0;
    %delay 2000, 0;
    %pushi/vec4 2, 0, 9;
    %assign/vec4 v00000259ec87d3c0_0, 0;
    %pushi/vec4 1, 0, 1;
    %assign/vec4 v00000259ec87eb80_0, 0;
    %pushi/vec4 284295298, 0, 32;
    %assign/vec4 v00000259ec87e360_0, 0;
    %delay 2000, 0;
    %pushi/vec4 3, 0, 9;
    %assign/vec4 v00000259ec87d3c0_0, 0;
    %pushi/vec4 1, 0, 1;
    %assign/vec4 v00000259ec87eb80_0, 0;
    %pushi/vec4 284360835, 0, 32;
    %assign/vec4 v00000259ec87e360_0, 0;
    %delay 2000, 0;
    %pushi/vec4 4, 0, 9;
    %assign/vec4 v00000259ec87d3c0_0, 0;
    %pushi/vec4 1, 0, 1;
    %assign/vec4 v00000259ec87eb80_0, 0;
    %pushi/vec4 284426372, 0, 32;
    %assign/vec4 v00000259ec87e360_0, 0;
    %delay 2000, 0;
    %pushi/vec4 5, 0, 9;
    %assign/vec4 v00000259ec87d3c0_0, 0;
    %pushi/vec4 1, 0, 1;
    %assign/vec4 v00000259ec87eb80_0, 0;
    %pushi/vec4 284491909, 0, 32;
    %assign/vec4 v00000259ec87e360_0, 0;
    %delay 2000, 0;
    %pushi/vec4 6, 0, 9;
    %assign/vec4 v00000259ec87d3c0_0, 0;
    %pushi/vec4 1, 0, 1;
    %assign/vec4 v00000259ec87eb80_0, 0;
    %pushi/vec4 284557446, 0, 32;
    %assign/vec4 v00000259ec87e360_0, 0;
    %delay 2000, 0;
    %pushi/vec4 7, 0, 9;
    %assign/vec4 v00000259ec87d3c0_0, 0;
    %pushi/vec4 1, 0, 1;
    %assign/vec4 v00000259ec87eb80_0, 0;
    %pushi/vec4 284622983, 0, 32;
    %assign/vec4 v00000259ec87e360_0, 0;
    %delay 2000, 0;
    %pushi/vec4 8, 0, 9;
    %assign/vec4 v00000259ec87d3c0_0, 0;
    %pushi/vec4 1, 0, 1;
    %assign/vec4 v00000259ec87eb80_0, 0;
    %pushi/vec4 536936448, 0, 32;
    %assign/vec4 v00000259ec87e360_0, 0;
    %delay 2000, 0;
    %pushi/vec4 9, 0, 9;
    %assign/vec4 v00000259ec87d3c0_0, 0;
    %pushi/vec4 1, 0, 1;
    %assign/vec4 v00000259ec87eb80_0, 0;
    %pushi/vec4 555941888, 0, 32;
    %assign/vec4 v00000259ec87e360_0, 0;
    %delay 2000, 0;
    %pushi/vec4 10, 0, 9;
    %assign/vec4 v00000259ec87d3c0_0, 0;
    %pushi/vec4 1, 0, 1;
    %assign/vec4 v00000259ec87eb80_0, 0;
    %pushi/vec4 574947328, 0, 32;
    %assign/vec4 v00000259ec87e360_0, 0;
    %delay 2000, 0;
    %pushi/vec4 11, 0, 9;
    %assign/vec4 v00000259ec87d3c0_0, 0;
    %pushi/vec4 1, 0, 1;
    %assign/vec4 v00000259ec87eb80_0, 0;
    %pushi/vec4 593952768, 0, 32;
    %assign/vec4 v00000259ec87e360_0, 0;
    %delay 2000, 0;
    %pushi/vec4 0, 0, 9;
    %assign/vec4 v00000259ec87d3c0_0, 0;
    %pushi/vec4 0, 0, 1;
    %assign/vec4 v00000259ec87eb80_0, 0;
    %pushi/vec4 0, 0, 32;
    %assign/vec4 v00000259ec87e360_0, 0;
    %delay 1000, 0;
    %pushi/vec4 1, 0, 1;
    %assign/vec4 v00000259ec87d500_0, 0;
    %delay 50000, 0;
    %vpi_call 2 219 "$stop" {0 0 0};
    %end;
    .thread T_9;
    .scope S_00000259ec73e750;
T_10 ;
    %delay 1000, 0;
    %load/vec4 v00000259ec87e9a0_0;
    %inv;
    %store/vec4 v00000259ec87e9a0_0, 0, 1;
    %jmp T_10;
    .thread T_10;
    .scope S_00000259ec73e750;
T_11 ;
    %vpi_call 2 223 "$dumpfile", "tb/pro_tb4.vcd" {0 0 0};
    %vpi_call 2 224 "$dumpvars" {0 0 0};
    %end;
    .thread T_11;
# The file index is used to find the file name in the following table.
:file_names 6;
    "N/A";
    "<interactive>";
    ".\processor.v";
    ".\alu.v";
    ".\ram.v";
    ".\regfile.v";
